     *** ECHO OF THE INPUT DATA STARTS ***

Example 5.2.1: Nonlinear analysis of a hinged-hinged beam problem               
  2   0   4                        MODEL,IEL,NEM                                
  0.0  50.0                        X0,AL                                        
  1  1  30.0E06  0.3               B,H,E,GNIU                                   
                                                                                
  0.0  0.0  0.0                    FX0,FX1,FX2                                  
  6.0  0.0  0.0                    QX0,QX1,QX2                                  
  3   0   0                        NSPV,NSSV,NSMB                               
  1   2   0.0                       ISPV(1,1),ISPV(1,2),VSPV(1)                 
  5   1   0.0                       ISPV(2,1),ISPV(2,2),VSPV(2)                 
  5   3   0.0                       ISPV(3,1),ISPV(3,2),VSPV(3)                 
                                                                                
  1   0                            NONLIN,NPRNT                                 
  10   50  1.0E-03  0.0             NLS, ITMAX, EPS, GAMA                       
  2   2                            NGP, LGP                                     
  0.1 0.1 0.1 0.1 0.1                                                           
  0.1 0.1 0.1 0.1 0.1              DP(I)                                        
                                                                                
  0.0 0.0 0.0 0.0 0.0 0.0 0.0 0.0                                               
  0.0 0.0 0.0 0.0 0.0 0.0 0.0      GP1(I)                                       

     **** ECHO OF THE INPUT DATA ENDS ****

________________________________________________________________________________
        Output from computer program  FEM1DBEAM              by J. N. Reddy
________________________________________________________________________________


Example 5.2.1: Nonlinear analysis of a hinged-hinged beam problem               

    *** ANALYSIS OF MODEL  2 PROBLEM ***
               (see the code below)

    MODEL=1: A problem described by MODEL EQ. 1
    MODEL=2: A Euler-Bernoulli BEAM problem
    MODEL=3: A Timoshenko BEAM problem


   P R O B L E M   D A T A:

     Coordinate of node 1 ....................... =   0.0000E+00
     Length of the beam ......................... =   0.5000E+02
     Width of cross-section for the beam, B ..... =   0.1000E+01
     Height of cross-section for the beam, H .... =   0.1000E+01
     Elastic modulus of the beam material, E .... =   0.3000E+08
     Axial stiffness for the beam, EA ........... =   0.3000E+08
     Bending stiffness for the beam, EI ......... =   0.2500E+07
     Coefficient of 1 in QX, QX0 ................ =   0.6000E+01
     Coefficient of x in QX, QX1 ................ =   0.0000E+00
     Coefficient of x*x in QX, QX2 .............. =   0.0000E+00
     Coefficient of 1 in FX, FX0 ................ =   0.0000E+00
     Coefficient of x in FX, FX1 ................ =   0.0000E+00
     Coefficient of x*x in FX, FX2 .............. =   0.0000E+00


   M E S H   D A T A:

     Number of elements in the mesh, NEM......... =    4
     Type of element(0:hermite;1:linear;2:quadratic;) .. =    0
     Number of nodes in the mesh, NNM ........... =    5
     Number of deg. of freedom per node, NDF..... =    3
     Number of total DOF in the model, NEQ....... =   15
     GLOBAL COORDINATES OF THE GLOBAL NODES ..... =

        0.0000E+00   0.1250E+02   0.2500E+02   0.3750E+02   0.5000E+02

          CONNECTIVITY MATRIX:

              1    2
              2    3
              3    4
              4    5

   B O U N D A R Y   D A T A:

     Number of specified PRIMARY variables ...... =    3
     Specified PRIMARY degrees of freedom ....... :

              1    2   0.0000E+00
              5    1   0.0000E+00
              5    3   0.0000E+00

     *** NONLINEAR Analysis with DIRECT ITERATION ***


   NONLINEAR  A N A L Y S I S   D A T A:

     Number of load steps used, NLS ............. =   10
     Maximum allowable number of iterations ..... =   50
     Allowable convergence tolerance (EPS) ...... =   0.1000E-02
     Acceleration parameter:GAMA*GP2+(1-GAMA)*GP1 =   0.0000E+00

   INITIAL (GUESS) VECTOR:

     0.00000E+00  0.00000E+00  0.00000E+00  0.00000E+00  0.00000E+00  0.00000E+00  0.00000E+00  0.00000E+00  0.00000E+00  0.00000E+00  0.00000E+00  0.00000E+00  0.00000E+00  0.00000E+00  0.00000E+00

     First iteration solution at source value ... =  0.1000E+00

         0.00000E+00    0.00000E+00   -0.10000E-01    0.00000E+00
         0.12134E+00   -0.91406E-02    0.00000E+00    0.22266E+00
        -0.68750E-02    0.00000E+00    0.28931E+00   -0.36719E-02
         0.00000E+00    0.31250E+00    0.00000E+00

     Iteration Number =  1     Error=  0.1000E+01

         0.00000E+00    0.00000E+00   -0.10000E-01    0.00000E+00
         0.12134E+00   -0.91406E-02    0.00000E+00    0.22266E+00
        -0.68750E-02    0.00000E+00    0.28931E+00   -0.36719E-02
         0.00000E+00    0.31250E+00    0.00000E+00

     Iteration Number =  2     Error=  0.8111E-02

         0.12049E-02    0.00000E+00   -0.99137E-02    0.62047E-03
         0.12034E+00   -0.90674E-02    0.21025E-03    0.22091E+00
        -0.68291E-02    0.28382E-04    0.28714E+00   -0.36519E-02
         0.00000E+00    0.31020E+00    0.00000E+00


   STEP NUMBER =  1   SOURCE VALUE =  0.1000E+00

     Number of iterations taken for convergence.. =  3
     The Euclidean norm of the solution error ... =  0.1315E-03
     The CONVERGED solution is:

         0.11959E-02    0.00000E+00   -0.99152E-02    0.61618E-03
         0.12036E+00   -0.90687E-02    0.20896E-03    0.22094E+00
        -0.68299E-02    0.28228E-04    0.28717E+00   -0.36523E-02
         0.00000E+00    0.31024E+00    0.00000E+00

     Iteration Number =  1     Error=  0.5000E+00

         0.23921E-02    0.00000E+00   -0.19830E-01    0.12325E-02
         0.24071E+00   -0.18137E-01    0.41797E-03    0.44187E+00
        -0.13660E-01    0.56461E-04    0.57435E+00   -0.73045E-02
         0.00000E+00    0.62048E+00    0.00000E+00

     Iteration Number =  2     Error=  0.2237E-01

         0.46795E-02    0.00000E+00   -0.19339E-01    0.24151E-02
         0.23503E+00   -0.17720E-01    0.82092E-03    0.43190E+00
        -0.13397E-01    0.11113E-03    0.56197E+00   -0.71905E-02
         0.00000E+00    0.60737E+00    0.00000E+00

     Iteration Number =  3     Error=  0.1418E-02

         0.45837E-02    0.00000E+00   -0.19372E-01    0.23693E-02
         0.23540E+00   -0.17746E-01    0.80709E-03    0.43254E+00
        -0.13414E-01    0.10948E-03    0.56276E+00   -0.71977E-02
         0.00000E+00    0.60820E+00    0.00000E+00


   STEP NUMBER =  2   SOURCE VALUE =  0.2000E+00

     Number of iterations taken for convergence.. =  4
     The Euclidean norm of the solution error ... =  0.9060E-04
     The CONVERGED solution is:

         0.45898E-02    0.00000E+00   -0.19369E-01    0.23722E-02
         0.23537E+00   -0.17745E-01    0.80795E-03    0.43250E+00
        -0.13413E-01    0.10958E-03    0.56271E+00   -0.71973E-02
         0.00000E+00    0.60815E+00    0.00000E+00

     Iteration Number =  1     Error=  0.3333E+00

         0.68841E-02    0.00000E+00   -0.29054E-01    0.35580E-02
         0.35306E+00   -0.26617E-01    0.12118E-02    0.64875E+00
        -0.20119E-01    0.16436E-03    0.84407E+00   -0.10796E-01
         0.00000E+00    0.91223E+00    0.00000E+00

     Iteration Number =  2     Error=  0.3443E-01

         0.99811E-02    0.00000E+00   -0.27957E-01    0.51718E-02
         0.34033E+00   -0.25680E-01    0.17678E-02    0.62638E+00
        -0.19527E-01    0.24056E-03    0.81627E+00   -0.10539E-01
         0.00000E+00    0.88277E+00    0.00000E+00

     Iteration Number =  3     Error=  0.4419E-02

         0.96907E-02    0.00000E+00   -0.28102E-01    0.50322E-02
         0.34200E+00   -0.25801E-01    0.17253E-02    0.62928E+00
        -0.19601E-01    0.23546E-03    0.81985E+00   -0.10572E-01
         0.00000E+00    0.88656E+00    0.00000E+00


   STEP NUMBER =  3   SOURCE VALUE =  0.3000E+00

     Number of iterations taken for convergence.. =  4
     The Euclidean norm of the solution error ... =  0.5699E-03
     The CONVERGED solution is:

         0.97283E-02    0.00000E+00   -0.28083E-01    0.50500E-02
         0.34178E+00   -0.25785E-01    0.17306E-02    0.62891E+00
        -0.19591E-01    0.23611E-03    0.81939E+00   -0.10567E-01
         0.00000E+00    0.88607E+00    0.00000E+00

     Iteration Number =  1     Error=  0.2501E+00

         0.12965E-01    0.00000E+00   -0.37448E-01    0.67303E-02
         0.45575E+00   -0.34383E-01    0.23066E-02    0.83861E+00
        -0.26123E-01    0.31471E-03    0.10926E+01   -0.14091E-01
         0.00000E+00    0.11815E+01    0.00000E+00

     Iteration Number =  2     Error=  0.4326E-01

         0.16567E-01    0.00000E+00   -0.35687E-01    0.86272E-02
         0.43528E+00   -0.32871E-01    0.29698E-02    0.80253E+00
        -0.25159E-01    0.40692E-03    0.10477E+01   -0.13672E-01
         0.00000E+00    0.11339E+01    0.00000E+00

     Iteration Number =  3     Error=  0.8659E-02

         0.16016E-01    0.00000E+00   -0.36051E-01    0.83602E-02
         0.43946E+00   -0.33177E-01    0.28878E-02    0.80984E+00
        -0.25349E-01    0.39705E-03    0.10568E+01   -0.13756E-01
         0.00000E+00    0.11435E+01    0.00000E+00

     Iteration Number =  4     Error=  0.1751E-02

         0.16128E-01    0.00000E+00   -0.35977E-01    0.84138E-02
         0.43861E+00   -0.33115E-01    0.29040E-02    0.80837E+00
        -0.25311E-01    0.39903E-03    0.10549E+01   -0.13739E-01
         0.00000E+00    0.11416E+01    0.00000E+00


   STEP NUMBER =  4   SOURCE VALUE =  0.4000E+00

     Number of iterations taken for convergence.. =  5
     The Euclidean norm of the solution error ... =  0.3558E-03
     The CONVERGED solution is:

         0.16106E-01    0.00000E+00   -0.35992E-01    0.84031E-02
         0.43879E+00   -0.33128E-01    0.29008E-02    0.80867E+00
        -0.25319E-01    0.39863E-03    0.10553E+01   -0.13743E-01
         0.00000E+00    0.11420E+01    0.00000E+00

     Iteration Number =  1     Error=  0.1999E+00

         0.20138E-01    0.00000E+00   -0.44986E-01    0.10507E-01
         0.54844E+00   -0.41407E-01    0.36268E-02    0.10108E+01
        -0.31646E-01    0.49839E-03    0.13190E+01   -0.17178E-01
         0.00000E+00    0.14273E+01    0.00000E+00

     Iteration Number =  2     Error=  0.4905E-01

         0.23987E-01    0.00000E+00   -0.42606E-01    0.12558E-01
         0.52069E+00   -0.39350E-01    0.43568E-02    0.96171E+00
        -0.30322E-01    0.60167E-03    0.12579E+01   -0.16603E-01
         0.00000E+00    0.13624E+01    0.00000E+00

     Iteration Number =  3     Error=  0.1332E-01

         0.23170E-01    0.00000E+00   -0.43276E-01    0.12159E-01
         0.52843E+00   -0.39917E-01    0.42328E-02    0.97526E+00
        -0.30677E-01    0.58668E-03    0.12747E+01   -0.16760E-01
         0.00000E+00    0.13803E+01    0.00000E+00

     Iteration Number =  4     Error=  0.3689E-02

         0.23398E-01    0.00000E+00   -0.43089E-01    0.12269E-01
         0.52628E+00   -0.39761E-01    0.42664E-02    0.97152E+00
        -0.30580E-01    0.59077E-03    0.12700E+01   -0.16717E-01
         0.00000E+00    0.13754E+01    0.00000E+00

     Iteration Number =  5     Error=  0.1024E-02

         0.23336E-01    0.00000E+00   -0.43141E-01    0.12239E-01
         0.52688E+00   -0.39804E-01    0.42573E-02    0.97256E+00
        -0.30607E-01    0.58966E-03    0.12713E+01   -0.16729E-01
         0.00000E+00    0.13767E+01    0.00000E+00


   STEP NUMBER =  5   SOURCE VALUE =  0.5000E+00

     Number of iterations taken for convergence.. =  6
     The Euclidean norm of the solution error ... =  0.2848E-03
     The CONVERGED solution is:

         0.23353E-01    0.00000E+00   -0.43127E-01    0.12247E-01
         0.52671E+00   -0.39792E-01    0.42598E-02    0.97227E+00
        -0.30599E-01    0.58996E-03    0.12710E+01   -0.16726E-01
         0.00000E+00    0.13763E+01    0.00000E+00

     Iteration Number =  1     Error=  0.1667E+00

         0.28018E-01    0.00000E+00   -0.51757E-01    0.14694E-01
         0.63211E+00   -0.47755E-01    0.51109E-02    0.11668E+01
        -0.36722E-01    0.70785E-03    0.15253E+01   -0.20072E-01
         0.00000E+00    0.16517E+01    0.00000E+00

     Iteration Number =  2     Error=  0.5257E-01

         0.31936E-01    0.00000E+00   -0.48837E-01    0.16809E-01
         0.59798E+00   -0.45218E-01    0.58776E-02    0.11063E+01
        -0.35072E-01    0.81844E-03    0.14497E+01   -0.19356E-01
         0.00000E+00    0.15715E+01    0.00000E+00

     Iteration Number =  3     Error=  0.1784E-01

         0.30887E-01    0.00000E+00   -0.49868E-01    0.16291E-01
         0.60992E+00   -0.46096E-01    0.57152E-02    0.11273E+01
        -0.35626E-01    0.79870E-03    0.14758E+01   -0.19602E-01
         0.00000E+00    0.15991E+01    0.00000E+00

     Iteration Number =  4     Error=  0.6233E-02

         0.31255E-01    0.00000E+00   -0.49506E-01    0.16470E-01
         0.60575E+00   -0.45791E-01    0.57704E-02    0.11200E+01
        -0.35435E-01    0.80543E-03    0.14667E+01   -0.19517E-01
         0.00000E+00    0.15895E+01    0.00000E+00

     Iteration Number =  5     Error=  0.2174E-02

         0.31129E-01    0.00000E+00   -0.49633E-01    0.16409E-01
         0.60721E+00   -0.45898E-01    0.57516E-02    0.11226E+01
        -0.35502E-01    0.80314E-03    0.14699E+01   -0.19547E-01
         0.00000E+00    0.15929E+01    0.00000E+00


   STEP NUMBER =  6   SOURCE VALUE =  0.6000E+00

     Number of iterations taken for convergence.. =  6
     The Euclidean norm of the solution error ... =  0.7612E-03
     The CONVERGED solution is:

         0.31173E-01    0.00000E+00   -0.49589E-01    0.16430E-01
         0.60670E+00   -0.45861E-01    0.57582E-02    0.11217E+01
        -0.35479E-01    0.80394E-03    0.14688E+01   -0.19536E-01
         0.00000E+00    0.15917E+01    0.00000E+00

     Iteration Number =  1     Error=  0.1431E+00

         0.36351E-01    0.00000E+00   -0.57872E-01    0.19160E-01
         0.70803E+00   -0.53519E-01    0.67152E-02    0.13090E+01
        -0.41401E-01    0.93760E-03    0.17140E+01   -0.22797E-01
         0.00000E+00    0.18575E+01    0.00000E+00

     Iteration Number =  2     Error=  0.5447E-01

         0.40217E-01    0.00000E+00   -0.54501E-01    0.21275E-01
         0.66853E+00   -0.50576E-01    0.74970E-02    0.12388E+01
        -0.39468E-01    0.10527E-02    0.16261E+01   -0.21957E-01
         0.00000E+00    0.17641E+01    0.00000E+00

     Iteration Number =  3     Error=  0.2191E-01

         0.38988E-01    0.00000E+00   -0.55916E-01    0.20663E-01
         0.68498E+00   -0.51789E-01    0.73029E-02    0.12678E+01
        -0.40240E-01    0.10289E-02    0.16622E+01   -0.22299E-01
         0.00000E+00    0.18024E+01    0.00000E+00

     Iteration Number =  4     Error=  0.9155E-02

         0.39503E-01    0.00000E+00   -0.55324E-01    0.20914E-01
         0.67813E+00   -0.51286E-01    0.73811E-02    0.12557E+01
        -0.39924E-01    0.10385E-02    0.16472E+01   -0.22158E-01
         0.00000E+00    0.17865E+01    0.00000E+00

     Iteration Number =  5     Error=  0.3801E-02

         0.39293E-01    0.00000E+00   -0.55572E-01    0.20812E-01
         0.68099E+00   -0.51496E-01    0.73496E-02    0.12607E+01
        -0.40055E-01    0.10346E-02    0.16535E+01   -0.22217E-01
         0.00000E+00    0.17931E+01    0.00000E+00

     Iteration Number =  6     Error=  0.1588E-02

         0.39381E-01    0.00000E+00   -0.55468E-01    0.20855E-01
         0.67980E+00   -0.51408E-01    0.73627E-02    0.12587E+01
        -0.40000E-01    0.10363E-02    0.16509E+01   -0.22193E-01
         0.00000E+00    0.17904E+01    0.00000E+00


   STEP NUMBER =  7   SOURCE VALUE =  0.7000E+00

     Number of iterations taken for convergence.. =  7
     The Euclidean norm of the solution error ... =  0.6624E-03
     The CONVERGED solution is:

         0.39344E-01    0.00000E+00   -0.55512E-01    0.20837E-01
         0.68029E+00   -0.51445E-01    0.73573E-02    0.12595E+01
        -0.40023E-01    0.10356E-02    0.16520E+01   -0.22203E-01
         0.00000E+00    0.17915E+01    0.00000E+00

     Iteration Number =  1     Error=  0.1248E+00

         0.44982E-01    0.00000E+00   -0.63421E-01    0.23822E-01
         0.77724E+00   -0.58777E-01    0.84109E-02    0.14390E+01
        -0.45730E-01    0.11839E-02    0.18874E+01   -0.25370E-01
         0.00000E+00    0.20469E+01    0.00000E+00

     Iteration Number =  2     Error=  0.5493E-01

         0.48704E-01    0.00000E+00   -0.59704E-01    0.25887E-01
         0.73359E+00   -0.55515E-01    0.91898E-02    0.13613E+01
        -0.43567E-01    0.13011E-02    0.17898E+01   -0.24429E-01
         0.00000E+00    0.19431E+01    0.00000E+00

     Iteration Number =  3     Error=  0.2526E-01

         0.47359E-01    0.00000E+00   -0.61496E-01    0.25210E-01
         0.75446E+00   -0.57058E-01    0.89729E-02    0.13981E+01
        -0.44557E-01    0.12743E-02    0.18358E+01   -0.24868E-01
         0.00000E+00    0.19919E+01    0.00000E+00

     Iteration Number =  4     Error=  0.1217E-01

         0.48005E-01    0.00000E+00   -0.60634E-01    0.25529E-01
         0.74446E+00   -0.56323E-01    0.90728E-02    0.13805E+01
        -0.44091E-01    0.12866E-02    0.18139E+01   -0.24660E-01
         0.00000E+00    0.19687E+01    0.00000E+00

     Iteration Number =  5     Error=  0.5794E-02

         0.47703E-01    0.00000E+00   -0.61048E-01    0.25381E-01
         0.74926E+00   -0.56675E-01    0.90268E-02    0.13889E+01
        -0.44313E-01    0.12809E-02    0.18244E+01   -0.24760E-01
         0.00000E+00    0.19798E+01    0.00000E+00

     Iteration Number =  6     Error=  0.2785E-02

         0.47848E-01    0.00000E+00   -0.60849E-01    0.25452E-01
         0.74696E+00   -0.56506E-01    0.90488E-02    0.13849E+01
        -0.44207E-01    0.12836E-02    0.18194E+01   -0.24712E-01
         0.00000E+00    0.19745E+01    0.00000E+00

     Iteration Number =  7     Error=  0.1334E-02

         0.47779E-01    0.00000E+00   -0.60945E-01    0.25418E-01
         0.74806E+00   -0.56587E-01    0.90383E-02    0.13868E+01
        -0.44258E-01    0.12823E-02    0.18218E+01   -0.24735E-01
         0.00000E+00    0.19771E+01    0.00000E+00


   STEP NUMBER =  8   SOURCE VALUE =  0.8000E+00

     Number of iterations taken for convergence.. =  8
     The Euclidean norm of the solution error ... =  0.6403E-03
     The CONVERGED solution is:

         0.47812E-01    0.00000E+00   -0.60899E-01    0.25434E-01
         0.74753E+00   -0.56548E-01    0.90434E-02    0.13859E+01
        -0.44233E-01    0.12830E-02    0.18206E+01   -0.24724E-01
         0.00000E+00    0.19758E+01    0.00000E+00

     Iteration Number =  1     Error=  0.1114E+00

         0.53770E-01    0.00000E+00   -0.68536E-01    0.28605E-01
         0.84126E+00   -0.63638E-01    0.10171E-01    0.15597E+01
        -0.49776E-01    0.14430E-02    0.20488E+01   -0.27821E-01
         0.00000E+00    0.22235E+01    0.00000E+00

     Iteration Number =  2     Error=  0.5517E-01

         0.57331E-01    0.00000E+00   -0.64508E-01    0.30606E-01
         0.79387E+00   -0.60089E-01    0.10941E-01    0.14750E+01
        -0.47401E-01    0.15614E-02    0.19423E+01   -0.26785E-01
         0.00000E+00    0.21103E+01    0.00000E+00

     Iteration Number =  3     Error=  0.2828E-01

         0.55909E-01    0.00000E+00   -0.66678E-01    0.29885E-01
         0.81920E+00   -0.61967E-01    0.10707E-01    0.15198E+01
        -0.48617E-01    0.15323E-02    0.19984E+01   -0.27325E-01
         0.00000E+00    0.21698E+01    0.00000E+00

     Iteration Number =  4     Error=  0.1531E-01

         0.56673E-01    0.00000E+00   -0.65509E-01    0.30263E-01
         0.80561E+00   -0.60965E-01    0.10827E-01    0.14959E+01
        -0.47976E-01    0.15471E-02    0.19685E+01   -0.27039E-01
         0.00000E+00    0.21381E+01    0.00000E+00

     Iteration Number =  5     Error=  0.8135E-02

         0.56274E-01    0.00000E+00   -0.66138E-01    0.30067E-01
         0.81290E+00   -0.61501E-01    0.10766E-01    0.15087E+01
        -0.48318E-01    0.15394E-02    0.19845E+01   -0.27192E-01
         0.00000E+00    0.21551E+01    0.00000E+00

     Iteration Number =  6     Error=  0.4384E-02

         0.56489E-01    0.00000E+00   -0.65800E-01    0.30172E-01
         0.80899E+00   -0.61214E-01    0.10799E-01    0.15018E+01
        -0.48135E-01    0.15435E-02    0.19760E+01   -0.27110E-01
         0.00000E+00    0.21460E+01    0.00000E+00

     Iteration Number =  7     Error=  0.2348E-02

         0.56374E-01    0.00000E+00   -0.65981E-01    0.30116E-01
         0.81109E+00   -0.61368E-01    0.10781E-01    0.15055E+01
        -0.48233E-01    0.15413E-02    0.19806E+01   -0.27154E-01
         0.00000E+00    0.21508E+01    0.00000E+00

     Iteration Number =  8     Error=  0.1262E-02

         0.56436E-01    0.00000E+00   -0.65884E-01    0.30146E-01
         0.80996E+00   -0.61285E-01    0.10790E-01    0.15036E+01
        -0.48180E-01    0.15425E-02    0.19781E+01   -0.27131E-01
         0.00000E+00    0.21482E+01    0.00000E+00


   STEP NUMBER =  9   SOURCE VALUE =  0.9000E+00

     Number of iterations taken for convergence.. =  9
     The Euclidean norm of the solution error ... =  0.6773E-03
     The CONVERGED solution is:

         0.56403E-01    0.00000E+00   -0.65936E-01    0.30130E-01
         0.81057E+00   -0.61330E-01    0.10785E-01    0.15046E+01
        -0.48209E-01    0.15419E-02    0.19794E+01   -0.27143E-01
         0.00000E+00    0.21496E+01    0.00000E+00

     Iteration Number =  1     Error=  0.9967E-01

         0.62689E-01    0.00000E+00   -0.73231E-01    0.33488E-01
         0.90027E+00   -0.68117E-01    0.11987E-01    0.16712E+01
        -0.53548E-01    0.17136E-02    0.21986E+01   -0.30152E-01
         0.00000E+00    0.23876E+01    0.00000E+00

     Iteration Number =  2     Error=  0.5425E-01

         0.66029E-01    0.00000E+00   -0.69002E-01    0.35392E-01
         0.85043E+00   -0.64377E-01    0.12736E-01    0.15819E+01
        -0.51022E-01    0.18314E-02    0.20861E+01   -0.29048E-01
         0.00000E+00    0.22679E+01    0.00000E+00

     Iteration Number =  3     Error=  0.3044E-01

         0.64592E-01    0.00000E+00   -0.71502E-01    0.34657E-01
         0.87966E+00   -0.66549E-01    0.12494E-01    0.16338E+01
        -0.52441E-01    0.18010E-02    0.21511E+01   -0.29678E-01
         0.00000E+00    0.23370E+01    0.00000E+00

     Iteration Number =  4     Error=  0.1815E-01

         0.65437E-01    0.00000E+00   -0.70023E-01    0.35079E-01
         0.86243E+00   -0.65276E-01    0.12629E-01    0.16033E+01
        -0.51620E-01    0.18178E-02    0.21131E+01   -0.29312E-01
         0.00000E+00    0.22966E+01    0.00000E+00

     Iteration Number =  5     Error=  0.1056E-01

         0.64954E-01    0.00000E+00   -0.70896E-01    0.34840E-01
         0.87258E+00   -0.66024E-01    0.12554E-01    0.16212E+01
        -0.52100E-01    0.18083E-02    0.21354E+01   -0.29527E-01
         0.00000E+00    0.23203E+01    0.00000E+00

     Iteration Number =  6     Error=  0.6256E-02

         0.65240E-01    0.00000E+00   -0.70381E-01    0.34981E-01
         0.86660E+00   -0.65583E-01    0.12598E-01    0.16107E+01
        -0.51818E-01    0.18139E-02    0.21222E+01   -0.29401E-01
         0.00000E+00    0.23063E+01    0.00000E+00

     Iteration Number =  7     Error=  0.3672E-02

         0.65073E-01    0.00000E+00   -0.70684E-01    0.34899E-01
         0.87012E+00   -0.65843E-01    0.12572E-01    0.16169E+01
        -0.51984E-01    0.18107E-02    0.21300E+01   -0.29475E-01
         0.00000E+00    0.23146E+01    0.00000E+00

     Iteration Number =  8     Error=  0.2169E-02

         0.65172E-01    0.00000E+00   -0.70505E-01    0.34947E-01
         0.86804E+00   -0.65690E-01    0.12588E-01    0.16132E+01
        -0.51886E-01    0.18126E-02    0.21254E+01   -0.29431E-01
         0.00000E+00    0.23097E+01    0.00000E+00

     Iteration Number =  9     Error=  0.1277E-02

         0.65113E-01    0.00000E+00   -0.70611E-01    0.34919E-01
         0.86927E+00   -0.65780E-01    0.12579E-01    0.16154E+01
        -0.51944E-01    0.18114E-02    0.21281E+01   -0.29457E-01
         0.00000E+00    0.23126E+01    0.00000E+00


   STEP NUMBER = 10   SOURCE VALUE =  0.1000E+01

     Number of iterations taken for convergence.. = 10
     The Euclidean norm of the solution error ... =  0.7534E-03
     The CONVERGED solution is:

         0.65148E-01    0.00000E+00   -0.70549E-01    0.34935E-01
         0.86855E+00   -0.65727E-01    0.12584E-01    0.16141E+01
        -0.51910E-01    0.18121E-02    0.21265E+01   -0.29442E-01
         0.00000E+00    0.23109E+01    0.00000E+00
