     *** ECHO OF THE INPUT DATA STARTS ***

Example 5.2.1: Nonlinear analysis of a hinged-hinged beam problem               
  2   0   4                        MODEL,IEL,NEM                                
  0.0  50.0                        X0,AL                                        
  1  1  30.0E06  0.3               B,H,E,GNIU                                   
                                                                                
  0.0  0.0  0.0                    FX0,FX1,FX2                                  
  10.0  0.0  0.0                    QX0,QX1,QX2                                 
  3   0   0                        NSPV,NSSV,NSMB                               
  1   2   0.0                       ISPV(1,1),ISPV(1,2),VSPV(1)                 
  5   1   0.0                       ISPV(2,1),ISPV(2,2),VSPV(2)                 
  5   3   0.0                       ISPV(3,1),ISPV(3,2),VSPV(3)                 
                                                                                
  1   0                            NONLIN,NPRNT                                 
  10   50  1.0E-03  0.0             NLS, ITMAX, EPS, GAMA                       
  2   2                            NGP, LGP                                     
  0.1 0.1 0.1 0.1 0.1                                                           
  0.1 0.1 0.1 0.1 0.1              DP(I)                                        
                                                                                
  0.0 0.0 0.0 0.0 0.0 0.0 0.0 0.0                                               
  0.0 0.0 0.0 0.0 0.0 0.0 0.0      GP1(I)                                       

     **** ECHO OF THE INPUT DATA ENDS ****

________________________________________________________________________________
        Output from computer program  FEM1DBEAM              by J. N. Reddy
________________________________________________________________________________


Example 5.2.1: Nonlinear analysis of a hinged-hinged beam problem               

    *** ANALYSIS OF MODEL  2 PROBLEM ***
               (see the code below)

    MODEL=1: A problem described by MODEL EQ. 1
    MODEL=2: A Euler-Bernoulli BEAM problem
    MODEL=3: A Timoshenko BEAM problem


   P R O B L E M   D A T A:

     Coordinate of node 1 ....................... =   0.0000E+00
     Length of the beam ......................... =   0.5000E+02
     Width of cross-section for the beam, B ..... =   0.1000E+01
     Height of cross-section for the beam, H .... =   0.1000E+01
     Elastic modulus of the beam material, E .... =   0.3000E+08
     Axial stiffness for the beam, EA ........... =   0.3000E+08
     Bending stiffness for the beam, EI ......... =   0.2500E+07
     Coefficient of 1 in QX, QX0 ................ =   0.1000E+02
     Coefficient of x in QX, QX1 ................ =   0.0000E+00
     Coefficient of x*x in QX, QX2 .............. =   0.0000E+00
     Coefficient of 1 in FX, FX0 ................ =   0.0000E+00
     Coefficient of x in FX, FX1 ................ =   0.0000E+00
     Coefficient of x*x in FX, FX2 .............. =   0.0000E+00


   M E S H   D A T A:

     Number of elements in the mesh, NEM......... =    4
     Type of element(0:hermite;1:linear;2:quadratic;) .. =    0
     Number of nodes in the mesh, NNM ........... =    5
     Number of deg. of freedom per node, NDF..... =    3
     Number of total DOF in the model, NEQ....... =   15
     GLOBAL COORDINATES OF THE GLOBAL NODES ..... =

        0.0000E+00   0.1250E+02   0.2500E+02   0.3750E+02   0.5000E+02

          CONNECTIVITY MATRIX:

              1    2
              2    3
              3    4
              4    5

   B O U N D A R Y   D A T A:

     Number of specified PRIMARY variables ...... =    3
     Specified PRIMARY degrees of freedom ....... :

              1    2   0.0000E+00
              5    1   0.0000E+00
              5    3   0.0000E+00

     *** NONLINEAR Analysis with DIRECT ITERATION ***


   NONLINEAR  A N A L Y S I S   D A T A:

     Number of load steps used, NLS ............. =   10
     Maximum allowable number of iterations ..... =   50
     Allowable convergence tolerance (EPS) ...... =   0.1000E-02
     Acceleration parameter:GAMA*GP2+(1-GAMA)*GP1 =   0.0000E+00

   INITIAL (GUESS) VECTOR:

     0.00000E+00  0.00000E+00  0.00000E+00  0.00000E+00  0.00000E+00  0.00000E+00  0.00000E+00  0.00000E+00  0.00000E+00  0.00000E+00  0.00000E+00  0.00000E+00  0.00000E+00  0.00000E+00  0.00000E+00

     First iteration solution at source value ... =  0.1000E+00

         0.00000E+00    0.00000E+00   -0.16667E-01    0.00000E+00
         0.20223E+00   -0.15234E-01    0.00000E+00    0.37109E+00
        -0.11458E-01    0.00000E+00    0.48218E+00   -0.61198E-02
         0.00000E+00    0.52083E+00    0.00000E+00

     Iteration Number =  1     Error=  0.1000E+01

         0.00000E+00    0.00000E+00   -0.16667E-01    0.00000E+00
         0.20223E+00   -0.15234E-01    0.00000E+00    0.37109E+00
        -0.11458E-01    0.00000E+00    0.48218E+00   -0.61198E-02
         0.00000E+00    0.52083E+00    0.00000E+00

     Iteration Number =  2     Error=  0.2162E-01

         0.33024E-02    0.00000E+00   -0.16274E-01    0.17023E-02
         0.19768E+00   -0.14901E-01    0.57766E-03    0.36312E+00
        -0.11249E-01    0.78078E-04    0.47229E+00   -0.60288E-02
         0.00000E+00    0.51036E+00    0.00000E+00


   STEP NUMBER =  1   SOURCE VALUE =  0.1000E+00

     Number of iterations taken for convergence.. =  3
     The Euclidean norm of the solution error ... =  0.9666E-03
     The CONVERGED solution is:

         0.32368E-02    0.00000E+00   -0.16292E-01    0.16710E-02
         0.19789E+00   -0.14916E-01    0.56822E-03    0.36349E+00
        -0.11258E-01    0.76951E-04    0.47274E+00   -0.60329E-02
         0.00000E+00    0.51083E+00    0.00000E+00

     Iteration Number =  1     Error=  0.5000E+00

         0.64796E-02    0.00000E+00   -0.32582E-01    0.33448E-02
         0.39576E+00   -0.29830E-01    0.11373E-02    0.72694E+00
        -0.22516E-01    0.15400E-03    0.94543E+00   -0.12065E-01
         0.00000E+00    0.10216E+01    0.00000E+00

     Iteration Number =  2     Error=  0.5886E-01

         0.12235E-01    0.00000E+00   -0.30530E-01    0.63432E-02
         0.37195E+00   -0.28077E-01    0.21698E-02    0.68508E+00
        -0.21407E-01    0.29548E-03    0.89342E+00   -0.11583E-01
         0.00000E+00    0.96649E+00    0.00000E+00

     Iteration Number =  3     Error=  0.8975E-02

         0.11657E-01    0.00000E+00   -0.30853E-01    0.60651E-02
         0.37566E+00   -0.28347E-01    0.20850E-02    0.69155E+00
        -0.21573E-01    0.28529E-03    0.90142E+00   -0.11658E-01
         0.00000E+00    0.97497E+00    0.00000E+00

     Iteration Number =  4     Error=  0.1372E-02

         0.11747E-01    0.00000E+00   -0.30803E-01    0.61078E-02
         0.37510E+00   -0.28306E-01    0.20979E-02    0.69056E+00
        -0.21548E-01    0.28686E-03    0.90020E+00   -0.11646E-01
         0.00000E+00    0.97367E+00    0.00000E+00


   STEP NUMBER =  2   SOURCE VALUE =  0.2000E+00

     Number of iterations taken for convergence.. =  5
     The Euclidean norm of the solution error ... =  0.2109E-03
     The CONVERGED solution is:

         0.11734E-01    0.00000E+00   -0.30811E-01    0.61013E-02
         0.37518E+00   -0.28312E-01    0.20959E-02    0.69071E+00
        -0.21552E-01    0.28662E-03    0.90039E+00   -0.11648E-01
         0.00000E+00    0.97387E+00    0.00000E+00

     Iteration Number =  1     Error=  0.3333E+00

         0.17604E-01    0.00000E+00   -0.46214E-01    0.91535E-02
         0.56275E+00   -0.42467E-01    0.31443E-02    0.10360E+01
        -0.32327E-01    0.42999E-03    0.13505E+01   -0.17472E-01
         0.00000E+00    0.14608E+01    0.00000E+00

     Iteration Number =  2     Error=  0.8201E-01

         0.24392E-01    0.00000E+00   -0.42254E-01    0.12757E-01
         0.51662E+00   -0.39053E-01    0.44184E-02    0.95459E+00
        -0.30136E-01    0.60911E-03    0.12490E+01   -0.16520E-01
         0.00000E+00    0.13531E+01    0.00000E+00

     Iteration Number =  3     Error=  0.2220E-01

         0.23049E-01    0.00000E+00   -0.43373E-01    0.12101E-01
         0.52955E+00   -0.39999E-01    0.42150E-02    0.97722E+00
        -0.30727E-01    0.58451E-03    0.12771E+01   -0.16783E-01
         0.00000E+00    0.13828E+01    0.00000E+00

     Iteration Number =  4     Error=  0.6153E-02

         0.23431E-01    0.00000E+00   -0.43062E-01    0.12284E-01
         0.52597E+00   -0.39738E-01    0.42711E-02    0.97098E+00
        -0.30566E-01    0.59135E-03    0.12694E+01   -0.16711E-01
         0.00000E+00    0.13746E+01    0.00000E+00

     Iteration Number =  5     Error=  0.1708E-02

         0.23327E-01    0.00000E+00   -0.43149E-01    0.12234E-01
         0.52696E+00   -0.39811E-01    0.42560E-02    0.97271E+00
        -0.30611E-01    0.58949E-03    0.12715E+01   -0.16731E-01
         0.00000E+00    0.13769E+01    0.00000E+00


   STEP NUMBER =  3   SOURCE VALUE =  0.3000E+00

     Number of iterations taken for convergence.. =  6
     The Euclidean norm of the solution error ... =  0.4750E-03
     The CONVERGED solution is:

         0.23356E-01    0.00000E+00   -0.43125E-01    0.12248E-01
         0.52669E+00   -0.39790E-01    0.42602E-02    0.97223E+00
        -0.30598E-01    0.59001E-03    0.12709E+01   -0.16725E-01
         0.00000E+00    0.13763E+01    0.00000E+00

     Iteration Number =  1     Error=  0.2501E+00

         0.31130E-01    0.00000E+00   -0.57508E-01    0.16326E-01
         0.70235E+00   -0.53061E-01    0.56787E-02    0.12965E+01
        -0.40802E-01    0.78649E-03    0.16948E+01   -0.22303E-01
         0.00000E+00    0.18353E+01    0.00000E+00

     Iteration Number =  2     Error=  0.9246E-01

         0.37979E-01    0.00000E+00   -0.52023E-01    0.20042E-01
         0.63818E+00   -0.48288E-01    0.70351E-02    0.11826E+01
        -0.37687E-01    0.98355E-03    0.15524E+01   -0.20949E-01
         0.00000E+00    0.16841E+01    0.00000E+00

     Iteration Number =  3     Error=  0.3488E-01

         0.36013E-01    0.00000E+00   -0.54210E-01    0.19066E-01
         0.66356E+00   -0.50157E-01    0.67271E-02    0.12273E+01
        -0.38872E-01    0.94592E-03    0.16080E+01   -0.21475E-01
         0.00000E+00    0.17430E+01    0.00000E+00

     Iteration Number =  4     Error=  0.1386E-01

         0.36809E-01    0.00000E+00   -0.53345E-01    0.19454E-01
         0.65356E+00   -0.49424E-01    0.68474E-02    0.12098E+01
        -0.38412E-01    0.96066E-03    0.15862E+01   -0.21271E-01
         0.00000E+00    0.17199E+01    0.00000E+00

     Iteration Number =  5     Error=  0.5448E-02

         0.36503E-01    0.00000E+00   -0.53688E-01    0.19306E-01
         0.65752E+00   -0.49713E-01    0.68018E-02    0.12167E+01
        -0.38593E-01    0.95503E-03    0.15948E+01   -0.21351E-01
         0.00000E+00    0.17291E+01    0.00000E+00

     Iteration Number =  6     Error=  0.2157E-02

         0.36625E-01    0.00000E+00   -0.53552E-01    0.19365E-01
         0.65595E+00   -0.49599E-01    0.68198E-02    0.12139E+01
        -0.38522E-01    0.95726E-03    0.15914E+01   -0.21319E-01
         0.00000E+00    0.17255E+01    0.00000E+00


   STEP NUMBER =  4   SOURCE VALUE =  0.4000E+00

     Number of iterations taken for convergence.. =  7
     The Euclidean norm of the solution error ... =  0.8527E-03
     The CONVERGED solution is:

         0.36577E-01    0.00000E+00   -0.53606E-01    0.19341E-01
         0.65657E+00   -0.49644E-01    0.68127E-02    0.12150E+01
        -0.38550E-01    0.95639E-03    0.15927E+01   -0.21332E-01
         0.00000E+00    0.17269E+01    0.00000E+00

     Iteration Number =  1     Error=  0.1997E+00

         0.45745E-01    0.00000E+00   -0.66981E-01    0.24188E-01
         0.82041E+00   -0.62033E-01    0.85194E-02    0.15183E+01
        -0.48174E-01    0.11959E-02    0.19902E+01   -0.26659E-01
         0.00000E+00    0.21579E+01    0.00000E+00

     Iteration Number =  2     Error=  0.9517E-01

         0.52168E-01    0.00000E+00   -0.60441E-01    0.27755E-01
         0.74361E+00   -0.56294E-01    0.98670E-02    0.13814E+01
        -0.44365E-01    0.13989E-02    0.18184E+01   -0.25001E-01
         0.00000E+00    0.19752E+01    0.00000E+00

     Iteration Number =  3     Error=  0.4465E-01

         0.49852E-01    0.00000E+00   -0.63718E-01    0.26588E-01
         0.78179E+00   -0.59119E-01    0.94916E-02    0.14488E+01
        -0.46184E-01    0.13525E-02    0.19027E+01   -0.25809E-01
         0.00000E+00    0.20647E+01    0.00000E+00

     Iteration Number =  4     Error=  0.2263E-01

         0.51034E-01    0.00000E+00   -0.62077E-01    0.27171E-01
         0.76276E+00   -0.57718E-01    0.96752E-02    0.14153E+01
        -0.45293E-01    0.13751E-02    0.18609E+01   -0.25412E-01
         0.00000E+00    0.20204E+01    0.00000E+00

     Iteration Number =  5     Error=  0.1115E-01

         0.50465E-01    0.00000E+00   -0.62898E-01    0.26893E-01
         0.77226E+00   -0.58416E-01    0.95881E-02    0.14320E+01
        -0.45735E-01    0.13643E-02    0.18817E+01   -0.25610E-01
         0.00000E+00    0.20425E+01    0.00000E+00

     Iteration Number =  6     Error=  0.5595E-02

         0.50752E-01    0.00000E+00   -0.62487E-01    0.27033E-01
         0.76751E+00   -0.58068E-01    0.96317E-02    0.14237E+01
        -0.45515E-01    0.13697E-02    0.18714E+01   -0.25511E-01
         0.00000E+00    0.20315E+01    0.00000E+00

     Iteration Number =  7     Error=  0.2786E-02

         0.50609E-01    0.00000E+00   -0.62692E-01    0.26963E-01
         0.76988E+00   -0.58242E-01    0.96101E-02    0.14279E+01
        -0.45625E-01    0.13670E-02    0.18765E+01   -0.25560E-01
         0.00000E+00    0.20370E+01    0.00000E+00

     Iteration Number =  8     Error=  0.1393E-02

         0.50681E-01    0.00000E+00   -0.62590E-01    0.26998E-01
         0.76870E+00   -0.58155E-01    0.96209E-02    0.14258E+01
        -0.45570E-01    0.13684E-02    0.18740E+01   -0.25536E-01
         0.00000E+00    0.20342E+01    0.00000E+00


   STEP NUMBER =  5   SOURCE VALUE =  0.5000E+00

     Number of iterations taken for convergence.. =  9
     The Euclidean norm of the solution error ... =  0.6952E-03
     The CONVERGED solution is:

         0.50645E-01    0.00000E+00   -0.62641E-01    0.26981E-01
         0.76929E+00   -0.58198E-01    0.96155E-02    0.14268E+01
        -0.45597E-01    0.13677E-02    0.18752E+01   -0.25548E-01
         0.00000E+00    0.20356E+01    0.00000E+00

     Iteration Number =  1     Error=  0.1664E+00

         0.60795E-01    0.00000E+00   -0.75139E-01    0.32387E-01
         0.92279E+00   -0.69812E-01    0.11542E-01    0.17116E+01
        -0.54701E-01    0.16417E-02    0.22495E+01   -0.30650E-01
         0.00000E+00    0.24419E+01    0.00000E+00

     Iteration Number =  2     Error=  0.9425E-01

         0.66617E-01    0.00000E+00   -0.67886E-01    0.35696E-01
         0.83735E+00   -0.63403E-01    0.12837E-01    0.15586E+01
        -0.50382E-01    0.18442E-02    0.20569E+01   -0.28762E-01
         0.00000E+00    0.22369E+01    0.00000E+00

     Iteration Number =  3     Error=  0.5169E-01

         0.64189E-01    0.00000E+00   -0.72165E-01    0.34455E-01
         0.88739E+00   -0.67121E-01    0.12430E-01    0.16474E+01
        -0.52809E-01    0.17931E-02    0.21681E+01   -0.29843E-01
         0.00000E+00    0.23551E+01    0.00000E+00

     Iteration Number =  4     Error=  0.3122E-01

         0.65646E-01    0.00000E+00   -0.69633E-01    0.35182E-01
         0.85789E+00   -0.64940E-01    0.12662E-01    0.15953E+01
        -0.51404E-01    0.18219E-02    0.21030E+01   -0.29215E-01
         0.00000E+00    0.22860E+01    0.00000E+00

     Iteration Number =  5     Error=  0.1802E-01

         0.64823E-01    0.00000E+00   -0.71127E-01    0.34775E-01
         0.87526E+00   -0.66221E-01    0.12533E-01    0.16260E+01
        -0.52227E-01    0.18058E-02    0.21413E+01   -0.29584E-01
         0.00000E+00    0.23266E+01    0.00000E+00

     Iteration Number =  6     Error=  0.1073E-01

         0.65314E-01    0.00000E+00   -0.70245E-01    0.35017E-01
         0.86502E+00   -0.65467E-01    0.12610E-01    0.16079E+01
        -0.51743E-01    0.18154E-02    0.21188E+01   -0.29367E-01
         0.00000E+00    0.23027E+01    0.00000E+00

     Iteration Number =  7     Error=  0.6281E-02

         0.65028E-01    0.00000E+00   -0.70765E-01    0.34877E-01
         0.87105E+00   -0.65911E-01    0.12565E-01    0.16185E+01
        -0.52028E-01    0.18098E-02    0.21320E+01   -0.29495E-01
         0.00000E+00    0.23167E+01    0.00000E+00

     Iteration Number =  8     Error=  0.3716E-02

         0.65198E-01    0.00000E+00   -0.70458E-01    0.34960E-01
         0.86750E+00   -0.65649E-01    0.12592E-01    0.16123E+01
        -0.51860E-01    0.18131E-02    0.21242E+01   -0.29420E-01
         0.00000E+00    0.23084E+01    0.00000E+00

     Iteration Number =  9     Error=  0.2186E-02

         0.65098E-01    0.00000E+00   -0.70639E-01    0.34911E-01
         0.86959E+00   -0.65804E-01    0.12576E-01    0.16160E+01
        -0.51959E-01    0.18111E-02    0.21288E+01   -0.29464E-01
         0.00000E+00    0.23133E+01    0.00000E+00

     Iteration Number = 10     Error=  0.1290E-02

         0.65157E-01    0.00000E+00   -0.70532E-01    0.34940E-01
         0.86836E+00   -0.65713E-01    0.12585E-01    0.16138E+01
        -0.51901E-01    0.18123E-02    0.21261E+01   -0.29438E-01
         0.00000E+00    0.23105E+01    0.00000E+00


   STEP NUMBER =  6   SOURCE VALUE =  0.6000E+00

     Number of iterations taken for convergence.. = 11
     The Euclidean norm of the solution error ... =  0.7600E-03
     The CONVERGED solution is:

         0.65122E-01    0.00000E+00   -0.70595E-01    0.34923E-01
         0.86909E+00   -0.65766E-01    0.12580E-01    0.16151E+01
        -0.51935E-01    0.18116E-02    0.21277E+01   -0.29453E-01
         0.00000E+00    0.23122E+01    0.00000E+00

     Iteration Number =  1     Error=  0.1425E+00

         0.76000E-01    0.00000E+00   -0.82318E-01    0.40755E-01
         0.10134E+01   -0.76691E-01    0.14680E-01    0.18834E+01
        -0.60568E-01    0.21140E-02    0.24812E+01   -0.34351E-01
         0.00000E+00    0.26963E+01    0.00000E+00

     Iteration Number =  2     Error=  0.9148E-01

         0.81164E-01    0.00000E+00   -0.74602E-01    0.43763E-01
         0.92229E+00   -0.69832E-01    0.15901E-01    0.17196E+01
        -0.55882E-01    0.23123E-02    0.22744E+01   -0.32293E-01
         0.00000E+00    0.24759E+01    0.00000E+00

     Iteration Number =  3     Error=  0.5649E-01

         0.78806E-01    0.00000E+00   -0.79753E-01    0.42539E-01
         0.98270E+00   -0.74337E-01    0.15491E-01    0.18272E+01
        -0.58861E-01    0.22598E-02    0.24095E+01   -0.33622E-01
         0.00000E+00    0.26197E+01    0.00000E+00

     Iteration Number =  4     Error=  0.3896E-01

         0.80399E-01    0.00000E+00   -0.76298E-01    0.43344E-01
         0.94234E+00   -0.71342E-01    0.15752E-01    0.17556E+01
        -0.56908E-01    0.22924E-02    0.23199E+01   -0.32748E-01
         0.00000E+00    0.25244E+01    0.00000E+00

     Iteration Number =  5     Error=  0.2525E-01

         0.79384E-01    0.00000E+00   -0.78604E-01    0.42837E-01
         0.96923E+00   -0.73333E-01    0.15590E-01    0.18033E+01
        -0.58202E-01    0.22720E-02    0.23795E+01   -0.33329E-01
         0.00000E+00    0.25877E+01    0.00000E+00

     Iteration Number =  6     Error=  0.1714E-01

         0.80072E-01    0.00000E+00   -0.77062E-01    0.43179E-01
         0.95126E+00   -0.72005E-01    0.15699E-01    0.17715E+01
        -0.57340E-01    0.22857E-02    0.23397E+01   -0.32942E-01
         0.00000E+00    0.25455E+01    0.00000E+00

     Iteration Number =  7     Error=  0.1130E-01

         0.79621E-01    0.00000E+00   -0.78091E-01    0.42955E-01
         0.96325E+00   -0.72890E-01    0.15628E-01    0.17927E+01
        -0.57915E-01    0.22767E-02    0.23662E+01   -0.33200E-01
         0.00000E+00    0.25737E+01    0.00000E+00

     Iteration Number =  8     Error=  0.7603E-02

         0.79925E-01    0.00000E+00   -0.77404E-01    0.43105E-01
         0.95525E+00   -0.72299E-01    0.15676E-01    0.17785E+01
        -0.57531E-01    0.22828E-02    0.23485E+01   -0.33028E-01
         0.00000E+00    0.25549E+01    0.00000E+00

     Iteration Number =  9     Error=  0.5048E-02

         0.79723E-01    0.00000E+00   -0.77863E-01    0.43006E-01
         0.96059E+00   -0.72694E-01    0.15644E-01    0.17880E+01
        -0.57787E-01    0.22788E-02    0.23604E+01   -0.33142E-01
         0.00000E+00    0.25674E+01    0.00000E+00

     Iteration Number = 10     Error=  0.3382E-02

         0.79858E-01    0.00000E+00   -0.77556E-01    0.43072E-01
         0.95702E+00   -0.72430E-01    0.15665E-01    0.17817E+01
        -0.57616E-01    0.22814E-02    0.23525E+01   -0.33066E-01
         0.00000E+00    0.25590E+01    0.00000E+00

     Iteration Number = 11     Error=  0.2252E-02

         0.79768E-01    0.00000E+00   -0.77761E-01    0.43028E-01
         0.95940E+00   -0.72606E-01    0.15651E-01    0.17859E+01
        -0.57730E-01    0.22797E-02    0.23577E+01   -0.33117E-01
         0.00000E+00    0.25646E+01    0.00000E+00

     Iteration Number = 12     Error=  0.1506E-02

         0.79829E-01    0.00000E+00   -0.77624E-01    0.43058E-01
         0.95781E+00   -0.72489E-01    0.15660E-01    0.17831E+01
        -0.57654E-01    0.22809E-02    0.23542E+01   -0.33083E-01
         0.00000E+00    0.25609E+01    0.00000E+00

     Iteration Number = 13     Error=  0.1004E-02

         0.79788E-01    0.00000E+00   -0.77715E-01    0.43038E-01
         0.95887E+00   -0.72567E-01    0.15654E-01    0.17849E+01
        -0.57705E-01    0.22801E-02    0.23566E+01   -0.33106E-01
         0.00000E+00    0.25634E+01    0.00000E+00


   STEP NUMBER =  7   SOURCE VALUE =  0.7000E+00

     Number of iterations taken for convergence.. = 14
     The Euclidean norm of the solution error ... =  0.6708E-03
     The CONVERGED solution is:

         0.79815E-01    0.00000E+00   -0.77654E-01    0.43051E-01
         0.95816E+00   -0.72515E-01    0.15658E-01    0.17837E+01
        -0.57671E-01    0.22806E-02    0.23550E+01   -0.33090E-01
         0.00000E+00    0.25617E+01    0.00000E+00

     Iteration Number =  1     Error=  0.1254E+00

         0.91197E-01    0.00000E+00   -0.88794E-01    0.49191E-01
         0.10956E+01   -0.82914E-01    0.17892E-01    0.20395E+01
        -0.65936E-01    0.26060E-02    0.26926E+01   -0.37829E-01
         0.00000E+00    0.29289E+01    0.00000E+00

     Iteration Number =  2     Error=  0.8872E-01

         0.95739E-01    0.00000E+00   -0.80716E-01    0.51902E-01
         0.99994E+00   -0.75699E-01    0.19033E-01    0.18671E+01
        -0.60948E-01    0.27982E-02    0.24743E+01   -0.35624E-01
         0.00000E+00    0.26960E+01    0.00000E+00

     Iteration Number =  3     Error=  0.6013E-01

         0.93557E-01    0.00000E+00   -0.86658E-01    0.50752E-01
         0.10698E+01   -0.80924E-01    0.18640E-01    0.19920E+01
        -0.64444E-01    0.27467E-02    0.26315E+01   -0.37188E-01
         0.00000E+00    0.28634E+01    0.00000E+00

     Iteration Number =  4     Error=  0.4603E-01

         0.95169E-01    0.00000E+00   -0.82265E-01    0.51576E-01
         0.10184E+01   -0.77094E-01    0.18911E-01    0.19004E+01
        -0.61917E-01    0.27808E-02    0.25166E+01   -0.36054E-01
         0.00000E+00    0.27411E+01    0.00000E+00

     Iteration Number =  5     Error=  0.3261E-01

         0.94044E-01    0.00000E+00   -0.85494E-01    0.51009E-01
         0.10561E+01   -0.79899E-01    0.18727E-01    0.19675E+01
        -0.63760E-01    0.27575E-02    0.26007E+01   -0.36884E-01
         0.00000E+00    0.28306E+01    0.00000E+00

     Iteration Number =  6     Error=  0.2457E-01

         0.94887E-01    0.00000E+00   -0.83114E-01    0.51431E-01
         0.10283E+01   -0.77836E-01    0.18863E-01    0.19181E+01
        -0.62408E-01    0.27748E-02    0.25388E+01   -0.36275E-01
         0.00000E+00    0.27648E+01    0.00000E+00

     Iteration Number =  7     Error=  0.1772E-01

         0.94280E-01    0.00000E+00   -0.84863E-01    0.51128E-01
         0.10487E+01   -0.79350E-01    0.18765E-01    0.19544E+01
        -0.63400E-01    0.27623E-02    0.25843E+01   -0.36722E-01
         0.00000E+00    0.28131E+01    0.00000E+00

     Iteration Number =  8     Error=  0.1321E-01

         0.94732E-01    0.00000E+00   -0.83575E-01    0.51353E-01
         0.10337E+01   -0.78236E-01    0.18838E-01    0.19277E+01
        -0.62671E-01    0.27716E-02    0.25509E+01   -0.36393E-01
         0.00000E+00    0.27776E+01    0.00000E+00

     Iteration Number =  9     Error=  0.9619E-02

         0.94403E-01    0.00000E+00   -0.84522E-01    0.51189E-01
         0.10448E+01   -0.79055E-01    0.18785E-01    0.19473E+01
        -0.63207E-01    0.27648E-02    0.25754E+01   -0.36635E-01
         0.00000E+00    0.28037E+01    0.00000E+00

     Iteration Number = 10     Error=  0.7127E-02

         0.94646E-01    0.00000E+00   -0.83825E-01    0.51310E-01
         0.10366E+01   -0.78453E-01    0.18824E-01    0.19329E+01
        -0.62812E-01    0.27698E-02    0.25574E+01   -0.36457E-01
         0.00000E+00    0.27845E+01    0.00000E+00

     Iteration Number = 11     Error=  0.5213E-02

         0.94468E-01    0.00000E+00   -0.84338E-01    0.51222E-01
         0.10426E+01   -0.78896E-01    0.18796E-01    0.19435E+01
        -0.63103E-01    0.27662E-02    0.25706E+01   -0.36588E-01
         0.00000E+00    0.27986E+01    0.00000E+00

     Iteration Number = 12     Error=  0.3849E-02

         0.94600E-01    0.00000E+00   -0.83961E-01    0.51287E-01
         0.10382E+01   -0.78570E-01    0.18817E-01    0.19357E+01
        -0.62889E-01    0.27689E-02    0.25609E+01   -0.36492E-01
         0.00000E+00    0.27882E+01    0.00000E+00

     Iteration Number = 13     Error=  0.2823E-02

         0.94503E-01    0.00000E+00   -0.84238E-01    0.51239E-01
         0.10414E+01   -0.78809E-01    0.18801E-01    0.19414E+01
        -0.63046E-01    0.27669E-02    0.25681E+01   -0.36563E-01
         0.00000E+00    0.27959E+01    0.00000E+00

     Iteration Number = 14     Error=  0.2081E-02

         0.94574E-01    0.00000E+00   -0.84034E-01    0.51274E-01
         0.10391E+01   -0.78633E-01    0.18813E-01    0.19372E+01
        -0.62931E-01    0.27684E-02    0.25628E+01   -0.36511E-01
         0.00000E+00    0.27903E+01    0.00000E+00

     Iteration Number = 15     Error=  0.1528E-02

         0.94522E-01    0.00000E+00   -0.84184E-01    0.51248E-01
         0.10408E+01   -0.78763E-01    0.18804E-01    0.19403E+01
        -0.63016E-01    0.27673E-02    0.25667E+01   -0.36549E-01
         0.00000E+00    0.27944E+01    0.00000E+00

     Iteration Number = 16     Error=  0.1125E-02

         0.94561E-01    0.00000E+00   -0.84074E-01    0.51268E-01
         0.10395E+01   -0.78667E-01    0.18811E-01    0.19380E+01
        -0.62953E-01    0.27681E-02    0.25638E+01   -0.36521E-01
         0.00000E+00    0.27914E+01    0.00000E+00


   STEP NUMBER =  8   SOURCE VALUE =  0.8000E+00

     Number of iterations taken for convergence.. = 17
     The Euclidean norm of the solution error ... =  0.8266E-03
     The CONVERGED solution is:

         0.94532E-01    0.00000E+00   -0.84155E-01    0.51254E-01
         0.10405E+01   -0.78737E-01    0.18806E-01    0.19397E+01
        -0.62999E-01    0.27675E-02    0.25659E+01   -0.36542E-01
         0.00000E+00    0.27936E+01    0.00000E+00

     Iteration Number =  1     Error=  0.1106E+00

         0.10637E+00    0.00000E+00   -0.94607E-01    0.57672E-01
         0.11697E+01   -0.88522E-01    0.21161E-01    0.21808E+01
        -0.70836E-01    0.31139E-02    0.28849E+01   -0.41092E-01
         0.00000E+00    0.31409E+01    0.00000E+00

     Iteration Number =  2     Error=  0.8419E-01

         0.11027E+00    0.00000E+00   -0.86422E-01    0.60068E-01
         0.10726E+01   -0.81177E-01    0.22210E-01    0.20052E+01
        -0.65700E-01    0.32976E-02    0.26619E+01   -0.38806E-01
         0.00000E+00    0.29028E+01    0.00000E+00

     Iteration Number =  3     Error=  0.6161E-01

         0.10838E+00    0.00000E+00   -0.92934E-01    0.59053E-01
         0.11494E+01   -0.86933E-01    0.21855E-01    0.21428E+01
        -0.69593E-01    0.32496E-02    0.28356E+01   -0.40554E-01
         0.00000E+00    0.30878E+01    0.00000E+00

     Iteration Number =  4     Error=  0.5123E-01

         0.10988E+00    0.00000E+00   -0.87730E-01    0.59826E-01
         0.10883E+01   -0.82371E-01    0.22114E-01    0.20337E+01
        -0.66551E-01    0.32825E-02    0.26983E+01   -0.39185E-01
         0.00000E+00    0.29417E+01    0.00000E+00

     Iteration Number =  5     Error=  0.3896E-01

         0.10875E+00    0.00000E+00   -0.91864E-01    0.59255E-01
         0.11367E+01   -0.85981E-01    0.21926E-01    0.21201E+01
        -0.68947E-01    0.32586E-02    0.28069E+01   -0.40267E-01
         0.00000E+00    0.30572E+01    0.00000E+00

     Iteration Number =  6     Error=  0.3196E-01

         0.10966E+00    0.00000E+00   -0.88570E-01    0.59714E-01
         0.10982E+01   -0.83111E-01    0.22076E-01    0.20514E+01
        -0.67047E-01    0.32777E-02    0.27206E+01   -0.39409E-01
         0.00000E+00    0.29654E+01    0.00000E+00

     Iteration Number =  7     Error=  0.2474E-01

         0.10896E+00    0.00000E+00   -0.91186E-01    0.59359E-01
         0.11288E+01   -0.85389E-01    0.21961E-01    0.21059E+01
        -0.68555E-01    0.32629E-02    0.27891E+01   -0.40090E-01
         0.00000E+00    0.30383E+01    0.00000E+00

     Iteration Number =  8     Error=  0.2007E-01

         0.10953E+00    0.00000E+00   -0.89104E-01    0.59645E-01
         0.11044E+01   -0.83577E-01    0.22053E-01    0.20626E+01
        -0.67357E-01    0.32748E-02    0.27346E+01   -0.39549E-01
         0.00000E+00    0.29803E+01    0.00000E+00

     Iteration Number =  9     Error=  0.1570E-01

         0.10908E+00    0.00000E+00   -0.90758E-01    0.59421E-01
         0.11238E+01   -0.85016E-01    0.21981E-01    0.20970E+01
        -0.68308E-01    0.32654E-02    0.27779E+01   -0.39979E-01
         0.00000E+00    0.30264E+01    0.00000E+00

     Iteration Number = 10     Error=  0.1264E-01

         0.10944E+00    0.00000E+00   -0.89442E-01    0.59601E-01
         0.11084E+01   -0.83871E-01    0.22039E-01    0.20696E+01
        -0.67552E-01    0.32729E-02    0.27435E+01   -0.39637E-01
         0.00000E+00    0.29898E+01    0.00000E+00

     Iteration Number = 11     Error=  0.9945E-02

         0.10916E+00    0.00000E+00   -0.90488E-01    0.59459E-01
         0.11206E+01   -0.84781E-01    0.21993E-01    0.20914E+01
        -0.68153E-01    0.32670E-02    0.27708E+01   -0.39909E-01
         0.00000E+00    0.30189E+01    0.00000E+00

     Iteration Number = 12     Error=  0.7972E-02

         0.10938E+00    0.00000E+00   -0.89656E-01    0.59573E-01
         0.11109E+01   -0.84058E-01    0.22030E-01    0.20741E+01
        -0.67675E-01    0.32718E-02    0.27491E+01   -0.39693E-01
         0.00000E+00    0.29957E+01    0.00000E+00

     Iteration Number = 13     Error=  0.6296E-02

         0.10921E+00    0.00000E+00   -0.90317E-01    0.59483E-01
         0.11186E+01   -0.84632E-01    0.22001E-01    0.20878E+01
        -0.68055E-01    0.32680E-02    0.27664E+01   -0.39864E-01
         0.00000E+00    0.30141E+01    0.00000E+00

     Iteration Number = 14     Error=  0.5031E-02

         0.10935E+00    0.00000E+00   -0.89791E-01    0.59555E-01
         0.11125E+01   -0.84175E-01    0.22024E-01    0.20769E+01
        -0.67753E-01    0.32710E-02    0.27526E+01   -0.39728E-01
         0.00000E+00    0.29995E+01    0.00000E+00

     Iteration Number = 15     Error=  0.3983E-02

         0.10923E+00    0.00000E+00   -0.90209E-01    0.59498E-01
         0.11173E+01   -0.84539E-01    0.22006E-01    0.20856E+01
        -0.67993E-01    0.32686E-02    0.27636E+01   -0.39836E-01
         0.00000E+00    0.30111E+01    0.00000E+00

     Iteration Number = 16     Error=  0.3177E-02

         0.10932E+00    0.00000E+00   -0.89877E-01    0.59543E-01
         0.11135E+01   -0.84250E-01    0.22020E-01    0.20787E+01
        -0.67802E-01    0.32705E-02    0.27549E+01   -0.39750E-01
         0.00000E+00    0.30019E+01    0.00000E+00

     Iteration Number = 17     Error=  0.2519E-02

         0.10925E+00    0.00000E+00   -0.90141E-01    0.59507E-01
         0.11166E+01   -0.84479E-01    0.22009E-01    0.20842E+01
        -0.67954E-01    0.32690E-02    0.27618E+01   -0.39819E-01
         0.00000E+00    0.30092E+01    0.00000E+00

     Iteration Number = 18     Error=  0.2007E-02

         0.10931E+00    0.00000E+00   -0.89931E-01    0.59536E-01
         0.11141E+01   -0.84297E-01    0.22018E-01    0.20798E+01
        -0.67833E-01    0.32702E-02    0.27563E+01   -0.39764E-01
         0.00000E+00    0.30034E+01    0.00000E+00

     Iteration Number = 19     Error=  0.1593E-02

         0.10927E+00    0.00000E+00   -0.90098E-01    0.59513E-01
         0.11160E+01   -0.84442E-01    0.22010E-01    0.20833E+01
        -0.67929E-01    0.32693E-02    0.27606E+01   -0.39808E-01
         0.00000E+00    0.30080E+01    0.00000E+00

     Iteration Number = 20     Error=  0.1268E-02

         0.10930E+00    0.00000E+00   -0.89965E-01    0.59531E-01
         0.11145E+01   -0.84327E-01    0.22016E-01    0.20805E+01
        -0.67853E-01    0.32700E-02    0.27572E+01   -0.39773E-01
         0.00000E+00    0.30043E+01    0.00000E+00

     Iteration Number = 21     Error=  0.1007E-02

         0.10927E+00    0.00000E+00   -0.90071E-01    0.59517E-01
         0.11157E+01   -0.84418E-01    0.22012E-01    0.20827E+01
        -0.67913E-01    0.32694E-02    0.27599E+01   -0.39800E-01
         0.00000E+00    0.30073E+01    0.00000E+00


   STEP NUMBER =  9   SOURCE VALUE =  0.9000E+00

     Number of iterations taken for convergence.. = 22
     The Euclidean norm of the solution error ... =  0.8011E-03
     The CONVERGED solution is:

         0.10930E+00    0.00000E+00   -0.89987E-01    0.59528E-01
         0.11147E+01   -0.84345E-01    0.22015E-01    0.20809E+01
        -0.67865E-01    0.32699E-02    0.27577E+01   -0.39779E-01
         0.00000E+00    0.30049E+01    0.00000E+00

     Iteration Number =  1     Error=  0.1006E+00

         0.12142E+00    0.00000E+00   -0.10006E+00    0.66132E-01
         0.12395E+01   -0.93781E-01    0.24458E-01    0.23137E+01
        -0.75448E-01    0.36328E-02    0.30661E+01   -0.44218E-01
         0.00000E+00    0.33409E+01    0.00000E+00

     Iteration Number =  2     Error=  0.8161E-01

         0.12477E+00    0.00000E+00   -0.91655E-01    0.68254E-01
         0.11396E+01   -0.86217E-01    0.25425E-01    0.21328E+01
        -0.70109E-01    0.38083E-02    0.28358E+01   -0.41823E-01
         0.00000E+00    0.30946E+01    0.00000E+00

     Iteration Number =  3     Error=  0.6360E-01

         0.12319E+00    0.00000E+00   -0.98787E-01    0.67385E-01
         0.12238E+01   -0.92545E-01    0.25113E-01    0.22841E+01
        -0.74431E-01    0.37644E-02    0.30272E+01   -0.43772E-01
         0.00000E+00    0.32987E+01    0.00000E+00

     Iteration Number =  4     Error=  0.5666E-01

         0.12451E+00    0.00000E+00   -0.92714E-01    0.68077E-01
         0.11524E+01   -0.87197E-01    0.25349E-01    0.21562E+01
        -0.70831E-01    0.37946E-02    0.28659E+01   -0.42146E-01
         0.00000E+00    0.31269E+01    0.00000E+00

     Iteration Number =  5     Error=  0.4563E-01

         0.12346E+00    0.00000E+00   -0.97858E-01    0.67538E-01
         0.12128E+01   -0.91710E-01    0.25170E-01    0.22642E+01
        -0.73855E-01    0.37716E-02    0.30020E+01   -0.43516E-01
         0.00000E+00    0.32718E+01    0.00000E+00

     Iteration Number =  6     Error=  0.4023E-01

         0.12436E+00    0.00000E+00   -0.93488E-01    0.67999E-01
         0.11615E+01   -0.87885E-01    0.25322E-01    0.21726E+01
        -0.71298E-01    0.37911E-02    0.28867E+01   -0.42357E-01
         0.00000E+00    0.31490E+01    0.00000E+00

     Iteration Number =  7     Error=  0.3291E-01

         0.12362E+00    0.00000E+00   -0.97188E-01    0.67622E-01
         0.12049E+01   -0.91121E-01    0.25198E-01    0.22501E+01
        -0.73460E-01    0.37751E-02    0.29842E+01   -0.43338E-01
         0.00000E+00    0.32529E+01    0.00000E+00

     Iteration Number =  8     Error=  0.2871E-01

         0.12426E+00    0.00000E+00   -0.94048E-01    0.67946E-01
         0.11681E+01   -0.88376E-01    0.25304E-01    0.21844E+01
        -0.71628E-01    0.37889E-02    0.29015E+01   -0.42506E-01
         0.00000E+00    0.31648E+01    0.00000E+00

     Iteration Number =  9     Error=  0.2373E-01

         0.12373E+00    0.00000E+00   -0.96707E-01    0.67677E-01
         0.11993E+01   -0.90700E-01    0.25216E-01    0.22400E+01
        -0.73179E-01    0.37774E-02    0.29715E+01   -0.43211E-01
         0.00000E+00    0.32394E+01    0.00000E+00

     Iteration Number = 10     Error=  0.2054E-01

         0.12419E+00    0.00000E+00   -0.94452E-01    0.67909E-01
         0.11728E+01   -0.88729E-01    0.25292E-01    0.21928E+01
        -0.71864E-01    0.37872E-02    0.29121E+01   -0.42614E-01
         0.00000E+00    0.31761E+01    0.00000E+00

     Iteration Number = 11     Error=  0.1710E-01

         0.12380E+00    0.00000E+00   -0.96361E-01    0.67715E-01
         0.11952E+01   -0.90398E-01    0.25228E-01    0.22328E+01
        -0.72978E-01    0.37790E-02    0.29624E+01   -0.43119E-01
         0.00000E+00    0.32297E+01    0.00000E+00

     Iteration Number = 12     Error=  0.1471E-01

         0.12413E+00    0.00000E+00   -0.94742E-01    0.67881E-01
         0.11762E+01   -0.88983E-01    0.25283E-01    0.21989E+01
        -0.72034E-01    0.37860E-02    0.29198E+01   -0.42691E-01
         0.00000E+00    0.31843E+01    0.00000E+00

     Iteration Number = 13     Error=  0.1231E-01

         0.12386E+00    0.00000E+00   -0.96114E-01    0.67741E-01
         0.11923E+01   -0.90182E-01    0.25237E-01    0.22276E+01
        -0.72834E-01    0.37801E-02    0.29559E+01   -0.43054E-01
         0.00000E+00    0.32228E+01    0.00000E+00

     Iteration Number = 14     Error=  0.1055E-01

         0.12409E+00    0.00000E+00   -0.94951E-01    0.67860E-01
         0.11787E+01   -0.89165E-01    0.25276E-01    0.22033E+01
        -0.72156E-01    0.37852E-02    0.29253E+01   -0.42746E-01
         0.00000E+00    0.31901E+01    0.00000E+00

     Iteration Number = 15     Error=  0.8856E-02

         0.12389E+00    0.00000E+00   -0.95936E-01    0.67760E-01
         0.11902E+01   -0.90026E-01    0.25243E-01    0.22239E+01
        -0.72730E-01    0.37809E-02    0.29512E+01   -0.43007E-01
         0.00000E+00    0.32178E+01    0.00000E+00

     Iteration Number = 16     Error=  0.7564E-02

         0.12406E+00    0.00000E+00   -0.95101E-01    0.67845E-01
         0.11804E+01   -0.89297E-01    0.25271E-01    0.22064E+01
        -0.72243E-01    0.37845E-02    0.29292E+01   -0.42786E-01
         0.00000E+00    0.31943E+01    0.00000E+00

     Iteration Number = 17     Error=  0.6369E-02

         0.12392E+00    0.00000E+00   -0.95808E-01    0.67773E-01
         0.11887E+01   -0.89915E-01    0.25247E-01    0.22212E+01
        -0.72656E-01    0.37815E-02    0.29479E+01   -0.42973E-01
         0.00000E+00    0.32142E+01    0.00000E+00

     Iteration Number = 18     Error=  0.5428E-02

         0.12404E+00    0.00000E+00   -0.95208E-01    0.67835E-01
         0.11817E+01   -0.89391E-01    0.25267E-01    0.22087E+01
        -0.72306E-01    0.37841E-02    0.29321E+01   -0.42814E-01
         0.00000E+00    0.31974E+01    0.00000E+00

     Iteration Number = 19     Error=  0.4579E-02

         0.12394E+00    0.00000E+00   -0.95717E-01    0.67783E-01
         0.11877E+01   -0.89835E-01    0.25250E-01    0.22193E+01
        -0.72602E-01    0.37819E-02    0.29455E+01   -0.42949E-01
         0.00000E+00    0.32116E+01    0.00000E+00

     Iteration Number = 20     Error=  0.3896E-02

         0.12403E+00    0.00000E+00   -0.95286E-01    0.67827E-01
         0.11826E+01   -0.89458E-01    0.25265E-01    0.22103E+01
        -0.72351E-01    0.37838E-02    0.29341E+01   -0.42835E-01
         0.00000E+00    0.31995E+01    0.00000E+00

     Iteration Number = 21     Error=  0.3291E-02

         0.12395E+00    0.00000E+00   -0.95651E-01    0.67790E-01
         0.11869E+01   -0.89778E-01    0.25253E-01    0.22179E+01
        -0.72564E-01    0.37822E-02    0.29437E+01   -0.42932E-01
         0.00000E+00    0.32098E+01    0.00000E+00

     Iteration Number = 22     Error=  0.2797E-02

         0.12401E+00    0.00000E+00   -0.95341E-01    0.67821E-01
         0.11833E+01   -0.89507E-01    0.25263E-01    0.22115E+01
        -0.72384E-01    0.37835E-02    0.29356E+01   -0.42850E-01
         0.00000E+00    0.32011E+01    0.00000E+00

     Iteration Number = 23     Error=  0.2365E-02

         0.12396E+00    0.00000E+00   -0.95604E-01    0.67795E-01
         0.11863E+01   -0.89736E-01    0.25254E-01    0.22169E+01
        -0.72537E-01    0.37824E-02    0.29425E+01   -0.42919E-01
         0.00000E+00    0.32085E+01    0.00000E+00

     Iteration Number = 24     Error=  0.2008E-02

         0.12401E+00    0.00000E+00   -0.95381E-01    0.67817E-01
         0.11837E+01   -0.89542E-01    0.25262E-01    0.22123E+01
        -0.72407E-01    0.37833E-02    0.29366E+01   -0.42860E-01
         0.00000E+00    0.32022E+01    0.00000E+00

     Iteration Number = 25     Error=  0.1699E-02

         0.12397E+00    0.00000E+00   -0.95570E-01    0.67798E-01
         0.11859E+01   -0.89707E-01    0.25255E-01    0.22162E+01
        -0.72517E-01    0.37825E-02    0.29416E+01   -0.42910E-01
         0.00000E+00    0.32075E+01    0.00000E+00

     Iteration Number = 26     Error=  0.1442E-02

         0.12400E+00    0.00000E+00   -0.95410E-01    0.67814E-01
         0.11841E+01   -0.89567E-01    0.25261E-01    0.22129E+01
        -0.72424E-01    0.37832E-02    0.29374E+01   -0.42868E-01
         0.00000E+00    0.32030E+01    0.00000E+00

     Iteration Number = 27     Error=  0.1221E-02

         0.12397E+00    0.00000E+00   -0.95546E-01    0.67801E-01
         0.11856E+01   -0.89685E-01    0.25256E-01    0.22157E+01
        -0.72503E-01    0.37826E-02    0.29410E+01   -0.42904E-01
         0.00000E+00    0.32068E+01    0.00000E+00

     Iteration Number = 28     Error=  0.1036E-02

         0.12400E+00    0.00000E+00   -0.95431E-01    0.67812E-01
         0.11843E+01   -0.89585E-01    0.25260E-01    0.22133E+01
        -0.72436E-01    0.37831E-02    0.29379E+01   -0.42873E-01
         0.00000E+00    0.32036E+01    0.00000E+00


   STEP NUMBER = 10   SOURCE VALUE =  0.1000E+01

     Number of iterations taken for convergence.. = 29
     The Euclidean norm of the solution error ... =  0.8770E-03
     The CONVERGED solution is:

         0.12398E+00    0.00000E+00   -0.95528E-01    0.67802E-01
         0.11854E+01   -0.89670E-01    0.25257E-01    0.22154E+01
        -0.72492E-01    0.37827E-02    0.29405E+01   -0.42899E-01
         0.00000E+00    0.32063E+01    0.00000E+00
