     *** ECHO OF THE INPUT DATA STARTS ***

Example 5.2.1: Nonlinear analysis of a hinged-hinged beam problem               
  2   0   8                        MODEL,IEL,NEM                                
  0.0  100.0                        X0,AL                                       
  1  1  30.0E06  0.3               B,H,E,GNIU                                   
                                                                                
  0.0  0.0  0.0                    FX0,FX1,FX2                                  
  3.0  0.0  0.0                    QX0,QX1,QX2                                  
  5   0   0                        NSPV,NSSV,NSMB                               
  1   1   0.0                       ISPV(1,1),ISPV(1,2),VSPV(1)                 
  1   2   0.0                       ISPV(2,1),ISPV(2,2),VSPV(2)                 
  1   3   0.0                       ISPV(3,1),ISPV(3,2),VSPV(3)                 
  9   1   0.0                       ISPV(4,1),ISPV(4,2),VSPV(4)                 
  9   2   0.0                       ISPV(5,1),ISPV(5,2),VSPV(5)                 
                                                                                
  1   0                            NONLIN,NPRNT                                 
  10   50  1.0E-03  0.0             NLS, ITMAX, EPS, GAMA                       
  2   1                            NGP, LGP                                     
  0.1 0.1 0.1 0.1 0.1                                                           
  0.1 0.1 0.1 0.1 0.1              DP(I)                                        
                                                                                
  0.0 0.0 0.0 0.0 0.0 0.0 0.0                                                   
  0.0 0.0 0.0 0.0 0.0 0.0 0.0                                                   
  0.0 0.0 0.0 0.0 0.0 0.0 0.0                                                   
  0.0 0.0 0.0 0.0 0.0 0.0          GP1(I)                                       

     **** ECHO OF THE INPUT DATA ENDS ****

________________________________________________________________________________
        Output from computer program  FEM1DBEAM              by J. N. Reddy
________________________________________________________________________________


Example 5.2.1: Nonlinear analysis of a hinged-hinged beam problem               

    *** ANALYSIS OF MODEL  2 PROBLEM ***
               (see the code below)

    MODEL=1: A problem described by MODEL EQ. 1
    MODEL=2: A Euler-Bernoulli BEAM problem
    MODEL=3: A Timoshenko BEAM problem


   P R O B L E M   D A T A:

     Coordinate of node 1 ....................... =   0.0000E+00
     Length of the beam ......................... =   0.1000E+03
     Width of cross-section for the beam, B ..... =   0.1000E+01
     Height of cross-section for the beam, H .... =   0.1000E+01
     Elastic modulus of the beam material, E .... =   0.3000E+08
     Axial stiffness for the beam, EA ........... =   0.3000E+08
     Bending stiffness for the beam, EI ......... =   0.2500E+07
     Coefficient of 1 in QX, QX0 ................ =   0.3000E+01
     Coefficient of x in QX, QX1 ................ =   0.0000E+00
     Coefficient of x*x in QX, QX2 .............. =   0.0000E+00
     Coefficient of 1 in FX, FX0 ................ =   0.0000E+00
     Coefficient of x in FX, FX1 ................ =   0.0000E+00
     Coefficient of x*x in FX, FX2 .............. =   0.0000E+00


   M E S H   D A T A:

     Number of elements in the mesh, NEM......... =    8
     Type of element(0:hermite;1:linear;2:quadratic;) .. =    0
     Number of nodes in the mesh, NNM ........... =    9
     Number of deg. of freedom per node, NDF..... =    3
     Number of total DOF in the model, NEQ....... =   27
     GLOBAL COORDINATES OF THE GLOBAL NODES ..... =

        0.0000E+00   0.1250E+02   0.2500E+02   0.3750E+02   0.5000E+02
        0.6250E+02   0.7500E+02   0.8750E+02   0.1000E+03

          CONNECTIVITY MATRIX:

              1    2
              2    3
              3    4
              4    5
              5    6
              6    7
              7    8
              8    9

   B O U N D A R Y   D A T A:

     Number of specified PRIMARY variables ...... =    5
     Specified PRIMARY degrees of freedom ....... :

              1    1   0.0000E+00
              1    2   0.0000E+00
              1    3   0.0000E+00
              9    1   0.0000E+00
              9    2   0.0000E+00

     *** NONLINEAR Analysis with DIRECT ITERATION ***


   NONLINEAR  A N A L Y S I S   D A T A:

     Number of load steps used, NLS ............. =   10
     Maximum allowable number of iterations ..... =   50
     Allowable convergence tolerance (EPS) ...... =   0.1000E-02
     Acceleration parameter:GAMA*GP2+(1-GAMA)*GP1 =   0.0000E+00

   INITIAL (GUESS) VECTOR:

     0.00000E+00  0.00000E+00  0.00000E+00  0.00000E+00  0.00000E+00  0.00000E+00  0.00000E+00  0.00000E+00  0.00000E+00  0.00000E+00  0.00000E+00  0.00000E+00  0.00000E+00  0.00000E+00  0.00000E+00  0.00000E+00  0.00000E+00  0.00000E+00  0.00000E+00  0.00000E+00  0.00000E+00  0.00000E+00  0.00000E+00  0.00000E+00

   INITIAL (GUESS) VECTOR:

     0.00000E+00  0.00000E+00  0.00000E+00

     First iteration solution at source value ... =  0.1000E+00

         0.00000E+00    0.00000E+00    0.00000E+00    0.00000E+00
         0.93994E-02   -0.13281E-02    0.00000E+00    0.29297E-01
        -0.17188E-02    0.00000E+00    0.49438E-01   -0.14063E-02
         0.00000E+00    0.62500E-01   -0.62500E-03    0.00000E+00
         0.64087E-01    0.39062E-03    0.00000E+00    0.52734E-01
         0.14062E-02    0.00000E+00    0.29907E-01    0.21875E-02
         0.00000E+00    0.00000E+00    0.25000E-02

     Iteration Number =  1     Error=  0.1000E+01

         0.00000E+00    0.00000E+00    0.00000E+00    0.00000E+00
         0.93994E-02   -0.13281E-02    0.00000E+00    0.29297E-01
        -0.17188E-02    0.00000E+00    0.49438E-01   -0.14063E-02
         0.00000E+00    0.62500E-01   -0.62500E-03    0.00000E+00
         0.64087E-01    0.39062E-03    0.00000E+00    0.52734E-01
         0.14062E-02    0.00000E+00    0.29907E-01    0.21875E-02
         0.00000E+00    0.00000E+00    0.25000E-02

     Iteration Number =  2     Error=  0.6210E-02

         0.00000E+00    0.00000E+00    0.00000E+00    0.93794E-05
         0.93531E-02   -0.13213E-02    0.62695E-05    0.29137E-01
        -0.17085E-02    0.29744E-05    0.49149E-01   -0.13968E-02
         0.93281E-05    0.62117E-01   -0.62006E-03    0.22540E-04
         0.63682E-01    0.38886E-03    0.30680E-04    0.52397E-01
         0.13976E-02    0.22957E-04    0.29715E-01    0.21736E-02
         0.00000E+00    0.00000E+00    0.24842E-02


   STEP NUMBER =  1   SOURCE VALUE =  0.1000E+00

     Number of iterations taken for convergence.. =  3
     The Euclidean norm of the solution error ... =  0.7772E-04
     The CONVERGED solution is:

         0.00000E+00    0.00000E+00    0.00000E+00    0.93151E-05
         0.93537E-02   -0.13214E-02    0.62149E-05    0.29139E-01
        -0.17086E-02    0.29431E-05    0.49153E-01   -0.13969E-02
         0.92637E-05    0.62122E-01   -0.62013E-03    0.22394E-04
         0.63687E-01    0.38888E-03    0.30481E-04    0.52401E-01
         0.13977E-02    0.22809E-04    0.29718E-01    0.21738E-02
         0.00000E+00    0.00000E+00    0.24844E-02

     Iteration Number =  1     Error=  0.5000E+00

         0.00000E+00    0.00000E+00    0.00000E+00    0.18632E-04
         0.18707E-01   -0.26427E-02    0.12431E-04    0.58279E-01
        -0.34172E-02    0.58870E-05    0.98306E-01   -0.27938E-02
         0.18529E-04    0.12424E+00   -0.12403E-02    0.44792E-04
         0.12737E+00    0.77776E-03    0.60968E-04    0.10480E+00
         0.27953E-02    0.45621E-04    0.59436E-01    0.43476E-02
         0.00000E+00    0.00000E+00    0.49688E-02

     Iteration Number =  2     Error=  0.1824E-01

         0.00000E+00    0.00000E+00    0.00000E+00    0.36511E-04
         0.18439E-01   -0.26031E-02    0.24223E-04    0.57356E-01
        -0.33578E-02    0.11407E-04    0.96635E-01   -0.27392E-02
         0.36305E-04    0.12203E+00   -0.12117E-02    0.87874E-04
         0.12504E+00    0.76753E-03    0.11961E-03    0.10285E+00
         0.27451E-02    0.89508E-04    0.58328E-01    0.42675E-02
         0.00000E+00    0.00000E+00    0.48777E-02


   STEP NUMBER =  2   SOURCE VALUE =  0.2000E+00

     Number of iterations taken for convergence.. =  3
     The Euclidean norm of the solution error ... =  0.8704E-03
     The CONVERGED solution is:

         0.00000E+00    0.00000E+00    0.00000E+00    0.35809E-04
         0.18452E-01   -0.26050E-02    0.23630E-04    0.57400E-01
        -0.33606E-02    0.11068E-04    0.96714E-01   -0.27418E-02
         0.35603E-04    0.12213E+00   -0.12131E-02    0.86278E-04
         0.12515E+00    0.76799E-03    0.11744E-03    0.10295E+00
         0.27475E-02    0.87889E-04    0.58381E-01    0.42714E-02
         0.00000E+00    0.00000E+00    0.48821E-02

     Iteration Number =  1     Error=  0.3333E+00

         0.00000E+00    0.00000E+00    0.00000E+00    0.53764E-04
         0.27677E-01   -0.39073E-02    0.35489E-04    0.86097E-01
        -0.50407E-02    0.16628E-04    0.14507E+00   -0.41125E-02
         0.53456E-04    0.18319E+00   -0.18196E-02    0.12953E-03
         0.18771E+00    0.11519E-02    0.17631E-03    0.15441E+00
         0.41211E-02    0.13195E-03    0.87568E-01    0.64068E-02
         0.00000E+00    0.00000E+00    0.73228E-02

     Iteration Number =  2     Error=  0.2881E-01

         0.00000E+00    0.00000E+00    0.00000E+00    0.78091E-04
         0.27059E-01   -0.38160E-02    0.51073E-04    0.83970E-01
        -0.49037E-02    0.23707E-04    0.14122E+00   -0.39867E-02
         0.77627E-04    0.17809E+00   -0.17539E-02    0.18849E-03
         0.18233E+00    0.11283E-02    0.25657E-03    0.14992E+00
         0.40053E-02    0.19204E-03    0.85015E-01    0.62222E-02
         0.00000E+00    0.00000E+00    0.71127E-02

     Iteration Number =  3     Error=  0.2855E-02

         0.00000E+00    0.00000E+00    0.00000E+00    0.75867E-04
         0.27119E-01   -0.38249E-02    0.49210E-04    0.84178E-01
        -0.49172E-02    0.22649E-04    0.14159E+00   -0.39993E-02
         0.75405E-04    0.17859E+00   -0.17607E-02    0.18342E-03
         0.18286E+00    0.11305E-02    0.24968E-03    0.15037E+00
         0.40168E-02    0.18690E-03    0.85270E-01    0.62407E-02
         0.00000E+00    0.00000E+00    0.71338E-02


   STEP NUMBER =  3   SOURCE VALUE =  0.3000E+00

     Number of iterations taken for convergence.. =  4
     The Euclidean norm of the solution error ... =  0.2816E-03
     The CONVERGED solution is:

         0.00000E+00    0.00000E+00    0.00000E+00    0.76092E-04
         0.27113E-01   -0.38240E-02    0.49405E-04    0.84157E-01
        -0.49159E-02    0.22764E-04    0.14156E+00   -0.39980E-02
         0.75633E-04    0.17854E+00   -0.17600E-02    0.18394E-03
         0.18281E+00    0.11303E-02    0.25038E-03    0.15032E+00
         0.40157E-02    0.18742E-03    0.85245E-01    0.62389E-02
         0.00000E+00    0.00000E+00    0.71317E-02

     Iteration Number =  1     Error=  0.2500E+00

         0.00000E+00    0.00000E+00    0.00000E+00    0.10143E-03
         0.36151E-01   -0.50988E-02    0.65848E-04    0.11221E+00
        -0.65547E-02    0.30337E-04    0.18875E+00   -0.53309E-02
         0.10081E-03    0.23806E+00   -0.23468E-02    0.24518E-03
         0.24375E+00    0.15071E-02    0.33375E-03    0.20044E+00
         0.53544E-02    0.24983E-03    0.11366E+00    0.83187E-02
         0.00000E+00    0.00000E+00    0.95092E-02

     Iteration Number =  2     Error=  0.3722E-01

         0.00000E+00    0.00000E+00    0.00000E+00    0.12974E-03
         0.35121E-01   -0.49466E-02    0.83179E-04    0.10867E+00
        -0.63265E-02    0.37821E-04    0.18233E+00   -0.51214E-02
         0.12892E-03    0.22956E+00   -0.22376E-02    0.31439E-03
         0.23478E+00    0.14676E-02    0.42797E-03    0.19296E+00
         0.51616E-02    0.32041E-03    0.10941E+00    0.80115E-02
         0.00000E+00    0.00000E+00    0.91595E-02

     Iteration Number =  3     Error=  0.5931E-02

         0.00000E+00    0.00000E+00    0.00000E+00    0.12531E-03
         0.35282E-01   -0.49705E-02    0.79513E-04    0.10923E+00
        -0.63628E-02    0.35761E-04    0.18335E+00   -0.51553E-02
         0.12451E-03    0.23092E+00   -0.22558E-02    0.30429E-03
         0.23623E+00    0.14734E-02    0.41424E-03    0.19417E+00
         0.51925E-02    0.31018E-03    0.11010E+00    0.80611E-02
         0.00000E+00    0.00000E+00    0.92161E-02


   STEP NUMBER =  4   SOURCE VALUE =  0.4000E+00

     Number of iterations taken for convergence.. =  4
     The Euclidean norm of the solution error ... =  0.9440E-03
     The CONVERGED solution is:

         0.00000E+00    0.00000E+00    0.00000E+00    0.12604E-03
         0.35256E-01   -0.49667E-02    0.80139E-04    0.10914E+00
        -0.63571E-02    0.36128E-04    0.18319E+00   -0.51499E-02
         0.12524E-03    0.23070E+00   -0.22529E-02    0.30594E-03
         0.23600E+00    0.14725E-02    0.41649E-03    0.19398E+00
         0.51876E-02    0.31185E-03    0.10999E+00    0.80532E-02
         0.00000E+00    0.00000E+00    0.92071E-02

     Iteration Number =  1     Error=  0.2001E+00

         0.00000E+00    0.00000E+00    0.00000E+00    0.15740E-03
         0.44075E-01   -0.62091E-02    0.10005E-03    0.13644E+00
        -0.79475E-02    0.45086E-04    0.22902E+00   -0.64384E-02
         0.15641E-03    0.28842E+00   -0.28167E-02    0.38210E-03
         0.29504E+00    0.18408E-02    0.52017E-03    0.24251E+00
         0.64854E-02    0.38948E-03    0.13751E+00    0.10068E-01
         0.00000E+00    0.00000E+00    0.11511E-01

     Iteration Number =  2     Error=  0.4341E-01

         0.00000E+00    0.00000E+00    0.00000E+00    0.18746E-03
         0.42626E-01   -0.59950E-02    0.11732E-03    0.13146E+00
        -0.76268E-02    0.51983E-04    0.22000E+00   -0.61443E-02
         0.18623E-03    0.27648E+00   -0.26637E-02    0.45644E-03
         0.28244E+00    0.17851E-02    0.62140E-03    0.23201E+00
         0.62146E-02    0.46537E-03    0.13154E+00    0.96367E-02
         0.00000E+00    0.00000E+00    0.11020E-01

     Iteration Number =  3     Error=  0.9663E-02

         0.00000E+00    0.00000E+00    0.00000E+00    0.18059E-03
         0.42942E-01   -0.60420E-02    0.11172E-03    0.13255E+00
        -0.76983E-02    0.48869E-04    0.22201E+00   -0.62111E-02
         0.17939E-03    0.27915E+00   -0.26994E-02    0.44073E-03
         0.28529E+00    0.17967E-02    0.60005E-03    0.23438E+00
         0.62754E-02    0.44946E-03    0.13290E+00    0.97344E-02
         0.00000E+00    0.00000E+00    0.11131E-01

     Iteration Number =  4     Error=  0.2162E-02

         0.00000E+00    0.00000E+00    0.00000E+00    0.18218E-03
         0.42871E-01   -0.60315E-02    0.11308E-03    0.13231E+00
        -0.76824E-02    0.49663E-04    0.22156E+00   -0.61962E-02
         0.18100E-03    0.27856E+00   -0.26914E-02    0.44436E-03
         0.28465E+00    0.17941E-02    0.60498E-03    0.23385E+00
         0.62619E-02    0.45314E-03    0.13260E+00    0.97125E-02
         0.00000E+00    0.00000E+00    0.11106E-01


   STEP NUMBER =  5   SOURCE VALUE =  0.5000E+00

     Number of iterations taken for convergence.. =  5
     The Euclidean norm of the solution error ... =  0.4837E-03
     The CONVERGED solution is:

         0.00000E+00    0.00000E+00    0.00000E+00    0.18183E-03
         0.42887E-01   -0.60339E-02    0.11277E-03    0.13236E+00
        -0.76859E-02    0.49483E-04    0.22166E+00   -0.61995E-02
         0.18064E-03    0.27869E+00   -0.26932E-02    0.44355E-03
         0.28479E+00    0.17947E-02    0.60388E-03    0.23397E+00
         0.62649E-02    0.45232E-03    0.13266E+00    0.97174E-02
         0.00000E+00    0.00000E+00    0.11112E-01

     Iteration Number =  1     Error=  0.1666E+00

         0.00000E+00    0.00000E+00    0.00000E+00    0.21829E-03
         0.51460E-01   -0.72400E-02    0.13541E-03    0.15882E+00
        -0.92222E-02    0.59428E-04    0.26596E+00   -0.74385E-02
         0.21686E-03    0.33439E+00   -0.32314E-02    0.53247E-03
         0.34171E+00    0.21535E-02    0.72495E-03    0.28073E+00
         0.75171E-02    0.54300E-03    0.15918E+00    0.11660E-01
         0.00000E+00    0.00000E+00    0.13333E-01

     Iteration Number =  2     Error=  0.4759E-01

         0.00000E+00    0.00000E+00    0.00000E+00    0.24829E-03
         0.49622E-01   -0.69686E-02    0.15122E-03    0.15250E+00
        -0.88160E-02    0.64990E-04    0.25454E+00   -0.70664E-02
         0.24661E-03    0.31927E+00   -0.30382E-02    0.60777E-03
         0.32577E+00    0.20826E-02    0.82753E-03    0.26745E+00
         0.71742E-02    0.61998E-03    0.15163E+00    0.11114E-01
         0.00000E+00    0.00000E+00    0.12712E-01

     Iteration Number =  3     Error=  0.1357E-01

         0.00000E+00    0.00000E+00    0.00000E+00    0.23916E-03
         0.50137E-01   -0.70451E-02    0.14388E-03    0.15429E+00
        -0.89325E-02    0.60975E-04    0.25780E+00   -0.71752E-02
         0.23754E-03    0.32363E+00   -0.30964E-02    0.58682E-03
         0.33039E+00    0.21013E-02    0.79905E-03    0.27132E+00
         0.72732E-02    0.59876E-03    0.15383E+00    0.11273E-01
         0.00000E+00    0.00000E+00    0.12893E-01

     Iteration Number =  4     Error=  0.3920E-02

         0.00000E+00    0.00000E+00    0.00000E+00    0.24189E-03
         0.49989E-01   -0.70232E-02    0.14621E-03    0.15378E+00
        -0.88990E-02    0.62325E-04    0.25687E+00   -0.71439E-02
         0.24031E-03    0.32237E+00   -0.30795E-02    0.59308E-03
         0.32906E+00    0.20961E-02    0.80757E-03    0.27020E+00
         0.72448E-02    0.60511E-03    0.15320E+00    0.11227E-01
         0.00000E+00    0.00000E+00    0.12841E-01

     Iteration Number =  5     Error=  0.1130E-02

         0.00000E+00    0.00000E+00    0.00000E+00    0.24111E-03
         0.50032E-01   -0.70295E-02    0.14554E-03    0.15393E+00
        -0.89087E-02    0.61931E-04    0.25714E+00   -0.71529E-02
         0.23951E-03    0.32274E+00   -0.30844E-02    0.59128E-03
         0.32945E+00    0.20976E-02    0.80512E-03    0.27052E+00
         0.72530E-02    0.60328E-03    0.15338E+00    0.11240E-01
         0.00000E+00    0.00000E+00    0.12856E-01


   STEP NUMBER =  6   SOURCE VALUE =  0.6000E+00

     Number of iterations taken for convergence.. =  6
     The Euclidean norm of the solution error ... =  0.3259E-03
     The CONVERGED solution is:

         0.00000E+00    0.00000E+00    0.00000E+00    0.24134E-03
         0.50019E-01   -0.70277E-02    0.14573E-03    0.15388E+00
        -0.89059E-02    0.62045E-04    0.25706E+00   -0.71503E-02
         0.23974E-03    0.32263E+00   -0.30830E-02    0.59180E-03
         0.32934E+00    0.20971E-02    0.80583E-03    0.27043E+00
         0.72506E-02    0.60381E-03    0.15333E+00    0.11236E-01
         0.00000E+00    0.00000E+00    0.12851E-01

     Iteration Number =  1     Error=  0.1429E+00

         0.00000E+00    0.00000E+00    0.00000E+00    0.28148E-03
         0.58360E-01   -0.81996E-02    0.16996E-03    0.17955E+00
        -0.10391E-01    0.72348E-04    0.29993E+00   -0.83429E-02
         0.27962E-03    0.37644E+00   -0.35973E-02    0.69026E-03
         0.38426E+00    0.24468E-02    0.93989E-03    0.31553E+00
         0.84598E-02    0.70427E-03    0.17890E+00    0.13110E-01
         0.00000E+00    0.00000E+00    0.14995E-01

     Iteration Number =  2     Error=  0.5035E-01

         0.00000E+00    0.00000E+00    0.00000E+00    0.31031E-03
         0.56172E-01   -0.78767E-02    0.18351E-03    0.17203E+00
        -0.99085E-02    0.76181E-04    0.28635E+00   -0.79012E-02
         0.30818E-03    0.35847E+00   -0.33684E-02    0.76389E-03
         0.36533E+00    0.23622E-02    0.10403E-02    0.29976E+00
         0.80526E-02    0.77968E-03    0.16994E+00    0.12462E-01
         0.00000E+00    0.00000E+00    0.14258E-01

     Iteration Number =  3     Error=  0.1737E-01

         0.00000E+00    0.00000E+00    0.00000E+00    0.29928E-03
         0.56914E-01   -0.79871E-02    0.17481E-03    0.17461E+00
        -0.10076E-01    0.71505E-04    0.29106E+00   -0.80582E-02
         0.29727E-03    0.36476E+00   -0.34524E-02    0.73852E-03
         0.37200E+00    0.23892E-02    0.10058E-02    0.30534E+00
         0.81954E-02    0.75399E-03    0.17312E+00    0.12692E-01
         0.00000E+00    0.00000E+00    0.14519E-01

     Iteration Number =  4     Error=  0.6126E-02

         0.00000E+00    0.00000E+00    0.00000E+00    0.30332E-03
         0.56656E-01   -0.79486E-02    0.17822E-03    0.17371E+00
        -0.10018E-01    0.73471E-04    0.28942E+00   -0.80031E-02
         0.30136E-03    0.36256E+00   -0.34228E-02    0.74779E-03
         0.36966E+00    0.23800E-02    0.10184E-02    0.30338E+00
         0.81454E-02    0.76338E-03    0.17200E+00    0.12611E-01
         0.00000E+00    0.00000E+00    0.14427E-01

     Iteration Number =  5     Error=  0.2147E-02

         0.00000E+00    0.00000E+00    0.00000E+00    0.30191E-03
         0.56746E-01   -0.79621E-02    0.17702E-03    0.17403E+00
        -0.10038E-01    0.72772E-04    0.28999E+00   -0.80224E-02
         0.29992E-03    0.36333E+00   -0.34332E-02    0.74455E-03
         0.37048E+00    0.23832E-02    0.10140E-02    0.30407E+00
         0.81630E-02    0.76010E-03    0.17239E+00    0.12640E-01
         0.00000E+00    0.00000E+00    0.14460E-01


   STEP NUMBER =  7   SOURCE VALUE =  0.7000E+00

     Number of iterations taken for convergence.. =  6
     The Euclidean norm of the solution error ... =  0.7543E-03
     The CONVERGED solution is:

         0.00000E+00    0.00000E+00    0.00000E+00    0.30241E-03
         0.56714E-01   -0.79574E-02    0.17745E-03    0.17392E+00
        -0.10031E-01    0.73020E-04    0.28979E+00   -0.80157E-02
         0.30043E-03    0.36306E+00   -0.34296E-02    0.74569E-03
         0.37019E+00    0.23821E-02    0.10155E-02    0.30383E+00
         0.81568E-02    0.76126E-03    0.17226E+00    0.12630E-01
         0.00000E+00    0.00000E+00    0.14448E-01

     Iteration Number =  1     Error=  0.1252E+00

         0.00000E+00    0.00000E+00    0.00000E+00    0.34541E-03
         0.64829E-01   -0.90960E-02    0.20263E-03    0.19881E+00
        -0.11467E-01    0.83352E-04    0.33127E+00   -0.91635E-02
         0.34315E-03    0.41503E+00   -0.39210E-02    0.85176E-03
         0.42320E+00    0.27228E-02    0.11600E-02    0.34733E+00
         0.93245E-02    0.86955E-03    0.19692E+00    0.14438E-01
         0.00000E+00    0.00000E+00    0.16517E-01

     Iteration Number =  2     Error=  0.5199E-01

         0.00000E+00    0.00000E+00    0.00000E+00    0.37230E-03
         0.62338E-01   -0.87285E-02    0.21342E-03    0.19026E+00
        -0.10918E-01    0.85234E-04    0.31583E+00   -0.86619E-02
         0.36978E-03    0.39461E+00   -0.36615E-02    0.92189E-03
         0.40168E+00    0.26262E-02    0.12556E-02    0.32941E+00
         0.88617E-02    0.94152E-03    0.18674E+00    0.13702E-01
         0.00000E+00    0.00000E+00    0.15680E-01

     Iteration Number =  3     Error=  0.2087E-01

         0.00000E+00    0.00000E+00    0.00000E+00    0.35986E-03
         0.63323E-01   -0.88750E-02    0.20382E-03    0.19368E+00
        -0.11141E-01    0.80177E-04    0.32208E+00   -0.88702E-02
         0.35751E-03    0.40296E+00   -0.37730E-02    0.89320E-03
         0.41054E+00    0.26620E-02    0.12167E-02    0.33682E+00
         0.90513E-02    0.91248E-03    0.19096E+00    0.14007E-01
         0.00000E+00    0.00000E+00    0.16027E-01

     Iteration Number =  4     Error=  0.8636E-02

         0.00000E+00    0.00000E+00    0.00000E+00    0.36522E-03
         0.62921E-01   -0.88152E-02    0.20830E-03    0.19228E+00
        -0.11050E-01    0.82745E-04    0.31952E+00   -0.87846E-02
         0.36293E-03    0.39954E+00   -0.37269E-02    0.90551E-03
         0.40690E+00    0.26477E-02    0.12334E-02    0.33377E+00
         0.89736E-02    0.92496E-03    0.18922E+00    0.13881E-01
         0.00000E+00    0.00000E+00    0.15884E-01

     Iteration Number =  5     Error=  0.3536E-02

         0.00000E+00    0.00000E+00    0.00000E+00    0.36303E-03
         0.63086E-01   -0.88397E-02    0.20646E-03    0.19285E+00
        -0.11087E-01    0.81675E-04    0.32057E+00   -0.88198E-02
         0.36071E-03    0.40094E+00   -0.37459E-02    0.90049E-03
         0.40840E+00    0.26535E-02    0.12266E-02    0.33503E+00
         0.90055E-02    0.91986E-03    0.18994E+00    0.13933E-01
         0.00000E+00    0.00000E+00    0.15943E-01

     Iteration Number =  6     Error=  0.1454E-02

         0.00000E+00    0.00000E+00    0.00000E+00    0.36394E-03
         0.63018E-01   -0.88297E-02    0.20722E-03    0.19262E+00
        -0.11072E-01    0.82121E-04    0.32014E+00   -0.88053E-02
         0.36163E-03    0.40037E+00   -0.37381E-02    0.90256E-03
         0.40778E+00    0.26511E-02    0.12294E-02    0.33451E+00
         0.89924E-02    0.92197E-03    0.18964E+00    0.13912E-01
         0.00000E+00    0.00000E+00    0.15919E-01


   STEP NUMBER =  8   SOURCE VALUE =  0.8000E+00

     Number of iterations taken for convergence.. =  7
     The Euclidean norm of the solution error ... =  0.5971E-03
     The CONVERGED solution is:

         0.00000E+00    0.00000E+00    0.00000E+00    0.36357E-03
         0.63046E-01   -0.88338E-02    0.20691E-03    0.19271E+00
        -0.11078E-01    0.81938E-04    0.32032E+00   -0.88113E-02
         0.36125E-03    0.40060E+00   -0.37413E-02    0.90171E-03
         0.40804E+00    0.26521E-02    0.12282E-02    0.33472E+00
         0.89978E-02    0.92110E-03    0.18977E+00    0.13920E-01
         0.00000E+00    0.00000E+00    0.15929E-01

     Iteration Number =  1     Error=  0.1109E+00

         0.00000E+00    0.00000E+00    0.00000E+00    0.40918E-03
         0.70914E-01   -0.99361E-02    0.23292E-03    0.21676E+00
        -0.12460E-01    0.92265E-04    0.36028E+00   -0.99099E-02
         0.40659E-03    0.45057E+00   -0.42075E-02    0.10148E-02
         0.45892E+00    0.29832E-02    0.13823E-02    0.37647E+00
         0.10120E-01    0.10366E-02    0.21343E+00    0.15656E-01
         0.00000E+00    0.00000E+00    0.17915E-01

     Iteration Number =  2     Error=  0.5252E-01

         0.00000E+00    0.00000E+00    0.00000E+00    0.43348E-03
         0.68177E-01   -0.95327E-02    0.24055E-03    0.20737E+00
        -0.11858E-01    0.92026E-04    0.34334E+00   -0.93607E-02
         0.43064E-03    0.42818E+00   -0.39240E-02    0.10799E-02
         0.43535E+00    0.28766E-02    0.14711E-02    0.35684E+00
         0.96127E-02    0.11036E-02    0.20228E+00    0.14850E-01
         0.00000E+00    0.00000E+00    0.16998E-01

     Iteration Number =  3     Error=  0.2386E-01

         0.00000E+00    0.00000E+00    0.00000E+00    0.42020E-03
         0.69403E-01   -0.97149E-02    0.23055E-03    0.21163E+00
        -0.12136E-01    0.86893E-04    0.35112E+00   -0.96198E-02
         0.41762E-03    0.43857E+00   -0.40628E-02    0.10492E-02
         0.44637E+00    0.29213E-02    0.14294E-02    0.36606E+00
         0.98485E-02    0.10725E-02    0.20753E+00    0.15229E-01
         0.00000E+00    0.00000E+00    0.17430E-01

     Iteration Number =  4     Error=  0.1125E-01

         0.00000E+00    0.00000E+00    0.00000E+00    0.42673E-03
         0.68835E-01   -0.96303E-02    0.23596E-03    0.20965E+00
        -0.12007E-01    0.89974E-04    0.34750E+00   -0.94987E-02
         0.42422E-03    0.43373E+00   -0.39974E-02    0.10642E-02
         0.44123E+00    0.29010E-02    0.14498E-02    0.36175E+00
         0.97386E-02    0.10878E-02    0.20508E+00    0.15052E-01
         0.00000E+00    0.00000E+00    0.17228E-01

     Iteration Number =  5     Error=  0.5228E-02

         0.00000E+00    0.00000E+00    0.00000E+00    0.42371E-03
         0.69099E-01   -0.96698E-02    0.23343E-03    0.21058E+00
        -0.12067E-01    0.88510E-04    0.34919E+00   -0.95553E-02
         0.42115E-03    0.43599E+00   -0.40280E-02    0.10572E-02
         0.44363E+00    0.29104E-02    0.14404E-02    0.36376E+00
         0.97899E-02    0.10807E-02    0.20622E+00    0.15135E-01
         0.00000E+00    0.00000E+00    0.17322E-01

     Iteration Number =  6     Error=  0.2447E-02

         0.00000E+00    0.00000E+00    0.00000E+00    0.42513E-03
         0.68976E-01   -0.96513E-02    0.23463E-03    0.21015E+00
        -0.12039E-01    0.89207E-04    0.34840E+00   -0.95289E-02
         0.42260E-03    0.43493E+00   -0.40137E-02    0.10605E-02
         0.44251E+00    0.29060E-02    0.14448E-02    0.36282E+00
         0.97660E-02    0.10840E-02    0.20569E+00    0.15096E-01
         0.00000E+00    0.00000E+00    0.17278E-01

     Iteration Number =  7     Error=  0.1142E-02

         0.00000E+00    0.00000E+00    0.00000E+00    0.42447E-03
         0.69034E-01   -0.96599E-02    0.23407E-03    0.21035E+00
        -0.12052E-01    0.88882E-04    0.34877E+00   -0.95412E-02
         0.42192E-03    0.43543E+00   -0.40204E-02    0.10590E-02
         0.44303E+00    0.29081E-02    0.14427E-02    0.36326E+00
         0.97772E-02    0.10825E-02    0.20594E+00    0.15114E-01
         0.00000E+00    0.00000E+00    0.17299E-01


   STEP NUMBER =  9   SOURCE VALUE =  0.9000E+00

     Number of iterations taken for convergence.. =  8
     The Euclidean norm of the solution error ... =  0.5334E-03
     The CONVERGED solution is:

         0.00000E+00    0.00000E+00    0.00000E+00    0.42478E-03
         0.69007E-01   -0.96559E-02    0.23433E-03    0.21025E+00
        -0.12046E-01    0.89034E-04    0.34860E+00   -0.95355E-02
         0.42224E-03    0.43520E+00   -0.40173E-02    0.10597E-02
         0.44279E+00    0.29071E-02    0.14437E-02    0.36305E+00
         0.97719E-02    0.10832E-02    0.20582E+00    0.15106E-01
         0.00000E+00    0.00000E+00    0.17289E-01

     Iteration Number =  1     Error=  0.1002E+00

         0.00000E+00    0.00000E+00    0.00000E+00    0.47182E-03
         0.76688E-01   -0.10731E-01    0.26023E-03    0.23366E+00
        -0.13387E-01    0.98848E-04    0.38742E+00   -0.10598E-01
         0.46899E-03    0.48367E+00   -0.44652E-02    0.11771E-02
         0.49211E+00    0.32306E-02    0.16036E-02    0.40350E+00
         0.10860E-01    0.12032E-02    0.22875E+00    0.16789E-01
         0.00000E+00    0.00000E+00    0.19215E-01

     Iteration Number =  2     Error=  0.5291E-01

         0.00000E+00    0.00000E+00    0.00000E+00    0.49355E-03
         0.73724E-01   -0.10294E-01    0.26487E-03    0.22351E+00
        -0.12737E-01    0.96640E-04    0.36910E+00   -0.10005E-01
         0.49053E-03    0.45946E+00   -0.41595E-02    0.12371E-02
         0.46663E+00    0.31149E-02    0.16856E-02    0.38229E+00
         0.10312E-01    0.12651E-02    0.21671E+00    0.15917E-01
         0.00000E+00    0.00000E+00    0.18224E-01

     Iteration Number =  3     Error=  0.2664E-01

         0.00000E+00    0.00000E+00    0.00000E+00    0.47978E-03
         0.75196E-01   -0.10513E-01    0.25477E-03    0.22862E+00
        -0.13070E-01    0.91612E-04    0.37844E+00   -0.10316E-01
         0.47709E-03    0.47194E+00   -0.43263E-02    0.12051E-02
         0.47988E+00    0.31685E-02    0.16422E-02    0.39337E+00
         0.10595E-01    0.12328E-02    0.22301E+00    0.16373E-01
         0.00000E+00    0.00000E+00    0.18743E-01

     Iteration Number =  4     Error=  0.1402E-01

         0.00000E+00    0.00000E+00    0.00000E+00    0.48736E-03
         0.74437E-01   -0.10400E-01    0.26099E-03    0.22598E+00
        -0.12897E-01    0.95126E-04    0.37360E+00   -0.10154E-01
         0.48474E-03    0.46547E+00   -0.42388E-02    0.12226E-02
         0.47299E+00    0.31415E-02    0.16660E-02    0.38760E+00
         0.10448E-01    0.12505E-02    0.21973E+00    0.16136E-01
         0.00000E+00    0.00000E+00    0.18473E-01

     Iteration Number =  5     Error=  0.7232E-02

         0.00000E+00    0.00000E+00    0.00000E+00    0.48347E-03
         0.74830E-01   -0.10459E-01    0.25776E-03    0.22735E+00
        -0.12987E-01    0.93260E-04    0.37611E+00   -0.10238E-01
         0.48078E-03    0.46883E+00   -0.42843E-02    0.12136E-02
         0.47657E+00    0.31554E-02    0.16538E-02    0.39060E+00
         0.10525E-01    0.12414E-02    0.22143E+00    0.16259E-01
         0.00000E+00    0.00000E+00    0.18614E-01

     Iteration Number =  6     Error=  0.3772E-02

         0.00000E+00    0.00000E+00    0.00000E+00    0.48551E-03
         0.74626E-01   -0.10428E-01    0.25946E-03    0.22664E+00
        -0.12940E-01    0.94254E-04    0.37481E+00   -0.10194E-01
         0.48286E-03    0.46708E+00   -0.42607E-02    0.12183E-02
         0.47471E+00    0.31482E-02    0.16602E-02    0.38904E+00
         0.10485E-01    0.12462E-02    0.22055E+00    0.16195E-01
         0.00000E+00    0.00000E+00    0.18541E-01

     Iteration Number =  7     Error=  0.1956E-02

         0.00000E+00    0.00000E+00    0.00000E+00    0.48445E-03
         0.74732E-01   -0.10444E-01    0.25858E-03    0.22701E+00
        -0.12964E-01    0.93740E-04    0.37549E+00   -0.10217E-01
         0.48178E-03    0.46799E+00   -0.42730E-02    0.12159E-02
         0.47568E+00    0.31519E-02    0.16568E-02    0.38985E+00
         0.10506E-01    0.12437E-02    0.22101E+00    0.16228E-01
         0.00000E+00    0.00000E+00    0.18579E-01

     Iteration Number =  8     Error=  0.1017E-02

         0.00000E+00    0.00000E+00    0.00000E+00    0.48500E-03
         0.74677E-01   -0.10436E-01    0.25904E-03    0.22681E+00
        -0.12952E-01    0.94008E-04    0.37514E+00   -0.10205E-01
         0.48234E-03    0.46752E+00   -0.42666E-02    0.12172E-02
         0.47518E+00    0.31500E-02    0.16586E-02    0.38943E+00
         0.10495E-01    0.12450E-02    0.22077E+00    0.16211E-01
         0.00000E+00    0.00000E+00    0.18559E-01


   STEP NUMBER = 10   SOURCE VALUE =  0.1000E+01

     Number of iterations taken for convergence.. =  9
     The Euclidean norm of the solution error ... =  0.5283E-03
     The CONVERGED solution is:

         0.00000E+00    0.00000E+00    0.00000E+00    0.48472E-03
         0.74706E-01   -0.10440E-01    0.25880E-03    0.22691E+00
        -0.12958E-01    0.93869E-04    0.37532E+00   -0.10211E-01
         0.48205E-03    0.46777E+00   -0.42699E-02    0.12165E-02
         0.47544E+00    0.31510E-02    0.16577E-02    0.38965E+00
         0.10500E-01    0.12443E-02    0.22089E+00    0.16220E-01
         0.00000E+00    0.00000E+00    0.18569E-01
