     *** ECHO OF THE INPUT DATA STARTS ***

Example 5.2.1: Nonlinear analysis of a hinged-hinged beam problem               
  2   0   8                        MODEL,IEL,NEM                                
  0.0  100.0                        X0,AL                                       
  1  1  30.0E06  0.3               B,H,E,GNIU                                   
                                                                                
  0.0  0.0  0.0                    FX0,FX1,FX2                                  
  5.0  0.0  0.0                    QX0,QX1,QX2                                  
  5   0   0                        NSPV,NSSV,NSMB                               
  1   1   0.0                       ISPV(1,1),ISPV(1,2),VSPV(1)                 
  1   2   0.0                       ISPV(2,1),ISPV(2,2),VSPV(2)                 
  1   3   0.0                       ISPV(3,1),ISPV(3,2),VSPV(3)                 
  9   1   0.0                       ISPV(4,1),ISPV(4,2),VSPV(4)                 
  9   2   0.0                       ISPV(5,1),ISPV(5,2),VSPV(5)                 
                                                                                
  1   0                            NONLIN,NPRNT                                 
  10   50  1.0E-03  0.0             NLS, ITMAX, EPS, GAMA                       
  2   1                            NGP, LGP                                     
  0.1 0.1 0.1 0.1 0.1                                                           
  0.1 0.1 0.1 0.1 0.1              DP(I)                                        
                                                                                
  0.0 0.0 0.0 0.0 0.0 0.0 0.0                                                   
  0.0 0.0 0.0 0.0 0.0 0.0 0.0                                                   
  0.0 0.0 0.0 0.0 0.0 0.0 0.0                                                   
  0.0 0.0 0.0 0.0 0.0 0.0          GP1(I)                                       

     **** ECHO OF THE INPUT DATA ENDS ****

________________________________________________________________________________
        Output from computer program  FEM1DBEAM              by J. N. Reddy
________________________________________________________________________________


Example 5.2.1: Nonlinear analysis of a hinged-hinged beam problem               

    *** ANALYSIS OF MODEL  2 PROBLEM ***
               (see the code below)

    MODEL=1: A problem described by MODEL EQ. 1
    MODEL=2: A Euler-Bernoulli BEAM problem
    MODEL=3: A Timoshenko BEAM problem


   P R O B L E M   D A T A:

     Coordinate of node 1 ....................... =   0.0000E+00
     Length of the beam ......................... =   0.1000E+03
     Width of cross-section for the beam, B ..... =   0.1000E+01
     Height of cross-section for the beam, H .... =   0.1000E+01
     Elastic modulus of the beam material, E .... =   0.3000E+08
     Axial stiffness for the beam, EA ........... =   0.3000E+08
     Bending stiffness for the beam, EI ......... =   0.2500E+07
     Coefficient of 1 in QX, QX0 ................ =   0.5000E+01
     Coefficient of x in QX, QX1 ................ =   0.0000E+00
     Coefficient of x*x in QX, QX2 .............. =   0.0000E+00
     Coefficient of 1 in FX, FX0 ................ =   0.0000E+00
     Coefficient of x in FX, FX1 ................ =   0.0000E+00
     Coefficient of x*x in FX, FX2 .............. =   0.0000E+00


   M E S H   D A T A:

     Number of elements in the mesh, NEM......... =    8
     Type of element(0:hermite;1:linear;2:quadratic;) .. =    0
     Number of nodes in the mesh, NNM ........... =    9
     Number of deg. of freedom per node, NDF..... =    3
     Number of total DOF in the model, NEQ....... =   27
     GLOBAL COORDINATES OF THE GLOBAL NODES ..... =

        0.0000E+00   0.1250E+02   0.2500E+02   0.3750E+02   0.5000E+02
        0.6250E+02   0.7500E+02   0.8750E+02   0.1000E+03

          CONNECTIVITY MATRIX:

              1    2
              2    3
              3    4
              4    5
              5    6
              6    7
              7    8
              8    9

   B O U N D A R Y   D A T A:

     Number of specified PRIMARY variables ...... =    5
     Specified PRIMARY degrees of freedom ....... :

              1    1   0.0000E+00
              1    2   0.0000E+00
              1    3   0.0000E+00
              9    1   0.0000E+00
              9    2   0.0000E+00

     *** NONLINEAR Analysis with DIRECT ITERATION ***


   NONLINEAR  A N A L Y S I S   D A T A:

     Number of load steps used, NLS ............. =   10
     Maximum allowable number of iterations ..... =   50
     Allowable convergence tolerance (EPS) ...... =   0.1000E-02
     Acceleration parameter:GAMA*GP2+(1-GAMA)*GP1 =   0.0000E+00

   INITIAL (GUESS) VECTOR:

     0.00000E+00  0.00000E+00  0.00000E+00  0.00000E+00  0.00000E+00  0.00000E+00  0.00000E+00  0.00000E+00  0.00000E+00  0.00000E+00  0.00000E+00  0.00000E+00  0.00000E+00  0.00000E+00  0.00000E+00  0.00000E+00  0.00000E+00  0.00000E+00  0.00000E+00  0.00000E+00  0.00000E+00  0.00000E+00  0.00000E+00  0.00000E+00

   INITIAL (GUESS) VECTOR:

     0.00000E+00  0.00000E+00  0.00000E+00

     First iteration solution at source value ... =  0.1000E+00

         0.00000E+00    0.00000E+00    0.00000E+00    0.00000E+00
         0.15666E-01   -0.22135E-02    0.00000E+00    0.48828E-01
        -0.28646E-02    0.00000E+00    0.82397E-01   -0.23438E-02
         0.00000E+00    0.10417E+00   -0.10417E-02    0.00000E+00
         0.10681E+00    0.65104E-03    0.00000E+00    0.87891E-01
         0.23437E-02    0.00000E+00    0.49845E-01    0.36458E-02
         0.00000E+00    0.00000E+00    0.41667E-02

     Iteration Number =  1     Error=  0.1000E+01

         0.00000E+00    0.00000E+00    0.00000E+00    0.00000E+00
         0.15666E-01   -0.22135E-02    0.00000E+00    0.48828E-01
        -0.28646E-02    0.00000E+00    0.82397E-01   -0.23438E-02
         0.00000E+00    0.10417E+00   -0.10417E-02    0.00000E+00
         0.10681E+00    0.65104E-03    0.00000E+00    0.87891E-01
         0.23437E-02    0.00000E+00    0.49845E-01    0.36458E-02
         0.00000E+00    0.00000E+00    0.41667E-02

     Iteration Number =  2     Error=  0.1722E-01

         0.00000E+00    0.00000E+00    0.00000E+00    0.25736E-04
         0.15454E-01   -0.21822E-02    0.17145E-04    0.48098E-01
        -0.28175E-02    0.81068E-05    0.81074E-01   -0.23005E-02
         0.25593E-04    0.10241E+00   -0.10191E-02    0.61889E-04
         0.10496E+00    0.64295E-03    0.84239E-04    0.86346E-01
         0.23040E-02    0.63036E-04    0.48968E-01    0.35824E-02
         0.00000E+00    0.00000E+00    0.40944E-02


   STEP NUMBER =  1   SOURCE VALUE =  0.1000E+00

     Number of iterations taken for convergence.. =  3
     The Euclidean norm of the solution error ... =  0.5828E-03
     The CONVERGED solution is:

         0.00000E+00    0.00000E+00    0.00000E+00    0.25262E-04
         0.15461E-01   -0.21832E-02    0.16743E-04    0.48122E-01
        -0.28191E-02    0.78770E-05    0.81119E-01   -0.23019E-02
         0.25119E-04    0.10247E+00   -0.10199E-02    0.60812E-04
         0.10502E+00    0.64321E-03    0.82774E-04    0.86399E-01
         0.23053E-02    0.61943E-04    0.48998E-01    0.35845E-02
         0.00000E+00    0.00000E+00    0.40969E-02

     Iteration Number =  1     Error=  0.5000E+00

         0.00000E+00    0.00000E+00    0.00000E+00    0.50556E-04
         0.30921E-01   -0.43664E-02    0.33515E-04    0.96243E-01
        -0.56381E-02    0.15771E-04    0.16223E+00   -0.46038E-02
         0.50270E-04    0.20494E+00   -0.20397E-02    0.12170E-03
         0.21004E+00    0.12864E-02    0.16565E-03    0.17279E+00
         0.46105E-02    0.12396E-03    0.97993E-01    0.71689E-02
         0.00000E+00    0.00000E+00    0.81937E-02

     Iteration Number =  2     Error=  0.4902E-01

         0.00000E+00    0.00000E+00    0.00000E+00    0.95775E-04
         0.29767E-01   -0.41959E-02    0.62510E-04    0.92274E-01
        -0.53824E-02    0.28953E-04    0.15505E+00   -0.43687E-02
         0.95201E-04    0.19541E+00   -0.19170E-02    0.23127E-03
         0.19998E+00    0.12423E-02    0.31480E-03    0.16440E+00
         0.43944E-02    0.23563E-03    0.93226E-01    0.68243E-02
         0.00000E+00    0.00000E+00    0.78014E-02

     Iteration Number =  3     Error=  0.5829E-02

         0.00000E+00    0.00000E+00    0.00000E+00    0.91329E-04
         0.29902E-01   -0.42159E-02    0.58796E-04    0.92740E-01
        -0.54128E-02    0.26849E-04    0.15590E+00   -0.43971E-02
         0.90759E-04    0.19654E+00   -0.19322E-02    0.22113E-03
         0.20119E+00    0.12472E-02    0.30102E-03    0.16542E+00
         0.44202E-02    0.22535E-03    0.93801E-01    0.68658E-02
         0.00000E+00    0.00000E+00    0.78487E-02


   STEP NUMBER =  2   SOURCE VALUE =  0.2000E+00

     Number of iterations taken for convergence.. =  4
     The Euclidean norm of the solution error ... =  0.6880E-03
     The CONVERGED solution is:

         0.00000E+00    0.00000E+00    0.00000E+00    0.91872E-04
         0.29886E-01   -0.42136E-02    0.59266E-04    0.92685E-01
        -0.54092E-02    0.27126E-04    0.15580E+00   -0.43938E-02
         0.91310E-04    0.19641E+00   -0.19304E-02    0.22237E-03
         0.20105E+00    0.12467E-02    0.30271E-03    0.16530E+00
         0.44172E-02    0.22661E-03    0.93733E-01    0.68609E-02
         0.00000E+00    0.00000E+00    0.78432E-02

     Iteration Number =  1     Error=  0.3334E+00

         0.00000E+00    0.00000E+00    0.00000E+00    0.13771E-03
         0.44832E-01   -0.63208E-02    0.88816E-04    0.13904E+00
        -0.81144E-02    0.40640E-04    0.23371E+00   -0.65912E-02
         0.13687E-03    0.29464E+00   -0.28959E-02    0.33334E-03
         0.30159E+00    0.18701E-02    0.45376E-03    0.24796E+00
         0.66263E-02    0.33969E-03    0.14061E+00    0.10292E-01
         0.00000E+00    0.00000E+00    0.11766E-01

     Iteration Number =  2     Error=  0.7152E-01

         0.00000E+00    0.00000E+00    0.00000E+00    0.19093E-03
         0.42458E-01   -0.59701E-02    0.12012E-03    0.13087E+00
        -0.75890E-02    0.53520E-04    0.21894E+00   -0.61089E-02
         0.18967E-03    0.27506E+00   -0.26448E-02    0.46438E-03
         0.28094E+00    0.17791E-02    0.63219E-03    0.23075E+00
         0.61824E-02    0.47342E-03    0.13083E+00    0.95849E-02
         0.00000E+00    0.00000E+00    0.10961E-01

     Iteration Number =  3     Error=  0.1589E-01

         0.00000E+00    0.00000E+00    0.00000E+00    0.17975E-03
         0.42979E-01   -0.60475E-02    0.11099E-03    0.13268E+00
        -0.77067E-02    0.48446E-04    0.22224E+00   -0.62190E-02
         0.17853E-03    0.27947E+00   -0.27037E-02    0.43880E-03
         0.28562E+00    0.17980E-02    0.59742E-03    0.23466E+00
         0.62826E-02    0.44750E-03    0.13306E+00    0.97459E-02
         0.00000E+00    0.00000E+00    0.11144E-01

     Iteration Number =  4     Error=  0.3557E-02

         0.00000E+00    0.00000E+00    0.00000E+00    0.18237E-03
         0.42863E-01   -0.60303E-02    0.11324E-03    0.13228E+00
        -0.76805E-02    0.49757E-04    0.22151E+00   -0.61944E-02
         0.18119E-03    0.27849E+00   -0.26905E-02    0.44478E-03
         0.28458E+00    0.17938E-02    0.60556E-03    0.23379E+00
         0.62603E-02    0.45357E-03    0.13256E+00    0.97100E-02
         0.00000E+00    0.00000E+00    0.11103E-01


   STEP NUMBER =  3   SOURCE VALUE =  0.3000E+00

     Number of iterations taken for convergence.. =  5
     The Euclidean norm of the solution error ... =  0.7957E-03
     The CONVERGED solution is:

         0.00000E+00    0.00000E+00    0.00000E+00    0.18179E-03
         0.42889E-01   -0.60342E-02    0.11273E-03    0.13237E+00
        -0.76864E-02    0.49462E-04    0.22167E+00   -0.61999E-02
         0.18060E-03    0.27871E+00   -0.26934E-02    0.44345E-03
         0.28481E+00    0.17948E-02    0.60375E-03    0.23398E+00
         0.62653E-02    0.45222E-03    0.13267E+00    0.97180E-02
         0.00000E+00    0.00000E+00    0.11112E-01

     Iteration Number =  1     Error=  0.2499E+00

         0.00000E+00    0.00000E+00    0.00000E+00    0.24255E-03
         0.57178E-01   -0.80444E-02    0.15046E-03    0.17647E+00
        -0.10247E-01    0.66038E-04    0.29551E+00   -0.82649E-02
         0.24097E-03    0.37154E+00   -0.35903E-02    0.59167E-03
         0.37968E+00    0.23927E-02    0.80554E-03    0.31192E+00
         0.83522E-02    0.60336E-03    0.17686E+00    0.12955E-01
         0.00000E+00    0.00000E+00    0.14814E-01

     Iteration Number =  2     Error=  0.8404E-01

         0.00000E+00    0.00000E+00    0.00000E+00    0.29465E-03
         0.53692E-01   -0.75297E-02    0.17689E-03    0.16449E+00
        -0.94767E-02    0.74729E-04    0.27385E+00   -0.75594E-02
         0.29259E-03    0.34286E+00   -0.32241E-02    0.72316E-03
         0.34944E+00    0.22583E-02    0.98471E-03    0.28673E+00
         0.77021E-02    0.73787E-03    0.16255E+00    0.11920E-01
         0.00000E+00    0.00000E+00    0.13636E-01

     Iteration Number =  3     Error=  0.2711E-01

         0.00000E+00    0.00000E+00    0.00000E+00    0.27726E-03
         0.54811E-01   -0.76961E-02    0.16309E-03    0.16837E+00
        -0.97299E-02    0.67266E-04    0.28095E+00   -0.77960E-02
         0.27535E-03    0.35235E+00   -0.33508E-02    0.68320E-03
         0.35951E+00    0.22991E-02    0.93040E-03    0.29515E+00
         0.79175E-02    0.69739E-03    0.16734E+00    0.12266E-01
         0.00000E+00    0.00000E+00    0.14031E-01

     Iteration Number =  4     Error=  0.9014E-02

         0.00000E+00    0.00000E+00    0.00000E+00    0.28335E-03
         0.54443E-01   -0.76415E-02    0.16825E-03    0.16710E+00
        -0.96466E-02    0.70250E-04    0.27862E+00   -0.77180E-02
         0.28151E-03    0.34922E+00   -0.33087E-02    0.69715E-03
         0.35619E+00    0.22859E-02    0.94936E-03    0.29237E+00
         0.78466E-02    0.71154E-03    0.16576E+00    0.12152E-01
         0.00000E+00    0.00000E+00    0.13901E-01

     Iteration Number =  5     Error=  0.2972E-02

         0.00000E+00    0.00000E+00    0.00000E+00    0.28136E-03
         0.54565E-01   -0.76596E-02    0.16656E-03    0.16752E+00
        -0.96741E-02    0.69261E-04    0.27939E+00   -0.77438E-02
         0.27949E-03    0.35026E+00   -0.33227E-02    0.69259E-03
         0.35729E+00    0.22902E-02    0.94316E-03    0.29329E+00
         0.78700E-02    0.70691E-03    0.16628E+00    0.12190E-01
         0.00000E+00    0.00000E+00    0.13944E-01


   STEP NUMBER =  4   SOURCE VALUE =  0.4000E+00

     Number of iterations taken for convergence.. =  6
     The Euclidean norm of the solution error ... =  0.9831E-03
     The CONVERGED solution is:

         0.00000E+00    0.00000E+00    0.00000E+00    0.28202E-03
         0.54525E-01   -0.76536E-02    0.16712E-03    0.16738E+00
        -0.96650E-02    0.69592E-04    0.27913E+00   -0.77353E-02
         0.28017E-03    0.34992E+00   -0.33181E-02    0.69410E-03
         0.35692E+00    0.22888E-02    0.94522E-03    0.29298E+00
         0.78623E-02    0.70845E-03    0.16611E+00    0.12177E-01
         0.00000E+00    0.00000E+00    0.13929E-01

     Iteration Number =  1     Error=  0.2003E+00

         0.00000E+00    0.00000E+00    0.00000E+00    0.35225E-03
         0.68172E-01   -0.95695E-02    0.20867E-03    0.20928E+00
        -0.12085E-01    0.86854E-04    0.34902E+00   -0.96726E-02
         0.34993E-03    0.43754E+00   -0.41495E-02    0.86700E-03
         0.44630E+00    0.28616E-02    0.11807E-02    0.36635E+00
         0.98310E-02    0.88493E-03    0.20771E+00    0.15227E-01
         0.00000E+00    0.00000E+00    0.17418E-01

     Iteration Number =  2     Error=  0.8980E-01

         0.00000E+00    0.00000E+00    0.00000E+00    0.39856E-03
         0.63795E-01   -0.89237E-02    0.22697E-03    0.19426E+00
        -0.11120E-01    0.89808E-04    0.32188E+00   -0.87906E-02
         0.39577E-03    0.40163E+00   -0.36930E-02    0.98797E-03
         0.40848E+00    0.26920E-02    0.13457E-02    0.33485E+00
         0.90174E-02    0.10091E-02    0.18981E+00    0.13932E-01
         0.00000E+00    0.00000E+00    0.15946E-01

     Iteration Number =  3     Error=  0.3711E-01

         0.00000E+00    0.00000E+00    0.00000E+00    0.37711E-03
         0.65607E-01   -0.91932E-02    0.21055E-03    0.20055E+00
        -0.11531E-01    0.81232E-04    0.33339E+00   -0.91740E-02
         0.37465E-03    0.41700E+00   -0.38984E-02    0.93843E-03
         0.42478E+00    0.27579E-02    0.12784E-02    0.34849E+00
         0.93662E-02    0.95895E-03    0.19758E+00    0.14493E-01
         0.00000E+00    0.00000E+00    0.16585E-01

     Iteration Number =  4     Error=  0.1618E-01

         0.00000E+00    0.00000E+00    0.00000E+00    0.38698E-03
         0.64833E-01   -0.90780E-02    0.21880E-03    0.19786E+00
        -0.11355E-01    0.85959E-04    0.32846E+00   -0.90092E-02
         0.38463E-03    0.41041E+00   -0.38095E-02    0.96111E-03
         0.41778E+00    0.27302E-02    0.13092E-02    0.34262E+00
         0.92166E-02    0.98194E-03    0.19424E+00    0.14252E-01
         0.00000E+00    0.00000E+00    0.16310E-01

     Iteration Number =  5     Error=  0.6912E-02

         0.00000E+00    0.00000E+00    0.00000E+00    0.38281E-03
         0.65166E-01   -0.91275E-02    0.21529E-03    0.19902E+00
        -0.11430E-01    0.83926E-04    0.33058E+00   -0.90801E-02
         0.38039E-03    0.41324E+00   -0.38478E-02    0.95152E-03
         0.42079E+00    0.27420E-02    0.12961E-02    0.34515E+00
         0.92809E-02    0.97220E-03    0.19567E+00    0.14356E-01
         0.00000E+00    0.00000E+00    0.16428E-01

     Iteration Number =  6     Error=  0.2980E-02

         0.00000E+00    0.00000E+00    0.00000E+00    0.38462E-03
         0.65023E-01   -0.91062E-02    0.21682E-03    0.19852E+00
        -0.11398E-01    0.84819E-04    0.32967E+00   -0.90497E-02
         0.38223E-03    0.41202E+00   -0.38314E-02    0.95568E-03
         0.41950E+00    0.27370E-02    0.13018E-02    0.34406E+00
         0.92533E-02    0.97643E-03    0.19506E+00    0.14311E-01
         0.00000E+00    0.00000E+00    0.16377E-01

     Iteration Number =  7     Error=  0.1280E-02

         0.00000E+00    0.00000E+00    0.00000E+00    0.38385E-03
         0.65084E-01   -0.91154E-02    0.21617E-03    0.19874E+00
        -0.11412E-01    0.84437E-04    0.33006E+00   -0.90628E-02
         0.38144E-03    0.41255E+00   -0.38384E-02    0.95389E-03
         0.42005E+00    0.27391E-02    0.12994E-02    0.34453E+00
         0.92652E-02    0.97462E-03    0.19532E+00    0.14330E-01
         0.00000E+00    0.00000E+00    0.16399E-01


   STEP NUMBER =  5   SOURCE VALUE =  0.5000E+00

     Number of iterations taken for convergence.. =  8
     The Euclidean norm of the solution error ... =  0.5504E-03
     The CONVERGED solution is:

         0.00000E+00    0.00000E+00    0.00000E+00    0.38418E-03
         0.65058E-01   -0.91115E-02    0.21645E-03    0.19864E+00
        -0.11406E-01    0.84602E-04    0.32989E+00   -0.90571E-02
         0.38178E-03    0.41232E+00   -0.38354E-02    0.95466E-03
         0.41982E+00    0.27382E-02    0.13004E-02    0.34433E+00
         0.92601E-02    0.97540E-03    0.19521E+00    0.14322E-01
         0.00000E+00    0.00000E+00    0.16390E-01

     Iteration Number =  1     Error=  0.1669E+00

         0.00000E+00    0.00000E+00    0.00000E+00    0.46085E-03
         0.78083E-01   -0.10936E-01    0.25959E-03    0.23842E+00
        -0.13690E-01    0.10144E-03    0.39596E+00   -0.10871E-01
         0.45796E-03    0.49490E+00   -0.46040E-02    0.11452E-02
         0.50390E+00    0.32863E-02    0.15600E-02    0.41330E+00
         0.11115E-01    0.11701E-02    0.23431E+00    0.17191E-01
         0.00000E+00    0.00000E+00    0.19672E-01

     Iteration Number =  2     Error=  0.9122E-01

         0.00000E+00    0.00000E+00    0.00000E+00    0.49925E-03
         0.73044E-01   -0.10193E-01    0.26867E-03    0.22114E+00
        -0.12583E-01    0.98318E-04    0.36478E+00   -0.98608E-02
         0.49599E-03    0.45370E+00   -0.40827E-02    0.12504E-02
         0.46052E+00    0.30900E-02    0.17037E-02    0.37718E+00
         0.10181E-01    0.12786E-02    0.21380E+00    0.15707E-01
         0.00000E+00    0.00000E+00    0.17985E-01

     Iteration Number =  3     Error=  0.4503E-01

         0.00000E+00    0.00000E+00    0.00000E+00    0.47612E-03
         0.75547E-01   -0.10565E-01    0.25174E-03    0.22984E+00
        -0.13149E-01    0.89886E-04    0.38068E+00   -0.10391E-01
         0.47340E-03    0.47493E+00   -0.43666E-02    0.11967E-02
         0.48305E+00    0.31810E-02    0.16308E-02    0.39603E+00
         0.10663E-01    0.12243E-02    0.22453E+00    0.16482E-01
         0.00000E+00    0.00000E+00    0.18868E-01

     Iteration Number =  4     Error=  0.2394E-01

         0.00000E+00    0.00000E+00    0.00000E+00    0.48911E-03
         0.74255E-01   -0.10373E-01    0.26243E-03    0.22535E+00
        -0.12856E-01    0.95947E-04    0.37245E+00   -0.10115E-01
         0.48652E-03    0.46392E+00   -0.42177E-02    0.12266E-02
         0.47134E+00    0.31351E-02    0.16715E-02    0.38622E+00
         0.10413E-01    0.12546E-02    0.21894E+00    0.16079E-01
         0.00000E+00    0.00000E+00    0.18408E-01

     Iteration Number =  5     Error=  0.1228E-01

         0.00000E+00    0.00000E+00    0.00000E+00    0.48251E-03
         0.74925E-01   -0.10473E-01    0.25695E-03    0.22768E+00
        -0.13008E-01    0.92793E-04    0.37672E+00   -0.10258E-01
         0.47980E-03    0.46964E+00   -0.42953E-02    0.12114E-02
         0.47743E+00    0.31587E-02    0.16508E-02    0.39132E+00
         0.10543E-01    0.12392E-02    0.22184E+00    0.16288E-01
         0.00000E+00    0.00000E+00    0.18647E-01

     Iteration Number =  6     Error=  0.6423E-02

         0.00000E+00    0.00000E+00    0.00000E+00    0.48599E-03
         0.74577E-01   -0.10421E-01    0.25987E-03    0.22646E+00
        -0.12929E-01    0.94488E-04    0.37450E+00   -0.10184E-01
         0.48336E-03    0.46667E+00   -0.42550E-02    0.12194E-02
         0.47427E+00    0.31464E-02    0.16617E-02    0.38867E+00
         0.10476E-01    0.12473E-02    0.22033E+00    0.16180E-01
         0.00000E+00    0.00000E+00    0.18523E-01

     Iteration Number =  7     Error=  0.3326E-02

         0.00000E+00    0.00000E+00    0.00000E+00    0.48420E-03
         0.74758E-01   -0.10448E-01    0.25837E-03    0.22709E+00
        -0.12970E-01    0.93616E-04    0.37565E+00   -0.10223E-01
         0.48152E-03    0.46821E+00   -0.42759E-02    0.12153E-02
         0.47591E+00    0.31528E-02    0.16560E-02    0.39004E+00
         0.10511E-01    0.12431E-02    0.22112E+00    0.16236E-01
         0.00000E+00    0.00000E+00    0.18588E-01

     Iteration Number =  8     Error=  0.1731E-02

         0.00000E+00    0.00000E+00    0.00000E+00    0.48513E-03
         0.74664E-01   -0.10434E-01    0.25915E-03    0.22677E+00
        -0.12949E-01    0.94072E-04    0.37505E+00   -0.10202E-01
         0.48248E-03    0.46741E+00   -0.42650E-02    0.12175E-02
         0.47506E+00    0.31495E-02    0.16590E-02    0.38933E+00
         0.10492E-01    0.12453E-02    0.22071E+00    0.16207E-01
         0.00000E+00    0.00000E+00    0.18554E-01


   STEP NUMBER =  6   SOURCE VALUE =  0.6000E+00

     Number of iterations taken for convergence.. =  9
     The Euclidean norm of the solution error ... =  0.8987E-03
     The CONVERGED solution is:

         0.00000E+00    0.00000E+00    0.00000E+00    0.48465E-03
         0.74712E-01   -0.10441E-01    0.25874E-03    0.22694E+00
        -0.12960E-01    0.93836E-04    0.37536E+00   -0.10213E-01
         0.48198E-03    0.46782E+00   -0.42707E-02    0.12163E-02
         0.47550E+00    0.31512E-02    0.16575E-02    0.38970E+00
         0.10502E-01    0.12442E-02    0.22092E+00    0.16222E-01
         0.00000E+00    0.00000E+00    0.18572E-01

     Iteration Number =  1     Error=  0.1425E+00

         0.00000E+00    0.00000E+00    0.00000E+00    0.56572E-03
         0.87135E-01   -0.12177E-01    0.30212E-03    0.26466E+00
        -0.15113E-01    0.10962E-03    0.43774E+00   -0.11909E-01
         0.56261E-03    0.54554E+00   -0.49790E-02    0.14197E-02
         0.55448E+00    0.36754E-02    0.19346E-02    0.45443E+00
         0.12246E-01    0.14522E-02    0.25762E+00    0.18916E-01
         0.00000E+00    0.00000E+00    0.21656E-01

     Iteration Number =  2     Error=  0.8993E-01

         0.00000E+00    0.00000E+00    0.00000E+00    0.59554E-03
         0.81634E-01   -0.11367E-01    0.30200E-03    0.24582E+00
        -0.13907E-01    0.10069E-03    0.40378E+00   -0.10811E-01
         0.59219E-03    0.50071E+00   -0.44145E-02    0.15073E-02
         0.50731E+00    0.34599E-02    0.20546E-02    0.41516E+00
         0.11231E-01    0.15433E-02    0.23532E+00    0.17304E-01
         0.00000E+00    0.00000E+00    0.19823E-01

     Iteration Number =  3     Error=  0.5081E-01

         0.00000E+00    0.00000E+00    0.00000E+00    0.57274E-03
         0.84767E-01   -0.11833E-01    0.28625E-03    0.25671E+00
        -0.14617E-01    0.93385E-04    0.42369E+00   -0.11475E-01
         0.57019E-03    0.52731E+00   -0.47705E-02    0.14541E-02
         0.53554E+00    0.35737E-02    0.19823E-02    0.43878E+00
         0.11835E-01    0.14894E-02    0.24877E+00    0.18275E-01
         0.00000E+00    0.00000E+00    0.20929E-01

     Iteration Number =  4     Error=  0.3143E-01

         0.00000E+00    0.00000E+00    0.00000E+00    0.58767E-03
         0.82902E-01   -0.11555E-01    0.29834E-03    0.25021E+00
        -0.14193E-01    0.10014E-03    0.41179E+00   -0.11076E-01
         0.58523E-03    0.51137E+00   -0.45545E-02    0.14886E-02
         0.51859E+00    0.35077E-02    0.20291E-02    0.42458E+00
         0.11473E-01    0.15244E-02    0.24068E+00    0.17691E-01
         0.00000E+00    0.00000E+00    0.20263E-01

     Iteration Number =  5     Error=  0.1847E-01

         0.00000E+00    0.00000E+00    0.00000E+00    0.57895E-03
         0.84016E-01   -0.11721E-01    0.29119E-03    0.25409E+00
        -0.14447E-01    0.96052E-04    0.41891E+00   -0.11315E-01
         0.57635E-03    0.52091E+00   -0.46843E-02    0.14684E-02
         0.52874E+00    0.35468E-02    0.20017E-02    0.43309E+00
         0.11689E-01    0.15039E-02    0.24553E+00    0.18041E-01
         0.00000E+00    0.00000E+00    0.20663E-01

     Iteration Number =  6     Error=  0.1120E-01

         0.00000E+00    0.00000E+00    0.00000E+00    0.58429E-03
         0.83348E-01   -0.11621E-01    0.29563E-03    0.25177E+00
        -0.14294E-01    0.98625E-04    0.41464E+00   -0.11171E-01
         0.58181E-03    0.51519E+00   -0.46064E-02    0.14807E-02
         0.52265E+00    0.35234E-02    0.20185E-02    0.42799E+00
         0.11559E-01    0.15164E-02    0.24262E+00    0.17831E-01
         0.00000E+00    0.00000E+00    0.20423E-01

     Iteration Number =  7     Error=  0.6671E-02

         0.00000E+00    0.00000E+00    0.00000E+00    0.58113E-03
         0.83748E-01   -0.11681E-01    0.29301E-03    0.25316E+00
        -0.14386E-01    0.97108E-04    0.41720E+00   -0.11257E-01
         0.57857E-03    0.51862E+00   -0.46531E-02    0.14734E-02
         0.52630E+00    0.35374E-02    0.20085E-02    0.43105E+00
         0.11637E-01    0.15090E-02    0.24436E+00    0.17957E-01
         0.00000E+00    0.00000E+00    0.20567E-01

     Iteration Number =  8     Error=  0.4016E-02

         0.00000E+00    0.00000E+00    0.00000E+00    0.58303E-03
         0.83508E-01   -0.11645E-01    0.29459E-03    0.25233E+00
        -0.14331E-01    0.98029E-04    0.41566E+00   -0.11206E-01
         0.58053E-03    0.51656E+00   -0.46251E-02    0.14778E-02
         0.52411E+00    0.35290E-02    0.20145E-02    0.42921E+00
         0.11591E-01    0.15134E-02    0.24332E+00    0.17881E-01
         0.00000E+00    0.00000E+00    0.20480E-01

     Iteration Number =  9     Error=  0.2402E-02

         0.00000E+00    0.00000E+00    0.00000E+00    0.58189E-03
         0.83652E-01   -0.11667E-01    0.29365E-03    0.25283E+00
        -0.14364E-01    0.97481E-04    0.41658E+00   -0.11237E-01
         0.57936E-03    0.51779E+00   -0.46419E-02    0.14752E-02
         0.52542E+00    0.35341E-02    0.20109E-02    0.43031E+00
         0.11619E-01    0.15108E-02    0.24394E+00    0.17927E-01
         0.00000E+00    0.00000E+00    0.20532E-01

     Iteration Number = 10     Error=  0.1442E-02

         0.00000E+00    0.00000E+00    0.00000E+00    0.58258E-03
         0.83566E-01   -0.11654E-01    0.29422E-03    0.25253E+00
        -0.14344E-01    0.97811E-04    0.41603E+00   -0.11218E-01
         0.58006E-03    0.51706E+00   -0.46318E-02    0.14768E-02
         0.52464E+00    0.35310E-02    0.20131E-02    0.42965E+00
         0.11602E-01    0.15124E-02    0.24357E+00    0.17899E-01
         0.00000E+00    0.00000E+00    0.20501E-01


   STEP NUMBER =  7   SOURCE VALUE =  0.7000E+00

     Number of iterations taken for convergence.. = 11
     The Euclidean norm of the solution error ... =  0.8638E-03
     The CONVERGED solution is:

         0.00000E+00    0.00000E+00    0.00000E+00    0.58217E-03
         0.83618E-01   -0.11661E-01    0.29387E-03    0.25271E+00
        -0.14356E-01    0.97613E-04    0.41636E+00   -0.11229E-01
         0.57964E-03    0.51750E+00   -0.46379E-02    0.14758E-02
         0.52511E+00    0.35328E-02    0.20118E-02    0.43005E+00
         0.11612E-01    0.15114E-02    0.24379E+00    0.17916E-01
         0.00000E+00    0.00000E+00    0.20520E-01

     Iteration Number =  1     Error=  0.1245E+00

         0.00000E+00    0.00000E+00    0.00000E+00    0.66562E-03
         0.95528E-01   -0.13322E-01    0.33609E-03    0.28868E+00
        -0.16398E-01    0.11169E-03    0.47561E+00   -0.12826E-01
         0.66273E-03    0.59112E+00   -0.52963E-02    0.16873E-02
         0.59980E+00    0.40363E-02    0.23001E-02    0.49121E+00
         0.13264E-01    0.17280E-02    0.27847E+00    0.20464E-01
         0.00000E+00    0.00000E+00    0.23438E-01

     Iteration Number =  2     Error=  0.8776E-01

         0.00000E+00    0.00000E+00    0.00000E+00    0.68729E-03
         0.89681E-01   -0.12462E-01    0.32764E-03    0.26869E+00
        -0.15120E-01    0.97637E-04    0.43961E+00   -0.11664E-01
         0.68434E-03    0.54361E+00   -0.47008E-02    0.17579E-02
         0.54985E+00    0.38062E-02    0.23972E-02    0.44965E+00
         0.12188E-01    0.18022E-02    0.25487E+00    0.18757E-01
         0.00000E+00    0.00000E+00    0.21498E-01

     Iteration Number =  3     Error=  0.5516E-01

         0.00000E+00    0.00000E+00    0.00000E+00    0.66612E-03
         0.93386E-01   -0.13013E-01    0.31412E-03    0.28157E+00
        -0.15960E-01    0.92049E-04    0.46316E+00   -0.12450E-01
         0.66426E-03    0.57510E+00   -0.51228E-02    0.17082E-02
         0.58327E+00    0.39407E-02    0.23297E-02    0.47762E+00
         0.12903E-01    0.17519E-02    0.27079E+00    0.19907E-01
         0.00000E+00    0.00000E+00    0.22808E-01

     Iteration Number =  4     Error=  0.3845E-01

         0.00000E+00    0.00000E+00    0.00000E+00    0.68182E-03
         0.90922E-01   -0.12646E-01    0.32658E-03    0.27298E+00
        -0.15398E-01    0.98878E-04    0.44741E+00   -0.11921E-01
         0.68000E-03    0.55399E+00   -0.48356E-02    0.17446E-02
         0.56081E+00    0.38539E-02    0.23791E-02    0.45879E+00
         0.12423E-01    0.17887E-02    0.26007E+00    0.19133E-01
         0.00000E+00    0.00000E+00    0.21925E-01

     Iteration Number =  5     Error=  0.2510E-01

         0.00000E+00    0.00000E+00    0.00000E+00    0.67159E-03
         0.92567E-01   -0.12891E-01    0.31829E-03    0.27872E+00
        -0.15774E-01    0.94180E-04    0.45795E+00   -0.12276E-01
         0.66956E-03    0.56812E+00   -0.50287E-02    0.17207E-02
         0.57585E+00    0.39112E-02    0.23467E-02    0.47141E+00
         0.12744E-01    0.17646E-02    0.26726E+00    0.19652E-01
         0.00000E+00    0.00000E+00    0.22517E-01

     Iteration Number =  6     Error=  0.1713E-01

         0.00000E+00    0.00000E+00    0.00000E+00    0.67863E-03
         0.91463E-01   -0.12726E-01    0.32411E-03    0.27487E+00
        -0.15522E-01    0.97550E-04    0.45088E+00   -0.12038E-01
         0.67680E-03    0.55864E+00   -0.48990E-02    0.17371E-02
         0.56576E+00    0.38728E-02    0.23690E-02    0.46294E+00
         0.12529E-01    0.17812E-02    0.26243E+00    0.19303E-01
         0.00000E+00    0.00000E+00    0.22119E-01

     Iteration Number =  7     Error=  0.1135E-01

         0.00000E+00    0.00000E+00    0.00000E+00    0.67398E-03
         0.92203E-01   -0.12837E-01    0.32029E-03    0.27745E+00
        -0.15691E-01    0.95344E-04    0.45561E+00   -0.12197E-01
         0.67202E-03    0.56499E+00   -0.49860E-02    0.17263E-02
         0.57253E+00    0.38985E-02    0.23543E-02    0.46862E+00
         0.12673E-01    0.17702E-02    0.26567E+00    0.19537E-01
         0.00000E+00    0.00000E+00    0.22386E-01

     Iteration Number =  8     Error=  0.7677E-02

         0.00000E+00    0.00000E+00    0.00000E+00    0.67714E-03
         0.91706E-01   -0.12763E-01    0.32290E-03    0.27571E+00
        -0.15577E-01    0.96856E-04    0.45244E+00   -0.12090E-01
         0.67526E-03    0.56073E+00   -0.49276E-02    0.17336E-02
         0.56798E+00    0.38813E-02    0.23642E-02    0.46481E+00
         0.12576E-01    0.17776E-02    0.26349E+00    0.19380E-01
         0.00000E+00    0.00000E+00    0.22207E-01

     Iteration Number =  9     Error=  0.5122E-02

         0.00000E+00    0.00000E+00    0.00000E+00    0.67504E-03
         0.92039E-01   -0.12812E-01    0.32117E-03    0.27688E+00
        -0.15653E-01    0.95855E-04    0.45457E+00   -0.12162E-01
         0.67310E-03    0.56359E+00   -0.49667E-02    0.17287E-02
         0.57103E+00    0.38929E-02    0.23576E-02    0.46736E+00
         0.12641E-01    0.17727E-02    0.26495E+00    0.19485E-01
         0.00000E+00    0.00000E+00    0.22327E-01

     Iteration Number = 10     Error=  0.3448E-02

         0.00000E+00    0.00000E+00    0.00000E+00    0.67645E-03
         0.91816E-01   -0.12779E-01    0.32234E-03    0.27610E+00
        -0.15602E-01    0.96533E-04    0.45314E+00   -0.12114E-01
         0.67456E-03    0.56167E+00   -0.49405E-02    0.17320E-02
         0.56899E+00    0.38851E-02    0.23621E-02    0.46565E+00
         0.12598E-01    0.17760E-02    0.26397E+00    0.19415E-01
         0.00000E+00    0.00000E+00    0.22247E-01

     Iteration Number = 11     Error=  0.2307E-02

         0.00000E+00    0.00000E+00    0.00000E+00    0.67551E-03
         0.91966E-01   -0.12801E-01    0.32156E-03    0.27662E+00
        -0.15637E-01    0.96081E-04    0.45410E+00   -0.12146E-01
         0.67359E-03    0.56296E+00   -0.49581E-02    0.17298E-02
         0.57036E+00    0.38903E-02    0.23591E-02    0.46680E+00
         0.12627E-01    0.17738E-02    0.26463E+00    0.19462E-01
         0.00000E+00    0.00000E+00    0.22301E-01

     Iteration Number = 12     Error=  0.1550E-02

         0.00000E+00    0.00000E+00    0.00000E+00    0.67614E-03
         0.91865E-01   -0.12786E-01    0.32208E-03    0.27627E+00
        -0.15614E-01    0.96385E-04    0.45345E+00   -0.12124E-01
         0.67424E-03    0.56209E+00   -0.49463E-02    0.17313E-02
         0.56944E+00    0.38868E-02    0.23611E-02    0.46603E+00
         0.12607E-01    0.17753E-02    0.26419E+00    0.19430E-01
         0.00000E+00    0.00000E+00    0.22264E-01

     Iteration Number = 13     Error=  0.1038E-02

         0.00000E+00    0.00000E+00    0.00000E+00    0.67572E-03
         0.91933E-01   -0.12796E-01    0.32173E-03    0.27650E+00
        -0.15629E-01    0.96182E-04    0.45388E+00   -0.12139E-01
         0.67380E-03    0.56267E+00   -0.49542E-02    0.17303E-02
         0.57005E+00    0.38891E-02    0.23597E-02    0.46654E+00
         0.12621E-01    0.17743E-02    0.26448E+00    0.19451E-01
         0.00000E+00    0.00000E+00    0.22289E-01


   STEP NUMBER =  8   SOURCE VALUE =  0.8000E+00

     Number of iterations taken for convergence.. = 14
     The Euclidean norm of the solution error ... =  0.6969E-03
     The CONVERGED solution is:

         0.00000E+00    0.00000E+00    0.00000E+00    0.67600E-03
         0.91887E-01   -0.12790E-01    0.32197E-03    0.27635E+00
        -0.15619E-01    0.96319E-04    0.45360E+00   -0.12129E-01
         0.67410E-03    0.56228E+00   -0.49489E-02    0.17310E-02
         0.56964E+00    0.38876E-02    0.23606E-02    0.46620E+00
         0.12612E-01    0.17750E-02    0.26429E+00    0.19437E-01
         0.00000E+00    0.00000E+00    0.22272E-01

     Iteration Number =  1     Error=  0.1115E+00

         0.00000E+00    0.00000E+00    0.00000E+00    0.76029E-03
         0.10341E+00   -0.14393E-01    0.36204E-03    0.31101E+00
        -0.17579E-01    0.10826E-03    0.51051E+00   -0.13653E-01
         0.75814E-03    0.63286E+00   -0.55715E-02    0.19469E-02
         0.64116E+00    0.43747E-02    0.26550E-02    0.52473E+00
         0.14195E-01    0.19963E-02    0.29747E+00    0.21878E-01
         0.00000E+00    0.00000E+00    0.25069E-01

     Iteration Number =  2     Error=  0.8578E-01

         0.00000E+00    0.00000E+00    0.00000E+00    0.77461E-03
         0.97263E-01   -0.13490E-01    0.34629E-03    0.29001E+00
        -0.16238E-01    0.89813E-04    0.47273E+00   -0.12436E-01
         0.77259E-03    0.58305E+00   -0.49493E-02    0.20021E-02
         0.58880E+00    0.41321E-02    0.27315E-02    0.48118E+00
         0.13067E-01    0.20553E-02    0.27275E+00    0.20089E-01
         0.00000E+00    0.00000E+00    0.23036E-01

     Iteration Number =  3     Error=  0.5878E-01

         0.00000E+00    0.00000E+00    0.00000E+00    0.75585E-03
         0.10151E+00   -0.14121E-01    0.33560E-03    0.30477E+00
        -0.17201E-01    0.86262E-04    0.49975E+00   -0.13339E-01
         0.75522E-03    0.61917E+00   -0.54341E-02    0.19577E-02
         0.62715E+00    0.42858E-02    0.26712E-02    0.51328E+00
         0.13887E-01    0.20104E-02    0.29102E+00    0.21409E-01
         0.00000E+00    0.00000E+00    0.24540E-01

     Iteration Number =  4     Error=  0.4514E-01

         0.00000E+00    0.00000E+00    0.00000E+00    0.77133E-03
         0.98420E-01   -0.13661E-01    0.34758E-03    0.29401E+00
        -0.16496E-01    0.92657E-04    0.47998E+00   -0.12673E-01
         0.77065E-03    0.59266E+00   -0.50722E-02    0.19936E-02
         0.59893E+00    0.41778E-02    0.27200E-02    0.48962E+00
         0.13285E-01    0.20468E-02    0.27754E+00    0.20436E-01
         0.00000E+00    0.00000E+00    0.23429E-01

     Iteration Number =  5     Error=  0.3202E-01

         0.00000E+00    0.00000E+00    0.00000E+00    0.76029E-03
         0.10067E+00   -0.13998E-01    0.33877E-03    0.30187E+00
        -0.17012E-01    0.87707E-04    0.49444E+00   -0.13161E-01
         0.75939E-03    0.61207E+00   -0.53386E-02    0.19679E-02
         0.61961E+00    0.42557E-02    0.26850E-02    0.50697E+00
         0.13726E-01    0.20206E-02    0.28743E+00    0.21149E-01
         0.00000E+00    0.00000E+00    0.24244E-01

     Iteration Number =  6     Error=  0.2410E-01

         0.00000E+00    0.00000E+00    0.00000E+00    0.76866E-03
         0.99018E-01   -0.13750E-01    0.34564E-03    0.29609E+00
        -0.16633E-01    0.91681E-04    0.48382E+00   -0.12802E-01
         0.76800E-03    0.59780E+00   -0.51426E-02    0.19874E-02
         0.60441E+00    0.41986E-02    0.27115E-02    0.49421E+00
         0.13402E-01    0.20404E-02    0.28016E+00    0.20625E-01
         0.00000E+00    0.00000E+00    0.23645E-01

     Iteration Number =  7     Error=  0.1737E-01

         0.00000E+00    0.00000E+00    0.00000E+00    0.76264E-03
         0.10023E+00   -0.13932E-01    0.34074E-03    0.30033E+00
        -0.16911E-01    0.88858E-04    0.49161E+00   -0.13065E-01
         0.76180E-03    0.60827E+00   -0.52865E-02    0.19733E-02
         0.61556E+00    0.42404E-02    0.26924E-02    0.50358E+00
         0.13640E-01    0.20262E-02    0.28550E+00    0.21010E-01
         0.00000E+00    0.00000E+00    0.24084E-01

     Iteration Number =  8     Error=  0.1293E-01

         0.00000E+00    0.00000E+00    0.00000E+00    0.76713E-03
         0.99340E-01   -0.13798E-01    0.34443E-03    0.29722E+00
        -0.16706E-01    0.91000E-04    0.48588E+00   -0.12872E-01
         0.76644E-03    0.60058E+00   -0.51808E-02    0.19838E-02
         0.60737E+00    0.42097E-02    0.27066E-02    0.49670E+00
         0.13465E-01    0.20368E-02    0.28157E+00    0.20727E-01
         0.00000E+00    0.00000E+00    0.23761E-01

     Iteration Number =  9     Error=  0.9399E-02

         0.00000E+00    0.00000E+00    0.00000E+00    0.76388E-03
         0.99995E-01   -0.13896E-01    0.34177E-03    0.29950E+00
        -0.16856E-01    0.89461E-04    0.49008E+00   -0.13014E-01
         0.76307E-03    0.60622E+00   -0.52584E-02    0.19762E-02
         0.61338E+00    0.42323E-02    0.26963E-02    0.50174E+00
         0.13593E-01    0.20291E-02    0.28445E+00    0.20934E-01
         0.00000E+00    0.00000E+00    0.23999E-01

     Iteration Number = 10     Error=  0.6951E-02

         0.00000E+00    0.00000E+00    0.00000E+00    0.76629E-03
         0.99514E-01   -0.13824E-01    0.34375E-03    0.29782E+00
        -0.16746E-01    0.90610E-04    0.48700E+00   -0.12910E-01
         0.76556E-03    0.60208E+00   -0.52014E-02    0.19818E-02
         0.60896E+00    0.42157E-02    0.27039E-02    0.49804E+00
         0.13499E-01    0.20348E-02    0.28234E+00    0.20782E-01
         0.00000E+00    0.00000E+00    0.23824E-01

     Iteration Number = 11     Error=  0.5077E-02

         0.00000E+00    0.00000E+00    0.00000E+00    0.76453E-03
         0.99867E-01   -0.13877E-01    0.34231E-03    0.29906E+00
        -0.16827E-01    0.89776E-04    0.48926E+00   -0.12986E-01
         0.76375E-03    0.60512E+00   -0.52432E-02    0.19777E-02
         0.61221E+00    0.42278E-02    0.26983E-02    0.50076E+00
         0.13568E-01    0.20306E-02    0.28389E+00    0.20894E-01
         0.00000E+00    0.00000E+00    0.23952E-01

     Iteration Number = 12     Error=  0.3742E-02

         0.00000E+00    0.00000E+00    0.00000E+00    0.76583E-03
         0.99608E-01   -0.13838E-01    0.34337E-03    0.29815E+00
        -0.16768E-01    0.90394E-04    0.48760E+00   -0.12930E-01
         0.76509E-03    0.60289E+00   -0.52125E-02    0.19807E-02
         0.60983E+00    0.42189E-02    0.27025E-02    0.49876E+00
         0.13517E-01    0.20337E-02    0.28275E+00    0.20812E-01
         0.00000E+00    0.00000E+00    0.23858E-01

     Iteration Number = 13     Error=  0.2740E-02

         0.00000E+00    0.00000E+00    0.00000E+00    0.76488E-03
         0.99798E-01   -0.13867E-01    0.34259E-03    0.29882E+00
        -0.16811E-01    0.89943E-04    0.48882E+00   -0.12971E-01
         0.76411E-03    0.60453E+00   -0.52351E-02    0.19785E-02
         0.61157E+00    0.42255E-02    0.26994E-02    0.50023E+00
         0.13555E-01    0.20314E-02    0.28359E+00    0.20872E-01
         0.00000E+00    0.00000E+00    0.23927E-01

     Iteration Number = 14     Error=  0.2016E-02

         0.00000E+00    0.00000E+00    0.00000E+00    0.76558E-03
         0.99659E-01   -0.13846E-01    0.34317E-03    0.29833E+00
        -0.16779E-01    0.90276E-04    0.48792E+00   -0.12941E-01
         0.76483E-03    0.60332E+00   -0.52185E-02    0.19801E-02
         0.61029E+00    0.42207E-02    0.27017E-02    0.49915E+00
         0.13527E-01    0.20331E-02    0.28297E+00    0.20828E-01
         0.00000E+00    0.00000E+00    0.23877E-01

     Iteration Number = 15     Error=  0.1478E-02

         0.00000E+00    0.00000E+00    0.00000E+00    0.76506E-03
         0.99761E-01   -0.13861E-01    0.34275E-03    0.29869E+00
        -0.16803E-01    0.90033E-04    0.48858E+00   -0.12963E-01
         0.76430E-03    0.60421E+00   -0.52307E-02    0.19789E-02
         0.61123E+00    0.42242E-02    0.27000E-02    0.49994E+00
         0.13547E-01    0.20319E-02    0.28342E+00    0.20860E-01
         0.00000E+00    0.00000E+00    0.23914E-01

     Iteration Number = 16     Error=  0.1086E-02

         0.00000E+00    0.00000E+00    0.00000E+00    0.76544E-03
         0.99686E-01   -0.13850E-01    0.34306E-03    0.29842E+00
        -0.16786E-01    0.90212E-04    0.48810E+00   -0.12947E-01
         0.76469E-03    0.60356E+00   -0.52217E-02    0.19798E-02
         0.61054E+00    0.42216E-02    0.27012E-02    0.49936E+00
         0.13533E-01    0.20328E-02    0.28309E+00    0.20836E-01
         0.00000E+00    0.00000E+00    0.23887E-01


   STEP NUMBER =  9   SOURCE VALUE =  0.9000E+00

     Number of iterations taken for convergence.. = 17
     The Euclidean norm of the solution error ... =  0.7970E-03
     The CONVERGED solution is:

         0.00000E+00    0.00000E+00    0.00000E+00    0.76516E-03
         0.99741E-01   -0.13858E-01    0.34283E-03    0.29862E+00
        -0.16798E-01    0.90080E-04    0.48845E+00   -0.12959E-01
         0.76440E-03    0.60403E+00   -0.52283E-02    0.19792E-02
         0.61105E+00    0.42235E-02    0.27003E-02    0.49979E+00
         0.13543E-01    0.20321E-02    0.28334E+00    0.20854E-01
         0.00000E+00    0.00000E+00    0.23907E-01

     Iteration Number =  1     Error=  0.9947E-01

         0.00000E+00    0.00000E+00    0.00000E+00    0.85041E-03
         0.11078E+00   -0.15391E-01    0.38111E-03    0.33164E+00
        -0.18654E-01    0.10020E-03    0.54244E+00   -0.14389E-01
         0.84957E-03    0.67076E+00   -0.58039E-02    0.21996E-02
         0.67853E+00    0.46912E-02    0.30011E-02    0.55497E+00
         0.15039E-01    0.22584E-02    0.31462E+00    0.23157E-01
         0.00000E+00    0.00000E+00    0.26547E-01

     Iteration Number =  2     Error=  0.8198E-01

         0.00000E+00    0.00000E+00    0.00000E+00    0.85746E-03
         0.10451E+00   -0.14470E-01    0.35846E-03    0.31024E+00
        -0.17290E-01    0.77713E-04    0.50399E+00   -0.13154E-01
         0.85695E-03    0.62011E+00   -0.51744E-02    0.22394E-02
         0.62534E+00    0.44425E-02    0.30568E-02    0.51074E+00
         0.13893E-01    0.23021E-02    0.28952E+00    0.21340E-01
         0.00000E+00    0.00000E+00    0.24482E-01

     Iteration Number =  3     Error=  0.6042E-01

         0.00000E+00    0.00000E+00    0.00000E+00    0.84208E-03
         0.10915E+00   -0.15161E-01    0.35133E-03    0.32640E+00
        -0.18345E-01    0.76594E-04    0.53356E+00   -0.14143E-01
         0.84330E-03    0.65967E+00   -0.57061E-02    0.22027E-02
         0.66734E+00    0.46104E-02    0.30069E-02    0.54590E+00
         0.14791E-01    0.22650E-02    0.30954E+00    0.22786E-01
         0.00000E+00    0.00000E+00    0.26130E-01

     Iteration Number =  4     Error=  0.5023E-01

         0.00000E+00    0.00000E+00    0.00000E+00    0.85609E-03
         0.10552E+00   -0.14620E-01    0.36179E-03    0.31372E+00
        -0.17514E-01    0.81921E-04    0.51027E+00   -0.13357E-01
         0.85709E-03    0.62840E+00   -0.52775E-02    0.22353E-02
         0.63403E+00    0.44842E-02    0.30511E-02    0.51796E+00
         0.14081E-01    0.22979E-02    0.29361E+00    0.21637E-01
         0.00000E+00    0.00000E+00    0.24818E-01

     Iteration Number =  5     Error=  0.3814E-01

         0.00000E+00    0.00000E+00    0.00000E+00    0.84530E-03
         0.10838E+00   -0.15046E-01    0.35331E-03    0.32370E+00
        -0.18169E-01    0.77222E-04    0.52863E+00   -0.13978E-01
         0.84609E-03    0.65307E+00   -0.56177E-02    0.22100E-02
         0.66034E+00    0.45820E-02    0.30167E-02    0.54005E+00
         0.14641E-01    0.22723E-02    0.30620E+00    0.22545E-01
         0.00000E+00    0.00000E+00    0.25856E-01

     Iteration Number =  6     Error=  0.3115E-01

         0.00000E+00    0.00000E+00    0.00000E+00    0.85416E-03
         0.10612E+00   -0.14708E-01    0.36054E-03    0.31580E+00
        -0.17650E-01    0.81401E-04    0.51409E+00   -0.13486E-01
         0.85524E-03    0.63353E+00   -0.53479E-02    0.22307E-02
         0.63950E+00    0.45048E-02    0.30449E-02    0.52255E+00
         0.14197E-01    0.22933E-02    0.29622E+00    0.21825E-01
         0.00000E+00    0.00000E+00    0.25034E-01

     Iteration Number =  7     Error=  0.2403E-01

         0.00000E+00    0.00000E+00    0.00000E+00    0.84733E-03
         0.10790E+00   -0.14975E-01    0.35502E-03    0.32204E+00
        -0.18060E-01    0.78225E-04    0.52558E+00   -0.13875E-01
         0.84818E-03    0.64897E+00   -0.55612E-02    0.22147E-02
         0.65597E+00    0.45657E-02    0.30231E-02    0.53638E+00
         0.14548E-01    0.22770E-02    0.30411E+00    0.22394E-01
         0.00000E+00    0.00000E+00    0.25683E-01

     Iteration Number =  8     Error=  0.1940E-01

         0.00000E+00    0.00000E+00    0.00000E+00    0.85285E-03
         0.10649E+00   -0.14764E-01    0.35954E-03    0.31710E+00
        -0.17735E-01    0.80856E-04    0.51648E+00   -0.13567E-01
         0.85390E-03    0.63674E+00   -0.53923E-02    0.22276E-02
         0.64293E+00    0.45175E-02    0.30407E-02    0.52543E+00
         0.14270E-01    0.22902E-02    0.29786E+00    0.21944E-01
         0.00000E+00    0.00000E+00    0.25169E-01

     Iteration Number =  9     Error=  0.1510E-01

         0.00000E+00    0.00000E+00    0.00000E+00    0.84855E-03
         0.10761E+00   -0.14931E-01    0.35605E-03    0.32101E+00
        -0.17992E-01    0.78840E-04    0.52367E+00   -0.13810E-01
         0.84945E-03    0.64641E+00   -0.55259E-02    0.22175E-02
         0.65324E+00    0.45556E-02    0.30270E-02    0.53408E+00
         0.14490E-01    0.22799E-02    0.30280E+00    0.22300E-01
         0.00000E+00    0.00000E+00    0.25576E-01

     Iteration Number = 10     Error=  0.1210E-01

         0.00000E+00    0.00000E+00    0.00000E+00    0.85200E-03
         0.10672E+00   -0.14799E-01    0.35887E-03    0.31791E+00
        -0.17789E-01    0.80478E-04    0.51798E+00   -0.13618E-01
         0.85302E-03    0.63876E+00   -0.54202E-02    0.22256E-02
         0.64508E+00    0.45254E-02    0.30380E-02    0.52723E+00
         0.14316E-01    0.22881E-02    0.29889E+00    0.22018E-01
         0.00000E+00    0.00000E+00    0.25254E-01

     Iteration Number = 11     Error=  0.9479E-02

         0.00000E+00    0.00000E+00    0.00000E+00    0.84930E-03
         0.10742E+00   -0.14903E-01    0.35668E-03    0.32036E+00
        -0.17950E-01    0.79209E-04    0.52248E+00   -0.13770E-01
         0.85023E-03    0.64481E+00   -0.55038E-02    0.22193E-02
         0.65153E+00    0.45493E-02    0.30294E-02    0.53265E+00
         0.14453E-01    0.22817E-02    0.30199E+00    0.22241E-01
         0.00000E+00    0.00000E+00    0.25508E-01

     Iteration Number = 12     Error=  0.7559E-02

         0.00000E+00    0.00000E+00    0.00000E+00    0.85145E-03
         0.10687E+00   -0.14820E-01    0.35844E-03    0.31842E+00
        -0.17822E-01    0.80230E-04    0.51892E+00   -0.13649E-01
         0.85246E-03    0.64002E+00   -0.54376E-02    0.22243E-02
         0.64642E+00    0.45304E-02    0.30362E-02    0.52836E+00
         0.14345E-01    0.22868E-02    0.29954E+00    0.22064E-01
         0.00000E+00    0.00000E+00    0.25307E-01

     Iteration Number = 13     Error=  0.5944E-02

         0.00000E+00    0.00000E+00    0.00000E+00    0.84976E-03
         0.10731E+00   -0.14886E-01    0.35706E-03    0.31995E+00
        -0.17923E-01    0.79433E-04    0.52174E+00   -0.13745E-01
         0.85070E-03    0.64381E+00   -0.54900E-02    0.22203E-02
         0.65046E+00    0.45453E-02    0.30308E-02    0.53175E+00
         0.14431E-01    0.22828E-02    0.30147E+00    0.22204E-01
         0.00000E+00    0.00000E+00    0.25466E-01

     Iteration Number = 14     Error=  0.4726E-02

         0.00000E+00    0.00000E+00    0.00000E+00    0.85111E-03
         0.10696E+00   -0.14834E-01    0.35816E-03    0.31874E+00
        -0.17843E-01    0.80070E-04    0.51951E+00   -0.13669E-01
         0.85210E-03    0.64081E+00   -0.54486E-02    0.22235E-02
         0.64726E+00    0.45335E-02    0.30351E-02    0.52907E+00
         0.14363E-01    0.22860E-02    0.29994E+00    0.22094E-01
         0.00000E+00    0.00000E+00    0.25340E-01

     Iteration Number = 15     Error=  0.3724E-02

         0.00000E+00    0.00000E+00    0.00000E+00    0.85005E-03
         0.10723E+00   -0.14875E-01    0.35729E-03    0.31970E+00
        -0.17906E-01    0.79570E-04    0.52127E+00   -0.13729E-01
         0.85100E-03    0.64318E+00   -0.54813E-02    0.22210E-02
         0.64979E+00    0.45429E-02    0.30317E-02    0.53119E+00
         0.14417E-01    0.22835E-02    0.30115E+00    0.22181E-01
         0.00000E+00    0.00000E+00    0.25440E-01

     Iteration Number = 16     Error=  0.2956E-02

         0.00000E+00    0.00000E+00    0.00000E+00    0.85089E-03
         0.10702E+00   -0.14843E-01    0.35798E-03    0.31894E+00
        -0.17856E-01    0.79968E-04    0.51987E+00   -0.13682E-01
         0.85187E-03    0.64131E+00   -0.54554E-02    0.22230E-02
         0.64779E+00    0.45355E-02    0.30344E-02    0.52951E+00
         0.14374E-01    0.22855E-02    0.30019E+00    0.22112E-01
         0.00000E+00    0.00000E+00    0.25361E-01

     Iteration Number = 17     Error=  0.2333E-02

         0.00000E+00    0.00000E+00    0.00000E+00    0.85022E-03
         0.10719E+00   -0.14868E-01    0.35744E-03    0.31954E+00
        -0.17896E-01    0.79655E-04    0.52098E+00   -0.13719E-01
         0.85118E-03    0.64279E+00   -0.54759E-02    0.22214E-02
         0.64938E+00    0.45413E-02    0.30323E-02    0.53084E+00
         0.14408E-01    0.22839E-02    0.30095E+00    0.22166E-01
         0.00000E+00    0.00000E+00    0.25423E-01

     Iteration Number = 18     Error=  0.1849E-02

         0.00000E+00    0.00000E+00    0.00000E+00    0.85075E-03
         0.10705E+00   -0.14848E-01    0.35787E-03    0.31907E+00
        -0.17865E-01    0.79904E-04    0.52010E+00   -0.13690E-01
         0.85173E-03    0.64162E+00   -0.54597E-02    0.22227E-02
         0.64812E+00    0.45367E-02    0.30340E-02    0.52979E+00
         0.14381E-01    0.22851E-02    0.30035E+00    0.22123E-01
         0.00000E+00    0.00000E+00    0.25374E-01

     Iteration Number = 19     Error=  0.1461E-02

         0.00000E+00    0.00000E+00    0.00000E+00    0.85033E-03
         0.10716E+00   -0.14864E-01    0.35753E-03    0.31944E+00
        -0.17889E-01    0.79707E-04    0.52080E+00   -0.13713E-01
         0.85130E-03    0.64255E+00   -0.54725E-02    0.22217E-02
         0.64911E+00    0.45403E-02    0.30327E-02    0.53062E+00
         0.14402E-01    0.22842E-02    0.30083E+00    0.22157E-01
         0.00000E+00    0.00000E+00    0.25413E-01

     Iteration Number = 20     Error=  0.1157E-02

         0.00000E+00    0.00000E+00    0.00000E+00    0.85066E-03
         0.10707E+00   -0.14851E-01    0.35780E-03    0.31915E+00
        -0.17870E-01    0.79863E-04    0.52025E+00   -0.13695E-01
         0.85164E-03    0.64181E+00   -0.54624E-02    0.22225E-02
         0.64833E+00    0.45374E-02    0.30337E-02    0.52996E+00
         0.14385E-01    0.22849E-02    0.30045E+00    0.22130E-01
         0.00000E+00    0.00000E+00    0.25382E-01


   STEP NUMBER = 10   SOURCE VALUE =  0.1000E+01

     Number of iterations taken for convergence.. = 21
     The Euclidean norm of the solution error ... =  0.9148E-03
     The CONVERGED solution is:

         0.00000E+00    0.00000E+00    0.00000E+00    0.85040E-03
         0.10714E+00   -0.14861E-01    0.35759E-03    0.31938E+00
        -0.17885E-01    0.79740E-04    0.52068E+00   -0.13709E-01
         0.85137E-03    0.64239E+00   -0.54704E-02    0.22219E-02
         0.64895E+00    0.45397E-02    0.30329E-02    0.53048E+00
         0.14399E-01    0.22843E-02    0.30075E+00    0.22152E-01
         0.00000E+00    0.00000E+00    0.25407E-01
