     *** ECHO OF THE INPUT DATA STARTS ***

Example 5.2.1: Nonlinear analysis of a hinged-hinged beam problem               
  2   0   8                        MODEL,IEL,NEM                                
  0.0  100.0                       X0,AL                                        
  1  1  30.0E06  0.3               B,H,E,GNIU                                   
                                                                                
  0.0  0.0  0.0                    FX0,FX1,FX2                                  
  10.0  0.0  0.0                    QX0,QX1,QX2                                 
  5   0   0                        NSPV,NSSV,NSMB                               
  1   1   0.0                       ISPV(1,1),ISPV(1,2),VSPV(1)                 
  1   2   0.0                       ISPV(2,1),ISPV(2,2),VSPV(2)                 
  1   3   0.0                       ISPV(3,1),ISPV(3,2),VSPV(3)                 
  9   1   0.0                       ISPV(4,1),ISPV(4,2),VSPV(4)                 
  9   2   0.0                       ISPV(5,1),ISPV(5,2),VSPV(5)                 
                                                                                
  1   0                            NONLIN,NPRNT                                 
  10   50  1.0E-03  0.0             NLS, ITMAX, EPS, GAMA                       
  2   1                            NGP, LGP                                     
  0.1 0.1 0.1 0.1 0.1                                                           
  0.1 0.1 0.1 0.1 0.1              DP(I)                                        
                                                                                
  0.0 0.0 0.0 0.0 0.0 0.0 0.0                                                   
  0.0 0.0 0.0 0.0 0.0 0.0 0.0                                                   
  0.0 0.0 0.0 0.0 0.0 0.0 0.0                                                   
  0.0 0.0 0.0 0.0 0.0 0.0          GP1(I)                                       

     **** ECHO OF THE INPUT DATA ENDS ****

________________________________________________________________________________
        Output from computer program  FEM1DBEAM              by J. N. Reddy
________________________________________________________________________________


Example 5.2.1: Nonlinear analysis of a hinged-hinged beam problem               

    *** ANALYSIS OF MODEL  2 PROBLEM ***
               (see the code below)

    MODEL=1: A problem described by MODEL EQ. 1
    MODEL=2: A Euler-Bernoulli BEAM problem
    MODEL=3: A Timoshenko BEAM problem


   P R O B L E M   D A T A:

     Coordinate of node 1 ....................... =   0.0000E+00
     Length of the beam ......................... =   0.1000E+03
     Width of cross-section for the beam, B ..... =   0.1000E+01
     Height of cross-section for the beam, H .... =   0.1000E+01
     Elastic modulus of the beam material, E .... =   0.3000E+08
     Axial stiffness for the beam, EA ........... =   0.3000E+08
     Bending stiffness for the beam, EI ......... =   0.2500E+07
     Coefficient of 1 in QX, QX0 ................ =   0.1000E+02
     Coefficient of x in QX, QX1 ................ =   0.0000E+00
     Coefficient of x*x in QX, QX2 .............. =   0.0000E+00
     Coefficient of 1 in FX, FX0 ................ =   0.0000E+00
     Coefficient of x in FX, FX1 ................ =   0.0000E+00
     Coefficient of x*x in FX, FX2 .............. =   0.0000E+00


   M E S H   D A T A:

     Number of elements in the mesh, NEM......... =    8
     Type of element(0:hermite;1:linear;2:quadratic;) .. =    0
     Number of nodes in the mesh, NNM ........... =    9
     Number of deg. of freedom per node, NDF..... =    3
     Number of total DOF in the model, NEQ....... =   27
     GLOBAL COORDINATES OF THE GLOBAL NODES ..... =

        0.0000E+00   0.1250E+02   0.2500E+02   0.3750E+02   0.5000E+02
        0.6250E+02   0.7500E+02   0.8750E+02   0.1000E+03

          CONNECTIVITY MATRIX:

              1    2
              2    3
              3    4
              4    5
              5    6
              6    7
              7    8
              8    9

   B O U N D A R Y   D A T A:

     Number of specified PRIMARY variables ...... =    5
     Specified PRIMARY degrees of freedom ....... :

              1    1   0.0000E+00
              1    2   0.0000E+00
              1    3   0.0000E+00
              9    1   0.0000E+00
              9    2   0.0000E+00

     *** NONLINEAR Analysis with DIRECT ITERATION ***


   NONLINEAR  A N A L Y S I S   D A T A:

     Number of load steps used, NLS ............. =   10
     Maximum allowable number of iterations ..... =   50
     Allowable convergence tolerance (EPS) ...... =   0.1000E-02
     Acceleration parameter:GAMA*GP2+(1-GAMA)*GP1 =   0.0000E+00

   INITIAL (GUESS) VECTOR:

     0.00000E+00  0.00000E+00  0.00000E+00  0.00000E+00  0.00000E+00  0.00000E+00  0.00000E+00  0.00000E+00  0.00000E+00  0.00000E+00  0.00000E+00  0.00000E+00  0.00000E+00  0.00000E+00  0.00000E+00  0.00000E+00  0.00000E+00  0.00000E+00  0.00000E+00  0.00000E+00  0.00000E+00  0.00000E+00  0.00000E+00  0.00000E+00

   INITIAL (GUESS) VECTOR:

     0.00000E+00  0.00000E+00  0.00000E+00

     First iteration solution at source value ... =  0.1000E+00

         0.00000E+00    0.00000E+00    0.00000E+00    0.00000E+00
         0.31331E-01   -0.44271E-02    0.00000E+00    0.97656E-01
        -0.57292E-02    0.00000E+00    0.16479E+00   -0.46875E-02
         0.00000E+00    0.20833E+00   -0.20833E-02    0.00000E+00
         0.21362E+00    0.13021E-02    0.00000E+00    0.17578E+00
         0.46875E-02    0.00000E+00    0.99691E-01    0.72917E-02
         0.00000E+00    0.00000E+00    0.83333E-02

     Iteration Number =  1     Error=  0.1000E+01

         0.00000E+00    0.00000E+00    0.00000E+00    0.00000E+00
         0.31331E-01   -0.44271E-02    0.00000E+00    0.97656E-01
        -0.57292E-02    0.00000E+00    0.16479E+00   -0.46875E-02
         0.00000E+00    0.20833E+00   -0.20833E-02    0.00000E+00
         0.21362E+00    0.13021E-02    0.00000E+00    0.17578E+00
         0.46875E-02    0.00000E+00    0.99691E-01    0.72917E-02
         0.00000E+00    0.00000E+00    0.83333E-02

     Iteration Number =  2     Error=  0.6877E-01

         0.00000E+00    0.00000E+00    0.00000E+00    0.97337E-04
         0.29719E-01   -0.41887E-02    0.63810E-04    0.92104E-01
        -0.53713E-02    0.29688E-04    0.15473E+00   -0.43584E-02
         0.96760E-04    0.19499E+00   -0.19114E-02    0.23483E-03
         0.19954E+00    0.12406E-02    0.31964E-03    0.16404E+00
         0.43850E-02    0.23923E-03    0.93016E-01    0.68091E-02
         0.00000E+00    0.00000E+00    0.77841E-02

     Iteration Number =  3     Error=  0.8205E-02

         0.00000E+00    0.00000E+00    0.00000E+00    0.91130E-04
         0.29908E-01   -0.42168E-02    0.58623E-04    0.92760E-01
        -0.54141E-02    0.26748E-04    0.15593E+00   -0.43983E-02
         0.90558E-04    0.19659E+00   -0.19328E-02    0.22068E-03
         0.20124E+00    0.12474E-02    0.30041E-03    0.16546E+00
         0.44213E-02    0.22490E-03    0.93826E-01    0.68676E-02
         0.00000E+00    0.00000E+00    0.78508E-02


   STEP NUMBER =  1   SOURCE VALUE =  0.1000E+00

     Number of iterations taken for convergence.. =  4
     The Euclidean norm of the solution error ... =  0.9680E-03
     The CONVERGED solution is:

         0.00000E+00    0.00000E+00    0.00000E+00    0.91896E-04
         0.29885E-01   -0.42135E-02    0.59287E-04    0.92683E-01
        -0.54090E-02    0.27138E-04    0.15579E+00   -0.43936E-02
         0.91333E-04    0.19640E+00   -0.19303E-02    0.22242E-03
         0.20104E+00    0.12466E-02    0.30278E-03    0.16529E+00
         0.44171E-02    0.22666E-03    0.93730E-01    0.68607E-02
         0.00000E+00    0.00000E+00    0.78429E-02

     Iteration Number =  1     Error=  0.5001E+00

         0.00000E+00    0.00000E+00    0.00000E+00    0.18361E-03
         0.59776E-01   -0.84277E-02    0.11842E-03    0.18538E+00
        -0.10819E-01    0.54183E-04    0.31162E+00   -0.87884E-02
         0.18248E-03    0.39285E+00   -0.38612E-02    0.44444E-03
         0.40213E+00    0.24934E-02    0.60500E-03    0.33062E+00
         0.88351E-02    0.45291E-03    0.18748E+00    0.13723E-01
         0.00000E+00    0.00000E+00    0.15688E-01

     Iteration Number =  2     Error=  0.1712E+00

         0.00000E+00    0.00000E+00    0.00000E+00    0.30631E-03
         0.52846E-01   -0.74039E-02    0.18581E-03    0.16155E+00
        -0.92851E-02    0.79391E-04    0.26848E+00   -0.73801E-02
         0.30408E-03    0.33568E+00   -0.31279E-02    0.75011E-03
         0.34182E+00    0.22277E-02    0.10213E-02    0.28035E+00
         0.75391E-02    0.76515E-03    0.15892E+00    0.11658E-01
         0.00000E+00    0.00000E+00    0.13338E-01

     Iteration Number =  3     Error=  0.5398E-01

         0.00000E+00    0.00000E+00    0.00000E+00    0.27250E-03
         0.55086E-01   -0.77372E-02    0.15903E-03    0.16933E+00
        -0.97924E-02    0.64895E-04    0.28271E+00   -0.78546E-02
         0.27053E-03    0.35469E+00   -0.33823E-02    0.67232E-03
         0.36200E+00    0.23089E-02    0.91561E-03    0.29723E+00
         0.79707E-02    0.68635E-03    0.16853E+00    0.12352E-01
         0.00000E+00    0.00000E+00    0.14129E-01

     Iteration Number =  4     Error=  0.1806E-01

         0.00000E+00    0.00000E+00    0.00000E+00    0.28482E-03
         0.54352E-01   -0.76279E-02    0.16950E-03    0.16678E+00
        -0.96259E-02    0.70979E-04    0.27804E+00   -0.76985E-02
         0.28301E-03    0.34845E+00   -0.32983E-02    0.70053E-03
         0.35536E+00    0.22826E-02    0.95396E-03    0.29168E+00
         0.78289E-02    0.71498E-03    0.16537E+00    0.12123E-01
         0.00000E+00    0.00000E+00    0.13868E-01

     Iteration Number =  5     Error=  0.5942E-02

         0.00000E+00    0.00000E+00    0.00000E+00    0.28086E-03
         0.54595E-01   -0.76640E-02    0.16613E-03    0.16762E+00
        -0.96810E-02    0.69011E-04    0.27958E+00   -0.77502E-02
         0.27898E-03    0.35051E+00   -0.33261E-02    0.69144E-03
         0.35756E+00    0.22913E-02    0.94161E-03    0.29352E+00
         0.78758E-02    0.70575E-03    0.16641E+00    0.12199E-01
         0.00000E+00    0.00000E+00    0.13954E-01

     Iteration Number =  6     Error=  0.1967E-02

         0.00000E+00    0.00000E+00    0.00000E+00    0.28218E-03
         0.54515E-01   -0.76521E-02    0.16726E-03    0.16735E+00
        -0.96628E-02    0.69674E-04    0.27907E+00   -0.77331E-02
         0.28033E-03    0.34983E+00   -0.33169E-02    0.69448E-03
         0.35683E+00    0.22884E-02    0.94573E-03    0.29291E+00
         0.78603E-02    0.70883E-03    0.16607E+00    0.12174E-01
         0.00000E+00    0.00000E+00    0.13926E-01


   STEP NUMBER =  2   SOURCE VALUE =  0.2000E+00

     Number of iterations taken for convergence.. =  7
     The Euclidean norm of the solution error ... =  0.6497E-03
     The CONVERGED solution is:

         0.00000E+00    0.00000E+00    0.00000E+00    0.28175E-03
         0.54541E-01   -0.76561E-02    0.16689E-03    0.16744E+00
        -0.96688E-02    0.69456E-04    0.27924E+00   -0.77388E-02
         0.27989E-03    0.35006E+00   -0.33200E-02    0.69348E-03
         0.35707E+00    0.22894E-02    0.94437E-03    0.29311E+00
         0.78655E-02    0.70782E-03    0.16618E+00    0.12182E-01
         0.00000E+00    0.00000E+00    0.13935E-01

     Iteration Number =  1     Error=  0.3332E+00

         0.00000E+00    0.00000E+00    0.00000E+00    0.42284E-03
         0.81799E-01   -0.11482E-01    0.25052E-03    0.25111E+00
        -0.14500E-01    0.10429E-03    0.41878E+00   -0.11605E-01
         0.42005E-03    0.52497E+00   -0.49784E-02    0.10407E-02
         0.53549E+00    0.34336E-02    0.14172E-02    0.43956E+00
         0.11796E-01    0.10622E-02    0.24922E+00    0.18269E-01
         0.00000E+00    0.00000E+00    0.20898E-01

     Iteration Number =  2     Error=  0.1985E+00

         0.00000E+00    0.00000E+00    0.00000E+00    0.51278E-03
         0.71239E-01   -0.99244E-02    0.27723E-03    0.21487E+00
        -0.12174E-01    0.10184E-03    0.35331E+00   -0.94781E-02
         0.50892E-03    0.43837E+00   -0.38776E-02    0.12824E-02
         0.44426E+00    0.30244E-02    0.17471E-02    0.36357E+00
         0.98331E-02    0.13109E-02    0.20605E+00    0.15148E-01
         0.00000E+00    0.00000E+00    0.17347E-01

     Iteration Number =  3     Error=  0.9286E-01

         0.00000E+00    0.00000E+00    0.00000E+00    0.46582E-03
         0.76481E-01   -0.10704E-01    0.24302E-03    0.23309E+00
        -0.13361E-01    0.84843E-04    0.38662E+00   -0.10590E-01
         0.46298E-03    0.48289E+00   -0.44738E-02    0.11731E-02
         0.49151E+00    0.32144E-02    0.15988E-02    0.40311E+00
         0.10844E-01    0.12004E-02    0.22856E+00    0.16773E-01
         0.00000E+00    0.00000E+00    0.19200E-01

     Iteration Number =  4     Error=  0.5065E-01

         0.00000E+00    0.00000E+00    0.00000E+00    0.49362E-03
         0.73773E-01   -0.10301E-01    0.26610E-03    0.22367E+00
        -0.12746E-01    0.98023E-04    0.36937E+00   -0.10012E-01
         0.49110E-03    0.45979E+00   -0.41618E-02    0.12371E-02
         0.46696E+00    0.31180E-02    0.16857E-02    0.38254E+00
         0.10320E-01    0.12652E-02    0.21685E+00    0.15928E-01
         0.00000E+00    0.00000E+00    0.18236E-01

     Iteration Number =  5     Error=  0.2562E-01

         0.00000E+00    0.00000E+00    0.00000E+00    0.47994E-03
         0.75176E-01   -0.10510E-01    0.25478E-03    0.22855E+00
        -0.13065E-01    0.91518E-04    0.37832E+00   -0.10312E-01
         0.47717E-03    0.47178E+00   -0.43243E-02    0.12055E-02
         0.47971E+00    0.31676E-02    0.16427E-02    0.39323E+00
         0.10592E-01    0.12331E-02    0.22293E+00    0.16367E-01
         0.00000E+00    0.00000E+00    0.18737E-01

     Iteration Number =  6     Error=  0.1349E-01

         0.00000E+00    0.00000E+00    0.00000E+00    0.48727E-03
         0.74447E-01   -0.10401E-01    0.26093E-03    0.22601E+00
        -0.12899E-01    0.95103E-04    0.37367E+00   -0.10156E-01
         0.48466E-03    0.46555E+00   -0.42399E-02    0.12224E-02
         0.47308E+00    0.31418E-02    0.16657E-02    0.38768E+00
         0.10450E-01    0.12503E-02    0.21977E+00    0.16139E-01
         0.00000E+00    0.00000E+00    0.18477E-01

     Iteration Number =  7     Error=  0.6962E-02

         0.00000E+00    0.00000E+00    0.00000E+00    0.48352E-03
         0.74825E-01   -0.10458E-01    0.25780E-03    0.22733E+00
        -0.12986E-01    0.93283E-04    0.37608E+00   -0.10237E-01
         0.48083E-03    0.46879E+00   -0.42838E-02    0.12137E-02
         0.47652E+00    0.31552E-02    0.16539E-02    0.39056E+00
         0.10524E-01    0.12415E-02    0.22141E+00    0.16257E-01
         0.00000E+00    0.00000E+00    0.18612E-01

     Iteration Number =  8     Error=  0.3630E-02

         0.00000E+00    0.00000E+00    0.00000E+00    0.48548E-03
         0.74628E-01   -0.10429E-01    0.25944E-03    0.22664E+00
        -0.12941E-01    0.94242E-04    0.37483E+00   -0.10195E-01
         0.48283E-03    0.46711E+00   -0.42610E-02    0.12183E-02
         0.47474E+00    0.31483E-02    0.16601E-02    0.38906E+00
         0.10486E-01    0.12461E-02    0.22056E+00    0.16196E-01
         0.00000E+00    0.00000E+00    0.18542E-01

     Iteration Number =  9     Error=  0.1883E-02

         0.00000E+00    0.00000E+00    0.00000E+00    0.48446E-03
         0.74731E-01   -0.10444E-01    0.25859E-03    0.22700E+00
        -0.12964E-01    0.93747E-04    0.37548E+00   -0.10217E-01
         0.48180E-03    0.46798E+00   -0.42728E-02    0.12159E-02
         0.47566E+00    0.31519E-02    0.16569E-02    0.38984E+00
         0.10505E-01    0.12437E-02    0.22100E+00    0.16228E-01
         0.00000E+00    0.00000E+00    0.18578E-01


   STEP NUMBER =  3   SOURCE VALUE =  0.3000E+00

     Number of iterations taken for convergence.. = 10
     The Euclidean norm of the solution error ... =  0.9792E-03
     The CONVERGED solution is:

         0.00000E+00    0.00000E+00    0.00000E+00    0.48499E-03
         0.74678E-01   -0.10436E-01    0.25904E-03    0.22682E+00
        -0.12952E-01    0.94005E-04    0.37514E+00   -0.10205E-01
         0.48234E-03    0.46753E+00   -0.42667E-02    0.12171E-02
         0.47518E+00    0.31500E-02    0.16585E-02    0.38944E+00
         0.10495E-01    0.12450E-02    0.22077E+00    0.16211E-01
         0.00000E+00    0.00000E+00    0.18559E-01

     Iteration Number =  1     Error=  0.2504E+00

         0.00000E+00    0.00000E+00    0.00000E+00    0.64629E-03
         0.99607E-01   -0.13920E-01    0.34507E-03    0.30255E+00
        -0.17278E-01    0.12516E-03    0.50042E+00   -0.13615E-01
         0.64274E-03    0.62368E+00   -0.56931E-02    0.16220E-02
         0.63391E+00    0.42013E-02    0.22102E-02    0.51953E+00
         0.14001E-01    0.16591E-02    0.29452E+00    0.21626E-01
         0.00000E+00    0.00000E+00    0.24759E-01

     Iteration Number =  2     Error=  0.1940E+00

         0.00000E+00    0.00000E+00    0.00000E+00    0.69723E-03
         0.87223E-01   -0.12096E-01    0.33134E-03    0.26014E+00
        -0.14562E-01    0.97507E-04    0.42397E+00   -0.11142E-01
         0.69321E-03    0.52272E+00   -0.44214E-02    0.17823E-02
         0.52768E+00    0.37165E-02    0.24303E-02    0.43111E+00
         0.11713E-01    0.18268E-02    0.24432E+00    0.17995E-01
         0.00000E+00    0.00000E+00    0.20629E-01

     Iteration Number =  3     Error=  0.1138E+00

         0.00000E+00    0.00000E+00    0.00000E+00    0.65368E-03
         0.95051E-01   -0.13261E-01    0.30362E-03    0.28736E+00
        -0.16339E-01    0.86022E-04    0.47378E+00   -0.12806E-01
         0.65174E-03    0.58932E+00   -0.53152E-02    0.16798E-02
         0.59839E+00    0.39998E-02    0.22911E-02    0.49029E+00
         0.13226E-01    0.17231E-02    0.27801E+00    0.20427E-01
         0.00000E+00    0.00000E+00    0.23402E-01

     Iteration Number =  4     Error=  0.8285E-01

         0.00000E+00    0.00000E+00    0.00000E+00    0.68779E-03
         0.89829E-01   -0.12483E-01    0.33107E-03    0.26917E+00
        -0.15148E-01    0.10125E-03    0.44042E+00   -0.11685E-01
         0.68604E-03    0.54460E+00   -0.47071E-02    0.17586E-02
         0.55081E+00    0.38159E-02    0.23982E-02    0.45040E+00
         0.12210E-01    0.18030E-02    0.25528E+00    0.18788E-01
         0.00000E+00    0.00000E+00    0.21531E-01

     Iteration Number =  5     Error=  0.5247E-01

         0.00000E+00    0.00000E+00    0.00000E+00    0.66649E-03
         0.93308E-01   -0.13001E-01    0.31394E-03    0.28130E+00
        -0.15943E-01    0.91597E-04    0.46268E+00   -0.12435E-01
         0.66431E-03    0.57447E+00   -0.51153E-02    0.17090E-02
         0.58262E+00    0.39371E-02    0.23307E-02    0.47708E+00
         0.12888E-01    0.17526E-02    0.27049E+00    0.19885E-01
         0.00000E+00    0.00000E+00    0.22783E-01

     Iteration Number =  6     Error=  0.3653E-01

         0.00000E+00    0.00000E+00    0.00000E+00    0.68156E-03
         0.90970E-01   -0.12653E-01    0.32645E-03    0.27315E+00
        -0.15409E-01    0.98870E-04    0.44772E+00   -0.11931E-01
         0.67980E-03    0.55440E+00   -0.48411E-02    0.17440E-02
         0.56125E+00    0.38557E-02    0.23783E-02    0.45916E+00
         0.12433E-01    0.17881E-02    0.26027E+00    0.19148E-01
         0.00000E+00    0.00000E+00    0.21942E-01

     Iteration Number =  7     Error=  0.2389E-01

         0.00000E+00    0.00000E+00    0.00000E+00    0.67180E-03
         0.92535E-01   -0.12886E-01    0.31846E-03    0.27860E+00
        -0.15767E-01    0.94267E-04    0.45774E+00   -0.12269E-01
         0.66977E-03    0.56784E+00   -0.50249E-02    0.17212E-02
         0.57556E+00    0.39101E-02    0.23474E-02    0.47116E+00
         0.12738E-01    0.17650E-02    0.26712E+00    0.19641E-01
         0.00000E+00    0.00000E+00    0.22506E-01

     Iteration Number =  8     Error=  0.1629E-01

         0.00000E+00    0.00000E+00    0.00000E+00    0.67850E-03
         0.91484E-01   -0.12730E-01    0.32401E-03    0.27494E+00
        -0.15527E-01    0.97493E-04    0.45102E+00   -0.12042E-01
         0.67667E-03    0.55882E+00   -0.49015E-02    0.17368E-02
         0.56595E+00    0.38736E-02    0.23686E-02    0.46310E+00
         0.12533E-01    0.17809E-02    0.26252E+00    0.19310E-01
         0.00000E+00    0.00000E+00    0.22127E-01

     Iteration Number =  9     Error=  0.1080E-01

         0.00000E+00    0.00000E+00    0.00000E+00    0.67408E-03
         0.92188E-01   -0.12835E-01    0.32037E-03    0.27740E+00
        -0.15687E-01    0.95390E-04    0.45552E+00   -0.12194E-01
         0.67212E-03    0.56487E+00   -0.49843E-02    0.17265E-02
         0.57239E+00    0.38980E-02    0.23546E-02    0.46851E+00
         0.12670E-01    0.17704E-02    0.26560E+00    0.19532E-01
         0.00000E+00    0.00000E+00    0.22381E-01

     Iteration Number = 10     Error=  0.7303E-02

         0.00000E+00    0.00000E+00    0.00000E+00    0.67708E-03
         0.91716E-01   -0.12764E-01    0.32285E-03    0.27575E+00
        -0.15580E-01    0.96828E-04    0.45250E+00   -0.12092E-01
         0.67520E-03    0.56081E+00   -0.49288E-02    0.17335E-02
         0.56807E+00    0.38816E-02    0.23640E-02    0.46488E+00
         0.12578E-01    0.17775E-02    0.26354E+00    0.19383E-01
         0.00000E+00    0.00000E+00    0.22211E-01

     Iteration Number = 11     Error=  0.4873E-02

         0.00000E+00    0.00000E+00    0.00000E+00    0.67508E-03
         0.92033E-01   -0.12811E-01    0.32120E-03    0.27685E+00
        -0.15652E-01    0.95875E-04    0.45453E+00   -0.12161E-01
         0.67315E-03    0.56353E+00   -0.49660E-02    0.17288E-02
         0.57097E+00    0.38926E-02    0.23577E-02    0.46731E+00
         0.12640E-01    0.17728E-02    0.26492E+00    0.19483E-01
         0.00000E+00    0.00000E+00    0.22325E-01

     Iteration Number = 12     Error=  0.3280E-02

         0.00000E+00    0.00000E+00    0.00000E+00    0.67642E-03
         0.91820E-01   -0.12780E-01    0.32232E-03    0.27611E+00
        -0.15603E-01    0.96520E-04    0.45317E+00   -0.12115E-01
         0.67453E-03    0.56171E+00   -0.49410E-02    0.17320E-02
         0.56903E+00    0.38852E-02    0.23620E-02    0.46568E+00
         0.12599E-01    0.17760E-02    0.26399E+00    0.19416E-01
         0.00000E+00    0.00000E+00    0.22248E-01

     Iteration Number = 13     Error=  0.2195E-02

         0.00000E+00    0.00000E+00    0.00000E+00    0.67552E-03
         0.91963E-01   -0.12801E-01    0.32157E-03    0.27661E+00
        -0.15636E-01    0.96090E-04    0.45408E+00   -0.12145E-01
         0.67361E-03    0.56293E+00   -0.49578E-02    0.17299E-02
         0.57033E+00    0.38902E-02    0.23591E-02    0.46678E+00
         0.12626E-01    0.17738E-02    0.26462E+00    0.19461E-01
         0.00000E+00    0.00000E+00    0.22300E-01

     Iteration Number = 14     Error=  0.1474E-02

         0.00000E+00    0.00000E+00    0.00000E+00    0.67613E-03
         0.91867E-01   -0.12787E-01    0.32207E-03    0.27628E+00
        -0.15614E-01    0.96379E-04    0.45347E+00   -0.12125E-01
         0.67423E-03    0.56211E+00   -0.49465E-02    0.17313E-02
         0.56945E+00    0.38869E-02    0.23610E-02    0.46604E+00
         0.12608E-01    0.17753E-02    0.26420E+00    0.19431E-01
         0.00000E+00    0.00000E+00    0.22265E-01


   STEP NUMBER =  4   SOURCE VALUE =  0.4000E+00

     Number of iterations taken for convergence.. = 15
     The Euclidean norm of the solution error ... =  0.9877E-03
     The CONVERGED solution is:

         0.00000E+00    0.00000E+00    0.00000E+00    0.67572E-03
         0.91931E-01   -0.12796E-01    0.32174E-03    0.27650E+00
        -0.15629E-01    0.96186E-04    0.45388E+00   -0.12139E-01
         0.67381E-03    0.56266E+00   -0.49541E-02    0.17303E-02
         0.57004E+00    0.38891E-02    0.23598E-02    0.46653E+00
         0.12620E-01    0.17743E-02    0.26448E+00    0.19451E-01
         0.00000E+00    0.00000E+00    0.22288E-01

     Iteration Number =  1     Error=  0.1995E+00

         0.00000E+00    0.00000E+00    0.00000E+00    0.84500E-03
         0.11486E+00   -0.15987E-01    0.40245E-03    0.34544E+00
        -0.19524E-01    0.12039E-03    0.56700E+00   -0.15162E-01
         0.84261E-03    0.70286E+00   -0.61863E-02    0.21637E-02
         0.71206E+00    0.48595E-02    0.29508E-02    0.58276E+00
         0.15765E-01    0.22187E-02    0.33036E+00    0.24297E-01
         0.00000E+00    0.00000E+00    0.27841E-01

     Iteration Number =  2     Error=  0.1797E+00

         0.00000E+00    0.00000E+00    0.00000E+00    0.86227E-03
         0.10169E+00   -0.14051E-01    0.35645E-03    0.30044E+00
        -0.16650E-01    0.73634E-04    0.48606E+00   -0.12556E-01
         0.86024E-03    0.59616E+00   -0.48544E-02    0.22525E-02
         0.59993E+00    0.43392E-02    0.30746E-02    0.48949E+00
         0.13349E-01    0.23153E-02    0.27743E+00    0.20467E-01
         0.00000E+00    0.00000E+00    0.23487E-01

     Iteration Number =  3     Error=  0.1231E+00

         0.00000E+00    0.00000E+00    0.00000E+00    0.83066E-03
         0.11142E+00   -0.15500E-01    0.34169E-03    0.33432E+00
        -0.18864E-01    0.71139E-04    0.54809E+00   -0.14631E-01
         0.83198E-03    0.67914E+00   -0.59712E-02    0.21769E-02
         0.68806E+00    0.46903E-02    0.29718E-02    0.56328E+00
         0.15233E-01    0.22389E-02    0.31943E+00    0.23500E-01
         0.00000E+00    0.00000E+00    0.26945E-01

     Iteration Number =  4     Error=  0.1081E+00

         0.00000E+00    0.00000E+00    0.00000E+00    0.86097E-03
         0.10379E+00   -0.14362E-01    0.36474E-03    0.30768E+00
        -0.17116E-01    0.83107E-04    0.49915E+00   -0.12980E-01
         0.86191E-03    0.61344E+00   -0.50707E-02    0.22472E-02
         0.61808E+00    0.44251E-02    0.30671E-02    0.50457E+00
         0.13741E-01    0.23099E-02    0.28597E+00    0.21086E-01
         0.00000E+00    0.00000E+00    0.24189E-01

     Iteration Number =  5     Error=  0.7848E-01

         0.00000E+00    0.00000E+00    0.00000E+00    0.83875E-03
         0.10978E+00   -0.15255E-01    0.34747E-03    0.32859E+00
        -0.18490E-01    0.73637E-04    0.53761E+00   -0.14282E-01
         0.83928E-03    0.66514E+00   -0.57839E-02    0.21949E-02
         0.67321E+00    0.46301E-02    0.29963E-02    0.55085E+00
         0.14915E-01    0.22569E-02    0.31236E+00    0.22989E-01
         0.00000E+00    0.00000E+00    0.26363E-01

     Iteration Number =  6     Error=  0.6635E-01

         0.00000E+00    0.00000E+00    0.00000E+00    0.85766E-03
         0.10503E+00   -0.14547E-01    0.36305E-03    0.31201E+00
        -0.17401E-01    0.82695E-04    0.50711E+00   -0.13249E-01
         0.85882E-03    0.62414E+00   -0.52180E-02    0.22391E-02
         0.62949E+00    0.44680E-02    0.30563E-02    0.51414E+00
         0.13984E-01    0.23018E-02    0.29142E+00    0.21479E-01
         0.00000E+00    0.00000E+00    0.24638E-01

     Iteration Number =  7     Error=  0.4976E-01

         0.00000E+00    0.00000E+00    0.00000E+00    0.84351E-03
         0.10877E+00   -0.15105E-01    0.35170E-03    0.32509E+00
        -0.18260E-01    0.76207E-04    0.53117E+00   -0.14064E-01
         0.84420E-03    0.65649E+00   -0.56650E-02    0.22058E-02
         0.66399E+00    0.45955E-02    0.30111E-02    0.54311E+00
         0.14719E-01    0.22680E-02    0.30795E+00    0.22671E-01
         0.00000E+00    0.00000E+00    0.26000E-01

     Iteration Number =  8     Error=  0.4105E-01

         0.00000E+00    0.00000E+00    0.00000E+00    0.85521E-03
         0.10581E+00   -0.14662E-01    0.36134E-03    0.31472E+00
        -0.17579E-01    0.81835E-04    0.51210E+00   -0.13419E-01
         0.85633E-03    0.63086E+00   -0.53109E-02    0.22332E-02
         0.63665E+00    0.44944E-02    0.30483E-02    0.52015E+00
         0.14137E-01    0.22959E-02    0.29485E+00    0.21727E-01
         0.00000E+00    0.00000E+00    0.24921E-01

     Iteration Number =  9     Error=  0.3141E-01

         0.00000E+00    0.00000E+00    0.00000E+00    0.84627E-03
         0.10815E+00   -0.15012E-01    0.35411E-03    0.32291E+00
        -0.18117E-01    0.77679E-04    0.52717E+00   -0.13929E-01
         0.84708E-03    0.65111E+00   -0.55907E-02    0.22122E-02
         0.65825E+00    0.45742E-02    0.30198E-02    0.53829E+00
         0.14596E-01    0.22745E-02    0.30520E+00    0.22473E-01
         0.00000E+00    0.00000E+00    0.25773E-01

     Iteration Number = 10     Error=  0.2551E-01

         0.00000E+00    0.00000E+00    0.00000E+00    0.85354E-03
         0.10629E+00   -0.14735E-01    0.36008E-03    0.31642E+00
        -0.17691E-01    0.81155E-04    0.51523E+00   -0.13525E-01
         0.85461E-03    0.63507E+00   -0.53691E-02    0.22293E-02
         0.64114E+00    0.45109E-02    0.30429E-02    0.52392E+00
         0.14232E-01    0.22918E-02    0.29701E+00    0.21882E-01
         0.00000E+00    0.00000E+00    0.25098E-01

     Iteration Number = 11     Error=  0.1977E-01

         0.00000E+00    0.00000E+00    0.00000E+00    0.84792E-03
         0.10776E+00   -0.14954E-01    0.35552E-03    0.32155E+00
        -0.18028E-01    0.78522E-04    0.52466E+00   -0.13844E-01
         0.84879E-03    0.64775E+00   -0.55443E-02    0.22160E-02
         0.65466E+00    0.45609E-02    0.30250E-02    0.53528E+00
         0.14520E-01    0.22784E-02    0.30348E+00    0.22349E-01
         0.00000E+00    0.00000E+00    0.25632E-01

     Iteration Number = 12     Error=  0.1590E-01

         0.00000E+00    0.00000E+00    0.00000E+00    0.85244E-03
         0.10660E+00   -0.14781E-01    0.35923E-03    0.31749E+00
        -0.17761E-01    0.80679E-04    0.51720E+00   -0.13591E-01
         0.85348E-03    0.63771E+00   -0.54057E-02    0.22267E-02
         0.64395E+00    0.45213E-02    0.30394E-02    0.52629E+00
         0.14292E-01    0.22892E-02    0.29836E+00    0.21979E-01
         0.00000E+00    0.00000E+00    0.25209E-01

     Iteration Number = 13     Error=  0.1242E-01

         0.00000E+00    0.00000E+00    0.00000E+00    0.84891E-03
         0.10752E+00   -0.14918E-01    0.35635E-03    0.32070E+00
        -0.17972E-01    0.79018E-04    0.52310E+00   -0.13791E-01
         0.84982E-03    0.64564E+00   -0.55153E-02    0.22184E-02
         0.65242E+00    0.45526E-02    0.30281E-02    0.53340E+00
         0.14472E-01    0.22808E-02    0.30241E+00    0.22272E-01
         0.00000E+00    0.00000E+00    0.25543E-01

     Iteration Number = 14     Error=  0.9926E-02

         0.00000E+00    0.00000E+00    0.00000E+00    0.85174E-03
         0.10679E+00   -0.14809E-01    0.35867E-03    0.31816E+00
        -0.17805E-01    0.80361E-04    0.51843E+00   -0.13633E-01
         0.85275E-03    0.63936E+00   -0.54285E-02    0.22250E-02
         0.64572E+00    0.45278E-02    0.30371E-02    0.52777E+00
         0.14330E-01    0.22875E-02    0.29920E+00    0.22040E-01
         0.00000E+00    0.00000E+00    0.25279E-01

     Iteration Number = 15     Error=  0.7790E-02

         0.00000E+00    0.00000E+00    0.00000E+00    0.84952E-03
         0.10737E+00   -0.14895E-01    0.35686E-03    0.32017E+00
        -0.17937E-01    0.79317E-04    0.52212E+00   -0.13758E-01
         0.85045E-03    0.64433E+00   -0.54972E-02    0.22198E-02
         0.65102E+00    0.45474E-02    0.30301E-02    0.53222E+00
         0.14443E-01    0.22822E-02    0.30174E+00    0.22223E-01
         0.00000E+00    0.00000E+00    0.25488E-01

     Iteration Number = 16     Error=  0.6203E-02

         0.00000E+00    0.00000E+00    0.00000E+00    0.85129E-03
         0.10691E+00   -0.14827E-01    0.35830E-03    0.31858E+00
        -0.17832E-01    0.80154E-04    0.51920E+00   -0.13659E-01
         0.85229E-03    0.64040E+00   -0.54429E-02    0.22239E-02
         0.64682E+00    0.45319E-02    0.30357E-02    0.52870E+00
         0.14353E-01    0.22864E-02    0.29973E+00    0.22078E-01
         0.00000E+00    0.00000E+00    0.25323E-01

     Iteration Number = 17     Error=  0.4883E-02

         0.00000E+00    0.00000E+00    0.00000E+00    0.84990E-03
         0.10727E+00   -0.14881E-01    0.35717E-03    0.31983E+00
        -0.17915E-01    0.79499E-04    0.52151E+00   -0.13737E-01
         0.85085E-03    0.64351E+00   -0.54858E-02    0.22207E-02
         0.65014E+00    0.45441E-02    0.30313E-02    0.53149E+00
         0.14424E-01    0.22831E-02    0.30132E+00    0.22193E-01
         0.00000E+00    0.00000E+00    0.25454E-01

     Iteration Number = 18     Error=  0.3879E-02

         0.00000E+00    0.00000E+00    0.00000E+00    0.85100E-03
         0.10699E+00   -0.14838E-01    0.35807E-03    0.31884E+00
        -0.17850E-01    0.80022E-04    0.51968E+00   -0.13675E-01
         0.85199E-03    0.64105E+00   -0.54518E-02    0.22233E-02
         0.64752E+00    0.45344E-02    0.30348E-02    0.52928E+00
         0.14368E-01    0.22857E-02    0.30006E+00    0.22102E-01
         0.00000E+00    0.00000E+00    0.25350E-01

     Iteration Number = 19     Error=  0.3059E-02

         0.00000E+00    0.00000E+00    0.00000E+00    0.85013E-03
         0.10721E+00   -0.14872E-01    0.35736E-03    0.31963E+00
        -0.17901E-01    0.79611E-04    0.52113E+00   -0.13724E-01
         0.85109E-03    0.64299E+00   -0.54787E-02    0.22212E-02
         0.64959E+00    0.45421E-02    0.30320E-02    0.53103E+00
         0.14412E-01    0.22837E-02    0.30106E+00    0.22174E-01
         0.00000E+00    0.00000E+00    0.25432E-01

     Iteration Number = 20     Error=  0.2427E-02

         0.00000E+00    0.00000E+00    0.00000E+00    0.85082E-03
         0.10703E+00   -0.14845E-01    0.35793E-03    0.31900E+00
        -0.17860E-01    0.79937E-04    0.51998E+00   -0.13686E-01
         0.85180E-03    0.64145E+00   -0.54574E-02    0.22228E-02
         0.64795E+00    0.45360E-02    0.30342E-02    0.52965E+00
         0.14377E-01    0.22853E-02    0.30027E+00    0.22117E-01
         0.00000E+00    0.00000E+00    0.25367E-01

     Iteration Number = 21     Error=  0.1916E-02

         0.00000E+00    0.00000E+00    0.00000E+00    0.85028E-03
         0.10717E+00   -0.14866E-01    0.35748E-03    0.31950E+00
        -0.17893E-01    0.79680E-04    0.52089E+00   -0.13716E-01
         0.85124E-03    0.64267E+00   -0.54743E-02    0.22216E-02
         0.64925E+00    0.45409E-02    0.30325E-02    0.53074E+00
         0.14405E-01    0.22840E-02    0.30089E+00    0.22162E-01
         0.00000E+00    0.00000E+00    0.25418E-01

     Iteration Number = 22     Error=  0.1518E-02

         0.00000E+00    0.00000E+00    0.00000E+00    0.85071E-03
         0.10706E+00   -0.14850E-01    0.35784E-03    0.31911E+00
        -0.17867E-01    0.79884E-04    0.52017E+00   -0.13692E-01
         0.85169E-03    0.64171E+00   -0.54610E-02    0.22226E-02
         0.64822E+00    0.45370E-02    0.30338E-02    0.52987E+00
         0.14383E-01    0.22850E-02    0.30040E+00    0.22127E-01
         0.00000E+00    0.00000E+00    0.25378E-01

     Iteration Number = 23     Error=  0.1200E-02

         0.00000E+00    0.00000E+00    0.00000E+00    0.85037E-03
         0.10715E+00   -0.14863E-01    0.35756E-03    0.31941E+00
        -0.17887E-01    0.79723E-04    0.52074E+00   -0.13711E-01
         0.85133E-03    0.64247E+00   -0.54715E-02    0.22218E-02
         0.64904E+00    0.45401E-02    0.30328E-02    0.53056E+00
         0.14400E-01    0.22842E-02    0.30079E+00    0.22155E-01
         0.00000E+00    0.00000E+00    0.25410E-01


   STEP NUMBER =  5   SOURCE VALUE =  0.5000E+00

     Number of iterations taken for convergence.. = 24
     The Euclidean norm of the solution error ... =  0.9503E-03
     The CONVERGED solution is:

         0.00000E+00    0.00000E+00    0.00000E+00    0.85064E-03
         0.10708E+00   -0.14852E-01    0.35778E-03    0.31917E+00
        -0.17871E-01    0.79851E-04    0.52029E+00   -0.13696E-01
         0.85161E-03    0.64187E+00   -0.54632E-02    0.22224E-02
         0.64839E+00    0.45377E-02    0.30336E-02    0.53002E+00
         0.14387E-01    0.22849E-02    0.30048E+00    0.22133E-01
         0.00000E+00    0.00000E+00    0.25384E-01

     Iteration Number =  1     Error=  0.1673E+00

         0.00000E+00    0.00000E+00    0.00000E+00    0.10205E-02
         0.12856E+00   -0.17833E-01    0.42912E-03    0.38324E+00
        -0.21461E-01    0.95700E-04    0.62478E+00   -0.16450E-01
         0.10217E-02    0.77081E+00   -0.65637E-02    0.26663E-02
         0.77868E+00    0.54475E-02    0.36395E-02    0.63653E+00
         0.17277E-01    0.27412E-02    0.36087E+00    0.26580E-01
         0.00000E+00    0.00000E+00    0.30485E-01

     Iteration Number =  2     Error=  0.1667E+00

         0.00000E+00    0.00000E+00    0.00000E+00    0.10112E-02
         0.11495E+00   -0.15833E-01    0.35897E-03    0.33680E+00
        -0.18502E-01    0.35221E-04    0.54138E+00   -0.13774E-01
         0.10137E-02    0.66101E+00   -0.52026E-02    0.26984E-02
         0.66340E+00    0.49061E-02    0.36871E-02    0.54070E+00
         0.14791E-01    0.27817E-02    0.30649E+00    0.22645E-01
         0.00000E+00    0.00000E+00    0.26013E-01

     Iteration Number =  3     Error=  0.1279E+00

         0.00000E+00    0.00000E+00    0.00000E+00    0.99448E-03
         0.12618E+00   -0.17507E-01    0.35900E-03    0.37593E+00
        -0.21063E-01    0.42554E-04    0.61312E+00   -0.16180E-01
         0.10017E-02    0.75708E+00   -0.65008E-02    0.26570E-02
         0.76549E+00    0.53092E-02    0.36306E-02    0.62619E+00
         0.16974E-01    0.27398E-02    0.35517E+00    0.26160E-01
         0.00000E+00    0.00000E+00    0.30020E-01

     Iteration Number =  4     Error=  0.1282E+00

         0.00000E+00    0.00000E+00    0.00000E+00    0.10145E-02
         0.11634E+00   -0.16036E-01    0.37211E-03    0.34151E+00
        -0.18798E-01    0.47843E-04    0.54972E+00   -0.14031E-01
         0.10203E-02    0.67180E+00   -0.53212E-02    0.27033E-02
         0.67453E+00    0.49726E-02    0.36934E-02    0.54982E+00
         0.15037E-01    0.27863E-02    0.31162E+00    0.23019E-01
         0.00000E+00    0.00000E+00    0.26433E-01

     Iteration Number =  5     Error=  0.1020E+00

         0.00000E+00    0.00000E+00    0.00000E+00    0.99780E-03
         0.12501E+00   -0.17332E-01    0.35983E-03    0.37186E+00
        -0.20798E-01    0.41535E-04    0.60571E+00   -0.15935E-01
         0.10035E-02    0.74722E+00   -0.63726E-02    0.26638E-02
         0.75508E+00    0.52635E-02    0.36399E-02    0.61752E+00
         0.16749E-01    0.27464E-02    0.35025E+00    0.25803E-01
         0.00000E+00    0.00000E+00    0.29615E-01

     Iteration Number =  6     Error=  0.9981E-01

         0.00000E+00    0.00000E+00    0.00000E+00    0.10141E-02
         0.11729E+00   -0.16179E-01    0.37312E-03    0.34485E+00
        -0.19018E-01    0.49211E-04    0.55588E+00   -0.14239E-01
         0.10204E-02    0.68008E+00   -0.54351E-02    0.27021E-02
         0.68335E+00    0.50060E-02    0.36918E-02    0.55721E+00
         0.15225E-01    0.27853E-02    0.31583E+00    0.23323E-01
         0.00000E+00    0.00000E+00    0.26780E-01

     Iteration Number =  7     Error=  0.8130E-01

         0.00000E+00    0.00000E+00    0.00000E+00    0.10007E-02
         0.12412E+00   -0.17201E-01    0.36257E-03    0.36878E+00
        -0.20595E-01    0.43250E-04    0.60002E+00   -0.15743E-01
         0.10064E-02    0.73957E+00   -0.62669E-02    0.26702E-02
         0.74692E+00    0.52333E-02    0.36485E-02    0.61067E+00
         0.16576E-01    0.27529E-02    0.34634E+00    0.25522E-01
         0.00000E+00    0.00000E+00    0.29294E-01

     Iteration Number =  8     Error=  0.7801E-01

         0.00000E+00    0.00000E+00    0.00000E+00    0.10134E-02
         0.11804E+00   -0.16291E-01    0.37311E-03    0.34747E+00
        -0.19191E-01    0.49455E-04    0.56071E+00   -0.14404E-01
         0.10198E-02    0.68660E+00   -0.55265E-02    0.27002E-02
         0.69032E+00    0.50308E-02    0.36894E-02    0.56308E+00
         0.15373E-01    0.27835E-02    0.31918E+00    0.23564E-01
         0.00000E+00    0.00000E+00    0.27056E-01

     Iteration Number =  9     Error=  0.6473E-01

         0.00000E+00    0.00000E+00    0.00000E+00    0.10028E-02
         0.12343E+00   -0.17097E-01    0.36463E-03    0.36636E+00
        -0.20436E-01    0.44606E-04    0.59557E+00   -0.15592E-01
         0.10086E-02    0.73358E+00   -0.61836E-02    0.26749E-02
         0.74053E+00    0.52102E-02    0.36550E-02    0.60529E+00
         0.16440E-01    0.27577E-02    0.34327E+00    0.25301E-01
         0.00000E+00    0.00000E+00    0.29041E-01

     Iteration Number = 10     Error=  0.6112E-01

         0.00000E+00    0.00000E+00    0.00000E+00    0.10128E-02
         0.11863E+00   -0.16379E-01    0.37286E-03    0.34954E+00
        -0.19327E-01    0.49452E-04    0.56454E+00   -0.14535E-01
         0.10191E-02    0.69176E+00   -0.55989E-02    0.26985E-02
         0.69584E+00    0.50504E-02    0.36870E-02    0.56772E+00
         0.15490E-01    0.27817E-02    0.32183E+00    0.23755E-01
         0.00000E+00    0.00000E+00    0.27274E-01

     Iteration Number = 11     Error=  0.5146E-01

         0.00000E+00    0.00000E+00    0.00000E+00    0.10043E-02
         0.12289E+00   -0.17016E-01    0.36611E-03    0.36447E+00
        -0.20311E-01    0.45568E-04    0.59208E+00   -0.15473E-01
         0.10103E-02    0.72887E+00   -0.61179E-02    0.26784E-02
         0.73550E+00    0.51921E-02    0.36597E-02    0.60107E+00
         0.16333E-01    0.27613E-02    0.34086E+00    0.25127E-01
         0.00000E+00    0.00000E+00    0.28842E-01

     Iteration Number = 12     Error=  0.4799E-01

         0.00000E+00    0.00000E+00    0.00000E+00    0.10122E-02
         0.11910E+00   -0.16449E-01    0.37255E-03    0.35118E+00
        -0.19436E-01    0.49352E-04    0.56757E+00   -0.14638E-01
         0.10185E-02    0.69584E+00   -0.56561E-02    0.26969E-02
         0.70020E+00    0.50659E-02    0.36849E-02    0.57139E+00
         0.15583E-01    0.27801E-02    0.32392E+00    0.23906E-01
         0.00000E+00    0.00000E+00    0.27447E-01

     Iteration Number = 13     Error=  0.4087E-01

         0.00000E+00    0.00000E+00    0.00000E+00    0.10054E-02
         0.12247E+00   -0.16953E-01    0.36717E-03    0.36297E+00
        -0.20213E-01    0.46253E-04    0.58933E+00   -0.15379E-01
         0.10115E-02    0.72517E+00   -0.60662E-02    0.26810E-02
         0.73154E+00    0.51778E-02    0.36633E-02    0.59774E+00
         0.16249E-01    0.27639E-02    0.33896E+00    0.24990E-01
         0.00000E+00    0.00000E+00    0.28686E-01

     Iteration Number = 14     Error=  0.3773E-01

         0.00000E+00    0.00000E+00    0.00000E+00    0.10116E-02
         0.11947E+00   -0.16505E-01    0.37222E-03    0.35248E+00
        -0.19521E-01    0.49215E-04    0.56997E+00   -0.14720E-01
         0.10179E-02    0.69908E+00   -0.57014E-02    0.26955E-02
         0.70366E+00    0.50781E-02    0.36831E-02    0.57429E+00
         0.15656E-01    0.27787E-02    0.32558E+00    0.24026E-01
         0.00000E+00    0.00000E+00    0.27584E-01

     Iteration Number = 15     Error=  0.3243E-01

         0.00000E+00    0.00000E+00    0.00000E+00    0.10063E-02
         0.12213E+00   -0.16903E-01    0.36795E-03    0.36180E+00
        -0.20136E-01    0.46747E-04    0.58716E+00   -0.15306E-01
         0.10124E-02    0.72225E+00   -0.60255E-02    0.26829E-02
         0.72842E+00    0.51666E-02    0.36659E-02    0.59512E+00
         0.16182E-01    0.27659E-02    0.33747E+00    0.24882E-01
         0.00000E+00    0.00000E+00    0.28563E-01

     Iteration Number = 16     Error=  0.2970E-01

         0.00000E+00    0.00000E+00    0.00000E+00    0.10111E-02
         0.11976E+00   -0.16549E-01    0.37192E-03    0.35351E+00
        -0.19589E-01    0.49071E-04    0.57186E+00   -0.14785E-01
         0.10174E-02    0.70163E+00   -0.57372E-02    0.26944E-02
         0.70639E+00    0.50879E-02    0.36815E-02    0.57659E+00
         0.15714E-01    0.27776E-02    0.32689E+00    0.24120E-01
         0.00000E+00    0.00000E+00    0.27692E-01

     Iteration Number = 17     Error=  0.2571E-01

         0.00000E+00    0.00000E+00    0.00000E+00    0.10069E-02
         0.12187E+00   -0.16863E-01    0.36852E-03    0.36087E+00
        -0.20075E-01    0.47108E-04    0.58545E+00   -0.15247E-01
         0.10130E-02    0.71994E+00   -0.59933E-02    0.26844E-02
         0.72596E+00    0.51578E-02    0.36679E-02    0.59305E+00
         0.16130E-01    0.27674E-02    0.33628E+00    0.24797E-01
         0.00000E+00    0.00000E+00    0.28465E-01

     Iteration Number = 18     Error=  0.2340E-01

         0.00000E+00    0.00000E+00    0.00000E+00    0.10108E-02
         0.12000E+00   -0.16583E-01    0.37165E-03    0.35432E+00
        -0.19643E-01    0.48933E-04    0.57336E+00   -0.14836E-01
         0.10170E-02    0.70366E+00   -0.57656E-02    0.26934E-02
         0.70855E+00    0.50956E-02    0.36802E-02    0.57841E+00
         0.15760E-01    0.27766E-02    0.32793E+00    0.24195E-01
         0.00000E+00    0.00000E+00    0.27777E-01

     Iteration Number = 19     Error=  0.2037E-01

         0.00000E+00    0.00000E+00    0.00000E+00    0.10074E-02
         0.12166E+00   -0.16832E-01    0.36896E-03    0.36014E+00
        -0.20026E-01    0.47374E-04    0.58410E+00   -0.15201E-01
         0.10135E-02    0.71813E+00   -0.59679E-02    0.26855E-02
         0.72402E+00    0.51508E-02    0.36695E-02    0.59142E+00
         0.16089E-01    0.27686E-02    0.33535E+00    0.24730E-01
         0.00000E+00    0.00000E+00    0.28389E-01

     Iteration Number = 20     Error=  0.1845E-01

         0.00000E+00    0.00000E+00    0.00000E+00    0.10104E-02
         0.12018E+00   -0.16611E-01    0.37141E-03    0.35496E+00
        -0.19685E-01    0.48811E-04    0.57455E+00   -0.14876E-01
         0.10167E-02    0.70526E+00   -0.57880E-02    0.26927E-02
         0.71026E+00    0.51017E-02    0.36792E-02    0.57985E+00
         0.15797E-01    0.27758E-02    0.32875E+00    0.24254E-01
         0.00000E+00    0.00000E+00    0.27845E-01

     Iteration Number = 21     Error=  0.1613E-01

         0.00000E+00    0.00000E+00    0.00000E+00    0.10078E-02
         0.12149E+00   -0.16807E-01    0.36928E-03    0.35956E+00
        -0.19988E-01    0.47574E-04    0.58304E+00   -0.15165E-01
         0.10139E-02    0.71669E+00   -0.59479E-02    0.26864E-02
         0.72248E+00    0.51453E-02    0.36707E-02    0.59013E+00
         0.16056E-01    0.27695E-02    0.33462E+00    0.24677E-01
         0.00000E+00    0.00000E+00    0.28328E-01

     Iteration Number = 22     Error=  0.1455E-01

         0.00000E+00    0.00000E+00    0.00000E+00    0.10102E-02
         0.12032E+00   -0.16633E-01    0.37122E-03    0.35547E+00
        -0.19719E-01    0.48705E-04    0.57549E+00   -0.14908E-01
         0.10164E-02    0.70652E+00   -0.58057E-02    0.26920E-02
         0.71162E+00    0.51065E-02    0.36783E-02    0.58099E+00
         0.15825E-01    0.27752E-02    0.32940E+00    0.24301E-01
         0.00000E+00    0.00000E+00    0.27898E-01

     Iteration Number = 23     Error=  0.1277E-01

         0.00000E+00    0.00000E+00    0.00000E+00    0.10081E-02
         0.12136E+00   -0.16788E-01    0.36953E-03    0.35911E+00
        -0.19958E-01    0.47725E-04    0.58220E+00   -0.15137E-01
         0.10142E-02    0.71556E+00   -0.59321E-02    0.26871E-02
         0.72127E+00    0.51410E-02    0.36716E-02    0.58911E+00
         0.16030E-01    0.27702E-02    0.33404E+00    0.24635E-01
         0.00000E+00    0.00000E+00    0.28280E-01

     Iteration Number = 24     Error=  0.1148E-01

         0.00000E+00    0.00000E+00    0.00000E+00    0.10100E-02
         0.12044E+00   -0.16650E-01    0.37106E-03    0.35588E+00
        -0.19745E-01    0.48616E-04    0.57623E+00   -0.14933E-01
         0.10162E-02    0.70752E+00   -0.58197E-02    0.26915E-02
         0.71269E+00    0.51103E-02    0.36776E-02    0.58189E+00
         0.15848E-01    0.27747E-02    0.32991E+00    0.24338E-01
         0.00000E+00    0.00000E+00    0.27941E-01

     Iteration Number = 25     Error=  0.1010E-01

         0.00000E+00    0.00000E+00    0.00000E+00    0.10083E-02
         0.12126E+00   -0.16772E-01    0.36972E-03    0.35875E+00
        -0.19935E-01    0.47839E-04    0.58153E+00   -0.15114E-01
         0.10145E-02    0.71467E+00   -0.59196E-02    0.26876E-02
         0.72032E+00    0.51376E-02    0.36723E-02    0.58831E+00
         0.16010E-01    0.27707E-02    0.33358E+00    0.24602E-01
         0.00000E+00    0.00000E+00    0.28242E-01

     Iteration Number = 26     Error=  0.9064E-02

         0.00000E+00    0.00000E+00    0.00000E+00    0.10098E-02
         0.12053E+00   -0.16663E-01    0.37092E-03    0.35619E+00
        -0.19766E-01    0.48542E-04    0.57682E+00   -0.14953E-01
         0.10160E-02    0.70832E+00   -0.58308E-02    0.26911E-02
         0.71353E+00    0.51133E-02    0.36771E-02    0.58260E+00
         0.15866E-01    0.27743E-02    0.33032E+00    0.24367E-01
         0.00000E+00    0.00000E+00    0.27974E-01

     Iteration Number = 27     Error=  0.7992E-02

         0.00000E+00    0.00000E+00    0.00000E+00    0.10085E-02
         0.12118E+00   -0.16760E-01    0.36987E-03    0.35846E+00
        -0.19916E-01    0.47927E-04    0.58101E+00   -0.15096E-01
         0.10147E-02    0.71396E+00   -0.59097E-02    0.26880E-02
         0.71956E+00    0.51349E-02    0.36729E-02    0.58767E+00
         0.15994E-01    0.27711E-02    0.33322E+00    0.24576E-01
         0.00000E+00    0.00000E+00    0.28213E-01

     Iteration Number = 28     Error=  0.7156E-02

         0.00000E+00    0.00000E+00    0.00000E+00    0.10096E-02
         0.12060E+00   -0.16674E-01    0.37082E-03    0.35645E+00
        -0.19783E-01    0.48481E-04    0.57728E+00   -0.14969E-01
         0.10159E-02    0.70894E+00   -0.58395E-02    0.26908E-02
         0.71420E+00    0.51157E-02    0.36766E-02    0.58316E+00
         0.15880E-01    0.27739E-02    0.33064E+00    0.24390E-01
         0.00000E+00    0.00000E+00    0.28001E-01

     Iteration Number = 29     Error=  0.6321E-02

         0.00000E+00    0.00000E+00    0.00000E+00    0.10086E-02
         0.12111E+00   -0.16751E-01    0.36998E-03    0.35824E+00
        -0.19901E-01    0.47994E-04    0.58059E+00   -0.15082E-01
         0.10148E-02    0.71340E+00   -0.59019E-02    0.26883E-02
         0.71897E+00    0.51328E-02    0.36733E-02    0.58717E+00
         0.15981E-01    0.27714E-02    0.33293E+00    0.24555E-01
         0.00000E+00    0.00000E+00    0.28189E-01

     Iteration Number = 30     Error=  0.5651E-02

         0.00000E+00    0.00000E+00    0.00000E+00    0.10095E-02
         0.12066E+00   -0.16683E-01    0.37073E-03    0.35664E+00
        -0.19796E-01    0.48432E-04    0.57765E+00   -0.14982E-01
         0.10158E-02    0.70944E+00   -0.58464E-02    0.26905E-02
         0.71473E+00    0.51176E-02    0.36763E-02    0.58361E+00
         0.15891E-01    0.27737E-02    0.33090E+00    0.24409E-01
         0.00000E+00    0.00000E+00    0.28021E-01

     Iteration Number = 31     Error=  0.4998E-02

         0.00000E+00    0.00000E+00    0.00000E+00    0.10087E-02
         0.12106E+00   -0.16743E-01    0.37007E-03    0.35806E+00
        -0.19889E-01    0.48047E-04    0.58027E+00   -0.15071E-01
         0.10149E-02    0.71296E+00   -0.58957E-02    0.26886E-02
         0.71850E+00    0.51311E-02    0.36736E-02    0.58677E+00
         0.15971E-01    0.27717E-02    0.33270E+00    0.24539E-01
         0.00000E+00    0.00000E+00    0.28170E-01

     Iteration Number = 32     Error=  0.4464E-02

         0.00000E+00    0.00000E+00    0.00000E+00    0.10094E-02
         0.12070E+00   -0.16689E-01    0.37066E-03    0.35680E+00
        -0.19806E-01    0.48392E-04    0.57794E+00   -0.14992E-01
         0.10157E-02    0.70983E+00   -0.58519E-02    0.26903E-02
         0.71515E+00    0.51191E-02    0.36760E-02    0.58396E+00
         0.15900E-01    0.27734E-02    0.33110E+00    0.24423E-01
         0.00000E+00    0.00000E+00    0.28038E-01

     Iteration Number = 33     Error=  0.3952E-02

         0.00000E+00    0.00000E+00    0.00000E+00    0.10088E-02
         0.12102E+00   -0.16737E-01    0.37014E-03    0.35792E+00
        -0.19880E-01    0.48088E-04    0.58001E+00   -0.15062E-01
         0.10150E-02    0.71261E+00   -0.58909E-02    0.26888E-02
         0.71812E+00    0.51297E-02    0.36739E-02    0.58646E+00
         0.15964E-01    0.27719E-02    0.33252E+00    0.24526E-01
         0.00000E+00    0.00000E+00    0.28156E-01

     Iteration Number = 34     Error=  0.3526E-02

         0.00000E+00    0.00000E+00    0.00000E+00    0.10094E-02
         0.12074E+00   -0.16695E-01    0.37061E-03    0.35693E+00
        -0.19814E-01    0.48360E-04    0.57817E+00   -0.14999E-01
         0.10156E-02    0.71014E+00   -0.58562E-02    0.26902E-02
         0.71548E+00    0.51203E-02    0.36758E-02    0.58423E+00
         0.15907E-01    0.27733E-02    0.33125E+00    0.24434E-01
         0.00000E+00    0.00000E+00    0.28051E-01

     Iteration Number = 35     Error=  0.3124E-02

         0.00000E+00    0.00000E+00    0.00000E+00    0.10089E-02
         0.12099E+00   -0.16732E-01    0.37019E-03    0.35781E+00
        -0.19873E-01    0.48119E-04    0.57980E+00   -0.15055E-01
         0.10151E-02    0.71234E+00   -0.58870E-02    0.26889E-02
         0.71783E+00    0.51287E-02    0.36741E-02    0.58621E+00
         0.15957E-01    0.27720E-02    0.33238E+00    0.24516E-01
         0.00000E+00    0.00000E+00    0.28144E-01

     Iteration Number = 36     Error=  0.2785E-02

         0.00000E+00    0.00000E+00    0.00000E+00    0.10093E-02
         0.12077E+00   -0.16699E-01    0.37056E-03    0.35702E+00
        -0.19821E-01    0.48335E-04    0.57835E+00   -0.15006E-01
         0.10155E-02    0.71038E+00   -0.58596E-02    0.26900E-02
         0.71574E+00    0.51212E-02    0.36756E-02    0.58445E+00
         0.15913E-01    0.27731E-02    0.33138E+00    0.24443E-01
         0.00000E+00    0.00000E+00    0.28061E-01

     Iteration Number = 37     Error=  0.2470E-02

         0.00000E+00    0.00000E+00    0.00000E+00    0.10089E-02
         0.12097E+00   -0.16729E-01    0.37023E-03    0.35772E+00
        -0.19867E-01    0.48144E-04    0.57964E+00   -0.15050E-01
         0.10151E-02    0.71212E+00   -0.58840E-02    0.26891E-02
         0.71760E+00    0.51279E-02    0.36743E-02    0.58602E+00
         0.15952E-01    0.27722E-02    0.33227E+00    0.24508E-01
         0.00000E+00    0.00000E+00    0.28135E-01

     Iteration Number = 38     Error=  0.2201E-02

         0.00000E+00    0.00000E+00    0.00000E+00    0.10093E-02
         0.12079E+00   -0.16702E-01    0.37053E-03    0.35710E+00
        -0.19826E-01    0.48314E-04    0.57849E+00   -0.15011E-01
         0.10155E-02    0.71057E+00   -0.58623E-02    0.26899E-02
         0.71595E+00    0.51219E-02    0.36754E-02    0.58463E+00
         0.15917E-01    0.27730E-02    0.33148E+00    0.24451E-01
         0.00000E+00    0.00000E+00    0.28069E-01

     Iteration Number = 39     Error=  0.1952E-02

         0.00000E+00    0.00000E+00    0.00000E+00    0.10090E-02
         0.12095E+00   -0.16726E-01    0.37027E-03    0.35766E+00
        -0.19863E-01    0.48164E-04    0.57951E+00   -0.15045E-01
         0.10152E-02    0.71195E+00   -0.58816E-02    0.26892E-02
         0.71741E+00    0.51272E-02    0.36744E-02    0.58586E+00
         0.15948E-01    0.27723E-02    0.33218E+00    0.24501E-01
         0.00000E+00    0.00000E+00    0.28128E-01

     Iteration Number = 40     Error=  0.1739E-02

         0.00000E+00    0.00000E+00    0.00000E+00    0.10092E-02
         0.12081E+00   -0.16705E-01    0.37050E-03    0.35716E+00
        -0.19830E-01    0.48298E-04    0.57861E+00   -0.15014E-01
         0.10155E-02    0.71073E+00   -0.58645E-02    0.26898E-02
         0.71611E+00    0.51225E-02    0.36753E-02    0.58476E+00
         0.15921E-01    0.27730E-02    0.33156E+00    0.24456E-01
         0.00000E+00    0.00000E+00    0.28076E-01

     Iteration Number = 41     Error=  0.1543E-02

         0.00000E+00    0.00000E+00    0.00000E+00    0.10090E-02
         0.12093E+00   -0.16723E-01    0.37029E-03    0.35760E+00
        -0.19859E-01    0.48179E-04    0.57941E+00   -0.15042E-01
         0.10152E-02    0.71181E+00   -0.58797E-02    0.26892E-02
         0.71727E+00    0.51267E-02    0.36745E-02    0.58574E+00
         0.15945E-01    0.27723E-02    0.33211E+00    0.24496E-01
         0.00000E+00    0.00000E+00    0.28122E-01

     Iteration Number = 42     Error=  0.1374E-02

         0.00000E+00    0.00000E+00    0.00000E+00    0.10092E-02
         0.12082E+00   -0.16707E-01    0.37047E-03    0.35721E+00
        -0.19833E-01    0.48285E-04    0.57870E+00   -0.15017E-01
         0.10154E-02    0.71085E+00   -0.58662E-02    0.26898E-02
         0.71624E+00    0.51230E-02    0.36752E-02    0.58487E+00
         0.15923E-01    0.27729E-02    0.33162E+00    0.24461E-01
         0.00000E+00    0.00000E+00    0.28081E-01

     Iteration Number = 43     Error=  0.1220E-02

         0.00000E+00    0.00000E+00    0.00000E+00    0.10090E-02
         0.12092E+00   -0.16722E-01    0.37031E-03    0.35756E+00
        -0.19856E-01    0.48191E-04    0.57933E+00   -0.15039E-01
         0.10152E-02    0.71171E+00   -0.58782E-02    0.26893E-02
         0.71716E+00    0.51263E-02    0.36746E-02    0.58565E+00
         0.15943E-01    0.27724E-02    0.33206E+00    0.24492E-01
         0.00000E+00    0.00000E+00    0.28117E-01

     Iteration Number = 44     Error=  0.1086E-02

         0.00000E+00    0.00000E+00    0.00000E+00    0.10092E-02
         0.12083E+00   -0.16708E-01    0.37046E-03    0.35725E+00
        -0.19836E-01    0.48275E-04    0.57877E+00   -0.15020E-01
         0.10154E-02    0.71094E+00   -0.58675E-02    0.26897E-02
         0.71634E+00    0.51234E-02    0.36752E-02    0.58496E+00
         0.15926E-01    0.27728E-02    0.33167E+00    0.24464E-01
         0.00000E+00    0.00000E+00    0.28085E-01


   STEP NUMBER =  6   SOURCE VALUE =  0.6000E+00

     Number of iterations taken for convergence.. = 45
     The Euclidean norm of the solution error ... =  0.9641E-03
     The CONVERGED solution is:

         0.00000E+00    0.00000E+00    0.00000E+00    0.10090E-02
         0.12091E+00   -0.16720E-01    0.37033E-03    0.35752E+00
        -0.19854E-01    0.48200E-04    0.57927E+00   -0.15037E-01
         0.10152E-02    0.71162E+00   -0.58770E-02    0.26893E-02
         0.71706E+00    0.51259E-02    0.36747E-02    0.58557E+00
         0.15941E-01    0.27725E-02    0.33202E+00    0.24489E-01
         0.00000E+00    0.00000E+00    0.28114E-01

     Iteration Number =  1     Error=  0.1421E+00

         0.00000E+00    0.00000E+00    0.00000E+00    0.11774E-02
         0.14098E+00   -0.19495E-01    0.43218E-03    0.41683E+00
        -0.23144E-01    0.56311E-04    0.67529E+00   -0.17525E-01
         0.11846E-02    0.82952E+00   -0.68466E-02    0.31379E-02
         0.83582E+00    0.59776E-02    0.42876E-02    0.68253E+00
         0.18582E-01    0.32349E-02    0.38699E+00    0.28545E-01
         0.00000E+00    0.00000E+00    0.32770E-01

     Iteration Number =  2     Error=  0.1517E+00

         0.00000E+00    0.00000E+00    0.00000E+00    0.11464E-02
         0.12739E+00   -0.17501E-01    0.34341E-03    0.37057E+00
        -0.20204E-01   -0.14291E-04    0.59238E+00   -0.14876E-01
         0.11558E-02    0.72052E+00   -0.55068E-02    0.31233E-02
         0.72151E+00    0.54330E-02    0.42726E-02    0.58757E+00
         0.16115E-01    0.32292E-02    0.33312E+00    0.24646E-01
         0.00000E+00    0.00000E+00    0.28340E-01

     Iteration Number =  3     Error=  0.1273E+00

         0.00000E+00    0.00000E+00    0.00000E+00    0.11457E-02
         0.13953E+00   -0.19312E-01    0.35871E-03    0.41293E+00
        -0.22980E-01    0.30222E-05    0.67013E+00   -0.17490E-01
         0.11614E-02    0.82472E+00   -0.69207E-02    0.31193E-02
         0.83232E+00    0.58668E-02    0.42666E-02    0.68039E+00
         0.18483E-01    0.32251E-02    0.38598E+00    0.28462E-01
         0.00000E+00    0.00000E+00    0.32691E-01

     Iteration Number =  4     Error=  0.1404E+00

         0.00000E+00    0.00000E+00    0.00000E+00    0.11511E-02
         0.12800E+00   -0.17587E-01    0.35814E-03    0.37250E+00
        -0.20312E-01   -0.77595E-06    0.59548E+00   -0.14946E-01
         0.11638E-02    0.72411E+00   -0.55149E-02    0.31311E-02
         0.72483E+00    0.54793E-02    0.42825E-02    0.59005E+00
         0.16197E-01    0.32364E-02    0.33444E+00    0.24746E-01
         0.00000E+00    0.00000E+00    0.28445E-01

     Iteration Number =  5     Error=  0.1197E+00

         0.00000E+00    0.00000E+00    0.00000E+00    0.11455E-02
         0.13909E+00   -0.19248E-01    0.35513E-03    0.41143E+00
        -0.22886E-01   -0.14266E-05    0.66748E+00   -0.17410E-01
         0.11589E-02    0.82133E+00   -0.68864E-02    0.31181E-02
         0.82886E+00    0.58428E-02    0.42648E-02    0.67759E+00
         0.18405E-01    0.32234E-02    0.38442E+00    0.28348E-01
         0.00000E+00    0.00000E+00    0.32564E-01

     Iteration Number =  6     Error=  0.1312E+00

         0.00000E+00    0.00000E+00    0.00000E+00    0.11517E-02
         0.12836E+00   -0.17640E-01    0.35988E-03    0.37373E+00
        -0.20392E-01    0.10405E-05    0.59773E+00   -0.15020E-01
         0.11652E-02    0.72710E+00   -0.55532E-02    0.31327E-02
         0.72797E+00    0.54939E-02    0.42846E-02    0.59266E+00
         0.16265E-01    0.32381E-02    0.33591E+00    0.24853E-01
         0.00000E+00    0.00000E+00    0.28567E-01

     Iteration Number =  7     Error=  0.1127E+00

         0.00000E+00    0.00000E+00    0.00000E+00    0.11461E-02
         0.13874E+00   -0.19195E-01    0.35567E-03    0.41020E+00
        -0.22805E-01   -0.12383E-05    0.66521E+00   -0.17334E-01
         0.11594E-02    0.81829E+00   -0.68450E-02    0.31193E-02
         0.82563E+00    0.58301E-02    0.42666E-02    0.67488E+00
         0.18336E-01    0.32246E-02    0.38288E+00    0.28236E-01
         0.00000E+00    0.00000E+00    0.32437E-01

     Iteration Number =  8     Error=  0.1227E+00

         0.00000E+00    0.00000E+00    0.00000E+00    0.11521E-02
         0.12867E+00   -0.17687E-01    0.36057E-03    0.37483E+00
        -0.20465E-01    0.16565E-05    0.59976E+00   -0.15090E-01
         0.11656E-02    0.72985E+00   -0.55921E-02    0.31334E-02
         0.73092E+00    0.55042E-02    0.42856E-02    0.59514E+00
         0.16328E-01    0.32389E-02    0.33733E+00    0.24955E-01
         0.00000E+00    0.00000E+00    0.28683E-01

     Iteration Number =  9     Error=  0.1062E+00

         0.00000E+00    0.00000E+00    0.00000E+00    0.11468E-02
         0.13841E+00   -0.19146E-01    0.35647E-03    0.40907E+00
        -0.22730E-01   -0.66251E-06    0.66312E+00   -0.17263E-01
         0.11601E-02    0.81547E+00   -0.68054E-02    0.31207E-02
         0.82261E+00    0.58194E-02    0.42685E-02    0.67235E+00
         0.18272E-01    0.32261E-02    0.38143E+00    0.28132E-01
         0.00000E+00    0.00000E+00    0.32317E-01

     Iteration Number = 10     Error=  0.1148E+00

         0.00000E+00    0.00000E+00    0.00000E+00    0.11524E-02
         0.12896E+00   -0.17730E-01    0.36108E-03    0.37586E+00
        -0.20533E-01    0.20930E-05    0.60167E+00   -0.15156E-01
         0.11660E-02    0.73242E+00   -0.56287E-02    0.31339E-02
         0.73368E+00    0.55136E-02    0.42863E-02    0.59746E+00
         0.16386E-01    0.32394E-02    0.33865E+00    0.25051E-01
         0.00000E+00    0.00000E+00    0.28793E-01

     Iteration Number = 11     Error=  0.1001E+00

         0.00000E+00    0.00000E+00    0.00000E+00    0.11474E-02
         0.13811E+00   -0.19101E-01    0.35722E-03    0.40801E+00
        -0.22661E-01   -0.11052E-06    0.66117E+00   -0.17196E-01
         0.11608E-02    0.81283E+00   -0.67683E-02    0.31220E-02
         0.81979E+00    0.58095E-02    0.42702E-02    0.66997E+00
         0.18212E-01    0.32274E-02    0.38007E+00    0.28034E-01
         0.00000E+00    0.00000E+00    0.32206E-01

     Iteration Number = 12     Error=  0.1074E+00

         0.00000E+00    0.00000E+00    0.00000E+00    0.11526E-02
         0.12924E+00   -0.17771E-01    0.36152E-03    0.37682E+00
        -0.20597E-01    0.24618E-05    0.60345E+00   -0.15217E-01
         0.11663E-02    0.73484E+00   -0.56631E-02    0.31343E-02
         0.73626E+00    0.55224E-02    0.42869E-02    0.59964E+00
         0.16441E-01    0.32399E-02    0.33990E+00    0.25141E-01
         0.00000E+00    0.00000E+00    0.28895E-01

     Iteration Number = 13     Error=  0.9427E-01

         0.00000E+00    0.00000E+00    0.00000E+00    0.11479E-02
         0.13783E+00   -0.19059E-01    0.35789E-03    0.40702E+00
        -0.22595E-01    0.38320E-06    0.65934E+00   -0.17134E-01
         0.11614E-02    0.81037E+00   -0.67336E-02    0.31231E-02
         0.81715E+00    0.58003E-02    0.42718E-02    0.66776E+00
         0.18156E-01    0.32286E-02    0.37881E+00    0.27943E-01
         0.00000E+00    0.00000E+00    0.32101E-01

     Iteration Number = 14     Error=  0.1006E+00

         0.00000E+00    0.00000E+00    0.00000E+00    0.11528E-02
         0.12949E+00   -0.17810E-01    0.36190E-03    0.37772E+00
        -0.20657E-01    0.27813E-05    0.60513E+00   -0.15275E-01
         0.11665E-02    0.73710E+00   -0.56954E-02    0.31346E-02
         0.73869E+00    0.55306E-02    0.42874E-02    0.60169E+00
         0.16492E-01    0.32402E-02    0.34107E+00    0.25225E-01
         0.00000E+00    0.00000E+00    0.28992E-01

     Iteration Number = 15     Error=  0.8882E-01

         0.00000E+00    0.00000E+00    0.00000E+00    0.11484E-02
         0.13757E+00   -0.19020E-01    0.35848E-03    0.40610E+00
        -0.22534E-01    0.82187E-06    0.65764E+00   -0.17075E-01
         0.11619E-02    0.80807E+00   -0.67011E-02    0.31242E-02
         0.81469E+00    0.57917E-02    0.42732E-02    0.66568E+00
         0.18104E-01    0.32296E-02    0.37762E+00    0.27858E-01
         0.00000E+00    0.00000E+00    0.32004E-01

     Iteration Number = 16     Error=  0.9425E-01

         0.00000E+00    0.00000E+00    0.00000E+00    0.11530E-02
         0.12973E+00   -0.17846E-01    0.36223E-03    0.37857E+00
        -0.20713E-01    0.30587E-05    0.60670E+00   -0.15329E-01
         0.11667E-02    0.73923E+00   -0.57257E-02    0.31349E-02
         0.74097E+00    0.55383E-02    0.42878E-02    0.60360E+00
         0.16541E-01    0.32405E-02    0.34216E+00    0.25304E-01
         0.00000E+00    0.00000E+00    0.29082E-01

     Iteration Number = 17     Error=  0.8369E-01

         0.00000E+00    0.00000E+00    0.00000E+00    0.11489E-02
         0.13732E+00   -0.18983E-01    0.35901E-03    0.40523E+00
        -0.22477E-01    0.12117E-05    0.65604E+00   -0.17021E-01
         0.11624E-02    0.80591E+00   -0.66707E-02    0.31251E-02
         0.81238E+00    0.57837E-02    0.42745E-02    0.66374E+00
         0.18055E-01    0.32306E-02    0.37651E+00    0.27778E-01
         0.00000E+00    0.00000E+00    0.31912E-01

     Iteration Number = 18     Error=  0.8832E-01

         0.00000E+00    0.00000E+00    0.00000E+00    0.11531E-02
         0.12996E+00   -0.17880E-01    0.36251E-03    0.37937E+00
        -0.20766E-01    0.32997E-05    0.60817E+00   -0.15379E-01
         0.11669E-02    0.74122E+00   -0.57541E-02    0.31352E-02
         0.74311E+00    0.55455E-02    0.42881E-02    0.60541E+00
         0.16586E-01    0.32408E-02    0.34319E+00    0.25378E-01
         0.00000E+00    0.00000E+00    0.29167E-01

     Iteration Number = 19     Error=  0.7885E-01

         0.00000E+00    0.00000E+00    0.00000E+00    0.11492E-02
         0.13709E+00   -0.18948E-01    0.35948E-03    0.40442E+00
        -0.22424E-01    0.15586E-05    0.65454E+00   -0.16969E-01
         0.11628E-02    0.80389E+00   -0.66423E-02    0.31259E-02
         0.81022E+00    0.57761E-02    0.42756E-02    0.66192E+00
         0.18009E-01    0.32314E-02    0.37548E+00    0.27703E-01
         0.00000E+00    0.00000E+00    0.31827E-01

     Iteration Number = 20     Error=  0.8280E-01

         0.00000E+00    0.00000E+00    0.00000E+00    0.11532E-02
         0.13017E+00   -0.17912E-01    0.36275E-03    0.38011E+00
        -0.20815E-01    0.35088E-05    0.60956E+00   -0.15427E-01
         0.11670E-02    0.74310E+00   -0.57808E-02    0.31353E-02
         0.74511E+00    0.55524E-02    0.42884E-02    0.60710E+00
         0.16628E-01    0.32410E-02    0.34416E+00    0.25447E-01
         0.00000E+00    0.00000E+00    0.29246E-01

     Iteration Number = 21     Error=  0.7429E-01

         0.00000E+00    0.00000E+00    0.00000E+00    0.11496E-02
         0.13687E+00   -0.18916E-01    0.35990E-03    0.40367E+00
        -0.22374E-01    0.18675E-05    0.65314E+00   -0.16921E-01
         0.11632E-02    0.80200E+00   -0.66156E-02    0.31267E-02
         0.80820E+00    0.57691E-02    0.42767E-02    0.66022E+00
         0.17966E-01    0.32322E-02    0.37450E+00    0.27633E-01
         0.00000E+00    0.00000E+00    0.31747E-01

     Iteration Number = 22     Error=  0.7764E-01

         0.00000E+00    0.00000E+00    0.00000E+00    0.11533E-02
         0.13037E+00   -0.17942E-01    0.36296E-03    0.38082E+00
        -0.20862E-01    0.36901E-05    0.61086E+00   -0.15472E-01
         0.11671E-02    0.74486E+00   -0.58058E-02    0.31355E-02
         0.74700E+00    0.55588E-02    0.42886E-02    0.60869E+00
         0.16668E-01    0.32412E-02    0.34507E+00    0.25513E-01
         0.00000E+00    0.00000E+00    0.29321E-01

     Iteration Number = 23     Error=  0.6999E-01

         0.00000E+00    0.00000E+00    0.00000E+00    0.11499E-02
         0.13667E+00   -0.18886E-01    0.36027E-03    0.40296E+00
        -0.22327E-01    0.21429E-05    0.65183E+00   -0.16877E-01
         0.11635E-02    0.80023E+00   -0.65906E-02    0.31274E-02
         0.80630E+00    0.57625E-02    0.42776E-02    0.65862E+00
         0.17926E-01    0.32329E-02    0.37359E+00    0.27567E-01
         0.00000E+00    0.00000E+00    0.31671E-01

     Iteration Number = 24     Error=  0.7282E-01

         0.00000E+00    0.00000E+00    0.00000E+00    0.11534E-02
         0.13056E+00   -0.17970E-01    0.36314E-03    0.38148E+00
        -0.20905E-01    0.38472E-05    0.61208E+00   -0.15514E-01
         0.11672E-02    0.74651E+00   -0.58294E-02    0.31356E-02
         0.74877E+00    0.55648E-02    0.42888E-02    0.61018E+00
         0.16706E-01    0.32413E-02    0.34592E+00    0.25574E-01
         0.00000E+00    0.00000E+00    0.29392E-01

     Iteration Number = 25     Error=  0.6594E-01

         0.00000E+00    0.00000E+00    0.00000E+00    0.11502E-02
         0.13648E+00   -0.18857E-01    0.36061E-03    0.40229E+00
        -0.22283E-01    0.23886E-05    0.65060E+00   -0.16834E-01
         0.11638E-02    0.79856E+00   -0.65671E-02    0.31280E-02
         0.80452E+00    0.57563E-02    0.42784E-02    0.65712E+00
         0.17888E-01    0.32335E-02    0.37273E+00    0.27505E-01
         0.00000E+00    0.00000E+00    0.31601E-01

     Iteration Number = 26     Error=  0.6832E-01

         0.00000E+00    0.00000E+00    0.00000E+00    0.11535E-02
         0.13073E+00   -0.17996E-01    0.36329E-03    0.38210E+00
        -0.20947E-01    0.39831E-05    0.61323E+00   -0.15553E-01
         0.11673E-02    0.74806E+00   -0.58515E-02    0.31357E-02
         0.75044E+00    0.55705E-02    0.42889E-02    0.61158E+00
         0.16741E-01    0.32414E-02    0.34672E+00    0.25632E-01
         0.00000E+00    0.00000E+00    0.29458E-01

     Iteration Number = 27     Error=  0.6211E-01

         0.00000E+00    0.00000E+00    0.00000E+00    0.11504E-02
         0.13630E+00   -0.18831E-01    0.36091E-03    0.40166E+00
        -0.22242E-01    0.26082E-05    0.64944E+00   -0.16795E-01
         0.11641E-02    0.79701E+00   -0.65451E-02    0.31285E-02
         0.80285E+00    0.57505E-02    0.42792E-02    0.65572E+00
         0.17853E-01    0.32341E-02    0.37193E+00    0.27448E-01
         0.00000E+00    0.00000E+00    0.31535E-01

     Iteration Number = 28     Error=  0.6410E-01

         0.00000E+00    0.00000E+00    0.00000E+00    0.11535E-02
         0.13090E+00   -0.18021E-01    0.36343E-03    0.38268E+00
        -0.20985E-01    0.41005E-05    0.61431E+00   -0.15590E-01
         0.11674E-02    0.74953E+00   -0.58722E-02    0.31358E-02
         0.75200E+00    0.55758E-02    0.42890E-02    0.61290E+00
         0.16775E-01    0.32415E-02    0.34748E+00    0.25686E-01
         0.00000E+00    0.00000E+00    0.29520E-01

     Iteration Number = 29     Error=  0.5851E-01

         0.00000E+00    0.00000E+00    0.00000E+00    0.11507E-02
         0.13614E+00   -0.18806E-01    0.36118E-03    0.40108E+00
        -0.22203E-01    0.28045E-05    0.64836E+00   -0.16758E-01
         0.11644E-02    0.79554E+00   -0.65245E-02    0.31290E-02
         0.80129E+00    0.57451E-02    0.42799E-02    0.65440E+00
         0.17820E-01    0.32346E-02    0.37118E+00    0.27393E-01
         0.00000E+00    0.00000E+00    0.31473E-01

     Iteration Number = 30     Error=  0.6016E-01

         0.00000E+00    0.00000E+00    0.00000E+00    0.11536E-02
         0.13106E+00   -0.18045E-01    0.36354E-03    0.38323E+00
        -0.21022E-01    0.42018E-05    0.61533E+00   -0.15625E-01
         0.11674E-02    0.75090E+00   -0.58918E-02    0.31358E-02
         0.75348E+00    0.55808E-02    0.42891E-02    0.61414E+00
         0.16806E-01    0.32415E-02    0.34818E+00    0.25737E-01
         0.00000E+00    0.00000E+00    0.29578E-01

     Iteration Number = 31     Error=  0.5512E-01

         0.00000E+00    0.00000E+00    0.00000E+00    0.11509E-02
         0.13598E+00   -0.18782E-01    0.36142E-03    0.40053E+00
        -0.22166E-01    0.29802E-05    0.64734E+00   -0.16723E-01
         0.11646E-02    0.79417E+00   -0.65051E-02    0.31295E-02
         0.79982E+00    0.57400E-02    0.42805E-02    0.65316E+00
         0.17788E-01    0.32351E-02    0.37047E+00    0.27343E-01
         0.00000E+00    0.00000E+00    0.31415E-01

     Iteration Number = 32     Error=  0.5648E-01

         0.00000E+00    0.00000E+00    0.00000E+00    0.11536E-02
         0.13120E+00   -0.18067E-01    0.36363E-03    0.38374E+00
        -0.21056E-01    0.42890E-05    0.61628E+00   -0.15658E-01
         0.11675E-02    0.75219E+00   -0.59101E-02    0.31359E-02
         0.75486E+00    0.55855E-02    0.42892E-02    0.61531E+00
         0.16835E-01    0.32416E-02    0.34885E+00    0.25785E-01
         0.00000E+00    0.00000E+00    0.29633E-01

     Iteration Number = 33     Error=  0.5191E-01

         0.00000E+00    0.00000E+00    0.00000E+00    0.11511E-02
         0.13583E+00   -0.18760E-01    0.36164E-03    0.40001E+00
        -0.22132E-01    0.31376E-05    0.64639E+00   -0.16690E-01
         0.11648E-02    0.79288E+00   -0.64869E-02    0.31299E-02
         0.79844E+00    0.57352E-02    0.42810E-02    0.65200E+00
         0.17759E-01    0.32355E-02    0.36981E+00    0.27295E-01
         0.00000E+00    0.00000E+00    0.31360E-01

     Iteration Number = 34     Error=  0.5302E-01

         0.00000E+00    0.00000E+00    0.00000E+00    0.11536E-02
         0.13134E+00   -0.18087E-01    0.36371E-03    0.38423E+00
        -0.21088E-01    0.43640E-05    0.61718E+00   -0.15689E-01
         0.11675E-02    0.75341E+00   -0.59274E-02    0.31359E-02
         0.75616E+00    0.55899E-02    0.42892E-02    0.61640E+00
         0.16863E-01    0.32416E-02    0.34948E+00    0.25830E-01
         0.00000E+00    0.00000E+00    0.29684E-01

     Iteration Number = 35     Error=  0.4890E-01

         0.00000E+00    0.00000E+00    0.00000E+00    0.11512E-02
         0.13570E+00   -0.18740E-01    0.36184E-03    0.39953E+00
        -0.22100E-01    0.32788E-05    0.64549E+00   -0.16660E-01
         0.11650E-02    0.79167E+00   -0.64698E-02    0.31302E-02
         0.79714E+00    0.57307E-02    0.42815E-02    0.65091E+00
         0.17732E-01    0.32359E-02    0.36919E+00    0.27250E-01
         0.00000E+00    0.00000E+00    0.31309E-01

     Iteration Number = 36     Error=  0.4979E-01

         0.00000E+00    0.00000E+00    0.00000E+00    0.11536E-02
         0.13147E+00   -0.18107E-01    0.36378E-03    0.38469E+00
        -0.21118E-01    0.44282E-05    0.61802E+00   -0.15718E-01
         0.11675E-02    0.75455E+00   -0.59436E-02    0.31359E-02
         0.75738E+00    0.55941E-02    0.42892E-02    0.61743E+00
         0.16889E-01    0.32416E-02    0.35006E+00    0.25873E-01
         0.00000E+00    0.00000E+00    0.29733E-01

     Iteration Number = 37     Error=  0.4605E-01

         0.00000E+00    0.00000E+00    0.00000E+00    0.11514E-02
         0.13557E+00   -0.18720E-01    0.36202E-03    0.39907E+00
        -0.22070E-01    0.34055E-05    0.64465E+00   -0.16631E-01
         0.11652E-02    0.79054E+00   -0.64537E-02    0.31306E-02
         0.79593E+00    0.57265E-02    0.42820E-02    0.64989E+00
         0.17706E-01    0.32362E-02    0.36860E+00    0.27208E-01
         0.00000E+00    0.00000E+00    0.31261E-01

     Iteration Number = 38     Error=  0.4676E-01

         0.00000E+00    0.00000E+00    0.00000E+00    0.11536E-02
         0.13159E+00   -0.18125E-01    0.36384E-03    0.38511E+00
        -0.21146E-01    0.44831E-05    0.61882E+00   -0.15745E-01
         0.11675E-02    0.75562E+00   -0.59589E-02    0.31359E-02
         0.75854E+00    0.55980E-02    0.42892E-02    0.61840E+00
         0.16913E-01    0.32416E-02    0.35062E+00    0.25913E-01
         0.00000E+00    0.00000E+00    0.29779E-01

     Iteration Number = 39     Error=  0.4337E-01

         0.00000E+00    0.00000E+00    0.00000E+00    0.11515E-02
         0.13544E+00   -0.18702E-01    0.36217E-03    0.39865E+00
        -0.22042E-01    0.35193E-05    0.64386E+00   -0.16604E-01
         0.11653E-02    0.78947E+00   -0.64386E-02    0.31309E-02
         0.79478E+00    0.57226E-02    0.42824E-02    0.64893E+00
         0.17682E-01    0.32365E-02    0.36805E+00    0.27168E-01
         0.00000E+00    0.00000E+00    0.31215E-01

     Iteration Number = 40     Error=  0.4392E-01

         0.00000E+00    0.00000E+00    0.00000E+00    0.11536E-02
         0.13171E+00   -0.18142E-01    0.36388E-03    0.38552E+00
        -0.21173E-01    0.45298E-05    0.61957E+00   -0.15771E-01
         0.11675E-02    0.75663E+00   -0.59733E-02    0.31359E-02
         0.75962E+00    0.56017E-02    0.42892E-02    0.61931E+00
         0.16936E-01    0.32416E-02    0.35114E+00    0.25950E-01
         0.00000E+00    0.00000E+00    0.29822E-01

     Iteration Number = 41     Error=  0.4084E-01

         0.00000E+00    0.00000E+00    0.00000E+00    0.11517E-02
         0.13533E+00   -0.18685E-01    0.36232E-03    0.39825E+00
        -0.22016E-01    0.36216E-05    0.64312E+00   -0.16579E-01
         0.11655E-02    0.78847E+00   -0.64245E-02    0.31312E-02
         0.79371E+00    0.57189E-02    0.42828E-02    0.64802E+00
         0.17659E-01    0.32368E-02    0.36754E+00    0.27131E-01
         0.00000E+00    0.00000E+00    0.31173E-01

     Iteration Number = 42     Error=  0.4125E-01

         0.00000E+00    0.00000E+00    0.00000E+00    0.11536E-02
         0.13182E+00   -0.18158E-01    0.36392E-03    0.38590E+00
        -0.21198E-01    0.45695E-05    0.62027E+00   -0.15795E-01
         0.11675E-02    0.75758E+00   -0.59868E-02    0.31359E-02
         0.76064E+00    0.56052E-02    0.42892E-02    0.62017E+00
         0.16958E-01    0.32416E-02    0.35163E+00    0.25985E-01
         0.00000E+00    0.00000E+00    0.29862E-01

     Iteration Number = 43     Error=  0.3846E-01

         0.00000E+00    0.00000E+00    0.00000E+00    0.11518E-02
         0.13522E+00   -0.18669E-01    0.36245E-03    0.39787E+00
        -0.21991E-01    0.37137E-05    0.64242E+00   -0.16555E-01
         0.11656E-02    0.78753E+00   -0.64112E-02    0.31314E-02
         0.79270E+00    0.57154E-02    0.42832E-02    0.64718E+00
         0.17638E-01    0.32371E-02    0.36705E+00    0.27096E-01
         0.00000E+00    0.00000E+00    0.31133E-01

     Iteration Number = 44     Error=  0.3875E-01

         0.00000E+00    0.00000E+00    0.00000E+00    0.11536E-02
         0.13192E+00   -0.18174E-01    0.36395E-03    0.38626E+00
        -0.21222E-01    0.46030E-05    0.62093E+00   -0.15818E-01
         0.11675E-02    0.75848E+00   -0.59995E-02    0.31358E-02
         0.76160E+00    0.56085E-02    0.42891E-02    0.62098E+00
         0.16978E-01    0.32416E-02    0.35209E+00    0.26019E-01
         0.00000E+00    0.00000E+00    0.29900E-01

     Iteration Number = 45     Error=  0.3622E-01

         0.00000E+00    0.00000E+00    0.00000E+00    0.11519E-02
         0.13512E+00   -0.18654E-01    0.36257E-03    0.39752E+00
        -0.21967E-01    0.37966E-05    0.64177E+00   -0.16532E-01
         0.11657E-02    0.78664E+00   -0.63987E-02    0.31317E-02
         0.79176E+00    0.57121E-02    0.42835E-02    0.64638E+00
         0.17618E-01    0.32373E-02    0.36660E+00    0.27063E-01
         0.00000E+00    0.00000E+00    0.31095E-01

     Iteration Number = 46     Error=  0.3641E-01

         0.00000E+00    0.00000E+00    0.00000E+00    0.11536E-02
         0.13201E+00   -0.18188E-01    0.36398E-03    0.38659E+00
        -0.21244E-01    0.46312E-05    0.62155E+00   -0.15839E-01
         0.11675E-02    0.75932E+00   -0.60114E-02    0.31358E-02
         0.76250E+00    0.56116E-02    0.42891E-02    0.62174E+00
         0.16997E-01    0.32415E-02    0.35252E+00    0.26050E-01
         0.00000E+00    0.00000E+00    0.29936E-01

     Iteration Number = 47     Error=  0.3411E-01

         0.00000E+00    0.00000E+00    0.00000E+00    0.11520E-02
         0.13503E+00   -0.18640E-01    0.36267E-03    0.39718E+00
        -0.21945E-01    0.38714E-05    0.64115E+00   -0.16511E-01
         0.11658E-02    0.78581E+00   -0.63869E-02    0.31319E-02
         0.79087E+00    0.57090E-02    0.42838E-02    0.64563E+00
         0.17599E-01    0.32376E-02    0.36617E+00    0.27033E-01
         0.00000E+00    0.00000E+00    0.31060E-01

     Iteration Number = 48     Error=  0.3421E-01

         0.00000E+00    0.00000E+00    0.00000E+00    0.11536E-02
         0.13210E+00   -0.18201E-01    0.36400E-03    0.38691E+00
        -0.21265E-01    0.46547E-05    0.62214E+00   -0.15859E-01
         0.11675E-02    0.76011E+00   -0.60227E-02    0.31358E-02
         0.76334E+00    0.56145E-02    0.42890E-02    0.62245E+00
         0.17015E-01    0.32415E-02    0.35293E+00    0.26079E-01
         0.00000E+00    0.00000E+00    0.29969E-01

     Iteration Number = 49     Error=  0.3211E-01

         0.00000E+00    0.00000E+00    0.00000E+00    0.11521E-02
         0.13494E+00   -0.18626E-01    0.36277E-03    0.39687E+00
        -0.21925E-01    0.39389E-05    0.64058E+00   -0.16491E-01
         0.11659E-02    0.78503E+00   -0.63759E-02    0.31321E-02
         0.79003E+00    0.57061E-02    0.42841E-02    0.64492E+00
         0.17581E-01    0.32378E-02    0.36577E+00    0.27004E-01
         0.00000E+00    0.00000E+00    0.31027E-01

     Iteration Number = 50     Error=  0.3215E-01

         0.00000E+00    0.00000E+00    0.00000E+00    0.11536E-02
         0.13219E+00   -0.18214E-01    0.36402E-03    0.38720E+00
        -0.21285E-01    0.46742E-05    0.62269E+00   -0.15878E-01
         0.11675E-02    0.76086E+00   -0.60332E-02    0.31357E-02
         0.76414E+00    0.56172E-02    0.42890E-02    0.62312E+00
         0.17032E-01    0.32415E-02    0.35332E+00    0.26107E-01
         0.00000E+00    0.00000E+00    0.30001E-01

     ***** Convergence criterion is NOT satisfied *****
