     *** ECHO OF THE INPUT DATA STARTS ***

Example 5.2.1: Nonlinear analysis of a hinged-hinged beam problem               
  2   0   8                        MODEL,IEL,NEM                                
  0.0  100.0                       X0,AL                                        
  1  1  30.0E06  0.3               B,H,E,GNIU                                   
                                                                                
  0.0  0.0  0.0                    FX0,FX1,FX2                                  
  6.0  0.0  0.0                    QX0,QX1,QX2                                  
  5   0   0                        NSPV,NSSV,NSMB                               
  1   1   0.0                       ISPV(1,1),ISPV(1,2),VSPV(1)                 
  1   2   0.0                       ISPV(2,1),ISPV(2,2),VSPV(2)                 
  1   3   0.0                       ISPV(3,1),ISPV(3,2),VSPV(3)                 
  9   1   0.0                       ISPV(4,1),ISPV(4,2),VSPV(4)                 
  9   2   0.0                       ISPV(5,1),ISPV(5,2),VSPV(5)                 
                                                                                
  1   0                            NONLIN,NPRNT                                 
  10   50  1.0E-03  0.0             NLS, ITMAX, EPS, GAMA                       
  2   1                            NGP, LGP                                     
  0.1 0.1 0.1 0.1 0.1                                                           
  0.1 0.1 0.1 0.1 0.1              DP(I)                                        
                                                                                
  0.0 0.0 0.0 0.0 0.0 0.0 0.0                                                   
  0.0 0.0 0.0 0.0 0.0 0.0 0.0                                                   
  0.0 0.0 0.0 0.0 0.0 0.0 0.0                                                   
  0.0 0.0 0.0 0.0 0.0 0.0          GP1(I)                                       

     **** ECHO OF THE INPUT DATA ENDS ****

________________________________________________________________________________
        Output from computer program  FEM1DBEAM              by J. N. Reddy
________________________________________________________________________________


Example 5.2.1: Nonlinear analysis of a hinged-hinged beam problem               

    *** ANALYSIS OF MODEL  2 PROBLEM ***
               (see the code below)

    MODEL=1: A problem described by MODEL EQ. 1
    MODEL=2: A Euler-Bernoulli BEAM problem
    MODEL=3: A Timoshenko BEAM problem


   P R O B L E M   D A T A:

     Coordinate of node 1 ....................... =   0.0000E+00
     Length of the beam ......................... =   0.1000E+03
     Width of cross-section for the beam, B ..... =   0.1000E+01
     Height of cross-section for the beam, H .... =   0.1000E+01
     Elastic modulus of the beam material, E .... =   0.3000E+08
     Axial stiffness for the beam, EA ........... =   0.3000E+08
     Bending stiffness for the beam, EI ......... =   0.2500E+07
     Coefficient of 1 in QX, QX0 ................ =   0.6000E+01
     Coefficient of x in QX, QX1 ................ =   0.0000E+00
     Coefficient of x*x in QX, QX2 .............. =   0.0000E+00
     Coefficient of 1 in FX, FX0 ................ =   0.0000E+00
     Coefficient of x in FX, FX1 ................ =   0.0000E+00
     Coefficient of x*x in FX, FX2 .............. =   0.0000E+00


   M E S H   D A T A:

     Number of elements in the mesh, NEM......... =    8
     Type of element(0:hermite;1:linear;2:quadratic;) .. =    0
     Number of nodes in the mesh, NNM ........... =    9
     Number of deg. of freedom per node, NDF..... =    3
     Number of total DOF in the model, NEQ....... =   27
     GLOBAL COORDINATES OF THE GLOBAL NODES ..... =

        0.0000E+00   0.1250E+02   0.2500E+02   0.3750E+02   0.5000E+02
        0.6250E+02   0.7500E+02   0.8750E+02   0.1000E+03

          CONNECTIVITY MATRIX:

              1    2
              2    3
              3    4
              4    5
              5    6
              6    7
              7    8
              8    9

   B O U N D A R Y   D A T A:

     Number of specified PRIMARY variables ...... =    5
     Specified PRIMARY degrees of freedom ....... :

              1    1   0.0000E+00
              1    2   0.0000E+00
              1    3   0.0000E+00
              9    1   0.0000E+00
              9    2   0.0000E+00

     *** NONLINEAR Analysis with DIRECT ITERATION ***


   NONLINEAR  A N A L Y S I S   D A T A:

     Number of load steps used, NLS ............. =   10
     Maximum allowable number of iterations ..... =   50
     Allowable convergence tolerance (EPS) ...... =   0.1000E-02
     Acceleration parameter:GAMA*GP2+(1-GAMA)*GP1 =   0.0000E+00

   INITIAL (GUESS) VECTOR:

     0.00000E+00  0.00000E+00  0.00000E+00  0.00000E+00  0.00000E+00  0.00000E+00  0.00000E+00  0.00000E+00  0.00000E+00  0.00000E+00  0.00000E+00  0.00000E+00  0.00000E+00  0.00000E+00  0.00000E+00  0.00000E+00  0.00000E+00  0.00000E+00  0.00000E+00  0.00000E+00  0.00000E+00  0.00000E+00  0.00000E+00  0.00000E+00

   INITIAL (GUESS) VECTOR:

     0.00000E+00  0.00000E+00  0.00000E+00

     First iteration solution at source value ... =  0.1000E+00

         0.00000E+00    0.00000E+00    0.00000E+00    0.00000E+00
         0.18799E-01   -0.26563E-02    0.00000E+00    0.58594E-01
        -0.34375E-02    0.00000E+00    0.98877E-01   -0.28125E-02
         0.00000E+00    0.12500E+00   -0.12500E-02    0.00000E+00
         0.12817E+00    0.78125E-03    0.00000E+00    0.10547E+00
         0.28125E-02    0.00000E+00    0.59814E-01    0.43750E-02
         0.00000E+00    0.00000E+00    0.50000E-02

     Iteration Number =  1     Error=  0.1000E+01

         0.00000E+00    0.00000E+00    0.00000E+00    0.00000E+00
         0.18799E-01   -0.26563E-02    0.00000E+00    0.58594E-01
        -0.34375E-02    0.00000E+00    0.98877E-01   -0.28125E-02
         0.00000E+00    0.12500E+00   -0.12500E-02    0.00000E+00
         0.12817E+00    0.78125E-03    0.00000E+00    0.10547E+00
         0.28125E-02    0.00000E+00    0.59814E-01    0.43750E-02
         0.00000E+00    0.00000E+00    0.50000E-02

     Iteration Number =  2     Error=  0.2479E-01

         0.00000E+00    0.00000E+00    0.00000E+00    0.36750E-04
         0.18435E-01   -0.26025E-02    0.24425E-04    0.57341E-01
        -0.33568E-02    0.11523E-04    0.96608E-01   -0.27383E-02
         0.36544E-04    0.12199E+00   -0.12112E-02    0.88419E-04
         0.12500E+00    0.76738E-03    0.12035E-03    0.10282E+00
         0.27443E-02    0.90060E-04    0.58309E-01    0.42662E-02
         0.00000E+00    0.00000E+00    0.48761E-02

     Iteration Number =  3     Error=  0.1185E-02

         0.00000E+00    0.00000E+00    0.00000E+00    0.35797E-04
         0.18452E-01   -0.26050E-02    0.23620E-04    0.57400E-01
        -0.33606E-02    0.11062E-04    0.96716E-01   -0.27419E-02
         0.35591E-04    0.12213E+00   -0.12132E-02    0.86251E-04
         0.12515E+00    0.76799E-03    0.11740E-03    0.10295E+00
         0.27475E-02    0.87862E-04    0.58382E-01    0.42714E-02
         0.00000E+00    0.00000E+00    0.48821E-02


   STEP NUMBER =  1   SOURCE VALUE =  0.1000E+00

     Number of iterations taken for convergence.. =  4
     The Euclidean norm of the solution error ... =  0.5628E-04
     The CONVERGED solution is:

         0.00000E+00    0.00000E+00    0.00000E+00    0.35843E-04
         0.18451E-01   -0.26049E-02    0.23660E-04    0.57398E-01
        -0.33604E-02    0.11086E-04    0.96711E-01   -0.27417E-02
         0.35638E-04    0.12213E+00   -0.12131E-02    0.86356E-04
         0.12514E+00    0.76796E-03    0.11755E-03    0.10294E+00
         0.27474E-02    0.87969E-04    0.58378E-01    0.42712E-02
         0.00000E+00    0.00000E+00    0.48818E-02

     Iteration Number =  1     Error=  0.5000E+00

         0.00000E+00    0.00000E+00    0.00000E+00    0.71682E-04
         0.36903E-01   -0.52098E-02    0.47316E-04    0.11480E+00
        -0.67209E-02    0.22170E-04    0.19342E+00   -0.54834E-02
         0.71271E-04    0.24426E+00   -0.24261E-02    0.17270E-03
         0.25029E+00    0.15359E-02    0.23508E-03    0.20588E+00
         0.54948E-02    0.17593E-03    0.11676E+00    0.85424E-02
         0.00000E+00    0.00000E+00    0.97637E-02

     Iteration Number =  2     Error=  0.6906E-01

         0.00000E+00    0.00000E+00    0.00000E+00    0.13290E-03
         0.35002E-01   -0.49288E-02    0.85783E-04    0.10825E+00
        -0.62995E-02    0.39278E-04    0.18157E+00   -0.50961E-02
         0.13207E-03    0.22855E+00   -0.22241E-02    0.32161E-03
         0.23371E+00    0.14633E-02    0.43779E-03    0.19206E+00
         0.51386E-02    0.32773E-03    0.10890E+00    0.79746E-02
         0.00000E+00    0.00000E+00    0.91175E-02

     Iteration Number =  3     Error=  0.1103E-01

         0.00000E+00    0.00000E+00    0.00000E+00    0.12477E-03
         0.35300E-01   -0.49733E-02    0.79046E-04    0.10929E+00
        -0.63671E-02    0.35487E-04    0.18347E+00   -0.51593E-02
         0.12396E-03    0.23108E+00   -0.22579E-02    0.30306E-03
         0.23640E+00    0.14741E-02    0.41257E-03    0.19431E+00
         0.51961E-02    0.30892E-03    0.11018E+00    0.80670E-02
         0.00000E+00    0.00000E+00    0.92228E-02

     Iteration Number =  4     Error=  0.1755E-02

         0.00000E+00    0.00000E+00    0.00000E+00    0.12612E-03
         0.35253E-01   -0.49662E-02    0.80213E-04    0.10913E+00
        -0.63564E-02    0.36171E-04    0.18317E+00   -0.51493E-02
         0.12533E-03    0.23068E+00   -0.22525E-02    0.30614E-03
         0.23597E+00    0.14724E-02    0.41676E-03    0.19395E+00
         0.51870E-02    0.31205E-03    0.10998E+00    0.80523E-02
         0.00000E+00    0.00000E+00    0.92060E-02


   STEP NUMBER =  2   SOURCE VALUE =  0.2000E+00

     Number of iterations taken for convergence.. =  5
     The Euclidean norm of the solution error ... =  0.2797E-03
     The CONVERGED solution is:

         0.00000E+00    0.00000E+00    0.00000E+00    0.12591E-03
         0.35261E-01   -0.49674E-02    0.80027E-04    0.10915E+00
        -0.63581E-02    0.36062E-04    0.18322E+00   -0.51509E-02
         0.12511E-03    0.23074E+00   -0.22534E-02    0.30565E-03
         0.23604E+00    0.14727E-02    0.41609E-03    0.19401E+00
         0.51884E-02    0.31156E-03    0.11001E+00    0.80546E-02
         0.00000E+00    0.00000E+00    0.92087E-02

     Iteration Number =  1     Error=  0.3333E+00

         0.00000E+00    0.00000E+00    0.00000E+00    0.18891E-03
         0.52889E-01   -0.74508E-02    0.12009E-03    0.16372E+00
        -0.95367E-02    0.54119E-04    0.27481E+00   -0.77259E-02
         0.18772E-03    0.34610E+00   -0.33799E-02    0.45859E-03
         0.35404E+00    0.22090E-02    0.62430E-03    0.29100E+00
         0.77823E-02    0.46745E-03    0.16501E+00    0.12081E-01
         0.00000E+00    0.00000E+00    0.13812E-01

     Iteration Number =  2     Error=  0.9626E-01

         0.00000E+00    0.00000E+00    0.00000E+00    0.25502E-03
         0.49218E-01   -0.69085E-02    0.15651E-03    0.15110E+00
        -0.87246E-02    0.67825E-04    0.25197E+00   -0.69809E-02
         0.25325E-03    0.31584E+00   -0.29924E-02    0.62322E-03
         0.32213E+00    0.20679E-02    0.84852E-03    0.26440E+00
         0.70964E-02    0.63563E-03    0.14990E+00    0.10989E-01
         0.00000E+00    0.00000E+00    0.12569E-01

     Iteration Number =  3     Error=  0.2720E-01

         0.00000E+00    0.00000E+00    0.00000E+00    0.23697E-03
         0.50252E-01   -0.70623E-02    0.14202E-03    0.15469E+00
        -0.89586E-02    0.59894E-04    0.25854E+00   -0.71997E-02
         0.23533E-03    0.32461E+00   -0.31096E-02    0.58183E-03
         0.33144E+00    0.21055E-02    0.79227E-03    0.27219E+00
         0.72955E-02    0.59370E-03    0.15433E+00    0.11309E-01
         0.00000E+00    0.00000E+00    0.12934E-01

     Iteration Number =  4     Error=  0.7877E-02

         0.00000E+00    0.00000E+00    0.00000E+00    0.24251E-03
         0.49956E-01   -0.70182E-02    0.14673E-03    0.15366E+00
        -0.88915E-02    0.62630E-04    0.25666E+00   -0.71368E-02
         0.24093E-03    0.32209E+00   -0.30757E-02    0.59448E-03
         0.32876E+00    0.20949E-02    0.80947E-03    0.26995E+00
         0.72383E-02    0.60653E-03    0.15305E+00    0.11217E-01
         0.00000E+00    0.00000E+00    0.12829E-01

     Iteration Number =  5     Error=  0.2268E-02

         0.00000E+00    0.00000E+00    0.00000E+00    0.24093E-03
         0.50041E-01   -0.70309E-02    0.14538E-03    0.15396E+00
        -0.89108E-02    0.61841E-04    0.25720E+00   -0.71549E-02
         0.23933E-03    0.32282E+00   -0.30855E-02    0.59087E-03
         0.32953E+00    0.20979E-02    0.80457E-03    0.27059E+00
         0.72548E-02    0.60287E-03    0.15342E+00    0.11243E-01
         0.00000E+00    0.00000E+00    0.12859E-01


   STEP NUMBER =  3   SOURCE VALUE =  0.3000E+00

     Number of iterations taken for convergence.. =  6
     The Euclidean norm of the solution error ... =  0.6544E-03
     The CONVERGED solution is:

         0.00000E+00    0.00000E+00    0.00000E+00    0.24139E-03
         0.50017E-01   -0.70273E-02    0.14578E-03    0.15387E+00
        -0.89053E-02    0.62071E-04    0.25704E+00   -0.71497E-02
         0.23979E-03    0.32261E+00   -0.30827E-02    0.59192E-03
         0.32931E+00    0.20970E-02    0.80599E-03    0.27041E+00
         0.72501E-02    0.60393E-03    0.15332E+00    0.11236E-01
         0.00000E+00    0.00000E+00    0.12850E-01

     Iteration Number =  1     Error=  0.2501E+00

         0.00000E+00    0.00000E+00    0.00000E+00    0.32167E-03
         0.66698E-01   -0.93711E-02    0.19422E-03    0.20520E+00
        -0.11876E-01    0.82673E-04    0.34278E+00   -0.95350E-02
         0.31955E-03    0.43022E+00   -0.41113E-02    0.78882E-03
         0.43917E+00    0.27964E-02    0.10741E-02    0.36062E+00
         0.96686E-02    0.80483E-03    0.20446E+00    0.14984E-01
         0.00000E+00    0.00000E+00    0.17137E-01

     Iteration Number =  2     Error=  0.1083E+00

         0.00000E+00    0.00000E+00    0.00000E+00    0.38077E-03
         0.61602E-01   -0.86190E-02    0.21964E-03    0.18770E+00
        -0.10752E-01    0.88335E-04    0.31116E+00   -0.85062E-02
         0.37804E-03    0.38837E+00   -0.35783E-02    0.94152E-03
         0.39506E+00    0.25993E-02    0.12823E-02    0.32387E+00
         0.87200E-02    0.96138E-03    0.18359E+00    0.13474E-01
         0.00000E+00    0.00000E+00    0.15420E-01

     Iteration Number =  3     Error=  0.4257E-01

         0.00000E+00    0.00000E+00    0.00000E+00    0.35573E-03
         0.63622E-01   -0.89196E-02    0.20034E-03    0.19472E+00
        -0.11209E-01    0.78174E-04    0.32399E+00   -0.89339E-02
         0.35334E-03    0.40551E+00   -0.38073E-02    0.88374E-03
         0.41325E+00    0.26728E-02    0.12038E-02    0.33909E+00
         0.91091E-02    0.90288E-03    0.19225E+00    0.14100E-01
         0.00000E+00    0.00000E+00    0.16133E-01

     Iteration Number =  4     Error=  0.1775E-01

         0.00000E+00    0.00000E+00    0.00000E+00    0.36682E-03
         0.62798E-01   -0.87969E-02    0.20964E-03    0.19185E+00
        -0.11022E-01    0.83523E-04    0.31874E+00   -0.87584E-02
         0.36456E-03    0.39849E+00   -0.37128E-02    0.90920E-03
         0.40579E+00    0.26433E-02    0.12384E-02    0.33284E+00
         0.89498E-02    0.92870E-03    0.18869E+00    0.13843E-01
         0.00000E+00    0.00000E+00    0.15840E-01

     Iteration Number =  5     Error=  0.7244E-02

         0.00000E+00    0.00000E+00    0.00000E+00    0.36236E-03
         0.63136E-01   -0.88473E-02    0.20588E-03    0.19303E+00
        -0.11099E-01    0.81340E-04    0.32089E+00   -0.88305E-02
         0.36002E-03    0.40137E+00   -0.37517E-02    0.89894E-03
         0.40885E+00    0.26553E-02    0.12245E-02    0.33541E+00
         0.90152E-02    0.91829E-03    0.19016E+00    0.13949E-01
         0.00000E+00    0.00000E+00    0.15961E-01

     Iteration Number =  6     Error=  0.2984E-02

         0.00000E+00    0.00000E+00    0.00000E+00    0.36421E-03
         0.62998E-01   -0.88266E-02    0.20745E-03    0.19255E+00
        -0.11067E-01    0.82256E-04    0.32001E+00   -0.88009E-02
         0.36191E-03    0.40019E+00   -0.37357E-02    0.90319E-03
         0.40760E+00    0.26504E-02    0.12302E-02    0.33435E+00
         0.89884E-02    0.92261E-03    0.18956E+00    0.13905E-01
         0.00000E+00    0.00000E+00    0.15911E-01

     Iteration Number =  7     Error=  0.1224E-02

         0.00000E+00    0.00000E+00    0.00000E+00    0.36345E-03
         0.63055E-01   -0.88351E-02    0.20681E-03    0.19274E+00
        -0.11080E-01    0.81882E-04    0.32037E+00   -0.88131E-02
         0.36114E-03    0.40068E+00   -0.37423E-02    0.90145E-03
         0.40811E+00    0.26524E-02    0.12279E-02    0.33479E+00
         0.89994E-02    0.92084E-03    0.18980E+00    0.13923E-01
         0.00000E+00    0.00000E+00    0.15932E-01


   STEP NUMBER =  4   SOURCE VALUE =  0.4000E+00

     Number of iterations taken for convergence.. =  8
     The Euclidean norm of the solution error ... =  0.5032E-03
     The CONVERGED solution is:

         0.00000E+00    0.00000E+00    0.00000E+00    0.36376E-03
         0.63031E-01   -0.88316E-02    0.20708E-03    0.19266E+00
        -0.11075E-01    0.82036E-04    0.32022E+00   -0.88081E-02
         0.36146E-03    0.40048E+00   -0.37396E-02    0.90217E-03
         0.40790E+00    0.26516E-02    0.12288E-02    0.33461E+00
         0.89949E-02    0.92157E-03    0.18970E+00    0.13916E-01
         0.00000E+00    0.00000E+00    0.15923E-01

     Iteration Number =  1     Error=  0.2002E+00

         0.00000E+00    0.00000E+00    0.00000E+00    0.45455E-03
         0.78801E-01   -0.11041E-01    0.25871E-03    0.24087E+00
        -0.13846E-01    0.10247E-03    0.40036E+00   -0.11013E-01
         0.45166E-03    0.50070E+00   -0.46759E-02    0.11273E-02
         0.50998E+00    0.33149E-02    0.15356E-02    0.41835E+00
         0.11246E-01    0.11516E-02    0.23718E+00    0.17398E-01
         0.00000E+00    0.00000E+00    0.19908E-01

     Iteration Number =  2     Error=  0.1114E+00

         0.00000E+00    0.00000E+00    0.00000E+00    0.50205E-03
         0.72695E-01   -0.10141E-01    0.27050E-03    0.21993E+00
        -0.12504E-01    0.99106E-04    0.36256E+00   -0.97868E-02
         0.49867E-03    0.45074E+00   -0.40431E-02    0.12570E-02
         0.45738E+00    0.30773E-02    0.17127E-02    0.37455E+00
         0.10114E-01    0.12853E-02    0.21230E+00    0.15599E-01
         0.00000E+00    0.00000E+00    0.17862E-01

     Iteration Number =  3     Error=  0.5441E-01

         0.00000E+00    0.00000E+00    0.00000E+00    0.47419E-03
         0.75727E-01   -0.10592E-01    0.25012E-03    0.23047E+00
        -0.13190E-01    0.88961E-04    0.38183E+00   -0.10429E-01
         0.47145E-03    0.47647E+00   -0.43874E-02    0.11923E-02
         0.48469E+00    0.31875E-02    0.16248E-02    0.39740E+00
         0.10698E-01    0.12198E-02    0.22531E+00    0.16538E-01
         0.00000E+00    0.00000E+00    0.18932E-01

     Iteration Number =  4     Error=  0.2907E-01

         0.00000E+00    0.00000E+00    0.00000E+00    0.48999E-03
         0.74162E-01   -0.10359E-01    0.26316E-03    0.22502E+00
        -0.12835E-01    0.96361E-04    0.37185E+00   -0.10095E-01
         0.48742E-03    0.46312E+00   -0.42069E-02    0.12287E-02
         0.47050E+00    0.31318E-02    0.16743E-02    0.38551E+00
         0.10395E-01    0.12567E-02    0.21853E+00    0.16050E-01
         0.00000E+00    0.00000E+00    0.18375E-01

     Iteration Number =  5     Error=  0.1487E-01

         0.00000E+00    0.00000E+00    0.00000E+00    0.48202E-03
         0.74973E-01   -0.10480E-01    0.25654E-03    0.22784E+00
        -0.13019E-01    0.92549E-04    0.37703E+00   -0.10269E-01
         0.47930E-03    0.47005E+00   -0.43009E-02    0.12103E-02
         0.47787E+00    0.31604E-02    0.16492E-02    0.39169E+00
         0.10552E-01    0.12380E-02    0.22205E+00    0.16304E-01
         0.00000E+00    0.00000E+00    0.18665E-01

     Iteration Number =  6     Error=  0.7789E-02

         0.00000E+00    0.00000E+00    0.00000E+00    0.48624E-03
         0.74552E-01   -0.10417E-01    0.26007E-03    0.22638E+00
        -0.12923E-01    0.94608E-04    0.37434E+00   -0.10178E-01
         0.48361E-03    0.46645E+00   -0.42521E-02    0.12200E-02
         0.47404E+00    0.31456E-02    0.16625E-02    0.38848E+00
         0.10471E-01    0.12479E-02    0.22023E+00    0.16172E-01
         0.00000E+00    0.00000E+00    0.18514E-01

     Iteration Number =  7     Error=  0.4031E-02

         0.00000E+00    0.00000E+00    0.00000E+00    0.48407E-03
         0.74771E-01   -0.10450E-01    0.25826E-03    0.22714E+00
        -0.12973E-01    0.93551E-04    0.37573E+00   -0.10225E-01
         0.48139E-03    0.46832E+00   -0.42774E-02    0.12150E-02
         0.47603E+00    0.31533E-02    0.16556E-02    0.39014E+00
         0.10513E-01    0.12428E-02    0.22118E+00    0.16240E-01
         0.00000E+00    0.00000E+00    0.18592E-01

     Iteration Number =  8     Error=  0.2099E-02

         0.00000E+00    0.00000E+00    0.00000E+00    0.48520E-03
         0.74657E-01   -0.10433E-01    0.25921E-03    0.22674E+00
        -0.12947E-01    0.94105E-04    0.37501E+00   -0.10201E-01
         0.48255E-03    0.46735E+00   -0.42642E-02    0.12176E-02
         0.47499E+00    0.31493E-02    0.16592E-02    0.38928E+00
         0.10491E-01    0.12455E-02    0.22068E+00    0.16205E-01
         0.00000E+00    0.00000E+00    0.18552E-01

     Iteration Number =  9     Error=  0.1089E-02

         0.00000E+00    0.00000E+00    0.00000E+00    0.48461E-03
         0.74716E-01   -0.10442E-01    0.25872E-03    0.22695E+00
        -0.12961E-01    0.93818E-04    0.37539E+00   -0.10214E-01
         0.48195E-03    0.46786E+00   -0.42711E-02    0.12163E-02
         0.47553E+00    0.31513E-02    0.16573E-02    0.38973E+00
         0.10502E-01    0.12441E-02    0.22094E+00    0.16223E-01
         0.00000E+00    0.00000E+00    0.18573E-01


   STEP NUMBER =  5   SOURCE VALUE =  0.5000E+00

     Number of iterations taken for convergence.. = 10
     The Euclidean norm of the solution error ... =  0.5663E-03
     The CONVERGED solution is:

         0.00000E+00    0.00000E+00    0.00000E+00    0.48492E-03
         0.74685E-01   -0.10437E-01    0.25897E-03    0.22684E+00
        -0.12954E-01    0.93968E-04    0.37519E+00   -0.10207E-01
         0.48226E-03    0.46759E+00   -0.42675E-02    0.12170E-02
         0.47525E+00    0.31503E-02    0.16583E-02    0.38949E+00
         0.10497E-01    0.12448E-02    0.22081E+00    0.16213E-01
         0.00000E+00    0.00000E+00    0.18562E-01

     Iteration Number =  1     Error=  0.1669E+00

         0.00000E+00    0.00000E+00    0.00000E+00    0.58171E-03
         0.89641E-01   -0.12527E-01    0.31061E-03    0.27228E+00
        -0.15549E-01    0.11267E-03    0.45035E+00   -0.12253E-01
         0.57852E-03    0.56127E+00   -0.51233E-02    0.14599E-02
         0.57048E+00    0.37810E-02    0.19894E-02    0.46754E+00
         0.12600E-01    0.14933E-02    0.26505E+00    0.19462E-01
         0.00000E+00    0.00000E+00    0.22281E-01

     Iteration Number =  2     Error=  0.1100E+00

         0.00000E+00    0.00000E+00    0.00000E+00    0.61678E-03
         0.82843E-01   -0.11526E-01    0.30911E-03    0.24900E+00
        -0.14058E-01    0.10093E-03    0.40838E+00   -0.10895E-01
         0.61330E-03    0.50585E+00   -0.44252E-02    0.15640E-02
         0.51216E+00    0.35149E-02    0.21320E-02    0.41900E+00
         0.11344E-01    0.16016E-02    0.23749E+00    0.17469E-01
         0.00000E+00    0.00000E+00    0.20014E-01

     Iteration Number =  3     Error=  0.6285E-01

         0.00000E+00    0.00000E+00    0.00000E+00    0.58943E-03
         0.86806E-01   -0.12115E-01    0.29047E-03    0.26277E+00
        -0.14956E-01    0.92428E-04    0.43357E+00   -0.11736E-01
         0.58697E-03    0.53951E+00   -0.48760E-02    0.15001E-02
         0.54789E+00    0.36587E-02    0.20452E-02    0.44890E+00
         0.12108E-01    0.15369E-02    0.25451E+00    0.18698E-01
         0.00000E+00    0.00000E+00    0.21415E-01

     Iteration Number =  4     Error=  0.4019E-01

         0.00000E+00    0.00000E+00    0.00000E+00    0.60802E-03
         0.84388E-01   -0.11755E-01    0.30551E-03    0.25435E+00
        -0.14406E-01    0.10082E-03    0.41814E+00   -0.11218E-01
         0.60569E-03    0.51884E+00   -0.45955E-02    0.15430E-02
         0.52590E+00    0.35732E-02    0.21035E-02    0.43047E+00
         0.11639E-01    0.15804E-02    0.24401E+00    0.17940E-01
         0.00000E+00    0.00000E+00    0.20551E-01

     Iteration Number =  5     Error=  0.2407E-01

         0.00000E+00    0.00000E+00    0.00000E+00    0.59699E-03
         0.85868E-01   -0.11976E-01    0.29649E-03    0.25950E+00
        -0.14743E-01    0.95675E-04    0.42759E+00   -0.11536E-01
         0.59444E-03    0.53152E+00   -0.47682E-02    0.15174E-02
         0.53939E+00    0.36250E-02    0.20687E-02    0.44178E+00
         0.11927E-01    0.15545E-02    0.25046E+00    0.18405E-01
         0.00000E+00    0.00000E+00    0.21082E-01

     Iteration Number =  6     Error=  0.1502E-01

         0.00000E+00    0.00000E+00    0.00000E+00    0.60395E-03
         0.84958E-01   -0.11840E-01    0.30227E-03    0.25634E+00
        -0.14536E-01    0.99030E-04    0.42178E+00   -0.11340E-01
         0.60157E-03    0.52372E+00   -0.46620E-02    0.15335E-02
         0.53110E+00    0.35932E-02    0.20906E-02    0.43483E+00
         0.11750E-01    0.15708E-02    0.24649E+00    0.18119E-01
         0.00000E+00    0.00000E+00    0.20755E-01

     Iteration Number =  7     Error=  0.9140E-02

         0.00000E+00    0.00000E+00    0.00000E+00    0.59974E-03
         0.85516E-01   -0.11923E-01    0.29879E-03    0.25828E+00
        -0.14663E-01    0.97015E-04    0.42535E+00   -0.11460E-01
         0.59725E-03    0.52851E+00   -0.47273E-02    0.15237E-02
         0.53619E+00    0.36127E-02    0.20773E-02    0.43910E+00
         0.11858E-01    0.15609E-02    0.24893E+00    0.18295E-01
         0.00000E+00    0.00000E+00    0.20956E-01

     Iteration Number =  8     Error=  0.5649E-02

         0.00000E+00    0.00000E+00    0.00000E+00    0.60235E-03
         0.85173E-01   -0.11872E-01    0.30096E-03    0.25709E+00
        -0.14585E-01    0.98275E-04    0.42316E+00   -0.11386E-01
         0.59993E-03    0.52557E+00   -0.46872E-02    0.15298E-02
         0.53306E+00    0.36007E-02    0.20856E-02    0.43647E+00
         0.11792E-01    0.15671E-02    0.24743E+00    0.18187E-01
         0.00000E+00    0.00000E+00    0.20832E-01

     Iteration Number =  9     Error=  0.3458E-02

         0.00000E+00    0.00000E+00    0.00000E+00    0.60075E-03
         0.85384E-01   -0.11904E-01    0.29964E-03    0.25782E+00
        -0.14633E-01    0.97509E-04    0.42450E+00   -0.11432E-01
         0.59829E-03    0.52738E+00   -0.47118E-02    0.15261E-02
         0.53499E+00    0.36081E-02    0.20805E-02    0.43809E+00
         0.11833E-01    0.15633E-02    0.24835E+00    0.18253E-01
         0.00000E+00    0.00000E+00    0.20908E-01

     Iteration Number = 10     Error=  0.2130E-02

         0.00000E+00    0.00000E+00    0.00000E+00    0.60174E-03
         0.85254E-01   -0.11884E-01    0.30045E-03    0.25737E+00
        -0.14603E-01    0.97983E-04    0.42367E+00   -0.11404E-01
         0.59930E-03    0.52626E+00   -0.46967E-02    0.15284E-02
         0.53380E+00    0.36036E-02    0.20836E-02    0.43710E+00
         0.11807E-01    0.15656E-02    0.24779E+00    0.18212E-01
         0.00000E+00    0.00000E+00    0.20861E-01

     Iteration Number = 11     Error=  0.1307E-02

         0.00000E+00    0.00000E+00    0.00000E+00    0.60113E-03
         0.85334E-01   -0.11896E-01    0.29995E-03    0.25765E+00
        -0.14622E-01    0.97692E-04    0.42418E+00   -0.11421E-01
         0.59869E-03    0.52695E+00   -0.47060E-02    0.15270E-02
         0.53453E+00    0.36063E-02    0.20817E-02    0.43771E+00
         0.11823E-01    0.15642E-02    0.24813E+00    0.18238E-01
         0.00000E+00    0.00000E+00    0.20890E-01


   STEP NUMBER =  6   SOURCE VALUE =  0.6000E+00

     Number of iterations taken for convergence.. = 12
     The Euclidean norm of the solution error ... =  0.8036E-03
     The CONVERGED solution is:

         0.00000E+00    0.00000E+00    0.00000E+00    0.60150E-03
         0.85285E-01   -0.11889E-01    0.30026E-03    0.25748E+00
        -0.14610E-01    0.97871E-04    0.42387E+00   -0.11411E-01
         0.59907E-03    0.52653E+00   -0.47003E-02    0.15278E-02
         0.53408E+00    0.36046E-02    0.20829E-02    0.43733E+00
         0.11813E-01    0.15651E-02    0.24792E+00    0.18222E-01
         0.00000E+00    0.00000E+00    0.20873E-01

     Iteration Number =  1     Error=  0.1433E+00

         0.00000E+00    0.00000E+00    0.00000E+00    0.70149E-03
         0.99534E-01   -0.13876E-01    0.35009E-03    0.30051E+00
        -0.17054E-01    0.11406E-03    0.49474E+00   -0.13320E-01
         0.69864E-03    0.61458E+00   -0.54877E-02    0.17819E-02
         0.62342E+00    0.42066E-02    0.24292E-02    0.51049E+00
         0.13789E-01    0.18253E-02    0.28939E+00    0.21270E-01
         0.00000E+00    0.00000E+00    0.24364E-01

     Iteration Number =  2     Error=  0.1068E+00

         0.00000E+00    0.00000E+00    0.00000E+00    0.72474E-03
         0.92263E-01   -0.12805E-01    0.33665E-03    0.27564E+00
        -0.15463E-01    0.95028E-04    0.44996E+00   -0.11875E-01
         0.72186E-03    0.55550E+00   -0.47474E-02    0.18612E-02
         0.56130E+00    0.39205E-02    0.25385E-02    0.45880E+00
         0.12451E-01    0.19090E-02    0.26005E+00    0.19148E-01
         0.00000E+00    0.00000E+00    0.21951E-01

     Iteration Number =  3     Error=  0.6869E-01

         0.00000E+00    0.00000E+00    0.00000E+00    0.70016E-03
         0.97042E-01   -0.13517E-01    0.32156E-03    0.29226E+00
        -0.16548E-01    0.89180E-04    0.48036E+00   -0.12891E-01
         0.69872E-03    0.59615E+00   -0.52925E-02    0.18033E-02
         0.60445E+00    0.40936E-02    0.24599E-02    0.49492E+00
         0.13374E-01    0.18505E-02    0.28061E+00    0.20632E-01
         0.00000E+00    0.00000E+00    0.23643E-01

     Iteration Number =  4     Error=  0.5034E-01

         0.00000E+00    0.00000E+00    0.00000E+00    0.71941E-03
         0.93738E-01   -0.13024E-01    0.33675E-03    0.28074E+00
        -0.15794E-01    0.97452E-04    0.45923E+00   -0.12180E-01
         0.71800E-03    0.56782E+00   -0.49067E-02    0.18479E-02
         0.57430E+00    0.39776E-02    0.25205E-02    0.46964E+00
         0.12731E-01    0.18956E-02    0.26621E+00    0.19593E-01
         0.00000E+00    0.00000E+00    0.22457E-01

     Iteration Number =  5     Error=  0.3382E-01

         0.00000E+00    0.00000E+00    0.00000E+00    0.70649E-03
         0.96028E-01   -0.13366E-01    0.32636E-03    0.28873E+00
        -0.16318E-01    0.91587E-04    0.47391E+00   -0.12675E-01
         0.70481E-03    0.58751E+00   -0.51762E-02    0.18178E-02
         0.59527E+00    0.40571E-02    0.24796E-02    0.48723E+00
         0.13178E-01    0.18651E-02    0.27624E+00    0.20316E-01
         0.00000E+00    0.00000E+00    0.23283E-01

     Iteration Number =  6     Error=  0.2417E-01

         0.00000E+00    0.00000E+00    0.00000E+00    0.71581E-03
         0.94430E-01   -0.13128E-01    0.33405E-03    0.28316E+00
        -0.15952E-01    0.96042E-04    0.46367E+00   -0.12329E-01
         0.71440E-03    0.57377E+00   -0.49881E-02    0.18395E-02
         0.58064E+00    0.40017E-02    0.25090E-02    0.47496E+00
         0.12866E-01    0.18871E-02    0.26924E+00    0.19811E-01
         0.00000E+00    0.00000E+00    0.22706E-01

     Iteration Number =  7     Error=  0.1655E-01

         0.00000E+00    0.00000E+00    0.00000E+00    0.70946E-03
         0.95543E-01   -0.13293E-01    0.32885E-03    0.28704E+00
        -0.16207E-01    0.93045E-04    0.47080E+00   -0.12570E-01
         0.70786E-03    0.58334E+00   -0.51191E-02    0.18247E-02
         0.59083E+00    0.40403E-02    0.24889E-02    0.48351E+00
         0.13083E-01    0.18721E-02    0.27411E+00    0.20163E-01
         0.00000E+00    0.00000E+00    0.23108E-01

     Iteration Number =  8     Error=  0.1168E-01

         0.00000E+00    0.00000E+00    0.00000E+00    0.71396E-03
         0.94767E-01   -0.13178E-01    0.33256E-03    0.28433E+00
        -0.16029E-01    0.95200E-04    0.46583E+00   -0.12402E-01
         0.71250E-03    0.57667E+00   -0.50277E-02    0.18352E-02
         0.58372E+00    0.40134E-02    0.25031E-02    0.47754E+00
         0.12932E-01    0.18827E-02    0.27071E+00    0.19918E-01
         0.00000E+00    0.00000E+00    0.22828E-01

     Iteration Number =  9     Error=  0.8070E-02

         0.00000E+00    0.00000E+00    0.00000E+00    0.71086E-03
         0.95307E-01   -0.13258E-01    0.33001E-03    0.28622E+00
        -0.16153E-01    0.93728E-04    0.46929E+00   -0.12519E-01
         0.70930E-03    0.58131E+00   -0.50914E-02    0.18279E-02
         0.58867E+00    0.40321E-02    0.24933E-02    0.48170E+00
         0.13037E-01    0.18754E-02    0.27308E+00    0.20089E-01
         0.00000E+00    0.00000E+00    0.23023E-01

     Iteration Number = 10     Error=  0.5658E-02

         0.00000E+00    0.00000E+00    0.00000E+00    0.71303E-03
         0.94930E-01   -0.13202E-01    0.33181E-03    0.28490E+00
        -0.16067E-01    0.94769E-04    0.46687E+00   -0.12438E-01
         0.71155E-03    0.57807E+00   -0.50470E-02    0.18330E-02
         0.58522E+00    0.40190E-02    0.25002E-02    0.47880E+00
         0.12964E-01    0.18805E-02    0.27143E+00    0.19970E-01
         0.00000E+00    0.00000E+00    0.22887E-01

     Iteration Number = 11     Error=  0.3928E-02

         0.00000E+00    0.00000E+00    0.00000E+00    0.71152E-03
         0.95193E-01   -0.13241E-01    0.33057E-03    0.28582E+00
        -0.16127E-01    0.94050E-04    0.46856E+00   -0.12494E-01
         0.70999E-03    0.58033E+00   -0.50780E-02    0.18295E-02
         0.58763E+00    0.40281E-02    0.24954E-02    0.48082E+00
         0.13015E-01    0.18769E-02    0.27258E+00    0.20053E-01
         0.00000E+00    0.00000E+00    0.22982E-01

     Iteration Number = 12     Error=  0.2745E-02

         0.00000E+00    0.00000E+00    0.00000E+00    0.71258E-03
         0.95010E-01   -0.13214E-01    0.33144E-03    0.28518E+00
        -0.16085E-01    0.94554E-04    0.46738E+00   -0.12455E-01
         0.71108E-03    0.57876E+00   -0.50564E-02    0.18319E-02
         0.58595E+00    0.40218E-02    0.24988E-02    0.47941E+00
         0.12979E-01    0.18794E-02    0.27178E+00    0.19995E-01
         0.00000E+00    0.00000E+00    0.22916E-01

     Iteration Number = 13     Error=  0.1910E-02

         0.00000E+00    0.00000E+00    0.00000E+00    0.71185E-03
         0.95137E-01   -0.13233E-01    0.33083E-03    0.28562E+00
        -0.16114E-01    0.94205E-04    0.46820E+00   -0.12482E-01
         0.71032E-03    0.57985E+00   -0.50714E-02    0.18302E-02
         0.58712E+00    0.40262E-02    0.24964E-02    0.48039E+00
         0.13004E-01    0.18777E-02    0.27234E+00    0.20035E-01
         0.00000E+00    0.00000E+00    0.22962E-01

     Iteration Number = 14     Error=  0.1333E-02

         0.00000E+00    0.00000E+00    0.00000E+00    0.71236E-03
         0.95048E-01   -0.13220E-01    0.33126E-03    0.28531E+00
        -0.16094E-01    0.94449E-04    0.46763E+00   -0.12463E-01
         0.71085E-03    0.57909E+00   -0.50610E-02    0.18314E-02
         0.58630E+00    0.40231E-02    0.24981E-02    0.47971E+00
         0.12987E-01    0.18789E-02    0.27195E+00    0.20007E-01
         0.00000E+00    0.00000E+00    0.22930E-01


   STEP NUMBER =  7   SOURCE VALUE =  0.7000E+00

     Number of iterations taken for convergence.. = 15
     The Euclidean norm of the solution error ... =  0.9280E-03
     The CONVERGED solution is:

         0.00000E+00    0.00000E+00    0.00000E+00    0.71200E-03
         0.95110E-01   -0.13229E-01    0.33096E-03    0.28553E+00
        -0.16108E-01    0.94279E-04    0.46803E+00   -0.12476E-01
         0.71048E-03    0.57962E+00   -0.50683E-02    0.18306E-02
         0.58687E+00    0.40253E-02    0.24969E-02    0.48019E+00
         0.12999E-01    0.18781E-02    0.27222E+00    0.20027E-01
         0.00000E+00    0.00000E+00    0.22952E-01

     Iteration Number =  1     Error=  0.1244E+00

         0.00000E+00    0.00000E+00    0.00000E+00    0.81400E-03
         0.10865E+00   -0.15111E-01    0.37848E-03    0.32615E+00
        -0.18398E-01    0.10788E-03    0.53457E+00   -0.14248E-01
         0.81227E-03    0.66200E+00   -0.57865E-02    0.20928E-02
         0.67026E+00    0.45986E-02    0.28545E-02    0.54841E+00
         0.14846E-01    0.21470E-02    0.31089E+00    0.22872E-01
         0.00000E+00    0.00000E+00    0.26213E-01

     Iteration Number =  2     Error=  0.1017E+00

         0.00000E+00    0.00000E+00    0.00000E+00    0.82613E-03
         0.10113E+00   -0.14006E-01    0.35435E-03    0.30046E+00
        -0.16758E-01    0.82522E-04    0.48839E+00   -0.12762E-01
         0.82467E-03    0.60113E+00   -0.50281E-02    0.21486E-02
         0.60631E+00    0.43009E-02    0.29322E-02    0.49522E+00
         0.13468E-01    0.22074E-02    0.28071E+00    0.20688E-01
         0.00000E+00    0.00000E+00    0.23730E-01

     Iteration Number =  3     Error=  0.7189E-01

         0.00000E+00    0.00000E+00    0.00000E+00    0.80597E-03
         0.10655E+00   -0.14813E-01    0.34405E-03    0.31933E+00
        -0.17990E-01    0.79998E-04    0.52292E+00   -0.13917E-01
         0.80640E-03    0.64732E+00   -0.56486E-02    0.21007E-02
         0.65535E+00    0.44970E-02    0.28671E-02    0.53627E+00
         0.14517E-01    0.21590E-02    0.30408E+00    0.22375E-01
         0.00000E+00    0.00000E+00    0.25654E-01

     Iteration Number =  4     Error=  0.5858E-01

         0.00000E+00    0.00000E+00    0.00000E+00    0.82382E-03
         0.10242E+00   -0.14197E-01    0.35763E-03    0.30492E+00
        -0.17046E-01    0.87087E-04    0.49646E+00   -0.13025E-01
         0.82408E-03    0.61181E+00   -0.51627E-02    0.21421E-02
         0.61753E+00    0.43532E-02    0.29233E-02    0.50455E+00
         0.13710E-01    0.22008E-02    0.28600E+00    0.21071E-01
         0.00000E+00    0.00000E+00    0.24165E-01

     Iteration Number =  5     Error=  0.4301E-01

         0.00000E+00    0.00000E+00    0.00000E+00    0.81059E-03
         0.10558E+00   -0.14668E-01    0.34718E-03    0.31594E+00
        -0.17769E-01    0.81276E-04    0.51672E+00   -0.13710E-01
         0.81059E-03    0.63903E+00   -0.55374E-02    0.21111E-02
         0.64655E+00    0.44617E-02    0.28812E-02    0.52891E+00
         0.14328E-01    0.21695E-02    0.29989E+00    0.22073E-01
         0.00000E+00    0.00000E+00    0.25309E-01

     Iteration Number =  6     Error=  0.3426E-01

         0.00000E+00    0.00000E+00    0.00000E+00    0.82120E-03
         0.10315E+00   -0.14306E-01    0.35588E-03    0.30746E+00
        -0.17212E-01    0.86306E-04    0.50112E+00   -0.13182E-01
         0.82153E-03    0.61806E+00   -0.52485E-02    0.21359E-02
         0.62420E+00    0.43784E-02    0.29149E-02    0.51015E+00
         0.13852E-01    0.21946E-02    0.28919E+00    0.21301E-01
         0.00000E+00    0.00000E+00    0.24428E-01

     Iteration Number =  7     Error=  0.2564E-01

         0.00000E+00    0.00000E+00    0.00000E+00    0.81327E-03
         0.10501E+00   -0.14584E-01    0.34946E-03    0.31397E+00
        -0.17640E-01    0.82617E-04    0.51310E+00   -0.13588E-01
         0.81335E-03    0.63417E+00   -0.54706E-02    0.21173E-02
         0.64137E+00    0.44422E-02    0.28897E-02    0.52456E+00
         0.14218E-01    0.21757E-02    0.29741E+00    0.21894E-01
         0.00000E+00    0.00000E+00    0.25105E-01

     Iteration Number =  8     Error=  0.2014E-01

         0.00000E+00    0.00000E+00    0.00000E+00    0.81951E-03
         0.10358E+00   -0.14370E-01    0.35458E-03    0.30896E+00
        -0.17311E-01    0.85594E-04    0.50388E+00   -0.13276E-01
         0.81980E-03    0.62177E+00   -0.52997E-02    0.21319E-02
         0.62815E+00    0.43931E-02    0.29095E-02    0.51346E+00
         0.13937E-01    0.21906E-02    0.29108E+00    0.21438E-01
         0.00000E+00    0.00000E+00    0.24584E-01

     Iteration Number =  9     Error=  0.1524E-01

         0.00000E+00    0.00000E+00    0.00000E+00    0.81480E-03
         0.10468E+00   -0.14534E-01    0.35075E-03    0.31281E+00
        -0.17564E-01    0.83381E-04    0.51097E+00   -0.13515E-01
         0.81493E-03    0.63130E+00   -0.54310E-02    0.21208E-02
         0.63831E+00    0.44308E-02    0.28945E-02    0.52199E+00
         0.14153E-01    0.21794E-02    0.29594E+00    0.21788E-01
         0.00000E+00    0.00000E+00    0.24984E-01

     Iteration Number = 10     Error=  0.1187E-01

         0.00000E+00    0.00000E+00    0.00000E+00    0.81847E-03
         0.10383E+00   -0.14408E-01    0.35376E-03    0.30984E+00
        -0.17369E-01    0.85130E-04    0.50551E+00   -0.13331E-01
         0.81873E-03    0.62397E+00   -0.53300E-02    0.21294E-02
         0.63049E+00    0.44017E-02    0.29061E-02    0.51543E+00
         0.13986E-01    0.21881E-02    0.29220E+00    0.21518E-01
         0.00000E+00    0.00000E+00    0.24676E-01

     Iteration Number = 11     Error=  0.9042E-02

         0.00000E+00    0.00000E+00    0.00000E+00    0.81567E-03
         0.10448E+00   -0.14505E-01    0.35148E-03    0.31212E+00
        -0.17519E-01    0.83812E-04    0.50970E+00   -0.13473E-01
         0.81584E-03    0.62960E+00   -0.54077E-02    0.21229E-02
         0.63650E+00    0.44241E-02    0.28972E-02    0.52048E+00
         0.14114E-01    0.21814E-02    0.29508E+00    0.21726E-01
         0.00000E+00    0.00000E+00    0.24913E-01

     Iteration Number = 12     Error=  0.7005E-02

         0.00000E+00    0.00000E+00    0.00000E+00    0.81784E-03
         0.10398E+00   -0.14430E-01    0.35325E-03    0.31037E+00
        -0.17403E-01    0.84841E-04    0.50648E+00   -0.13364E-01
         0.81808E-03    0.62527E+00   -0.53479E-02    0.21280E-02
         0.63188E+00    0.44069E-02    0.29041E-02    0.51659E+00
         0.14016E-01    0.21866E-02    0.29286E+00    0.21566E-01
         0.00000E+00    0.00000E+00    0.24731E-01

     Iteration Number = 13     Error=  0.5358E-02

         0.00000E+00    0.00000E+00    0.00000E+00    0.81619E-03
         0.10437E+00   -0.14488E-01    0.35190E-03    0.31172E+00
        -0.17492E-01    0.84059E-04    0.50896E+00   -0.13448E-01
         0.81637E-03    0.62860E+00   -0.53939E-02    0.21241E-02
         0.63543E+00    0.44201E-02    0.28989E-02    0.51958E+00
         0.14092E-01    0.21826E-02    0.29457E+00    0.21689E-01
         0.00000E+00    0.00000E+00    0.24871E-01

     Iteration Number = 14     Error=  0.4139E-02

         0.00000E+00    0.00000E+00    0.00000E+00    0.81747E-03
         0.10407E+00   -0.14443E-01    0.35295E-03    0.31068E+00
        -0.17424E-01    0.84666E-04    0.50705E+00   -0.13383E-01
         0.81770E-03    0.62604E+00   -0.53585E-02    0.21271E-02
         0.63270E+00    0.44099E-02    0.29029E-02    0.51728E+00
         0.14033E-01    0.21857E-02    0.29326E+00    0.21595E-01
         0.00000E+00    0.00000E+00    0.24763E-01

     Iteration Number = 15     Error=  0.3173E-02

         0.00000E+00    0.00000E+00    0.00000E+00    0.81648E-03
         0.10430E+00   -0.14478E-01    0.35215E-03    0.31148E+00
        -0.17476E-01    0.84203E-04    0.50852E+00   -0.13433E-01
         0.81668E-03    0.62801E+00   -0.53857E-02    0.21248E-02
         0.63480E+00    0.44178E-02    0.28998E-02    0.51905E+00
         0.14078E-01    0.21834E-02    0.29426E+00    0.21667E-01
         0.00000E+00    0.00000E+00    0.24846E-01

     Iteration Number = 16     Error=  0.2447E-02

         0.00000E+00    0.00000E+00    0.00000E+00    0.81724E-03
         0.10412E+00   -0.14451E-01    0.35277E-03    0.31087E+00
        -0.17436E-01    0.84561E-04    0.50739E+00   -0.13394E-01
         0.81746E-03    0.62649E+00   -0.53648E-02    0.21266E-02
         0.63318E+00    0.44117E-02    0.29022E-02    0.51769E+00
         0.14044E-01    0.21852E-02    0.29349E+00    0.21611E-01
         0.00000E+00    0.00000E+00    0.24782E-01

     Iteration Number = 17     Error=  0.1878E-02

         0.00000E+00    0.00000E+00    0.00000E+00    0.81666E-03
         0.10426E+00   -0.14471E-01    0.35229E-03    0.31134E+00
        -0.17467E-01    0.84287E-04    0.50826E+00   -0.13424E-01
         0.81686E-03    0.62766E+00   -0.53809E-02    0.21252E-02
         0.63443E+00    0.44164E-02    0.29004E-02    0.51873E+00
         0.14070E-01    0.21838E-02    0.29408E+00    0.21654E-01
         0.00000E+00    0.00000E+00    0.24831E-01

     Iteration Number = 18     Error=  0.1447E-02

         0.00000E+00    0.00000E+00    0.00000E+00    0.81711E-03
         0.10416E+00   -0.14456E-01    0.35266E-03    0.31097E+00
        -0.17443E-01    0.84499E-04    0.50759E+00   -0.13401E-01
         0.81733E-03    0.62676E+00   -0.53685E-02    0.21262E-02
         0.63347E+00    0.44128E-02    0.29018E-02    0.51793E+00
         0.14050E-01    0.21848E-02    0.29363E+00    0.21621E-01
         0.00000E+00    0.00000E+00    0.24793E-01

     Iteration Number = 19     Error=  0.1111E-02

         0.00000E+00    0.00000E+00    0.00000E+00    0.81676E-03
         0.10424E+00   -0.14468E-01    0.35238E-03    0.31125E+00
        -0.17461E-01    0.84336E-04    0.50810E+00   -0.13419E-01
         0.81697E-03    0.62745E+00   -0.53780E-02    0.21254E-02
         0.63421E+00    0.44156E-02    0.29007E-02    0.51855E+00
         0.14066E-01    0.21840E-02    0.29398E+00    0.21647E-01
         0.00000E+00    0.00000E+00    0.24823E-01


   STEP NUMBER =  8   SOURCE VALUE =  0.8000E+00

     Number of iterations taken for convergence.. = 20
     The Euclidean norm of the solution error ... =  0.8556E-03
     The CONVERGED solution is:

         0.00000E+00    0.00000E+00    0.00000E+00    0.81703E-03
         0.10417E+00   -0.14459E-01    0.35259E-03    0.31104E+00
        -0.17447E-01    0.84461E-04    0.50771E+00   -0.13405E-01
         0.81724E-03    0.62692E+00   -0.53707E-02    0.21261E-02
         0.63364E+00    0.44134E-02    0.29016E-02    0.51807E+00
         0.14053E-01    0.21847E-02    0.29371E+00    0.21627E-01
         0.00000E+00    0.00000E+00    0.24800E-01

     Iteration Number =  1     Error=  0.1117E+00

         0.00000E+00    0.00000E+00    0.00000E+00    0.91893E-03
         0.11725E+00   -0.16274E-01    0.39648E-03    0.35010E+00
        -0.19640E-01    0.94911E-04    0.57151E+00   -0.15092E-01
         0.91916E-03    0.70574E+00   -0.60484E-02    0.23913E-02
         0.71334E+00    0.49669E-02    0.32635E-02    0.58324E+00
         0.15821E-01    0.24572E-02    0.33066E+00    0.24347E-01
         0.00000E+00    0.00000E+00    0.27920E-01

     Iteration Number =  2     Error=  0.9828E-01

         0.00000E+00    0.00000E+00    0.00000E+00    0.92170E-03
         0.10945E+00   -0.15129E-01    0.36356E-03    0.32350E+00
        -0.17945E-01    0.64456E-04    0.52372E+00   -0.13558E-01
         0.92251E-03    0.64280E+00   -0.52669E-02    0.24273E-02
         0.64724E+00    0.46574E-02    0.33146E-02    0.52829E+00
         0.14396E-01    0.24980E-02    0.29947E+00    0.22091E-01
         0.00000E+00    0.00000E+00    0.25355E-01

     Iteration Number =  3     Error=  0.7501E-01

         0.00000E+00    0.00000E+00    0.00000E+00    0.90638E-03
         0.11551E+00   -0.16031E-01    0.35830E-03    0.34460E+00
        -0.19323E-01    0.65360E-04    0.56236E+00   -0.14851E-01
         0.90957E-03    0.69450E+00   -0.59632E-02    0.23904E-02
         0.70215E+00    0.48759E-02    0.32644E-02    0.57427E+00
         0.15570E-01    0.24607E-02    0.32564E+00    0.23981E-01
         0.00000E+00    0.00000E+00    0.27509E-01

     Iteration Number =  4     Error=  0.6665E-01

         0.00000E+00    0.00000E+00    0.00000E+00    0.92165E-03
         0.11053E+00   -0.15287E-01    0.36928E-03    0.32719E+00
        -0.18180E-01    0.70661E-04    0.53035E+00   -0.13769E-01
         0.92438E-03    0.65150E+00   -0.53716E-02    0.24258E-02
         0.65632E+00    0.47038E-02    0.33124E-02    0.53580E+00
         0.14593E-01    0.24964E-02    0.30372E+00    0.22399E-01
         0.00000E+00    0.00000E+00    0.25704E-01

     Iteration Number =  5     Error=  0.5245E-01

         0.00000E+00    0.00000E+00    0.00000E+00    0.90935E-03
         0.11465E+00   -0.15903E-01    0.35979E-03    0.34160E+00
        -0.19128E-01    0.65497E-04    0.55688E+00   -0.14669E-01
         0.91189E-03    0.68718E+00   -0.58659E-02    0.23969E-02
         0.69440E+00    0.48438E-02    0.32732E-02    0.56778E+00
         0.15404E-01    0.24672E-02    0.32196E+00    0.23714E-01
         0.00000E+00    0.00000E+00    0.27206E-01

     Iteration Number =  6     Error=  0.4573E-01

         0.00000E+00    0.00000E+00    0.00000E+00    0.92011E-03
         0.11122E+00   -0.15390E-01    0.36855E-03    0.32959E+00
        -0.18338E-01    0.70556E-04    0.53476E+00   -0.13919E-01
         0.92302E-03    0.65743E+00   -0.54533E-02    0.24222E-02
         0.66264E+00    0.47276E-02    0.33075E-02    0.54111E+00
         0.14728E-01    0.24928E-02    0.30674E+00    0.22617E-01
         0.00000E+00    0.00000E+00    0.25953E-01

     Iteration Number =  7     Error=  0.3663E-01

         0.00000E+00    0.00000E+00    0.00000E+00    0.91147E-03
         0.11407E+00   -0.15816E-01    0.36162E-03    0.33957E+00
        -0.18994E-01    0.66586E-04    0.55314E+00   -0.14542E-01
         0.91406E-03    0.68216E+00   -0.57965E-02    0.24018E-02
         0.68904E+00    0.48240E-02    0.32799E-02    0.56329E+00
         0.15290E-01    0.24721E-02    0.31939E+00    0.23530E-01
         0.00000E+00    0.00000E+00    0.26995E-01

     Iteration Number =  8     Error=  0.3149E-01

         0.00000E+00    0.00000E+00    0.00000E+00    0.91889E-03
         0.11169E+00   -0.15461E-01    0.36770E-03    0.33125E+00
        -0.18447E-01    0.70131E-04    0.53782E+00   -0.14022E-01
         0.92178E-03    0.66155E+00   -0.55104E-02    0.24192E-02
         0.66704E+00    0.47436E-02    0.33035E-02    0.54480E+00
         0.14821E-01    0.24898E-02    0.30885E+00    0.22769E-01
         0.00000E+00    0.00000E+00    0.26126E-01

     Iteration Number =  9     Error=  0.2552E-01

         0.00000E+00    0.00000E+00    0.00000E+00    0.91287E-03
         0.11367E+00   -0.15756E-01    0.36285E-03    0.33817E+00
        -0.18902E-01    0.67330E-04    0.55056E+00   -0.14455E-01
         0.91553E-03    0.67869E+00   -0.57485E-02    0.24050E-02
         0.68534E+00    0.48104E-02    0.32843E-02    0.56018E+00
         0.15211E-01    0.24754E-02    0.31762E+00    0.23402E-01
         0.00000E+00    0.00000E+00    0.26849E-01

     Iteration Number = 10     Error=  0.2173E-01

         0.00000E+00    0.00000E+00    0.00000E+00    0.91799E-03
         0.11202E+00   -0.15510E-01    0.36703E-03    0.33240E+00
        -0.18523E-01    0.69771E-04    0.53994E+00   -0.14095E-01
         0.92085E-03    0.66440E+00   -0.55501E-02    0.24171E-02
         0.67009E+00    0.47547E-02    0.33006E-02    0.54736E+00
         0.14886E-01    0.24876E-02    0.31031E+00    0.22875E-01
         0.00000E+00    0.00000E+00    0.26247E-01

     Iteration Number = 11     Error=  0.1776E-01

         0.00000E+00    0.00000E+00    0.00000E+00    0.91380E-03
         0.11339E+00   -0.15715E-01    0.36365E-03    0.33720E+00
        -0.18839E-01    0.67812E-04    0.54878E+00   -0.14394E-01
         0.91650E-03    0.67629E+00   -0.57152E-02    0.24072E-02
         0.68278E+00    0.48010E-02    0.32872E-02    0.55803E+00
         0.15156E-01    0.24776E-02    0.31639E+00    0.23313E-01
         0.00000E+00    0.00000E+00    0.26748E-01

     Iteration Number = 12     Error=  0.1502E-01

         0.00000E+00    0.00000E+00    0.00000E+00    0.91735E-03
         0.11225E+00   -0.15544E-01    0.36654E-03    0.33320E+00
        -0.18576E-01    0.69494E-04    0.54142E+00   -0.14145E-01
         0.92018E-03    0.66639E+00   -0.55777E-02    0.24155E-02
         0.67221E+00    0.47624E-02    0.32985E-02    0.54914E+00
         0.14931E-01    0.24861E-02    0.31132E+00    0.22948E-01
         0.00000E+00    0.00000E+00    0.26330E-01

     Iteration Number = 13     Error=  0.1235E-01

         0.00000E+00    0.00000E+00    0.00000E+00    0.91443E-03
         0.11320E+00   -0.15686E-01    0.36418E-03    0.33653E+00
        -0.18794E-01    0.68130E-04    0.54754E+00   -0.14353E-01
         0.91716E-03    0.67463E+00   -0.56921E-02    0.24087E-02
         0.68101E+00    0.47945E-02    0.32892E-02    0.55654E+00
         0.15119E-01    0.24791E-02    0.31554E+00    0.23252E-01
         0.00000E+00    0.00000E+00    0.26678E-01

     Iteration Number = 14     Error=  0.1039E-01

         0.00000E+00    0.00000E+00    0.00000E+00    0.91688E-03
         0.11241E+00   -0.15568E-01    0.36617E-03    0.33376E+00
        -0.18612E-01    0.69291E-04    0.54244E+00   -0.14179E-01
         0.91971E-03    0.66776E+00   -0.55968E-02    0.24145E-02
         0.67368E+00    0.47678E-02    0.32970E-02    0.55038E+00
         0.14963E-01    0.24850E-02    0.31203E+00    0.22999E-01
         0.00000E+00    0.00000E+00    0.26388E-01

     Iteration Number = 15     Error=  0.8574E-02

         0.00000E+00    0.00000E+00    0.00000E+00    0.91486E-03
         0.11307E+00   -0.15666E-01    0.36453E-03    0.33607E+00
        -0.18764E-01    0.68341E-04    0.54669E+00   -0.14323E-01
         0.91760E-03    0.67348E+00   -0.56762E-02    0.24097E-02
         0.67978E+00    0.47901E-02    0.32906E-02    0.55550E+00
         0.15092E-01    0.24801E-02    0.31495E+00    0.23209E-01
         0.00000E+00    0.00000E+00    0.26629E-01

     Iteration Number = 16     Error=  0.7193E-02

         0.00000E+00    0.00000E+00    0.00000E+00    0.91656E-03
         0.11252E+00   -0.15584E-01    0.36592E-03    0.33414E+00
        -0.18638E-01    0.69144E-04    0.54315E+00   -0.14203E-01
         0.91937E-03    0.66872E+00   -0.56101E-02    0.24137E-02
         0.67470E+00    0.47715E-02    0.32960E-02    0.55123E+00
         0.14984E-01    0.24842E-02    0.31252E+00    0.23034E-01
         0.00000E+00    0.00000E+00    0.26428E-01

     Iteration Number = 17     Error=  0.5952E-02

         0.00000E+00    0.00000E+00    0.00000E+00    0.91515E-03
         0.11297E+00   -0.15653E-01    0.36478E-03    0.33574E+00
        -0.18743E-01    0.68484E-04    0.54610E+00   -0.14303E-01
         0.91791E-03    0.67268E+00   -0.56651E-02    0.24104E-02
         0.67893E+00    0.47869E-02    0.32915E-02    0.55479E+00
         0.15074E-01    0.24808E-02    0.31455E+00    0.23180E-01
         0.00000E+00    0.00000E+00    0.26595E-01

     Iteration Number = 18     Error=  0.4982E-02

         0.00000E+00    0.00000E+00    0.00000E+00    0.91633E-03
         0.11259E+00   -0.15596E-01    0.36573E-03    0.33441E+00
        -0.18655E-01    0.69039E-04    0.54364E+00   -0.14220E-01
         0.91913E-03    0.66938E+00   -0.56193E-02    0.24131E-02
         0.67540E+00    0.47741E-02    0.32953E-02    0.55183E+00
         0.14999E-01    0.24836E-02    0.31286E+00    0.23058E-01
         0.00000E+00    0.00000E+00    0.26456E-01

     Iteration Number = 19     Error=  0.4130E-02

         0.00000E+00    0.00000E+00    0.00000E+00    0.91535E-03
         0.11291E+00   -0.15643E-01    0.36494E-03    0.33552E+00
        -0.18728E-01    0.68581E-04    0.54568E+00   -0.14289E-01
         0.91812E-03    0.67213E+00   -0.56574E-02    0.24108E-02
         0.67834E+00    0.47848E-02    0.32921E-02    0.55429E+00
         0.15062E-01    0.24813E-02    0.31426E+00    0.23160E-01
         0.00000E+00    0.00000E+00    0.26572E-01

     Iteration Number = 20     Error=  0.3451E-02

         0.00000E+00    0.00000E+00    0.00000E+00    0.91617E-03
         0.11265E+00   -0.15604E-01    0.36560E-03    0.33460E+00
        -0.18667E-01    0.68965E-04    0.54398E+00   -0.14232E-01
         0.91896E-03    0.66984E+00   -0.56257E-02    0.24128E-02
         0.67589E+00    0.47759E-02    0.32947E-02    0.55224E+00
         0.15010E-01    0.24833E-02    0.31309E+00    0.23075E-01
         0.00000E+00    0.00000E+00    0.26476E-01

     Iteration Number = 21     Error=  0.2865E-02

         0.00000E+00    0.00000E+00    0.00000E+00    0.91549E-03
         0.11287E+00   -0.15636E-01    0.36506E-03    0.33537E+00
        -0.18718E-01    0.68647E-04    0.54540E+00   -0.14280E-01
         0.91826E-03    0.67175E+00   -0.56521E-02    0.24112E-02
         0.67793E+00    0.47833E-02    0.32926E-02    0.55395E+00
         0.15053E-01    0.24816E-02    0.31407E+00    0.23145E-01
         0.00000E+00    0.00000E+00    0.26556E-01

     Iteration Number = 22     Error=  0.2392E-02

         0.00000E+00    0.00000E+00    0.00000E+00    0.91606E-03
         0.11268E+00   -0.15609E-01    0.36551E-03    0.33473E+00
        -0.18676E-01    0.68913E-04    0.54422E+00   -0.14240E-01
         0.91885E-03    0.67016E+00   -0.56301E-02    0.24125E-02
         0.67623E+00    0.47771E-02    0.32944E-02    0.55253E+00
         0.15017E-01    0.24830E-02    0.31326E+00    0.23087E-01
         0.00000E+00    0.00000E+00    0.26489E-01

     Iteration Number = 23     Error=  0.1987E-02

         0.00000E+00    0.00000E+00    0.00000E+00    0.91559E-03
         0.11284E+00   -0.15632E-01    0.36513E-03    0.33526E+00
        -0.18711E-01    0.68692E-04    0.54520E+00   -0.14273E-01
         0.91836E-03    0.67148E+00   -0.56484E-02    0.24114E-02
         0.67764E+00    0.47823E-02    0.32929E-02    0.55371E+00
         0.15047E-01    0.24819E-02    0.31393E+00    0.23136E-01
         0.00000E+00    0.00000E+00    0.26545E-01

     Iteration Number = 24     Error=  0.1658E-02

         0.00000E+00    0.00000E+00    0.00000E+00    0.91598E-03
         0.11271E+00   -0.15613E-01    0.36545E-03    0.33482E+00
        -0.18682E-01    0.68877E-04    0.54438E+00   -0.14245E-01
         0.91877E-03    0.67038E+00   -0.56332E-02    0.24123E-02
         0.67647E+00    0.47780E-02    0.32941E-02    0.55272E+00
         0.15022E-01    0.24828E-02    0.31337E+00    0.23095E-01
         0.00000E+00    0.00000E+00    0.26498E-01

     Iteration Number = 25     Error=  0.1378E-02

         0.00000E+00    0.00000E+00    0.00000E+00    0.91565E-03
         0.11281E+00   -0.15629E-01    0.36519E-03    0.33518E+00
        -0.18706E-01    0.68724E-04    0.54507E+00   -0.14268E-01
         0.91843E-03    0.67130E+00   -0.56459E-02    0.24116E-02
         0.67745E+00    0.47815E-02    0.32931E-02    0.55355E+00
         0.15043E-01    0.24820E-02    0.31384E+00    0.23129E-01
         0.00000E+00    0.00000E+00    0.26537E-01

     Iteration Number = 26     Error=  0.1149E-02

         0.00000E+00    0.00000E+00    0.00000E+00    0.91592E-03
         0.11273E+00   -0.15616E-01    0.36541E-03    0.33488E+00
        -0.18686E-01    0.68851E-04    0.54450E+00   -0.14249E-01
         0.91871E-03    0.67053E+00   -0.56353E-02    0.24122E-02
         0.67663E+00    0.47786E-02    0.32940E-02    0.55286E+00
         0.15025E-01    0.24827E-02    0.31345E+00    0.23101E-01
         0.00000E+00    0.00000E+00    0.26505E-01


   STEP NUMBER =  9   SOURCE VALUE =  0.9000E+00

     Number of iterations taken for convergence.. = 27
     The Euclidean norm of the solution error ... =  0.9558E-03
     The CONVERGED solution is:

         0.00000E+00    0.00000E+00    0.00000E+00    0.91570E-03
         0.11280E+00   -0.15626E-01    0.36522E-03    0.33513E+00
        -0.18703E-01    0.68745E-04    0.54497E+00   -0.14265E-01
         0.91848E-03    0.67117E+00   -0.56441E-02    0.24117E-02
         0.67731E+00    0.47810E-02    0.32932E-02    0.55343E+00
         0.15040E-01    0.24821E-02    0.31377E+00    0.23124E-01
         0.00000E+00    0.00000E+00    0.26532E-01

     Iteration Number =  1     Error=  0.9929E-01

         0.00000E+00    0.00000E+00    0.00000E+00    0.10177E-02
         0.12527E+00   -0.17353E-01    0.40597E-03    0.37213E+00
        -0.20765E-01    0.76482E-04    0.60509E+00   -0.15835E-01
         0.10207E-02    0.74516E+00   -0.62631E-02    0.26801E-02
         0.75194E+00    0.53100E-02    0.36598E-02    0.61440E+00
         0.16698E-01    0.27584E-02    0.34833E+00    0.25672E-01
         0.00000E+00    0.00000E+00    0.29455E-01

     Iteration Number =  2     Error=  0.9249E-01

         0.00000E+00    0.00000E+00    0.00000E+00    0.10116E-02
         0.11745E+00   -0.16205E-01    0.36512E-03    0.34549E+00
        -0.19069E-01    0.41553E-04    0.55728E+00   -0.14305E-01
         0.10156E-02    0.68226E+00   -0.54869E-02    0.26972E-02
         0.68595E+00    0.49976E-02    0.36855E-02    0.55956E+00
         0.15274E-01    0.27805E-02    0.31722E+00    0.23420E-01
         0.00000E+00    0.00000E+00    0.26896E-01

     Iteration Number =  3     Error=  0.7537E-01

         0.00000E+00    0.00000E+00    0.00000E+00    0.10019E-02
         0.12390E+00   -0.17166E-01    0.36547E-03    0.36797E+00
        -0.20540E-01    0.46176E-04    0.59848E+00   -0.15686E-01
         0.10088E-02    0.73742E+00   -0.62313E-02    0.26734E-02
         0.74455E+00    0.52298E-02    0.36530E-02    0.60863E+00
         0.16527E-01    0.27564E-02    0.34516E+00    0.25437E-01
         0.00000E+00    0.00000E+00    0.29196E-01

     Iteration Number =  4     Error=  0.7178E-01

         0.00000E+00    0.00000E+00    0.00000E+00    0.10131E-02
         0.11825E+00   -0.16323E-01    0.37257E-03    0.34821E+00
        -0.19240E-01    0.48905E-04    0.56210E+00   -0.14453E-01
         0.10191E-02    0.68849E+00   -0.55545E-02    0.26992E-02
         0.69236E+00    0.50366E-02    0.36880E-02    0.56481E+00
         0.15416E-01    0.27824E-02    0.32017E+00    0.23635E-01
         0.00000E+00    0.00000E+00    0.27138E-01

     Iteration Number =  5     Error=  0.5985E-01

         0.00000E+00    0.00000E+00    0.00000E+00    0.10034E-02
         0.12324E+00   -0.17068E-01    0.36533E-03    0.36567E+00
        -0.20390E-01    0.45148E-04    0.59429E+00   -0.15548E-01
         0.10094E-02    0.73184E+00   -0.61589E-02    0.26763E-02
         0.73867E+00    0.52039E-02    0.36569E-02    0.60373E+00
         0.16400E-01    0.27592E-02    0.34238E+00    0.25236E-01
         0.00000E+00    0.00000E+00    0.28967E-01

     Iteration Number =  6     Error=  0.5625E-01

         0.00000E+00    0.00000E+00    0.00000E+00    0.10125E-02
         0.11880E+00   -0.16405E-01    0.37273E-03    0.35015E+00
        -0.19367E-01    0.49382E-04    0.56566E+00   -0.14573E-01
         0.10188E-02    0.69327E+00   -0.56201E-02    0.26979E-02
         0.69745E+00    0.50560E-02    0.36862E-02    0.56908E+00
         0.15524E-01    0.27811E-02    0.32260E+00    0.23811E-01
         0.00000E+00    0.00000E+00    0.27338E-01

     Iteration Number =  7     Error=  0.4756E-01

         0.00000E+00    0.00000E+00    0.00000E+00    0.10047E-02
         0.12273E+00   -0.16993E-01    0.36652E-03    0.36392E+00
        -0.20275E-01    0.45842E-04    0.59106E+00   -0.15438E-01
         0.10107E-02    0.72750E+00   -0.60988E-02    0.26794E-02
         0.73403E+00    0.51868E-02    0.36611E-02    0.59984E+00
         0.16302E-01    0.27623E-02    0.34016E+00    0.25076E-01
         0.00000E+00    0.00000E+00    0.28784E-01

     Iteration Number =  8     Error=  0.4419E-01

         0.00000E+00    0.00000E+00    0.00000E+00    0.10120E-02
         0.11924E+00   -0.16470E-01    0.37243E-03    0.35166E+00
        -0.19467E-01    0.49304E-04    0.56845E+00   -0.14668E-01
         0.10183E-02    0.69704E+00   -0.56729E-02    0.26964E-02
         0.70148E+00    0.50704E-02    0.36842E-02    0.57246E+00
         0.15610E-01    0.27796E-02    0.32453E+00    0.23950E-01
         0.00000E+00    0.00000E+00    0.27497E-01

     Iteration Number =  9     Error=  0.3776E-01

         0.00000E+00    0.00000E+00    0.00000E+00    0.10057E-02
         0.12234E+00   -0.16934E-01    0.36746E-03    0.36254E+00
        -0.20184E-01    0.46441E-04    0.58852E+00   -0.15352E-01
         0.10118E-02    0.72409E+00   -0.60512E-02    0.26817E-02
         0.73039E+00    0.51737E-02    0.36643E-02    0.59677E+00
         0.16224E-01    0.27647E-02    0.33841E+00    0.24950E-01
         0.00000E+00    0.00000E+00    0.28640E-01

     Iteration Number = 10     Error=  0.3476E-01

         0.00000E+00    0.00000E+00    0.00000E+00    0.10114E-02
         0.11958E+00   -0.16521E-01    0.37211E-03    0.35286E+00
        -0.19546E-01    0.49165E-04    0.57067E+00   -0.14744E-01
         0.10177E-02    0.70002E+00   -0.57147E-02    0.26951E-02
         0.70467E+00    0.50817E-02    0.36825E-02    0.57514E+00
         0.15678E-01    0.27783E-02    0.32607E+00    0.24060E-01
         0.00000E+00    0.00000E+00    0.27624E-01

     Iteration Number = 11     Error=  0.2995E-01

         0.00000E+00    0.00000E+00    0.00000E+00    0.10065E-02
         0.12203E+00   -0.16888E-01    0.36817E-03    0.36146E+00
        -0.20113E-01    0.46883E-04    0.58653E+00   -0.15284E-01
         0.10126E-02    0.72140E+00   -0.60136E-02    0.26835E-02
         0.72751E+00    0.51634E-02    0.36667E-02    0.59435E+00
         0.16163E-01    0.27665E-02    0.33703E+00    0.24850E-01
         0.00000E+00    0.00000E+00    0.28527E-01

     Iteration Number = 12     Error=  0.2737E-01

         0.00000E+00    0.00000E+00    0.00000E+00    0.10110E-02
         0.11985E+00   -0.16562E-01    0.37182E-03    0.35381E+00
        -0.19609E-01    0.49022E-04    0.57242E+00   -0.14803E-01
         0.10173E-02    0.70238E+00   -0.57477E-02    0.26941E-02
         0.70719E+00    0.50907E-02    0.36810E-02    0.57727E+00
         0.15731E-01    0.27772E-02    0.32728E+00    0.24148E-01
         0.00000E+00    0.00000E+00    0.27723E-01

     Iteration Number = 13     Error=  0.2374E-01

         0.00000E+00    0.00000E+00    0.00000E+00    0.10071E-02
         0.12179E+00   -0.16851E-01    0.36869E-03    0.36060E+00
        -0.20057E-01    0.47208E-04    0.58495E+00   -0.15230E-01
         0.10132E-02    0.71927E+00   -0.59839E-02    0.26848E-02
         0.72524E+00    0.51552E-02    0.36685E-02    0.59244E+00
         0.16115E-01    0.27679E-02    0.33594E+00    0.24772E-01
         0.00000E+00    0.00000E+00    0.28437E-01

     Iteration Number = 14     Error=  0.2157E-01

         0.00000E+00    0.00000E+00    0.00000E+00    0.10106E-02
         0.12006E+00   -0.16594E-01    0.37156E-03    0.35456E+00
        -0.19658E-01    0.48889E-04    0.57380E+00   -0.14851E-01
         0.10169E-02    0.70425E+00   -0.57739E-02    0.26932E-02
         0.70919E+00    0.50978E-02    0.36798E-02    0.57894E+00
         0.15774E-01    0.27763E-02    0.32823E+00    0.24217E-01
         0.00000E+00    0.00000E+00    0.27802E-01

     Iteration Number = 15     Error=  0.1880E-01

         0.00000E+00    0.00000E+00    0.00000E+00    0.10075E-02
         0.12160E+00   -0.16823E-01    0.36908E-03    0.35993E+00
        -0.20012E-01    0.47449E-04    0.58371E+00   -0.15188E-01
         0.10137E-02    0.71760E+00   -0.59605E-02    0.26859E-02
         0.72345E+00    0.51488E-02    0.36699E-02    0.59094E+00
         0.16077E-01    0.27689E-02    0.33508E+00    0.24710E-01
         0.00000E+00    0.00000E+00    0.28366E-01

     Iteration Number = 16     Error=  0.1701E-01

         0.00000E+00    0.00000E+00    0.00000E+00    0.10103E-02
         0.12023E+00   -0.16619E-01    0.37134E-03    0.35515E+00
        -0.19698E-01    0.48773E-04    0.57490E+00   -0.14888E-01
         0.10166E-02    0.70572E+00   -0.57945E-02    0.26924E-02
         0.71076E+00    0.51035E-02    0.36789E-02    0.58027E+00
         0.15807E-01    0.27756E-02    0.32899E+00    0.24271E-01
         0.00000E+00    0.00000E+00    0.27865E-01

     Iteration Number = 17     Error=  0.1489E-01

         0.00000E+00    0.00000E+00    0.00000E+00    0.10079E-02
         0.12144E+00   -0.16800E-01    0.36937E-03    0.35940E+00
        -0.19977E-01    0.47630E-04    0.58272E+00   -0.15155E-01
         0.10141E-02    0.71627E+00   -0.59420E-02    0.26867E-02
         0.72204E+00    0.51437E-02    0.36710E-02    0.58975E+00
         0.16047E-01    0.27697E-02    0.33440E+00    0.24661E-01
         0.00000E+00    0.00000E+00    0.28310E-01

     Iteration Number = 18     Error=  0.1342E-01

         0.00000E+00    0.00000E+00    0.00000E+00    0.10101E-02
         0.12037E+00   -0.16639E-01    0.37116E-03    0.35562E+00
        -0.19729E-01    0.48673E-04    0.57576E+00   -0.14918E-01
         0.10164E-02    0.70689E+00   -0.58109E-02    0.26919E-02
         0.71201E+00    0.51079E-02    0.36781E-02    0.58132E+00
         0.15834E-01    0.27750E-02    0.32959E+00    0.24315E-01
         0.00000E+00    0.00000E+00    0.27914E-01

     Iteration Number = 19     Error=  0.1178E-01

         0.00000E+00    0.00000E+00    0.00000E+00    0.10082E-02
         0.12132E+00   -0.16782E-01    0.36960E-03    0.35898E+00
        -0.19950E-01    0.47767E-04    0.58195E+00   -0.15128E-01
         0.10143E-02    0.71523E+00   -0.59275E-02    0.26873E-02
         0.72092E+00    0.51397E-02    0.36719E-02    0.58881E+00
         0.16023E-01    0.27704E-02    0.33387E+00    0.24623E-01
         0.00000E+00    0.00000E+00    0.28266E-01

     Iteration Number = 20     Error=  0.1059E-01

         0.00000E+00    0.00000E+00    0.00000E+00    0.10099E-02
         0.12047E+00   -0.16655E-01    0.37101E-03    0.35599E+00
        -0.19753E-01    0.48589E-04    0.57645E+00   -0.14941E-01
         0.10161E-02    0.70782E+00   -0.58238E-02    0.26914E-02
         0.71300E+00    0.51114E-02    0.36774E-02    0.58215E+00
         0.15855E-01    0.27745E-02    0.33006E+00    0.24349E-01
         0.00000E+00    0.00000E+00    0.27953E-01

     Iteration Number = 21     Error=  0.9322E-02

         0.00000E+00    0.00000E+00    0.00000E+00    0.10084E-02
         0.12123E+00   -0.16768E-01    0.36977E-03    0.35864E+00
        -0.19928E-01    0.47872E-04    0.58134E+00   -0.15107E-01
         0.10145E-02    0.71441E+00   -0.59159E-02    0.26878E-02
         0.72004E+00    0.51366E-02    0.36725E-02    0.58807E+00
         0.16004E-01    0.27708E-02    0.33344E+00    0.24592E-01
         0.00000E+00    0.00000E+00    0.28231E-01

     Iteration Number = 22     Error=  0.8358E-02

         0.00000E+00    0.00000E+00    0.00000E+00    0.10097E-02
         0.12056E+00   -0.16667E-01    0.37089E-03    0.35629E+00
        -0.19772E-01    0.48520E-04    0.57699E+00   -0.14959E-01
         0.10160E-02    0.70855E+00   -0.58340E-02    0.26910E-02
         0.71378E+00    0.51142E-02    0.36769E-02    0.58281E+00
         0.15871E-01    0.27741E-02    0.33044E+00    0.24376E-01
         0.00000E+00    0.00000E+00    0.27984E-01

     Iteration Number = 23     Error=  0.7374E-02

         0.00000E+00    0.00000E+00    0.00000E+00    0.10085E-02
         0.12115E+00   -0.16757E-01    0.36991E-03    0.35838E+00
        -0.19910E-01    0.47952E-04    0.58085E+00   -0.15091E-01
         0.10147E-02    0.71375E+00   -0.59068E-02    0.26881E-02
         0.71934E+00    0.51341E-02    0.36730E-02    0.58749E+00
         0.15989E-01    0.27712E-02    0.33311E+00    0.24568E-01
         0.00000E+00    0.00000E+00    0.28204E-01

     Iteration Number = 24     Error=  0.6600E-02

         0.00000E+00    0.00000E+00    0.00000E+00    0.10096E-02
         0.12062E+00   -0.16677E-01    0.37079E-03    0.35652E+00
        -0.19788E-01    0.48463E-04    0.57742E+00   -0.14974E-01
         0.10158E-02    0.70912E+00   -0.58421E-02    0.26907E-02
         0.71440E+00    0.51164E-02    0.36765E-02    0.58333E+00
         0.15884E-01    0.27738E-02    0.33074E+00    0.24397E-01
         0.00000E+00    0.00000E+00    0.28008E-01

     Iteration Number = 25     Error=  0.5832E-02

         0.00000E+00    0.00000E+00    0.00000E+00    0.10086E-02
         0.12110E+00   -0.16748E-01    0.37001E-03    0.35817E+00
        -0.19897E-01    0.48014E-04    0.58047E+00   -0.15078E-01
         0.10148E-02    0.71324E+00   -0.58996E-02    0.26884E-02
         0.71879E+00    0.51321E-02    0.36734E-02    0.58702E+00
         0.15978E-01    0.27715E-02    0.33285E+00    0.24549E-01
         0.00000E+00    0.00000E+00    0.28182E-01

     Iteration Number = 26     Error=  0.5212E-02

         0.00000E+00    0.00000E+00    0.00000E+00    0.10095E-02
         0.12068E+00   -0.16685E-01    0.37071E-03    0.35670E+00
        -0.19800E-01    0.48417E-04    0.57776E+00   -0.14985E-01
         0.10157E-02    0.70958E+00   -0.58485E-02    0.26904E-02
         0.71488E+00    0.51182E-02    0.36762E-02    0.58374E+00
         0.15895E-01    0.27736E-02    0.33097E+00    0.24414E-01
         0.00000E+00    0.00000E+00    0.28028E-01

     Iteration Number = 27     Error=  0.4612E-02

         0.00000E+00    0.00000E+00    0.00000E+00    0.10087E-02
         0.12105E+00   -0.16741E-01    0.37009E-03    0.35801E+00
        -0.19886E-01    0.48062E-04    0.58017E+00   -0.15068E-01
         0.10149E-02    0.71283E+00   -0.58939E-02    0.26887E-02
         0.71836E+00    0.51306E-02    0.36737E-02    0.58666E+00
         0.15969E-01    0.27718E-02    0.33264E+00    0.24534E-01
         0.00000E+00    0.00000E+00    0.28165E-01

     Iteration Number = 28     Error=  0.4117E-02

         0.00000E+00    0.00000E+00    0.00000E+00    0.10094E-02
         0.12072E+00   -0.16691E-01    0.37064E-03    0.35685E+00
        -0.19809E-01    0.48381E-04    0.57803E+00   -0.14995E-01
         0.10157E-02    0.70994E+00   -0.58535E-02    0.26903E-02
         0.71527E+00    0.51195E-02    0.36759E-02    0.58406E+00
         0.15903E-01    0.27734E-02    0.33115E+00    0.24427E-01
         0.00000E+00    0.00000E+00    0.28043E-01

     Iteration Number = 29     Error=  0.3646E-02

         0.00000E+00    0.00000E+00    0.00000E+00    0.10088E-02
         0.12101E+00   -0.16735E-01    0.37016E-03    0.35788E+00
        -0.19877E-01    0.48099E-04    0.57993E+00   -0.15060E-01
         0.10150E-02    0.71251E+00   -0.58894E-02    0.26888E-02
         0.71802E+00    0.51293E-02    0.36740E-02    0.58637E+00
         0.15961E-01    0.27719E-02    0.33247E+00    0.24522E-01
         0.00000E+00    0.00000E+00    0.28151E-01

     Iteration Number = 30     Error=  0.3252E-02

         0.00000E+00    0.00000E+00    0.00000E+00    0.10094E-02
         0.12075E+00   -0.16696E-01    0.37059E-03    0.35696E+00
        -0.19817E-01    0.48351E-04    0.57824E+00   -0.15002E-01
         0.10156E-02    0.71023E+00   -0.58575E-02    0.26901E-02
         0.71557E+00    0.51206E-02    0.36757E-02    0.58432E+00
         0.15909E-01    0.27732E-02    0.33130E+00    0.24438E-01
         0.00000E+00    0.00000E+00    0.28055E-01

     Iteration Number = 31     Error=  0.2883E-02

         0.00000E+00    0.00000E+00    0.00000E+00    0.10089E-02
         0.12098E+00   -0.16731E-01    0.37021E-03    0.35778E+00
        -0.19871E-01    0.48129E-04    0.57974E+00   -0.15053E-01
         0.10151E-02    0.71226E+00   -0.58859E-02    0.26890E-02
         0.71774E+00    0.51284E-02    0.36742E-02    0.58614E+00
         0.15955E-01    0.27721E-02    0.33234E+00    0.24513E-01
         0.00000E+00    0.00000E+00    0.28141E-01

     Iteration Number = 32     Error=  0.2569E-02

         0.00000E+00    0.00000E+00    0.00000E+00    0.10093E-02
         0.12078E+00   -0.16700E-01    0.37055E-03    0.35705E+00
        -0.19823E-01    0.48327E-04    0.57840E+00   -0.15007E-01
         0.10155E-02    0.71045E+00   -0.58606E-02    0.26900E-02
         0.71582E+00    0.51215E-02    0.36755E-02    0.58452E+00
         0.15914E-01    0.27731E-02    0.33142E+00    0.24446E-01
         0.00000E+00    0.00000E+00    0.28064E-01

     Iteration Number = 33     Error=  0.2279E-02

         0.00000E+00    0.00000E+00    0.00000E+00    0.10089E-02
         0.12096E+00   -0.16728E-01    0.37025E-03    0.35770E+00
        -0.19865E-01    0.48151E-04    0.57960E+00   -0.15048E-01
         0.10151E-02    0.71206E+00   -0.58831E-02    0.26891E-02
         0.71753E+00    0.51276E-02    0.36743E-02    0.58596E+00
         0.15951E-01    0.27722E-02    0.33224E+00    0.24505E-01
         0.00000E+00    0.00000E+00    0.28132E-01

     Iteration Number = 34     Error=  0.2030E-02

         0.00000E+00    0.00000E+00    0.00000E+00    0.10093E-02
         0.12080E+00   -0.16703E-01    0.37051E-03    0.35712E+00
        -0.19828E-01    0.48308E-04    0.57854E+00   -0.15012E-01
         0.10155E-02    0.71063E+00   -0.58631E-02    0.26899E-02
         0.71601E+00    0.51222E-02    0.36754E-02    0.58468E+00
         0.15919E-01    0.27730E-02    0.33151E+00    0.24453E-01
         0.00000E+00    0.00000E+00    0.28072E-01

     Iteration Number = 35     Error=  0.1801E-02

         0.00000E+00    0.00000E+00    0.00000E+00    0.10090E-02
         0.12094E+00   -0.16725E-01    0.37028E-03    0.35763E+00
        -0.19861E-01    0.48169E-04    0.57948E+00   -0.15044E-01
         0.10152E-02    0.71190E+00   -0.58809E-02    0.26892E-02
         0.71736E+00    0.51270E-02    0.36744E-02    0.58582E+00
         0.15947E-01    0.27723E-02    0.33216E+00    0.24500E-01
         0.00000E+00    0.00000E+00    0.28125E-01

     Iteration Number = 36     Error=  0.1604E-02

         0.00000E+00    0.00000E+00    0.00000E+00    0.10092E-02
         0.12081E+00   -0.16705E-01    0.37049E-03    0.35718E+00
        -0.19831E-01    0.48293E-04    0.57864E+00   -0.15016E-01
         0.10155E-02    0.71077E+00   -0.58651E-02    0.26898E-02
         0.71616E+00    0.51227E-02    0.36753E-02    0.58480E+00
         0.15922E-01    0.27729E-02    0.33158E+00    0.24458E-01
         0.00000E+00    0.00000E+00    0.28078E-01

     Iteration Number = 37     Error=  0.1424E-02

         0.00000E+00    0.00000E+00    0.00000E+00    0.10090E-02
         0.12093E+00   -0.16723E-01    0.37030E-03    0.35758E+00
        -0.19858E-01    0.48183E-04    0.57938E+00   -0.15041E-01
         0.10152E-02    0.71177E+00   -0.58791E-02    0.26893E-02
         0.71723E+00    0.51265E-02    0.36745E-02    0.58571E+00
         0.15944E-01    0.27724E-02    0.33209E+00    0.24495E-01
         0.00000E+00    0.00000E+00    0.28120E-01

     Iteration Number = 38     Error=  0.1267E-02

         0.00000E+00    0.00000E+00    0.00000E+00    0.10092E-02
         0.12082E+00   -0.16707E-01    0.37047E-03    0.35723E+00
        -0.19834E-01    0.48281E-04    0.57872E+00   -0.15018E-01
         0.10154E-02    0.71088E+00   -0.58667E-02    0.26897E-02
         0.71627E+00    0.51231E-02    0.36752E-02    0.58490E+00
         0.15924E-01    0.27729E-02    0.33164E+00    0.24462E-01
         0.00000E+00    0.00000E+00    0.28083E-01

     Iteration Number = 39     Error=  0.1125E-02

         0.00000E+00    0.00000E+00    0.00000E+00    0.10090E-02
         0.12092E+00   -0.16721E-01    0.37032E-03    0.35754E+00
        -0.19855E-01    0.48194E-04    0.57931E+00   -0.15038E-01
         0.10152E-02    0.71167E+00   -0.58777E-02    0.26893E-02
         0.71712E+00    0.51262E-02    0.36746E-02    0.58562E+00
         0.15942E-01    0.27724E-02    0.33204E+00    0.24491E-01
         0.00000E+00    0.00000E+00    0.28116E-01

     Iteration Number = 40     Error=  0.1001E-02

         0.00000E+00    0.00000E+00    0.00000E+00    0.10092E-02
         0.12083E+00   -0.16709E-01    0.37045E-03    0.35726E+00
        -0.19837E-01    0.48272E-04    0.57879E+00   -0.15021E-01
         0.10154E-02    0.71097E+00   -0.58679E-02    0.26897E-02
         0.71637E+00    0.51235E-02    0.36751E-02    0.58498E+00
         0.15926E-01    0.27728E-02    0.33168E+00    0.24465E-01
         0.00000E+00    0.00000E+00    0.28086E-01


   STEP NUMBER = 10   SOURCE VALUE =  0.1000E+01

     Number of iterations taken for convergence.. = 41
     The Euclidean norm of the solution error ... =  0.8894E-03
     The CONVERGED solution is:

         0.00000E+00    0.00000E+00    0.00000E+00    0.10090E-02
         0.12091E+00   -0.16720E-01    0.37033E-03    0.35751E+00
        -0.19853E-01    0.48203E-04    0.57925E+00   -0.15036E-01
         0.10153E-02    0.71160E+00   -0.58766E-02    0.26894E-02
         0.71704E+00    0.51259E-02    0.36747E-02    0.58555E+00
         0.15940E-01    0.27725E-02    0.33200E+00    0.24488E-01
         0.00000E+00    0.00000E+00    0.28113E-01
