     *** ECHO OF THE INPUT DATA STARTS ***

Example 5.2.1: Nonlinear analysis of a hinged-hinged beam problem               
  2   0   8                        MODEL,IEL,NEM                                
  0.0  100.0                         X0,AL                                      
  1  1  30.0E06  0.3               B,H,E,GNIU                                   
                                                                                
  0.0  0.0  0.0                    FX0,FX1,FX2                                  
  2.0  0.0  0.0                    QX0,QX1,QX2                                  
  5   0   0                        NSPV,NSSV,NSMB                               
  1   1   0.0                       ISPV(1,1),ISPV(1,2),VSPV(1)                 
  1   2   0.0                       ISPV(2,1),ISPV(2,2),VSPV(2)                 
  1   3   0.0                       ISPV(3,1),ISPV(3,2),VSPV(3)                 
  9   1   0.0                       ISPV(4,1),ISPV(4,2),VSPV(4)                 
  9   2   0.0                       ISPV(5,1),ISPV(5,2),VSPV(5)                 
                                                                                
  2   0                            NONLIN,NPRNT                                 
  10   50  1.0E-03  0.0             NLS, ITMAX, EPS, GAMA                       
  2   1                            NGP, LGP                                     
  0.1 0.1 0.1 0.1 0.1                                                           
  0.1 0.1 0.1 0.1 0.1              DP(I)                                        
                                                                                
  0.0 0.0 0.0 0.0 0.0 0.0 0.0                                                   
  0.0 0.0 0.0 0.0 0.0 0.0 0.0                                                   
  0.0 0.0 0.0 0.0 0.0 0.0 0.0                                                   
  0.0 0.0 0.0 0.0 0.0 0.0          GP1(I)                                       

     **** ECHO OF THE INPUT DATA ENDS ****

________________________________________________________________________________
        Output from computer program  FEM1DBEAM              by J. N. Reddy
________________________________________________________________________________


Example 5.2.1: Nonlinear analysis of a hinged-hinged beam problem               

    *** ANALYSIS OF MODEL  2 PROBLEM ***
               (see the code below)

    MODEL=1: A problem described by MODEL EQ. 1
    MODEL=2: A Euler-Bernoulli BEAM problem
    MODEL=3: A Timoshenko BEAM problem


   P R O B L E M   D A T A:

     Coordinate of node 1 ....................... =   0.0000E+00
     Length of the beam ......................... =   0.1000E+03
     Width of cross-section for the beam, B ..... =   0.1000E+01
     Height of cross-section for the beam, H .... =   0.1000E+01
     Elastic modulus of the beam material, E .... =   0.3000E+08
     Axial stiffness for the beam, EA ........... =   0.3000E+08
     Bending stiffness for the beam, EI ......... =   0.2500E+07
     Coefficient of 1 in QX, QX0 ................ =   0.2000E+01
     Coefficient of x in QX, QX1 ................ =   0.0000E+00
     Coefficient of x*x in QX, QX2 .............. =   0.0000E+00
     Coefficient of 1 in FX, FX0 ................ =   0.0000E+00
     Coefficient of x in FX, FX1 ................ =   0.0000E+00
     Coefficient of x*x in FX, FX2 .............. =   0.0000E+00


   M E S H   D A T A:

     Number of elements in the mesh, NEM......... =    8
     Type of element(0:hermite;1:linear;2:quadratic;) .. =    0
     Number of nodes in the mesh, NNM ........... =    9
     Number of deg. of freedom per node, NDF..... =    3
     Number of total DOF in the model, NEQ....... =   27
     GLOBAL COORDINATES OF THE GLOBAL NODES ..... =

        0.0000E+00   0.1250E+02   0.2500E+02   0.3750E+02   0.5000E+02
        0.6250E+02   0.7500E+02   0.8750E+02   0.1000E+03

          CONNECTIVITY MATRIX:

              1    2
              2    3
              3    4
              4    5
              5    6
              6    7
              7    8
              8    9

   B O U N D A R Y   D A T A:

     Number of specified PRIMARY variables ...... =    5
     Specified PRIMARY degrees of freedom ....... :

              1    1   0.0000E+00
              1    2   0.0000E+00
              1    3   0.0000E+00
              9    1   0.0000E+00
              9    2   0.0000E+00

     *** NONLINEAR Analysis with NEWTON ITERATION ***


   NONLINEAR  A N A L Y S I S   D A T A:

     Number of load steps used, NLS ............. =   10
     Maximum allowable number of iterations ..... =   50
     Allowable convergence tolerance (EPS) ...... =   0.1000E-02
     Acceleration parameter:GAMA*GP2+(1-GAMA)*GP1 =   0.0000E+00

   INITIAL (GUESS) VECTOR:

     0.00000E+00  0.00000E+00  0.00000E+00  0.00000E+00  0.00000E+00  0.00000E+00  0.00000E+00  0.00000E+00  0.00000E+00  0.00000E+00  0.00000E+00  0.00000E+00  0.00000E+00  0.00000E+00  0.00000E+00  0.00000E+00  0.00000E+00  0.00000E+00  0.00000E+00  0.00000E+00  0.00000E+00  0.00000E+00  0.00000E+00  0.00000E+00

   INITIAL (GUESS) VECTOR:

     0.00000E+00  0.00000E+00  0.00000E+00

     First iteration solution at source value ... =  0.1000E+00

         0.00000E+00    0.00000E+00    0.00000E+00    0.00000E+00
         0.62663E-02   -0.88542E-03    0.00000E+00    0.19531E-01
        -0.11458E-02    0.00000E+00    0.32959E-01   -0.93750E-03
         0.00000E+00    0.41667E-01   -0.41667E-03    0.00000E+00
         0.42725E-01    0.26042E-03    0.00000E+00    0.35156E-01
         0.93750E-03    0.00000E+00    0.19938E-01    0.14583E-02
         0.00000E+00    0.00000E+00    0.16667E-02

     Iteration Number =  1     Error=  0.1000E+01

         0.00000E+00    0.00000E+00    0.00000E+00    0.00000E+00
         0.62663E-02   -0.88542E-03    0.00000E+00    0.19531E-01
        -0.11458E-02    0.00000E+00    0.32959E-01   -0.93750E-03
         0.00000E+00    0.41667E-01   -0.41667E-03    0.00000E+00
         0.42725E-01    0.26042E-03    0.00000E+00    0.35156E-01
         0.93750E-03    0.00000E+00    0.19938E-01    0.14583E-02
         0.00000E+00    0.00000E+00    0.16667E-02

     Iteration Number =  2     Error=  0.2746E-02

         0.00000E+00    0.00000E+00    0.00000E+00    0.41720E-05
         0.62526E-02   -0.88339E-03    0.27893E-05    0.19484E-01
        -0.11428E-02    0.13236E-05    0.32874E-01   -0.93471E-03
         0.41492E-05    0.41554E-01   -0.41521E-03    0.10026E-04
         0.42605E-01    0.25989E-03    0.13646E-04    0.35057E-01
         0.93493E-03    0.10211E-04    0.19882E-01    0.14542E-02
         0.00000E+00    0.00000E+00    0.16620E-02


   STEP NUMBER =  1   SOURCE VALUE =  0.1000E+00

     Number of iterations taken for convergence.. =  3
     The Euclidean norm of the solution error ... =  0.5445E-05
     The CONVERGED solution is:

         0.00000E+00    0.00000E+00    0.00000E+00    0.41720E-05
         0.62526E-02   -0.88339E-03    0.27893E-05    0.19484E-01
        -0.11428E-02    0.13236E-05    0.32874E-01   -0.93470E-03
         0.41491E-05    0.41553E-01   -0.41521E-03    0.10025E-04
         0.42605E-01    0.25989E-03    0.13646E-04    0.35056E-01
         0.93493E-03    0.10211E-04    0.19881E-01    0.14542E-02
         0.00000E+00    0.00000E+00    0.16620E-02

     Iteration Number =  1     Error=  0.4986E+00

         0.00000E+00    0.00000E+00    0.00000E+00    0.12465E-04
         0.12478E-01   -0.17628E-02    0.83244E-05    0.38875E-01
        -0.22796E-02    0.39459E-05    0.65578E-01   -0.18639E-02
         0.12396E-04    0.82882E-01   -0.82752E-03    0.29960E-04
         0.84973E-01    0.51875E-03    0.40780E-04    0.69915E-01
         0.18648E-02    0.30514E-04    0.39651E-01    0.29003E-02
         0.00000E+00    0.00000E+00    0.33148E-02

     Iteration Number =  2     Error=  0.5269E-02

         0.00000E+00    0.00000E+00    0.00000E+00    0.16390E-04
         0.12426E-01   -0.17550E-02    0.10904E-04    0.38695E-01
        -0.22680E-02    0.51495E-05    0.65251E-01   -0.18532E-02
         0.16299E-04    0.82450E-01   -0.82196E-03    0.39425E-04
         0.84517E-01    0.51675E-03    0.53663E-04    0.69535E-01
         0.18550E-02    0.40157E-04    0.39434E-01    0.28847E-02
         0.00000E+00    0.00000E+00    0.32970E-02


   STEP NUMBER =  2   SOURCE VALUE =  0.2000E+00

     Number of iterations taken for convergence.. =  3
     The Euclidean norm of the solution error ... =  0.1085E-04
     The CONVERGED solution is:

         0.00000E+00    0.00000E+00    0.00000E+00    0.16390E-04
         0.12426E-01   -0.17550E-02    0.10904E-04    0.38694E-01
        -0.22679E-02    0.51495E-05    0.65251E-01   -0.18532E-02
         0.16299E-04    0.82449E-01   -0.82195E-03    0.39425E-04
         0.84516E-01    0.51675E-03    0.53663E-04    0.69534E-01
         0.18549E-02    0.40157E-04    0.39434E-01    0.28847E-02
         0.00000E+00    0.00000E+00    0.32969E-02

     Iteration Number =  1     Error=  0.3287E+00

         0.00000E+00    0.00000E+00    0.00000E+00    0.32394E-04
         0.18535E-01   -0.26172E-02    0.21482E-04    0.57685E-01
        -0.33789E-02    0.10112E-04    0.97231E-01   -0.27587E-02
         0.32211E-04    0.12282E+00   -0.12219E-02    0.77974E-04
         0.12587E+00    0.77116E-03    0.10613E-03    0.10355E+00
         0.27630E-02    0.79424E-04    0.58723E-01    0.42961E-02
         0.00000E+00    0.00000E+00    0.49102E-02

     Iteration Number =  2     Error=  0.5653E-02

         0.00000E+00    0.00000E+00    0.00000E+00    0.35841E-04
         0.18451E-01   -0.26049E-02    0.23658E-04    0.57398E-01
        -0.33605E-02    0.11085E-04    0.96712E-01   -0.27417E-02
         0.35635E-04    0.12213E+00   -0.12131E-02    0.86351E-04
         0.12514E+00    0.76796E-03    0.11754E-03    0.10294E+00
         0.27474E-02    0.87964E-04    0.58379E-01    0.42712E-02
         0.00000E+00    0.00000E+00    0.48819E-02


   STEP NUMBER =  3   SOURCE VALUE =  0.3000E+00

     Number of iterations taken for convergence.. =  3
     The Euclidean norm of the solution error ... =  0.1199E-04
     The CONVERGED solution is:

         0.00000E+00    0.00000E+00    0.00000E+00    0.35841E-04
         0.18451E-01   -0.26049E-02    0.23658E-04    0.57398E-01
        -0.33605E-02    0.11085E-04    0.96711E-01   -0.27417E-02
         0.35635E-04    0.12213E+00   -0.12131E-02    0.86352E-04
         0.12514E+00    0.76797E-03    0.11754E-03    0.10294E+00
         0.27474E-02    0.87964E-04    0.58378E-01    0.42712E-02
         0.00000E+00    0.00000E+00    0.48819E-02

     Iteration Number =  1     Error=  0.2417E+00

         0.00000E+00    0.00000E+00    0.00000E+00    0.58547E-04
         0.24385E-01   -0.34412E-02    0.38427E-04    0.75787E-01
        -0.44327E-02    0.17902E-04    0.12760E+00   -0.36116E-02
         0.58204E-04    0.16105E+00   -0.15945E-02    0.14122E-03
         0.16497E+00    0.10157E-02    0.19222E-03    0.13569E+00
         0.36227E-02    0.14387E-03    0.76946E-01    0.56304E-02
         0.00000E+00    0.00000E+00    0.64357E-02

     Iteration Number =  2     Error=  0.5366E-02

         0.00000E+00    0.00000E+00    0.00000E+00    0.61393E-04
         0.24282E-01   -0.34259E-02    0.40102E-04    0.75429E-01
        -0.44097E-02    0.18591E-04    0.12695E+00   -0.35905E-02
         0.61029E-04    0.16020E+00   -0.15836E-02    0.14823E-03
         0.16407E+00    0.10117E-02    0.20177E-03    0.13493E+00
         0.36033E-02    0.15102E-03    0.76519E-01    0.55995E-02
         0.00000E+00    0.00000E+00    0.64006E-02


   STEP NUMBER =  4   SOURCE VALUE =  0.4000E+00

     Number of iterations taken for convergence.. =  3
     The Euclidean norm of the solution error ... =  0.1146E-04
     The CONVERGED solution is:

         0.00000E+00    0.00000E+00    0.00000E+00    0.61394E-04
         0.24281E-01   -0.34259E-02    0.40102E-04    0.75428E-01
        -0.44097E-02    0.18591E-04    0.12695E+00   -0.35905E-02
         0.61029E-04    0.16019E+00   -0.15835E-02    0.14823E-03
         0.16407E+00    0.10117E-02    0.20177E-03    0.13493E+00
         0.36033E-02    0.15102E-03    0.76518E-01    0.55995E-02
         0.00000E+00    0.00000E+00    0.64005E-02

     Iteration Number =  1     Error=  0.1883E+00

         0.00000E+00    0.00000E+00    0.00000E+00    0.89585E-04
         0.30003E-01   -0.42308E-02    0.58049E-04    0.93085E-01
        -0.54349E-02    0.26691E-04    0.15652E+00   -0.44173E-02
         0.89041E-04    0.19737E+00   -0.19426E-02    0.21664E-03
         0.20205E+00    0.12512E-02    0.29490E-03    0.16614E+00
         0.44389E-02    0.22075E-03    0.94210E-01    0.68954E-02
         0.00000E+00    0.00000E+00    0.78824E-02

     Iteration Number =  2     Error=  0.4812E-02

         0.00000E+00    0.00000E+00    0.00000E+00    0.91814E-04
         0.29888E-01   -0.42138E-02    0.59216E-04    0.92692E-01
        -0.54096E-02    0.27097E-04    0.15581E+00   -0.43942E-02
         0.91252E-04    0.19643E+00   -0.19306E-02    0.22224E-03
         0.20106E+00    0.12467E-02    0.30253E-03    0.16531E+00
         0.44175E-02    0.22648E-03    0.93741E-01    0.68615E-02
         0.00000E+00    0.00000E+00    0.78438E-02


   STEP NUMBER =  5   SOURCE VALUE =  0.5000E+00

     Number of iterations taken for convergence.. =  3
     The Euclidean norm of the solution error ... =  0.1005E-04
     The CONVERGED solution is:

         0.00000E+00    0.00000E+00    0.00000E+00    0.91815E-04
         0.29888E-01   -0.42138E-02    0.59216E-04    0.92691E-01
        -0.54096E-02    0.27097E-04    0.15581E+00   -0.43941E-02
         0.91251E-04    0.19642E+00   -0.19306E-02    0.22224E-03
         0.20106E+00    0.12467E-02    0.30253E-03    0.16531E+00
         0.44175E-02    0.22648E-03    0.93740E-01    0.68614E-02
         0.00000E+00    0.00000E+00    0.78437E-02

     Iteration Number =  1     Error=  0.1522E+00

         0.00000E+00    0.00000E+00    0.00000E+00    0.12427E-03
         0.35377E-01   -0.49846E-02    0.79339E-04    0.10955E+00
        -0.63837E-02    0.35920E-04    0.18394E+00   -0.51743E-02
         0.12349E-03    0.23170E+00   -0.22655E-02    0.30141E-03
         0.23704E+00    0.14772E-02    0.41031E-03    0.19485E+00
         0.52101E-02    0.30720E-03    0.11049E+00    0.80890E-02
         0.00000E+00    0.00000E+00    0.92478E-02

     Iteration Number =  2     Error=  0.4182E-02

         0.00000E+00    0.00000E+00    0.00000E+00    0.12594E-03
         0.35260E-01   -0.49672E-02    0.80053E-04    0.10915E+00
        -0.63579E-02    0.36077E-04    0.18321E+00   -0.51507E-02
         0.12514E-03    0.23073E+00   -0.22533E-02    0.30572E-03
         0.23603E+00    0.14727E-02    0.41618E-03    0.19400E+00
         0.51883E-02    0.31162E-03    0.11001E+00    0.80544E-02
         0.00000E+00    0.00000E+00    0.92084E-02


   STEP NUMBER =  6   SOURCE VALUE =  0.6000E+00

     Number of iterations taken for convergence.. =  3
     The Euclidean norm of the solution error ... =  0.8292E-05
     The CONVERGED solution is:

         0.00000E+00    0.00000E+00    0.00000E+00    0.12594E-03
         0.35260E-01   -0.49672E-02    0.80053E-04    0.10915E+00
        -0.63579E-02    0.36077E-04    0.18321E+00   -0.51506E-02
         0.12514E-03    0.23073E+00   -0.22533E-02    0.30572E-03
         0.23603E+00    0.14727E-02    0.41618E-03    0.19400E+00
         0.51882E-02    0.31162E-03    0.11001E+00    0.80543E-02
         0.00000E+00    0.00000E+00    0.92083E-02

     Iteration Number =  1     Error=  0.1262E+00

         0.00000E+00    0.00000E+00    0.00000E+00    0.16156E-03
         0.40514E-01   -0.57033E-02    0.10147E-03    0.12521E+00
        -0.72804E-02    0.45142E-04    0.20989E+00   -0.58836E-02
         0.16051E-03    0.26408E+00   -0.25639E-02    0.39312E-03
         0.26999E+00    0.16940E-02    0.53519E-03    0.22185E+00
         0.59373E-02    0.40079E-03    0.12580E+00    0.92126E-02
         0.00000E+00    0.00000E+00    0.10534E-01

     Iteration Number =  2     Error=  0.3572E-02

         0.00000E+00    0.00000E+00    0.00000E+00    0.16275E-03
         0.40399E-01   -0.56864E-02    0.10181E-03    0.12481E+00
        -0.72552E-02    0.45098E-04    0.20918E+00   -0.58607E-02
         0.16169E-03    0.26315E+00   -0.25521E-02    0.39633E-03
         0.26900E+00    0.16895E-02    0.53957E-03    0.22103E+00
         0.59160E-02    0.40410E-03    0.12533E+00    0.91790E-02
         0.00000E+00    0.00000E+00    0.10495E-01


   STEP NUMBER =  7   SOURCE VALUE =  0.7000E+00

     Number of iterations taken for convergence.. =  3
     The Euclidean norm of the solution error ... =  0.6575E-05
     The CONVERGED solution is:

         0.00000E+00    0.00000E+00    0.00000E+00    0.16275E-03
         0.40399E-01   -0.56863E-02    0.10181E-03    0.12481E+00
        -0.72551E-02    0.45098E-04    0.20918E+00   -0.58607E-02
         0.16169E-03    0.26315E+00   -0.25521E-02    0.39633E-03
         0.26900E+00    0.16895E-02    0.53957E-03    0.22103E+00
         0.59160E-02    0.40410E-03    0.12533E+00    0.91789E-02
         0.00000E+00    0.00000E+00    0.10495E-01

     Iteration Number =  1     Error=  0.1068E+00

         0.00000E+00    0.00000E+00    0.00000E+00    0.20061E-03
         0.45425E-01   -0.63887E-02    0.12380E-03    0.14008E+00
        -0.81275E-02    0.54021E-04    0.23444E+00   -0.65481E-02
         0.19929E-03    0.29463E+00   -0.28393E-02    0.48983E-03
         0.30100E+00    0.19019E-02    0.66691E-03    0.24726E+00
         0.66228E-02    0.49957E-03    0.14019E+00    0.10270E-01
         0.00000E+00    0.00000E+00    0.11745E-01

     Iteration Number =  2     Error=  0.3028E-02

         0.00000E+00    0.00000E+00    0.00000E+00    0.20141E-03
         0.45316E-01   -0.63726E-02    0.12385E-03    0.13971E+00
        -0.81037E-02    0.53827E-04    0.23377E+00   -0.65265E-02
         0.20009E-03    0.29375E+00   -0.28282E-02    0.49216E-03
         0.30007E+00    0.18975E-02    0.67009E-03    0.24648E+00
         0.66028E-02    0.50197E-03    0.13975E+00    0.10238E-01
         0.00000E+00    0.00000E+00    0.11708E-01


   STEP NUMBER =  8   SOURCE VALUE =  0.8000E+00

     Number of iterations taken for convergence.. =  3
     The Euclidean norm of the solution error ... =  0.5084E-05
     The CONVERGED solution is:

         0.00000E+00    0.00000E+00    0.00000E+00    0.20141E-03
         0.45315E-01   -0.63726E-02    0.12385E-03    0.13971E+00
        -0.81036E-02    0.53827E-04    0.23377E+00   -0.65264E-02
         0.20009E-03    0.29375E+00   -0.28282E-02    0.49216E-03
         0.30007E+00    0.18975E-02    0.67009E-03    0.24648E+00
         0.66027E-02    0.50197E-03    0.13975E+00    0.10238E-01
         0.00000E+00    0.00000E+00    0.11708E-01

     Iteration Number =  1     Error=  0.9187E-01

         0.00000E+00    0.00000E+00    0.00000E+00    0.24078E-03
         0.50124E-01   -0.70431E-02    0.14586E-03    0.15424E+00
        -0.89287E-02    0.62321E-04    0.25770E+00   -0.71710E-02
         0.23918E-03    0.32348E+00   -0.30935E-02    0.59006E-03
         0.33023E+00    0.21013E-02    0.80344E-03    0.27117E+00
         0.72698E-02    0.60199E-03    0.15375E+00    0.11267E-01
         0.00000E+00    0.00000E+00    0.12886E-01

     Iteration Number =  2     Error=  0.2561E-02

         0.00000E+00    0.00000E+00    0.00000E+00    0.24128E-03
         0.50022E-01   -0.70281E-02    0.14569E-03    0.15389E+00
        -0.89065E-02    0.62020E-04    0.25708E+00   -0.71509E-02
         0.23969E-03    0.32266E+00   -0.30833E-02    0.59169E-03
         0.32936E+00    0.20972E-02    0.80567E-03    0.27045E+00
         0.72512E-02    0.60369E-03    0.15334E+00    0.11237E-01
         0.00000E+00    0.00000E+00    0.12852E-01


   STEP NUMBER =  9   SOURCE VALUE =  0.9000E+00

     Number of iterations taken for convergence.. =  3
     The Euclidean norm of the solution error ... =  0.3879E-05
     The CONVERGED solution is:

         0.00000E+00    0.00000E+00    0.00000E+00    0.24128E-03
         0.50022E-01   -0.70281E-02    0.14569E-03    0.15389E+00
        -0.89065E-02    0.62020E-04    0.25708E+00   -0.71509E-02
         0.23969E-03    0.32265E+00   -0.30833E-02    0.59168E-03
         0.32936E+00    0.20972E-02    0.80567E-03    0.27045E+00
         0.72511E-02    0.60369E-03    0.15334E+00    0.11237E-01
         0.00000E+00    0.00000E+00    0.12852E-01

     Iteration Number =  1     Error=  0.8008E-01

         0.00000E+00    0.00000E+00    0.00000E+00    0.28158E-03
         0.54629E-01   -0.76689E-02    0.16730E-03    0.16774E+00
        -0.96877E-02    0.69884E-04    0.27977E+00   -0.77558E-02
         0.27971E-03    0.35076E+00   -0.33285E-02    0.69264E-03
         0.35781E+00    0.22930E-02    0.94321E-03    0.29372E+00
         0.78813E-02    0.70691E-03    0.16653E+00    0.12207E-01
         0.00000E+00    0.00000E+00    0.13964E-01

     Iteration Number =  2     Error=  0.2169E-02

         0.00000E+00    0.00000E+00    0.00000E+00    0.28186E-03
         0.54535E-01   -0.76551E-02    0.16698E-03    0.16742E+00
        -0.96673E-02    0.69510E-04    0.27920E+00   -0.77374E-02
         0.28000E-03    0.35000E+00   -0.33192E-02    0.69373E-03
         0.35701E+00    0.22891E-02    0.94471E-03    0.29306E+00
         0.78642E-02    0.70807E-03    0.16615E+00    0.12180E-01
         0.00000E+00    0.00000E+00    0.13933E-01


   STEP NUMBER = 10   SOURCE VALUE =  0.1000E+01

     Number of iterations taken for convergence.. =  3
     The Euclidean norm of the solution error ... =  0.2943E-05
     The CONVERGED solution is:

         0.00000E+00    0.00000E+00    0.00000E+00    0.28186E-03
         0.54535E-01   -0.76551E-02    0.16698E-03    0.16742E+00
        -0.96673E-02    0.69510E-04    0.27920E+00   -0.77374E-02
         0.28000E-03    0.35000E+00   -0.33192E-02    0.69373E-03
         0.35701E+00    0.22892E-02    0.94471E-03    0.29306E+00
         0.78642E-02    0.70807E-03    0.16615E+00    0.12180E-01
         0.00000E+00    0.00000E+00    0.13933E-01
