     *** ECHO OF THE INPUT DATA STARTS ***

Example 5.2.1: Nonlinear analysis of a hinged-hinged beam problem               
  2   0   8                        MODEL,IEL,NEM                                
  0.0  50.0                        X0,AL                                        
  1  1  30.0E06  0.3               B,H,E,GNIU                                   
                                                                                
  0.0  0.0  0.0                    FX0,FX1,FX2                                  
  1.0  0.0  0.0                    QX0,QX1,QX2                                  
  4   0   0                        NSPV,NSSV,NSMB                               
  1   1   0.0                       ISPV(1,1),ISPV(1,2),VSPV(1)                 
  1   2   0.0                       ISPV(1,1),ISPV(1,2),VSPV(1)                 
  9   1   0.0                       ISPV(2,1),ISPV(2,2),VSPV(2)                 
  9   3   0.0                       ISPV(3,1),ISPV(3,2),VSPV(3)                 
                                                                                
  1   0                            NONLIN,NPRNT                                 
  10   500  1.0E-03  0.25             NLS, ITMAX, EPS, GAMA                     
  2   1                            NGP, LGP                                     
  0.1 0.1 0.1 0.1 0.1                                                           
  0.1 0.1 0.1 0.1 0.1              DP(I)                                        
                                                                                
  0.0 0.0 0.0 0.0 0.0 0.0 0.0                                                   
  0.0 0.0 0.0 0.0 0.0 0.0 0.0                                                   
  0.0 0.0 0.0 0.0 0.0 0.0 0.0                                                   
  0.0 0.0 0.0 0.0 0.0 0.0          GP1(I)                                       

     **** ECHO OF THE INPUT DATA ENDS ****

________________________________________________________________________________
        Output from computer program  FEM1DBEAM              by J. N. Reddy
________________________________________________________________________________


Example 5.2.1: Nonlinear analysis of a hinged-hinged beam problem               

    *** ANALYSIS OF MODEL  2 PROBLEM ***
               (see the code below)

    MODEL=1: A problem described by MODEL EQ. 1
    MODEL=2: A Euler-Bernoulli BEAM problem
    MODEL=3: A Timoshenko BEAM problem


   P R O B L E M   D A T A:

     Coordinate of node 1 ....................... =   0.0000E+00
     Length of the beam ......................... =   0.5000E+02
     Width of cross-section for the beam, B ..... =   0.1000E+01
     Height of cross-section for the beam, H .... =   0.1000E+01
     Elastic modulus of the beam material, E .... =   0.3000E+08
     Axial stiffness for the beam, EA ........... =   0.3000E+08
     Bending stiffness for the beam, EI ......... =   0.2500E+07
     Coefficient of 1 in QX, QX0 ................ =   0.1000E+01
     Coefficient of x in QX, QX1 ................ =   0.0000E+00
     Coefficient of x*x in QX, QX2 .............. =   0.0000E+00
     Coefficient of 1 in FX, FX0 ................ =   0.0000E+00
     Coefficient of x in FX, FX1 ................ =   0.0000E+00
     Coefficient of x*x in FX, FX2 .............. =   0.0000E+00


   M E S H   D A T A:

     Number of elements in the mesh, NEM......... =    8
     Type of element(0:hermite;1:linear;2:quadratic;) .. =    0
     Number of nodes in the mesh, NNM ........... =    9
     Number of deg. of freedom per node, NDF..... =    3
     Number of total DOF in the model, NEQ....... =   27
     GLOBAL COORDINATES OF THE GLOBAL NODES ..... =

        0.0000E+00   0.6250E+01   0.1250E+02   0.1875E+02   0.2500E+02
        0.3125E+02   0.3750E+02   0.4375E+02   0.5000E+02

          CONNECTIVITY MATRIX:

              1    2
              2    3
              3    4
              4    5
              5    6
              6    7
              7    8
              8    9

   B O U N D A R Y   D A T A:

     Number of specified PRIMARY variables ...... =    4
     Specified PRIMARY degrees of freedom ....... :

              1    1   0.0000E+00
              1    2   0.0000E+00
              9    1   0.0000E+00
              9    3   0.0000E+00

     *** NONLINEAR Analysis with DIRECT ITERATION ***


   NONLINEAR  A N A L Y S I S   D A T A:

     Number of load steps used, NLS ............. =   10
     Maximum allowable number of iterations ..... =  500
     Allowable convergence tolerance (EPS) ...... =   0.1000E-02
     Acceleration parameter:GAMA*GP2+(1-GAMA)*GP1 =   0.2500E+00

   INITIAL (GUESS) VECTOR:

     0.00000E+00  0.00000E+00  0.00000E+00  0.00000E+00  0.00000E+00  0.00000E+00  0.00000E+00  0.00000E+00  0.00000E+00  0.00000E+00  0.00000E+00  0.00000E+00  0.00000E+00  0.00000E+00  0.00000E+00  0.00000E+00  0.00000E+00  0.00000E+00  0.00000E+00  0.00000E+00  0.00000E+00  0.00000E+00  0.00000E+00  0.00000E+00

   INITIAL (GUESS) VECTOR:

     0.00000E+00  0.00000E+00  0.00000E+00

     First iteration solution at source value ... =  0.1000E+00

         0.00000E+00    0.00000E+00   -0.16667E-02    0.00000E+00
         0.10338E-01   -0.16292E-02    0.00000E+00    0.20223E-01
        -0.15234E-02    0.00000E+00    0.29259E-01   -0.13590E-02
         0.00000E+00    0.37109E-01   -0.11458E-02    0.00000E+00
         0.43500E-01   -0.89355E-03    0.00000E+00    0.48218E-01
        -0.61198E-03    0.00000E+00    0.51109E-01   -0.31087E-03
         0.00000E+00    0.52083E-01    0.00000E+00

     Iteration Number =  1     Error=  0.1000E+01

         0.00000E+00    0.00000E+00   -0.16667E-02    0.00000E+00
         0.10338E-01   -0.16292E-02    0.00000E+00    0.20223E-01
        -0.15234E-02    0.00000E+00    0.29259E-01   -0.13590E-02
         0.00000E+00    0.37109E-01   -0.11458E-02    0.00000E+00
         0.43500E-01   -0.89355E-03    0.00000E+00    0.48218E-01
        -0.61198E-03    0.00000E+00    0.51109E-01   -0.31087E-03
         0.00000E+00    0.52083E-01    0.00000E+00

     Iteration Number =  2     Error=  0.8208E-02

         0.00000E+00    0.00000E+00   -0.16533E-02   -0.43303E-05
         0.10255E-01   -0.16161E-02   -0.79284E-05    0.20060E-01
        -0.15111E-02   -0.10245E-04    0.29022E-01   -0.13480E-02
        -0.10967E-04    0.36808E-01   -0.11364E-02   -0.10035E-04
         0.43147E-01   -0.88616E-03   -0.76234E-05    0.47825E-01
        -0.60689E-03   -0.41065E-05    0.50692E-01   -0.30828E-03
         0.00000E+00    0.51658E-01    0.00000E+00


   STEP NUMBER =  1   SOURCE VALUE =  0.1000E+00

     Number of iterations taken for convergence.. =  3
     The Euclidean norm of the solution error ... =  0.1320E-03
     The CONVERGED solution is:

         0.00000E+00    0.00000E+00   -0.16535E-02   -0.42964E-05
         0.10256E-01   -0.16163E-02   -0.78661E-05    0.20063E-01
        -0.15113E-02   -0.10164E-04    0.29026E-01   -0.13481E-02
        -0.10880E-04    0.36813E-01   -0.11366E-02   -0.99550E-05
         0.43152E-01   -0.88628E-03   -0.75624E-05    0.47831E-01
        -0.60697E-03   -0.40736E-05    0.50699E-01   -0.30832E-03
         0.00000E+00    0.51665E-01    0.00000E+00

     Iteration Number =  1     Error=  0.5000E+00

         0.00000E+00    0.00000E+00   -0.33070E-02   -0.85939E-05
         0.20512E-01   -0.32327E-02   -0.15734E-04    0.40125E-01
        -0.30226E-02   -0.20331E-04    0.58052E-01   -0.26963E-02
        -0.21764E-04    0.73626E-01   -0.22731E-02   -0.19913E-04
         0.86304E-01   -0.17726E-02   -0.15127E-04    0.95662E-01
        -0.12139E-02   -0.81483E-05    0.10140E+00   -0.61664E-03
         0.00000E+00    0.10333E+00    0.00000E+00

     Iteration Number =  2     Error=  0.2403E-01

         0.00000E+00    0.00000E+00   -0.32306E-02   -0.16794E-04
         0.20037E-01   -0.31577E-02   -0.30744E-04    0.39193E-01
        -0.29521E-02   -0.39721E-04    0.56699E-01   -0.26328E-02
        -0.42516E-04    0.71905E-01   -0.22192E-02   -0.38896E-04
         0.84281E-01   -0.17303E-02   -0.29545E-04    0.93415E-01
        -0.11848E-02   -0.15914E-04    0.99012E-01   -0.60181E-03
         0.00000E+00    0.10090E+00    0.00000E+00

     Iteration Number =  3     Error=  0.1452E-02

         0.00000E+00    0.00000E+00   -0.32352E-02   -0.16432E-04
         0.20066E-01   -0.31623E-02   -0.30080E-04    0.39249E-01
        -0.29563E-02   -0.38858E-04    0.56781E-01   -0.26367E-02
        -0.41588E-04    0.72009E-01   -0.22225E-02   -0.38043E-04
         0.84403E-01   -0.17328E-02   -0.28895E-04    0.93551E-01
        -0.11866E-02   -0.15563E-04    0.99157E-01   -0.60271E-03
         0.00000E+00    0.10104E+00    0.00000E+00


   STEP NUMBER =  2   SOURCE VALUE =  0.2000E+00

     Number of iterations taken for convergence.. =  4
     The Euclidean norm of the solution error ... =  0.8696E-04
     The CONVERGED solution is:

         0.00000E+00    0.00000E+00   -0.32350E-02   -0.16454E-04
         0.20064E-01   -0.31620E-02   -0.30120E-04    0.39246E-01
        -0.29561E-02   -0.38910E-04    0.56776E-01   -0.26365E-02
        -0.41644E-04    0.72003E-01   -0.22223E-02   -0.38095E-04
         0.84396E-01   -0.17327E-02   -0.28935E-04    0.93543E-01
        -0.11865E-02   -0.15585E-04    0.99148E-01   -0.60265E-03
         0.00000E+00    0.10104E+00    0.00000E+00

     Iteration Number =  1     Error=  0.3333E+00

         0.00000E+00    0.00000E+00   -0.48525E-02   -0.24680E-04
         0.30096E-01   -0.47430E-02   -0.45177E-04    0.58869E-01
        -0.44341E-02   -0.58361E-04    0.85164E-01   -0.39547E-02
        -0.62461E-04    0.10801E+00   -0.33335E-02   -0.57137E-04
         0.12659E+00   -0.25990E-02   -0.43399E-04    0.14031E+00
        -0.17797E-02   -0.23375E-04    0.14872E+00   -0.90398E-03
         0.00000E+00    0.15155E+00    0.00000E+00

     Iteration Number =  2     Error=  0.3745E-01

         0.00000E+00    0.00000E+00   -0.46800E-02   -0.35715E-04
         0.29023E-01   -0.45739E-02   -0.65368E-04    0.56766E-01
        -0.42750E-02   -0.84429E-04    0.82112E-01   -0.38116E-02
        -0.90343E-04    0.10412E+00   -0.32119E-02   -0.82630E-04
         0.12203E+00   -0.25036E-02   -0.62754E-04    0.13524E+00
        -0.17141E-02   -0.33798E-04    0.14334E+00   -0.87051E-03
         0.00000E+00    0.14607E+00    0.00000E+00

     Iteration Number =  3     Error=  0.4607E-02

         0.00000E+00    0.00000E+00   -0.47013E-02   -0.34612E-04
         0.29156E-01   -0.45948E-02   -0.63340E-04    0.57026E-01
        -0.42946E-02   -0.81797E-04    0.82489E-01   -0.38293E-02
        -0.87513E-04    0.10460E+00   -0.32269E-02   -0.80031E-04
         0.12259E+00   -0.25154E-02   -0.60774E-04    0.13587E+00
        -0.17222E-02   -0.32729E-04    0.14401E+00   -0.87466E-03
         0.00000E+00    0.14675E+00    0.00000E+00


   STEP NUMBER =  3   SOURCE VALUE =  0.3000E+00

     Number of iterations taken for convergence.. =  4
     The Euclidean norm of the solution error ... =  0.5629E-03
     The CONVERGED solution is:

         0.00000E+00    0.00000E+00   -0.46987E-02   -0.34749E-04
         0.29140E-01   -0.45923E-02   -0.63592E-04    0.56994E-01
        -0.42922E-02   -0.82124E-04    0.82443E-01   -0.38271E-02
        -0.87865E-04    0.10454E+00   -0.32251E-02   -0.80354E-04
         0.12253E+00   -0.25139E-02   -0.61020E-04    0.13579E+00
        -0.17212E-02   -0.32862E-04    0.14392E+00   -0.87415E-03
         0.00000E+00    0.14666E+00    0.00000E+00

     Iteration Number =  1     Error=  0.2501E+00

         0.00000E+00    0.00000E+00   -0.62654E-02   -0.46310E-04
         0.38855E-01   -0.61234E-02   -0.84749E-04    0.75997E-01
        -0.57234E-02   -0.10945E-03    0.10993E+00   -0.51032E-02
        -0.11710E-03    0.13940E+00   -0.43004E-02   -0.10709E-03
         0.16338E+00   -0.33522E-02   -0.81320E-04    0.18107E+00
        -0.22951E-02   -0.43794E-04    0.19191E+00   -0.11656E-02
         0.00000E+00    0.19556E+00    0.00000E+00

     Iteration Number =  2     Error=  0.4754E-01

         0.00000E+00    0.00000E+00   -0.59855E-02   -0.59018E-04
         0.37115E-01   -0.58491E-02   -0.10798E-03    0.72584E-01
        -0.54651E-02   -0.13942E-03    0.10498E+00   -0.48710E-02
        -0.14912E-03    0.13310E+00   -0.41031E-02   -0.13635E-03
         0.15597E+00   -0.31973E-02   -0.10352E-03    0.17284E+00
        -0.21885E-02   -0.55746E-04    0.18318E+00   -0.11113E-02
         0.00000E+00    0.18666E+00    0.00000E+00

     Iteration Number =  3     Error=  0.9204E-02

         0.00000E+00    0.00000E+00   -0.60402E-02   -0.56915E-04
         0.37455E-01   -0.59026E-02   -0.10412E-03    0.73251E-01
        -0.55155E-02   -0.13440E-03    0.10595E+00   -0.49163E-02
        -0.14373E-03    0.13433E+00   -0.41417E-02   -0.13140E-03
         0.15742E+00   -0.32276E-02   -0.99753E-04    0.17445E+00
        -0.22094E-02   -0.53711E-04    0.18489E+00   -0.11219E-02
         0.00000E+00    0.18840E+00    0.00000E+00

     Iteration Number =  4     Error=  0.1781E-02

         0.00000E+00    0.00000E+00   -0.60296E-02   -0.57330E-04
         0.37389E-01   -0.58923E-02   -0.10488E-03    0.73122E-01
        -0.55058E-02   -0.13539E-03    0.10576E+00   -0.49076E-02
        -0.14480E-03    0.13409E+00   -0.41343E-02   -0.13238E-03
         0.15714E+00   -0.32218E-02   -0.10050E-03    0.17414E+00
        -0.22053E-02   -0.54113E-04    0.18456E+00   -0.11199E-02
         0.00000E+00    0.18806E+00    0.00000E+00


   STEP NUMBER =  4   SOURCE VALUE =  0.4000E+00

     Number of iterations taken for convergence.. =  5
     The Euclidean norm of the solution error ... =  0.3447E-03
     The CONVERGED solution is:

         0.00000E+00    0.00000E+00   -0.60317E-02   -0.57250E-04
         0.37402E-01   -0.58943E-02   -0.10473E-03    0.73147E-01
        -0.55077E-02   -0.13520E-03    0.10579E+00   -0.49093E-02
        -0.14459E-03    0.13414E+00   -0.41357E-02   -0.13219E-03
         0.15719E+00   -0.32229E-02   -0.10035E-03    0.17420E+00
        -0.22061E-02   -0.54036E-04    0.18462E+00   -0.11203E-02
         0.00000E+00    0.18813E+00    0.00000E+00

     Iteration Number =  1     Error=  0.1999E+00

         0.00000E+00    0.00000E+00   -0.75391E-02   -0.71582E-04
         0.46749E-01   -0.73674E-02   -0.13095E-03    0.91428E-01
        -0.68841E-02   -0.16905E-03    0.13223E+00   -0.61362E-02
        -0.18079E-03    0.16766E+00   -0.51693E-02   -0.16528E-03
         0.19648E+00   -0.40283E-02   -0.12548E-03    0.21774E+00
        -0.27575E-02   -0.67564E-04    0.23076E+00   -0.14003E-02
         0.00000E+00    0.23515E+00    0.00000E+00

     Iteration Number =  2     Error=  0.5440E-01

         0.00000E+00    0.00000E+00   -0.71565E-02   -0.84974E-04
         0.44370E-01   -0.69923E-02   -0.15541E-03    0.86761E-01
        -0.65310E-02   -0.20057E-03    0.12546E+00   -0.58187E-02
        -0.21444E-03    0.15905E+00   -0.48996E-02   -0.19599E-03
         0.18635E+00   -0.38167E-02   -0.14877E-03    0.20649E+00
        -0.26118E-02   -0.80093E-04    0.21882E+00   -0.13260E-02
         0.00000E+00    0.22297E+00    0.00000E+00

     Iteration Number =  3     Error=  0.1442E-01

         0.00000E+00    0.00000E+00   -0.72593E-02   -0.81848E-04
         0.45009E-01   -0.70931E-02   -0.14967E-03    0.88015E-01
        -0.66259E-02   -0.19312E-03    0.12728E+00   -0.59041E-02
        -0.20643E-03    0.16136E+00   -0.49722E-02   -0.18864E-03
         0.18907E+00   -0.38737E-02   -0.14317E-03    0.20951E+00
        -0.26510E-02   -0.77073E-04    0.22203E+00   -0.13460E-02
         0.00000E+00    0.22625E+00    0.00000E+00

     Iteration Number =  4     Error=  0.3856E-02

         0.00000E+00    0.00000E+00   -0.72319E-02   -0.82701E-04
         0.44839E-01   -0.70662E-02   -0.15124E-03    0.87681E-01
        -0.66007E-02   -0.19515E-03    0.12680E+00   -0.58813E-02
        -0.20862E-03    0.16074E+00   -0.49528E-02   -0.19065E-03
         0.18835E+00   -0.38585E-02   -0.14470E-03    0.20871E+00
        -0.26406E-02   -0.77899E-04    0.22118E+00   -0.13407E-02
         0.00000E+00    0.22538E+00    0.00000E+00

     Iteration Number =  5     Error=  0.1029E-02

         0.00000E+00    0.00000E+00   -0.72392E-02   -0.82475E-04
         0.44884E-01   -0.70734E-02   -0.15082E-03    0.87770E-01
        -0.66074E-02   -0.19461E-03    0.12693E+00   -0.58874E-02
        -0.20804E-03    0.16091E+00   -0.49580E-02   -0.19012E-03
         0.18854E+00   -0.38625E-02   -0.14429E-03    0.20892E+00
        -0.26434E-02   -0.77680E-04    0.22140E+00   -0.13421E-02
         0.00000E+00    0.22561E+00    0.00000E+00


   STEP NUMBER =  5   SOURCE VALUE =  0.5000E+00

     Number of iterations taken for convergence.. =  6
     The Euclidean norm of the solution error ... =  0.2748E-03
     The CONVERGED solution is:

         0.00000E+00    0.00000E+00   -0.72373E-02   -0.82536E-04
         0.44872E-01   -0.70715E-02   -0.15094E-03    0.87747E-01
        -0.66056E-02   -0.19476E-03    0.12689E+00   -0.58858E-02
        -0.20820E-03    0.16086E+00   -0.49566E-02   -0.19026E-03
         0.18849E+00   -0.38615E-02   -0.14440E-03    0.20886E+00
        -0.26426E-02   -0.77739E-04    0.22134E+00   -0.13418E-02
         0.00000E+00    0.22555E+00    0.00000E+00

     Iteration Number =  1     Error=  0.1667E+00

         0.00000E+00    0.00000E+00   -0.86854E-02   -0.99023E-04
         0.53851E-01   -0.84864E-02   -0.18109E-03    0.10530E+00
        -0.79273E-02   -0.23366E-03    0.15228E+00   -0.70635E-02
        -0.24979E-03    0.19305E+00   -0.59484E-02   -0.22827E-03
         0.22620E+00   -0.46341E-02   -0.17325E-03    0.25065E+00
        -0.31714E-02   -0.93267E-04    0.26563E+00   -0.16102E-02
         0.00000E+00    0.27068E+00    0.00000E+00

     Iteration Number =  2     Error=  0.5874E-01

         0.00000E+00    0.00000E+00   -0.82117E-02   -0.11242E-03
         0.50905E-01   -0.80220E-02   -0.20553E-03    0.99527E-01
        -0.74902E-02   -0.26511E-03    0.14390E+00   -0.66705E-02
        -0.28331E-03    0.18239E+00   -0.56146E-02   -0.25884E-03
         0.21367E+00   -0.43721E-02   -0.19641E-03    0.23673E+00
        -0.29911E-02   -0.10572E-03    0.25085E+00   -0.15184E-02
         0.00000E+00    0.25561E+00    0.00000E+00

     Iteration Number =  3     Error=  0.1959E-01

         0.00000E+00    0.00000E+00   -0.83727E-02   -0.10841E-03
         0.51906E-01   -0.81798E-02   -0.19816E-03    0.10149E+00
        -0.76388E-02   -0.25556E-03    0.14675E+00   -0.68042E-02
        -0.27305E-03    0.18601E+00   -0.57282E-02   -0.24942E-03
         0.21793E+00   -0.44613E-02   -0.18923E-03    0.24147E+00
        -0.30525E-02   -0.10185E-03    0.25588E+00   -0.15497E-02
         0.00000E+00    0.26073E+00    0.00000E+00

     Iteration Number =  4     Error=  0.6669E-02

         0.00000E+00    0.00000E+00   -0.83183E-02   -0.10980E-03
         0.51567E-01   -0.81265E-02   -0.20072E-03    0.10083E+00
        -0.75886E-02   -0.25888E-03    0.14579E+00   -0.67590E-02
        -0.27662E-03    0.18479E+00   -0.56898E-02   -0.25269E-03
         0.21649E+00   -0.44311E-02   -0.19173E-03    0.23986E+00
        -0.30317E-02   -0.10320E-03    0.25418E+00   -0.15391E-02
         0.00000E+00    0.25900E+00    0.00000E+00

     Iteration Number =  5     Error=  0.2255E-02

         0.00000E+00    0.00000E+00   -0.83367E-02   -0.10933E-03
         0.51682E-01   -0.81445E-02   -0.19986E-03    0.10105E+00
        -0.76056E-02   -0.25776E-03    0.14611E+00   -0.67743E-02
        -0.27542E-03    0.18520E+00   -0.57028E-02   -0.25159E-03
         0.21698E+00   -0.44414E-02   -0.19089E-03    0.24041E+00
        -0.30388E-02   -0.10275E-03    0.25476E+00   -0.15427E-02
         0.00000E+00    0.25959E+00    0.00000E+00


   STEP NUMBER =  6   SOURCE VALUE =  0.6000E+00

     Number of iterations taken for convergence.. =  6
     The Euclidean norm of the solution error ... =  0.7642E-03
     The CONVERGED solution is:

         0.00000E+00    0.00000E+00   -0.83305E-02   -0.10949E-03
         0.51643E-01   -0.81384E-02   -0.20015E-03    0.10098E+00
        -0.75998E-02   -0.25814E-03    0.14600E+00   -0.67691E-02
        -0.27583E-03    0.18506E+00   -0.56984E-02   -0.25197E-03
         0.21681E+00   -0.44379E-02   -0.19118E-03    0.24022E+00
        -0.30364E-02   -0.10290E-03    0.25456E+00   -0.15415E-02
         0.00000E+00    0.25939E+00    0.00000E+00

     Iteration Number =  1     Error=  0.1431E+00

         0.00000E+00    0.00000E+00   -0.97214E-02   -0.12768E-03
         0.60266E-01   -0.94972E-02   -0.23339E-03    0.11783E+00
        -0.88687E-02   -0.30101E-03    0.17038E+00   -0.78993E-02
        -0.32164E-03    0.21596E+00   -0.66499E-02   -0.29381E-03
         0.25301E+00   -0.51789E-02   -0.22293E-03    0.28033E+00
        -0.35434E-02   -0.11999E-03    0.29706E+00   -0.17988E-02
         0.00000E+00    0.30270E+00    0.00000E+00

     Iteration Number =  2     Error=  0.6123E-01

         0.00000E+00    0.00000E+00   -0.91704E-02   -0.14063E-03
         0.56839E-01   -0.89570E-02   -0.25700E-03    0.11111E+00
        -0.83603E-02   -0.33135E-03    0.16063E+00   -0.74422E-02
        -0.35393E-03    0.20355E+00   -0.62616E-02   -0.32321E-03
         0.23843E+00   -0.48742E-02   -0.24518E-03    0.26414E+00
        -0.33337E-02   -0.13195E-03    0.27987E+00   -0.16920E-02
         0.00000E+00    0.28517E+00    0.00000E+00

     Iteration Number =  3     Error=  0.2435E-01

         0.00000E+00    0.00000E+00   -0.93947E-02   -0.13595E-03
         0.58235E-01   -0.91770E-02   -0.24841E-03    0.11385E+00
        -0.85674E-02   -0.32020E-03    0.16460E+00   -0.76286E-02
        -0.34196E-03    0.20861E+00   -0.64200E-02   -0.31223E-03
         0.24437E+00   -0.49986E-02   -0.23682E-03    0.27074E+00
        -0.34193E-02   -0.12744E-03    0.28688E+00   -0.17356E-02
         0.00000E+00    0.29232E+00    0.00000E+00

     Iteration Number =  4     Error=  0.9990E-02

         0.00000E+00    0.00000E+00   -0.93036E-02   -0.13790E-03
         0.57668E-01   -0.90876E-02   -0.25199E-03    0.11274E+00
        -0.84833E-02   -0.32486E-03    0.16299E+00   -0.75529E-02
        -0.34696E-03    0.20656E+00   -0.63556E-02   -0.31682E-03
         0.24196E+00   -0.49480E-02   -0.24031E-03    0.26806E+00
        -0.33845E-02   -0.12932E-03    0.28403E+00   -0.17179E-02
         0.00000E+00    0.28941E+00    0.00000E+00

     Iteration Number =  5     Error=  0.4048E-02

         0.00000E+00    0.00000E+00   -0.93407E-02   -0.13712E-03
         0.57898E-01   -0.91240E-02   -0.25055E-03    0.11319E+00
        -0.85175E-02   -0.32299E-03    0.16364E+00   -0.75837E-02
        -0.34495E-03    0.20739E+00   -0.63818E-02   -0.31498E-03
         0.24294E+00   -0.49686E-02   -0.23891E-03    0.26915E+00
        -0.33987E-02   -0.12857E-03    0.28519E+00   -0.17251E-02
         0.00000E+00    0.29059E+00    0.00000E+00

     Iteration Number =  6     Error=  0.1649E-02

         0.00000E+00    0.00000E+00   -0.93256E-02   -0.13744E-03
         0.57805E-01   -0.91092E-02   -0.25114E-03    0.11301E+00
        -0.85036E-02   -0.32375E-03    0.16337E+00   -0.75711E-02
        -0.34577E-03    0.20705E+00   -0.63712E-02   -0.31573E-03
         0.24254E+00   -0.49602E-02   -0.23948E-03    0.26870E+00
        -0.33929E-02   -0.12888E-03    0.28472E+00   -0.17222E-02
         0.00000E+00    0.29011E+00    0.00000E+00


   STEP NUMBER =  7   SOURCE VALUE =  0.7000E+00

     Number of iterations taken for convergence.. =  7
     The Euclidean norm of the solution error ... =  0.6702E-03
     The CONVERGED solution is:

         0.00000E+00    0.00000E+00   -0.93317E-02   -0.13731E-03
         0.57843E-01   -0.91152E-02   -0.25090E-03    0.11308E+00
        -0.85092E-02   -0.32344E-03    0.16348E+00   -0.75762E-02
        -0.34544E-03    0.20719E+00   -0.63755E-02   -0.31543E-03
         0.24270E+00   -0.49636E-02   -0.23925E-03    0.26888E+00
        -0.33953E-02   -0.12875E-03    0.28491E+00   -0.17234E-02
         0.00000E+00    0.29031E+00    0.00000E+00

     Iteration Number =  1     Error=  0.1248E+00

         0.00000E+00    0.00000E+00   -0.10662E-01   -0.15698E-03
         0.66088E-01   -0.10415E-01   -0.28686E-03    0.12920E+00
        -0.97222E-02   -0.36979E-03    0.18679E+00   -0.86562E-02
        -0.39494E-03    0.23672E+00   -0.72843E-02   -0.36063E-03
         0.27730E+00   -0.56712E-02   -0.27354E-03    0.30721E+00
        -0.38792E-02   -0.14720E-03    0.32553E+00   -0.19690E-02
         0.00000E+00    0.33169E+00    0.00000E+00

     Iteration Number =  2     Error=  0.6210E-01

         0.00000E+00    0.00000E+00   -0.10050E-01   -0.16917E-03
         0.62282E-01   -0.98146E-02   -0.30903E-03    0.12174E+00
        -0.91575E-02   -0.39824E-03    0.17596E+00   -0.81485E-02
        -0.42517E-03    0.22294E+00   -0.68531E-02   -0.38811E-03
         0.26111E+00   -0.53328E-02   -0.29431E-03    0.28922E+00
        -0.36464E-02   -0.15835E-03    0.30643E+00   -0.18504E-02
         0.00000E+00    0.31223E+00    0.00000E+00

     Iteration Number =  3     Error=  0.2838E-01

         0.00000E+00    0.00000E+00   -0.10338E-01   -0.16407E-03
         0.64071E-01   -0.10097E-01   -0.29967E-03    0.12525E+00
        -0.94230E-02   -0.38611E-03    0.18105E+00   -0.83874E-02
        -0.41215E-03    0.22942E+00   -0.70561E-02   -0.37616E-03
         0.26872E+00   -0.54922E-02   -0.28521E-03    0.29769E+00
        -0.37561E-02   -0.15345E-03    0.31542E+00   -0.19063E-02
         0.00000E+00    0.32139E+00    0.00000E+00

     Iteration Number =  4     Error=  0.1352E-01

         0.00000E+00    0.00000E+00   -0.10202E-01   -0.16653E-03
         0.63230E-01   -0.99641E-02   -0.30419E-03    0.12360E+00
        -0.92982E-02   -0.39196E-03    0.17866E+00   -0.82751E-02
        -0.41844E-03    0.22638E+00   -0.69607E-02   -0.38194E-03
         0.26514E+00   -0.54173E-02   -0.28962E-03    0.29371E+00
        -0.37045E-02   -0.15583E-03    0.31119E+00   -0.18800E-02
         0.00000E+00    0.31708E+00    0.00000E+00

     Iteration Number =  5     Error=  0.6318E-02

         0.00000E+00    0.00000E+00   -0.10266E-01   -0.16539E-03
         0.63626E-01   -0.10026E-01   -0.30210E-03    0.12437E+00
        -0.93569E-02   -0.38925E-03    0.17978E+00   -0.83279E-02
        -0.41552E-03    0.22781E+00   -0.70055E-02   -0.37926E-03
         0.26683E+00   -0.54525E-02   -0.28758E-03    0.29558E+00
        -0.37288E-02   -0.15473E-03    0.31318E+00   -0.18924E-02
         0.00000E+00    0.31911E+00    0.00000E+00

     Iteration Number =  6     Error=  0.2979E-02

         0.00000E+00    0.00000E+00   -0.10236E-01   -0.16593E-03
         0.63440E-01   -0.99971E-02   -0.30309E-03    0.12401E+00
        -0.93293E-02   -0.39053E-03    0.17925E+00   -0.83031E-02
        -0.41690E-03    0.22714E+00   -0.69844E-02   -0.38053E-03
         0.26604E+00   -0.54359E-02   -0.28854E-03    0.29470E+00
        -0.37174E-02   -0.15525E-03    0.31225E+00   -0.18866E-02
         0.00000E+00    0.31815E+00    0.00000E+00

     Iteration Number =  7     Error=  0.1399E-02

         0.00000E+00    0.00000E+00   -0.10250E-01   -0.16568E-03
         0.63527E-01   -0.10011E-01   -0.30262E-03    0.12418E+00
        -0.93423E-02   -0.38993E-03    0.17950E+00   -0.83148E-02
        -0.41626E-03    0.22745E+00   -0.69944E-02   -0.37994E-03
         0.26641E+00   -0.54437E-02   -0.28809E-03    0.29511E+00
        -0.37228E-02   -0.15500E-03    0.31269E+00   -0.18893E-02
         0.00000E+00    0.31860E+00    0.00000E+00


   STEP NUMBER =  8   SOURCE VALUE =  0.8000E+00

     Number of iterations taken for convergence.. =  8
     The Euclidean norm of the solution error ... =  0.6582E-03
     The CONVERGED solution is:

         0.00000E+00    0.00000E+00   -0.10244E-01   -0.16580E-03
         0.63486E-01   -0.10004E-01   -0.30284E-03    0.12410E+00
        -0.93362E-02   -0.39021E-03    0.17938E+00   -0.83093E-02
        -0.41656E-03    0.22731E+00   -0.69897E-02   -0.38022E-03
         0.26623E+00   -0.54401E-02   -0.28830E-03    0.29492E+00
        -0.37202E-02   -0.15512E-03    0.31248E+00   -0.18880E-02
         0.00000E+00    0.31839E+00    0.00000E+00

     Iteration Number =  1     Error=  0.1114E+00

         0.00000E+00    0.00000E+00   -0.11528E-01   -0.18646E-03
         0.71443E-01   -0.11258E-01   -0.34058E-03    0.13966E+00
        -0.10506E-01   -0.43884E-03    0.20187E+00   -0.93508E-02
        -0.46847E-03    0.25580E+00   -0.78659E-02   -0.42759E-03
         0.29960E+00   -0.61220E-02   -0.32423E-03    0.33189E+00
        -0.41866E-02   -0.17445E-03    0.35165E+00   -0.21247E-02
         0.00000E+00    0.35830E+00    0.00000E+00

     Iteration Number =  2     Error=  0.6258E-01

         0.00000E+00    0.00000E+00   -0.10862E-01   -0.19783E-03
         0.67301E-01   -0.10605E-01   -0.36124E-03    0.13153E+00
        -0.98918E-02   -0.46529E-03    0.19008E+00   -0.87984E-02
        -0.49652E-03    0.24080E+00   -0.73966E-02   -0.45304E-03
         0.28198E+00   -0.57538E-02   -0.34344E-03    0.31231E+00
        -0.39332E-02   -0.18475E-03    0.33087E+00   -0.19956E-02
         0.00000E+00    0.33712E+00    0.00000E+00

     Iteration Number =  3     Error=  0.3202E-01

         0.00000E+00    0.00000E+00   -0.11213E-01   -0.19249E-03
         0.69489E-01   -0.10950E-01   -0.35143E-03    0.13582E+00
        -0.10217E-01   -0.45258E-03    0.19631E+00   -0.90905E-02
        -0.48288E-03    0.24873E+00   -0.76449E-02   -0.44054E-03
         0.29130E+00   -0.59488E-02   -0.33393E-03    0.32266E+00
        -0.40675E-02   -0.17963E-03    0.34186E+00   -0.20640E-02
         0.00000E+00    0.34832E+00    0.00000E+00

     Iteration Number =  4     Error=  0.1724E-01

         0.00000E+00    0.00000E+00   -0.11027E-01   -0.19539E-03
         0.68331E-01   -0.10768E-01   -0.35676E-03    0.13355E+00
        -0.10045E-01   -0.45949E-03    0.19301E+00   -0.89359E-02
        -0.49030E-03    0.24453E+00   -0.75135E-02   -0.44735E-03
         0.28637E+00   -0.58456E-02   -0.33911E-03    0.31718E+00
        -0.39964E-02   -0.18242E-03    0.33604E+00   -0.20278E-02
         0.00000E+00    0.34239E+00    0.00000E+00

     Iteration Number =  5     Error=  0.9035E-02

         0.00000E+00    0.00000E+00   -0.11126E-01   -0.19388E-03
         0.68943E-01   -0.10864E-01   -0.35399E-03    0.13475E+00
        -0.10136E-01   -0.45589E-03    0.19476E+00   -0.90177E-02
        -0.48644E-03    0.24675E+00   -0.75830E-02   -0.44381E-03
         0.28897E+00   -0.59002E-02   -0.33641E-03    0.32008E+00
        -0.40340E-02   -0.18097E-03    0.33912E+00   -0.20470E-02
         0.00000E+00    0.34553E+00    0.00000E+00

     Iteration Number =  6     Error=  0.4803E-02

         0.00000E+00    0.00000E+00   -0.11073E-01   -0.19469E-03
         0.68620E-01   -0.10813E-01   -0.35547E-03    0.13412E+00
        -0.10088E-01   -0.45781E-03    0.19383E+00   -0.89744E-02
        -0.48850E-03    0.24558E+00   -0.75463E-02   -0.44570E-03
         0.28759E+00   -0.58713E-02   -0.33785E-03    0.31855E+00
        -0.40141E-02   -0.18174E-03    0.33749E+00   -0.20369E-02
         0.00000E+00    0.34387E+00    0.00000E+00

     Iteration Number =  7     Error=  0.2535E-02

         0.00000E+00    0.00000E+00   -0.11101E-01   -0.19426E-03
         0.68791E-01   -0.10840E-01   -0.35469E-03    0.13445E+00
        -0.10113E-01   -0.45680E-03    0.19432E+00   -0.89973E-02
        -0.48741E-03    0.24620E+00   -0.75657E-02   -0.44470E-03
         0.28832E+00   -0.58866E-02   -0.33710E-03    0.31936E+00
        -0.40246E-02   -0.18133E-03    0.33835E+00   -0.20422E-02
         0.00000E+00    0.34475E+00    0.00000E+00

     Iteration Number =  8     Error=  0.1343E-02

         0.00000E+00    0.00000E+00   -0.11086E-01   -0.19449E-03
         0.68700E-01   -0.10826E-01   -0.35510E-03    0.13428E+00
        -0.10100E-01   -0.45734E-03    0.19406E+00   -0.89852E-02
        -0.48799E-03    0.24587E+00   -0.75554E-02   -0.44523E-03
         0.28794E+00   -0.58785E-02   -0.33750E-03    0.31893E+00
        -0.40190E-02   -0.18155E-03    0.33790E+00   -0.20394E-02
         0.00000E+00    0.34428E+00    0.00000E+00


   STEP NUMBER =  9   SOURCE VALUE =  0.9000E+00

     Number of iterations taken for convergence.. =  9
     The Euclidean norm of the solution error ... =  0.7099E-03
     The CONVERGED solution is:

         0.00000E+00    0.00000E+00   -0.11094E-01   -0.19437E-03
         0.68748E-01   -0.10834E-01   -0.35488E-03    0.13437E+00
        -0.10107E-01   -0.45705E-03    0.19420E+00   -0.89916E-02
        -0.48769E-03    0.24604E+00   -0.75609E-02   -0.44495E-03
         0.28814E+00   -0.58827E-02   -0.33728E-03    0.31915E+00
        -0.40220E-02   -0.18144E-03    0.33814E+00   -0.20409E-02
         0.00000E+00    0.34453E+00    0.00000E+00

     Iteration Number =  1     Error=  0.9966E-01

         0.00000E+00    0.00000E+00   -0.12322E-01   -0.21603E-03
         0.76359E-01   -0.12033E-01   -0.39444E-03    0.14924E+00
        -0.11225E-01   -0.50800E-03    0.21570E+00   -0.99869E-02
        -0.54205E-03    0.27328E+00   -0.83978E-02   -0.49456E-03
         0.32004E+00   -0.65339E-02   -0.37489E-03    0.35448E+00
        -0.44672E-02   -0.20166E-03    0.37557E+00   -0.22668E-02
         0.00000E+00    0.38266E+00    0.00000E+00

     Iteration Number =  2     Error=  0.6179E-01

         0.00000E+00    0.00000E+00   -0.11619E-01   -0.22641E-03
         0.71986E-01   -0.11344E-01   -0.41325E-03    0.14067E+00
        -0.10577E-01   -0.53201E-03    0.20326E+00   -0.94038E-02
        -0.56745E-03    0.25745E+00   -0.79025E-02   -0.51756E-03
         0.30143E+00   -0.61452E-02   -0.39222E-03    0.33382E+00
        -0.41997E-02   -0.21096E-03    0.35364E+00   -0.21305E-02
         0.00000E+00    0.36030E+00    0.00000E+00

     Iteration Number =  3     Error=  0.3474E-01

         0.00000E+00    0.00000E+00   -0.12028E-01   -0.22106E-03
         0.74530E-01   -0.11745E-01   -0.40343E-03    0.14566E+00
        -0.10954E-01   -0.51930E-03    0.21050E+00   -0.97435E-02
        -0.55382E-03    0.26667E+00   -0.81913E-02   -0.50506E-03
         0.31227E+00   -0.63720E-02   -0.38271E-03    0.34586E+00
        -0.43559E-02   -0.20583E-03    0.36641E+00   -0.22101E-02
         0.00000E+00    0.37333E+00    0.00000E+00

     Iteration Number =  4     Error=  0.2070E-01

         0.00000E+00    0.00000E+00   -0.11790E-01   -0.22425E-03
         0.73045E-01   -0.11510E-01   -0.40930E-03    0.14275E+00
        -0.10734E-01   -0.52692E-03    0.20627E+00   -0.95452E-02
        -0.56200E-03    0.26129E+00   -0.80227E-02   -0.51257E-03
         0.30594E+00   -0.62396E-02   -0.38843E-03    0.33883E+00
        -0.42647E-02   -0.20891E-03    0.35895E+00   -0.21636E-02
         0.00000E+00    0.36573E+00    0.00000E+00

     Iteration Number =  5     Error=  0.1193E-01

         0.00000E+00    0.00000E+00   -0.11929E-01   -0.22242E-03
         0.73911E-01   -0.11647E-01   -0.40594E-03    0.14445E+00
        -0.10863E-01   -0.52255E-03    0.20874E+00   -0.96608E-02
        -0.55731E-03    0.26442E+00   -0.81210E-02   -0.50827E-03
         0.30963E+00   -0.63168E-02   -0.38515E-03    0.34293E+00
        -0.43179E-02   -0.20715E-03    0.36330E+00   -0.21907E-02
         0.00000E+00    0.37016E+00    0.00000E+00

     Iteration Number =  6     Error=  0.7009E-02

         0.00000E+00    0.00000E+00   -0.11848E-01   -0.22350E-03
         0.73406E-01   -0.11567E-01   -0.40792E-03    0.14345E+00
        -0.10787E-01   -0.52512E-03    0.20730E+00   -0.95933E-02
        -0.56007E-03    0.26259E+00   -0.80637E-02   -0.51080E-03
         0.30748E+00   -0.62718E-02   -0.38708E-03    0.34054E+00
        -0.42869E-02   -0.20819E-03    0.36076E+00   -0.21749E-02
         0.00000E+00    0.36757E+00    0.00000E+00

     Iteration Number =  7     Error=  0.4072E-02

         0.00000E+00    0.00000E+00   -0.11895E-01   -0.22287E-03
         0.73701E-01   -0.11614E-01   -0.40677E-03    0.14403E+00
        -0.10831E-01   -0.52363E-03    0.20814E+00   -0.96327E-02
        -0.55847E-03    0.26366E+00   -0.80971E-02   -0.50933E-03
         0.30873E+00   -0.62981E-02   -0.38597E-03    0.34193E+00
        -0.43050E-02   -0.20758E-03    0.36225E+00   -0.21841E-02
         0.00000E+00    0.36908E+00    0.00000E+00

     Iteration Number =  8     Error=  0.2381E-02

         0.00000E+00    0.00000E+00   -0.11867E-01   -0.22324E-03
         0.73529E-01   -0.11587E-01   -0.40744E-03    0.14370E+00
        -0.10806E-01   -0.52451E-03    0.20765E+00   -0.96097E-02
        -0.55941E-03    0.26304E+00   -0.80776E-02   -0.51019E-03
         0.30800E+00   -0.62827E-02   -0.38662E-03    0.34112E+00
        -0.42944E-02   -0.20794E-03    0.36138E+00   -0.21788E-02
         0.00000E+00    0.36820E+00    0.00000E+00

     Iteration Number =  9     Error=  0.1387E-02

         0.00000E+00    0.00000E+00   -0.11883E-01   -0.22303E-03
         0.73629E-01   -0.11603E-01   -0.40705E-03    0.14389E+00
        -0.10821E-01   -0.52400E-03    0.20793E+00   -0.96231E-02
        -0.55886E-03    0.26340E+00   -0.80890E-02   -0.50969E-03
         0.30843E+00   -0.62917E-02   -0.38624E-03    0.34159E+00
        -0.43006E-02   -0.20773E-03    0.36189E+00   -0.21819E-02
         0.00000E+00    0.36872E+00    0.00000E+00


   STEP NUMBER = 10   SOURCE VALUE =  0.1000E+01

     Number of iterations taken for convergence.. = 10
     The Euclidean norm of the solution error ... =  0.8101E-03
     The CONVERGED solution is:

         0.00000E+00    0.00000E+00   -0.11874E-01   -0.22315E-03
         0.73570E-01   -0.11593E-01   -0.40728E-03    0.14378E+00
        -0.10812E-01   -0.52429E-03    0.20777E+00   -0.96153E-02
        -0.55918E-03    0.26319E+00   -0.80823E-02   -0.50998E-03
         0.30818E+00   -0.62865E-02   -0.38646E-03    0.34131E+00
        -0.42970E-02   -0.20785E-03    0.36159E+00   -0.21801E-02
         0.00000E+00    0.36842E+00    0.00000E+00
