     *** ECHO OF THE INPUT DATA STARTS ***

Example 5.2.1: Nonlinear analysis of a hinged-hinged beam problem               
  2   0   8                        MODEL,IEL,NEM                                
  0.0  50.0                        X0,AL                                        
  1  1  30.0E06  0.3               B,H,E,GNIU                                   
                                                                                
  0.0  0.0  0.0                    FX0,FX1,FX2                                  
  10.0  0.0  0.0                    QX0,QX1,QX2                                 
  5   0   0                        NSPV,NSSV,NSMB                               
  1   1   0.0                       ISPV(1,1),ISPV(1,2),VSPV(1)                 
  1   2   0.0                       ISPV(1,1),ISPV(1,2),VSPV(1)                 
  1   3   0.0                       ISPV(1,1),ISPV(1,2),VSPV(1)                 
  9   1   0.0                       ISPV(2,1),ISPV(2,2),VSPV(2)                 
  9   3   0.0                       ISPV(3,1),ISPV(3,2),VSPV(3)                 
                                                                                
  1   0                            NONLIN,NPRNT                                 
  10   50  1.0E-03  0.0             NLS, ITMAX, EPS, GAMA                       
  2   1                            NGP, LGP                                     
  0.1 0.1 0.1 0.1 0.1                                                           
  0.1 0.1 0.1 0.1 0.1              DP(I)                                        
                                                                                
  0.0 0.0 0.0 0.0 0.0 0.0 0.0                                                   
  0.0 0.0 0.0 0.0 0.0 0.0 0.0                                                   
  0.0 0.0 0.0 0.0 0.0 0.0 0.0                                                   
  0.0 0.0 0.0 0.0 0.0 0.0          GP1(I)                                       

     **** ECHO OF THE INPUT DATA ENDS ****

________________________________________________________________________________
        Output from computer program  FEM1DBEAM              by J. N. Reddy
________________________________________________________________________________


Example 5.2.1: Nonlinear analysis of a hinged-hinged beam problem               

    *** ANALYSIS OF MODEL  2 PROBLEM ***
               (see the code below)

    MODEL=1: A problem described by MODEL EQ. 1
    MODEL=2: A Euler-Bernoulli BEAM problem
    MODEL=3: A Timoshenko BEAM problem


   P R O B L E M   D A T A:

     Coordinate of node 1 ....................... =   0.0000E+00
     Length of the beam ......................... =   0.5000E+02
     Width of cross-section for the beam, B ..... =   0.1000E+01
     Height of cross-section for the beam, H .... =   0.1000E+01
     Elastic modulus of the beam material, E .... =   0.3000E+08
     Axial stiffness for the beam, EA ........... =   0.3000E+08
     Bending stiffness for the beam, EI ......... =   0.2500E+07
     Coefficient of 1 in QX, QX0 ................ =   0.1000E+02
     Coefficient of x in QX, QX1 ................ =   0.0000E+00
     Coefficient of x*x in QX, QX2 .............. =   0.0000E+00
     Coefficient of 1 in FX, FX0 ................ =   0.0000E+00
     Coefficient of x in FX, FX1 ................ =   0.0000E+00
     Coefficient of x*x in FX, FX2 .............. =   0.0000E+00


   M E S H   D A T A:

     Number of elements in the mesh, NEM......... =    8
     Type of element(0:hermite;1:linear;2:quadratic;) .. =    0
     Number of nodes in the mesh, NNM ........... =    9
     Number of deg. of freedom per node, NDF..... =    3
     Number of total DOF in the model, NEQ....... =   27
     GLOBAL COORDINATES OF THE GLOBAL NODES ..... =

        0.0000E+00   0.6250E+01   0.1250E+02   0.1875E+02   0.2500E+02
        0.3125E+02   0.3750E+02   0.4375E+02   0.5000E+02

          CONNECTIVITY MATRIX:

              1    2
              2    3
              3    4
              4    5
              5    6
              6    7
              7    8
              8    9

   B O U N D A R Y   D A T A:

     Number of specified PRIMARY variables ...... =    5
     Specified PRIMARY degrees of freedom ....... :

              1    1   0.0000E+00
              1    2   0.0000E+00
              1    3   0.0000E+00
              9    1   0.0000E+00
              9    3   0.0000E+00

     *** NONLINEAR Analysis with DIRECT ITERATION ***


   NONLINEAR  A N A L Y S I S   D A T A:

     Number of load steps used, NLS ............. =   10
     Maximum allowable number of iterations ..... =   50
     Allowable convergence tolerance (EPS) ...... =   0.1000E-02
     Acceleration parameter:GAMA*GP2+(1-GAMA)*GP1 =   0.0000E+00

   INITIAL (GUESS) VECTOR:

     0.00000E+00  0.00000E+00  0.00000E+00  0.00000E+00  0.00000E+00  0.00000E+00  0.00000E+00  0.00000E+00  0.00000E+00  0.00000E+00  0.00000E+00  0.00000E+00  0.00000E+00  0.00000E+00  0.00000E+00  0.00000E+00  0.00000E+00  0.00000E+00  0.00000E+00  0.00000E+00  0.00000E+00  0.00000E+00  0.00000E+00  0.00000E+00

   INITIAL (GUESS) VECTOR:

     0.00000E+00  0.00000E+00  0.00000E+00

     First iteration solution at source value ... =  0.1000E+00

         0.00000E+00    0.00000E+00    0.00000E+00    0.00000E+00
         0.57220E-02   -0.17090E-02    0.00000E+00    0.19938E-01
        -0.27344E-02    0.00000E+00    0.38681E-01   -0.31738E-02
         0.00000E+00    0.58594E-01   -0.31250E-02    0.00000E+00
         0.76930E-01   -0.26855E-02    0.00000E+00    0.91553E-01
        -0.19531E-02    0.00000E+00    0.10094E+00   -0.10254E-02
         0.00000E+00    0.10417E+00    0.00000E+00

     Iteration Number =  1     Error=  0.1000E+01

         0.00000E+00    0.00000E+00    0.00000E+00    0.00000E+00
         0.57220E-02   -0.17090E-02    0.00000E+00    0.19938E-01
        -0.27344E-02    0.00000E+00    0.38681E-01   -0.31738E-02
         0.00000E+00    0.58594E-01   -0.31250E-02    0.00000E+00
         0.76930E-01   -0.26855E-02    0.00000E+00    0.91553E-01
        -0.19531E-02    0.00000E+00    0.10094E+00   -0.10254E-02
         0.00000E+00    0.10417E+00    0.00000E+00

     Iteration Number =  2     Error=  0.7739E-02

         0.00000E+00    0.00000E+00    0.00000E+00    0.13628E-04
         0.56884E-02   -0.16985E-02    0.13599E-04    0.19810E-01
        -0.27154E-02    0.16928E-05    0.38416E-01   -0.31497E-02
        -0.13730E-04    0.58171E-01   -0.30995E-02   -0.24250E-04
         0.76352E-01   -0.26625E-02   -0.24945E-04    0.90847E-01
        -0.19358E-02   -0.15575E-04    0.10015E+00   -0.10161E-02
         0.00000E+00    0.10335E+00    0.00000E+00


   STEP NUMBER =  1   SOURCE VALUE =  0.1000E+00

     Number of iterations taken for convergence.. =  3
     The Euclidean norm of the solution error ... =  0.1211E-03
     The CONVERGED solution is:

         0.00000E+00    0.00000E+00    0.00000E+00    0.13516E-04
         0.56890E-02   -0.16987E-02    0.13467E-04    0.19812E-01
        -0.27157E-02    0.16379E-05    0.38420E-01   -0.31501E-02
        -0.13663E-04    0.58177E-01   -0.30999E-02   -0.24087E-04
         0.76361E-01   -0.26629E-02   -0.24761E-04    0.90858E-01
        -0.19360E-02   -0.15455E-04    0.10016E+00   -0.10162E-02
         0.00000E+00    0.10336E+00    0.00000E+00

     Iteration Number =  1     Error=  0.5000E+00

         0.00000E+00    0.00000E+00    0.00000E+00    0.27035E-04
         0.11378E-01   -0.33974E-02    0.26938E-04    0.39625E-01
        -0.54315E-02    0.32776E-05    0.76840E-01   -0.63002E-02
        -0.27328E-04    0.11635E+00   -0.61998E-02   -0.48178E-04
         0.15272E+00   -0.53257E-02   -0.49527E-04    0.18171E+00
        -0.38721E-02   -0.30914E-04    0.20032E+00   -0.20325E-02
         0.00000E+00    0.20672E+00    0.00000E+00

     Iteration Number =  2     Error=  0.2265E-01

         0.00000E+00    0.00000E+00    0.00000E+00    0.52768E-04
         0.11185E-01   -0.33374E-02    0.52336E-04    0.38893E-01
        -0.53230E-02    0.59156E-05    0.75321E-01   -0.61620E-02
        -0.53874E-04    0.11393E+00   -0.60539E-02   -0.94450E-04
         0.14941E+00   -0.51937E-02   -0.96902E-04    0.17767E+00
        -0.37726E-02   -0.60429E-04    0.19579E+00   -0.19792E-02
         0.00000E+00    0.20202E+00    0.00000E+00

     Iteration Number =  3     Error=  0.1334E-02

         0.00000E+00    0.00000E+00    0.00000E+00    0.51573E-04
         0.11196E-01   -0.33409E-02    0.50927E-04    0.38936E-01
        -0.53293E-02    0.53409E-05    0.75410E-01   -0.61701E-02
        -0.53142E-04    0.11407E+00   -0.60626E-02   -0.92689E-04
         0.14961E+00   -0.52016E-02   -0.94922E-04    0.17791E+00
        -0.37786E-02   -0.59144E-04    0.19605E+00   -0.19824E-02
         0.00000E+00    0.20230E+00    0.00000E+00


   STEP NUMBER =  2   SOURCE VALUE =  0.2000E+00

     Number of iterations taken for convergence.. =  4
     The Euclidean norm of the solution error ... =  0.7816E-04
     The CONVERGED solution is:

         0.00000E+00    0.00000E+00    0.00000E+00    0.51644E-04
         0.11196E-01   -0.33407E-02    0.51013E-04    0.38933E-01
        -0.53290E-02    0.53783E-05    0.75404E-01   -0.61696E-02
        -0.53182E-04    0.11406E+00   -0.60621E-02   -0.92790E-04
         0.14960E+00   -0.52011E-02   -0.95038E-04    0.17789E+00
        -0.37783E-02   -0.59220E-04    0.19604E+00   -0.19822E-02
         0.00000E+00    0.20228E+00    0.00000E+00

     Iteration Number =  1     Error=  0.3333E+00

         0.00000E+00    0.00000E+00    0.00000E+00    0.77460E-04
         0.16794E-01   -0.50110E-02    0.76512E-04    0.58400E-01
        -0.79935E-02    0.80642E-05    0.11311E+00   -0.92545E-02
        -0.79770E-04    0.17110E+00   -0.90931E-02   -0.13918E-03
         0.22440E+00   -0.78017E-02   -0.14255E-03    0.26684E+00
        -0.56674E-02   -0.88824E-04    0.29406E+00   -0.29733E-02
         0.00000E+00    0.30342E+00    0.00000E+00

     Iteration Number =  2     Error=  0.3533E-01

         0.00000E+00    0.00000E+00    0.00000E+00    0.11187E-03
         0.16358E-01   -0.48753E-02    0.10968E-03    0.56744E-01
        -0.77480E-02    0.10015E-04    0.10967E+00   -0.89419E-02
        -0.11702E-03    0.16561E+00   -0.87631E-02   -0.20241E-03
         0.21691E+00   -0.75033E-02   -0.20667E-03    0.25769E+00
        -0.54426E-02   -0.12860E-03    0.28381E+00   -0.28529E-02
         0.00000E+00    0.29279E+00    0.00000E+00

     Iteration Number =  3     Error=  0.4248E-02

         0.00000E+00    0.00000E+00    0.00000E+00    0.10822E-03
         0.16409E-01   -0.48913E-02    0.10540E-03    0.56939E-01
        -0.77772E-02    0.83222E-05    0.11008E+00   -0.89795E-02
        -0.11471E-03    0.16627E+00   -0.88032E-02   -0.19697E-03
         0.21781E+00   -0.75398E-02   -0.20059E-03    0.25880E+00
        -0.54703E-02   -0.12466E-03    0.28505E+00   -0.28678E-02
         0.00000E+00    0.29408E+00    0.00000E+00


   STEP NUMBER =  3   SOURCE VALUE =  0.3000E+00

     Number of iterations taken for convergence.. =  4
     The Euclidean norm of the solution error ... =  0.5085E-03
     The CONVERGED solution is:

         0.00000E+00    0.00000E+00    0.00000E+00    0.10867E-03
         0.16403E-01   -0.48894E-02    0.10594E-03    0.56916E-01
        -0.77737E-02    0.85530E-05    0.11003E+00   -0.89750E-02
        -0.11496E-03    0.16619E+00   -0.87984E-02   -0.19762E-03
         0.21770E+00   -0.75354E-02   -0.20132E-03    0.25866E+00
        -0.54670E-02   -0.12514E-03    0.28490E+00   -0.28660E-02
         0.00000E+00    0.29392E+00    0.00000E+00

     Iteration Number =  1     Error=  0.2500E+00

         0.00000E+00    0.00000E+00    0.00000E+00    0.14482E-03
         0.21871E-01   -0.65194E-02    0.14117E-03    0.75892E-01
        -0.10366E-01    0.11367E-04    0.14671E+00   -0.11967E-01
        -0.15325E-03    0.22160E+00   -0.11732E-01   -0.26339E-03
         0.29029E+00   -0.10048E-01   -0.26831E-03    0.34491E+00
        -0.72899E-02   -0.16678E-03    0.37989E+00   -0.38216E-02
         0.00000E+00    0.39192E+00    0.00000E+00

     Iteration Number =  2     Error=  0.4490E-01

         0.00000E+00    0.00000E+00    0.00000E+00    0.18405E-03
         0.21160E-01   -0.62981E-02    0.17762E-03    0.73192E-01
        -0.99656E-02    0.10918E-04    0.14111E+00   -0.11458E-01
        -0.19866E-03    0.21266E+00   -0.11195E-01   -0.33776E-03
         0.27809E+00   -0.95625E-02   -0.34271E-03    0.33001E+00
        -0.69244E-02   -0.21263E-03    0.36321E+00   -0.36259E-02
         0.00000E+00    0.37462E+00    0.00000E+00

     Iteration Number =  3     Error=  0.8516E-02

         0.00000E+00    0.00000E+00    0.00000E+00    0.17708E-03
         0.21292E-01   -0.63394E-02    0.16953E-03    0.73697E-01
        -0.10041E-01    0.78448E-05    0.14217E+00   -0.11555E-01
        -0.19407E-03    0.21435E+00   -0.11298E-01   -0.32724E-03
         0.28042E+00   -0.96568E-02   -0.33103E-03    0.33286E+00
        -0.69959E-02   -0.20509E-03    0.36641E+00   -0.36643E-02
         0.00000E+00    0.37794E+00    0.00000E+00

     Iteration Number =  4     Error=  0.1618E-02

         0.00000E+00    0.00000E+00    0.00000E+00    0.17844E-03
         0.21267E-01   -0.63316E-02    0.17115E-03    0.73602E-01
        -0.10027E-01    0.85294E-05    0.14197E+00   -0.11537E-01
        -0.19487E-03    0.21403E+00   -0.11279E-01   -0.32922E-03
         0.27998E+00   -0.96388E-02   -0.33327E-03    0.33232E+00
        -0.69823E-02   -0.20655E-03    0.36580E+00   -0.36570E-02
         0.00000E+00    0.37731E+00    0.00000E+00


   STEP NUMBER =  4   SOURCE VALUE =  0.4000E+00

     Number of iterations taken for convergence.. =  5
     The Euclidean norm of the solution error ... =  0.3076E-03
     The CONVERGED solution is:

         0.00000E+00    0.00000E+00    0.00000E+00    0.17818E-03
         0.21272E-01   -0.63331E-02    0.17084E-03    0.73620E-01
        -0.10029E-01    0.83982E-05    0.14200E+00   -0.11540E-01
        -0.19472E-03    0.21409E+00   -0.11282E-01   -0.32884E-03
         0.28006E+00   -0.96422E-02   -0.33285E-03    0.33242E+00
        -0.69849E-02   -0.20627E-03    0.36592E+00   -0.36584E-02
         0.00000E+00    0.37743E+00    0.00000E+00

     Iteration Number =  1     Error=  0.2000E+00

         0.00000E+00    0.00000E+00    0.00000E+00    0.22279E-03
         0.26589E-01   -0.79160E-02    0.21363E-03    0.92020E-01
        -0.12536E-01    0.10529E-04    0.17750E+00   -0.14425E-01
        -0.24344E-03    0.26760E+00   -0.14102E-01   -0.41114E-03
         0.35006E+00   -0.12052E-01   -0.41616E-03    0.41550E+00
        -0.87305E-02   -0.25791E-03    0.45737E+00   -0.45726E-02
         0.00000E+00    0.47176E+00    0.00000E+00

     Iteration Number =  2     Error=  0.5143E-01

         0.00000E+00    0.00000E+00    0.00000E+00    0.26356E-03
         0.25612E-01   -0.76119E-02    0.24964E-03    0.88311E-01
        -0.11987E-01    0.64095E-05    0.16980E+00   -0.13726E-01
        -0.29466E-03    0.25534E+00   -0.13366E-01   -0.49155E-03
         0.33333E+00   -0.11387E-01   -0.49525E-03    0.39507E+00
        -0.82299E-02   -0.30626E-03    0.43449E+00   -0.43046E-02
         0.00000E+00    0.44803E+00    0.00000E+00

     Iteration Number =  3     Error=  0.1338E-01

         0.00000E+00    0.00000E+00    0.00000E+00    0.25319E-03
         0.25862E-01   -0.76900E-02    0.23775E-03    0.89266E-01
        -0.12129E-01    0.21181E-05    0.17180E+00   -0.13910E-01
        -0.28752E-03    0.25854E+00   -0.13561E-01   -0.47566E-03
         0.33772E+00   -0.11565E-01   -0.47775E-03    0.40046E+00
        -0.83650E-02   -0.29501E-03    0.44055E+00   -0.43773E-02
         0.00000E+00    0.45431E+00    0.00000E+00

     Iteration Number =  4     Error=  0.3521E-02

         0.00000E+00    0.00000E+00    0.00000E+00    0.25600E-03
         0.25796E-01   -0.76696E-02    0.24107E-03    0.89017E-01
        -0.12092E-01    0.34914E-05    0.17128E+00   -0.13862E-01
        -0.28921E-03    0.25770E+00   -0.13510E-01   -0.47978E-03
         0.33657E+00   -0.11518E-01   -0.48240E-03    0.39905E+00
        -0.83295E-02   -0.29803E-03    0.43896E+00   -0.43581E-02
         0.00000E+00    0.45266E+00    0.00000E+00


   STEP NUMBER =  5   SOURCE VALUE =  0.5000E+00

     Number of iterations taken for convergence.. =  5
     The Euclidean norm of the solution error ... =  0.9251E-03
     The CONVERGED solution is:

         0.00000E+00    0.00000E+00    0.00000E+00    0.25526E-03
         0.25813E-01   -0.76750E-02    0.24020E-03    0.89082E-01
        -0.12102E-01    0.31279E-05    0.17141E+00   -0.13874E-01
        -0.28877E-03    0.25792E+00   -0.13523E-01   -0.47871E-03
         0.33687E+00   -0.11531E-01   -0.48119E-03    0.39942E+00
        -0.83389E-02   -0.29724E-03    0.43938E+00   -0.43632E-02
         0.00000E+00    0.45310E+00    0.00000E+00

     Iteration Number =  1     Error=  0.1665E+00

         0.00000E+00    0.00000E+00    0.00000E+00    0.30655E-03
         0.30971E-01   -0.92083E-02    0.28851E-03    0.10688E+00
        -0.14519E-01    0.38688E-05    0.20565E+00   -0.16645E-01
        -0.34667E-03    0.30944E+00   -0.16224E-01   -0.57478E-03
         0.40415E+00   -0.13833E-01   -0.57781E-03    0.47918E+00
        -0.10004E-01   -0.35693E-03    0.52712E+00   -0.52342E-02
         0.00000E+00    0.54358E+00    0.00000E+00

     Iteration Number =  2     Error=  0.5549E-01

         0.00000E+00    0.00000E+00    0.00000E+00    0.34652E-03
         0.29756E-01   -0.88306E-02    0.32154E-03    0.10227E+00
        -0.13838E-01   -0.46219E-05    0.19611E+00   -0.15779E-01
        -0.40179E-03    0.29422E+00   -0.15311E-01   -0.65741E-03
         0.38341E+00   -0.13009E-01   -0.65753E-03    0.45385E+00
        -0.93842E-02   -0.40521E-03    0.49876E+00   -0.49026E-02
         0.00000E+00    0.51417E+00    0.00000E+00

     Iteration Number =  3     Error=  0.1821E-01

         0.00000E+00    0.00000E+00    0.00000E+00    0.33324E-03
         0.30149E-01   -0.89533E-02    0.30650E-03    0.10377E+00
        -0.14061E-01   -0.97122E-05    0.19924E+00   -0.16067E-01
        -0.39218E-03    0.29925E+00   -0.15619E-01   -0.63671E-03
         0.39031E+00   -0.13289E-01   -0.63493E-03    0.46232E+00
        -0.95965E-02   -0.39074E-03    0.50827E+00   -0.50167E-02
         0.00000E+00    0.52404E+00    0.00000E+00

     Iteration Number =  4     Error=  0.6107E-02

         0.00000E+00    0.00000E+00    0.00000E+00    0.33783E-03
         0.30019E-01   -0.89125E-02    0.31189E-03    0.10327E+00
        -0.13987E-01   -0.75380E-05    0.19820E+00   -0.15971E-01
        -0.39502E-03    0.29758E+00   -0.15516E-01   -0.64351E-03
         0.38801E+00   -0.13196E-01   -0.64256E-03    0.45950E+00
        -0.95255E-02   -0.39569E-03    0.50510E+00   -0.49785E-02
         0.00000E+00    0.52075E+00    0.00000E+00

     Iteration Number =  5     Error=  0.2037E-02

         0.00000E+00    0.00000E+00    0.00000E+00    0.33631E-03
         0.30062E-01   -0.89261E-02    0.31010E-03    0.10344E+00
        -0.14012E-01   -0.82691E-05    0.19854E+00   -0.16003E-01
        -0.39409E-03    0.29814E+00   -0.15550E-01   -0.64127E-03
         0.38878E+00   -0.13227E-01   -0.64004E-03    0.46044E+00
        -0.95492E-02   -0.39405E-03    0.50616E+00   -0.49913E-02
         0.00000E+00    0.52185E+00    0.00000E+00


   STEP NUMBER =  6   SOURCE VALUE =  0.6000E+00

     Number of iterations taken for convergence.. =  6
     The Euclidean norm of the solution error ... =  0.6807E-03
     The CONVERGED solution is:

         0.00000E+00    0.00000E+00    0.00000E+00    0.33682E-03
         0.30048E-01   -0.89216E-02    0.31070E-03    0.10338E+00
        -0.14004E-01   -0.80224E-05    0.19843E+00   -0.15993E-01
        -0.39440E-03    0.29795E+00   -0.15539E-01   -0.64202E-03
         0.38852E+00   -0.13216E-01   -0.64088E-03    0.46013E+00
        -0.95413E-02   -0.39460E-03    0.50581E+00   -0.49870E-02
         0.00000E+00    0.52148E+00    0.00000E+00

     Iteration Number =  1     Error=  0.1431E+00

         0.00000E+00    0.00000E+00    0.00000E+00    0.39276E-03
         0.35061E-01   -0.10410E-01    0.36225E-03    0.12064E+00
        -0.16341E-01   -0.94555E-05    0.23155E+00   -0.18662E-01
        -0.46001E-03    0.34768E+00   -0.18133E-01   -0.74873E-03
         0.45338E+00   -0.15423E-01   -0.74737E-03    0.53694E+00
        -0.11135E-01   -0.46015E-03    0.59024E+00   -0.58199E-02
         0.00000E+00    0.60854E+00    0.00000E+00

     Iteration Number =  2     Error=  0.5797E-01

         0.00000E+00    0.00000E+00    0.00000E+00    0.43063E-03
         0.33640E-01   -0.99682E-02    0.39099E-03    0.11525E+00
        -0.15544E-01   -0.22469E-04    0.22038E+00   -0.17650E-01
        -0.51771E-03    0.32989E+00   -0.17068E-01   -0.83127E-03
         0.42914E+00   -0.14462E-01   -0.82537E-03    0.50734E+00
        -0.10412E-01   -0.50690E-03    0.55712E+00   -0.54332E-02
         0.00000E+00    0.57419E+00    0.00000E+00

     Iteration Number =  3     Error=  0.2272E-01

         0.00000E+00    0.00000E+00    0.00000E+00    0.41513E-03
         0.34190E-01   -0.10140E-01    0.37368E-03    0.11735E+00
        -0.15857E-01   -0.27895E-04    0.22477E+00   -0.18054E-01
        -0.50589E-03    0.33694E+00   -0.17498E-01   -0.80665E-03
         0.43881E+00   -0.14855E-01   -0.79875E-03    0.51921E+00
        -0.10710E-01   -0.48992E-03    0.57045E+00   -0.55933E-02
         0.00000E+00    0.58803E+00    0.00000E+00

     Iteration Number =  4     Error=  0.9198E-02

         0.00000E+00    0.00000E+00    0.00000E+00    0.42160E-03
         0.33970E-01   -0.10071E-01    0.38123E-03    0.11651E+00
        -0.15732E-01   -0.24931E-04    0.22301E+00   -0.17892E-01
        -0.51002E-03    0.33412E+00   -0.17325E-01   -0.81631E-03
         0.43493E+00   -0.14697E-01   -0.80954E-03    0.51445E+00
        -0.10590E-01   -0.49690E-03    0.56510E+00   -0.55288E-02
         0.00000E+00    0.58247E+00    0.00000E+00

     Iteration Number =  5     Error=  0.3683E-02

         0.00000E+00    0.00000E+00    0.00000E+00    0.41903E-03
         0.34058E-01   -0.10099E-01    0.37822E-03    0.11685E+00
        -0.15782E-01   -0.26129E-04    0.22372E+00   -0.17957E-01
        -0.50841E-03    0.33525E+00   -0.17395E-01   -0.81249E-03
         0.43649E+00   -0.14760E-01   -0.80526E-03    0.51636E+00
        -0.10638E-01   -0.49413E-03    0.56725E+00   -0.55547E-02
         0.00000E+00    0.58471E+00    0.00000E+00

     Iteration Number =  6     Error=  0.1482E-02

         0.00000E+00    0.00000E+00    0.00000E+00    0.42007E-03
         0.34023E-01   -0.10088E-01    0.37943E-03    0.11671E+00
        -0.15762E-01   -0.25640E-04    0.22343E+00   -0.17931E-01
        -0.50905E-03    0.33480E+00   -0.17367E-01   -0.81403E-03
         0.43587E+00   -0.14735E-01   -0.80699E-03    0.51559E+00
        -0.10619E-01   -0.49525E-03    0.56639E+00   -0.55443E-02
         0.00000E+00    0.58381E+00    0.00000E+00


   STEP NUMBER =  7   SOURCE VALUE =  0.7000E+00

     Number of iterations taken for convergence.. =  7
     The Euclidean norm of the solution error ... =  0.5950E-03
     The CONVERGED solution is:

         0.00000E+00    0.00000E+00    0.00000E+00    0.41965E-03
         0.34037E-01   -0.10092E-01    0.37895E-03    0.11676E+00
        -0.15770E-01   -0.25836E-04    0.22355E+00   -0.17941E-01
        -0.50879E-03    0.33498E+00   -0.17378E-01   -0.81341E-03
         0.43612E+00   -0.14745E-01   -0.80630E-03    0.51590E+00
        -0.10626E-01   -0.49480E-03    0.56674E+00   -0.55485E-02
         0.00000E+00    0.58417E+00    0.00000E+00

     Iteration Number =  1     Error=  0.1248E+00

         0.00000E+00    0.00000E+00    0.00000E+00    0.47979E-03
         0.38893E-01   -0.11532E-01    0.43331E-03    0.13342E+00
        -0.18019E-01   -0.29437E-04    0.25543E+00   -0.20500E-01
        -0.58160E-03    0.38275E+00   -0.19856E-01   -0.92990E-03
         0.49830E+00   -0.16847E-01   -0.92180E-03    0.58946E+00
        -0.12141E-01   -0.56569E-03    0.64754E+00   -0.63392E-02
         0.00000E+00    0.66746E+00    0.00000E+00

     Iteration Number =  2     Error=  0.5885E-01

         0.00000E+00    0.00000E+00    0.00000E+00    0.51446E-03
         0.37306E-01   -0.11039E-01    0.45666E-03    0.12741E+00
        -0.17130E-01   -0.47045E-04    0.24298E+00   -0.19372E-01
        -0.64065E-03    0.36292E+00   -0.18670E-01   -0.10103E-02
         0.47130E+00   -0.15778E-01   -0.99600E-03    0.55650E+00
        -0.11338E-01   -0.60962E-03    0.61066E+00   -0.59095E-02
         0.00000E+00    0.62921E+00    0.00000E+00

     Iteration Number =  3     Error=  0.2655E-01

         0.00000E+00    0.00000E+00    0.00000E+00    0.49761E-03
         0.38014E-01   -0.11260E-01    0.43815E-03    0.13011E+00
        -0.17534E-01   -0.52307E-04    0.24863E+00   -0.19892E-01
        -0.62708E-03    0.37200E+00   -0.19224E-01   -0.98298E-03
         0.48375E+00   -0.16283E-01   -0.96677E-03    0.57178E+00
        -0.11721E-01   -0.59107E-03    0.62781E+00   -0.61156E-02
         0.00000E+00    0.64702E+00    0.00000E+00

     Iteration Number =  4     Error=  0.1249E-01

         0.00000E+00    0.00000E+00    0.00000E+00    0.50577E-03
         0.37687E-01   -0.11158E-01    0.44761E-03    0.12886E+00
        -0.17347E-01   -0.48696E-04    0.24601E+00   -0.19650E-01
        -0.63243E-03    0.36779E+00   -0.18966E-01   -0.99529E-03
         0.47797E+00   -0.16048E-01   -0.98046E-03    0.56468E+00
        -0.11542E-01   -0.59991E-03    0.61984E+00   -0.60193E-02
         0.00000E+00    0.63874E+00    0.00000E+00

     Iteration Number =  5     Error=  0.5777E-02

         0.00000E+00    0.00000E+00    0.00000E+00    0.50202E-03
         0.37839E-01   -0.11205E-01    0.44325E-03    0.12944E+00
        -0.17434E-01   -0.50390E-04    0.24723E+00   -0.19763E-01
        -0.63002E-03    0.36974E+00   -0.19086E-01   -0.98967E-03
         0.48066E+00   -0.16157E-01   -0.97420E-03    0.56798E+00
        -0.11625E-01   -0.59586E-03    0.62355E+00   -0.60641E-02
         0.00000E+00    0.64259E+00    0.00000E+00

     Iteration Number =  6     Error=  0.2695E-02

         0.00000E+00    0.00000E+00    0.00000E+00    0.50378E-03
         0.37768E-01   -0.11183E-01    0.44530E-03    0.12917E+00
        -0.17393E-01   -0.49584E-04    0.24666E+00   -0.19711E-01
        -0.63114E-03    0.36883E+00   -0.19030E-01   -0.99229E-03
         0.47940E+00   -0.16106E-01   -0.97713E-03    0.56645E+00
        -0.11587E-01   -0.59775E-03    0.62182E+00   -0.60433E-02
         0.00000E+00    0.64080E+00    0.00000E+00

     Iteration Number =  7     Error=  0.1252E-02

         0.00000E+00    0.00000E+00    0.00000E+00    0.50297E-03
         0.37801E-01   -0.11193E-01    0.44435E-03    0.12930E+00
        -0.17412E-01   -0.49957E-04    0.24692E+00   -0.19735E-01
        -0.63062E-03    0.36926E+00   -0.19056E-01   -0.99108E-03
         0.47999E+00   -0.16130E-01   -0.97577E-03    0.56716E+00
        -0.11605E-01   -0.59687E-03    0.62263E+00   -0.60530E-02
         0.00000E+00    0.64163E+00    0.00000E+00


   STEP NUMBER =  8   SOURCE VALUE =  0.8000E+00

     Number of iterations taken for convergence.. =  8
     The Euclidean norm of the solution error ... =  0.5828E-03
     The CONVERGED solution is:

         0.00000E+00    0.00000E+00    0.00000E+00    0.50335E-03
         0.37786E-01   -0.11189E-01    0.44479E-03    0.12924E+00
        -0.17403E-01   -0.49783E-04    0.24680E+00   -0.19724E-01
        -0.63086E-03    0.36906E+00   -0.19044E-01   -0.99164E-03
         0.47972E+00   -0.16119E-01   -0.97640E-03    0.56683E+00
        -0.11596E-01   -0.59728E-03    0.62225E+00   -0.60484E-02
         0.00000E+00    0.64125E+00    0.00000E+00

     Iteration Number =  1     Error=  0.1114E+00

         0.00000E+00    0.00000E+00    0.00000E+00    0.56606E-03
         0.42517E-01   -0.12590E-01    0.50016E-03    0.14542E+00
        -0.19583E-01   -0.56096E-04    0.27772E+00   -0.22195E-01
        -0.70959E-03    0.41529E+00   -0.21431E-01   -0.11153E-02
         0.53982E+00   -0.18140E-01   -0.10981E-02    0.63786E+00
        -0.13050E-01   -0.67173E-03    0.70023E+00   -0.68069E-02
         0.00000E+00    0.72160E+00    0.00000E+00

     Iteration Number =  2     Error=  0.5931E-01

         0.00000E+00    0.00000E+00    0.00000E+00    0.59738E-03
         0.40783E-01   -0.12051E-01    0.51817E-03    0.13885E+00
        -0.18613E-01   -0.77941E-04    0.26412E+00   -0.20965E-01
        -0.76943E-03    0.39366E+00   -0.20138E-01   -0.11930E-02
         0.51037E+00   -0.16975E-01   -0.11681E-02    0.60192E+00
        -0.12176E-01   -0.71263E-03    0.66003E+00   -0.63392E-02
         0.00000E+00    0.67992E+00    0.00000E+00

     Iteration Number =  3     Error=  0.2999E-01

         0.00000E+00    0.00000E+00    0.00000E+00    0.57978E-03
         0.41651E-01   -0.12322E-01    0.49918E-03    0.14217E+00
        -0.19108E-01   -0.82715E-04    0.27105E+00   -0.21602E-01
        -0.75444E-03    0.40479E+00   -0.20818E-01   -0.11638E-02
         0.52564E+00   -0.17595E-01   -0.11372E-02    0.62066E+00
        -0.12646E-01   -0.69313E-03    0.68107E+00   -0.65921E-02
         0.00000E+00    0.70176E+00    0.00000E+00

     Iteration Number =  4     Error=  0.1596E-01

         0.00000E+00    0.00000E+00    0.00000E+00    0.58941E-03
         0.41199E-01   -0.12181E-01    0.51027E-03    0.14044E+00
        -0.18850E-01   -0.78611E-04    0.26743E+00   -0.21269E-01
        -0.76094E-03    0.39897E+00   -0.20462E-01   -0.11785E-02
         0.51764E+00   -0.17269E-01   -0.11535E-02    0.61084E+00
        -0.12398E-01   -0.70359E-03    0.67004E+00   -0.64588E-02
         0.00000E+00    0.69031E+00    0.00000E+00

     Iteration Number =  5     Error=  0.8295E-02

         0.00000E+00    0.00000E+00    0.00000E+00    0.58444E-03
         0.41435E-01   -0.12255E-01    0.50453E-03    0.14135E+00
        -0.18985E-01   -0.80786E-04    0.26933E+00   -0.21444E-01
        -0.75765E-03    0.40202E+00   -0.20649E-01   -0.11710E-02
         0.52183E+00   -0.17440E-01   -0.11451E-02    0.61599E+00
        -0.12528E-01   -0.69820E-03    0.67582E+00   -0.65287E-02
         0.00000E+00    0.69631E+00    0.00000E+00

     Iteration Number =  6     Error=  0.4367E-02

         0.00000E+00    0.00000E+00    0.00000E+00    0.58707E-03
         0.41311E-01   -0.12216E-01    0.50758E-03    0.14087E+00
        -0.18914E-01   -0.79610E-04    0.26833E+00   -0.21352E-01
        -0.75936E-03    0.40042E+00   -0.20551E-01   -0.11749E-02
         0.51964E+00   -0.17351E-01   -0.11495E-02    0.61329E+00
        -0.12460E-01   -0.70105E-03    0.67279E+00   -0.64921E-02
         0.00000E+00    0.69316E+00    0.00000E+00

     Iteration Number =  7     Error=  0.2284E-02

         0.00000E+00    0.00000E+00    0.00000E+00    0.58570E-03
         0.41376E-01   -0.12236E-01    0.50599E-03    0.14112E+00
        -0.18951E-01   -0.80221E-04    0.26885E+00   -0.21400E-01
        -0.75847E-03    0.40126E+00   -0.20602E-01   -0.11729E-02
         0.52079E+00   -0.17398E-01   -0.11472E-02    0.61470E+00
        -0.12496E-01   -0.69956E-03    0.67438E+00   -0.65113E-02
         0.00000E+00    0.69481E+00    0.00000E+00

     Iteration Number =  8     Error=  0.1198E-02

         0.00000E+00    0.00000E+00    0.00000E+00    0.58642E-03
         0.41342E-01   -0.12225E-01    0.50682E-03    0.14099E+00
        -0.18932E-01   -0.79899E-04    0.26858E+00   -0.21375E-01
        -0.75894E-03    0.40082E+00   -0.20575E-01   -0.11740E-02
         0.52018E+00   -0.17373E-01   -0.11484E-02    0.61396E+00
        -0.12477E-01   -0.70034E-03    0.67355E+00   -0.65012E-02
         0.00000E+00    0.69395E+00    0.00000E+00


   STEP NUMBER =  9   SOURCE VALUE =  0.9000E+00

     Number of iterations taken for convergence.. =  9
     The Euclidean norm of the solution error ... =  0.6277E-03
     The CONVERGED solution is:

         0.00000E+00    0.00000E+00    0.00000E+00    0.58604E-03
         0.41360E-01   -0.12231E-01    0.50639E-03    0.14106E+00
        -0.18942E-01   -0.80067E-04    0.26872E+00   -0.21388E-01
        -0.75869E-03    0.40105E+00   -0.20589E-01   -0.11734E-02
         0.52050E+00   -0.17386E-01   -0.11478E-02    0.61435E+00
        -0.12487E-01   -0.69994E-03    0.67398E+00   -0.65065E-02
         0.00000E+00    0.69440E+00    0.00000E+00

     Iteration Number =  1     Error=  0.9970E-01

         0.00000E+00    0.00000E+00    0.00000E+00    0.65138E-03
         0.45945E-01   -0.13587E-01    0.56291E-03    0.15669E+00
        -0.21041E-01   -0.88865E-04    0.29850E+00   -0.23757E-01
        -0.84313E-03    0.44548E+00   -0.22869E-01   -0.13041E-02
         0.57815E+00   -0.19310E-01   -0.12757E-02    0.68239E+00
        -0.13869E-01   -0.77794E-03    0.74861E+00   -0.72264E-02
         0.00000E+00    0.77129E+00    0.00000E+00

     Iteration Number =  2     Error=  0.5861E-01

         0.00000E+00    0.00000E+00    0.00000E+00    0.67879E-03
         0.44106E-01   -0.13015E-01    0.57512E-03    0.14973E+00
        -0.20012E-01   -0.11480E-03    0.28409E+00   -0.22455E-01
        -0.90296E-03    0.42256E+00   -0.21502E-01   -0.13779E-02
         0.54697E+00   -0.18080E-01   -0.13404E-02    0.64436E+00
        -0.12945E-01   -0.81515E-03    0.70608E+00   -0.67326E-02
         0.00000E+00    0.72719E+00    0.00000E+00

     Iteration Number =  3     Error=  0.3260E-01

         0.00000E+00    0.00000E+00    0.00000E+00    0.66123E-03
         0.45118E-01   -0.13332E-01    0.55657E-03    0.15360E+00
        -0.20590E-01   -0.11872E-03    0.29218E+00   -0.23199E-01
        -0.88705E-03    0.43555E+00   -0.22295E-01   -0.13481E-02
         0.56479E+00   -0.18804E-01   -0.13092E-02    0.66623E+00
        -0.13494E-01   -0.79558E-03    0.73064E+00   -0.70279E-02
         0.00000E+00    0.75269E+00    0.00000E+00

     Iteration Number =  4     Error=  0.1923E-01

         0.00000E+00    0.00000E+00    0.00000E+00    0.67188E-03
         0.44536E-01   -0.13150E-01    0.56874E-03    0.15137E+00
        -0.20257E-01   -0.11438E-03    0.28752E+00   -0.22769E-01
        -0.89444E-03    0.42805E+00   -0.21835E-01   -0.13644E-02
         0.55449E+00   -0.18383E-01   -0.13272E-02    0.65357E+00
        -0.13175E-01   -0.80716E-03    0.71642E+00   -0.68558E-02
         0.00000E+00    0.73792E+00    0.00000E+00

     Iteration Number =  5     Error=  0.1100E-01

         0.00000E+00    0.00000E+00    0.00000E+00    0.66582E-03
         0.44872E-01   -0.13255E-01    0.56178E-03    0.15265E+00
        -0.20450E-01   -0.11694E-03    0.29021E+00   -0.23018E-01
        -0.89035E-03    0.43239E+00   -0.22101E-01   -0.13552E-02
         0.56045E+00   -0.18627E-01   -0.13170E-02    0.66089E+00
        -0.13360E-01   -0.80058E-03    0.72465E+00   -0.69555E-02
         0.00000E+00    0.74647E+00    0.00000E+00

     Iteration Number =  6     Error=  0.6407E-02

         0.00000E+00    0.00000E+00    0.00000E+00    0.66937E-03
         0.44677E-01   -0.13194E-01    0.56588E-03    0.15191E+00
        -0.20338E-01   -0.11539E-03    0.28865E+00   -0.22874E-01
        -0.89269E-03    0.42988E+00   -0.21947E-01   -0.13606E-02
         0.55700E+00   -0.18486E-01   -0.13230E-02    0.65666E+00
        -0.13252E-01   -0.80442E-03    0.71988E+00   -0.68978E-02
         0.00000E+00    0.74152E+00    0.00000E+00

     Iteration Number =  7     Error=  0.3693E-02

         0.00000E+00    0.00000E+00    0.00000E+00    0.66733E-03
         0.44790E-01   -0.13229E-01    0.56353E-03    0.15234E+00
        -0.20403E-01   -0.11628E-03    0.28955E+00   -0.22957E-01
        -0.89134E-03    0.43133E+00   -0.22037E-01   -0.13575E-02
         0.55899E+00   -0.18567E-01   -0.13195E-02    0.65911E+00
        -0.13314E-01   -0.80221E-03    0.72264E+00   -0.69312E-02
         0.00000E+00    0.74438E+00    0.00000E+00

     Iteration Number =  8     Error=  0.2142E-02

         0.00000E+00    0.00000E+00    0.00000E+00    0.66851E-03
         0.44725E-01   -0.13209E-01    0.56489E-03    0.15209E+00
        -0.20365E-01   -0.11576E-03    0.28903E+00   -0.22909E-01
        -0.89212E-03    0.43049E+00   -0.21985E-01   -0.13593E-02
         0.55784E+00   -0.18520E-01   -0.13215E-02    0.65769E+00
        -0.13279E-01   -0.80350E-03    0.72105E+00   -0.69119E-02
         0.00000E+00    0.74273E+00    0.00000E+00

     Iteration Number =  9     Error=  0.1238E-02

         0.00000E+00    0.00000E+00    0.00000E+00    0.66783E-03
         0.44763E-01   -0.13220E-01    0.56411E-03    0.15224E+00
        -0.20387E-01   -0.11606E-03    0.28933E+00   -0.22937E-01
        -0.89167E-03    0.43098E+00   -0.22015E-01   -0.13582E-02
         0.55851E+00   -0.18547E-01   -0.13204E-02    0.65851E+00
        -0.13299E-01   -0.80276E-03    0.72197E+00   -0.69231E-02
         0.00000E+00    0.74369E+00    0.00000E+00


   STEP NUMBER = 10   SOURCE VALUE =  0.1000E+01

     Number of iterations taken for convergence.. = 10
     The Euclidean norm of the solution error ... =  0.7170E-03
     The CONVERGED solution is:

         0.00000E+00    0.00000E+00    0.00000E+00    0.66823E-03
         0.44741E-01   -0.13214E-01    0.56456E-03    0.15215E+00
        -0.20374E-01   -0.11588E-03    0.28916E+00   -0.22920E-01
        -0.89193E-03    0.43070E+00   -0.21998E-01   -0.13588E-02
         0.55812E+00   -0.18532E-01   -0.13210E-02    0.65804E+00
        -0.13287E-01   -0.80319E-03    0.72143E+00   -0.69166E-02
         0.00000E+00    0.74313E+00    0.00000E+00
