     *** ECHO OF THE INPUT DATA STARTS ***

Example 5.2.1: Nonlinear analysis of a hinged-hinged beam problem               
  2   0   8                        MODEL,IEL,NEM                                
  0.0  50.0                        X0,AL                                        
  1  1  30.0E06  0.3               B,H,E,GNIU                                   
                                                                                
  0.0  0.0  0.0                    FX0,FX1,FX2                                  
  9.0  0.0  0.0                    QX0,QX1,QX2                                  
  5   0   0                        NSPV,NSSV,NSMB                               
  1   1   0.0                       ISPV(1,1),ISPV(1,2),VSPV(1)                 
  1   2   0.0                       ISPV(1,1),ISPV(1,2),VSPV(1)                 
  1   3   0.0                       ISPV(1,1),ISPV(1,2),VSPV(1)                 
  9   1   0.0                       ISPV(2,1),ISPV(2,2),VSPV(2)                 
  9   3   0.0                       ISPV(3,1),ISPV(3,2),VSPV(3)                 
                                                                                
  1   0                            NONLIN,NPRNT                                 
  10   50  1.0E-03  0.0             NLS, ITMAX, EPS, GAMA                       
  2   1                            NGP, LGP                                     
  0.1 0.1 0.1 0.1 0.1                                                           
  0.1 0.1 0.1 0.1 0.1              DP(I)                                        
                                                                                
  0.0 0.0 0.0 0.0 0.0 0.0 0.0                                                   
  0.0 0.0 0.0 0.0 0.0 0.0 0.0                                                   
  0.0 0.0 0.0 0.0 0.0 0.0 0.0                                                   
  0.0 0.0 0.0 0.0 0.0 0.0          GP1(I)                                       

     **** ECHO OF THE INPUT DATA ENDS ****

________________________________________________________________________________
        Output from computer program  FEM1DBEAM              by J. N. Reddy
________________________________________________________________________________


Example 5.2.1: Nonlinear analysis of a hinged-hinged beam problem               

    *** ANALYSIS OF MODEL  2 PROBLEM ***
               (see the code below)

    MODEL=1: A problem described by MODEL EQ. 1
    MODEL=2: A Euler-Bernoulli BEAM problem
    MODEL=3: A Timoshenko BEAM problem


   P R O B L E M   D A T A:

     Coordinate of node 1 ....................... =   0.0000E+00
     Length of the beam ......................... =   0.5000E+02
     Width of cross-section for the beam, B ..... =   0.1000E+01
     Height of cross-section for the beam, H .... =   0.1000E+01
     Elastic modulus of the beam material, E .... =   0.3000E+08
     Axial stiffness for the beam, EA ........... =   0.3000E+08
     Bending stiffness for the beam, EI ......... =   0.2500E+07
     Coefficient of 1 in QX, QX0 ................ =   0.9000E+01
     Coefficient of x in QX, QX1 ................ =   0.0000E+00
     Coefficient of x*x in QX, QX2 .............. =   0.0000E+00
     Coefficient of 1 in FX, FX0 ................ =   0.0000E+00
     Coefficient of x in FX, FX1 ................ =   0.0000E+00
     Coefficient of x*x in FX, FX2 .............. =   0.0000E+00


   M E S H   D A T A:

     Number of elements in the mesh, NEM......... =    8
     Type of element(0:hermite;1:linear;2:quadratic;) .. =    0
     Number of nodes in the mesh, NNM ........... =    9
     Number of deg. of freedom per node, NDF..... =    3
     Number of total DOF in the model, NEQ....... =   27
     GLOBAL COORDINATES OF THE GLOBAL NODES ..... =

        0.0000E+00   0.6250E+01   0.1250E+02   0.1875E+02   0.2500E+02
        0.3125E+02   0.3750E+02   0.4375E+02   0.5000E+02

          CONNECTIVITY MATRIX:

              1    2
              2    3
              3    4
              4    5
              5    6
              6    7
              7    8
              8    9

   B O U N D A R Y   D A T A:

     Number of specified PRIMARY variables ...... =    5
     Specified PRIMARY degrees of freedom ....... :

              1    1   0.0000E+00
              1    2   0.0000E+00
              1    3   0.0000E+00
              9    1   0.0000E+00
              9    3   0.0000E+00

     *** NONLINEAR Analysis with DIRECT ITERATION ***


   NONLINEAR  A N A L Y S I S   D A T A:

     Number of load steps used, NLS ............. =   10
     Maximum allowable number of iterations ..... =   50
     Allowable convergence tolerance (EPS) ...... =   0.1000E-02
     Acceleration parameter:GAMA*GP2+(1-GAMA)*GP1 =   0.0000E+00

   INITIAL (GUESS) VECTOR:

     0.00000E+00  0.00000E+00  0.00000E+00  0.00000E+00  0.00000E+00  0.00000E+00  0.00000E+00  0.00000E+00  0.00000E+00  0.00000E+00  0.00000E+00  0.00000E+00  0.00000E+00  0.00000E+00  0.00000E+00  0.00000E+00  0.00000E+00  0.00000E+00  0.00000E+00  0.00000E+00  0.00000E+00  0.00000E+00  0.00000E+00  0.00000E+00

   INITIAL (GUESS) VECTOR:

     0.00000E+00  0.00000E+00  0.00000E+00

     First iteration solution at source value ... =  0.1000E+00

         0.00000E+00    0.00000E+00    0.00000E+00    0.00000E+00
         0.51498E-02   -0.15381E-02    0.00000E+00    0.17944E-01
        -0.24609E-02    0.00000E+00    0.34813E-01   -0.28564E-02
         0.00000E+00    0.52734E-01   -0.28125E-02    0.00000E+00
         0.69237E-01   -0.24170E-02    0.00000E+00    0.82397E-01
        -0.17578E-02    0.00000E+00    0.90843E-01   -0.92285E-03
         0.00000E+00    0.93750E-01    0.00000E+00

     Iteration Number =  1     Error=  0.1000E+01

         0.00000E+00    0.00000E+00    0.00000E+00    0.00000E+00
         0.51498E-02   -0.15381E-02    0.00000E+00    0.17944E-01
        -0.24609E-02    0.00000E+00    0.34813E-01   -0.28564E-02
         0.00000E+00    0.52734E-01   -0.28125E-02    0.00000E+00
         0.69237E-01   -0.24170E-02    0.00000E+00    0.82397E-01
        -0.17578E-02    0.00000E+00    0.90843E-01   -0.92285E-03
         0.00000E+00    0.93750E-01    0.00000E+00

     Iteration Number =  2     Error=  0.6270E-02

         0.00000E+00    0.00000E+00    0.00000E+00    0.11056E-04
         0.51253E-02   -0.15304E-02    0.11036E-04    0.17851E-01
        -0.24471E-02    0.13798E-05    0.34619E-01   -0.28388E-02
        -0.11132E-04    0.52425E-01   -0.27939E-02   -0.19668E-04
         0.68815E-01   -0.24002E-02   -0.20235E-04    0.81882E-01
        -0.17451E-02   -0.12635E-04    0.90266E-01   -0.91606E-03
         0.00000E+00    0.93151E-01    0.00000E+00


   STEP NUMBER =  1   SOURCE VALUE =  0.1000E+00

     Number of iterations taken for convergence.. =  3
     The Euclidean norm of the solution error ... =  0.7978E-04
     The CONVERGED solution is:

         0.00000E+00    0.00000E+00    0.00000E+00    0.10982E-04
         0.51256E-02   -0.15305E-02    0.10949E-04    0.17852E-01
        -0.24473E-02    0.13435E-05    0.34622E-01   -0.28391E-02
        -0.11088E-04    0.52429E-01   -0.27941E-02   -0.19560E-04
         0.68820E-01   -0.24004E-02   -0.20113E-04    0.81888E-01
        -0.17453E-02   -0.12555E-04    0.90273E-01   -0.91615E-03
         0.00000E+00    0.93159E-01    0.00000E+00

     Iteration Number =  1     Error=  0.5000E+00

         0.00000E+00    0.00000E+00    0.00000E+00    0.21966E-04
         0.10251E-01   -0.30611E-02    0.21900E-04    0.35705E-01
        -0.48946E-02    0.26881E-05    0.69244E-01   -0.56781E-02
        -0.22176E-04    0.10486E+00   -0.55883E-02   -0.39123E-04
         0.13764E+00   -0.48008E-02   -0.40228E-04    0.16378E+00
        -0.34906E-02   -0.25113E-04    0.18055E+00   -0.18323E-02
         0.00000E+00    0.18632E+00    0.00000E+00

     Iteration Number =  2     Error=  0.1843E-01

         0.00000E+00    0.00000E+00    0.00000E+00    0.43068E-04
         0.10109E-01   -0.30169E-02    0.42777E-04    0.35166E-01
        -0.48147E-02    0.49510E-05    0.68125E-01   -0.55764E-02
        -0.43834E-04    0.10307E+00   -0.54808E-02   -0.76982E-04
         0.13520E+00   -0.47035E-02   -0.79029E-04    0.16080E+00
        -0.34174E-02   -0.49297E-04    0.17721E+00   -0.17930E-02
         0.00000E+00    0.18286E+00    0.00000E+00


   STEP NUMBER =  2   SOURCE VALUE =  0.2000E+00

     Number of iterations taken for convergence.. =  3
     The Euclidean norm of the solution error ... =  0.8928E-03
     The CONVERGED solution is:

         0.00000E+00    0.00000E+00    0.00000E+00    0.42262E-04
         0.10116E-01   -0.30190E-02    0.41826E-04    0.35192E-01
        -0.48185E-02    0.45614E-05    0.68179E-01   -0.55813E-02
        -0.43343E-04    0.10316E+00   -0.54860E-02   -0.75796E-04
         0.13532E+00   -0.47083E-02   -0.77695E-04    0.16094E+00
        -0.34210E-02   -0.48431E-04    0.17737E+00   -0.17950E-02
         0.00000E+00    0.18302E+00    0.00000E+00

     Iteration Number =  1     Error=  0.3333E+00

         0.00000E+00    0.00000E+00    0.00000E+00    0.63452E-04
         0.15174E-01   -0.45284E-02    0.62811E-04    0.52785E-01
        -0.72275E-02    0.68734E-05    0.10226E+00   -0.83716E-02
        -0.65048E-04    0.15473E+00   -0.82287E-02   -0.11378E-03
         0.20297E+00   -0.70621E-02   -0.11664E-03    0.24140E+00
        -0.51312E-02   -0.72710E-04    0.26605E+00   -0.26923E-02
         0.00000E+00    0.27452E+00    0.00000E+00

     Iteration Number =  2     Error=  0.2908E-01

         0.00000E+00    0.00000E+00    0.00000E+00    0.92246E-04
         0.14847E-01   -0.44267E-02    0.90756E-04    0.51545E-01
        -0.70437E-02    0.88896E-05    0.99689E-01   -0.81374E-02
        -0.95788E-04    0.15062E+00   -0.79814E-02   -0.16636E-03
         0.19736E+00   -0.68385E-02   -0.17010E-03    0.23455E+00
        -0.49628E-02   -0.10591E-03    0.25837E+00   -0.26021E-02
         0.00000E+00    0.26656E+00    0.00000E+00

     Iteration Number =  3     Error=  0.2923E-02

         0.00000E+00    0.00000E+00    0.00000E+00    0.89697E-04
         0.14879E-01   -0.44367E-02    0.87765E-04    0.51667E-01
        -0.70619E-02    0.76932E-05    0.99944E-01   -0.81609E-02
        -0.94193E-04    0.15103E+00   -0.80065E-02   -0.16257E-03
         0.19793E+00   -0.68613E-02   -0.16586E-03    0.23524E+00
        -0.49801E-02   -0.10317E-03    0.25914E+00   -0.26114E-02
         0.00000E+00    0.26736E+00    0.00000E+00


   STEP NUMBER =  3   SOURCE VALUE =  0.3000E+00

     Number of iterations taken for convergence.. =  4
     The Euclidean norm of the solution error ... =  0.2925E-03
     The CONVERGED solution is:

         0.00000E+00    0.00000E+00    0.00000E+00    0.89957E-04
         0.14876E-01   -0.44357E-02    0.88076E-04    0.51655E-01
        -0.70601E-02    0.78283E-05    0.99919E-01   -0.81585E-02
        -0.94341E-04    0.15099E+00   -0.80040E-02   -0.16295E-03
         0.19787E+00   -0.68590E-02   -0.16629E-03    0.23517E+00
        -0.49784E-02   -0.10345E-03    0.25907E+00   -0.26105E-02
         0.00000E+00    0.26728E+00    0.00000E+00

     Iteration Number =  1     Error=  0.2500E+00

         0.00000E+00    0.00000E+00    0.00000E+00    0.11991E-03
         0.19835E-01   -0.59144E-02    0.11739E-03    0.68875E-01
        -0.94137E-02    0.10419E-04    0.13323E+00   -0.10878E-01
        -0.12577E-03    0.20133E+00   -0.10672E-01   -0.21721E-03
         0.26384E+00   -0.91457E-02   -0.22166E-03    0.31357E+00
        -0.66380E-02   -0.13789E-03    0.34543E+00   -0.34808E-02
         0.00000E+00    0.35639E+00    0.00000E+00

     Iteration Number =  2     Error=  0.3754E-01

         0.00000E+00    0.00000E+00    0.00000E+00    0.15357E-03
         0.19291E-01   -0.57451E-02    0.14912E-03    0.66810E-01
        -0.91077E-02    0.10911E-04    0.12894E+00   -0.10489E-01
        -0.16377E-03    0.19449E+00   -0.10261E-01   -0.28029E-03
         0.25451E+00   -0.87740E-02   -0.28508E-03    0.30217E+00
        -0.63582E-02   -0.17707E-03    0.33266E+00   -0.33309E-02
         0.00000E+00    0.34314E+00    0.00000E+00

     Iteration Number =  3     Error=  0.6058E-02

         0.00000E+00    0.00000E+00    0.00000E+00    0.14851E-03
         0.19377E-01   -0.57720E-02    0.14322E-03    0.67138E-01
        -0.91567E-02    0.86279E-05    0.12963E+00   -0.10552E-01
        -0.16049E-03    0.19559E+00   -0.10328E-01   -0.27268E-03
         0.25602E+00   -0.88353E-02   -0.27661E-03    0.30402E+00
        -0.64046E-02   -0.17160E-03    0.33474E+00   -0.33558E-02
         0.00000E+00    0.34530E+00    0.00000E+00


   STEP NUMBER =  4   SOURCE VALUE =  0.4000E+00

     Number of iterations taken for convergence.. =  4
     The Euclidean norm of the solution error ... =  0.9770E-03
     The CONVERGED solution is:

         0.00000E+00    0.00000E+00    0.00000E+00    0.14934E-03
         0.19363E-01   -0.57676E-02    0.14422E-03    0.67085E-01
        -0.91488E-02    0.90534E-05    0.12952E+00   -0.10542E-01
        -0.16098E-03    0.19541E+00   -0.10318E-01   -0.27389E-03
         0.25577E+00   -0.88254E-02   -0.27799E-03    0.30372E+00
        -0.63971E-02   -0.17250E-03    0.33441E+00   -0.33518E-02
         0.00000E+00    0.34495E+00    0.00000E+00

     Iteration Number =  1     Error=  0.2001E+00

         0.00000E+00    0.00000E+00    0.00000E+00    0.18651E-03
         0.24207E-01   -0.72104E-02    0.18007E-03    0.83867E-01
        -0.11438E-01    0.11230E-04    0.16192E+00   -0.13179E-01
        -0.20113E-03    0.24430E+00   -0.12899E-01   -0.34212E-03
         0.31977E+00   -0.11034E-01   -0.34721E-03    0.37971E+00
        -0.79979E-02   -0.21544E-03    0.41808E+00   -0.41906E-02
         0.00000E+00    0.43126E+00    0.00000E+00

     Iteration Number =  2     Error=  0.4373E-01

         0.00000E+00    0.00000E+00    0.00000E+00    0.22249E-03
         0.23442E-01   -0.69726E-02    0.21265E-03    0.80966E-01
        -0.11008E-01    0.91546E-05    0.15590E+00   -0.12633E-01
        -0.24462E-03    0.23471E+00   -0.12323E-01   -0.41176E-03
         0.30667E+00   -0.10513E-01   -0.41626E-03    0.36371E+00
        -0.76059E-02   -0.25782E-03    0.40017E+00   -0.39806E-02
         0.00000E+00    0.41269E+00    0.00000E+00

     Iteration Number =  3     Error=  0.9847E-02

         0.00000E+00    0.00000E+00    0.00000E+00    0.21463E-03
         0.23611E-01   -0.70253E-02    0.20359E-03    0.81610E-01
        -0.11104E-01    0.57908E-05    0.15725E+00   -0.12756E-01
        -0.23933E-03    0.23687E+00   -0.12455E-01   -0.39981E-03
         0.30964E+00   -0.10633E-01   -0.40304E-03    0.36735E+00
        -0.76971E-02   -0.24930E-03    0.40425E+00   -0.40296E-02
         0.00000E+00    0.41693E+00    0.00000E+00

     Iteration Number =  4     Error=  0.2230E-02

         0.00000E+00    0.00000E+00    0.00000E+00    0.21646E-03
         0.23573E-01   -0.70134E-02    0.20575E-03    0.81465E-01
        -0.11082E-01    0.66971E-05    0.15694E+00   -0.12728E-01
        -0.24042E-03    0.23638E+00   -0.12425E-01   -0.40248E-03
         0.30897E+00   -0.10606E-01   -0.40606E-03    0.36653E+00
        -0.76764E-02   -0.25127E-03    0.40333E+00   -0.40185E-02
         0.00000E+00    0.41597E+00    0.00000E+00


   STEP NUMBER =  5   SOURCE VALUE =  0.5000E+00

     Number of iterations taken for convergence.. =  5
     The Euclidean norm of the solution error ... =  0.5050E-03
     The CONVERGED solution is:

         0.00000E+00    0.00000E+00    0.00000E+00    0.21605E-03
         0.23582E-01   -0.70161E-02    0.20526E-03    0.81498E-01
        -0.11087E-01    0.64900E-05    0.15701E+00   -0.12735E-01
        -0.24018E-03    0.23649E+00   -0.12431E-01   -0.40188E-03
         0.30912E+00   -0.10612E-01   -0.40538E-03    0.36672E+00
        -0.76811E-02   -0.25082E-03    0.40354E+00   -0.40210E-02
         0.00000E+00    0.41619E+00    0.00000E+00

     Iteration Number =  1     Error=  0.1666E+00

         0.00000E+00    0.00000E+00    0.00000E+00    0.25937E-03
         0.28296E-01   -0.84186E-02    0.24645E-03    0.97788E-01
        -0.13303E-01    0.78446E-05    0.18840E+00   -0.15280E-01
        -0.28828E-03    0.28376E+00   -0.14916E-01   -0.48242E-03
         0.37090E+00   -0.12733E-01   -0.48664E-03    0.44001E+00
        -0.92160E-02   -0.30111E-03    0.48419E+00   -0.48245E-02
         0.00000E+00    0.49936E+00    0.00000E+00

     Iteration Number =  2     Error=  0.4789E-01

         0.00000E+00    0.00000E+00    0.00000E+00    0.29561E-03
         0.27328E-01   -0.81174E-02    0.27759E-03    0.94116E-01
        -0.12760E-01    0.24823E-05    0.18078E+00   -0.14589E-01
        -0.33568E-03    0.27162E+00   -0.14187E-01   -0.55534E-03
         0.35435E+00   -0.12075E-01   -0.55778E-03    0.41979E+00
        -0.87212E-02   -0.34442E-03    0.46156E+00   -0.45596E-02
         0.00000E+00    0.47589E+00    0.00000E+00

     Iteration Number =  3     Error=  0.1380E-01

         0.00000E+00    0.00000E+00    0.00000E+00    0.28515E-03
         0.27602E-01   -0.82030E-02    0.26565E-03    0.95162E-01
        -0.12916E-01   -0.17238E-05    0.18297E+00   -0.14790E-01
        -0.32834E-03    0.27513E+00   -0.14402E-01   -0.53921E-03
         0.35917E+00   -0.12270E-01   -0.54008E-03    0.42570E+00
        -0.88693E-02   -0.33305E-03    0.46819E+00   -0.46392E-02
         0.00000E+00    0.48278E+00    0.00000E+00

     Iteration Number =  4     Error=  0.4031E-02

         0.00000E+00    0.00000E+00    0.00000E+00    0.28829E-03
         0.27522E-01   -0.81782E-02    0.26935E-03    0.94858E-01
        -0.12871E-01   -0.20819E-06    0.18233E+00   -0.14731E-01
        -0.33025E-03    0.27411E+00   -0.14339E-01   -0.54384E-03
         0.35777E+00   -0.12213E-01   -0.54528E-03    0.42398E+00
        -0.88260E-02   -0.33643E-03    0.46626E+00   -0.46160E-02
         0.00000E+00    0.48077E+00    0.00000E+00

     Iteration Number =  5     Error=  0.1175E-02

         0.00000E+00    0.00000E+00    0.00000E+00    0.28738E-03
         0.27545E-01   -0.81854E-02    0.26828E-03    0.94947E-01
        -0.12884E-01   -0.65399E-06    0.18252E+00   -0.14748E-01
        -0.32970E-03    0.27440E+00   -0.14358E-01   -0.54250E-03
         0.35817E+00   -0.12230E-01   -0.54378E-03    0.42448E+00
        -0.88387E-02   -0.33546E-03    0.46682E+00   -0.46228E-02
         0.00000E+00    0.48136E+00    0.00000E+00


   STEP NUMBER =  6   SOURCE VALUE =  0.6000E+00

     Number of iterations taken for convergence.. =  6
     The Euclidean norm of the solution error ... =  0.3427E-03
     The CONVERGED solution is:

         0.00000E+00    0.00000E+00    0.00000E+00    0.28765E-03
         0.27539E-01   -0.81833E-02    0.26859E-03    0.94921E-01
        -0.12880E-01   -0.52306E-06    0.18246E+00   -0.14743E-01
        -0.32986E-03    0.27432E+00   -0.14352E-01   -0.54289E-03
         0.35806E+00   -0.12225E-01   -0.54422E-03    0.42434E+00
        -0.88350E-02   -0.33574E-03    0.46666E+00   -0.46208E-02
         0.00000E+00    0.48119E+00    0.00000E+00

     Iteration Number =  1     Error=  0.1429E+00

         0.00000E+00    0.00000E+00    0.00000E+00    0.33550E-03
         0.32131E-01   -0.95479E-02    0.31325E-03    0.11075E+00
        -0.15028E-01   -0.65476E-06    0.21289E+00   -0.17202E-01
        -0.38479E-03    0.32007E+00   -0.16746E-01   -0.63324E-03
         0.41777E+00   -0.14264E-01   -0.63477E-03    0.49511E+00
        -0.10309E-01   -0.39160E-03    0.54449E+00   -0.53916E-02
         0.00000E+00    0.56144E+00    0.00000E+00

     Iteration Number =  2     Error=  0.5062E-01

         0.00000E+00    0.00000E+00    0.00000E+00    0.37070E-03
         0.30980E-01   -0.91900E-02    0.34159E-03    0.10639E+00
        -0.14382E-01   -0.95915E-05    0.20385E+00   -0.16382E-01
        -0.43494E-03    0.30565E+00   -0.15882E-01   -0.70727E-03
         0.39813E+00   -0.13485E-01   -0.70572E-03    0.47112E+00
        -0.97225E-02   -0.43442E-03    0.51764E+00   -0.50778E-02
         0.00000E+00    0.53359E+00    0.00000E+00

     Iteration Number =  3     Error=  0.1763E-01

         0.00000E+00    0.00000E+00    0.00000E+00    0.35808E-03
         0.31374E-01   -0.93133E-02    0.32734E-03    0.10789E+00
        -0.14607E-01   -0.14315E-04    0.20699E+00   -0.16672E-01
        -0.42567E-03    0.31071E+00   -0.16191E-01   -0.68748E-03
         0.40506E+00   -0.13766E-01   -0.68416E-03    0.47963E+00
        -0.99357E-02   -0.42064E-03    0.52719E+00   -0.51925E-02
         0.00000E+00    0.54351E+00    0.00000E+00

     Iteration Number =  4     Error=  0.6283E-02

         0.00000E+00    0.00000E+00    0.00000E+00    0.36270E-03
         0.31235E-01   -0.92698E-02    0.33277E-03    0.10736E+00
        -0.14528E-01   -0.12146E-04    0.20588E+00   -0.16569E-01
        -0.42856E-03    0.30892E+00   -0.16081E-01   -0.69435E-03
         0.40261E+00   -0.13666E-01   -0.69187E-03    0.47661E+00
        -0.98599E-02   -0.42563E-03    0.52380E+00   -0.51517E-02
         0.00000E+00    0.54000E+00    0.00000E+00

     Iteration Number =  5     Error=  0.2225E-02

         0.00000E+00    0.00000E+00    0.00000E+00    0.36108E-03
         0.31284E-01   -0.92852E-02    0.33086E-03    0.10755E+00
        -0.14556E-01   -0.12922E-04    0.20628E+00   -0.16605E-01
        -0.42756E-03    0.30955E+00   -0.16120E-01   -0.69194E-03
         0.40348E+00   -0.13702E-01   -0.68916E-03    0.47768E+00
        -0.98869E-02   -0.42387E-03    0.52501E+00   -0.51662E-02
         0.00000E+00    0.54124E+00    0.00000E+00


   STEP NUMBER =  7   SOURCE VALUE =  0.7000E+00

     Number of iterations taken for convergence.. =  6
     The Euclidean norm of the solution error ... =  0.7899E-03
     The CONVERGED solution is:

         0.00000E+00    0.00000E+00    0.00000E+00    0.36166E-03
         0.31267E-01   -0.92797E-02    0.33154E-03    0.10748E+00
        -0.14546E-01   -0.12644E-04    0.20614E+00   -0.16593E-01
        -0.42791E-03    0.30933E+00   -0.16106E-01   -0.69280E-03
         0.40317E+00   -0.13689E-01   -0.69012E-03    0.47730E+00
        -0.98773E-02   -0.42450E-03    0.52458E+00   -0.51610E-02
         0.00000E+00    0.54080E+00    0.00000E+00

     Iteration Number =  1     Error=  0.1252E+00

         0.00000E+00    0.00000E+00    0.00000E+00    0.41309E-03
         0.35741E-01   -0.10608E-01    0.37862E-03    0.12286E+00
        -0.16628E-01   -0.14563E-04    0.23564E+00   -0.18968E-01
        -0.48890E-03    0.35361E+00   -0.18413E-01   -0.79142E-03
         0.46089E+00   -0.15650E-01   -0.78832E-03    0.54564E+00
        -0.11292E-01   -0.48489E-03    0.59969E+00   -0.59004E-02
         0.00000E+00    0.61824E+00    0.00000E+00

     Iteration Number =  2     Error=  0.5222E-01

         0.00000E+00    0.00000E+00    0.00000E+00    0.44637E-03
         0.34431E-01   -0.10200E-01    0.40327E-03    0.11790E+00
        -0.15894E-01   -0.27163E-04    0.22536E+00   -0.18036E-01
        -0.54087E-03    0.33723E+00   -0.17432E-01   -0.86494E-03
         0.43857E+00   -0.14765E-01   -0.85744E-03    0.51840E+00
        -0.10627E-01   -0.52620E-03    0.56921E+00   -0.55447E-02
         0.00000E+00    0.58662E+00    0.00000E+00

     Iteration Number =  3     Error=  0.2115E-01

         0.00000E+00    0.00000E+00    0.00000E+00    0.43211E-03
         0.34954E-01   -0.10364E-01    0.38740E-03    0.11990E+00
        -0.16192E-01   -0.32054E-04    0.22953E+00   -0.18420E-01
        -0.52990E-03    0.34393E+00   -0.17841E-01   -0.84222E-03
         0.44776E+00   -0.15138E-01   -0.83292E-03    0.52968E+00
        -0.10910E-01   -0.51057E-03    0.58187E+00   -0.56967E-02
         0.00000E+00    0.59976E+00    0.00000E+00

     Iteration Number =  4     Error=  0.8840E-02

         0.00000E+00    0.00000E+00    0.00000E+00    0.43824E-03
         0.34738E-01   -0.10296E-01    0.39454E-03    0.11907E+00
        -0.16069E-01   -0.29270E-04    0.22781E+00   -0.18261E-01
        -0.53383E-03    0.34116E+00   -0.17672E-01   -0.85139E-03
         0.44396E+00   -0.14983E-01   -0.84315E-03    0.52501E+00
        -0.10793E-01   -0.51719E-03    0.57662E+00   -0.56334E-02
         0.00000E+00    0.59432E+00    0.00000E+00

     Iteration Number =  5     Error=  0.3654E-02

         0.00000E+00    0.00000E+00    0.00000E+00    0.43572E-03
         0.34828E-01   -0.10324E-01    0.39160E-03    0.11941E+00
        -0.16120E-01   -0.30436E-04    0.22852E+00   -0.18327E-01
        -0.53224E-03    0.34231E+00   -0.17742E-01   -0.84765E-03
         0.44554E+00   -0.15048E-01   -0.83896E-03    0.52694E+00
        -0.10841E-01   -0.51447E-03    0.57880E+00   -0.56597E-02
         0.00000E+00    0.59658E+00    0.00000E+00

     Iteration Number =  6     Error=  0.1518E-02

         0.00000E+00    0.00000E+00    0.00000E+00    0.43677E-03
         0.34791E-01   -0.10313E-01    0.39283E-03    0.11927E+00
        -0.16098E-01   -0.29945E-04    0.22822E+00   -0.18300E-01
        -0.53290E-03    0.34183E+00   -0.17713E-01   -0.84920E-03
         0.44488E+00   -0.15021E-01   -0.84070E-03    0.52614E+00
        -0.10821E-01   -0.51560E-03    0.57789E+00   -0.56488E-02
         0.00000E+00    0.59564E+00    0.00000E+00


   STEP NUMBER =  8   SOURCE VALUE =  0.8000E+00

     Number of iterations taken for convergence.. =  7
     The Euclidean norm of the solution error ... =  0.6293E-03
     The CONVERGED solution is:

         0.00000E+00    0.00000E+00    0.00000E+00    0.43634E-03
         0.34806E-01   -0.10318E-01    0.39232E-03    0.11933E+00
        -0.16107E-01   -0.30148E-04    0.22835E+00   -0.18311E-01
        -0.53263E-03    0.34203E+00   -0.17725E-01   -0.84856E-03
         0.44515E+00   -0.15032E-01   -0.83998E-03    0.52647E+00
        -0.10830E-01   -0.51514E-03    0.57827E+00   -0.56533E-02
         0.00000E+00    0.59603E+00    0.00000E+00

     Iteration Number =  1     Error=  0.1109E+00

         0.00000E+00    0.00000E+00    0.00000E+00    0.49108E-03
         0.39150E-01   -0.11605E-01    0.44160E-03    0.13422E+00
        -0.18117E-01   -0.33822E-04    0.25683E+00   -0.20595E-01
        -0.59933E-03    0.38469E+00   -0.19935E-01   -0.95493E-03
         0.50067E+00   -0.16906E-01   -0.94532E-03    0.59213E+00
        -0.12179E-01   -0.57975E-03    0.65038E+00   -0.63579E-02
         0.00000E+00    0.67035E+00    0.00000E+00

     Iteration Number =  2     Error=  0.5270E-01

         0.00000E+00    0.00000E+00    0.00000E+00    0.52168E-03
         0.37713E-01   -0.11158E-01    0.46181E-03    0.12878E+00
        -0.17312E-01   -0.50114E-04    0.24556E+00   -0.19574E-01
        -0.65227E-03    0.36675E+00   -0.18862E-01   -0.10265E-02
         0.47623E+00   -0.15939E-01   -0.10112E-02    0.56230E+00
        -0.11453E-01   -0.61867E-03    0.61701E+00   -0.59693E-02
         0.00000E+00    0.63575E+00    0.00000E+00

     Iteration Number =  3     Error=  0.2414E-01

         0.00000E+00    0.00000E+00    0.00000E+00    0.50645E-03
         0.38362E-01   -0.11361E-01    0.44511E-03    0.13125E+00
        -0.17682E-01   -0.54813E-04    0.25074E+00   -0.20051E-01
        -0.63995E-03    0.37506E+00   -0.19370E-01   -0.10018E-02
         0.48764E+00   -0.16402E-01   -0.98474E-03    0.57631E+00
        -0.11804E-01   -0.60190E-03    0.63273E+00   -0.61581E-02
         0.00000E+00    0.65207E+00    0.00000E+00

     Iteration Number =  4     Error=  0.1150E-01

         0.00000E+00    0.00000E+00    0.00000E+00    0.51390E-03
         0.38058E-01   -0.11266E-01    0.45374E-03    0.13009E+00
        -0.17508E-01   -0.51535E-04    0.24831E+00   -0.19827E-01
        -0.64485E-03    0.37116E+00   -0.19131E-01   -0.10130E-02
         0.48228E+00   -0.16183E-01   -0.99724E-03    0.56971E+00
        -0.11638E-01   -0.60997E-03    0.62533E+00   -0.60687E-02
         0.00000E+00    0.64438E+00    0.00000E+00

     Iteration Number =  5     Error=  0.5389E-02

         0.00000E+00    0.00000E+00    0.00000E+00    0.51043E-03
         0.38201E-01   -0.11311E-01    0.44971E-03    0.13064E+00
        -0.17590E-01   -0.53099E-04    0.24945E+00   -0.19932E-01
        -0.64261E-03    0.37300E+00   -0.19243E-01   -0.10078E-02
         0.48481E+00   -0.16287E-01   -0.99144E-03    0.57282E+00
        -0.11716E-01   -0.60622E-03    0.62882E+00   -0.61109E-02
         0.00000E+00    0.64801E+00    0.00000E+00

     Iteration Number =  6     Error=  0.2546E-02

         0.00000E+00    0.00000E+00    0.00000E+00    0.51208E-03
         0.38134E-01   -0.11290E-01    0.45163E-03    0.13038E+00
        -0.17552E-01   -0.52346E-04    0.24891E+00   -0.19882E-01
        -0.64366E-03    0.37213E+00   -0.19190E-01   -0.10103E-02
         0.48361E+00   -0.16238E-01   -0.99419E-03    0.57136E+00
        -0.11679E-01   -0.60799E-03    0.62717E+00   -0.60910E-02
         0.00000E+00    0.64630E+00    0.00000E+00

     Iteration Number =  7     Error=  0.1199E-02

         0.00000E+00    0.00000E+00    0.00000E+00    0.51131E-03
         0.38165E-01   -0.11300E-01    0.45073E-03    0.13050E+00
        -0.17570E-01   -0.52699E-04    0.24917E+00   -0.19906E-01
        -0.64317E-03    0.37254E+00   -0.19215E-01   -0.10091E-02
         0.48418E+00   -0.16261E-01   -0.99289E-03    0.57205E+00
        -0.11697E-01   -0.60716E-03    0.62795E+00   -0.61004E-02
         0.00000E+00    0.64710E+00    0.00000E+00


   STEP NUMBER =  9   SOURCE VALUE =  0.9000E+00

     Number of iterations taken for convergence.. =  8
     The Euclidean norm of the solution error ... =  0.5652E-03
     The CONVERGED solution is:

         0.00000E+00    0.00000E+00    0.00000E+00    0.51167E-03
         0.38150E-01   -0.11295E-01    0.45115E-03    0.13045E+00
        -0.17561E-01   -0.52532E-04    0.24905E+00   -0.19895E-01
        -0.64340E-03    0.37234E+00   -0.19204E-01   -0.10097E-02
         0.48391E+00   -0.16250E-01   -0.99350E-03    0.57172E+00
        -0.11689E-01   -0.60755E-03    0.62758E+00   -0.60960E-02
         0.00000E+00    0.64672E+00    0.00000E+00

     Iteration Number =  1     Error=  0.1002E+00

         0.00000E+00    0.00000E+00    0.00000E+00    0.56833E-03
         0.42397E-01   -0.12552E-01    0.50106E-03    0.14497E+00
        -0.19517E-01   -0.58456E-04    0.27678E+00   -0.22111E-01
        -0.71477E-03    0.41382E+00   -0.21343E-01   -0.11216E-02
         0.53782E+00   -0.18061E-01   -0.11036E-02    0.63542E+00
        -0.12992E-01   -0.67485E-03    0.69750E+00   -0.67756E-02
         0.00000E+00    0.71878E+00    0.00000E+00

     Iteration Number =  2     Error=  0.5308E-01

         0.00000E+00    0.00000E+00    0.00000E+00    0.59627E-03
         0.40842E-01   -0.12069E-01    0.51703E-03    0.13908E+00
        -0.18647E-01   -0.78123E-04    0.26459E+00   -0.21008E-01
        -0.76835E-03    0.39441E+00   -0.20184E-01   -0.11910E-02
         0.51140E+00   -0.17017E-01   -0.11661E-02    0.60319E+00
        -0.12207E-01   -0.71138E-03    0.66145E+00   -0.63563E-02
         0.00000E+00    0.68139E+00    0.00000E+00

     Iteration Number =  3     Error=  0.2693E-01

         0.00000E+00    0.00000E+00    0.00000E+00    0.58045E-03
         0.41620E-01   -0.12312E-01    0.49996E-03    0.14205E+00
        -0.19091E-01   -0.82421E-04    0.27081E+00   -0.21580E-01
        -0.75488E-03    0.40440E+00   -0.20794E-01   -0.11648E-02
         0.52510E+00   -0.17573E-01   -0.11384E-02    0.62000E+00
        -0.12629E-01   -0.69386E-03    0.68032E+00   -0.65831E-02
         0.00000E+00    0.70099E+00    0.00000E+00

     Iteration Number =  4     Error=  0.1431E-01

         0.00000E+00    0.00000E+00    0.00000E+00    0.58908E-03
         0.41215E-01   -0.12186E-01    0.50989E-03    0.14050E+00
        -0.18859E-01   -0.78751E-04    0.26756E+00   -0.21281E-01
        -0.76071E-03    0.39918E+00   -0.20474E-01   -0.11780E-02
         0.51793E+00   -0.17281E-01   -0.11529E-02    0.61119E+00
        -0.12407E-01   -0.70323E-03    0.67043E+00   -0.64635E-02
         0.00000E+00    0.69071E+00    0.00000E+00

     Iteration Number =  5     Error=  0.7442E-02

         0.00000E+00    0.00000E+00    0.00000E+00    0.58462E-03
         0.41427E-01   -0.12252E-01    0.50473E-03    0.14131E+00
        -0.18980E-01   -0.80705E-04    0.26926E+00   -0.21437E-01
        -0.75777E-03    0.40191E+00   -0.20642E-01   -0.11712E-02
         0.52168E+00   -0.17434E-01   -0.11454E-02    0.61580E+00
        -0.12524E-01   -0.69840E-03    0.67562E+00   -0.65263E-02
         0.00000E+00    0.69610E+00    0.00000E+00

     Iteration Number =  6     Error=  0.3916E-02

         0.00000E+00    0.00000E+00    0.00000E+00    0.58698E-03
         0.41316E-01   -0.12217E-01    0.50747E-03    0.14089E+00
        -0.18917E-01   -0.79651E-04    0.26837E+00   -0.21355E-01
        -0.75930E-03    0.40048E+00   -0.20554E-01   -0.11748E-02
         0.51972E+00   -0.17354E-01   -0.11494E-02    0.61339E+00
        -0.12463E-01   -0.70095E-03    0.67290E+00   -0.64934E-02
         0.00000E+00    0.69328E+00    0.00000E+00

     Iteration Number =  7     Error=  0.2048E-02

         0.00000E+00    0.00000E+00    0.00000E+00    0.58575E-03
         0.41374E-01   -0.12235E-01    0.50604E-03    0.14111E+00
        -0.18950E-01   -0.80199E-04    0.26884E+00   -0.21398E-01
        -0.75850E-03    0.40123E+00   -0.20600E-01   -0.11729E-02
         0.52075E+00   -0.17396E-01   -0.11473E-02    0.61465E+00
        -0.12495E-01   -0.69962E-03    0.67432E+00   -0.65106E-02
         0.00000E+00    0.69476E+00    0.00000E+00

     Iteration Number =  8     Error=  0.1075E-02

         0.00000E+00    0.00000E+00    0.00000E+00    0.58640E-03
         0.41343E-01   -0.12226E-01    0.50679E-03    0.14099E+00
        -0.18932E-01   -0.79910E-04    0.26859E+00   -0.21376E-01
        -0.75892E-03    0.40084E+00   -0.20576E-01   -0.11739E-02
         0.52021E+00   -0.17374E-01   -0.11484E-02    0.61399E+00
        -0.12478E-01   -0.70032E-03    0.67357E+00   -0.65016E-02
         0.00000E+00    0.69398E+00    0.00000E+00


   STEP NUMBER = 10   SOURCE VALUE =  0.1000E+01

     Number of iterations taken for convergence.. =  9
     The Euclidean norm of the solution error ... =  0.5630E-03
     The CONVERGED solution is:

         0.00000E+00    0.00000E+00    0.00000E+00    0.58606E-03
         0.41359E-01   -0.12231E-01    0.50640E-03    0.14106E+00
        -0.18942E-01   -0.80061E-04    0.26872E+00   -0.21388E-01
        -0.75870E-03    0.40104E+00   -0.20589E-01   -0.11734E-02
         0.52049E+00   -0.17386E-01   -0.11478E-02    0.61434E+00
        -0.12487E-01   -0.69995E-03    0.67397E+00   -0.65063E-02
         0.00000E+00    0.69439E+00    0.00000E+00
