     *** ECHO OF THE INPUT DATA STARTS ***

Example 5.2.1: Nonlinear analysis of a hinged-hinged beam problem               
  2   0   8                        MODEL,IEL,NEM                                
  0.0  50.0                        X0,AL                                        
  1  1  30.0E06  0.3               B,H,E,GNIU                                   
                                                                                
  0.0  0.0  0.0                    FX0,FX1,FX2                                  
  4.0  0.0  0.0                    QX0,QX1,QX2                                  
  5   0   0                        NSPV,NSSV,NSMB                               
  1   1   0.0                       ISPV(1,1),ISPV(1,2),VSPV(1)                 
  1   2   0.0                       ISPV(1,1),ISPV(1,2),VSPV(1)                 
  1   3   0.0                       ISPV(1,1),ISPV(1,2),VSPV(1)                 
  9   1   0.0                       ISPV(2,1),ISPV(2,2),VSPV(2)                 
  9   3   0.0                       ISPV(3,1),ISPV(3,2),VSPV(3)                 
                                                                                
  2   0                            NONLIN,NPRNT                                 
  10   50  1.0E-03  0.0             NLS, ITMAX, EPS, GAMA                       
  2   2                            NGP, LGP                                     
  0.1 0.1 0.1 0.1 0.1                                                           
  0.1 0.1 0.1 0.1 0.1              DP(I)                                        
                                                                                
  0.0 0.0 0.0 0.0 0.0 0.0 0.0                                                   
  0.0 0.0 0.0 0.0 0.0 0.0 0.0                                                   
  0.0 0.0 0.0 0.0 0.0 0.0 0.0                                                   
  0.0 0.0 0.0 0.0 0.0 0.0          GP1(I)                                       

     **** ECHO OF THE INPUT DATA ENDS ****

________________________________________________________________________________
        Output from computer program  FEM1DBEAM              by J. N. Reddy
________________________________________________________________________________


Example 5.2.1: Nonlinear analysis of a hinged-hinged beam problem               

    *** ANALYSIS OF MODEL  2 PROBLEM ***
               (see the code below)

    MODEL=1: A problem described by MODEL EQ. 1
    MODEL=2: A Euler-Bernoulli BEAM problem
    MODEL=3: A Timoshenko BEAM problem


   P R O B L E M   D A T A:

     Coordinate of node 1 ....................... =   0.0000E+00
     Length of the beam ......................... =   0.5000E+02
     Width of cross-section for the beam, B ..... =   0.1000E+01
     Height of cross-section for the beam, H .... =   0.1000E+01
     Elastic modulus of the beam material, E .... =   0.3000E+08
     Axial stiffness for the beam, EA ........... =   0.3000E+08
     Bending stiffness for the beam, EI ......... =   0.2500E+07
     Coefficient of 1 in QX, QX0 ................ =   0.4000E+01
     Coefficient of x in QX, QX1 ................ =   0.0000E+00
     Coefficient of x*x in QX, QX2 .............. =   0.0000E+00
     Coefficient of 1 in FX, FX0 ................ =   0.0000E+00
     Coefficient of x in FX, FX1 ................ =   0.0000E+00
     Coefficient of x*x in FX, FX2 .............. =   0.0000E+00


   M E S H   D A T A:

     Number of elements in the mesh, NEM......... =    8
     Type of element(0:hermite;1:linear;2:quadratic;) .. =    0
     Number of nodes in the mesh, NNM ........... =    9
     Number of deg. of freedom per node, NDF..... =    3
     Number of total DOF in the model, NEQ....... =   27
     GLOBAL COORDINATES OF THE GLOBAL NODES ..... =

        0.0000E+00   0.6250E+01   0.1250E+02   0.1875E+02   0.2500E+02
        0.3125E+02   0.3750E+02   0.4375E+02   0.5000E+02

          CONNECTIVITY MATRIX:

              1    2
              2    3
              3    4
              4    5
              5    6
              6    7
              7    8
              8    9

   B O U N D A R Y   D A T A:

     Number of specified PRIMARY variables ...... =    5
     Specified PRIMARY degrees of freedom ....... :

              1    1   0.0000E+00
              1    2   0.0000E+00
              1    3   0.0000E+00
              9    1   0.0000E+00
              9    3   0.0000E+00

     *** NONLINEAR Analysis with NEWTON ITERATION ***


   NONLINEAR  A N A L Y S I S   D A T A:

     Number of load steps used, NLS ............. =   10
     Maximum allowable number of iterations ..... =   50
     Allowable convergence tolerance (EPS) ...... =   0.1000E-02
     Acceleration parameter:GAMA*GP2+(1-GAMA)*GP1 =   0.0000E+00

   INITIAL (GUESS) VECTOR:

     0.00000E+00  0.00000E+00  0.00000E+00  0.00000E+00  0.00000E+00  0.00000E+00  0.00000E+00  0.00000E+00  0.00000E+00  0.00000E+00  0.00000E+00  0.00000E+00  0.00000E+00  0.00000E+00  0.00000E+00  0.00000E+00  0.00000E+00  0.00000E+00  0.00000E+00  0.00000E+00  0.00000E+00  0.00000E+00  0.00000E+00  0.00000E+00

   INITIAL (GUESS) VECTOR:

     0.00000E+00  0.00000E+00  0.00000E+00

     First iteration solution at source value ... =  0.1000E+00

         0.00000E+00    0.00000E+00    0.00000E+00    0.00000E+00
         0.11444E-02   -0.34180E-03    0.00000E+00    0.39876E-02
        -0.54687E-03    0.00000E+00    0.77362E-02   -0.63477E-03
         0.00000E+00    0.11719E-01   -0.62500E-03    0.00000E+00
         0.15386E-01   -0.53711E-03    0.00000E+00    0.18311E-01
        -0.39062E-03    0.00000E+00    0.20187E-01   -0.20508E-03
         0.00000E+00    0.20833E-01    0.00000E+00

     Iteration Number =  1     Error=  0.1000E+01

         0.00000E+00    0.00000E+00    0.00000E+00    0.00000E+00
         0.11444E-02   -0.34180E-03    0.00000E+00    0.39876E-02
        -0.54687E-03    0.00000E+00    0.77362E-02   -0.63477E-03
         0.00000E+00    0.11719E-01   -0.62500E-03    0.00000E+00
         0.15386E-01   -0.53711E-03    0.00000E+00    0.18311E-01
        -0.39062E-03    0.00000E+00    0.20187E-01   -0.20508E-03
         0.00000E+00    0.20833E-01    0.00000E+00

     Iteration Number =  2     Error=  0.3331E+00

         0.00000E+00    0.00000E+00    0.00000E+00    0.12111E-05
         0.17162E-02   -0.51257E-03    0.12609E-05    0.59799E-02
        -0.82008E-03    0.23903E-06    0.11601E-01   -0.95185E-03
        -0.11303E-05    0.17573E-01   -0.93718E-03   -0.20904E-05
         0.23072E-01   -0.80538E-03   -0.21857E-05    0.27457E-01
        -0.58573E-03   -0.13777E-05    0.30271E-01   -0.30751E-03
         0.00000E+00    0.31240E-01    0.00000E+00

     Iteration Number =  3     Error=  0.1426E+00

         0.00000E+00    0.00000E+00    0.00000E+00    0.16957E-05
         0.20018E-02   -0.59785E-03    0.17382E-05    0.69748E-02
        -0.95649E-03    0.27579E-06    0.13531E-01   -0.11102E-02
        -0.16605E-05    0.20496E-01   -0.10930E-02   -0.30039E-05
         0.26909E-01   -0.93929E-03   -0.31177E-05    0.32024E-01
        -0.68311E-03   -0.19568E-05    0.35306E-01   -0.35863E-03
         0.00000E+00    0.36435E-01    0.00000E+00

     Iteration Number =  4     Error=  0.6645E-01

         0.00000E+00    0.00000E+00    0.00000E+00    0.19076E-05
         0.21444E-02   -0.64043E-03    0.19383E-05    0.74715E-02
        -0.10246E-02    0.27342E-06    0.14494E-01   -0.11892E-02
        -0.19167E-05    0.21955E-01   -0.11708E-02   -0.34272E-05
         0.28825E-01   -0.10061E-02   -0.35430E-05    0.34303E-01
        -0.73170E-03   -0.22187E-05    0.37818E-01   -0.38414E-03
         0.00000E+00    0.39028E-01    0.00000E+00

     Iteration Number =  5     Error=  0.3210E-01

         0.00000E+00    0.00000E+00    0.00000E+00    0.20058E-05
         0.22156E-02   -0.66169E-03    0.20287E-05    0.77195E-02
        -0.10586E-02    0.26704E-06    0.14975E-01   -0.12286E-02
        -0.20425E-05    0.22683E-01   -0.12096E-02   -0.36304E-05
         0.29781E-01   -0.10395E-02   -0.37454E-05    0.35441E-01
        -0.75595E-03   -0.23427E-05    0.39073E-01   -0.39687E-03
         0.00000E+00    0.40323E-01    0.00000E+00

     Iteration Number =  6     Error=  0.1577E-01

         0.00000E+00    0.00000E+00    0.00000E+00    0.20530E-05
         0.22511E-02   -0.67231E-03    0.20714E-05    0.78433E-02
        -0.10756E-02    0.26255E-06    0.15215E-01   -0.12483E-02
        -0.21048E-05    0.23047E-01   -0.12290E-02   -0.37298E-05
         0.30258E-01   -0.10561E-02   -0.38440E-05    0.36009E-01
        -0.76805E-03   -0.24028E-05    0.39699E-01   -0.40322E-03
         0.00000E+00    0.40969E-01    0.00000E+00

     Iteration Number =  7     Error=  0.7812E-02

         0.00000E+00    0.00000E+00    0.00000E+00    0.20761E-05
         0.22689E-02   -0.67761E-03    0.20921E-05    0.79052E-02
        -0.10840E-02    0.25997E-06    0.15335E-01   -0.12581E-02
        -0.21358E-05    0.23229E-01   -0.12387E-02   -0.37790E-05
         0.30496E-01   -0.10644E-02   -0.38926E-05    0.36292E-01
        -0.77409E-03   -0.24325E-05    0.40011E-01   -0.40639E-03
         0.00000E+00    0.41291E-01    0.00000E+00

     Iteration Number =  8     Error=  0.3885E-02

         0.00000E+00    0.00000E+00    0.00000E+00    0.20875E-05
         0.22778E-02   -0.68026E-03    0.21023E-05    0.79361E-02
        -0.10883E-02    0.25860E-06    0.15395E-01   -0.12630E-02
        -0.21512E-05    0.23319E-01   -0.12435E-02   -0.38034E-05
         0.30615E-01   -0.10686E-02   -0.39167E-05    0.36434E-01
        -0.77711E-03   -0.24471E-05    0.40167E-01   -0.40797E-03
         0.00000E+00    0.41452E-01    0.00000E+00

     Iteration Number =  9     Error=  0.1935E-02

         0.00000E+00    0.00000E+00    0.00000E+00    0.20932E-05
         0.22822E-02   -0.68158E-03    0.21074E-05    0.79515E-02
        -0.10904E-02    0.25789E-06    0.15425E-01   -0.12655E-02
        -0.21589E-05    0.23365E-01   -0.12459E-02   -0.38155E-05
         0.30675E-01   -0.10706E-02   -0.39287E-05    0.36504E-01
        -0.77861E-03   -0.24544E-05    0.40245E-01   -0.40876E-03
         0.00000E+00    0.41533E-01    0.00000E+00


   STEP NUMBER =  1   SOURCE VALUE =  0.1000E+00

     Number of iterations taken for convergence.. = 10
     The Euclidean norm of the solution error ... =  0.9653E-03
     The CONVERGED solution is:

         0.00000E+00    0.00000E+00    0.00000E+00    0.20960E-05
         0.22844E-02   -0.68224E-03    0.21099E-05    0.79592E-02
        -0.10914E-02    0.25753E-06    0.15440E-01   -0.12667E-02
        -0.21627E-05    0.23387E-01   -0.12471E-02   -0.38216E-05
         0.30704E-01   -0.10717E-02   -0.39346E-05    0.36539E-01
        -0.77936E-03   -0.24581E-05    0.40284E-01   -0.40915E-03
         0.00000E+00    0.41573E-01    0.00000E+00

     Iteration Number =  1     Error=  0.3336E+00

         0.00000E+00    0.00000E+00    0.00000E+00    0.48270E-05
         0.34280E-02   -0.10238E-02    0.50237E-05    0.11943E-01
        -0.16377E-02    0.94840E-06    0.23168E-01   -0.19007E-02
        -0.45098E-05    0.35093E-01   -0.18712E-02   -0.83357E-05
         0.46072E-01   -0.16080E-02   -0.87136E-05    0.54827E-01
        -0.11694E-02   -0.54919E-05    0.60446E-01   -0.61390E-03
         0.00000E+00    0.62379E-01    0.00000E+00

     Iteration Number =  2     Error=  0.1421E+00

         0.00000E+00    0.00000E+00    0.00000E+00    0.67514E-05
         0.39969E-02   -0.11936E-02    0.69153E-05    0.13925E-01
        -0.19093E-02    0.10869E-05    0.27010E-01   -0.22156E-02
        -0.66240E-05    0.40910E-01   -0.21811E-02   -0.11970E-04
         0.53707E-01   -0.18742E-02   -0.12419E-04    0.63911E-01
        -0.13629E-02   -0.77937E-05    0.70459E-01   -0.71549E-03
         0.00000E+00    0.72713E-01    0.00000E+00

     Iteration Number =  3     Error=  0.6594E-01

         0.00000E+00    0.00000E+00    0.00000E+00    0.75847E-05
         0.42799E-02   -0.12781E-02    0.76986E-05    0.14910E-01
        -0.20442E-02    0.10701E-05    0.28919E-01   -0.23720E-02
        -0.76405E-05    0.43800E-01   -0.23350E-02   -0.13643E-04
         0.57499E-01   -0.20063E-02   -0.14097E-04    0.68422E-01
        -0.14589E-02   -0.88259E-05    0.75432E-01   -0.76588E-03
         0.00000E+00    0.77844E-01    0.00000E+00

     Iteration Number =  4     Error=  0.3171E-01

         0.00000E+00    0.00000E+00    0.00000E+00    0.79682E-05
         0.44207E-02   -0.13201E-02    0.80488E-05    0.15399E-01
        -0.21113E-02    0.10401E-05    0.29868E-01   -0.24497E-02
        -0.81374E-05    0.45236E-01   -0.24113E-02   -0.14441E-04
         0.59383E-01   -0.20718E-02   -0.14890E-04    0.70663E-01
        -0.15065E-02   -0.93111E-05    0.77901E-01   -0.79087E-03
         0.00000E+00    0.80392E-01    0.00000E+00

     Iteration Number =  5     Error=  0.1551E-01

         0.00000E+00    0.00000E+00    0.00000E+00    0.81512E-05
         0.44908E-02   -0.13410E-02    0.82130E-05    0.15643E-01
        -0.21446E-02    0.10197E-05    0.30340E-01   -0.24883E-02
        -0.83825E-05    0.45949E-01   -0.24492E-02   -0.14830E-04
         0.60319E-01   -0.21043E-02   -0.15274E-04    0.71776E-01
        -0.15302E-02   -0.95454E-05    0.79128E-01   -0.80327E-03
         0.00000E+00    0.81658E-01    0.00000E+00

     Iteration Number =  6     Error=  0.7646E-02

         0.00000E+00    0.00000E+00    0.00000E+00    0.82402E-05
         0.45257E-02   -0.13514E-02    0.82921E-05    0.15764E-01
        -0.21612E-02    0.10080E-05    0.30575E-01   -0.25075E-02
        -0.85040E-05    0.46304E-01   -0.24681E-02   -0.15021E-04
         0.60784E-01   -0.21205E-02   -0.15463E-04    0.72329E-01
        -0.15419E-02   -0.96601E-05    0.79737E-01   -0.80943E-03
         0.00000E+00    0.82286E-01    0.00000E+00

     Iteration Number =  7     Error=  0.3785E-02

         0.00000E+00    0.00000E+00    0.00000E+00    0.82840E-05
         0.45430E-02   -0.13566E-02    0.83307E-05    0.15824E-01
        -0.21694E-02    0.10018E-05    0.30691E-01   -0.25170E-02
        -0.85643E-05    0.46480E-01   -0.24774E-02   -0.15115E-04
         0.61015E-01   -0.21285E-02   -0.15556E-04    0.72603E-01
        -0.15477E-02   -0.97167E-05    0.80039E-01   -0.81248E-03
         0.00000E+00    0.82599E-01    0.00000E+00

     Iteration Number =  8     Error=  0.1877E-02

         0.00000E+00    0.00000E+00    0.00000E+00    0.83056E-05
         0.45516E-02   -0.13592E-02    0.83498E-05    0.15854E-01
        -0.21735E-02    0.99859E-06    0.30749E-01   -0.25217E-02
        -0.85943E-05    0.46568E-01   -0.24821E-02   -0.15162E-04
         0.61130E-01   -0.21325E-02   -0.15602E-04    0.72740E-01
        -0.15506E-02   -0.97448E-05    0.80190E-01   -0.81400E-03
         0.00000E+00    0.82754E-01    0.00000E+00


   STEP NUMBER =  2   SOURCE VALUE =  0.2000E+00

     Number of iterations taken for convergence.. =  9
     The Euclidean norm of the solution error ... =  0.9318E-03
     The CONVERGED solution is:

         0.00000E+00    0.00000E+00    0.00000E+00    0.83163E-05
         0.45559E-02   -0.13604E-02    0.83591E-05    0.15869E-01
        -0.21755E-02    0.99694E-06    0.30778E-01   -0.25241E-02
        -0.86092E-05    0.46611E-01   -0.24844E-02   -0.15185E-04
         0.61187E-01   -0.21345E-02   -0.15625E-04    0.72808E-01
        -0.15521E-02   -0.97586E-05    0.80265E-01   -0.81475E-03
         0.00000E+00    0.82831E-01    0.00000E+00

     Iteration Number =  1     Error=  0.1999E+00

         0.00000E+00    0.00000E+00    0.00000E+00    0.13721E-04
         0.56948E-02   -0.17005E-02    0.14115E-04    0.19835E-01
        -0.27191E-02    0.23430E-05    0.38468E-01   -0.31545E-02
        -0.13278E-04    0.58256E-01   -0.31047E-02   -0.24138E-04
         0.76470E-01   -0.26673E-02   -0.25094E-04    0.90992E-01
        -0.19395E-02   -0.15767E-04    0.10031E+00   -0.10181E-02
         0.00000E+00    0.10352E+00    0.00000E+00

     Iteration Number =  2     Error=  0.8961E-01

         0.00000E+00    0.00000E+00    0.00000E+00    0.16306E-04
         0.62578E-02   -0.18685E-02    0.16574E-04    0.21794E-01
        -0.29871E-02    0.23541E-05    0.42262E-01   -0.34650E-02
        -0.16345E-04    0.63996E-01   -0.34099E-02   -0.29238E-04
         0.84000E-01   -0.29293E-02   -0.30231E-04    0.99948E-01
        -0.21299E-02   -0.18936E-04    0.11018E+00   -0.11180E-02
         0.00000E+00    0.11370E+00    0.00000E+00

     Iteration Number =  3     Error=  0.4228E-01

         0.00000E+00    0.00000E+00    0.00000E+00    0.17454E-04
         0.65361E-02   -0.19515E-02    0.17623E-04    0.22761E-01
        -0.31194E-02    0.22682E-05    0.44134E-01   -0.36179E-02
        -0.17824E-04    0.66826E-01   -0.35601E-02   -0.31617E-04
         0.87710E-01   -0.30581E-02   -0.32596E-04    0.10436E+00
        -0.22234E-02   -0.20383E-04    0.11504E+00   -0.11671E-02
         0.00000E+00    0.11872E+00    0.00000E+00

     Iteration Number =  4     Error=  0.2041E-01

         0.00000E+00    0.00000E+00    0.00000E+00    0.17988E-04
         0.66738E-02   -0.19925E-02    0.18100E-04    0.23239E-01
        -0.31847E-02    0.22023E-05    0.45058E-01   -0.36933E-02
        -0.18547E-04    0.68222E-01   -0.36340E-02   -0.32758E-04
         0.89539E-01   -0.31214E-02   -0.33721E-04    0.10653E+00
        -0.22694E-02   -0.21069E-04    0.11744E+00   -0.11912E-02
         0.00000E+00    0.12119E+00    0.00000E+00

     Iteration Number =  5     Error=  0.9961E-02

         0.00000E+00    0.00000E+00    0.00000E+00    0.18245E-04
         0.67419E-02   -0.20128E-02    0.18325E-04    0.23475E-01
        -0.32169E-02    0.21632E-05    0.45514E-01   -0.37304E-02
        -0.18903E-04    0.68911E-01   -0.36704E-02   -0.33313E-04
         0.90441E-01   -0.31526E-02   -0.34266E-04    0.10760E+00
        -0.22920E-02   -0.21400E-04    0.11862E+00   -0.12030E-02
         0.00000E+00    0.12240E+00    0.00000E+00

     Iteration Number =  6     Error=  0.4888E-02

         0.00000E+00    0.00000E+00    0.00000E+00    0.18369E-04
         0.67756E-02   -0.20228E-02    0.18433E-04    0.23592E-01
        -0.32328E-02    0.21420E-05    0.45740E-01   -0.37488E-02
        -0.19079E-04    0.69251E-01   -0.36884E-02   -0.33585E-04
         0.90886E-01   -0.31679E-02   -0.34533E-04    0.10813E+00
        -0.23031E-02   -0.21562E-04    0.11920E+00   -0.12089E-02
         0.00000E+00    0.12300E+00    0.00000E+00

     Iteration Number =  7     Error=  0.2404E-02

         0.00000E+00    0.00000E+00    0.00000E+00    0.18430E-04
         0.67923E-02   -0.20278E-02    0.18485E-04    0.23649E-01
        -0.32406E-02    0.21308E-05    0.45851E-01   -0.37578E-02
        -0.19165E-04    0.69419E-01   -0.36972E-02   -0.33719E-04
         0.91106E-01   -0.31755E-02   -0.34664E-04    0.10839E+00
        -0.23086E-02   -0.21641E-04    0.11948E+00   -0.12117E-02
         0.00000E+00    0.12330E+00    0.00000E+00

     Iteration Number =  8     Error=  0.1184E-02

         0.00000E+00    0.00000E+00    0.00000E+00    0.18459E-04
         0.68006E-02   -0.20302E-02    0.18511E-04    0.23678E-01
        -0.32445E-02    0.21250E-05    0.45906E-01   -0.37623E-02
        -0.19208E-04    0.69501E-01   -0.37015E-02   -0.33785E-04
         0.91214E-01   -0.31792E-02   -0.34728E-04    0.10852E+00
        -0.23112E-02   -0.21680E-04    0.11962E+00   -0.12131E-02
         0.00000E+00    0.12345E+00    0.00000E+00


   STEP NUMBER =  3   SOURCE VALUE =  0.3000E+00

     Number of iterations taken for convergence.. =  9
     The Euclidean norm of the solution error ... =  0.5837E-03
     The CONVERGED solution is:

         0.00000E+00    0.00000E+00    0.00000E+00    0.18474E-04
         0.68047E-02   -0.20314E-02    0.18523E-04    0.23692E-01
        -0.32464E-02    0.21220E-05    0.45933E-01   -0.37645E-02
        -0.19229E-04    0.69542E-01   -0.37037E-02   -0.33817E-04
         0.91267E-01   -0.31810E-02   -0.34760E-04    0.10858E+00
        -0.23126E-02   -0.21699E-04    0.11969E+00   -0.12138E-02
         0.00000E+00    0.12352E+00    0.00000E+00

     Iteration Number =  1     Error=  0.1421E+00

         0.00000E+00    0.00000E+00    0.00000E+00    0.26439E-04
         0.79343E-02   -0.23686E-02    0.26982E-04    0.27623E-01
        -0.37847E-02    0.40572E-05    0.53550E-01   -0.43882E-02
        -0.26165E-04    0.81070E-01   -0.43170E-02   -0.47053E-04
         0.10639E+00   -0.37076E-02   -0.48739E-04    0.12658E+00
        -0.26953E-02   -0.30564E-04    0.13952E+00   -0.14147E-02
         0.00000E+00    0.14398E+00    0.00000E+00

     Iteration Number =  2     Error=  0.6475E-01

         0.00000E+00    0.00000E+00    0.00000E+00    0.29605E-04
         0.84880E-02   -0.25336E-02    0.29915E-04    0.29546E-01
        -0.40475E-02    0.39052E-05    0.57271E-01   -0.46919E-02
        -0.30130E-04    0.86693E-01   -0.46151E-02   -0.53497E-04
         0.11376E+00   -0.39632E-02   -0.55171E-04    0.13534E+00
        -0.28809E-02   -0.34511E-04    0.14918E+00   -0.15120E-02
         0.00000E+00    0.15394E+00    0.00000E+00

     Iteration Number =  3     Error=  0.3059E-01

         0.00000E+00    0.00000E+00    0.00000E+00    0.31019E-04
         0.87596E-02   -0.26145E-02    0.31175E-04    0.30487E-01
        -0.41759E-02    0.37307E-05    0.59089E-01   -0.48400E-02
        -0.32038E-04    0.89438E-01   -0.47601E-02   -0.56505E-04
         0.11736E+00   -0.40873E-02   -0.58139E-04    0.13961E+00
        -0.29709E-02   -0.36320E-04    0.15388E+00   -0.15592E-02
         0.00000E+00    0.15879E+00    0.00000E+00

     Iteration Number =  4     Error=  0.1470E-01

         0.00000E+00    0.00000E+00    0.00000E+00    0.31678E-04
         0.88929E-02   -0.26542E-02    0.31747E-04    0.30949E-01
        -0.42387E-02    0.36184E-05    0.59979E-01   -0.49122E-02
        -0.32966E-04    0.90779E-01   -0.48307E-02   -0.57943E-04
         0.11911E+00   -0.41477E-02   -0.59547E-04    0.14169E+00
        -0.30146E-02   -0.37174E-04    0.15617E+00   -0.15821E-02
         0.00000E+00    0.16115E+00    0.00000E+00

     Iteration Number =  5     Error=  0.7123E-02

         0.00000E+00    0.00000E+00    0.00000E+00    0.31991E-04
         0.89584E-02   -0.26737E-02    0.32014E-04    0.31175E-01
        -0.42694E-02    0.35552E-05    0.60414E-01   -0.49474E-02
        -0.33420E-04    0.91434E-01   -0.48651E-02   -0.58638E-04
         0.11997E+00   -0.41770E-02   -0.60225E-04    0.14270E+00
        -0.30359E-02   -0.37585E-04    0.15729E+00   -0.15932E-02
         0.00000E+00    0.16230E+00    0.00000E+00

     Iteration Number =  6     Error=  0.3465E-02

         0.00000E+00    0.00000E+00    0.00000E+00    0.32142E-04
         0.89906E-02   -0.26832E-02    0.32141E-04    0.31286E-01
        -0.42844E-02    0.35214E-05    0.60628E-01   -0.49646E-02
        -0.33642E-04    0.91755E-01   -0.48818E-02   -0.58976E-04
         0.12039E+00   -0.41913E-02   -0.60554E-04    0.14320E+00
        -0.30462E-02   -0.37784E-04    0.15783E+00   -0.15986E-02
         0.00000E+00    0.16287E+00    0.00000E+00

     Iteration Number =  7     Error=  0.1689E-02

         0.00000E+00    0.00000E+00    0.00000E+00    0.32215E-04
         0.90064E-02   -0.26879E-02    0.32202E-04    0.31340E-01
        -0.42918E-02    0.35036E-05    0.60732E-01   -0.49730E-02
        -0.33751E-04    0.91912E-01   -0.48900E-02   -0.59141E-04
         0.12059E+00   -0.41982E-02   -0.60714E-04    0.14344E+00
        -0.30512E-02   -0.37880E-04    0.15810E+00   -0.16013E-02
         0.00000E+00    0.16314E+00    0.00000E+00


   STEP NUMBER =  4   SOURCE VALUE =  0.4000E+00

     Number of iterations taken for convergence.. =  8
     The Euclidean norm of the solution error ... =  0.8238E-03
     The CONVERGED solution is:

         0.00000E+00    0.00000E+00    0.00000E+00    0.32250E-04
         0.90141E-02   -0.26902E-02    0.32232E-04    0.31367E-01
        -0.42954E-02    0.34944E-05    0.60783E-01   -0.49771E-02
        -0.33805E-04    0.91988E-01   -0.48940E-02   -0.59222E-04
         0.12069E+00   -0.42016E-02   -0.60792E-04    0.14356E+00
        -0.30536E-02   -0.37927E-04    0.15823E+00   -0.16025E-02
         0.00000E+00    0.16327E+00    0.00000E+00

     Iteration Number =  1     Error=  0.1101E+00

         0.00000E+00    0.00000E+00    0.00000E+00    0.42623E-04
         0.10133E-01   -0.30240E-02    0.43203E-04    0.35257E-01
        -0.48275E-02    0.59246E-05    0.68316E-01   -0.55930E-02
        -0.42937E-04    0.10338E+00   -0.54990E-02   -0.76539E-04
         0.13563E+00   -0.47207E-02   -0.79043E-04    0.16132E+00
        -0.34307E-02   -0.49490E-04    0.17780E+00   -0.18004E-02
         0.00000E+00    0.18347E+00    0.00000E+00

     Iteration Number =  2     Error=  0.5026E-01

         0.00000E+00    0.00000E+00    0.00000E+00    0.46285E-04
         0.10677E-01   -0.31858E-02    0.46509E-04    0.37140E-01
        -0.50842E-02    0.55695E-05    0.71952E-01   -0.58890E-02
        -0.47748E-04    0.10887E+00   -0.57889E-02   -0.84197E-04
         0.14281E+00   -0.49688E-02   -0.86626E-04    0.16986E+00
        -0.36107E-02   -0.54123E-04    0.18720E+00   -0.18947E-02
         0.00000E+00    0.19317E+00    0.00000E+00

     Iteration Number =  3     Error=  0.2361E-01

         0.00000E+00    0.00000E+00    0.00000E+00    0.47914E-04
         0.10941E-01   -0.32643E-02    0.47921E-04    0.38052E-01
        -0.52082E-02    0.52851E-05    0.73709E-01   -0.60314E-02
        -0.50047E-04    0.11152E+00   -0.59279E-02   -0.87752E-04
         0.14627E+00   -0.50875E-02   -0.90106E-04    0.17396E+00
        -0.36967E-02   -0.56235E-04    0.19172E+00   -0.19397E-02
         0.00000E+00    0.19783E+00    0.00000E+00

     Iteration Number =  4     Error=  0.1125E-01

         0.00000E+00    0.00000E+00    0.00000E+00    0.48667E-04
         0.11069E-01   -0.33024E-02    0.48554E-04    0.38495E-01
        -0.52682E-02    0.51152E-05    0.74560E-01   -0.61000E-02
        -0.51157E-04    0.11279E+00   -0.59947E-02   -0.89439E-04
         0.14794E+00   -0.51444E-02   -0.91744E-04    0.17594E+00
        -0.37378E-02   -0.57225E-04    0.19389E+00   -0.19612E-02
         0.00000E+00    0.20007E+00    0.00000E+00

     Iteration Number =  5     Error=  0.5392E-02

         0.00000E+00    0.00000E+00    0.00000E+00    0.49022E-04
         0.11132E-01   -0.33209E-02    0.48846E-04    0.38710E-01
        -0.52972E-02    0.50220E-05    0.74972E-01   -0.61331E-02
        -0.51695E-04    0.11341E+00   -0.60268E-02   -0.90247E-04
         0.14875E+00   -0.51717E-02   -0.92526E-04    0.17689E+00
        -0.37575E-02   -0.57696E-04    0.19494E+00   -0.19715E-02
         0.00000E+00    0.20115E+00    0.00000E+00

     Iteration Number =  6     Error=  0.2594E-02

         0.00000E+00    0.00000E+00    0.00000E+00    0.49190E-04
         0.11162E-01   -0.33299E-02    0.48982E-04    0.38814E-01
        -0.53113E-02    0.49725E-05    0.75171E-01   -0.61490E-02
        -0.51958E-04    0.11371E+00   -0.60422E-02   -0.90637E-04
         0.14914E+00   -0.51847E-02   -0.92900E-04    0.17735E+00
        -0.37669E-02   -0.57921E-04    0.19545E+00   -0.19765E-02
         0.00000E+00    0.20167E+00    0.00000E+00

     Iteration Number =  7     Error=  0.1249E-02

         0.00000E+00    0.00000E+00    0.00000E+00    0.49271E-04
         0.11177E-01   -0.33343E-02    0.49046E-04    0.38865E-01
        -0.53181E-02    0.49467E-05    0.75268E-01   -0.61567E-02
        -0.52085E-04    0.11385E+00   -0.60496E-02   -0.90825E-04
         0.14932E+00   -0.51910E-02   -0.93081E-04    0.17757E+00
        -0.37714E-02   -0.58030E-04    0.19569E+00   -0.19788E-02
         0.00000E+00    0.20192E+00    0.00000E+00


   STEP NUMBER =  5   SOURCE VALUE =  0.5000E+00

     Number of iterations taken for convergence.. =  8
     The Euclidean norm of the solution error ... =  0.6023E-03
     The CONVERGED solution is:

         0.00000E+00    0.00000E+00    0.00000E+00    0.49309E-04
         0.11184E-01   -0.33365E-02    0.49076E-04    0.38890E-01
        -0.53214E-02    0.49333E-05    0.75315E-01   -0.61604E-02
        -0.52148E-04    0.11392E+00   -0.60531E-02   -0.90916E-04
         0.14941E+00   -0.51940E-02   -0.93168E-04    0.17768E+00
        -0.37735E-02   -0.58082E-04    0.19581E+00   -0.19799E-02
         0.00000E+00    0.20204E+00    0.00000E+00

     Iteration Number =  1     Error=  0.8945E-01

         0.00000E+00    0.00000E+00    0.00000E+00    0.61899E-04
         0.12288E-01   -0.36656E-02    0.62327E-04    0.42723E-01
        -0.58451E-02    0.77535E-05    0.82730E-01   -0.67655E-02
        -0.63375E-04    0.12513E+00   -0.66469E-02   -0.11204E-03
         0.16410E+00   -0.57030E-02   -0.11538E-03    0.19513E+00
        -0.41431E-02   -0.72141E-04    0.21503E+00   -0.21737E-02
         0.00000E+00    0.22188E+00    0.00000E+00

     Iteration Number =  2     Error=  0.4062E-01

         0.00000E+00    0.00000E+00    0.00000E+00    0.65952E-04
         0.12818E-01   -0.38232E-02    0.65889E-04    0.44556E-01
        -0.60943E-02    0.71560E-05    0.86262E-01   -0.70519E-02
        -0.68951E-04    0.13045E+00   -0.69267E-02   -0.12075E-03
         0.17106E+00   -0.59421E-02   -0.12393E-03    0.20339E+00
        -0.43163E-02   -0.77341E-04    0.22412E+00   -0.22644E-02
         0.00000E+00    0.23125E+00    0.00000E+00

     Iteration Number =  3     Error=  0.1890E-01

         0.00000E+00    0.00000E+00    0.00000E+00    0.67738E-04
         0.13073E-01   -0.38989E-02    0.67386E-04    0.45434E-01
        -0.62131E-02    0.67423E-05    0.87948E-01   -0.71878E-02
        -0.71593E-04    0.13298E+00   -0.70589E-02   -0.12475E-03
         0.17436E+00   -0.60546E-02   -0.12782E-03    0.20731E+00
        -0.43976E-02   -0.79689E-04    0.22843E+00   -0.23070E-02
         0.00000E+00    0.23569E+00    0.00000E+00

     Iteration Number =  4     Error=  0.8897E-02

         0.00000E+00    0.00000E+00    0.00000E+00    0.68553E-04
         0.13196E-01   -0.39352E-02    0.68046E-04    0.45855E-01
        -0.62699E-02    0.65053E-05    0.88754E-01   -0.72523E-02
        -0.72858E-04    0.13419E+00   -0.71213E-02   -0.12663E-03
         0.17593E+00   -0.61076E-02   -0.12963E-03    0.20917E+00
        -0.44358E-02   -0.80778E-04    0.23047E+00   -0.23269E-02
         0.00000E+00    0.23780E+00    0.00000E+00

     Iteration Number =  5     Error=  0.4212E-02

         0.00000E+00    0.00000E+00    0.00000E+00    0.68931E-04
         0.13255E-01   -0.39527E-02    0.68344E-04    0.46057E-01
        -0.62970E-02    0.63774E-05    0.89140E-01   -0.72830E-02
        -0.73466E-04    0.13477E+00   -0.71509E-02   -0.12752E-03
         0.17668E+00   -0.61326E-02   -0.13048E-03    0.21005E+00
        -0.44538E-02   -0.81289E-04    0.23144E+00   -0.23363E-02
         0.00000E+00    0.23880E+00    0.00000E+00

     Iteration Number =  6     Error=  0.1999E-02

         0.00000E+00    0.00000E+00    0.00000E+00    0.69108E-04
         0.13284E-01   -0.39612E-02    0.68480E-04    0.46155E-01
        -0.63100E-02    0.63100E-05    0.89324E-01   -0.72975E-02
        -0.73760E-04    0.13504E+00   -0.71648E-02   -0.12795E-03
         0.17704E+00   -0.61443E-02   -0.13089E-03    0.21047E+00
        -0.44622E-02   -0.81531E-04    0.23190E+00   -0.23407E-02
         0.00000E+00    0.23927E+00    0.00000E+00


   STEP NUMBER =  6   SOURCE VALUE =  0.6000E+00

     Number of iterations taken for convergence.. =  7
     The Euclidean norm of the solution error ... =  0.9503E-03
     The CONVERGED solution is:

         0.00000E+00    0.00000E+00    0.00000E+00    0.69192E-04
         0.13298E-01   -0.39652E-02    0.68542E-04    0.46201E-01
        -0.63162E-02    0.62749E-05    0.89413E-01   -0.73045E-02
        -0.73902E-04    0.13517E+00   -0.71715E-02   -0.12815E-03
         0.17721E+00   -0.61499E-02   -0.13108E-03    0.21067E+00
        -0.44662E-02   -0.81645E-04    0.23212E+00   -0.23428E-02
         0.00000E+00    0.23950E+00    0.00000E+00

     Iteration Number =  1     Error=  0.7531E-01

         0.00000E+00    0.00000E+00    0.00000E+00    0.83808E-04
         0.14389E-01   -0.42901E-02    0.83833E-04    0.49983E-01
        -0.68319E-02    0.93623E-05    0.96718E-01   -0.78993E-02
        -0.87147E-04    0.14620E+00   -0.77542E-02   -0.15285E-03
         0.19165E+00   -0.66489E-02   -0.15697E-03    0.22782E+00
        -0.48282E-02   -0.98008E-04    0.25101E+00   -0.25326E-02
         0.00000E+00    0.25899E+00    0.00000E+00

     Iteration Number =  2     Error=  0.3388E-01

         0.00000E+00    0.00000E+00    0.00000E+00    0.88170E-04
         0.14906E-01   -0.44437E-02    0.87552E-04    0.51767E-01
        -0.70738E-02    0.84829E-05    0.10015E+00   -0.81762E-02
        -0.93434E-04    0.15136E+00   -0.80240E-02   -0.16247E-03
         0.19838E+00   -0.68789E-02   -0.16634E-03    0.23581E+00
        -0.49946E-02   -0.10368E-03    0.25979E+00   -0.26196E-02
         0.00000E+00    0.26804E+00    0.00000E+00

     Iteration Number =  3     Error=  0.1557E-01

         0.00000E+00    0.00000E+00    0.00000E+00    0.90065E-04
         0.15152E-01   -0.45166E-02    0.89081E-04    0.52611E-01
        -0.71875E-02    0.79210E-05    0.10176E+00   -0.83055E-02
        -0.96384E-04    0.15378E+00   -0.81492E-02   -0.16685E-03
         0.20153E+00   -0.69851E-02   -0.17055E-03    0.23953E+00
        -0.50712E-02   -0.10621E-03    0.26388E+00   -0.26596E-02
         0.00000E+00    0.27226E+00    0.00000E+00

     Iteration Number =  4     Error=  0.7229E-02

         0.00000E+00    0.00000E+00    0.00000E+00    0.90917E-04
         0.15270E-01   -0.45512E-02    0.89738E-04    0.53011E-01
        -0.72411E-02    0.76077E-05    0.10253E+00   -0.83659E-02
        -0.97783E-04    0.15492E+00   -0.82073E-02   -0.16888E-03
         0.20301E+00   -0.70342E-02   -0.17249E-03    0.24127E+00
        -0.51065E-02   -0.10737E-03    0.26579E+00   -0.26781E-02
         0.00000E+00    0.27423E+00    0.00000E+00

     Iteration Number =  5     Error=  0.3374E-02

         0.00000E+00    0.00000E+00    0.00000E+00    0.91306E-04
         0.15326E-01   -0.45677E-02    0.90026E-04    0.53201E-01
        -0.72664E-02    0.74407E-05    0.10289E+00   -0.83942E-02
        -0.98450E-04    0.15545E+00   -0.82344E-02   -0.16983E-03
         0.20370E+00   -0.70570E-02   -0.17339E-03    0.24209E+00
        -0.51227E-02   -0.10791E-03    0.26669E+00   -0.26865E-02
         0.00000E+00    0.27515E+00    0.00000E+00

     Iteration Number =  6     Error=  0.1578E-02

         0.00000E+00    0.00000E+00    0.00000E+00    0.91485E-04
         0.15352E-01   -0.45756E-02    0.90154E-04    0.53292E-01
        -0.72783E-02    0.73533E-05    0.10306E+00   -0.84075E-02
        -0.98769E-04    0.15570E+00   -0.82470E-02   -0.17028E-03
         0.20402E+00   -0.70675E-02   -0.17381E-03    0.24247E+00
        -0.51302E-02   -0.10816E-03    0.26710E+00   -0.26904E-02
         0.00000E+00    0.27558E+00    0.00000E+00


   STEP NUMBER =  7   SOURCE VALUE =  0.7000E+00

     Number of iterations taken for convergence.. =  7
     The Euclidean norm of the solution error ... =  0.7392E-03
     The CONVERGED solution is:

         0.00000E+00    0.00000E+00    0.00000E+00    0.91567E-04
         0.15365E-01   -0.45793E-02    0.90210E-04    0.53335E-01
        -0.72840E-02    0.73079E-05    0.10314E+00   -0.84137E-02
        -0.98922E-04    0.15582E+00   -0.82528E-02   -0.17049E-03
         0.20418E+00   -0.70724E-02   -0.17400E-03    0.24265E+00
        -0.51337E-02   -0.10827E-03    0.26730E+00   -0.26922E-02
         0.00000E+00    0.27578E+00    0.00000E+00

     Iteration Number =  1     Error=  0.6467E-01

         0.00000E+00    0.00000E+00    0.00000E+00    0.10799E-03
         0.16438E-01   -0.48984E-02    0.10728E-03    0.57047E-01
        -0.77892E-02    0.10555E-04    0.11030E+00   -0.89953E-02
        -0.11405E-03    0.16662E+00   -0.88217E-02   -0.19842E-03
         0.21830E+00   -0.75590E-02   -0.20320E-03    0.25942E+00
        -0.54864E-02   -0.12670E-03    0.28576E+00   -0.28770E-02
         0.00000E+00    0.29482E+00    0.00000E+00

     Iteration Number =  2     Error=  0.2874E-01

         0.00000E+00    0.00000E+00    0.00000E+00    0.11255E-03
         0.16940E-01   -0.50474E-02    0.11104E-03    0.58773E-01
        -0.80226E-02    0.93665E-05    0.11361E+00   -0.92614E-02
        -0.12095E-03    0.17159E+00   -0.90802E-02   -0.20878E-03
         0.22478E+00   -0.77787E-02   -0.21320E-03    0.26709E+00
        -0.56451E-02   -0.13273E-03    0.29419E+00   -0.29600E-02
         0.00000E+00    0.30351E+00    0.00000E+00

     Iteration Number =  3     Error=  0.1302E-01

         0.00000E+00    0.00000E+00    0.00000E+00    0.11450E-03
         0.17177E-01   -0.51171E-02    0.11254E-03    0.59580E-01
        -0.81307E-02    0.86459E-05    0.11515E+00   -0.93835E-02
        -0.12416E-03    0.17388E+00   -0.91978E-02   -0.21343E-03
         0.22776E+00   -0.78782E-02   -0.21763E-03    0.27061E+00
        -0.57167E-02   -0.13538E-03    0.29806E+00   -0.29973E-02
         0.00000E+00    0.30749E+00    0.00000E+00

     Iteration Number =  4     Error=  0.5958E-02

         0.00000E+00    0.00000E+00    0.00000E+00    0.11537E-03
         0.17288E-01   -0.51499E-02    0.11317E-03    0.59958E-01
        -0.81810E-02    0.82523E-05    0.11586E+00   -0.94397E-02
        -0.12566E-03    0.17495E+00   -0.92515E-02   -0.21557E-03
         0.22913E+00   -0.79234E-02   -0.21964E-03    0.27223E+00
        -0.57490E-02   -0.13658E-03    0.29983E+00   -0.30142E-02
         0.00000E+00    0.30932E+00    0.00000E+00

     Iteration Number =  5     Error=  0.2738E-02

         0.00000E+00    0.00000E+00    0.00000E+00    0.11575E-03
         0.17341E-01   -0.51654E-02    0.11344E-03    0.60135E-01
        -0.82044E-02    0.80447E-05    0.11620E+00   -0.94656E-02
        -0.12637E-03    0.17544E+00   -0.92761E-02   -0.21655E-03
         0.22977E+00   -0.79438E-02   -0.22056E-03    0.27297E+00
        -0.57636E-02   -0.13712E-03    0.30064E+00   -0.30217E-02
         0.00000E+00    0.31016E+00    0.00000E+00

     Iteration Number =  6     Error=  0.1261E-02

         0.00000E+00    0.00000E+00    0.00000E+00    0.11593E-03
         0.17366E-01   -0.51727E-02    0.11355E-03    0.60219E-01
        -0.82153E-02    0.79367E-05    0.11635E+00   -0.94776E-02
        -0.12671E-03    0.17567E+00   -0.92873E-02   -0.21701E-03
         0.23006E+00   -0.79531E-02   -0.22099E-03    0.27331E+00
        -0.57702E-02   -0.13737E-03    0.30102E+00   -0.30251E-02
         0.00000E+00    0.31054E+00    0.00000E+00


   STEP NUMBER =  8   SOURCE VALUE =  0.8000E+00

     Number of iterations taken for convergence.. =  7
     The Euclidean norm of the solution error ... =  0.5817E-03
     The CONVERGED solution is:

         0.00000E+00    0.00000E+00    0.00000E+00    0.11600E-03
         0.17378E-01   -0.51761E-02    0.11360E-03    0.60258E-01
        -0.82204E-02    0.78810E-05    0.11642E+00   -0.94831E-02
        -0.12687E-03    0.17578E+00   -0.92924E-02   -0.21722E-03
         0.23020E+00   -0.79573E-02   -0.22118E-03    0.27347E+00
        -0.57731E-02   -0.13748E-03    0.30119E+00   -0.30266E-02
         0.00000E+00    0.31072E+00    0.00000E+00

     Iteration Number =  1     Error=  0.5650E-01

         0.00000E+00    0.00000E+00    0.00000E+00    0.13402E-03
         0.18431E-01   -0.54892E-02    0.13219E-03    0.63897E-01
        -0.87147E-02    0.11178E-04    0.12343E+00   -0.10051E-01
        -0.14376E-03    0.18633E+00   -0.98469E-02   -0.24811E-03
         0.24400E+00   -0.84310E-02   -0.25334E-03    0.28985E+00
        -0.61162E-02   -0.15775E-03    0.31921E+00   -0.32063E-02
         0.00000E+00    0.32931E+00    0.00000E+00

     Iteration Number =  2     Error=  0.2477E-01

         0.00000E+00    0.00000E+00    0.00000E+00    0.13871E-03
         0.18918E-01   -0.56333E-02    0.13591E-03    0.65566E-01
        -0.89394E-02    0.96595E-05    0.12662E+00   -0.10306E-01
        -0.15121E-03    0.19111E+00   -0.10094E-01   -0.25906E-03
         0.25022E+00   -0.86404E-02   -0.26383E-03    0.29720E+00
        -0.62672E-02   -0.16405E-03    0.32729E+00   -0.32852E-02
         0.00000E+00    0.33763E+00    0.00000E+00

     Iteration Number =  3     Error=  0.1105E-01

         0.00000E+00    0.00000E+00    0.00000E+00    0.14068E-03
         0.19145E-01   -0.57001E-02    0.13735E-03    0.66336E-01
        -0.90420E-02    0.87724E-05    0.12809E+00   -0.10421E-01
        -0.15463E-03    0.19328E+00   -0.10204E-01   -0.26391E-03
         0.25303E+00   -0.87333E-02   -0.26841E-03    0.30052E+00
        -0.63338E-02   -0.16677E-03    0.33092E+00   -0.33199E-02
         0.00000E+00    0.34137E+00    0.00000E+00

     Iteration Number =  4     Error=  0.4978E-02

         0.00000E+00    0.00000E+00    0.00000E+00    0.14153E-03
         0.19250E-01   -0.57311E-02    0.13792E-03    0.66692E-01
        -0.90891E-02    0.82959E-05    0.12876E+00   -0.10473E-01
        -0.15623E-03    0.19427E+00   -0.10254E-01   -0.26611E-03
         0.25431E+00   -0.87745E-02   -0.27046E-03    0.30201E+00
        -0.63632E-02   -0.16798E-03    0.33256E+00   -0.33351E-02
         0.00000E+00    0.34306E+00    0.00000E+00

     Iteration Number =  5     Error=  0.2252E-02

         0.00000E+00    0.00000E+00    0.00000E+00    0.14190E-03
         0.19300E-01   -0.57455E-02    0.13816E-03    0.66857E-01
        -0.91107E-02    0.80468E-05    0.12907E+00   -0.10497E-01
        -0.15697E-03    0.19473E+00   -0.10276E-01   -0.26711E-03
         0.25489E+00   -0.87928E-02   -0.27138E-03    0.30269E+00
        -0.63761E-02   -0.16852E-03    0.33330E+00   -0.33418E-02
         0.00000E+00    0.34382E+00    0.00000E+00

     Iteration Number =  6     Error=  0.1021E-02

         0.00000E+00    0.00000E+00    0.00000E+00    0.14207E-03
         0.19323E-01   -0.57523E-02    0.13825E-03    0.66934E-01
        -0.91206E-02    0.79183E-05    0.12921E+00   -0.10508E-01
        -0.15732E-03    0.19494E+00   -0.10286E-01   -0.26757E-03
         0.25515E+00   -0.88009E-02   -0.27180E-03    0.30300E+00
        -0.63818E-02   -0.16876E-03    0.33364E+00   -0.33448E-02
         0.00000E+00    0.34417E+00    0.00000E+00


   STEP NUMBER =  9   SOURCE VALUE =  0.9000E+00

     Number of iterations taken for convergence.. =  7
     The Euclidean norm of the solution error ... =  0.4634E-03
     The CONVERGED solution is:

         0.00000E+00    0.00000E+00    0.00000E+00    0.14214E-03
         0.19334E-01   -0.57554E-02    0.13829E-03    0.66970E-01
        -0.91252E-02    0.78524E-05    0.12927E+00   -0.10512E-01
        -0.15748E-03    0.19503E+00   -0.10290E-01   -0.26779E-03
         0.25527E+00   -0.88045E-02   -0.27199E-03    0.30314E+00
        -0.63843E-02   -0.16887E-03    0.33379E+00   -0.33460E-02
         0.00000E+00    0.34432E+00    0.00000E+00

     Iteration Number =  1     Error=  0.5005E-01

         0.00000E+00    0.00000E+00    0.00000E+00    0.16156E-03
         0.20368E-01   -0.60623E-02    0.15817E-03    0.70534E-01
        -0.96084E-02    0.11101E-04    0.13613E+00   -0.11066E-01
        -0.17603E-03    0.20534E+00   -0.10830E-01   -0.30133E-03
         0.26874E+00   -0.92651E-02   -0.30681E-03    0.31911E+00
        -0.67176E-02   -0.19078E-03    0.35135E+00   -0.35205E-02
         0.00000E+00    0.36244E+00    0.00000E+00

     Iteration Number =  2     Error=  0.2161E-01

         0.00000E+00    0.00000E+00    0.00000E+00    0.16630E-03
         0.20840E-01   -0.62018E-02    0.16178E-03    0.72146E-01
        -0.98246E-02    0.92364E-05    0.13920E+00   -0.11310E-01
        -0.18396E-03    0.20993E+00   -0.11065E-01   -0.31276E-03
         0.27470E+00   -0.94643E-02   -0.31765E-03    0.32615E+00
        -0.68610E-02   -0.19725E-03    0.35908E+00   -0.35953E-02
         0.00000E+00    0.37040E+00    0.00000E+00

     Iteration Number =  3     Error=  0.9495E-02

         0.00000E+00    0.00000E+00    0.00000E+00    0.16826E-03
         0.21057E-01   -0.62655E-02    0.16312E-03    0.72880E-01
        -0.99218E-02    0.81791E-05    0.14059E+00   -0.11419E-01
        -0.18756E-03    0.21199E+00   -0.11169E-01   -0.31776E-03
         0.27735E+00   -0.95508E-02   -0.32231E-03    0.32927E+00
        -0.69228E-02   -0.20001E-03    0.36249E+00   -0.36274E-02
         0.00000E+00    0.37392E+00    0.00000E+00

     Iteration Number =  4     Error=  0.4208E-02

         0.00000E+00    0.00000E+00    0.00000E+00    0.16908E-03
         0.21157E-01   -0.62948E-02    0.16363E-03    0.73215E-01
        -0.99658E-02    0.76192E-05    0.14122E+00   -0.11467E-01
        -0.18922E-03    0.21291E+00   -0.11214E-01   -0.31999E-03
         0.27854E+00   -0.95884E-02   -0.32436E-03    0.33065E+00
        -0.69494E-02   -0.20121E-03    0.36401E+00   -0.36412E-02
         0.00000E+00    0.37547E+00    0.00000E+00

     Iteration Number =  5     Error=  0.1873E-02

         0.00000E+00    0.00000E+00    0.00000E+00    0.16944E-03
         0.21204E-01   -0.63083E-02    0.16382E-03    0.73369E-01
        -0.99857E-02    0.73293E-05    0.14150E+00   -0.11489E-01
        -0.18999E-03    0.21333E+00   -0.11234E-01   -0.32099E-03
         0.27907E+00   -0.96047E-02   -0.32527E-03    0.33127E+00
        -0.69609E-02   -0.20175E-03    0.36468E+00   -0.36471E-02
         0.00000E+00    0.37616E+00    0.00000E+00


   STEP NUMBER = 10   SOURCE VALUE =  0.1000E+01

     Number of iterations taken for convergence.. =  6
     The Euclidean norm of the solution error ... =  0.8353E-03
     The CONVERGED solution is:

         0.00000E+00    0.00000E+00    0.00000E+00    0.16959E-03
         0.21225E-01   -0.63146E-02    0.16390E-03    0.73440E-01
        -0.99947E-02    0.71807E-05    0.14163E+00   -0.11498E-01
        -0.19035E-03    0.21351E+00   -0.11242E-01   -0.32145E-03
         0.27930E+00   -0.96117E-02   -0.32568E-03    0.33155E+00
        -0.69658E-02   -0.20198E-03    0.36498E+00   -0.36496E-02
         0.00000E+00    0.37647E+00    0.00000E+00
