     *** ECHO OF THE INPUT DATA STARTS ***

Example 5.2.1: Nonlinear analysis of a hinged-hinged beam problem               
  2   0   8                        MODEL,IEL,NEM                                
  0.0  50.0                        X0,AL                                        
  1  1  30.0E06  0.3               B,H,E,GNIU                                   
                                                                                
  0.0  0.0  0.0                    FX0,FX1,FX2                                  
  3.0  0.0  0.0                    QX0,QX1,QX2                                  
  5   0   0                        NSPV,NSSV,NSMB                               
  1   1   0.0                       ISPV(1,1),ISPV(1,2),VSPV(1)                 
  1   2   0.0                       ISPV(1,1),ISPV(1,2),VSPV(1)                 
  1   3   0.0                       ISPV(1,1),ISPV(1,2),VSPV(1)                 
  9   1   0.0                       ISPV(2,1),ISPV(2,2),VSPV(2)                 
  9   3   0.0                       ISPV(3,1),ISPV(3,2),VSPV(3)                 
                                                                                
  2   0                            NONLIN,NPRNT                                 
  10   50  1.0E-03  0.0             NLS, ITMAX, EPS, GAMA                       
  2   2                            NGP, LGP                                     
  0.1 0.1 0.1 0.1 0.1                                                           
  0.1 0.1 0.1 0.1 0.1              DP(I)                                        
                                                                                
  0.0 0.0 0.0 0.0 0.0 0.0 0.0                                                   
  0.0 0.0 0.0 0.0 0.0 0.0 0.0                                                   
  0.0 0.0 0.0 0.0 0.0 0.0 0.0                                                   
  0.0 0.0 0.0 0.0 0.0 0.0          GP1(I)                                       

     **** ECHO OF THE INPUT DATA ENDS ****

________________________________________________________________________________
        Output from computer program  FEM1DBEAM              by J. N. Reddy
________________________________________________________________________________


Example 5.2.1: Nonlinear analysis of a hinged-hinged beam problem               

    *** ANALYSIS OF MODEL  2 PROBLEM ***
               (see the code below)

    MODEL=1: A problem described by MODEL EQ. 1
    MODEL=2: A Euler-Bernoulli BEAM problem
    MODEL=3: A Timoshenko BEAM problem


   P R O B L E M   D A T A:

     Coordinate of node 1 ....................... =   0.0000E+00
     Length of the beam ......................... =   0.5000E+02
     Width of cross-section for the beam, B ..... =   0.1000E+01
     Height of cross-section for the beam, H .... =   0.1000E+01
     Elastic modulus of the beam material, E .... =   0.3000E+08
     Axial stiffness for the beam, EA ........... =   0.3000E+08
     Bending stiffness for the beam, EI ......... =   0.2500E+07
     Coefficient of 1 in QX, QX0 ................ =   0.3000E+01
     Coefficient of x in QX, QX1 ................ =   0.0000E+00
     Coefficient of x*x in QX, QX2 .............. =   0.0000E+00
     Coefficient of 1 in FX, FX0 ................ =   0.0000E+00
     Coefficient of x in FX, FX1 ................ =   0.0000E+00
     Coefficient of x*x in FX, FX2 .............. =   0.0000E+00


   M E S H   D A T A:

     Number of elements in the mesh, NEM......... =    8
     Type of element(0:hermite;1:linear;2:quadratic;) .. =    0
     Number of nodes in the mesh, NNM ........... =    9
     Number of deg. of freedom per node, NDF..... =    3
     Number of total DOF in the model, NEQ....... =   27
     GLOBAL COORDINATES OF THE GLOBAL NODES ..... =

        0.0000E+00   0.6250E+01   0.1250E+02   0.1875E+02   0.2500E+02
        0.3125E+02   0.3750E+02   0.4375E+02   0.5000E+02

          CONNECTIVITY MATRIX:

              1    2
              2    3
              3    4
              4    5
              5    6
              6    7
              7    8
              8    9

   B O U N D A R Y   D A T A:

     Number of specified PRIMARY variables ...... =    5
     Specified PRIMARY degrees of freedom ....... :

              1    1   0.0000E+00
              1    2   0.0000E+00
              1    3   0.0000E+00
              9    1   0.0000E+00
              9    3   0.0000E+00

     *** NONLINEAR Analysis with NEWTON ITERATION ***


   NONLINEAR  A N A L Y S I S   D A T A:

     Number of load steps used, NLS ............. =   10
     Maximum allowable number of iterations ..... =   50
     Allowable convergence tolerance (EPS) ...... =   0.1000E-02
     Acceleration parameter:GAMA*GP2+(1-GAMA)*GP1 =   0.0000E+00

   INITIAL (GUESS) VECTOR:

     0.00000E+00  0.00000E+00  0.00000E+00  0.00000E+00  0.00000E+00  0.00000E+00  0.00000E+00  0.00000E+00  0.00000E+00  0.00000E+00  0.00000E+00  0.00000E+00  0.00000E+00  0.00000E+00  0.00000E+00  0.00000E+00  0.00000E+00  0.00000E+00  0.00000E+00  0.00000E+00  0.00000E+00  0.00000E+00  0.00000E+00  0.00000E+00

   INITIAL (GUESS) VECTOR:

     0.00000E+00  0.00000E+00  0.00000E+00

     First iteration solution at source value ... =  0.1000E+00

         0.00000E+00    0.00000E+00    0.00000E+00    0.00000E+00
         0.85831E-03   -0.25635E-03    0.00000E+00    0.29907E-02
        -0.41016E-03    0.00000E+00    0.58022E-02   -0.47607E-03
         0.00000E+00    0.87891E-02   -0.46875E-03    0.00000E+00
         0.11539E-01   -0.40283E-03    0.00000E+00    0.13733E-01
        -0.29297E-03    0.00000E+00    0.15141E-01   -0.15381E-03
         0.00000E+00    0.15625E-01    0.00000E+00

     Iteration Number =  1     Error=  0.1000E+01

         0.00000E+00    0.00000E+00    0.00000E+00    0.00000E+00
         0.85831E-03   -0.25635E-03    0.00000E+00    0.29907E-02
        -0.41016E-03    0.00000E+00    0.58022E-02   -0.47607E-03
         0.00000E+00    0.87891E-02   -0.46875E-03    0.00000E+00
         0.11539E-01   -0.40283E-03    0.00000E+00    0.13733E-01
        -0.29297E-03    0.00000E+00    0.15141E-01   -0.15381E-03
         0.00000E+00    0.15625E-01    0.00000E+00

     Iteration Number =  2     Error=  0.3332E+00

         0.00000E+00    0.00000E+00    0.00000E+00    0.68139E-06
         0.12873E-02   -0.38447E-03    0.70949E-06    0.44854E-02
        -0.61514E-03    0.13456E-06    0.87019E-02   -0.71398E-03
        -0.63587E-06    0.13181E-01   -0.70299E-03   -0.11761E-05
         0.17306E-01   -0.60413E-03   -0.12297E-05    0.20596E-01
        -0.43937E-03   -0.77512E-06    0.22707E-01   -0.23067E-03
         0.00000E+00    0.23433E-01    0.00000E+00

     Iteration Number =  3     Error=  0.1427E+00

         0.00000E+00    0.00000E+00    0.00000E+00    0.95440E-06
         0.15016E-02   -0.44848E-03    0.97846E-06    0.52322E-02
        -0.71755E-03    0.15545E-06    0.10151E-01   -0.83284E-03
        -0.93435E-06    0.15376E-01   -0.82001E-03   -0.16905E-05
         0.20187E-01   -0.70468E-03   -0.17546E-05    0.24024E-01
        -0.51249E-03   -0.11013E-05    0.26487E-01   -0.26906E-03
         0.00000E+00    0.27334E-01    0.00000E+00

     Iteration Number =  4     Error=  0.6654E-01

         0.00000E+00    0.00000E+00    0.00000E+00    0.10739E-05
         0.16087E-02   -0.48047E-03    0.10914E-05    0.56054E-02
        -0.76871E-03    0.15428E-06    0.10874E-01   -0.89221E-03
        -0.10787E-05    0.16472E-01   -0.87846E-03   -0.19291E-05
         0.21626E-01   -0.75490E-03   -0.19945E-05    0.25737E-01
        -0.54901E-03   -0.12490E-05    0.28375E-01   -0.28823E-03
         0.00000E+00    0.29282E-01    0.00000E+00

     Iteration Number =  5     Error=  0.3217E-01

         0.00000E+00    0.00000E+00    0.00000E+00    0.11294E-05
         0.16622E-02   -0.49645E-03    0.11425E-05    0.57918E-02
        -0.79426E-03    0.15079E-06    0.11236E-01   -0.92187E-03
        -0.11496E-05    0.17020E-01   -0.90765E-03   -0.20438E-05
         0.22345E-01   -0.77999E-03   -0.21087E-05    0.26592E-01
        -0.56725E-03   -0.13190E-05    0.29318E-01   -0.29780E-03
         0.00000E+00    0.30256E-01    0.00000E+00

     Iteration Number =  6     Error=  0.1582E-01

         0.00000E+00    0.00000E+00    0.00000E+00    0.11561E-05
         0.16890E-02   -0.50443E-03    0.11667E-05    0.58849E-02
        -0.80703E-03    0.14832E-06    0.11417E-01   -0.93668E-03
        -0.11847E-05    0.17293E-01   -0.92223E-03   -0.20999E-05
         0.22704E-01   -0.79252E-03   -0.21643E-05    0.27020E-01
        -0.57636E-03   -0.13530E-05    0.29789E-01   -0.30259E-03
         0.00000E+00    0.30742E-01    0.00000E+00

     Iteration Number =  7     Error=  0.7839E-02

         0.00000E+00    0.00000E+00    0.00000E+00    0.11691E-05
         0.17023E-02   -0.50842E-03    0.11784E-05    0.59314E-02
        -0.81341E-03    0.14690E-06    0.11507E-01   -0.94408E-03
        -0.12022E-05    0.17430E-01   -0.92952E-03   -0.21276E-05
         0.22884E-01   -0.79878E-03   -0.21918E-05    0.27233E-01
        -0.58091E-03   -0.13697E-05    0.30024E-01   -0.30498E-03
         0.00000E+00    0.30985E-01    0.00000E+00

     Iteration Number =  8     Error=  0.3901E-02

         0.00000E+00    0.00000E+00    0.00000E+00    0.11756E-05
         0.17090E-02   -0.51041E-03    0.11842E-05    0.59547E-02
        -0.81660E-03    0.14614E-06    0.11552E-01   -0.94778E-03
        -0.12109E-05    0.17498E-01   -0.93315E-03   -0.21414E-05
         0.22973E-01   -0.80190E-03   -0.22054E-05    0.27340E-01
        -0.58319E-03   -0.13780E-05    0.30142E-01   -0.30617E-03
         0.00000E+00    0.31106E-01    0.00000E+00

     Iteration Number =  9     Error=  0.1945E-02

         0.00000E+00    0.00000E+00    0.00000E+00    0.11788E-05
         0.17124E-02   -0.51141E-03    0.11871E-05    0.59663E-02
        -0.81819E-03    0.14575E-06    0.11574E-01   -0.94963E-03
        -0.12152E-05    0.17532E-01   -0.93497E-03   -0.21483E-05
         0.23018E-01   -0.80346E-03   -0.22122E-05    0.27393E-01
        -0.58432E-03   -0.13821E-05    0.30200E-01   -0.30676E-03
         0.00000E+00    0.31167E-01    0.00000E+00


   STEP NUMBER =  1   SOURCE VALUE =  0.1000E+00

     Number of iterations taken for convergence.. = 10
     The Euclidean norm of the solution error ... =  0.9706E-03
     The CONVERGED solution is:

         0.00000E+00    0.00000E+00    0.00000E+00    0.11804E-05
         0.17140E-02   -0.51191E-03    0.11885E-05    0.59721E-02
        -0.81899E-03    0.14555E-06    0.11586E-01   -0.95055E-03
        -0.12174E-05    0.17549E-01   -0.93588E-03   -0.21517E-05
         0.23041E-01   -0.80424E-03   -0.22156E-05    0.27420E-01
        -0.58489E-03   -0.13842E-05    0.30230E-01   -0.30706E-03
         0.00000E+00    0.31197E-01    0.00000E+00

     Iteration Number =  1     Error=  0.3336E+00

         0.00000E+00    0.00000E+00    0.00000E+00    0.27191E-05
         0.25723E-02   -0.76824E-03    0.28306E-05    0.89626E-02
        -0.12291E-02    0.53565E-06    0.17387E-01   -0.14265E-02
        -0.25389E-05    0.26337E-01   -0.14045E-02   -0.46943E-05
         0.34577E-01   -0.12069E-02   -0.49077E-05    0.41149E-01
        -0.87772E-03   -0.30933E-05    0.45366E-01   -0.46080E-03
         0.00000E+00    0.46817E-01    0.00000E+00

     Iteration Number =  2     Error=  0.1425E+00

         0.00000E+00    0.00000E+00    0.00000E+00    0.38072E-05
         0.30003E-02   -0.89604E-03    0.39015E-05    0.10453E-01
        -0.14334E-02    0.61663E-06    0.20278E-01   -0.16636E-02
        -0.37312E-05    0.30715E-01   -0.16378E-02   -0.67467E-05
         0.40325E-01   -0.14074E-02   -0.70012E-05    0.47988E-01
        -0.10235E-02   -0.43941E-05    0.52906E-01   -0.53733E-03
         0.00000E+00    0.54598E-01    0.00000E+00

     Iteration Number =  3     Error=  0.6628E-01

         0.00000E+00    0.00000E+00    0.00000E+00    0.42810E-05
         0.32136E-02   -0.95974E-03    0.43480E-05    0.11196E-01
        -0.15353E-02    0.60961E-06    0.21719E-01   -0.17817E-02
        -0.43060E-05    0.32896E-01   -0.17540E-02   -0.76950E-05
         0.43188E-01   -0.15072E-02   -0.79535E-05    0.51394E-01
        -0.10961E-02   -0.49802E-05    0.56661E-01   -0.57543E-03
         0.00000E+00    0.58473E-01    0.00000E+00

     Iteration Number =  4     Error=  0.3196E-01

         0.00000E+00    0.00000E+00    0.00000E+00    0.45000E-05
         0.33200E-02   -0.99149E-03    0.45488E-05    0.11567E-01
        -0.15860E-02    0.59422E-06    0.22437E-01   -0.18405E-02
        -0.45878E-05    0.33983E-01   -0.18119E-02   -0.81491E-05
         0.44614E-01   -0.15569E-02   -0.84053E-05    0.53091E-01
        -0.11322E-02   -0.52568E-05    0.58531E-01   -0.59439E-03
         0.00000E+00    0.60403E-01    0.00000E+00

     Iteration Number =  5     Error=  0.1567E-01

         0.00000E+00    0.00000E+00    0.00000E+00    0.46048E-05
         0.33731E-02   -0.10073E-02    0.46435E-05    0.11751E-01
        -0.16113E-02    0.58353E-06    0.22794E-01   -0.18698E-02
        -0.47270E-05    0.34525E-01   -0.18407E-02   -0.83708E-05
         0.45324E-01   -0.15817E-02   -0.86249E-05    0.53936E-01
        -0.11502E-02   -0.53907E-05    0.59463E-01   -0.60383E-03
         0.00000E+00    0.61365E-01    0.00000E+00

     Iteration Number =  6     Error=  0.7748E-02

         0.00000E+00    0.00000E+00    0.00000E+00    0.46560E-05
         0.33995E-02   -0.10152E-02    0.46892E-05    0.11843E-01
        -0.16239E-02    0.57741E-06    0.22973E-01   -0.18844E-02
        -0.47962E-05    0.34795E-01   -0.18551E-02   -0.84802E-05
         0.45679E-01   -0.15940E-02   -0.87329E-05    0.54357E-01
        -0.11592E-02   -0.54565E-05    0.59927E-01   -0.60853E-03
         0.00000E+00    0.61843E-01    0.00000E+00

     Iteration Number =  7     Error=  0.3845E-02

         0.00000E+00    0.00000E+00    0.00000E+00    0.46813E-05
         0.34127E-02   -0.10192E-02    0.47117E-05    0.11889E-01
        -0.16302E-02    0.57415E-06    0.23062E-01   -0.18917E-02
        -0.48306E-05    0.34929E-01   -0.18622E-02   -0.85344E-05
         0.45855E-01   -0.16001E-02   -0.87863E-05    0.54567E-01
        -0.11636E-02   -0.54891E-05    0.60158E-01   -0.61087E-03
         0.00000E+00    0.62082E-01    0.00000E+00

     Iteration Number =  8     Error=  0.1912E-02

         0.00000E+00    0.00000E+00    0.00000E+00    0.46938E-05
         0.34193E-02   -0.10211E-02    0.47228E-05    0.11912E-01
        -0.16333E-02    0.57246E-06    0.23106E-01   -0.18953E-02
        -0.48477E-05    0.34996E-01   -0.18658E-02   -0.85613E-05
         0.45943E-01   -0.16032E-02   -0.88129E-05    0.54672E-01
        -0.11658E-02   -0.55052E-05    0.60273E-01   -0.61203E-03
         0.00000E+00    0.62201E-01    0.00000E+00


   STEP NUMBER =  2   SOURCE VALUE =  0.2000E+00

     Number of iterations taken for convergence.. =  9
     The Euclidean norm of the solution error ... =  0.9518E-03
     The CONVERGED solution is:

         0.00000E+00    0.00000E+00    0.00000E+00    0.47000E-05
         0.34226E-02   -0.10221E-02    0.47282E-05    0.11923E-01
        -0.16349E-02    0.57160E-06    0.23128E-01   -0.18971E-02
        -0.48563E-05    0.35029E-01   -0.18676E-02   -0.85747E-05
         0.45987E-01   -0.16047E-02   -0.88261E-05    0.54724E-01
        -0.11669E-02   -0.55133E-05    0.60331E-01   -0.61261E-03
         0.00000E+00    0.62260E-01    0.00000E+00

     Iteration Number =  1     Error=  0.2001E+00

         0.00000E+00    0.00000E+00    0.00000E+00    0.77597E-05
         0.42793E-02   -0.12779E-02    0.79901E-05    0.14907E-01
        -0.20439E-02    0.13403E-05    0.28916E-01   -0.23717E-02
        -0.74921E-05    0.43794E-01   -0.23347E-02   -0.13637E-04
         0.57492E-01   -0.20061E-02   -0.14183E-04    0.68415E-01
        -0.14588E-02   -0.89135E-05    0.75424E-01   -0.76582E-03
         0.00000E+00    0.77836E-01    0.00000E+00

     Iteration Number =  2     Error=  0.9025E-01

         0.00000E+00    0.00000E+00    0.00000E+00    0.92378E-05
         0.47048E-02   -0.14049E-02    0.94021E-05    0.16389E-01
        -0.22469E-02    0.13589E-05    0.31787E-01   -0.26070E-02
        -0.92311E-05    0.48142E-01   -0.25662E-02   -0.16541E-04
         0.63197E-01   -0.22049E-02   -0.17113E-04    0.75202E-01
        -0.16033E-02   -0.10722E-04    0.82905E-01   -0.84166E-03
         0.00000E+00    0.85556E-01    0.00000E+00

     Iteration Number =  3     Error=  0.4283E-01

         0.00000E+00    0.00000E+00    0.00000E+00    0.99012E-05
         0.49162E-02   -0.14680E-02    0.10013E-04    0.17124E-01
        -0.23476E-02    0.13188E-05    0.33212E-01   -0.27237E-02
        -0.10075E-04    0.50298E-01   -0.26809E-02   -0.17907E-04
         0.66026E-01   -0.23033E-02   -0.18473E-04    0.78566E-01
        -0.16748E-02   -0.11556E-04    0.86613E-01   -0.87920E-03
         0.00000E+00    0.89382E-01    0.00000E+00

     Iteration Number =  4     Error=  0.2080E-01

         0.00000E+00    0.00000E+00    0.00000E+00    0.10213E-04
         0.50213E-02   -0.14994E-02    0.10294E-04    0.17490E-01
        -0.23976E-02    0.12864E-05    0.33920E-01   -0.27815E-02
        -0.10490E-04    0.51368E-01   -0.27377E-02   -0.18566E-04
         0.67429E-01   -0.23520E-02   -0.19126E-04    0.80235E-01
        -0.17102E-02   -0.11954E-04    0.88451E-01   -0.89778E-03
         0.00000E+00    0.91279E-01    0.00000E+00

     Iteration Number =  5     Error=  0.1021E-01

         0.00000E+00    0.00000E+00    0.00000E+00    0.10363E-04
         0.50735E-02   -0.15149E-02    0.10428E-04    0.17671E-01
        -0.24224E-02    0.12669E-05    0.34271E-01   -0.28102E-02
        -0.10694E-04    0.51899E-01   -0.27659E-02   -0.18888E-04
         0.68125E-01   -0.23762E-02   -0.19444E-04    0.81062E-01
        -0.17278E-02   -0.12147E-04    0.89363E-01   -0.90698E-03
         0.00000E+00    0.92220E-01    0.00000E+00

     Iteration Number =  6     Error=  0.5039E-02

         0.00000E+00    0.00000E+00    0.00000E+00    0.10437E-04
         0.50995E-02   -0.15227E-02    0.10493E-04    0.17761E-01
        -0.24347E-02    0.12563E-05    0.34445E-01   -0.28245E-02
        -0.10796E-04    0.52162E-01   -0.27798E-02   -0.19047E-04
         0.68470E-01   -0.23882E-02   -0.19600E-04    0.81472E-01
        -0.17365E-02   -0.12242E-04    0.89815E-01   -0.91154E-03
         0.00000E+00    0.92686E-01    0.00000E+00

     Iteration Number =  7     Error=  0.2493E-02

         0.00000E+00    0.00000E+00    0.00000E+00    0.10473E-04
         0.51124E-02   -0.15265E-02    0.10525E-04    0.17806E-01
        -0.24408E-02    0.12508E-05    0.34532E-01   -0.28315E-02
        -0.10846E-04    0.52293E-01   -0.27867E-02   -0.19126E-04
         0.68641E-01   -0.23941E-02   -0.19677E-04    0.81676E-01
        -0.17408E-02   -0.12289E-04    0.90039E-01   -0.91380E-03
         0.00000E+00    0.92918E-01    0.00000E+00

     Iteration Number =  8     Error=  0.1235E-02

         0.00000E+00    0.00000E+00    0.00000E+00    0.10491E-04
         0.51188E-02   -0.15284E-02    0.10540E-04    0.17828E-01
        -0.24438E-02    0.12479E-05    0.34575E-01   -0.28350E-02
        -0.10871E-04    0.52358E-01   -0.27902E-02   -0.19165E-04
         0.68726E-01   -0.23970E-02   -0.19716E-04    0.81777E-01
        -0.17429E-02   -0.12313E-04    0.90151E-01   -0.91492E-03
         0.00000E+00    0.93032E-01    0.00000E+00


   STEP NUMBER =  3   SOURCE VALUE =  0.3000E+00

     Number of iterations taken for convergence.. =  9
     The Euclidean norm of the solution error ... =  0.6124E-03
     The CONVERGED solution is:

         0.00000E+00    0.00000E+00    0.00000E+00    0.10500E-04
         0.51220E-02   -0.15294E-02    0.10548E-04    0.17839E-01
        -0.24453E-02    0.12464E-05    0.34596E-01   -0.28368E-02
        -0.10884E-04    0.52390E-01   -0.27919E-02   -0.19184E-04
         0.68769E-01   -0.23985E-02   -0.19735E-04    0.81827E-01
        -0.17440E-02   -0.12324E-04    0.90206E-01   -0.91547E-03
         0.00000E+00    0.93089E-01    0.00000E+00

     Iteration Number =  1     Error=  0.1426E+00

         0.00000E+00    0.00000E+00    0.00000E+00    0.15044E-04
         0.59746E-02   -0.17839E-02    0.15384E-04    0.20808E-01
        -0.28521E-02    0.23721E-05    0.40352E-01   -0.33085E-02
        -0.14816E-04    0.61104E-01   -0.32560E-02   -0.26716E-04
         0.80205E-01   -0.27971E-02   -0.27699E-04    0.95434E-01
        -0.20338E-02   -0.17377E-04    0.10521E+00   -0.10676E-02
         0.00000E+00    0.10857E+00    0.00000E+00

     Iteration Number =  2     Error=  0.6562E-01

         0.00000E+00    0.00000E+00    0.00000E+00    0.16885E-04
         0.63961E-02   -0.19097E-02    0.17105E-04    0.22274E-01
        -0.30528E-02    0.23161E-05    0.43191E-01   -0.35408E-02
        -0.17084E-04    0.65400E-01   -0.34844E-02   -0.30430E-04
         0.85840E-01   -0.29931E-02   -0.31417E-04    0.10214E+00
        -0.21762E-02   -0.19662E-04    0.11259E+00   -0.11423E-02
         0.00000E+00    0.11619E+00    0.00000E+00

     Iteration Number =  3     Error=  0.3132E-01

         0.00000E+00    0.00000E+00    0.00000E+00    0.17721E-04
         0.66046E-02   -0.19718E-02    0.17862E-04    0.22998E-01
        -0.31518E-02    0.22360E-05    0.44593E-01   -0.36553E-02
        -0.18185E-04    0.67519E-01   -0.35967E-02   -0.32186E-04
         0.88617E-01   -0.30895E-02   -0.33157E-04    0.10544E+00
        -0.22462E-02   -0.20725E-04    0.11623E+00   -0.11790E-02
         0.00000E+00    0.11994E+00    0.00000E+00

     Iteration Number =  4     Error=  0.1520E-01

         0.00000E+00    0.00000E+00    0.00000E+00    0.18116E-04
         0.67077E-02   -0.20026E-02    0.18212E-04    0.23356E-01
        -0.32006E-02    0.21828E-05    0.45285E-01   -0.37117E-02
        -0.18724E-04    0.68564E-01   -0.36521E-02   -0.33034E-04
         0.89987E-01   -0.31369E-02   -0.33992E-04    0.10706E+00
        -0.22806E-02   -0.21233E-04    0.11802E+00   -0.11970E-02
         0.00000E+00    0.12179E+00    0.00000E+00

     Iteration Number =  5     Error=  0.7439E-02

         0.00000E+00    0.00000E+00    0.00000E+00    0.18306E-04
         0.67587E-02   -0.20178E-02    0.18378E-04    0.23533E-01
        -0.32248E-02    0.21525E-05    0.45626E-01   -0.37395E-02
        -0.18990E-04    0.69079E-01   -0.36793E-02   -0.33448E-04
         0.90662E-01   -0.31602E-02   -0.34399E-04    0.10787E+00
        -0.22975E-02   -0.21480E-04    0.11890E+00   -0.12059E-02
         0.00000E+00    0.12270E+00    0.00000E+00

     Iteration Number =  6     Error=  0.3655E-02

         0.00000E+00    0.00000E+00    0.00000E+00    0.18399E-04
         0.67839E-02   -0.20253E-02    0.18459E-04    0.23620E-01
        -0.32367E-02    0.21363E-05    0.45795E-01   -0.37532E-02
        -0.19122E-04    0.69334E-01   -0.36927E-02   -0.33651E-04
         0.90995E-01   -0.31717E-02   -0.34598E-04    0.10826E+00
        -0.23058E-02   -0.21601E-04    0.11934E+00   -0.12103E-02
         0.00000E+00    0.12315E+00    0.00000E+00

     Iteration Number =  7     Error=  0.1799E-02

         0.00000E+00    0.00000E+00    0.00000E+00    0.18444E-04
         0.67964E-02   -0.20290E-02    0.18498E-04    0.23664E-01
        -0.32426E-02    0.21279E-05    0.45878E-01   -0.37600E-02
        -0.19187E-04    0.69460E-01   -0.36993E-02   -0.33751E-04
         0.91159E-01   -0.31773E-02   -0.34696E-04    0.10846E+00
        -0.23099E-02   -0.21661E-04    0.11955E+00   -0.12124E-02
         0.00000E+00    0.12337E+00    0.00000E+00


   STEP NUMBER =  4   SOURCE VALUE =  0.4000E+00

     Number of iterations taken for convergence.. =  8
     The Euclidean norm of the solution error ... =  0.8864E-03
     The CONVERGED solution is:

         0.00000E+00    0.00000E+00    0.00000E+00    0.18467E-04
         0.68026E-02   -0.20308E-02    0.18517E-04    0.23685E-01
        -0.32455E-02    0.21235E-05    0.45920E-01   -0.37634E-02
        -0.19219E-04    0.69522E-01   -0.37026E-02   -0.33801E-04
         0.91240E-01   -0.31801E-02   -0.34744E-04    0.10855E+00
        -0.23119E-02   -0.21690E-04    0.11966E+00   -0.12135E-02
         0.00000E+00    0.12348E+00    0.00000E+00

     Iteration Number =  1     Error=  0.1107E+00

         0.00000E+00    0.00000E+00    0.00000E+00    0.24445E-04
         0.76514E-02   -0.22841E-02    0.24864E-04    0.26638E-01
        -0.36499E-02    0.35735E-05    0.51643E-01   -0.42320E-02
        -0.24427E-04    0.78183E-01   -0.41634E-02   -0.43737E-04
         0.10260E+00   -0.35757E-02   -0.45237E-04    0.12207E+00
        -0.25995E-02   -0.28344E-04    0.13456E+00   -0.13644E-02
         0.00000E+00    0.13886E+00    0.00000E+00

     Iteration Number =  2     Error=  0.5133E-01

         0.00000E+00    0.00000E+00    0.00000E+00    0.26620E-04
         0.80684E-02   -0.24085E-02    0.26860E-04    0.28087E-01
        -0.38479E-02    0.34281E-05    0.54446E-01   -0.44610E-02
        -0.27206E-04    0.82421E-01   -0.43882E-02   -0.48219E-04
         0.10816E+00   -0.37685E-02   -0.49698E-04    0.12867E+00
        -0.27394E-02   -0.31076E-04    0.14183E+00   -0.14378E-02
         0.00000E+00    0.14636E+00    0.00000E+00

     Iteration Number =  3     Error=  0.2448E-01

         0.00000E+00    0.00000E+00    0.00000E+00    0.27611E-04
         0.82735E-02   -0.24696E-02    0.27741E-04    0.28798E-01
        -0.39450E-02    0.32998E-05    0.55821E-01   -0.45729E-02
        -0.28552E-04    0.84496E-01   -0.44979E-02   -0.50338E-04
         0.11088E+00   -0.38624E-02   -0.51786E-04    0.13190E+00
        -0.28076E-02   -0.32347E-04    0.14539E+00   -0.14735E-02
         0.00000E+00    0.15003E+00    0.00000E+00

     Iteration Number =  4     Error=  0.1184E-01

         0.00000E+00    0.00000E+00    0.00000E+00    0.28078E-04
         0.83744E-02   -0.24996E-02    0.28147E-04    0.29148E-01
        -0.39926E-02    0.32212E-05    0.56495E-01   -0.46277E-02
        -0.29210E-04    0.85513E-01   -0.45515E-02   -0.51357E-04
         0.11221E+00   -0.39082E-02   -0.52785E-04    0.13348E+00
        -0.28408E-02   -0.32954E-04    0.14713E+00   -0.14909E-02
         0.00000E+00    0.15182E+00    0.00000E+00

     Iteration Number =  5     Error=  0.5759E-02

         0.00000E+00    0.00000E+00    0.00000E+00    0.28302E-04
         0.84241E-02   -0.25144E-02    0.28339E-04    0.29319E-01
        -0.40159E-02    0.31777E-05    0.56825E-01   -0.46545E-02
        -0.29532E-04    0.86011E-01   -0.45777E-02   -0.51853E-04
         0.11286E+00   -0.39306E-02   -0.53269E-04    0.13425E+00
        -0.28570E-02   -0.33247E-04    0.14798E+00   -0.14994E-02
         0.00000E+00    0.15270E+00    0.00000E+00

     Iteration Number =  6     Error=  0.2811E-02

         0.00000E+00    0.00000E+00    0.00000E+00    0.28411E-04
         0.84485E-02   -0.25216E-02    0.28431E-04    0.29404E-01
        -0.40273E-02    0.31546E-05    0.56988E-01   -0.46676E-02
        -0.29691E-04    0.86255E-01   -0.45904E-02   -0.52095E-04
         0.11318E+00   -0.39415E-02   -0.53505E-04    0.13463E+00
        -0.28649E-02   -0.33390E-04    0.14840E+00   -0.15035E-02
         0.00000E+00    0.15313E+00    0.00000E+00

     Iteration Number =  7     Error=  0.1374E-02

         0.00000E+00    0.00000E+00    0.00000E+00    0.28463E-04
         0.84605E-02   -0.25252E-02    0.28476E-04    0.29445E-01
        -0.40330E-02    0.31425E-05    0.57067E-01   -0.46740E-02
        -0.29769E-04    0.86375E-01   -0.45967E-02   -0.52214E-04
         0.11333E+00   -0.39468E-02   -0.53620E-04    0.13482E+00
        -0.28687E-02   -0.33459E-04    0.14860E+00   -0.15056E-02
         0.00000E+00    0.15334E+00    0.00000E+00


   STEP NUMBER =  5   SOURCE VALUE =  0.5000E+00

     Number of iterations taken for convergence.. =  8
     The Euclidean norm of the solution error ... =  0.6724E-03
     The CONVERGED solution is:

         0.00000E+00    0.00000E+00    0.00000E+00    0.28489E-04
         0.84665E-02   -0.25270E-02    0.28497E-04    0.29466E-01
        -0.40357E-02    0.31363E-05    0.57106E-01   -0.46772E-02
        -0.29807E-04    0.86433E-01   -0.45997E-02   -0.52272E-04
         0.11341E+00   -0.39494E-02   -0.53676E-04    0.13491E+00
        -0.28706E-02   -0.33493E-04    0.14870E+00   -0.15065E-02
         0.00000E+00    0.15344E+00    0.00000E+00

     Iteration Number =  1     Error=  0.9021E-01

         0.00000E+00    0.00000E+00    0.00000E+00    0.35832E-04
         0.93084E-02   -0.27781E-02    0.36272E-04    0.32393E-01
        -0.44363E-02    0.48731E-05    0.62776E-01   -0.51409E-02
        -0.36253E-04    0.95009E-01   -0.50554E-02   -0.64516E-04
         0.12466E+00   -0.43404E-02   -0.66588E-04    0.14828E+00
        -0.31547E-02   -0.41675E-04    0.16344E+00   -0.16556E-02
         0.00000E+00    0.16865E+00    0.00000E+00

     Iteration Number =  2     Error=  0.4185E-01

         0.00000E+00    0.00000E+00    0.00000E+00    0.38300E-04
         0.97193E-02   -0.29005E-02    0.38496E-04    0.33818E-01
        -0.46308E-02    0.46223E-05    0.65531E-01   -0.53654E-02
        -0.39514E-04    0.99169E-01   -0.52755E-02   -0.69700E-04
         0.13011E+00   -0.45289E-02   -0.71718E-04    0.15476E+00
        -0.32915E-02   -0.44808E-04    0.17057E+00   -0.17273E-02
         0.00000E+00    0.17601E+00    0.00000E+00

     Iteration Number =  3     Error=  0.1987E-01

         0.00000E+00    0.00000E+00    0.00000E+00    0.39422E-04
         0.99201E-02   -0.29603E-02    0.39473E-04    0.34513E-01
        -0.47254E-02    0.44372E-05    0.66871E-01   -0.54742E-02
        -0.41087E-04    0.10119E+00   -0.53819E-02   -0.72140E-04
         0.13275E+00   -0.46199E-02   -0.74111E-04    0.15790E+00
        -0.33574E-02   -0.46261E-04    0.17402E+00   -0.17618E-02
         0.00000E+00    0.17957E+00    0.00000E+00

     Iteration Number =  4     Error=  0.9547E-02

         0.00000E+00    0.00000E+00    0.00000E+00    0.39948E-04
         0.10018E-01   -0.29894E-02    0.39921E-04    0.34852E-01
        -0.47714E-02    0.43288E-05    0.67523E-01   -0.55270E-02
        -0.41850E-04    0.10217E+00   -0.54333E-02   -0.73309E-04
         0.13403E+00   -0.46638E-02   -0.75250E-04    0.15942E+00
        -0.33891E-02   -0.46950E-04    0.17570E+00   -0.17785E-02
         0.00000E+00    0.18130E+00    0.00000E+00

     Iteration Number =  5     Error=  0.4611E-02

         0.00000E+00    0.00000E+00    0.00000E+00    0.40199E-04
         0.10066E-01   -0.30037E-02    0.40131E-04    0.35017E-01
        -0.47938E-02    0.42697E-05    0.67840E-01   -0.55526E-02
        -0.42223E-04    0.10265E+00   -0.54582E-02   -0.73874E-04
         0.13465E+00   -0.46850E-02   -0.75797E-04    0.16015E+00
        -0.34045E-02   -0.47281E-04    0.17651E+00   -0.17865E-02
         0.00000E+00    0.18213E+00    0.00000E+00

     Iteration Number =  6     Error=  0.2233E-02

         0.00000E+00    0.00000E+00    0.00000E+00    0.40319E-04
         0.10090E-01   -0.30106E-02    0.40230E-04    0.35098E-01
        -0.48047E-02    0.42385E-05    0.67995E-01   -0.55650E-02
        -0.42405E-04    0.10288E+00   -0.54703E-02   -0.74148E-04
         0.13496E+00   -0.46952E-02   -0.76062E-04    0.16051E+00
        -0.34119E-02   -0.47440E-04    0.17690E+00   -0.17904E-02
         0.00000E+00    0.18254E+00    0.00000E+00

     Iteration Number =  7     Error=  0.1083E-02

         0.00000E+00    0.00000E+00    0.00000E+00    0.40377E-04
         0.10101E-01   -0.30140E-02    0.40277E-04    0.35137E-01
        -0.48100E-02    0.42222E-05    0.68070E-01   -0.55710E-02
        -0.42495E-04    0.10299E+00   -0.54761E-02   -0.74281E-04
         0.13510E+00   -0.47002E-02   -0.76190E-04    0.16069E+00
        -0.34154E-02   -0.47518E-04    0.17709E+00   -0.17922E-02
         0.00000E+00    0.18274E+00    0.00000E+00


   STEP NUMBER =  6   SOURCE VALUE =  0.6000E+00

     Number of iterations taken for convergence.. =  8
     The Euclidean norm of the solution error ... =  0.5252E-03
     The CONVERGED solution is:

         0.00000E+00    0.00000E+00    0.00000E+00    0.40405E-04
         0.10107E-01   -0.30157E-02    0.40300E-04    0.35157E-01
        -0.48125E-02    0.42137E-05    0.68107E-01   -0.55740E-02
        -0.42538E-04    0.10305E+00   -0.54789E-02   -0.74345E-04
         0.13518E+00   -0.47026E-02   -0.76253E-04    0.16077E+00
        -0.34171E-02   -0.47555E-04    0.17718E+00   -0.17931E-02
         0.00000E+00    0.18283E+00    0.00000E+00

     Iteration Number =  1     Error=  0.7594E-01

         0.00000E+00    0.00000E+00    0.00000E+00    0.49036E-04
         0.10941E-01   -0.32644E-02    0.49407E-04    0.38054E-01
        -0.52086E-02    0.61932E-05    0.73714E-01   -0.60320E-02
        -0.50184E-04    0.11152E+00   -0.59286E-02   -0.88791E-04
         0.14629E+00   -0.50882E-02   -0.91460E-04    0.17398E+00
        -0.36972E-02   -0.57184E-04    0.19174E+00   -0.19400E-02
         0.00000E+00    0.19785E+00    0.00000E+00

     Iteration Number =  2     Error=  0.3511E-01

         0.00000E+00    0.00000E+00    0.00000E+00    0.51757E-04
         0.11345E-01   -0.33846E-02    0.51813E-04    0.39453E-01
        -0.53992E-02    0.58207E-05    0.76414E-01   -0.62514E-02
        -0.53897E-04    0.11560E+00   -0.61434E-02   -0.94613E-04
         0.15162E+00   -0.52719E-02   -0.97190E-04    0.18031E+00
        -0.38304E-02   -0.60672E-04    0.19871E+00   -0.20098E-02
         0.00000E+00    0.20504E+00    0.00000E+00

     Iteration Number =  3     Error=  0.1656E-01

         0.00000E+00    0.00000E+00    0.00000E+00    0.52987E-04
         0.11541E-01   -0.34428E-02    0.52861E-04    0.40129E-01
        -0.54910E-02    0.55705E-05    0.77716E-01   -0.63567E-02
        -0.55677E-04    0.11756E+00   -0.62461E-02   -0.97338E-04
         0.15418E+00   -0.53596E-02   -0.99845E-04    0.18334E+00
        -0.38938E-02   -0.62280E-04    0.20205E+00   -0.20430E-02
         0.00000E+00    0.20848E+00    0.00000E+00

     Iteration Number =  4     Error=  0.7892E-02

         0.00000E+00    0.00000E+00    0.00000E+00    0.53558E-04
         0.11636E-01   -0.34710E-02    0.53336E-04    0.40457E-01
        -0.55353E-02    0.54279E-05    0.78344E-01   -0.64073E-02
        -0.56537E-04    0.11850E+00   -0.62952E-02   -0.98633E-04
         0.15541E+00   -0.54014E-02   -0.10110E-03    0.18480E+00
        -0.39240E-02   -0.63037E-04    0.20365E+00   -0.20588E-02
         0.00000E+00    0.21013E+00    0.00000E+00

     Iteration Number =  5     Error=  0.3778E-02

         0.00000E+00    0.00000E+00    0.00000E+00    0.53828E-04
         0.11682E-01   -0.34847E-02    0.53555E-04    0.40615E-01
        -0.55566E-02    0.53509E-05    0.78647E-01   -0.64316E-02
        -0.56954E-04    0.11895E+00   -0.63187E-02   -0.99255E-04
         0.15600E+00   -0.54213E-02   -0.10170E-03    0.18550E+00
        -0.39384E-02   -0.63397E-04    0.20442E+00   -0.20664E-02
         0.00000E+00    0.21093E+00    0.00000E+00

     Iteration Number =  6     Error=  0.1813E-02

         0.00000E+00    0.00000E+00    0.00000E+00    0.53956E-04
         0.11704E-01   -0.34914E-02    0.53657E-04    0.40692E-01
        -0.55670E-02    0.53104E-05    0.78794E-01   -0.64433E-02
        -0.57157E-04    0.11917E+00   -0.63300E-02   -0.99553E-04
         0.15628E+00   -0.54309E-02   -0.10199E-03    0.18584E+00
        -0.39453E-02   -0.63569E-04    0.20479E+00   -0.20699E-02
         0.00000E+00    0.21131E+00    0.00000E+00


   STEP NUMBER =  7   SOURCE VALUE =  0.7000E+00

     Number of iterations taken for convergence.. =  7
     The Euclidean norm of the solution error ... =  0.8708E-03
     The CONVERGED solution is:

         0.00000E+00    0.00000E+00    0.00000E+00    0.54017E-04
         0.11715E-01   -0.34946E-02    0.53705E-04    0.40729E-01
        -0.55719E-02    0.52893E-05    0.78865E-01   -0.64489E-02
        -0.57255E-04    0.11928E+00   -0.63354E-02   -0.99698E-04
         0.15642E+00   -0.54354E-02   -0.10212E-03    0.18600E+00
        -0.39486E-02   -0.63652E-04    0.20496E+00   -0.20716E-02
         0.00000E+00    0.21149E+00    0.00000E+00

     Iteration Number =  1     Error=  0.6565E-01

         0.00000E+00    0.00000E+00    0.00000E+00    0.63864E-04
         0.12543E-01   -0.37413E-02    0.64051E-04    0.43602E-01
        -0.59642E-02    0.74589E-05    0.84420E-01   -0.69019E-02
        -0.66078E-04    0.12767E+00   -0.67798E-02   -0.11626E-03
         0.16742E+00   -0.58162E-02   -0.11952E-03    0.19907E+00
        -0.42250E-02   -0.74657E-04    0.21936E+00   -0.22166E-02
         0.00000E+00    0.22634E+00    0.00000E+00

     Iteration Number =  2     Error=  0.3017E-01

         0.00000E+00    0.00000E+00    0.00000E+00    0.66807E-04
         0.12941E-01   -0.38595E-02    0.66600E-04    0.44977E-01
        -0.61511E-02    0.69467E-05    0.87068E-01   -0.71166E-02
        -0.70228E-04    0.13166E+00   -0.69894E-02   -0.12267E-03
         0.17263E+00   -0.59953E-02   -0.12580E-03    0.20526E+00
        -0.43547E-02   -0.78467E-04    0.22617E+00   -0.22845E-02
         0.00000E+00    0.23336E+00    0.00000E+00

     Iteration Number =  3     Error=  0.1411E-01

         0.00000E+00    0.00000E+00    0.00000E+00    0.68125E-04
         0.13132E-01   -0.39163E-02    0.67697E-04    0.45636E-01
        -0.62402E-02    0.66218E-05    0.88333E-01   -0.72185E-02
        -0.72203E-04    0.13356E+00   -0.70885E-02   -0.12565E-03
         0.17511E+00   -0.60796E-02   -0.12868E-03    0.20819E+00
        -0.44156E-02   -0.80209E-04    0.22940E+00   -0.23164E-02
         0.00000E+00    0.23669E+00    0.00000E+00

     Iteration Number =  4     Error=  0.6662E-02

         0.00000E+00    0.00000E+00    0.00000E+00    0.68732E-04
         0.13225E-01   -0.39436E-02    0.68185E-04    0.45952E-01
        -0.62829E-02    0.64403E-05    0.88938E-01   -0.72669E-02
        -0.73151E-04    0.13447E+00   -0.71353E-02   -0.12706E-03
         0.17629E+00   -0.61194E-02   -0.13004E-03    0.20959E+00
        -0.44443E-02   -0.81021E-04    0.23093E+00   -0.23314E-02
         0.00000E+00    0.23827E+00    0.00000E+00

     Iteration Number =  5     Error=  0.3158E-02

         0.00000E+00    0.00000E+00    0.00000E+00    0.69015E-04
         0.13269E-01   -0.39568E-02    0.68407E-04    0.46104E-01
        -0.63032E-02    0.63432E-05    0.89228E-01   -0.72899E-02
        -0.73608E-04    0.13490E+00   -0.71575E-02   -0.12773E-03
         0.17685E+00   -0.61381E-02   -0.13067E-03    0.21025E+00
        -0.44577E-02   -0.81404E-04    0.23166E+00   -0.23384E-02
         0.00000E+00    0.23902E+00    0.00000E+00

     Iteration Number =  6     Error=  0.1500E-02

         0.00000E+00    0.00000E+00    0.00000E+00    0.69148E-04
         0.13291E-01   -0.39631E-02    0.68508E-04    0.46177E-01
        -0.63130E-02    0.62922E-05    0.89367E-01   -0.73008E-02
        -0.73828E-04    0.13511E+00   -0.71680E-02   -0.12805E-03
         0.17712E+00   -0.61470E-02   -0.13098E-03    0.21056E+00
        -0.44641E-02   -0.81585E-04    0.23200E+00   -0.23417E-02
         0.00000E+00    0.23938E+00    0.00000E+00


   STEP NUMBER =  8   SOURCE VALUE =  0.8000E+00

     Number of iterations taken for convergence.. =  7
     The Euclidean norm of the solution error ... =  0.7130E-03
     The CONVERGED solution is:

         0.00000E+00    0.00000E+00    0.00000E+00    0.69210E-04
         0.13301E-01   -0.39662E-02    0.68555E-04    0.46212E-01
        -0.63176E-02    0.62657E-05    0.89433E-01   -0.73060E-02
        -0.73935E-04    0.13520E+00   -0.71729E-02   -0.12820E-03
         0.17725E+00   -0.61511E-02   -0.13112E-03    0.21071E+00
        -0.44671E-02   -0.81671E-04    0.23217E+00   -0.23432E-02
         0.00000E+00    0.23955E+00    0.00000E+00

     Iteration Number =  1     Error=  0.5755E-01

         0.00000E+00    0.00000E+00    0.00000E+00    0.80174E-04
         0.14119E-01   -0.42098E-02    0.80025E-04    0.49048E-01
        -0.67044E-02    0.85810E-05    0.94912E-01   -0.77521E-02
        -0.83871E-04    0.14347E+00   -0.76100E-02   -0.14672E-03
         0.18808E+00   -0.65254E-02   -0.15054E-03    0.22358E+00
        -0.47386E-02   -0.93945E-04    0.24634E+00   -0.24856E-02
         0.00000E+00    0.25416E+00    0.00000E+00

     Iteration Number =  2     Error=  0.2624E-01

         0.00000E+00    0.00000E+00    0.00000E+00    0.83290E-04
         0.14509E-01   -0.43255E-02    0.82664E-04    0.50392E-01
        -0.68867E-02    0.79162E-05    0.97497E-01   -0.79610E-02
        -0.88411E-04    0.14736E+00   -0.78135E-02   -0.15365E-03
         0.19315E+00   -0.66989E-02   -0.15728E-03    0.22960E+00
        -0.48641E-02   -0.98019E-04    0.25296E+00   -0.25513E-02
         0.00000E+00    0.26099E+00    0.00000E+00

     Iteration Number =  3     Error=  0.1216E-01

         0.00000E+00    0.00000E+00    0.00000E+00    0.84670E-04
         0.14695E-01   -0.43806E-02    0.83780E-04    0.51031E-01
        -0.69728E-02    0.75111E-05    0.98719E-01   -0.80589E-02
        -0.90558E-04    0.14919E+00   -0.79085E-02   -0.15684E-03
         0.19554E+00   -0.67796E-02   -0.16034E-03    0.23242E+00
        -0.49223E-02   -0.99863E-04    0.25606E+00   -0.25817E-02
         0.00000E+00    0.26419E+00    0.00000E+00

     Iteration Number =  4     Error=  0.5679E-02

         0.00000E+00    0.00000E+00    0.00000E+00    0.85298E-04
         0.14784E-01   -0.44069E-02    0.84269E-04    0.51334E-01
        -0.70135E-02    0.72881E-05    0.99298E-01   -0.81049E-02
        -0.91580E-04    0.15006E+00   -0.79528E-02   -0.15833E-03
         0.19666E+00   -0.68170E-02   -0.16177E-03    0.23375E+00
        -0.49492E-02   -0.10072E-03    0.25751E+00   -0.25958E-02
         0.00000E+00    0.26569E+00    0.00000E+00

     Iteration Number =  5     Error=  0.2663E-02

         0.00000E+00    0.00000E+00    0.00000E+00    0.85587E-04
         0.14826E-01   -0.44194E-02    0.84486E-04    0.51479E-01
        -0.70328E-02    0.71696E-05    0.99573E-01   -0.81266E-02
        -0.92069E-04    0.15047E+00   -0.79735E-02   -0.15903E-03
         0.19719E+00   -0.68345E-02   -0.16243E-03    0.23437E+00
        -0.49617E-02   -0.10111E-03    0.25820E+00   -0.26023E-02
         0.00000E+00    0.26639E+00    0.00000E+00

     Iteration Number =  6     Error=  0.1251E-02

         0.00000E+00    0.00000E+00    0.00000E+00    0.85721E-04
         0.14847E-01   -0.44254E-02    0.84583E-04    0.51548E-01
        -0.70419E-02    0.71076E-05    0.99703E-01   -0.81367E-02
        -0.92304E-04    0.15066E+00   -0.79832E-02   -0.15936E-03
         0.19744E+00   -0.68426E-02   -0.16274E-03    0.23466E+00
        -0.49675E-02   -0.10130E-03    0.25852E+00   -0.26053E-02
         0.00000E+00    0.26672E+00    0.00000E+00


   STEP NUMBER =  9   SOURCE VALUE =  0.9000E+00

     Number of iterations taken for convergence.. =  7
     The Euclidean norm of the solution error ... =  0.5884E-03
     The CONVERGED solution is:

         0.00000E+00    0.00000E+00    0.00000E+00    0.85783E-04
         0.14857E-01   -0.44283E-02    0.84626E-04    0.51581E-01
        -0.70463E-02    0.70754E-05    0.99765E-01   -0.81415E-02
        -0.92417E-04    0.15075E+00   -0.79877E-02   -0.15952E-03
         0.19756E+00   -0.68463E-02   -0.16289E-03    0.23480E+00
        -0.49702E-02   -0.10138E-03    0.25867E+00   -0.26067E-02
         0.00000E+00    0.26688E+00    0.00000E+00

     Iteration Number =  1     Error=  0.5114E-01

         0.00000E+00    0.00000E+00    0.00000E+00    0.97776E-04
         0.15665E-01   -0.46687E-02    0.97112E-04    0.54378E-01
        -0.74272E-02    0.94882E-05    0.10516E+00   -0.85802E-02
        -0.10342E-03    0.15889E+00   -0.84170E-02   -0.17988E-03
         0.20821E+00   -0.72136E-02   -0.18419E-03    0.24745E+00
        -0.52365E-02   -0.11483E-03    0.27260E+00   -0.27462E-02
         0.00000E+00    0.28125E+00    0.00000E+00

     Iteration Number =  2     Error=  0.2310E-01

         0.00000E+00    0.00000E+00    0.00000E+00    0.10102E-03
         0.16046E-01   -0.47818E-02    0.99798E-04    0.55690E-01
        -0.76047E-02    0.86582E-05    0.10768E+00   -0.87830E-02
        -0.10832E-03    0.16268E+00   -0.86142E-02   -0.18725E-03
         0.21315E+00   -0.73815E-02   -0.19131E-03    0.25330E+00
        -0.53578E-02   -0.11913E-03    0.27903E+00   -0.28097E-02
         0.00000E+00    0.28787E+00    0.00000E+00

     Iteration Number =  3     Error=  0.1059E-01

         0.00000E+00    0.00000E+00    0.00000E+00    0.10245E-03
         0.16226E-01   -0.48352E-02    0.10091E-03    0.56308E-01
        -0.76877E-02    0.81673E-05    0.10886E+00   -0.88770E-02
        -0.11062E-03    0.16444E+00   -0.87050E-02   -0.19061E-03
         0.21544E+00   -0.74584E-02   -0.19453E-03    0.25601E+00
        -0.54132E-02   -0.12105E-03    0.28200E+00   -0.28386E-02
         0.00000E+00    0.29094E+00    0.00000E+00

     Iteration Number =  4     Error=  0.4892E-02

         0.00000E+00    0.00000E+00    0.00000E+00    0.10309E-03
         0.16312E-01   -0.48604E-02    0.10139E-03    0.56599E-01
        -0.77266E-02    0.79004E-05    0.10941E+00   -0.89206E-02
        -0.11170E-03    0.16526E+00   -0.87468E-02   -0.19217E-03
         0.21650E+00   -0.74936E-02   -0.19600E-03    0.25726E+00
        -0.54384E-02   -0.12193E-03    0.28337E+00   -0.28517E-02
         0.00000E+00    0.29235E+00    0.00000E+00

     Iteration Number =  5     Error=  0.2268E-02

         0.00000E+00    0.00000E+00    0.00000E+00    0.10338E-03
         0.16353E-01   -0.48724E-02    0.10160E-03    0.56736E-01
        -0.77448E-02    0.77595E-05    0.10967E+00   -0.89409E-02
        -0.11222E-03    0.16565E+00   -0.87661E-02   -0.19289E-03
         0.21700E+00   -0.75097E-02   -0.19668E-03    0.25785E+00
        -0.54500E-02   -0.12233E-03    0.28401E+00   -0.28577E-02
         0.00000E+00    0.29301E+00    0.00000E+00

     Iteration Number =  6     Error=  0.1053E-02

         0.00000E+00    0.00000E+00    0.00000E+00    0.10351E-03
         0.16372E-01   -0.48781E-02    0.10169E-03    0.56801E-01
        -0.77533E-02    0.76861E-05    0.10979E+00   -0.89503E-02
        -0.11247E-03    0.16583E+00   -0.87749E-02   -0.19323E-03
         0.21723E+00   -0.75171E-02   -0.19700E-03    0.25812E+00
        -0.54552E-02   -0.12252E-03    0.28431E+00   -0.28604E-02
         0.00000E+00    0.29332E+00    0.00000E+00


   STEP NUMBER = 10   SOURCE VALUE =  0.1000E+01

     Number of iterations taken for convergence.. =  7
     The Euclidean norm of the solution error ... =  0.4898E-03
     The CONVERGED solution is:

         0.00000E+00    0.00000E+00    0.00000E+00    0.10357E-03
         0.16381E-01   -0.48807E-02    0.10172E-03    0.56832E-01
        -0.77573E-02    0.76481E-05    0.10985E+00   -0.89547E-02
        -0.11258E-03    0.16591E+00   -0.87790E-02   -0.19339E-03
         0.21734E+00   -0.75205E-02   -0.19714E-03    0.25824E+00
        -0.54576E-02   -0.12261E-03    0.28445E+00   -0.28617E-02
         0.00000E+00    0.29346E+00    0.00000E+00
