     *** ECHO OF THE INPUT DATA STARTS ***

Example 5.2.1: Nonlinear analysis of a hinged-hinged beam problem               
  2   0   8                        MODEL,IEL,NEM                                
  0.0  50.0                        X0,AL                                        
  1  1  30.0E06  0.3               B,H,E,GNIU                                   
                                                                                
  0.0  0.0  0.0                    FX0,FX1,FX2                                  
  10.0  0.0  0.0                    QX0,QX1,QX2                                 
  5   0   0                        NSPV,NSSV,NSMB                               
  1   1   0.0                       ISPV(1,1),ISPV(1,2),VSPV(1)                 
  1   2   0.0                       ISPV(1,1),ISPV(1,2),VSPV(1)                 
  1   3   0.0                       ISPV(1,1),ISPV(1,2),VSPV(1)                 
  9   1   0.0                       ISPV(2,1),ISPV(2,2),VSPV(2)                 
  9   3   0.0                       ISPV(3,1),ISPV(3,2),VSPV(3)                 
                                                                                
  2   0                            NONLIN,NPRNT                                 
  10   50  1.0E-03  0.0             NLS, ITMAX, EPS, GAMA                       
  2   2                            NGP, LGP                                     
  0.1 0.1 0.1 0.1 0.1                                                           
  0.1 0.1 0.1 0.1 0.1              DP(I)                                        
                                                                                
  0.0 0.0 0.0 0.0 0.0 0.0 0.0                                                   
  0.0 0.0 0.0 0.0 0.0 0.0 0.0                                                   
  0.0 0.0 0.0 0.0 0.0 0.0 0.0                                                   
  0.0 0.0 0.0 0.0 0.0 0.0          GP1(I)                                       

     **** ECHO OF THE INPUT DATA ENDS ****

________________________________________________________________________________
        Output from computer program  FEM1DBEAM              by J. N. Reddy
________________________________________________________________________________


Example 5.2.1: Nonlinear analysis of a hinged-hinged beam problem               

    *** ANALYSIS OF MODEL  2 PROBLEM ***
               (see the code below)

    MODEL=1: A problem described by MODEL EQ. 1
    MODEL=2: A Euler-Bernoulli BEAM problem
    MODEL=3: A Timoshenko BEAM problem


   P R O B L E M   D A T A:

     Coordinate of node 1 ....................... =   0.0000E+00
     Length of the beam ......................... =   0.5000E+02
     Width of cross-section for the beam, B ..... =   0.1000E+01
     Height of cross-section for the beam, H .... =   0.1000E+01
     Elastic modulus of the beam material, E .... =   0.3000E+08
     Axial stiffness for the beam, EA ........... =   0.3000E+08
     Bending stiffness for the beam, EI ......... =   0.2500E+07
     Coefficient of 1 in QX, QX0 ................ =   0.1000E+02
     Coefficient of x in QX, QX1 ................ =   0.0000E+00
     Coefficient of x*x in QX, QX2 .............. =   0.0000E+00
     Coefficient of 1 in FX, FX0 ................ =   0.0000E+00
     Coefficient of x in FX, FX1 ................ =   0.0000E+00
     Coefficient of x*x in FX, FX2 .............. =   0.0000E+00


   M E S H   D A T A:

     Number of elements in the mesh, NEM......... =    8
     Type of element(0:hermite;1:linear;2:quadratic;) .. =    0
     Number of nodes in the mesh, NNM ........... =    9
     Number of deg. of freedom per node, NDF..... =    3
     Number of total DOF in the model, NEQ....... =   27
     GLOBAL COORDINATES OF THE GLOBAL NODES ..... =

        0.0000E+00   0.6250E+01   0.1250E+02   0.1875E+02   0.2500E+02
        0.3125E+02   0.3750E+02   0.4375E+02   0.5000E+02

          CONNECTIVITY MATRIX:

              1    2
              2    3
              3    4
              4    5
              5    6
              6    7
              7    8
              8    9

   B O U N D A R Y   D A T A:

     Number of specified PRIMARY variables ...... =    5
     Specified PRIMARY degrees of freedom ....... :

              1    1   0.0000E+00
              1    2   0.0000E+00
              1    3   0.0000E+00
              9    1   0.0000E+00
              9    3   0.0000E+00

     *** NONLINEAR Analysis with NEWTON ITERATION ***


   NONLINEAR  A N A L Y S I S   D A T A:

     Number of load steps used, NLS ............. =   10
     Maximum allowable number of iterations ..... =   50
     Allowable convergence tolerance (EPS) ...... =   0.1000E-02
     Acceleration parameter:GAMA*GP2+(1-GAMA)*GP1 =   0.0000E+00

   INITIAL (GUESS) VECTOR:

     0.00000E+00  0.00000E+00  0.00000E+00  0.00000E+00  0.00000E+00  0.00000E+00  0.00000E+00  0.00000E+00  0.00000E+00  0.00000E+00  0.00000E+00  0.00000E+00  0.00000E+00  0.00000E+00  0.00000E+00  0.00000E+00  0.00000E+00  0.00000E+00  0.00000E+00  0.00000E+00  0.00000E+00  0.00000E+00  0.00000E+00  0.00000E+00

   INITIAL (GUESS) VECTOR:

     0.00000E+00  0.00000E+00  0.00000E+00

     First iteration solution at source value ... =  0.1000E+00

         0.00000E+00    0.00000E+00    0.00000E+00    0.00000E+00
         0.28610E-02   -0.85449E-03    0.00000E+00    0.99691E-02
        -0.13672E-02    0.00000E+00    0.19341E-01   -0.15869E-02
         0.00000E+00    0.29297E-01   -0.15625E-02    0.00000E+00
         0.38465E-01   -0.13428E-02    0.00000E+00    0.45776E-01
        -0.97656E-03    0.00000E+00    0.50468E-01   -0.51270E-03
         0.00000E+00    0.52083E-01    0.00000E+00

     Iteration Number =  1     Error=  0.1000E+01

         0.00000E+00    0.00000E+00    0.00000E+00    0.00000E+00
         0.28610E-02   -0.85449E-03    0.00000E+00    0.99691E-02
        -0.13672E-02    0.00000E+00    0.19341E-01   -0.15869E-02
         0.00000E+00    0.29297E-01   -0.15625E-02    0.00000E+00
         0.38465E-01   -0.13428E-02    0.00000E+00    0.45776E-01
        -0.97656E-03    0.00000E+00    0.50468E-01   -0.51270E-03
         0.00000E+00    0.52083E-01    0.00000E+00

     Iteration Number =  2     Error=  0.3320E+00

         0.00000E+00    0.00000E+00    0.00000E+00    0.75464E-05
         0.42852E-02   -0.12797E-02    0.78528E-05    0.14929E-01
        -0.20471E-02    0.14807E-05    0.28960E-01   -0.23757E-02
        -0.70528E-05    0.43864E-01   -0.23388E-02   -0.13034E-04
         0.57587E-01   -0.20098E-02   -0.13624E-04    0.68530E-01
        -0.14616E-02   -0.85868E-05    0.75553E-01   -0.76734E-03
         0.00000E+00    0.77969E-01    0.00000E+00

     Iteration Number =  3     Error=  0.1412E+00

         0.00000E+00    0.00000E+00    0.00000E+00    0.10522E-04
         0.49922E-02   -0.14908E-02    0.10772E-04    0.17390E-01
        -0.23842E-02    0.16818E-05    0.33730E-01   -0.27664E-02
        -0.10338E-04    0.51084E-01   -0.27232E-02   -0.18667E-04
         0.67061E-01   -0.23398E-02   -0.19363E-04    0.79801E-01
        -0.17015E-02   -0.12150E-04    0.87976E-01   -0.89322E-03
         0.00000E+00    0.90789E-01    0.00000E+00

     Iteration Number =  4     Error=  0.6532E-01

         0.00000E+00    0.00000E+00    0.00000E+00    0.11803E-04
         0.53428E-02   -0.15954E-02    0.11970E-04    0.18610E-01
        -0.25512E-02    0.16455E-05    0.36093E-01   -0.29598E-02
        -0.11912E-04    0.54659E-01   -0.29132E-02   -0.21248E-04
         0.71750E-01   -0.25029E-02   -0.21948E-04    0.85377E-01
        -0.18199E-02   -0.13739E-04    0.94121E-01   -0.95537E-03
         0.00000E+00    0.97130E-01    0.00000E+00

     Iteration Number =  5     Error=  0.3131E-01

         0.00000E+00    0.00000E+00    0.00000E+00    0.12389E-04
         0.55168E-02   -0.16473E-02    0.12502E-04    0.19215E-01
        -0.26339E-02    0.15932E-05    0.37263E-01   -0.30555E-02
        -0.12679E-04    0.56429E-01   -0.30072E-02   -0.22475E-04
         0.74071E-01   -0.25834E-02   -0.23165E-04    0.88136E-01
        -0.18785E-02   -0.14483E-04    0.97161E-01   -0.98607E-03
         0.00000E+00    0.10027E+00    0.00000E+00

     Iteration Number =  6     Error=  0.1526E-01

         0.00000E+00    0.00000E+00    0.00000E+00    0.12667E-04
         0.56032E-02   -0.16730E-02    0.12750E-04    0.19514E-01
        -0.26748E-02    0.15584E-05    0.37843E-01   -0.31028E-02
        -0.13057E-04    0.57306E-01   -0.30536E-02   -0.23070E-04
         0.75220E-01   -0.26233E-02   -0.23752E-04    0.89502E-01
        -0.19074E-02   -0.14840E-04    0.98666E-01   -0.10012E-02
         0.00000E+00    0.10182E+00    0.00000E+00

     Iteration Number =  7     Error=  0.7500E-02

         0.00000E+00    0.00000E+00    0.00000E+00    0.12802E-04
         0.56460E-02   -0.16858E-02    0.12869E-04    0.19663E-01
        -0.26952E-02    0.15387E-05    0.38131E-01   -0.31263E-02
        -0.13243E-04    0.57740E-01   -0.30766E-02   -0.23362E-04
         0.75789E-01   -0.26430E-02   -0.24039E-04    0.90178E-01
        -0.19217E-02   -0.15015E-04    0.99410E-01   -0.10087E-02
         0.00000E+00    0.10259E+00    0.00000E+00

     Iteration Number =  8     Error=  0.3700E-02

         0.00000E+00    0.00000E+00    0.00000E+00    0.12868E-04
         0.56673E-02   -0.16921E-02    0.12927E-04    0.19737E-01
        -0.27052E-02    0.15282E-05    0.38273E-01   -0.31379E-02
        -0.13335E-04    0.57955E-01   -0.30880E-02   -0.23505E-04
         0.76071E-01   -0.26527E-02   -0.24180E-04    0.90513E-01
        -0.19287E-02   -0.15100E-04    0.99779E-01   -0.10124E-02
         0.00000E+00    0.10297E+00    0.00000E+00

     Iteration Number =  9     Error=  0.1829E-02

         0.00000E+00    0.00000E+00    0.00000E+00    0.12901E-04
         0.56779E-02   -0.16953E-02    0.12955E-04    0.19774E-01
        -0.27102E-02    0.15227E-05    0.38344E-01   -0.31436E-02
        -0.13381E-04    0.58062E-01   -0.30936E-02   -0.23576E-04
         0.76210E-01   -0.26575E-02   -0.24249E-04    0.90679E-01
        -0.19322E-02   -0.15143E-04    0.99962E-01   -0.10143E-02
         0.00000E+00    0.10316E+00    0.00000E+00


   STEP NUMBER =  1   SOURCE VALUE =  0.1000E+00

     Number of iterations taken for convergence.. = 10
     The Euclidean norm of the solution error ... =  0.9047E-03
     The CONVERGED solution is:

         0.00000E+00    0.00000E+00    0.00000E+00    0.12917E-04
         0.56831E-02   -0.16968E-02    0.12969E-04    0.19792E-01
        -0.27127E-02    0.15198E-05    0.38379E-01   -0.31465E-02
        -0.13404E-04    0.58115E-01   -0.30964E-02   -0.23612E-04
         0.76279E-01   -0.26599E-02   -0.24284E-04    0.90761E-01
        -0.19340E-02   -0.15164E-04    0.10005E+00   -0.10152E-02
         0.00000E+00    0.10325E+00    0.00000E+00

     Iteration Number =  1     Error=  0.3325E+00

         0.00000E+00    0.00000E+00    0.00000E+00    0.29662E-04
         0.85172E-02   -0.25428E-02    0.30781E-04    0.29657E-01
        -0.40643E-02    0.56475E-05    0.57504E-01   -0.47135E-02
        -0.27916E-04    0.87066E-01   -0.46379E-02   -0.51384E-04
         0.11427E+00   -0.39838E-02   -0.53640E-04    0.13596E+00
        -0.28963E-02   -0.33787E-04    0.14988E+00   -0.15203E-02
         0.00000E+00    0.15466E+00    0.00000E+00

     Iteration Number =  2     Error=  0.1377E+00

         0.00000E+00    0.00000E+00    0.00000E+00    0.40979E-04
         0.98921E-02   -0.29526E-02    0.41743E-04    0.34430E-01
        -0.47161E-02    0.61314E-05    0.66733E-01   -0.54664E-02
        -0.40737E-04    0.10101E+00   -0.53765E-02   -0.73085E-04
         0.13254E+00   -0.46168E-02   -0.75641E-04    0.15768E+00
        -0.33558E-02   -0.47415E-04    0.17380E+00   -0.17612E-02
         0.00000E+00    0.17934E+00    0.00000E+00

     Iteration Number =  3     Error=  0.6206E-01

         0.00000E+00    0.00000E+00    0.00000E+00    0.45579E-04
         0.10559E-01   -0.31511E-02    0.45918E-04    0.36739E-01
        -0.50304E-02    0.57334E-05    0.71187E-01   -0.58281E-02
        -0.46707E-04    0.10773E+00   -0.57302E-02   -0.82624E-04
         0.14133E+00   -0.49192E-02   -0.85100E-04    0.16810E+00
        -0.35750E-02   -0.53201E-04    0.18528E+00   -0.18761E-02
         0.00000E+00    0.19119E+00    0.00000E+00

     Iteration Number =  4     Error=  0.2899E-01

         0.00000E+00    0.00000E+00    0.00000E+00    0.47594E-04
         0.10883E-01   -0.32474E-02    0.47664E-04    0.37858E-01
        -0.51822E-02    0.53819E-05    0.73339E-01   -0.60021E-02
        -0.49547E-04    0.11096E+00   -0.58998E-02   -0.87014E-04
         0.14556E+00   -0.50638E-02   -0.89396E-04    0.17312E+00
        -0.36796E-02   -0.55808E-04    0.19079E+00   -0.19308E-02
         0.00000E+00    0.19688E+00    0.00000E+00

     Iteration Number =  5     Error=  0.1377E-01

         0.00000E+00    0.00000E+00    0.00000E+00    0.48518E-04
         0.11041E-01   -0.32942E-02    0.48438E-04    0.38400E-01
        -0.52556E-02    0.51677E-05    0.74381E-01   -0.60859E-02
        -0.50915E-04    0.11253E+00   -0.59812E-02   -0.89086E-04
         0.14760E+00   -0.51330E-02   -0.91408E-04    0.17553E+00
        -0.37296E-02   -0.57023E-04    0.19345E+00   -0.19570E-02
         0.00000E+00    0.19961E+00    0.00000E+00

     Iteration Number =  6     Error=  0.6592E-02

         0.00000E+00    0.00000E+00    0.00000E+00    0.48951E-04
         0.11118E-01   -0.33169E-02    0.48792E-04    0.38664E-01
        -0.52911E-02    0.50496E-05    0.74885E-01   -0.61262E-02
        -0.51578E-04    0.11328E+00   -0.60203E-02   -0.90077E-04
         0.14858E+00   -0.51662E-02   -0.92364E-04    0.17670E+00
        -0.37536E-02   -0.57599E-04    0.19473E+00   -0.19695E-02
         0.00000E+00    0.20093E+00    0.00000E+00

     Iteration Number =  7     Error=  0.3169E-02

         0.00000E+00    0.00000E+00    0.00000E+00    0.49156E-04
         0.11155E-01   -0.33280E-02    0.48957E-04    0.38792E-01
        -0.53083E-02    0.49868E-05    0.75129E-01   -0.61457E-02
        -0.51900E-04    0.11365E+00   -0.60391E-02   -0.90555E-04
         0.14906E+00   -0.51821E-02   -0.92823E-04    0.17726E+00
        -0.37650E-02   -0.57875E-04    0.19534E+00   -0.19755E-02
         0.00000E+00    0.20156E+00    0.00000E+00

     Iteration Number =  8     Error=  0.1526E-02

         0.00000E+00    0.00000E+00    0.00000E+00    0.49254E-04
         0.11174E-01   -0.33334E-02    0.49035E-04    0.38854E-01
        -0.53167E-02    0.49540E-05    0.75248E-01   -0.61551E-02
        -0.52057E-04    0.11382E+00   -0.60481E-02   -0.90785E-04
         0.14928E+00   -0.51898E-02   -0.93044E-04    0.17753E+00
        -0.37705E-02   -0.58007E-04    0.19564E+00   -0.19783E-02
         0.00000E+00    0.20187E+00    0.00000E+00


   STEP NUMBER =  2   SOURCE VALUE =  0.2000E+00

     Number of iterations taken for convergence.. =  9
     The Euclidean norm of the solution error ... =  0.7356E-03
     The CONVERGED solution is:

         0.00000E+00    0.00000E+00    0.00000E+00    0.49301E-04
         0.11183E-01   -0.33360E-02    0.49071E-04    0.38884E-01
        -0.53207E-02    0.49370E-05    0.75305E-01   -0.61596E-02
        -0.52134E-04    0.11391E+00   -0.60524E-02   -0.90897E-04
         0.14940E+00   -0.51934E-02   -0.93150E-04    0.17766E+00
        -0.37731E-02   -0.58071E-04    0.19578E+00   -0.19797E-02
         0.00000E+00    0.20202E+00    0.00000E+00

     Iteration Number =  1     Error=  0.1970E+00

         0.00000E+00    0.00000E+00    0.00000E+00    0.80748E-04
         0.13939E-01   -0.41575E-02    0.82176E-04    0.48454E-01
        -0.66279E-02    0.11996E-04    0.93814E-01   -0.76701E-02
        -0.80160E-04    0.14188E+00   -0.75346E-02   -0.14366E-03
         0.18605E+00   -0.64640E-02   -0.14863E-03    0.22123E+00
        -0.46956E-02   -0.93183E-04    0.24378E+00   -0.24635E-02
         0.00000E+00    0.25154E+00    0.00000E+00

     Iteration Number =  2     Error=  0.8289E-01

         0.00000E+00    0.00000E+00    0.00000E+00    0.94198E-04
         0.15231E-01   -0.45414E-02    0.94322E-04    0.52912E-01
        -0.72326E-02    0.10727E-04    0.10239E+00   -0.83632E-02
        -0.97683E-04    0.15478E+00   -0.82102E-02   -0.17153E-03
         0.20290E+00   -0.70403E-02   -0.17622E-03    0.24121E+00
        -0.51125E-02   -0.11005E-03    0.26576E+00   -0.26817E-02
         0.00000E+00    0.27420E+00    0.00000E+00

     Iteration Number =  3     Error=  0.3680E-01

         0.00000E+00    0.00000E+00    0.00000E+00    0.99516E-04
         0.15840E-01   -0.47217E-02    0.98721E-04    0.55000E-01
        -0.75138E-02    0.93835E-05    0.10638E+00   -0.86826E-02
        -0.10565E-03    0.16076E+00   -0.85194E-02   -0.18351E-03
         0.21068E+00   -0.73025E-02   -0.18780E-03    0.25041E+00
        -0.53016E-02   -0.11704E-03    0.27587E+00   -0.27805E-02
         0.00000E+00    0.28462E+00    0.00000E+00

     Iteration Number =  4     Error=  0.1674E-01

         0.00000E+00    0.00000E+00    0.00000E+00    0.10178E-03
         0.16129E-01   -0.48067E-02    0.10047E-03    0.55981E-01
        -0.76451E-02    0.85566E-05    0.10825E+00   -0.88304E-02
        -0.10936E-03    0.16354E+00   -0.86614E-02   -0.18889E-03
         0.21429E+00   -0.74223E-02   -0.19293E-03    0.25467E+00
        -0.53876E-02   -0.12011E-03    0.28054E+00   -0.28253E-02
         0.00000E+00    0.28943E+00    0.00000E+00

     Iteration Number =  5     Error=  0.7708E-02

         0.00000E+00    0.00000E+00    0.00000E+00    0.10279E-03
         0.16265E-01   -0.48469E-02    0.10121E-03    0.56444E-01
        -0.77065E-02    0.81032E-05    0.10913E+00   -0.88990E-02
        -0.11111E-03    0.16484E+00   -0.87267E-02   -0.19137E-03
         0.21597E+00   -0.74771E-02   -0.19526E-03    0.25664E+00
        -0.54268E-02   -0.12150E-03    0.28270E+00   -0.28457E-02
         0.00000E+00    0.29166E+00    0.00000E+00

     Iteration Number =  6     Error=  0.3568E-02

         0.00000E+00    0.00000E+00    0.00000E+00    0.10324E-03
         0.16330E-01   -0.48659E-02    0.10152E-03    0.56663E-01
        -0.77354E-02    0.78639E-05    0.10954E+00   -0.89308E-02
        -0.11194E-03    0.16545E+00   -0.87568E-02   -0.19252E-03
         0.21675E+00   -0.75022E-02   -0.19634E-03    0.25756E+00
        -0.54447E-02   -0.12214E-03    0.28370E+00   -0.28550E-02
         0.00000E+00    0.29269E+00    0.00000E+00

     Iteration Number =  7     Error=  0.1656E-02

         0.00000E+00    0.00000E+00    0.00000E+00    0.10345E-03
         0.16361E-01   -0.48750E-02    0.10165E-03    0.56767E-01
        -0.77489E-02    0.77395E-05    0.10973E+00   -0.89456E-02
        -0.11233E-03    0.16573E+00   -0.87707E-02   -0.19306E-03
         0.21711E+00   -0.75137E-02   -0.19684E-03    0.25798E+00
        -0.54528E-02   -0.12243E-03    0.28416E+00   -0.28592E-02
         0.00000E+00    0.29317E+00    0.00000E+00


   STEP NUMBER =  3   SOURCE VALUE =  0.3000E+00

     Number of iterations taken for convergence.. =  8
     The Euclidean norm of the solution error ... =  0.7699E-03
     The CONVERGED solution is:

         0.00000E+00    0.00000E+00    0.00000E+00    0.10354E-03
         0.16376E-01   -0.48793E-02    0.10171E-03    0.56816E-01
        -0.77553E-02    0.76754E-05    0.10982E+00   -0.89525E-02
        -0.11252E-03    0.16587E+00   -0.87771E-02   -0.19331E-03
         0.21728E+00   -0.75189E-02   -0.19707E-03    0.25818E+00
        -0.54565E-02   -0.12257E-03    0.28438E+00   -0.28611E-02
         0.00000E+00    0.29339E+00    0.00000E+00

     Iteration Number =  1     Error=  0.1380E+00

         0.00000E+00    0.00000E+00    0.00000E+00    0.14659E-03
         0.19026E-01   -0.56673E-02    0.14633E-03    0.65979E-01
        -0.90016E-02    0.15923E-04    0.12749E+00   -0.10386E-01
        -0.15247E-03    0.19249E+00   -0.10178E-01   -0.26678E-03
         0.25211E+00   -0.87167E-02   -0.27374E-03    0.29951E+00
        -0.63245E-02   -0.17092E-03    0.32988E+00   -0.33158E-02
         0.00000E+00    0.34032E+00    0.00000E+00

     Iteration Number =  2     Error=  0.5678E-01

         0.00000E+00    0.00000E+00    0.00000E+00    0.16065E-03
         0.20225E-01   -0.60217E-02    0.15792E-03    0.70080E-01
        -0.95528E-02    0.12344E-04    0.13532E+00   -0.11011E-01
        -0.17350E-03    0.20421E+00   -0.10782E-01   -0.29832E-03
         0.26734E+00   -0.92285E-02   -0.30421E-03    0.31752E+00
        -0.66931E-02   -0.18931E-03    0.34965E+00   -0.35082E-02
         0.00000E+00    0.36070E+00    0.00000E+00

     Iteration Number =  3     Error=  0.2440E-01

         0.00000E+00    0.00000E+00    0.00000E+00    0.16595E-03
         0.20773E-01   -0.61828E-02    0.16175E-03    0.71936E-01
        -0.97992E-02    0.98661E-05    0.13883E+00   -0.11286E-01
        -0.18281E-03    0.20942E+00   -0.11045E-01   -0.31144E-03
         0.27408E+00   -0.94489E-02   -0.31655E-03    0.32544E+00
        -0.68508E-02   -0.19664E-03    0.35833E+00   -0.35903E-02
         0.00000E+00    0.36963E+00    0.00000E+00

     Iteration Number =  4     Error=  0.1070E-01

         0.00000E+00    0.00000E+00    0.00000E+00    0.16811E-03
         0.21025E-01   -0.62566E-02    0.16314E-03    0.72782E-01
        -0.99102E-02    0.84955E-05    0.14042E+00   -0.11408E-01
        -0.18703E-03    0.21175E+00   -0.11160E-01   -0.31717E-03
         0.27707E+00   -0.95443E-02   -0.32183E-03    0.32895E+00
        -0.69186E-02   -0.19974E-03    0.36216E+00   -0.36254E-02
         0.00000E+00    0.37358E+00    0.00000E+00

     Iteration Number =  5     Error=  0.4742E-02

         0.00000E+00    0.00000E+00    0.00000E+00    0.16903E-03
         0.21142E-01   -0.62906E-02    0.16365E-03    0.73170E-01
        -0.99604E-02    0.77776E-05    0.14114E+00   -0.11462E-01
        -0.18897E-03    0.21280E+00   -0.11210E-01   -0.31972E-03
         0.27841E+00   -0.95857E-02   -0.32415E-03    0.33051E+00
        -0.69477E-02   -0.20110E-03    0.36386E+00   -0.36404E-02
         0.00000E+00    0.37532E+00    0.00000E+00

     Iteration Number =  6     Error=  0.2111E-02

         0.00000E+00    0.00000E+00    0.00000E+00    0.16942E-03
         0.21197E-01   -0.63064E-02    0.16384E-03    0.73348E-01
        -0.99832E-02    0.74085E-05    0.14146E+00   -0.11486E-01
        -0.18987E-03    0.21328E+00   -0.11232E-01   -0.32087E-03
         0.27901E+00   -0.96036E-02   -0.32518E-03    0.33121E+00
        -0.69602E-02   -0.20169E-03    0.36461E+00   -0.36468E-02
         0.00000E+00    0.37610E+00    0.00000E+00


   STEP NUMBER =  4   SOURCE VALUE =  0.4000E+00

     Number of iterations taken for convergence.. =  7
     The Euclidean norm of the solution error ... =  0.9422E-03
     The CONVERGED solution is:

         0.00000E+00    0.00000E+00    0.00000E+00    0.16958E-03
         0.21222E-01   -0.63137E-02    0.16391E-03    0.73430E-01
        -0.99936E-02    0.72203E-05    0.14161E+00   -0.11497E-01
        -0.19029E-03    0.21349E+00   -0.11242E-01   -0.32139E-03
         0.27928E+00   -0.96113E-02   -0.32564E-03    0.33152E+00
        -0.69656E-02   -0.20196E-03    0.36495E+00   -0.36495E-02
         0.00000E+00    0.37644E+00    0.00000E+00

     Iteration Number =  1     Error=  0.1051E+00

         0.00000E+00    0.00000E+00    0.00000E+00    0.22117E-03
         0.23757E-01   -0.70655E-02    0.21632E-03    0.82155E-01
        -0.11174E-01    0.15014E-04    0.15836E+00   -0.12846E-01
        -0.24049E-03    0.23866E+00   -0.12555E-01   -0.41124E-03
         0.31211E+00   -0.10730E-01   -0.41856E-03    0.37042E+00
        -0.77743E-02   -0.26033E-03    0.40773E+00   -0.40726E-02
         0.00000E+00    0.42055E+00    0.00000E+00

     Iteration Number =  2     Error=  0.4176E-01

         0.00000E+00    0.00000E+00    0.00000E+00    0.23478E-03
         0.24865E-01   -0.73915E-02    0.22626E-03    0.85911E-01
        -0.11674E-01    0.89035E-05    0.16548E+00   -0.13406E-01
        -0.26403E-03    0.24923E+00   -0.13090E-01   -0.44458E-03
         0.32579E+00   -0.11180E-01   -0.44995E-03    0.38654E+00
        -0.80966E-02   -0.27900E-03    0.42539E+00   -0.42403E-02
         0.00000E+00    0.43874E+00    0.00000E+00

     Iteration Number =  3     Error=  0.1728E-01

         0.00000E+00    0.00000E+00    0.00000E+00    0.23965E-03
         0.25359E-01   -0.75354E-02    0.22911E-03    0.87558E-01
        -0.11889E-01    0.52774E-05    0.16856E+00   -0.13641E-01
        -0.27416E-03    0.25375E+00   -0.13311E-01   -0.45801E-03
         0.33158E+00   -0.11363E-01   -0.46219E-03    0.39331E+00
        -0.82263E-02   -0.28615E-03    0.43278E+00   -0.43074E-02
         0.00000E+00    0.44634E+00    0.00000E+00

     Iteration Number =  4     Error=  0.7293E-02

         0.00000E+00    0.00000E+00    0.00000E+00    0.24153E-03
         0.25581E-01   -0.75996E-02    0.22996E-03    0.88288E-01
        -0.11982E-01    0.33811E-05    0.16990E+00   -0.13741E-01
        -0.27866E-03    0.25570E+00   -0.13403E-01   -0.46369E-03
         0.33406E+00   -0.11438E-01   -0.46725E-03    0.39618E+00
        -0.82786E-02   -0.28907E-03    0.43590E+00   -0.43343E-02
         0.00000E+00    0.44954E+00    0.00000E+00

     Iteration Number =  5     Error=  0.3106E-02

         0.00000E+00    0.00000E+00    0.00000E+00    0.24228E-03
         0.25681E-01   -0.76285E-02    0.23019E-03    0.88614E-01
        -0.12023E-01    0.24173E-05    0.17050E+00   -0.13784E-01
        -0.28069E-03    0.25655E+00   -0.13441E-01   -0.46615E-03
         0.33512E+00   -0.11468E-01   -0.46939E-03    0.39741E+00
        -0.82996E-02   -0.29029E-03    0.43722E+00   -0.43450E-02
         0.00000E+00    0.45090E+00    0.00000E+00

     Iteration Number =  6     Error=  0.1329E-02

         0.00000E+00    0.00000E+00    0.00000E+00    0.24258E-03
         0.25727E-01   -0.76416E-02    0.23024E-03    0.88760E-01
        -0.12041E-01    0.19320E-05    0.17076E+00   -0.13802E-01
        -0.28161E-03    0.25692E+00   -0.13457E-01   -0.46723E-03
         0.33558E+00   -0.11480E-01   -0.47031E-03    0.39793E+00
        -0.83080E-02   -0.29081E-03    0.43779E+00   -0.43492E-02
         0.00000E+00    0.45148E+00    0.00000E+00


   STEP NUMBER =  5   SOURCE VALUE =  0.5000E+00

     Number of iterations taken for convergence.. =  7
     The Euclidean norm of the solution error ... =  0.5709E-03
     The CONVERGED solution is:

         0.00000E+00    0.00000E+00    0.00000E+00    0.24270E-03
         0.25749E-01   -0.76476E-02    0.23023E-03    0.88827E-01
        -0.12049E-01    0.16888E-05    0.17087E+00   -0.13810E-01
        -0.28203E-03    0.25708E+00   -0.13463E-01   -0.46771E-03
         0.33578E+00   -0.11485E-01   -0.47071E-03    0.39816E+00
        -0.83113E-02   -0.29103E-03    0.43803E+00   -0.43508E-02
         0.00000E+00    0.45172E+00    0.00000E+00

     Iteration Number =  1     Error=  0.8388E-01

         0.00000E+00    0.00000E+00    0.00000E+00    0.30023E-03
         0.28163E-01   -0.83616E-02    0.28740E-03    0.97094E-01
        -0.13162E-01    0.78511E-05    0.18668E+00   -0.15073E-01
        -0.34081E-03    0.28074E+00   -0.14687E-01   -0.57010E-03
         0.36658E+00   -0.12524E-01   -0.57561E-03    0.43459E+00
        -0.90604E-02   -0.35664E-03    0.47805E+00   -0.47421E-02
         0.00000E+00    0.49297E+00    0.00000E+00

     Iteration Number =  2     Error=  0.3212E-01

         0.00000E+00    0.00000E+00    0.00000E+00    0.31280E-03
         0.29187E-01   -0.86612E-02    0.29515E-03    0.10053E+00
        -0.13614E-01   -0.69946E-06    0.19314E+00   -0.15573E-01
        -0.36602E-03    0.29028E+00   -0.15160E-01   -0.60392E-03
         0.37884E+00   -0.12918E-01   -0.60664E-03    0.44897E+00
        -0.93410E-02   -0.37482E-03    0.49377E+00   -0.48876E-02
         0.00000E+00    0.50916E+00    0.00000E+00

     Iteration Number =  3     Error=  0.1280E-01

         0.00000E+00    0.00000E+00    0.00000E+00    0.31705E-03
         0.29633E-01   -0.87901E-02    0.29689E-03    0.10200E+00
        -0.13802E-01   -0.53578E-05    0.19584E+00   -0.15774E-01
        -0.37662E-03    0.29420E+00   -0.15345E-01   -0.61715E-03
         0.38383E+00   -0.13070E-01   -0.61832E-03    0.45477E+00
        -0.94472E-02   -0.38154E-03    0.50007E+00   -0.49422E-02
         0.00000E+00    0.51563E+00    0.00000E+00

     Iteration Number =  4     Error=  0.5203E-02

         0.00000E+00    0.00000E+00    0.00000E+00    0.31859E-03
         0.29829E-01   -0.88464E-02    0.29719E-03    0.10263E+00
        -0.13881E-01   -0.77049E-05    0.19699E+00   -0.15856E-01
        -0.38122E-03    0.29584E+00   -0.15418E-01   -0.62260E-03
         0.38588E+00   -0.13128E-01   -0.62300E-03    0.45713E+00
        -0.94872E-02   -0.38417E-03    0.50262E+00   -0.49625E-02
         0.00000E+00    0.51824E+00    0.00000E+00

     Iteration Number =  5     Error=  0.2134E-02

         0.00000E+00    0.00000E+00    0.00000E+00    0.31916E-03
         0.29917E-01   -0.88713E-02    0.29715E-03    0.10291E+00
        -0.13915E-01   -0.88708E-05    0.19748E+00   -0.15890E-01
        -0.38327E-03    0.29653E+00   -0.15447E-01   -0.62489E-03
         0.38673E+00   -0.13150E-01   -0.62491E-03    0.45809E+00
        -0.95022E-02   -0.38524E-03    0.50365E+00   -0.49700E-02
         0.00000E+00    0.51930E+00    0.00000E+00


   STEP NUMBER =  6   SOURCE VALUE =  0.6000E+00

     Number of iterations taken for convergence.. =  6
     The Euclidean norm of the solution error ... =  0.8809E-03
     The CONVERGED solution is:

         0.00000E+00    0.00000E+00    0.00000E+00    0.31937E-03
         0.29957E-01   -0.88825E-02    0.29706E-03    0.10303E+00
        -0.13930E-01   -0.94475E-05    0.19769E+00   -0.15904E-01
        -0.38418E-03    0.29682E+00   -0.15459E-01   -0.62588E-03
         0.38708E+00   -0.13158E-01   -0.62570E-03    0.45849E+00
        -0.95076E-02   -0.38567E-03    0.50408E+00   -0.49726E-02
         0.00000E+00    0.51973E+00    0.00000E+00

     Iteration Number =  1     Error=  0.6955E-01

         0.00000E+00    0.00000E+00    0.00000E+00    0.38097E-03
         0.32269E-01   -0.95640E-02    0.35678E-03    0.11090E+00
        -0.14982E-01   -0.58083E-05    0.21268E+00   -0.17091E-01
        -0.45040E-03    0.31917E+00   -0.16602E-01   -0.73809E-03
         0.41609E+00   -0.14126E-01   -0.73954E-03    0.49273E+00
        -0.10203E-01   -0.45654E-03    0.54165E+00   -0.53354E-02
         0.00000E+00    0.55844E+00    0.00000E+00

     Iteration Number =  2     Error=  0.2569E-01

         0.00000E+00    0.00000E+00    0.00000E+00    0.39228E-03
         0.33225E-01   -0.98421E-02    0.36218E-03    0.11408E+00
        -0.15395E-01   -0.16678E-04    0.21859E+00   -0.17541E-01
        -0.47686E-03    0.32783E+00   -0.17023E-01   -0.77183E-03
         0.42717E+00   -0.14473E-01   -0.76969E-03    0.50567E+00
        -0.10449E-01   -0.47394E-03    0.55576E+00   -0.54622E-02
         0.00000E+00    0.57295E+00    0.00000E+00

     Iteration Number =  3     Error=  0.9878E-02

         0.00000E+00    0.00000E+00    0.00000E+00    0.39588E-03
         0.33632E-01   -0.99591E-02    0.36283E-03    0.11540E+00
        -0.15562E-01   -0.22267E-04    0.22099E+00   -0.17715E-01
        -0.48775E-03    0.33128E+00   -0.17180E-01   -0.78468E-03
         0.43151E+00   -0.14599E-01   -0.78069E-03    0.51068E+00
        -0.10536E-01   -0.48015E-03    0.56118E+00   -0.55068E-02
         0.00000E+00    0.57851E+00    0.00000E+00

     Iteration Number =  4     Error=  0.3875E-02

         0.00000E+00    0.00000E+00    0.00000E+00    0.39709E-03
         0.33810E-01   -0.10009E-01    0.36262E-03    0.11596E+00
        -0.15630E-01   -0.25006E-04    0.22199E+00   -0.17784E-01
        -0.49241E-03    0.33268E+00   -0.17239E-01   -0.78985E-03
         0.43323E+00   -0.14645E-01   -0.78496E-03    0.51265E+00
        -0.10567E-01   -0.48250E-03    0.56329E+00   -0.55221E-02
         0.00000E+00    0.58067E+00    0.00000E+00

     Iteration Number =  5     Error=  0.1537E-02

         0.00000E+00    0.00000E+00    0.00000E+00    0.39750E-03
         0.33888E-01   -0.10031E-01    0.36234E-03    0.11620E+00
        -0.15659E-01   -0.26341E-04    0.22241E+00   -0.17811E-01
        -0.49445E-03    0.33325E+00   -0.17261E-01   -0.79199E-03
         0.43393E+00   -0.14661E-01   -0.78665E-03    0.51342E+00
        -0.10577E-01   -0.48341E-03    0.56412E+00   -0.55272E-02
         0.00000E+00    0.58151E+00    0.00000E+00


   STEP NUMBER =  7   SOURCE VALUE =  0.7000E+00

     Number of iterations taken for convergence.. =  6
     The Euclidean norm of the solution error ... =  0.6142E-03
     The CONVERGED solution is:

         0.00000E+00    0.00000E+00    0.00000E+00    0.39763E-03
         0.33923E-01   -0.10041E-01    0.36213E-03    0.11631E+00
        -0.15671E-01   -0.26991E-04    0.22259E+00   -0.17821E-01
        -0.49535E-03    0.33349E+00   -0.17269E-01   -0.79288E-03
         0.43421E+00   -0.14666E-01   -0.78733E-03    0.51373E+00
        -0.10581E-01   -0.48377E-03    0.56444E+00   -0.55288E-02
         0.00000E+00    0.58184E+00    0.00000E+00

     Iteration Number =  1     Error=  0.5895E-01

         0.00000E+00    0.00000E+00    0.00000E+00    0.46185E-03
         0.36131E-01   -0.10690E-01    0.42284E-03    0.12379E+00
        -0.16665E-01   -0.26227E-04    0.23676E+00   -0.18936E-01
        -0.56773E-03    0.35456E+00   -0.18338E-01   -0.91249E-03
         0.46149E+00   -0.15566E-01   -0.90755E-03    0.54588E+00
        -0.11226E-01   -0.55830E-03    0.59967E+00   -0.58650E-02
         0.00000E+00    0.61813E+00    0.00000E+00

     Iteration Number =  2     Error=  0.2104E-01

         0.00000E+00    0.00000E+00    0.00000E+00    0.47182E-03
         0.37024E-01   -0.10949E-01    0.42598E-03    0.12673E+00
        -0.17043E-01   -0.39079E-04    0.24219E+00   -0.19342E-01
        -0.59492E-03    0.36246E+00   -0.18713E-01   -0.94561E-03
         0.47153E+00   -0.15873E-01   -0.93640E-03    0.55756E+00
        -0.11442E-01   -0.57470E-03    0.61238E+00   -0.59759E-02
         0.00000E+00    0.63118E+00    0.00000E+00

     Iteration Number =  3     Error=  0.7831E-02

         0.00000E+00    0.00000E+00    0.00000E+00    0.47478E-03
         0.37399E-01   -0.11055E-01    0.42564E-03    0.12793E+00
        -0.17192E-01   -0.45419E-04    0.24434E+00   -0.19494E-01
        -0.60592E-03    0.36551E+00   -0.18847E-01   -0.95795E-03
         0.47533E+00   -0.15979E-01   -0.94665E-03    0.56192E+00
        -0.11514E-01   -0.58036E-03    0.61708E+00   -0.60124E-02
         0.00000E+00    0.63600E+00    0.00000E+00

     Iteration Number =  4     Error=  0.2975E-02

         0.00000E+00    0.00000E+00    0.00000E+00    0.47570E-03
         0.37561E-01   -0.11101E-01    0.42498E-03    0.12843E+00
        -0.17251E-01   -0.48458E-04    0.24521E+00   -0.19551E-01
        -0.61056E-03    0.36671E+00   -0.18895E-01   -0.96281E-03
         0.47680E+00   -0.16015E-01   -0.95051E-03    0.56357E+00
        -0.11537E-01   -0.58245E-03    0.61884E+00   -0.60240E-02
         0.00000E+00    0.63780E+00    0.00000E+00

     Iteration Number =  5     Error=  0.1145E-02

         0.00000E+00    0.00000E+00    0.00000E+00    0.47596E-03
         0.37631E-01   -0.11120E-01    0.42450E-03    0.12864E+00
        -0.17275E-01   -0.49916E-04    0.24557E+00   -0.19573E-01
        -0.61256E-03    0.36720E+00   -0.18912E-01   -0.96478E-03
         0.47737E+00   -0.16026E-01   -0.95200E-03    0.56421E+00
        -0.11545E-01   -0.58323E-03    0.61951E+00   -0.60273E-02
         0.00000E+00    0.63847E+00    0.00000E+00


   STEP NUMBER =  8   SOURCE VALUE =  0.8000E+00

     Number of iterations taken for convergence.. =  6
     The Euclidean norm of the solution error ... =  0.4451E-03
     The CONVERGED solution is:

         0.00000E+00    0.00000E+00    0.00000E+00    0.47603E-03
         0.37663E-01   -0.11129E-01    0.42421E-03    0.12873E+00
        -0.17286E-01   -0.50617E-04    0.24573E+00   -0.19582E-01
        -0.61345E-03    0.36739E+00   -0.18917E-01   -0.96560E-03
         0.47760E+00   -0.16030E-01   -0.95259E-03    0.56445E+00
        -0.11547E-01   -0.58352E-03    0.61976E+00   -0.60282E-02
         0.00000E+00    0.63872E+00    0.00000E+00

     Iteration Number =  1     Error=  0.5097E-01

         0.00000E+00    0.00000E+00    0.00000E+00    0.54189E-03
         0.39778E-01   -0.11749E-01    0.48487E-03    0.13586E+00
        -0.18228E-01   -0.52941E-04    0.25918E+00   -0.20631E-01
        -0.69109E-03    0.38733E+00   -0.19919E-01   -0.10909E-02
         0.50334E+00   -0.16871E-01   -0.10775E-02    0.59472E+00
        -0.12148E-01   -0.66061E-03    0.65291E+00   -0.63408E-02
         0.00000E+00    0.67286E+00    0.00000E+00

     Iteration Number =  2     Error=  0.1764E-01

         0.00000E+00    0.00000E+00    0.00000E+00    0.55055E-03
         0.40617E-01   -0.11990E-01    0.48590E-03    0.13860E+00
        -0.18576E-01   -0.67518E-04    0.26419E+00   -0.21000E-01
        -0.71875E-03    0.39457E+00   -0.20256E-01   -0.11232E-02
         0.51250E+00   -0.17144E-01   -0.11049E-02    0.60534E+00
        -0.12339E-01   -0.67599E-03    0.66443E+00   -0.64385E-02
         0.00000E+00    0.68469E+00    0.00000E+00

     Iteration Number =  3     Error=  0.6367E-02

         0.00000E+00    0.00000E+00    0.00000E+00    0.55294E-03
         0.40965E-01   -0.12089E-01    0.48469E-03    0.13970E+00
        -0.18710E-01   -0.74479E-04    0.26614E+00   -0.21134E-01
        -0.72977E-03    0.39730E+00   -0.20371E-01   -0.11351E-02
         0.51587E+00   -0.17233E-01   -0.11144E-02    0.60918E+00
        -0.12399E-01   -0.68115E-03    0.66855E+00   -0.64686E-02
         0.00000E+00    0.68890E+00    0.00000E+00

     Iteration Number =  4     Error=  0.2351E-02

         0.00000E+00    0.00000E+00    0.00000E+00    0.55359E-03
         0.41113E-01   -0.12130E-01    0.48366E-03    0.14015E+00
        -0.18762E-01   -0.77755E-04    0.26691E+00   -0.21183E-01
        -0.73437E-03    0.39835E+00   -0.20410E-01   -0.11396E-02
         0.51713E+00   -0.17261E-01   -0.11179E-02    0.61059E+00
        -0.12417E-01   -0.68300E-03    0.67004E+00   -0.64772E-02
         0.00000E+00    0.69042E+00    0.00000E+00


   STEP NUMBER =  9   SOURCE VALUE =  0.9000E+00

     Number of iterations taken for convergence.. =  5
     The Euclidean norm of the solution error ... =  0.8809E-03
     The CONVERGED solution is:

         0.00000E+00    0.00000E+00    0.00000E+00    0.55374E-03
         0.41178E-01   -0.12148E-01    0.48301E-03    0.14034E+00
        -0.18783E-01   -0.79305E-04    0.26723E+00   -0.21201E-01
        -0.73634E-03    0.39877E+00   -0.20424E-01   -0.11415E-02
         0.51761E+00   -0.17270E-01   -0.11193E-02    0.61111E+00
        -0.12421E-01   -0.68367E-03    0.67059E+00   -0.64794E-02
         0.00000E+00    0.69097E+00    0.00000E+00

     Iteration Number =  1     Error=  0.4499E-01

         0.00000E+00    0.00000E+00    0.00000E+00    0.62059E-03
         0.43225E-01   -0.12746E-01    0.54280E-03    0.14720E+00
        -0.19684E-01   -0.85127E-04    0.28011E+00   -0.22197E-01
        -0.81896E-03    0.41778E+00   -0.21369E-01   -0.12717E-02
         0.54210E+00   -0.18060E-01   -0.12478E-02    0.63985E+00
        -0.12985E-01   -0.76268E-03    0.70202E+00   -0.67718E-02
         0.00000E+00    0.72332E+00    0.00000E+00

     Iteration Number =  2     Error=  0.1512E-01

         0.00000E+00    0.00000E+00    0.00000E+00    0.62803E-03
         0.44026E-01   -0.12975E-01    0.54179E-03    0.14979E+00
        -0.20009E-01   -0.10141E-03    0.28481E+00   -0.22536E-01
        -0.84715E-03    0.42451E+00   -0.21674E-01   -0.13033E-02
         0.55056E+00   -0.18305E-01   -0.12741E-02    0.64962E+00
        -0.13155E-01   -0.77714E-03    0.71258E+00   -0.68583E-02
         0.00000E+00    0.73416E+00    0.00000E+00

     Iteration Number =  3     Error=  0.5313E-02

         0.00000E+00    0.00000E+00    0.00000E+00    0.62989E-03
         0.44354E-01   -0.13067E-01    0.53976E-03    0.15081E+00
        -0.20131E-01   -0.10898E-03    0.28659E+00   -0.22655E-01
        -0.85824E-03    0.42699E+00   -0.21775E-01   -0.13147E-02
         0.55359E+00   -0.18381E-01   -0.12829E-02    0.65304E+00
        -0.13205E-01   -0.78187E-03    0.71624E+00   -0.68832E-02
         0.00000E+00    0.73789E+00    0.00000E+00

     Iteration Number =  4     Error=  0.1912E-02

         0.00000E+00    0.00000E+00    0.00000E+00    0.63032E-03
         0.44493E-01   -0.13106E-01    0.53839E-03    0.15123E+00
        -0.20178E-01   -0.11249E-03    0.28730E+00   -0.22697E-01
        -0.86282E-03    0.42793E+00   -0.21807E-01   -0.13191E-02
         0.55470E+00   -0.18403E-01   -0.12861E-02    0.65426E+00
        -0.13218E-01   -0.78351E-03    0.71752E+00   -0.68896E-02
         0.00000E+00    0.73919E+00    0.00000E+00


   STEP NUMBER = 10   SOURCE VALUE =  0.1000E+01

     Number of iterations taken for convergence.. =  5
     The Euclidean norm of the solution error ... =  0.7008E-03
     The CONVERGED solution is:

         0.00000E+00    0.00000E+00    0.00000E+00    0.63036E-03
         0.44554E-01   -0.13122E-01    0.53760E-03    0.15140E+00
        -0.20197E-01   -0.11413E-03    0.28758E+00   -0.22713E-01
        -0.86477E-03    0.42829E+00   -0.21817E-01   -0.13208E-02
         0.55511E+00   -0.18409E-01   -0.12873E-02    0.65470E+00
        -0.13221E-01   -0.78409E-03    0.71798E+00   -0.68908E-02
         0.00000E+00    0.73965E+00    0.00000E+00
