     *** ECHO OF THE INPUT DATA STARTS ***

Example 5.2.1: Nonlinear analysis of a hinged-hinged beam problem               
  2   0   8                        MODEL,IEL,NEM                                
  0.0  50.0                        X0,AL                                        
  1  1  30.0E06  0.3               B,H,E,GNIU                                   
                                                                                
  0.0  0.0  0.0                    FX0,FX1,FX2                                  
  9.0  0.0  0.0                    QX0,QX1,QX2                                  
  5   0   0                        NSPV,NSSV,NSMB                               
  1   1   0.0                       ISPV(1,1),ISPV(1,2),VSPV(1)                 
  1   2   0.0                       ISPV(1,1),ISPV(1,2),VSPV(1)                 
  1   3   0.0                       ISPV(1,1),ISPV(1,2),VSPV(1)                 
  9   1   0.0                       ISPV(2,1),ISPV(2,2),VSPV(2)                 
  9   3   0.0                       ISPV(3,1),ISPV(3,2),VSPV(3)                 
                                                                                
  2   0                            NONLIN,NPRNT                                 
  10   50  1.0E-03  0.0             NLS, ITMAX, EPS, GAMA                       
  2   2                            NGP, LGP                                     
  0.1 0.1 0.1 0.1 0.1                                                           
  0.1 0.1 0.1 0.1 0.1              DP(I)                                        
                                                                                
  0.0 0.0 0.0 0.0 0.0 0.0 0.0                                                   
  0.0 0.0 0.0 0.0 0.0 0.0 0.0                                                   
  0.0 0.0 0.0 0.0 0.0 0.0 0.0                                                   
  0.0 0.0 0.0 0.0 0.0 0.0          GP1(I)                                       

     **** ECHO OF THE INPUT DATA ENDS ****

________________________________________________________________________________
        Output from computer program  FEM1DBEAM              by J. N. Reddy
________________________________________________________________________________


Example 5.2.1: Nonlinear analysis of a hinged-hinged beam problem               

    *** ANALYSIS OF MODEL  2 PROBLEM ***
               (see the code below)

    MODEL=1: A problem described by MODEL EQ. 1
    MODEL=2: A Euler-Bernoulli BEAM problem
    MODEL=3: A Timoshenko BEAM problem


   P R O B L E M   D A T A:

     Coordinate of node 1 ....................... =   0.0000E+00
     Length of the beam ......................... =   0.5000E+02
     Width of cross-section for the beam, B ..... =   0.1000E+01
     Height of cross-section for the beam, H .... =   0.1000E+01
     Elastic modulus of the beam material, E .... =   0.3000E+08
     Axial stiffness for the beam, EA ........... =   0.3000E+08
     Bending stiffness for the beam, EI ......... =   0.2500E+07
     Coefficient of 1 in QX, QX0 ................ =   0.9000E+01
     Coefficient of x in QX, QX1 ................ =   0.0000E+00
     Coefficient of x*x in QX, QX2 .............. =   0.0000E+00
     Coefficient of 1 in FX, FX0 ................ =   0.0000E+00
     Coefficient of x in FX, FX1 ................ =   0.0000E+00
     Coefficient of x*x in FX, FX2 .............. =   0.0000E+00


   M E S H   D A T A:

     Number of elements in the mesh, NEM......... =    8
     Type of element(0:hermite;1:linear;2:quadratic;) .. =    0
     Number of nodes in the mesh, NNM ........... =    9
     Number of deg. of freedom per node, NDF..... =    3
     Number of total DOF in the model, NEQ....... =   27
     GLOBAL COORDINATES OF THE GLOBAL NODES ..... =

        0.0000E+00   0.6250E+01   0.1250E+02   0.1875E+02   0.2500E+02
        0.3125E+02   0.3750E+02   0.4375E+02   0.5000E+02

          CONNECTIVITY MATRIX:

              1    2
              2    3
              3    4
              4    5
              5    6
              6    7
              7    8
              8    9

   B O U N D A R Y   D A T A:

     Number of specified PRIMARY variables ...... =    5
     Specified PRIMARY degrees of freedom ....... :

              1    1   0.0000E+00
              1    2   0.0000E+00
              1    3   0.0000E+00
              9    1   0.0000E+00
              9    3   0.0000E+00

     *** NONLINEAR Analysis with NEWTON ITERATION ***


   NONLINEAR  A N A L Y S I S   D A T A:

     Number of load steps used, NLS ............. =   10
     Maximum allowable number of iterations ..... =   50
     Allowable convergence tolerance (EPS) ...... =   0.1000E-02
     Acceleration parameter:GAMA*GP2+(1-GAMA)*GP1 =   0.0000E+00

   INITIAL (GUESS) VECTOR:

     0.00000E+00  0.00000E+00  0.00000E+00  0.00000E+00  0.00000E+00  0.00000E+00  0.00000E+00  0.00000E+00  0.00000E+00  0.00000E+00  0.00000E+00  0.00000E+00  0.00000E+00  0.00000E+00  0.00000E+00  0.00000E+00  0.00000E+00  0.00000E+00  0.00000E+00  0.00000E+00  0.00000E+00  0.00000E+00  0.00000E+00  0.00000E+00

   INITIAL (GUESS) VECTOR:

     0.00000E+00  0.00000E+00  0.00000E+00

     First iteration solution at source value ... =  0.1000E+00

         0.00000E+00    0.00000E+00    0.00000E+00    0.00000E+00
         0.25749E-02   -0.76904E-03    0.00000E+00    0.89722E-02
        -0.12305E-02    0.00000E+00    0.17406E-01   -0.14282E-02
         0.00000E+00    0.26367E-01   -0.14062E-02    0.00000E+00
         0.34618E-01   -0.12085E-02    0.00000E+00    0.41199E-01
        -0.87891E-03    0.00000E+00    0.45422E-01   -0.46143E-03
         0.00000E+00    0.46875E-01    0.00000E+00

     Iteration Number =  1     Error=  0.1000E+01

         0.00000E+00    0.00000E+00    0.00000E+00    0.00000E+00
         0.25749E-02   -0.76904E-03    0.00000E+00    0.89722E-02
        -0.12305E-02    0.00000E+00    0.17406E-01   -0.14282E-02
         0.00000E+00    0.26367E-01   -0.14062E-02    0.00000E+00
         0.34618E-01   -0.12085E-02    0.00000E+00    0.41199E-01
        -0.87891E-03    0.00000E+00    0.45422E-01   -0.46143E-03
         0.00000E+00    0.46875E-01    0.00000E+00

     Iteration Number =  2     Error=  0.3323E+00

         0.00000E+00    0.00000E+00    0.00000E+00    0.61167E-05
         0.38578E-02   -0.11521E-02    0.63659E-05    0.13441E-01
        -0.18430E-02    0.12018E-05    0.26073E-01   -0.21389E-02
        -0.57148E-05    0.39492E-01   -0.21058E-02   -0.10563E-04
         0.51847E-01   -0.18096E-02   -0.11042E-04    0.61700E-01
        -0.13160E-02   -0.69596E-05    0.68023E-01   -0.69089E-03
         0.00000E+00    0.70199E-01    0.00000E+00

     Iteration Number =  3     Error=  0.1415E+00

         0.00000E+00    0.00000E+00    0.00000E+00    0.85369E-05
         0.44954E-02   -0.13425E-02    0.87419E-05    0.15661E-01
        -0.21472E-02    0.13699E-05    0.30377E-01   -0.24916E-02
        -0.83809E-05    0.46007E-01   -0.24528E-02   -0.15140E-04
         0.60398E-01   -0.21075E-02   -0.15706E-04    0.71873E-01
        -0.15326E-02   -0.98561E-05    0.79236E-01   -0.80457E-03
         0.00000E+00    0.81771E-01    0.00000E+00

     Iteration Number =  4     Error=  0.6557E-01

         0.00000E+00    0.00000E+00    0.00000E+00    0.95819E-05
         0.48122E-02   -0.14370E-02    0.97221E-05    0.16763E-01
        -0.22981E-02    0.13443E-05    0.32512E-01   -0.26665E-02
        -0.96610E-05    0.49239E-01   -0.26247E-02   -0.17242E-04
         0.64638E-01   -0.22551E-02   -0.17813E-04    0.76916E-01
        -0.16398E-02   -0.11152E-04    0.84794E-01   -0.86084E-03
         0.00000E+00    0.87506E-01    0.00000E+00

     Iteration Number =  5     Error=  0.3149E-01

         0.00000E+00    0.00000E+00    0.00000E+00    0.10062E-04
         0.49696E-02   -0.14840E-02    0.10159E-04    0.17310E-01
        -0.23730E-02    0.13042E-05    0.33572E-01   -0.27532E-02
        -0.10286E-04    0.50842E-01   -0.27098E-02   -0.18243E-04
         0.66740E-01   -0.23282E-02   -0.18807E-04    0.79416E-01
        -0.16929E-02   -0.11760E-04    0.87550E-01   -0.88869E-03
         0.00000E+00    0.90349E-01    0.00000E+00

     Iteration Number =  6     Error=  0.1538E-01

         0.00000E+00    0.00000E+00    0.00000E+00    0.10290E-04
         0.50478E-02   -0.15073E-02    0.10363E-04    0.17582E-01
        -0.24102E-02    0.12772E-05    0.34098E-01   -0.27961E-02
        -0.10594E-04    0.51638E-01   -0.27521E-02   -0.18730E-04
         0.67783E-01   -0.23644E-02   -0.19288E-04    0.80656E-01
        -0.17192E-02   -0.12053E-04    0.88916E-01   -0.90248E-03
         0.00000E+00    0.91759E-01    0.00000E+00

     Iteration Number =  7     Error=  0.7569E-02

         0.00000E+00    0.00000E+00    0.00000E+00    0.10401E-04
         0.50867E-02   -0.15189E-02    0.10461E-04    0.17717E-01
        -0.24286E-02    0.12618E-05    0.34360E-01   -0.28175E-02
        -0.10746E-04    0.52033E-01   -0.27730E-02   -0.18969E-04
         0.68301E-01   -0.23823E-02   -0.19524E-04    0.81271E-01
        -0.17322E-02   -0.12196E-04    0.89593E-01   -0.90931E-03
         0.00000E+00    0.92458E-01    0.00000E+00

     Iteration Number =  8     Error=  0.3740E-02

         0.00000E+00    0.00000E+00    0.00000E+00    0.10455E-04
         0.51060E-02   -0.15246E-02    0.10509E-04    0.17784E-01
        -0.24378E-02    0.12536E-05    0.34489E-01   -0.28281E-02
        -0.10821E-04    0.52229E-01   -0.27834E-02   -0.19087E-04
         0.68557E-01   -0.23912E-02   -0.19640E-04    0.81576E-01
        -0.17387E-02   -0.12266E-04    0.89929E-01   -0.91269E-03
         0.00000E+00    0.92804E-01    0.00000E+00

     Iteration Number =  9     Error=  0.1852E-02

         0.00000E+00    0.00000E+00    0.00000E+00    0.10482E-04
         0.51156E-02   -0.15275E-02    0.10533E-04    0.17817E-01
        -0.24423E-02    0.12494E-05    0.34554E-01   -0.28333E-02
        -0.10859E-04    0.52326E-01   -0.27885E-02   -0.19146E-04
         0.68685E-01   -0.23956E-02   -0.19697E-04    0.81727E-01
        -0.17419E-02   -0.12301E-04    0.90096E-01   -0.91437E-03
         0.00000E+00    0.92976E-01    0.00000E+00


   STEP NUMBER =  1   SOURCE VALUE =  0.1000E+00

     Number of iterations taken for convergence.. = 10
     The Euclidean norm of the solution error ... =  0.9179E-03
     The CONVERGED solution is:

         0.00000E+00    0.00000E+00    0.00000E+00    0.10496E-04
         0.51204E-02   -0.15289E-02    0.10544E-04    0.17834E-01
        -0.24446E-02    0.12472E-05    0.34586E-01   -0.28359E-02
        -0.10878E-04    0.52374E-01   -0.27910E-02   -0.19175E-04
         0.68748E-01   -0.23978E-02   -0.19725E-04    0.81803E-01
        -0.17435E-02   -0.12318E-04    0.90179E-01   -0.91520E-03
         0.00000E+00    0.93061E-01    0.00000E+00

     Iteration Number =  1     Error=  0.3327E+00

         0.00000E+00    0.00000E+00    0.00000E+00    0.24117E-04
         0.76760E-02   -0.22919E-02    0.25043E-04    0.26732E-01
        -0.36639E-02    0.46246E-05    0.51837E-01   -0.42498E-02
        -0.22661E-04    0.78493E-01   -0.41822E-02   -0.41750E-04
         0.10303E+00   -0.35926E-02   -0.43596E-04    0.12259E+00
        -0.26121E-02   -0.27464E-04    0.13514E+00   -0.13711E-02
         0.00000E+00    0.13945E+00    0.00000E+00

     Iteration Number =  2     Error=  0.1387E+00

         0.00000E+00    0.00000E+00    0.00000E+00    0.33409E-04
         0.89228E-02   -0.26636E-02    0.34074E-04    0.31063E-01
        -0.42558E-02    0.50834E-05    0.60217E-01   -0.49342E-02
        -0.33116E-04    0.91160E-01   -0.48540E-02   -0.59506E-04
         0.11963E+00   -0.41687E-02   -0.61621E-04    0.14233E+00
        -0.30304E-02   -0.38636E-04    0.15688E+00   -0.15906E-02
         0.00000E+00    0.16189E+00    0.00000E+00

     Iteration Number =  3     Error=  0.6290E-01

         0.00000E+00    0.00000E+00    0.00000E+00    0.37239E-04
         0.95310E-02   -0.28447E-02    0.37578E-04    0.33170E-01
        -0.45431E-02    0.48101E-05    0.64287E-01   -0.52653E-02
        -0.38018E-04    0.97302E-01   -0.51782E-02   -0.67390E-04
         0.12767E+00   -0.44462E-02   -0.69459E-04    0.15187E+00
        -0.32317E-02   -0.43436E-04    0.16740E+00   -0.16960E-02
         0.00000E+00    0.17274E+00    0.00000E+00

     Iteration Number =  4     Error=  0.2956E-01

         0.00000E+00    0.00000E+00    0.00000E+00    0.38935E-04
         0.98280E-02   -0.29330E-02    0.39065E-04    0.34197E-01
        -0.46827E-02    0.45519E-05    0.66265E-01   -0.54257E-02
        -0.40363E-04    0.10028E+00   -0.53348E-02   -0.71046E-04
         0.13157E+00   -0.45800E-02   -0.73049E-04    0.15650E+00
        -0.33286E-02   -0.45619E-04    0.17249E+00   -0.17468E-02
         0.00000E+00    0.17799E+00    0.00000E+00

     Iteration Number =  5     Error=  0.1413E-01

         0.00000E+00    0.00000E+00    0.00000E+00    0.39719E-04
         0.99731E-02   -0.29761E-02    0.39733E-04    0.34698E-01
        -0.47506E-02    0.43919E-05    0.67228E-01   -0.55034E-02
        -0.41499E-04    0.10173E+00   -0.54106E-02   -0.72783E-04
         0.13346E+00   -0.46445E-02   -0.74742E-04    0.15874E+00
        -0.33753E-02   -0.46644E-04    0.17495E+00   -0.17712E-02
         0.00000E+00    0.18053E+00    0.00000E+00

     Iteration Number =  6     Error=  0.6807E-02

         0.00000E+00    0.00000E+00    0.00000E+00    0.40089E-04
         0.10044E-01   -0.29972E-02    0.40043E-04    0.34942E-01
        -0.47836E-02    0.43031E-05    0.67697E-01   -0.55412E-02
        -0.42051E-04    0.10243E+00   -0.54472E-02   -0.73619E-04
         0.13438E+00   -0.46757E-02   -0.75553E-04    0.15982E+00
        -0.33978E-02   -0.47134E-04    0.17615E+00   -0.17830E-02
         0.00000E+00    0.18176E+00    0.00000E+00

     Iteration Number =  7     Error=  0.3292E-02

         0.00000E+00    0.00000E+00    0.00000E+00    0.40266E-04
         0.10079E-01   -0.30075E-02    0.40188E-04    0.35061E-01
        -0.47997E-02    0.42559E-05    0.67925E-01   -0.55595E-02
        -0.42321E-04    0.10278E+00   -0.54649E-02   -0.74024E-04
         0.13482E+00   -0.46907E-02   -0.75944E-04    0.16035E+00
        -0.34086E-02   -0.47369E-04    0.17673E+00   -0.17887E-02
         0.00000E+00    0.18236E+00    0.00000E+00

     Iteration Number =  8     Error=  0.1595E-02

         0.00000E+00    0.00000E+00    0.00000E+00    0.40352E-04
         0.10096E-01   -0.30125E-02    0.40257E-04    0.35119E-01
        -0.48076E-02    0.42312E-05    0.68036E-01   -0.55683E-02
        -0.42453E-04    0.10294E+00   -0.54735E-02   -0.74221E-04
         0.13504E+00   -0.46980E-02   -0.76133E-04    0.16061E+00
        -0.34139E-02   -0.47483E-04    0.17701E+00   -0.17914E-02
         0.00000E+00    0.18265E+00    0.00000E+00


   STEP NUMBER =  2   SOURCE VALUE =  0.2000E+00

     Number of iterations taken for convergence.. =  9
     The Euclidean norm of the solution error ... =  0.7739E-03
     The CONVERGED solution is:

         0.00000E+00    0.00000E+00    0.00000E+00    0.40393E-04
         0.10104E-01   -0.30149E-02    0.40290E-04    0.35148E-01
        -0.48114E-02    0.42183E-05    0.68091E-01   -0.55726E-02
        -0.42518E-04    0.10302E+00   -0.54777E-02   -0.74316E-04
         0.13514E+00   -0.47015E-02   -0.76225E-04    0.16073E+00
        -0.34164E-02   -0.47538E-04    0.17714E+00   -0.17927E-02
         0.00000E+00    0.18279E+00    0.00000E+00

     Iteration Number =  1     Error=  0.1976E+00

         0.00000E+00    0.00000E+00    0.00000E+00    0.66259E-04
         0.12602E-01   -0.37597E-02    0.67590E-04    0.43826E-01
        -0.59976E-02    0.10163E-04    0.84884E-01   -0.69445E-02
        -0.65417E-04    0.12841E+00   -0.68247E-02   -0.11759E-03
         0.16843E+00   -0.58567E-02   -0.12179E-03    0.20030E+00
        -0.42554E-02   -0.76393E-04    0.22074E+00   -0.22328E-02
         0.00000E+00    0.22777E+00    0.00000E+00

     Iteration Number =  2     Error=  0.8427E-01

         0.00000E+00    0.00000E+00    0.00000E+00    0.77591E-04
         0.13786E-01   -0.41118E-02    0.77946E-04    0.47918E-01
        -0.65539E-02    0.93455E-05    0.92769E-01   -0.75835E-02
        -0.79884E-04    0.14029E+00   -0.74486E-02   -0.14083E-03
         0.18395E+00   -0.63897E-02   -0.14487E-03    0.21872E+00
        -0.46413E-02   -0.90534E-04    0.24101E+00   -0.24349E-02
         0.00000E+00    0.24868E+00    0.00000E+00

     Iteration Number =  3     Error=  0.3788E-01

         0.00000E+00    0.00000E+00    0.00000E+00    0.82182E-04
         0.14350E-01   -0.42788E-02    0.81836E-04    0.49855E-01
        -0.68156E-02    0.83735E-05    0.96483E-01   -0.78819E-02
        -0.86543E-04    0.14586E+00   -0.77385E-02   -0.15097E-03
         0.19122E+00   -0.66361E-02   -0.15475E-03    0.22733E+00
        -0.48193E-02   -0.96509E-04    0.25047E+00   -0.25280E-02
         0.00000E+00    0.25843E+00    0.00000E+00

     Iteration Number =  4     Error=  0.1744E-01

         0.00000E+00    0.00000E+00    0.00000E+00    0.84175E-04
         0.14619E-01   -0.43583E-02    0.83432E-04    0.50775E-01
        -0.69391E-02    0.77591E-05    0.98238E-01   -0.80218E-02
        -0.89671E-04    0.14849E+00   -0.78735E-02   -0.15559E-03
         0.19463E+00   -0.67504E-02   -0.15918E-03    0.23135E+00
        -0.49016E-02   -0.99174E-04    0.25489E+00   -0.25710E-02
         0.00000E+00    0.26299E+00    0.00000E+00

     Iteration Number =  5     Error=  0.8123E-02

         0.00000E+00    0.00000E+00    0.00000E+00    0.85073E-04
         0.14747E-01   -0.43962E-02    0.84118E-04    0.51212E-01
        -0.69975E-02    0.74180E-05    0.99070E-01   -0.80875E-02
        -0.91156E-04    0.14972E+00   -0.79365E-02   -0.15774E-03
         0.19623E+00   -0.68035E-02   -0.16123E-03    0.23325E+00
        -0.49397E-02   -0.10040E-03    0.25697E+00   -0.25908E-02
         0.00000E+00    0.26513E+00    0.00000E+00

     Iteration Number =  6     Error=  0.3804E-02

         0.00000E+00    0.00000E+00    0.00000E+00    0.85483E-04
         0.14809E-01   -0.44143E-02    0.84420E-04    0.51421E-01
        -0.70252E-02    0.72367E-05    0.99464E-01   -0.81184E-02
        -0.91866E-04    0.15031E+00   -0.79659E-02   -0.15875E-03
         0.19699E+00   -0.68282E-02   -0.16218E-03    0.23413E+00
        -0.49573E-02   -0.10096E-03    0.25794E+00   -0.26000E-02
         0.00000E+00    0.26613E+00    0.00000E+00

     Iteration Number =  7     Error=  0.1786E-02

         0.00000E+00    0.00000E+00    0.00000E+00    0.85673E-04
         0.14838E-01   -0.44230E-02    0.84554E-04    0.51520E-01
        -0.70383E-02    0.71420E-05    0.99651E-01   -0.81329E-02
        -0.92206E-04    0.15059E+00   -0.79796E-02   -0.15923E-03
         0.19734E+00   -0.68397E-02   -0.16262E-03    0.23455E+00
        -0.49655E-02   -0.10123E-03    0.25840E+00   -0.26042E-02
         0.00000E+00    0.26660E+00    0.00000E+00


   STEP NUMBER =  3   SOURCE VALUE =  0.3000E+00

     Number of iterations taken for convergence.. =  8
     The Euclidean norm of the solution error ... =  0.8399E-03
     The CONVERGED solution is:

         0.00000E+00    0.00000E+00    0.00000E+00    0.85761E-04
         0.14852E-01   -0.44271E-02    0.84614E-04    0.51568E-01
        -0.70446E-02    0.70930E-05    0.99740E-01   -0.81397E-02
        -0.92369E-04    0.15072E+00   -0.79860E-02   -0.15945E-03
         0.19751E+00   -0.68450E-02   -0.16283E-03    0.23475E+00
        -0.49693E-02   -0.10135E-03    0.25861E+00   -0.26062E-02
         0.00000E+00    0.26682E+00    0.00000E+00

     Iteration Number =  1     Error=  0.1389E+00

         0.00000E+00    0.00000E+00    0.00000E+00    0.12169E-03
         0.17269E-01   -0.51463E-02    0.12204E-03    0.59935E-01
        -0.81842E-02    0.14358E-04    0.11589E+00   -0.94522E-02
        -0.12528E-03    0.17507E+00   -0.92707E-02   -0.22043E-03
         0.22939E+00   -0.79442E-02   -0.22662E-03    0.27260E+00
        -0.57663E-02   -0.14163E-03    0.30029E+00   -0.30239E-02
         0.00000E+00    0.30981E+00    0.00000E+00

     Iteration Number =  2     Error=  0.5830E-01

         0.00000E+00    0.00000E+00    0.00000E+00    0.13390E-03
         0.18379E-01   -0.54750E-02    0.13239E-03    0.63745E-01
        -0.86980E-02    0.11813E-04    0.12318E+00   -0.10037E-01
        -0.14290E-03    0.18601E+00   -0.98379E-02   -0.24727E-03
         0.24364E+00   -0.84260E-02   -0.25273E-03    0.28946E+00
        -0.61139E-02   -0.15744E-03    0.31882E+00   -0.32055E-02
         0.00000E+00    0.32891E+00    0.00000E+00

     Iteration Number =  3     Error=  0.2551E-01

         0.00000E+00    0.00000E+00    0.00000E+00    0.13867E-03
         0.18893E-01   -0.56266E-02    0.13602E-03    0.65493E-01
        -0.89316E-02    0.99665E-05    0.12651E+00   -0.10300E-01
        -0.15081E-03    0.19096E+00   -0.10090E-01   -0.25868E-03
         0.25005E+00   -0.86385E-02   -0.26356E-03    0.29702E+00
        -0.62664E-02   -0.16391E-03    0.32711E+00   -0.32850E-02
         0.00000E+00    0.33745E+00    0.00000E+00

     Iteration Number =  4     Error=  0.1138E-01

         0.00000E+00    0.00000E+00    0.00000E+00    0.14066E-03
         0.19133E-01   -0.56968E-02    0.13741E-03    0.66301E-01
        -0.90383E-02    0.89236E-05    0.12803E+00   -0.10418E-01
        -0.15444E-03    0.19321E+00   -0.10202E-01   -0.26374E-03
         0.25295E+00   -0.87326E-02   -0.26829E-03    0.30044E+00
        -0.63336E-02   -0.16671E-03    0.33084E+00   -0.33198E-02
         0.00000E+00    0.34129E+00    0.00000E+00

     Iteration Number =  5     Error=  0.5127E-02

         0.00000E+00    0.00000E+00    0.00000E+00    0.14152E-03
         0.19245E-01   -0.57295E-02    0.13796E-03    0.66675E-01
        -0.90873E-02    0.83707E-05    0.12873E+00   -0.10472E-01
        -0.15613E-03    0.19424E+00   -0.10253E-01   -0.26603E-03
         0.25427E+00   -0.87743E-02   -0.27040E-03    0.30198E+00
        -0.63631E-02   -0.16795E-03    0.33252E+00   -0.33351E-02
         0.00000E+00    0.34303E+00    0.00000E+00

     Iteration Number =  6     Error=  0.2320E-02

         0.00000E+00    0.00000E+00    0.00000E+00    0.14190E-03
         0.19297E-01   -0.57448E-02    0.13817E-03    0.66849E-01
        -0.91098E-02    0.80840E-05    0.12905E+00   -0.10496E-01
        -0.15693E-03    0.19471E+00   -0.10275E-01   -0.26708E-03
         0.25487E+00   -0.87927E-02   -0.27135E-03    0.30268E+00
        -0.63762E-02   -0.16851E-03    0.33328E+00   -0.33419E-02
         0.00000E+00    0.34381E+00    0.00000E+00

     Iteration Number =  7     Error=  0.1052E-02

         0.00000E+00    0.00000E+00    0.00000E+00    0.14207E-03
         0.19322E-01   -0.57519E-02    0.13826E-03    0.66930E-01
        -0.91202E-02    0.79367E-05    0.12920E+00   -0.10507E-01
        -0.15730E-03    0.19493E+00   -0.10285E-01   -0.26756E-03
         0.25514E+00   -0.88009E-02   -0.27179E-03    0.30299E+00
        -0.63819E-02   -0.16876E-03    0.33363E+00   -0.33448E-02
         0.00000E+00    0.34416E+00    0.00000E+00


   STEP NUMBER =  4   SOURCE VALUE =  0.4000E+00

     Number of iterations taken for convergence.. =  8
     The Euclidean norm of the solution error ... =  0.4778E-03
     The CONVERGED solution is:

         0.00000E+00    0.00000E+00    0.00000E+00    0.14214E-03
         0.19333E-01   -0.57553E-02    0.13829E-03    0.66968E-01
        -0.91250E-02    0.78615E-05    0.12927E+00   -0.10512E-01
        -0.15747E-03    0.19503E+00   -0.10290E-01   -0.26778E-03
         0.25527E+00   -0.88045E-02   -0.27198E-03    0.30314E+00
        -0.63844E-02   -0.16887E-03    0.33378E+00   -0.33461E-02
         0.00000E+00    0.34432E+00    0.00000E+00

     Iteration Number =  1     Error=  0.1058E+00

         0.00000E+00    0.00000E+00    0.00000E+00    0.18579E-03
         0.21653E-01   -0.64440E-02    0.18302E-03    0.74967E-01
        -0.10210E-01    0.15210E-04    0.14466E+00   -0.11755E-01
        -0.19910E-03    0.21817E+00   -0.11502E-01   -0.34314E-03
         0.28550E+00   -0.98387E-02   -0.35022E-03    0.33899E+00
        -0.71328E-02   -0.21810E-03    0.37322E+00   -0.37378E-02
         0.00000E+00    0.38499E+00    0.00000E+00

     Iteration Number =  2     Error=  0.4314E-01

         0.00000E+00    0.00000E+00    0.00000E+00    0.19797E-03
         0.22686E-01   -0.67486E-02    0.19239E-03    0.78485E-01
        -0.10680E-01    0.10712E-04    0.15135E+00   -0.12285E-01
        -0.21903E-03    0.22815E+00   -0.12011E-01   -0.37199E-03
         0.29843E+00   -0.10268E-01   -0.37766E-03    0.35424E+00
        -0.74415E-02   -0.23452E-03    0.38996E+00   -0.38987E-02
         0.00000E+00    0.40223E+00    0.00000E+00

     Iteration Number =  3     Error=  0.1826E-01

         0.00000E+00    0.00000E+00    0.00000E+00    0.20252E-03
         0.23152E-01   -0.68851E-02    0.19536E-03    0.80052E-01
        -0.10886E-01    0.79461E-05    0.15429E+00   -0.12513E-01
        -0.22776E-03    0.23250E+00   -0.12227E-01   -0.38390E-03
         0.30403E+00   -0.10449E-01   -0.38868E-03    0.36081E+00
        -0.75698E-02   -0.24100E-03    0.39714E+00   -0.39652E-02
         0.00000E+00    0.40962E+00    0.00000E+00

     Iteration Number =  4     Error=  0.7867E-02

         0.00000E+00    0.00000E+00    0.00000E+00    0.20434E-03
         0.23364E-01   -0.69468E-02    0.19636E-03    0.80756E-01
        -0.10978E-01    0.64714E-05    0.15560E+00   -0.12612E-01
        -0.23169E-03    0.23441E+00   -0.12319E-01   -0.38903E-03
         0.30647E+00   -0.10524E-01   -0.39333E-03    0.36366E+00
        -0.76233E-02   -0.24371E-03    0.40024E+00   -0.39928E-02
         0.00000E+00    0.41281E+00    0.00000E+00

     Iteration Number =  5     Error=  0.3419E-02

         0.00000E+00    0.00000E+00    0.00000E+00    0.20508E-03
         0.23462E-01   -0.69750E-02    0.19670E-03    0.81075E-01
        -0.11018E-01    0.57123E-05    0.15619E+00   -0.12656E-01
        -0.23348E-03    0.23525E+00   -0.12359E-01   -0.39129E-03
         0.30754E+00   -0.10556E-01   -0.39534E-03    0.36490E+00
        -0.76455E-02   -0.24487E-03    0.40159E+00   -0.40043E-02
         0.00000E+00    0.41419E+00    0.00000E+00

     Iteration Number =  6     Error=  0.1493E-02

         0.00000E+00    0.00000E+00    0.00000E+00    0.20539E-03
         0.23507E-01   -0.69878E-02    0.19680E-03    0.81220E-01
        -0.11037E-01    0.53263E-05    0.15645E+00   -0.12674E-01
        -0.23430E-03    0.23563E+00   -0.12376E-01   -0.39230E-03
         0.30801E+00   -0.10570E-01   -0.39622E-03    0.36544E+00
        -0.76547E-02   -0.24538E-03    0.40217E+00   -0.40089E-02
         0.00000E+00    0.41479E+00    0.00000E+00


   STEP NUMBER =  5   SOURCE VALUE =  0.5000E+00

     Number of iterations taken for convergence.. =  7
     The Euclidean norm of the solution error ... =  0.6534E-03
     The CONVERGED solution is:

         0.00000E+00    0.00000E+00    0.00000E+00    0.20552E-03
         0.23527E-01   -0.69937E-02    0.19682E-03    0.81286E-01
        -0.11045E-01    0.51312E-05    0.15657E+00   -0.12683E-01
        -0.23468E-03    0.23580E+00   -0.12383E-01   -0.39275E-03
         0.30822E+00   -0.10575E-01   -0.39660E-03    0.36568E+00
        -0.76585E-02   -0.24559E-03    0.40243E+00   -0.40108E-02
         0.00000E+00    0.41505E+00    0.00000E+00

     Iteration Number =  1     Error=  0.8484E-01

         0.00000E+00    0.00000E+00    0.00000E+00    0.25487E-03
         0.25754E-01   -0.76531E-02    0.24643E-03    0.88929E-01
        -0.12076E-01    0.11519E-04    0.17121E+00   -0.13858E-01
        -0.28389E-03    0.25776E+00   -0.13524E-01   -0.47964E-03
         0.33684E+00   -0.11546E-01   -0.48604E-03    0.39956E+00
        -0.83591E-02   -0.30165E-03    0.43967E+00   -0.43771E-02
         0.00000E+00    0.45345E+00    0.00000E+00

     Iteration Number =  2     Error=  0.3346E-01

         0.00000E+00    0.00000E+00    0.00000E+00    0.26649E-03
         0.26717E-01   -0.79359E-02    0.25428E-03    0.92182E-01
        -0.12506E-01    0.50116E-05    0.17735E+00   -0.14337E-01
        -0.30554E-03    0.26686E+00   -0.13980E-01   -0.50947E-03
         0.34858E+00   -0.11928E-01   -0.51377E-03    0.41337E+00
        -0.86323E-02   -0.31802E-03    0.45478E+00   -0.45190E-02
         0.00000E+00    0.46900E+00    0.00000E+00

     Iteration Number =  3     Error=  0.1368E-01

         0.00000E+00    0.00000E+00    0.00000E+00    0.27061E-03
         0.27143E-01   -0.80595E-02    0.25640E-03    0.93593E-01
        -0.12689E-01    0.13552E-05    0.17997E+00   -0.14536E-01
        -0.31481E-03    0.27069E+00   -0.14165E-01   -0.52143E-03
         0.35348E+00   -0.12080E-01   -0.52454E-03    0.41908E+00
        -0.87397E-02   -0.32427E-03    0.46100E+00   -0.45745E-02
         0.00000E+00    0.47540E+00    0.00000E+00

     Iteration Number =  4     Error=  0.5693E-02

         0.00000E+00    0.00000E+00    0.00000E+00    0.27218E-03
         0.27332E-01   -0.81142E-02    0.25696E-03    0.94212E-01
        -0.12768E-01   -0.52155E-06    0.18111E+00   -0.14618E-01
        -0.31890E-03    0.27232E+00   -0.14240E-01   -0.52646E-03
         0.35554E+00   -0.12141E-01   -0.52894E-03    0.42146E+00
        -0.87820E-02   -0.32679E-03    0.46358E+00   -0.45961E-02
         0.00000E+00    0.47805E+00    0.00000E+00

     Iteration Number =  5     Error=  0.2389E-02

         0.00000E+00    0.00000E+00    0.00000E+00    0.27278E-03
         0.27418E-01   -0.81386E-02    0.25706E-03    0.94486E-01
        -0.12802E-01   -0.14659E-05    0.18160E+00   -0.14653E-01
        -0.32073E-03    0.27302E+00   -0.14271E-01   -0.52862E-03
         0.35641E+00   -0.12165E-01   -0.53079E-03    0.42246E+00
        -0.87985E-02   -0.32783E-03    0.46466E+00   -0.46044E-02
         0.00000E+00    0.47915E+00    0.00000E+00

     Iteration Number =  6     Error=  0.1008E-02

         0.00000E+00    0.00000E+00    0.00000E+00    0.27302E-03
         0.27457E-01   -0.81496E-02    0.25705E-03    0.94609E-01
        -0.12817E-01   -0.19380E-05    0.18182E+00   -0.14668E-01
        -0.32156E-03    0.27332E+00   -0.14283E-01   -0.52955E-03
         0.35678E+00   -0.12174E-01   -0.53157E-03    0.42288E+00
        -0.88048E-02   -0.32826E-03    0.46511E+00   -0.46076E-02
         0.00000E+00    0.47961E+00    0.00000E+00


   STEP NUMBER =  6   SOURCE VALUE =  0.6000E+00

     Number of iterations taken for convergence.. =  7
     The Euclidean norm of the solution error ... =  0.4265E-03
     The CONVERGED solution is:

         0.00000E+00    0.00000E+00    0.00000E+00    0.27311E-03
         0.27475E-01   -0.81546E-02    0.25702E-03    0.94664E-01
        -0.12824E-01   -0.21731E-05    0.18191E+00   -0.14674E-01
        -0.32194E-03    0.27345E+00   -0.14288E-01   -0.52996E-03
         0.35694E+00   -0.12178E-01   -0.53190E-03    0.42306E+00
        -0.88072E-02   -0.32845E-03    0.46530E+00   -0.46087E-02
         0.00000E+00    0.47981E+00    0.00000E+00

     Iteration Number =  1     Error=  0.7024E-01

         0.00000E+00    0.00000E+00    0.00000E+00    0.32651E-03
         0.29606E-01   -0.87842E-02    0.30960E-03    0.10195E+00
        -0.13801E-01    0.25687E-05    0.19581E+00   -0.15782E-01
        -0.37758E-03    0.29424E+00   -0.15359E-01   -0.62586E-03
         0.38396E+00   -0.13086E-01   -0.62977E-03    0.45500E+00
        -0.94610E-02   -0.38955E-03    0.50037E+00   -0.49501E-02
         0.00000E+00    0.51595E+00    0.00000E+00

     Iteration Number =  2     Error=  0.2679E-01

         0.00000E+00    0.00000E+00    0.00000E+00    0.33724E-03
         0.30505E-01   -0.90468E-02    0.31567E-03    0.10496E+00
        -0.14196E-01   -0.58233E-05    0.20145E+00   -0.16216E-01
        -0.40041E-03    0.30254E+00   -0.15768E-01   -0.65588E-03
         0.39462E+00   -0.13426E-01   -0.65704E-03    0.46749E+00
        -0.97026E-02   -0.40544E-03    0.51401E+00   -0.50752E-02
         0.00000E+00    0.52998E+00    0.00000E+00

     Iteration Number =  3     Error=  0.1059E-01

         0.00000E+00    0.00000E+00    0.00000E+00    0.34085E-03
         0.30894E-01   -0.91591E-02    0.31691E-03    0.10623E+00
        -0.14358E-01   -0.10268E-04    0.20379E+00   -0.16389E-01
        -0.40999E-03    0.30593E+00   -0.15926E-01   -0.66762E-03
         0.39891E+00   -0.13554E-01   -0.66731E-03    0.47246E+00
        -0.97925E-02   -0.41130E-03    0.51941E+00   -0.51213E-02
         0.00000E+00    0.53553E+00    0.00000E+00

     Iteration Number =  4     Error=  0.4262E-02

         0.00000E+00    0.00000E+00    0.00000E+00    0.34214E-03
         0.31065E-01   -0.92079E-02    0.31703E-03    0.10678E+00
        -0.14426E-01   -0.12486E-04    0.20478E+00   -0.16458E-01
        -0.41414E-03    0.30733E+00   -0.15988E-01   -0.67244E-03
         0.40066E+00   -0.13603E-01   -0.67139E-03    0.47447E+00
        -0.98257E-02   -0.41359E-03    0.52157E+00   -0.51381E-02
         0.00000E+00    0.53775E+00    0.00000E+00

     Iteration Number =  5     Error=  0.1731E-02

         0.00000E+00    0.00000E+00    0.00000E+00    0.34261E-03
         0.31142E-01   -0.92294E-02    0.31693E-03    0.10702E+00
        -0.14455E-01   -0.13582E-04    0.20520E+00   -0.16487E-01
        -0.41597E-03    0.30791E+00   -0.16012E-01   -0.67446E-03
         0.40138E+00   -0.13621E-01   -0.67305E-03    0.47528E+00
        -0.98378E-02   -0.41451E-03    0.52244E+00   -0.51441E-02
         0.00000E+00    0.53863E+00    0.00000E+00


   STEP NUMBER =  7   SOURCE VALUE =  0.7000E+00

     Number of iterations taken for convergence.. =  6
     The Euclidean norm of the solution error ... =  0.7072E-03
     The CONVERGED solution is:

         0.00000E+00    0.00000E+00    0.00000E+00    0.34277E-03
         0.31176E-01   -0.92390E-02    0.31681E-03    0.10712E+00
        -0.14468E-01   -0.14121E-04    0.20538E+00   -0.16498E-01
        -0.41679E-03    0.30816E+00   -0.16021E-01   -0.67532E-03
         0.40167E+00   -0.13628E-01   -0.67373E-03    0.47561E+00
        -0.98420E-02   -0.41487E-03    0.52279E+00   -0.51461E-02
         0.00000E+00    0.53899E+00    0.00000E+00

     Iteration Number =  1     Error=  0.5981E-01

         0.00000E+00    0.00000E+00    0.00000E+00    0.39903E-03
         0.33227E-01   -0.98432E-02    0.37095E-03    0.11410E+00
        -0.15399E-01   -0.11596E-04    0.21864E+00   -0.17546E-01
        -0.47815E-03    0.32791E+00   -0.17029E-01   -0.77849E-03
         0.42729E+00   -0.14479E-01   -0.77811E-03    0.50584E+00
        -0.10454E-01   -0.47977E-03    0.55595E+00   -0.54651E-02
         0.00000E+00    0.57315E+00    0.00000E+00

     Iteration Number =  2     Error=  0.2208E-01

         0.00000E+00    0.00000E+00    0.00000E+00    0.40876E-03
         0.34074E-01   -0.10089E-01    0.37518E-03    0.11691E+00
        -0.15763E-01   -0.21790E-04    0.22385E+00   -0.17942E-01
        -0.50192E-03    0.33555E+00   -0.17398E-01   -0.80840E-03
         0.43704E+00   -0.14783E-01   -0.80464E-03    0.51722E+00
        -0.10669E-01   -0.49502E-03    0.56835E+00   -0.55759E-02
         0.00000E+00    0.58590E+00    0.00000E+00

     Iteration Number =  3     Error=  0.8457E-02

         0.00000E+00    0.00000E+00    0.00000E+00    0.41186E-03
         0.34435E-01   -0.10193E-01    0.37556E-03    0.11807E+00
        -0.15909E-01   -0.26959E-04    0.22597E+00   -0.18094E-01
        -0.51171E-03    0.33857E+00   -0.17535E-01   -0.81983E-03
         0.44084E+00   -0.14893E-01   -0.81436E-03    0.52159E+00
        -0.10744E-01   -0.50048E-03    0.57309E+00   -0.56144E-02
         0.00000E+00    0.59075E+00    0.00000E+00

     Iteration Number =  4     Error=  0.3299E-02

         0.00000E+00    0.00000E+00    0.00000E+00    0.41289E-03
         0.34591E-01   -0.10237E-01    0.37528E-03    0.11856E+00
        -0.15969E-01   -0.29479E-04    0.22684E+00   -0.18154E-01
        -0.51590E-03    0.33979E+00   -0.17586E-01   -0.82442E-03
         0.44234E+00   -0.14932E-01   -0.81812E-03    0.52330E+00
        -0.10770E-01   -0.50254E-03    0.57492E+00   -0.56274E-02
         0.00000E+00    0.59262E+00    0.00000E+00

     Iteration Number =  5     Error=  0.1300E-02

         0.00000E+00    0.00000E+00    0.00000E+00    0.41323E-03
         0.34660E-01   -0.10256E-01    0.37498E-03    0.11878E+00
        -0.15994E-01   -0.30704E-04    0.22720E+00   -0.18177E-01
        -0.51773E-03    0.34029E+00   -0.17605E-01   -0.82631E-03
         0.44294E+00   -0.14945E-01   -0.81961E-03    0.52397E+00
        -0.10779E-01   -0.50334E-03    0.57562E+00   -0.56317E-02
         0.00000E+00    0.59335E+00    0.00000E+00


   STEP NUMBER =  8   SOURCE VALUE =  0.8000E+00

     Number of iterations taken for convergence.. =  6
     The Euclidean norm of the solution error ... =  0.5168E-03
     The CONVERGED solution is:

         0.00000E+00    0.00000E+00    0.00000E+00    0.41333E-03
         0.34691E-01   -0.10265E-01    0.37478E-03    0.11887E+00
        -0.16004E-01   -0.31300E-04    0.22736E+00   -0.18186E-01
        -0.51854E-03    0.34049E+00   -0.17611E-01   -0.82710E-03
         0.44318E+00   -0.14950E-01   -0.82020E-03    0.52423E+00
        -0.10782E-01   -0.50365E-03    0.57590E+00   -0.56329E-02
         0.00000E+00    0.59363E+00    0.00000E+00

     Iteration Number =  1     Error=  0.5175E-01

         0.00000E+00    0.00000E+00    0.00000E+00    0.47149E-03
         0.36661E-01   -0.10843E-01    0.42947E-03    0.12553E+00
        -0.16889E-01   -0.31162E-04    0.23998E+00   -0.19177E-01
        -0.58469E-03    0.35924E+00   -0.18561E-01   -0.93589E-03
         0.46744E+00   -0.15749E-01   -0.92935E-03    0.55281E+00
        -0.11355E-01   -0.57125E-03    0.60722E+00   -0.59310E-02
         0.00000E+00    0.62588E+00    0.00000E+00

     Iteration Number =  2     Error=  0.1853E-01

         0.00000E+00    0.00000E+00    0.00000E+00    0.48016E-03
         0.37458E-01   -0.11074E-01    0.43193E-03    0.12816E+00
        -0.17226E-01   -0.42903E-04    0.24482E+00   -0.19538E-01
        -0.60902E-03    0.36628E+00   -0.18894E-01   -0.96531E-03
         0.47638E+00   -0.16021E-01   -0.95487E-03    0.56320E+00
        -0.11546E-01   -0.58573E-03    0.61852E+00   -0.60294E-02
         0.00000E+00    0.63749E+00    0.00000E+00

     Iteration Number =  3     Error=  0.6892E-02

         0.00000E+00    0.00000E+00    0.00000E+00    0.48276E-03
         0.37793E-01   -0.11169E-01    0.43153E-03    0.12923E+00
        -0.17358E-01   -0.48659E-04    0.24673E+00   -0.19673E-01
        -0.61889E-03    0.36899E+00   -0.19012E-01   -0.97633E-03
         0.47976E+00   -0.16115E-01   -0.96399E-03    0.56708E+00
        -0.11609E-01   -0.59076E-03    0.62269E+00   -0.60616E-02
         0.00000E+00    0.64176E+00    0.00000E+00

     Iteration Number =  4     Error=  0.2613E-02

         0.00000E+00    0.00000E+00    0.00000E+00    0.48356E-03
         0.37937E-01   -0.11210E-01    0.43091E-03    0.12967E+00
        -0.17411E-01   -0.51414E-04    0.24751E+00   -0.19724E-01
        -0.62306E-03    0.37006E+00   -0.19055E-01   -0.98068E-03
         0.48106E+00   -0.16146E-01   -0.96743E-03    0.56854E+00
        -0.11630E-01   -0.59261E-03    0.62425E+00   -0.60717E-02
         0.00000E+00    0.64335E+00    0.00000E+00

     Iteration Number =  5     Error=  0.1003E-02

         0.00000E+00    0.00000E+00    0.00000E+00    0.48378E-03
         0.38000E-01   -0.11227E-01    0.43046E-03    0.12986E+00
        -0.17433E-01   -0.52735E-04    0.24783E+00   -0.19743E-01
        -0.62486E-03    0.37049E+00   -0.19069E-01   -0.98244E-03
         0.48157E+00   -0.16156E-01   -0.96876E-03    0.56910E+00
        -0.11636E-01   -0.59330E-03    0.62484E+00   -0.60746E-02
         0.00000E+00    0.64395E+00    0.00000E+00


   STEP NUMBER =  9   SOURCE VALUE =  0.9000E+00

     Number of iterations taken for convergence.. =  6
     The Euclidean norm of the solution error ... =  0.3891E-03
     The CONVERGED solution is:

         0.00000E+00    0.00000E+00    0.00000E+00    0.48384E-03
         0.38028E-01   -0.11235E-01    0.43019E-03    0.12994E+00
        -0.17442E-01   -0.53369E-04    0.24796E+00   -0.19750E-01
        -0.62566E-03    0.37066E+00   -0.19075E-01   -0.98317E-03
         0.48177E+00   -0.16159E-01   -0.96928E-03    0.56931E+00
        -0.11638E-01   -0.59357E-03    0.62506E+00   -0.60753E-02
         0.00000E+00    0.64417E+00    0.00000E+00

     Iteration Number =  1     Error=  0.4548E-01

         0.00000E+00    0.00000E+00    0.00000E+00    0.54322E-03
         0.39924E-01   -0.11790E-01    0.48474E-03    0.13633E+00
        -0.18285E-01   -0.55749E-04    0.26001E+00   -0.20690E-01
        -0.69598E-03    0.38850E+00   -0.19970E-01   -0.10964E-02
         0.50480E+00   -0.16911E-01   -0.10820E-02    0.59640E+00
        -0.12176E-01   -0.66313E-03    0.65472E+00   -0.63547E-02
         0.00000E+00    0.67471E+00    0.00000E+00

     Iteration Number =  2     Error=  0.1584E-01

         0.00000E+00    0.00000E+00    0.00000E+00    0.55088E-03
         0.40679E-01   -0.12007E-01    0.48553E-03    0.13879E+00
        -0.18598E-01   -0.68855E-04    0.26452E+00   -0.21021E-01
        -0.72069E-03    0.39502E+00   -0.20273E-01   -0.11252E-02
         0.51304E+00   -0.17157E-01   -0.11065E-02    0.60595E+00
        -0.12347E-01   -0.67681E-03    0.66508E+00   -0.64425E-02
         0.00000E+00    0.68534E+00    0.00000E+00

     Iteration Number =  3     Error=  0.5731E-02

         0.00000E+00    0.00000E+00    0.00000E+00    0.55301E-03
         0.40992E-01   -0.12096E-01    0.48444E-03    0.13978E+00
        -0.18718E-01   -0.75107E-04    0.26627E+00   -0.21141E-01
        -0.73059E-03    0.39747E+00   -0.20377E-01   -0.11358E-02
         0.51607E+00   -0.17237E-01   -0.11150E-02    0.60940E+00
        -0.12401E-01   -0.68144E-03    0.66878E+00   -0.64696E-02
         0.00000E+00    0.68914E+00    0.00000E+00

     Iteration Number =  4     Error=  0.2117E-02

         0.00000E+00    0.00000E+00    0.00000E+00    0.55360E-03
         0.41125E-01   -0.12133E-01    0.48352E-03    0.14019E+00
        -0.18766E-01   -0.78052E-04    0.26697E+00   -0.21186E-01
        -0.73472E-03    0.39842E+00   -0.20412E-01   -0.11399E-02
         0.51721E+00   -0.17262E-01   -0.11182E-02    0.61067E+00
        -0.12417E-01   -0.68310E-03    0.67013E+00   -0.64774E-02
         0.00000E+00    0.69050E+00    0.00000E+00


   STEP NUMBER = 10   SOURCE VALUE =  0.1000E+01

     Number of iterations taken for convergence.. =  5
     The Euclidean norm of the solution error ... =  0.7936E-03
     The CONVERGED solution is:

         0.00000E+00    0.00000E+00    0.00000E+00    0.55374E-03
         0.41183E-01   -0.12149E-01    0.48294E-03    0.14036E+00
        -0.18785E-01   -0.79447E-04    0.26725E+00   -0.21202E-01
        -0.73649E-03    0.39879E+00   -0.20424E-01   -0.11416E-02
         0.51765E+00   -0.17270E-01   -0.11194E-02    0.61114E+00
        -0.12421E-01   -0.68371E-03    0.67062E+00   -0.64793E-02
         0.00000E+00    0.69100E+00    0.00000E+00
