     *** ECHO OF THE INPUT DATA STARTS ***

Example 5.2.1: Nonlinear analysis of a hinged-hinged beam problem               
  2   0   8                        MODEL,IEL,NEM                                
  0.0  50.0                        X0,AL                                        
  1  1  30.0E06  0.3               B,H,E,GNIU                                   
                                                                                
  0.0  0.0  0.0                    FX0,FX1,FX2                                  
  1.0  0.0  0.0                    QX0,QX1,QX2                                  
  5   0   0                        NSPV,NSSV,NSMB                               
  1   1   0.0                       ISPV(1,1),ISPV(1,2),VSPV(1)                 
  1   2   0.0                       ISPV(1,1),ISPV(1,2),VSPV(1)                 
  1   3   0.0                       ISPV(1,1),ISPV(1,2),VSPV(1)                 
  9   1   0.0                       ISPV(2,1),ISPV(2,2),VSPV(2)                 
  9   3   0.0                       ISPV(3,1),ISPV(3,2),VSPV(3)                 
                                                                                
  2   0                            NONLIN,NPRNT                                 
  10   50  1.0E-03  0.0             NLS, ITMAX, EPS, GAMA                       
  2   2                            NGP, LGP                                     
  0.1 0.1 0.1 0.1 0.1                                                           
  0.1 0.1 0.1 0.1 0.1              DP(I)                                        
                                                                                
  0.0 0.0 0.0 0.0 0.0 0.0 0.0                                                   
  0.0 0.0 0.0 0.0 0.0 0.0 0.0                                                   
  0.0 0.0 0.0 0.0 0.0 0.0 0.0                                                   
  0.0 0.0 0.0 0.0 0.0 0.0          GP1(I)                                       

     **** ECHO OF THE INPUT DATA ENDS ****

________________________________________________________________________________
        Output from computer program  FEM1DBEAM              by J. N. Reddy
________________________________________________________________________________


Example 5.2.1: Nonlinear analysis of a hinged-hinged beam problem               

    *** ANALYSIS OF MODEL  2 PROBLEM ***
               (see the code below)

    MODEL=1: A problem described by MODEL EQ. 1
    MODEL=2: A Euler-Bernoulli BEAM problem
    MODEL=3: A Timoshenko BEAM problem


   P R O B L E M   D A T A:

     Coordinate of node 1 ....................... =   0.0000E+00
     Length of the beam ......................... =   0.5000E+02
     Width of cross-section for the beam, B ..... =   0.1000E+01
     Height of cross-section for the beam, H .... =   0.1000E+01
     Elastic modulus of the beam material, E .... =   0.3000E+08
     Axial stiffness for the beam, EA ........... =   0.3000E+08
     Bending stiffness for the beam, EI ......... =   0.2500E+07
     Coefficient of 1 in QX, QX0 ................ =   0.1000E+01
     Coefficient of x in QX, QX1 ................ =   0.0000E+00
     Coefficient of x*x in QX, QX2 .............. =   0.0000E+00
     Coefficient of 1 in FX, FX0 ................ =   0.0000E+00
     Coefficient of x in FX, FX1 ................ =   0.0000E+00
     Coefficient of x*x in FX, FX2 .............. =   0.0000E+00


   M E S H   D A T A:

     Number of elements in the mesh, NEM......... =    8
     Type of element(0:hermite;1:linear;2:quadratic;) .. =    0
     Number of nodes in the mesh, NNM ........... =    9
     Number of deg. of freedom per node, NDF..... =    3
     Number of total DOF in the model, NEQ....... =   27
     GLOBAL COORDINATES OF THE GLOBAL NODES ..... =

        0.0000E+00   0.6250E+01   0.1250E+02   0.1875E+02   0.2500E+02
        0.3125E+02   0.3750E+02   0.4375E+02   0.5000E+02

          CONNECTIVITY MATRIX:

              1    2
              2    3
              3    4
              4    5
              5    6
              6    7
              7    8
              8    9

   B O U N D A R Y   D A T A:

     Number of specified PRIMARY variables ...... =    5
     Specified PRIMARY degrees of freedom ....... :

              1    1   0.0000E+00
              1    2   0.0000E+00
              1    3   0.0000E+00
              9    1   0.0000E+00
              9    3   0.0000E+00

     *** NONLINEAR Analysis with NEWTON ITERATION ***


   NONLINEAR  A N A L Y S I S   D A T A:

     Number of load steps used, NLS ............. =   10
     Maximum allowable number of iterations ..... =   50
     Allowable convergence tolerance (EPS) ...... =   0.1000E-02
     Acceleration parameter:GAMA*GP2+(1-GAMA)*GP1 =   0.0000E+00

   INITIAL (GUESS) VECTOR:

     0.00000E+00  0.00000E+00  0.00000E+00  0.00000E+00  0.00000E+00  0.00000E+00  0.00000E+00  0.00000E+00  0.00000E+00  0.00000E+00  0.00000E+00  0.00000E+00  0.00000E+00  0.00000E+00  0.00000E+00  0.00000E+00  0.00000E+00  0.00000E+00  0.00000E+00  0.00000E+00  0.00000E+00  0.00000E+00  0.00000E+00  0.00000E+00

   INITIAL (GUESS) VECTOR:

     0.00000E+00  0.00000E+00  0.00000E+00

     First iteration solution at source value ... =  0.1000E+00

         0.00000E+00    0.00000E+00    0.00000E+00    0.00000E+00
         0.28610E-03   -0.85449E-04    0.00000E+00    0.99691E-03
        -0.13672E-03    0.00000E+00    0.19341E-02   -0.15869E-03
         0.00000E+00    0.29297E-02   -0.15625E-03    0.00000E+00
         0.38465E-02   -0.13428E-03    0.00000E+00    0.45776E-02
        -0.97656E-04    0.00000E+00    0.50468E-02   -0.51270E-04
         0.00000E+00    0.52083E-02    0.00000E+00

     Iteration Number =  1     Error=  0.1000E+01

         0.00000E+00    0.00000E+00    0.00000E+00    0.00000E+00
         0.28610E-03   -0.85449E-04    0.00000E+00    0.99691E-03
        -0.13672E-03    0.00000E+00    0.19341E-02   -0.15869E-03
         0.00000E+00    0.29297E-02   -0.15625E-03    0.00000E+00
         0.38465E-02   -0.13428E-03    0.00000E+00    0.45776E-02
        -0.97656E-04    0.00000E+00    0.50468E-02   -0.51270E-04
         0.00000E+00    0.52083E-02    0.00000E+00

     Iteration Number =  2     Error=  0.3333E+00

         0.00000E+00    0.00000E+00    0.00000E+00    0.75732E-07
         0.42915E-03   -0.12817E-03    0.78859E-07    0.14953E-02
        -0.20507E-03    0.14963E-07    0.29010E-02   -0.23803E-03
        -0.70663E-07    0.43944E-02   -0.23437E-03   -0.13071E-06
         0.57696E-02   -0.20141E-03   -0.13667E-06    0.68663E-02
        -0.14648E-03   -0.86147E-07    0.75701E-02   -0.76903E-04
         0.00000E+00    0.78123E-02    0.00000E+00

     Iteration Number =  3     Error=  0.1428E+00

         0.00000E+00    0.00000E+00    0.00000E+00    0.10612E-06
         0.50066E-03   -0.14953E-03    0.10881E-06    0.17445E-02
        -0.23925E-03    0.17313E-07    0.33845E-02   -0.27770E-03
        -0.10386E-06    0.51268E-02   -0.27343E-03   -0.18793E-06
         0.67311E-02   -0.23498E-03   -0.19508E-06    0.80106E-02
        -0.17089E-03   -0.12245E-06    0.88316E-02   -0.89718E-04
         0.00000E+00    0.91142E-02    0.00000E+00

     Iteration Number =  4     Error=  0.6665E-01

         0.00000E+00    0.00000E+00    0.00000E+00    0.11944E-06
         0.53642E-03   -0.16021E-03    0.12141E-06    0.18691E-02
        -0.25634E-03    0.17204E-07    0.36262E-02   -0.29753E-03
        -0.11992E-06    0.54929E-02   -0.29295E-03   -0.21451E-06
         0.72118E-02   -0.25175E-03   -0.22180E-06    0.85826E-02
        -0.18309E-03   -0.13890E-06    0.94623E-02   -0.96124E-04
         0.00000E+00    0.97651E-02    0.00000E+00

     Iteration Number =  5     Error=  0.3225E-01

         0.00000E+00    0.00000E+00    0.00000E+00    0.12563E-06
         0.55430E-03   -0.16555E-03    0.12712E-06    0.19314E-02
        -0.26488E-03    0.16829E-07    0.37470E-02   -0.30745E-03
        -0.12781E-06    0.56759E-02   -0.30271E-03   -0.22729E-06
         0.74521E-02   -0.26014E-03   -0.23453E-06    0.88686E-02
        -0.18920E-03   -0.14671E-06    0.97776E-02   -0.99327E-04
         0.00000E+00    0.10090E-01    0.00000E+00

     Iteration Number =  6     Error=  0.1587E-01

         0.00000E+00    0.00000E+00    0.00000E+00    0.12861E-06
         0.56323E-03   -0.16822E-03    0.12982E-06    0.19625E-02
        -0.26915E-03    0.16561E-07    0.38074E-02   -0.31240E-03
        -0.13173E-06    0.57674E-02   -0.30759E-03   -0.23356E-06
         0.75723E-02   -0.26434E-03   -0.24075E-06    0.90116E-02
        -0.19225E-03   -0.15050E-06    0.99353E-02   -0.10093E-03
         0.00000E+00    0.10253E-01    0.00000E+00

     Iteration Number =  7     Error=  0.7870E-02

         0.00000E+00    0.00000E+00    0.00000E+00    0.13007E-06
         0.56770E-03   -0.16955E-03    0.13114E-06    0.19781E-02
        -0.27128E-03    0.16407E-07    0.38376E-02   -0.31488E-03
        -0.13368E-06    0.58132E-02   -0.31003E-03   -0.23666E-06
         0.76323E-02   -0.26643E-03   -0.24382E-06    0.90831E-02
        -0.19377E-03   -0.15237E-06    0.10014E-01   -0.10173E-03
         0.00000E+00    0.10335E-01    0.00000E+00

     Iteration Number =  8     Error=  0.3919E-02

         0.00000E+00    0.00000E+00    0.00000E+00    0.13080E-06
         0.56994E-03   -0.17022E-03    0.13179E-06    0.19859E-02
        -0.27235E-03    0.16325E-07    0.38527E-02   -0.31612E-03
        -0.13465E-06    0.58361E-02   -0.31125E-03   -0.23820E-06
         0.76624E-02   -0.26748E-03   -0.24534E-06    0.91188E-02
        -0.19453E-03   -0.15330E-06    0.10053E-01   -0.10213E-03
         0.00000E+00    0.10375E-01    0.00000E+00

     Iteration Number =  9     Error=  0.1956E-02

         0.00000E+00    0.00000E+00    0.00000E+00    0.13115E-06
         0.57105E-03   -0.17055E-03    0.13211E-06    0.19898E-02
        -0.27288E-03    0.16283E-07    0.38603E-02   -0.31674E-03
        -0.13513E-06    0.58475E-02   -0.31186E-03   -0.23897E-06
         0.76774E-02   -0.26801E-03   -0.24610E-06    0.91367E-02
        -0.19491E-03   -0.15377E-06    0.10073E-01   -0.10233E-03
         0.00000E+00    0.10395E-01    0.00000E+00


   STEP NUMBER =  1   SOURCE VALUE =  0.1000E+00

     Number of iterations taken for convergence.. = 10
     The Euclidean norm of the solution error ... =  0.9767E-03
     The CONVERGED solution is:

         0.00000E+00    0.00000E+00    0.00000E+00    0.13133E-06
         0.57161E-03   -0.17072E-03    0.13227E-06    0.19917E-02
        -0.27315E-03    0.16261E-07    0.38641E-02   -0.31705E-03
        -0.13538E-06    0.58532E-02   -0.31217E-03   -0.23935E-06
         0.76849E-02   -0.26827E-03   -0.24648E-06    0.91456E-02
        -0.19510E-03   -0.15400E-06    0.10083E-01   -0.10243E-03
         0.00000E+00    0.10406E-01    0.00000E+00

     Iteration Number =  1     Error=  0.3338E+00

         0.00000E+00    0.00000E+00    0.00000E+00    0.30262E-06
         0.85796E-03   -0.25624E-03    0.31512E-06    0.29895E-02
        -0.40999E-03    0.59793E-07    0.57998E-02   -0.47587E-03
        -0.28236E-06    0.87854E-02   -0.46855E-03   -0.52229E-06
         0.11535E-01   -0.40266E-03   -0.54611E-06    0.13727E-01
        -0.29284E-03   -0.34423E-06    0.15134E-01   -0.15374E-03
         0.00000E+00    0.15618E-01    0.00000E+00

     Iteration Number =  2     Error=  0.1430E+00

         0.00000E+00    0.00000E+00    0.00000E+00    0.42424E-06
         0.10011E-02   -0.29899E-03    0.43498E-06    0.34882E-02
        -0.47838E-03    0.69184E-07    0.67672E-02   -0.55525E-03
        -0.41523E-06    0.10251E-01   -0.54670E-03   -0.75136E-06
         0.13459E-01   -0.46982E-03   -0.77990E-06    0.16017E-01
        -0.34168E-03   -0.48953E-06    0.17659E-01   -0.17938E-03
         0.00000E+00    0.18224E-01    0.00000E+00

     Iteration Number =  3     Error=  0.6669E-01

         0.00000E+00    0.00000E+00    0.00000E+00    0.47753E-06
         0.10726E-02   -0.32036E-03    0.48537E-06    0.37375E-02
        -0.51256E-03    0.68724E-07    0.72508E-02   -0.59492E-03
        -0.47951E-06    0.10983E-01   -0.58576E-03   -0.85770E-06
         0.14420E-01   -0.50338E-03   -0.88679E-06    0.17161E-01
        -0.36610E-03   -0.55536E-06    0.18920E-01   -0.19220E-03
         0.00000E+00    0.19526E-01    0.00000E+00

     Iteration Number =  4     Error=  0.3225E-01

         0.00000E+00    0.00000E+00    0.00000E+00    0.50229E-06
         0.11084E-02   -0.33104E-03    0.50818E-06    0.38621E-02
        -0.52965E-03    0.67205E-07    0.74925E-02   -0.61475E-03
        -0.51110E-06    0.11349E-01   -0.60528E-03   -0.90881E-06
         0.14901E-01   -0.52016E-03   -0.93773E-06    0.17733E-01
        -0.37829E-03   -0.58656E-06    0.19551E-01   -0.19860E-03
         0.00000E+00    0.20176E-01    0.00000E+00

     Iteration Number =  5     Error=  0.1586E-01

         0.00000E+00    0.00000E+00    0.00000E+00    0.51420E-06
         0.11263E-02   -0.33638E-03    0.51899E-06    0.39243E-02
        -0.53818E-03    0.66123E-07    0.76133E-02   -0.62466E-03
        -0.52675E-06    0.11532E-01   -0.61504E-03   -0.93385E-06
         0.15141E-01   -0.52854E-03   -0.96257E-06    0.18019E-01
        -0.38439E-03   -0.60173E-06    0.19866E-01   -0.20180E-03
         0.00000E+00    0.20502E-01    0.00000E+00

     Iteration Number =  6     Error=  0.7867E-02

         0.00000E+00    0.00000E+00    0.00000E+00    0.52003E-06
         0.11352E-02   -0.33904E-03    0.52424E-06    0.39555E-02
        -0.54245E-03    0.65501E-07    0.76737E-02   -0.62962E-03
        -0.53454E-06    0.11624E-01   -0.61992E-03   -0.94624E-06
         0.15261E-01   -0.53273E-03   -0.97483E-06    0.18162E-01
        -0.38744E-03   -0.60921E-06    0.20023E-01   -0.20340E-03
         0.00000E+00    0.20664E-01    0.00000E+00

     Iteration Number =  7     Error=  0.3916E-02

         0.00000E+00    0.00000E+00    0.00000E+00    0.52292E-06
         0.11397E-02   -0.34038E-03    0.52683E-06    0.39710E-02
        -0.54459E-03    0.65169E-07    0.77039E-02   -0.63209E-03
        -0.53843E-06    0.11670E-01   -0.62235E-03   -0.95239E-06
         0.15321E-01   -0.53483E-03   -0.98091E-06    0.18233E-01
        -0.38896E-03   -0.61292E-06    0.20102E-01   -0.20420E-03
         0.00000E+00    0.20745E-01    0.00000E+00

     Iteration Number =  8     Error=  0.1954E-02

         0.00000E+00    0.00000E+00    0.00000E+00    0.52435E-06
         0.11419E-02   -0.34104E-03    0.52811E-06    0.39788E-02
        -0.54565E-03    0.64998E-07    0.77189E-02   -0.63333E-03
        -0.54037E-06    0.11692E-01   -0.62357E-03   -0.95547E-06
         0.15351E-01   -0.53587E-03   -0.98395E-06    0.18269E-01
        -0.38972E-03   -0.61477E-06    0.20142E-01   -0.20460E-03
         0.00000E+00    0.20786E-01    0.00000E+00


   STEP NUMBER =  2   SOURCE VALUE =  0.2000E+00

     Number of iterations taken for convergence.. =  9
     The Euclidean norm of the solution error ... =  0.9754E-03
     The CONVERGED solution is:

         0.00000E+00    0.00000E+00    0.00000E+00    0.52507E-06
         0.11430E-02   -0.34138E-03    0.52875E-06    0.39827E-02
        -0.54618E-03    0.64911E-07    0.77265E-02   -0.63395E-03
        -0.54134E-06    0.11704E-01   -0.62418E-03   -0.95700E-06
         0.15366E-01   -0.53640E-03   -0.98546E-06    0.18287E-01
        -0.39010E-03   -0.61569E-06    0.20161E-01   -0.20480E-03
         0.00000E+00    0.20806E-01    0.00000E+00

     Iteration Number =  1     Error=  0.2004E+00

         0.00000E+00    0.00000E+00    0.00000E+00    0.86757E-06
         0.14296E-02   -0.42695E-03    0.89431E-06    0.49811E-02
        -0.68310E-03    0.15181E-06    0.96633E-02   -0.79286E-03
        -0.83543E-06    0.14638E-01   -0.78064E-03   -0.15229E-05
         0.19218E-01   -0.67085E-03   -0.15847E-05    0.22871E-01
        -0.48789E-03   -0.99615E-06    0.25215E-01   -0.25614E-03
         0.00000E+00    0.26022E-01    0.00000E+00

     Iteration Number =  2     Error=  0.9101E-01

         0.00000E+00    0.00000E+00    0.00000E+00    0.10350E-05
         0.15727E-02   -0.46971E-03    0.10550E-05    0.54799E-02
        -0.75150E-03    0.15551E-06    0.10631E-01   -0.87224E-03
        -0.10305E-05    0.16103E-01   -0.85879E-03   -0.18502E-05
         0.21142E-01   -0.73801E-03   -0.19154E-05    0.25161E-01
        -0.53672E-03   -0.12005E-05    0.27739E-01   -0.28178E-03
         0.00000E+00    0.28627E-01    0.00000E+00

     Iteration Number =  3     Error=  0.4348E-01

         0.00000E+00    0.00000E+00    0.00000E+00    0.11110E-05
         0.16443E-02   -0.49107E-03    0.11257E-05    0.57291E-02
        -0.78567E-03    0.15217E-06    0.11114E-01   -0.91189E-03
        -0.11258E-05    0.16835E-01   -0.89783E-03   -0.20055E-05
         0.22103E-01   -0.77155E-03   -0.20707E-05    0.26305E-01
        -0.56112E-03   -0.12957E-05    0.29000E-01   -0.29458E-03
         0.00000E+00    0.29928E-01    0.00000E+00

     Iteration Number =  4     Error=  0.2126E-01

         0.00000E+00    0.00000E+00    0.00000E+00    0.11472E-05
         0.16800E-02   -0.50175E-03    0.11586E-05    0.58536E-02
        -0.80274E-03    0.14920E-06    0.11356E-01   -0.93170E-03
        -0.11729E-05    0.17201E-01   -0.91733E-03   -0.20811E-05
         0.22584E-01   -0.78830E-03   -0.21457E-05    0.26876E-01
        -0.57330E-03   -0.13416E-05    0.29630E-01   -0.30098E-03
         0.00000E+00    0.30578E-01    0.00000E+00

     Iteration Number =  5     Error=  0.1051E-01

         0.00000E+00    0.00000E+00    0.00000E+00    0.11648E-05
         0.16978E-02   -0.50708E-03    0.11745E-05    0.59158E-02
        -0.81127E-03    0.14739E-06    0.11476E-01   -0.94159E-03
        -0.11963E-05    0.17384E-01   -0.92707E-03   -0.21183E-05
         0.22823E-01   -0.79667E-03   -0.21826E-05    0.27161E-01
        -0.57938E-03   -0.13641E-05    0.29945E-01   -0.30417E-03
         0.00000E+00    0.30903E-01    0.00000E+00

     Iteration Number =  6     Error=  0.5222E-02

         0.00000E+00    0.00000E+00    0.00000E+00    0.11734E-05
         0.17068E-02   -0.50974E-03    0.11823E-05    0.59469E-02
        -0.81553E-03    0.14640E-06    0.11537E-01   -0.94654E-03
        -0.12080E-05    0.17475E-01   -0.93193E-03   -0.21368E-05
         0.22943E-01   -0.80085E-03   -0.22008E-05    0.27304E-01
        -0.58242E-03   -0.13752E-05    0.30102E-01   -0.30577E-03
         0.00000E+00    0.31065E-01    0.00000E+00

     Iteration Number =  7     Error=  0.2602E-02

         0.00000E+00    0.00000E+00    0.00000E+00    0.11777E-05
         0.17112E-02   -0.51107E-03    0.11861E-05    0.59624E-02
        -0.81766E-03    0.14588E-06    0.11567E-01   -0.94901E-03
        -0.12138E-05    0.17521E-01   -0.93436E-03   -0.21460E-05
         0.23003E-01   -0.80294E-03   -0.22099E-05    0.27375E-01
        -0.58394E-03   -0.13808E-05    0.30181E-01   -0.30656E-03
         0.00000E+00    0.31146E-01    0.00000E+00

     Iteration Number =  8     Error=  0.1298E-02

         0.00000E+00    0.00000E+00    0.00000E+00    0.11799E-05
         0.17135E-02   -0.51174E-03    0.11880E-05    0.59702E-02
        -0.81872E-03    0.14562E-06    0.11582E-01   -0.95024E-03
        -0.12167E-05    0.17544E-01   -0.93557E-03   -0.21506E-05
         0.23033E-01   -0.80398E-03   -0.22145E-05    0.27411E-01
        -0.58470E-03   -0.13835E-05    0.30220E-01   -0.30696E-03
         0.00000E+00    0.31187E-01    0.00000E+00


   STEP NUMBER =  3   SOURCE VALUE =  0.3000E+00

     Number of iterations taken for convergence.. =  9
     The Euclidean norm of the solution error ... =  0.6481E-03
     The CONVERGED solution is:

         0.00000E+00    0.00000E+00    0.00000E+00    0.11809E-05
         0.17146E-02   -0.51207E-03    0.11890E-05    0.59740E-02
        -0.81925E-03    0.14549E-06    0.11589E-01   -0.95086E-03
        -0.12181E-05    0.17555E-01   -0.93618E-03   -0.21529E-05
         0.23048E-01   -0.80450E-03   -0.22167E-05    0.27428E-01
        -0.58508E-03   -0.13849E-05    0.30240E-01   -0.30716E-03
         0.00000E+00    0.31207E-01    0.00000E+00

     Iteration Number =  1     Error=  0.1431E+00

         0.00000E+00    0.00000E+00    0.00000E+00    0.16942E-05
         0.20010E-02   -0.59760E-03    0.17367E-05    0.69718E-02
        -0.95608E-03    0.27553E-06    0.13525E-01   -0.11097E-02
        -0.16591E-05    0.20487E-01   -0.10925E-02   -0.30013E-05
         0.26897E-01   -0.93885E-03   -0.31149E-05    0.32009E-01
        -0.68278E-03   -0.19551E-05    0.35290E-01   -0.35846E-03
         0.00000E+00    0.36419E-01    0.00000E+00

     Iteration Number =  2     Error=  0.6667E-01

         0.00000E+00    0.00000E+00    0.00000E+00    0.19069E-05
         0.21440E-02   -0.64031E-03    0.19377E-05    0.74700E-02
        -0.10244E-02    0.27334E-06    0.14491E-01   -0.11889E-02
        -0.19160E-05    0.21951E-01   -0.11706E-02   -0.34260E-05
         0.28819E-01   -0.10059E-02   -0.35418E-05    0.34296E-01
        -0.73154E-03   -0.22179E-05    0.37811E-01   -0.38405E-03
         0.00000E+00    0.39020E-01    0.00000E+00

     Iteration Number =  3     Error=  0.3221E-01

         0.00000E+00    0.00000E+00    0.00000E+00    0.20055E-05
         0.22154E-02   -0.66163E-03    0.20284E-05    0.77188E-02
        -0.10585E-02    0.26701E-06    0.14974E-01   -0.12285E-02
        -0.20422E-05    0.22681E-01   -0.12095E-02   -0.36298E-05
         0.29778E-01   -0.10394E-02   -0.37448E-05    0.35437E-01
        -0.75587E-03   -0.23423E-05    0.39069E-01   -0.39682E-03
         0.00000E+00    0.40319E-01    0.00000E+00

     Iteration Number =  4     Error=  0.1582E-01

         0.00000E+00    0.00000E+00    0.00000E+00    0.20528E-05
         0.22510E-02   -0.67228E-03    0.20713E-05    0.78430E-02
        -0.10755E-02    0.26254E-06    0.15215E-01   -0.12482E-02
        -0.21046E-05    0.23046E-01   -0.12289E-02   -0.37295E-05
         0.30257E-01   -0.10561E-02   -0.38437E-05    0.36007E-01
        -0.76801E-03   -0.24027E-05    0.39697E-01   -0.40320E-03
         0.00000E+00    0.40967E-01    0.00000E+00

     Iteration Number =  5     Error=  0.7837E-02

         0.00000E+00    0.00000E+00    0.00000E+00    0.20760E-05
         0.22688E-02   -0.67760E-03    0.20921E-05    0.79050E-02
        -0.10840E-02    0.25997E-06    0.15335E-01   -0.12581E-02
        -0.21357E-05    0.23228E-01   -0.12386E-02   -0.37788E-05
         0.30496E-01   -0.10644E-02   -0.38924E-05    0.36291E-01
        -0.77407E-03   -0.24324E-05    0.40010E-01   -0.40638E-03
         0.00000E+00    0.41290E-01    0.00000E+00

     Iteration Number =  6     Error=  0.3897E-02

         0.00000E+00    0.00000E+00    0.00000E+00    0.20875E-05
         0.22777E-02   -0.68025E-03    0.21023E-05    0.79360E-02
        -0.10883E-02    0.25860E-06    0.15395E-01   -0.12630E-02
        -0.21511E-05    0.23319E-01   -0.12435E-02   -0.38033E-05
         0.30615E-01   -0.10686E-02   -0.39166E-05    0.36433E-01
        -0.77710E-03   -0.24471E-05    0.40167E-01   -0.40796E-03
         0.00000E+00    0.41452E-01    0.00000E+00

     Iteration Number =  7     Error=  0.1942E-02

         0.00000E+00    0.00000E+00    0.00000E+00    0.20931E-05
         0.22822E-02   -0.68158E-03    0.21074E-05    0.79514E-02
        -0.10904E-02    0.25789E-06    0.15425E-01   -0.12655E-02
        -0.21589E-05    0.23364E-01   -0.12459E-02   -0.38155E-05
         0.30674E-01   -0.10706E-02   -0.39286E-05    0.36504E-01
        -0.77860E-03   -0.24544E-05    0.40245E-01   -0.40876E-03
         0.00000E+00    0.41532E-01    0.00000E+00


   STEP NUMBER =  4   SOURCE VALUE =  0.4000E+00

     Number of iterations taken for convergence.. =  8
     The Euclidean norm of the solution error ... =  0.9683E-03
     The CONVERGED solution is:

         0.00000E+00    0.00000E+00    0.00000E+00    0.20960E-05
         0.22844E-02   -0.68224E-03    0.21099E-05    0.79592E-02
        -0.10914E-02    0.25753E-06    0.15440E-01   -0.12667E-02
        -0.21627E-05    0.23387E-01   -0.12471E-02   -0.38216E-05
         0.30704E-01   -0.10717E-02   -0.39346E-05    0.36539E-01
        -0.77936E-03   -0.24581E-05    0.40284E-01   -0.40915E-03
         0.00000E+00    0.41573E-01    0.00000E+00

     Iteration Number =  1     Error=  0.1115E+00

         0.00000E+00    0.00000E+00    0.00000E+00    0.27798E-05
         0.25711E-02   -0.76787E-03    0.28393E-05    0.89581E-02
        -0.12284E-02    0.43011E-06    0.17378E-01   -0.14257E-02
        -0.27509E-05    0.26322E-01   -0.14036E-02   -0.49524E-05
         0.34557E-01   -0.12061E-02   -0.51316E-05    0.41125E-01
        -0.87714E-03   -0.32179E-05    0.45339E-01   -0.46049E-03
         0.00000E+00    0.46789E-01    0.00000E+00

     Iteration Number =  2     Error=  0.5267E-01

         0.00000E+00    0.00000E+00    0.00000E+00    0.30378E-05
         0.27142E-02   -0.81059E-03    0.30805E-05    0.94564E-02
        -0.12967E-02    0.42184E-06    0.18344E-01   -0.15049E-02
        -0.30700E-05    0.27786E-01   -0.14816E-02   -0.54749E-05
         0.36479E-01   -0.12732E-02   -0.56548E-05    0.43411E-01
        -0.92589E-03   -0.35393E-05    0.47860E-01   -0.48607E-03
         0.00000E+00    0.49391E-01    0.00000E+00

     Iteration Number =  3     Error=  0.2560E-01

         0.00000E+00    0.00000E+00    0.00000E+00    0.31589E-05
         0.27856E-02   -0.83191E-03    0.31911E-05    0.97051E-02
        -0.13308E-02    0.41240E-06    0.18826E-01   -0.15445E-02
        -0.32271E-05    0.28516E-01   -0.15205E-02   -0.57273E-05
         0.37437E-01   -0.13066E-02   -0.59057E-05    0.44551E-01
        -0.95018E-03   -0.36928E-05    0.49117E-01   -0.49883E-03
         0.00000E+00    0.50688E-01    0.00000E+00

     Iteration Number =  4     Error=  0.1260E-01

         0.00000E+00    0.00000E+00    0.00000E+00    0.32174E-05
         0.28212E-02   -0.84255E-03    0.32438E-05    0.98292E-02
        -0.13478E-02    0.40635E-06    0.19067E-01   -0.15642E-02
        -0.33049E-05    0.28880E-01   -0.15399E-02   -0.58512E-05
         0.37915E-01   -0.13232E-02   -0.60283E-05    0.45120E-01
        -0.96230E-03   -0.37676E-05    0.49743E-01   -0.50519E-03
         0.00000E+00    0.51335E-01    0.00000E+00

     Iteration Number =  5     Error=  0.6247E-02

         0.00000E+00    0.00000E+00    0.00000E+00    0.32461E-05
         0.28390E-02   -0.84786E-03    0.32695E-05    0.98911E-02
        -0.13563E-02    0.40297E-06    0.19187E-01   -0.15740E-02
        -0.33436E-05    0.29062E-01   -0.15496E-02   -0.59125E-05
         0.38153E-01   -0.13315E-02   -0.60888E-05    0.45404E-01
        -0.96833E-03   -0.38045E-05    0.50056E-01   -0.50836E-03
         0.00000E+00    0.51657E-01    0.00000E+00

     Iteration Number =  6     Error=  0.3106E-02

         0.00000E+00    0.00000E+00    0.00000E+00    0.32602E-05
         0.28479E-02   -0.85050E-03    0.32821E-05    0.99220E-02
        -0.13605E-02    0.40119E-06    0.19247E-01   -0.15789E-02
        -0.33629E-05    0.29152E-01   -0.15544E-02   -0.59429E-05
         0.38272E-01   -0.13357E-02   -0.61189E-05    0.45545E-01
        -0.97134E-03   -0.38228E-05    0.50212E-01   -0.50994E-03
         0.00000E+00    0.51818E-01    0.00000E+00

     Iteration Number =  7     Error=  0.1547E-02

         0.00000E+00    0.00000E+00    0.00000E+00    0.32673E-05
         0.28523E-02   -0.85183E-03    0.32884E-05    0.99374E-02
        -0.13626E-02    0.40028E-06    0.19277E-01   -0.15814E-02
        -0.33725E-05    0.29198E-01   -0.15568E-02   -0.59581E-05
         0.38332E-01   -0.13378E-02   -0.61338E-05    0.45616E-01
        -0.97285E-03   -0.38319E-05    0.50290E-01   -0.51072E-03
         0.00000E+00    0.51898E-01    0.00000E+00


   STEP NUMBER =  5   SOURCE VALUE =  0.5000E+00

     Number of iterations taken for convergence.. =  8
     The Euclidean norm of the solution error ... =  0.7709E-03
     The CONVERGED solution is:

         0.00000E+00    0.00000E+00    0.00000E+00    0.32708E-05
         0.28545E-02   -0.85249E-03    0.32915E-05    0.99451E-02
        -0.13637E-02    0.39981E-06    0.19292E-01   -0.15826E-02
        -0.33773E-05    0.29220E-01   -0.15580E-02   -0.59656E-05
         0.38361E-01   -0.13388E-02   -0.61413E-05    0.45651E-01
        -0.97359E-03   -0.38364E-05    0.50329E-01   -0.51112E-03
         0.00000E+00    0.51938E-01    0.00000E+00

     Iteration Number =  1     Error=  0.9117E-01

         0.00000E+00    0.00000E+00    0.00000E+00    0.41239E-05
         0.31410E-02   -0.93803E-03    0.42012E-05    0.10943E-01
        -0.15005E-02    0.61452E-06    0.21227E-01   -0.17413E-02
        -0.41119E-05    0.32152E-01   -0.17143E-02   -0.73769E-05
         0.42210E-01   -0.14731E-02   -0.76349E-05    0.50230E-01
        -0.10712E-02   -0.47845E-05    0.55377E-01   -0.56238E-03
         0.00000E+00    0.57148E-01    0.00000E+00

     Iteration Number =  2     Error=  0.4344E-01

         0.00000E+00    0.00000E+00    0.00000E+00    0.44263E-05
         0.32838E-02   -0.98067E-03    0.44815E-05    0.11440E-01
        -0.15687E-02    0.59988E-06    0.22192E-01   -0.18204E-02
        -0.44923E-05    0.33612E-01   -0.17921E-02   -0.79955E-05
         0.44127E-01   -0.15399E-02   -0.82526E-05    0.52511E-01
        -0.11198E-02   -0.51634E-05    0.57892E-01   -0.58789E-03
         0.00000E+00    0.59743E-01    0.00000E+00

     Iteration Number =  3     Error=  0.2118E-01

         0.00000E+00    0.00000E+00    0.00000E+00    0.45692E-05
         0.33550E-02   -0.10019E-02    0.46114E-05    0.11688E-01
        -0.16026E-02    0.58717E-06    0.22672E-01   -0.18598E-02
        -0.46797E-05    0.34340E-01   -0.18309E-02   -0.82955E-05
         0.45082E-01   -0.15732E-02   -0.85503E-05    0.53648E-01
        -0.11440E-02   -0.53452E-05    0.59144E-01   -0.60059E-03
         0.00000E+00    0.61036E-01    0.00000E+00

     Iteration Number =  4     Error=  0.1044E-01

         0.00000E+00    0.00000E+00    0.00000E+00    0.46386E-05
         0.33905E-02   -0.10125E-02    0.46736E-05    0.11812E-01
        -0.16196E-02    0.57945E-06    0.22912E-01   -0.18794E-02
        -0.47727E-05    0.34702E-01   -0.18502E-02   -0.84429E-05
         0.45558E-01   -0.15898E-02   -0.86961E-05    0.54214E-01
        -0.11561E-02   -0.54341E-05    0.59768E-01   -0.60692E-03
         0.00000E+00    0.61680E-01    0.00000E+00

     Iteration Number =  5     Error=  0.5175E-02

         0.00000E+00    0.00000E+00    0.00000E+00    0.46726E-05
         0.34082E-02   -0.10178E-02    0.47040E-05    0.11873E-01
        -0.16280E-02    0.57522E-06    0.23031E-01   -0.18892E-02
        -0.48189E-05    0.34883E-01   -0.18598E-02   -0.85159E-05
         0.45795E-01   -0.15980E-02   -0.87681E-05    0.54496E-01
        -0.11621E-02   -0.54780E-05    0.60079E-01   -0.61006E-03
         0.00000E+00    0.62000E-01    0.00000E+00

     Iteration Number =  6     Error=  0.2572E-02

         0.00000E+00    0.00000E+00    0.00000E+00    0.46895E-05
         0.34170E-02   -0.10204E-02    0.47190E-05    0.11904E-01
        -0.16322E-02    0.57301E-06    0.23091E-01   -0.18941E-02
        -0.48419E-05    0.34973E-01   -0.18646E-02   -0.85521E-05
         0.45913E-01   -0.16021E-02   -0.88038E-05    0.54636E-01
        -0.11651E-02   -0.54997E-05    0.60234E-01   -0.61163E-03
         0.00000E+00    0.62160E-01    0.00000E+00

     Iteration Number =  7     Error=  0.1280E-02

         0.00000E+00    0.00000E+00    0.00000E+00    0.46978E-05
         0.34214E-02   -0.10218E-02    0.47264E-05    0.11919E-01
        -0.16343E-02    0.57188E-06    0.23120E-01   -0.18965E-02
        -0.48534E-05    0.35018E-01   -0.18670E-02   -0.85702E-05
         0.45972E-01   -0.16042E-02   -0.88216E-05    0.54706E-01
        -0.11666E-02   -0.55105E-05    0.60311E-01   -0.61241E-03
         0.00000E+00    0.62240E-01    0.00000E+00


   STEP NUMBER =  6   SOURCE VALUE =  0.6000E+00

     Number of iterations taken for convergence.. =  8
     The Euclidean norm of the solution error ... =  0.6372E-03
     The CONVERGED solution is:

         0.00000E+00    0.00000E+00    0.00000E+00    0.47020E-05
         0.34236E-02   -0.10224E-02    0.47300E-05    0.11927E-01
        -0.16354E-02    0.57130E-06    0.23135E-01   -0.18977E-02
        -0.48591E-05    0.35040E-01   -0.18681E-02   -0.85792E-05
         0.46001E-01   -0.16052E-02   -0.88304E-05    0.54741E-01
        -0.11673E-02   -0.55159E-05    0.60349E-01   -0.61280E-03
         0.00000E+00    0.62280E-01    0.00000E+00

     Iteration Number =  1     Error=  0.7709E-01

         0.00000E+00    0.00000E+00    0.00000E+00    0.57233E-05
         0.37098E-02   -0.11078E-02    0.58186E-05    0.12924E-01
        -0.17720E-02    0.82745E-06    0.25068E-01   -0.20562E-02
        -0.57394E-05    0.37968E-01   -0.20242E-02   -0.10269E-04
         0.49843E-01   -0.17393E-02   -0.10619E-04    0.59313E-01
        -0.12648E-02   -0.66510E-05    0.65390E-01   -0.66397E-03
         0.00000E+00    0.67481E-01    0.00000E+00

     Iteration Number =  2     Error=  0.3693E-01

         0.00000E+00    0.00000E+00    0.00000E+00    0.60692E-05
         0.38523E-02   -0.11504E-02    0.61372E-05    0.13420E-01
        -0.18400E-02    0.80612E-06    0.26030E-01   -0.21351E-02
        -0.61806E-05    0.39424E-01   -0.21018E-02   -0.10983E-04
         0.51755E-01   -0.18059E-02   -0.11330E-04    0.61588E-01
        -0.13132E-02   -0.70866E-05    0.67897E-01   -0.68940E-03
         0.00000E+00    0.70069E-01    0.00000E+00

     Iteration Number =  3     Error=  0.1804E-01

         0.00000E+00    0.00000E+00    0.00000E+00    0.62337E-05
         0.39232E-02   -0.11716E-02    0.62858E-05    0.13667E-01
        -0.18738E-02    0.78996E-06    0.26509E-01   -0.21743E-02
        -0.63982E-05    0.40149E-01   -0.21403E-02   -0.11330E-04
         0.52706E-01   -0.18390E-02   -0.11674E-04    0.62719E-01
        -0.13373E-02   -0.72964E-05    0.69144E-01   -0.70204E-03
         0.00000E+00    0.71356E-01    0.00000E+00

     Iteration Number =  4     Error=  0.8897E-02

         0.00000E+00    0.00000E+00    0.00000E+00    0.63136E-05
         0.39586E-02   -0.11821E-02    0.63573E-05    0.13790E-01
        -0.18907E-02    0.78047E-06    0.26748E-01   -0.21938E-02
        -0.65060E-05    0.40510E-01   -0.21595E-02   -0.11500E-04
         0.53180E-01   -0.18555E-02   -0.11842E-04    0.63282E-01
        -0.13493E-02   -0.73991E-05    0.69765E-01   -0.70832E-03
         0.00000E+00    0.71996E-01    0.00000E+00

     Iteration Number =  5     Error=  0.4408E-02

         0.00000E+00    0.00000E+00    0.00000E+00    0.63529E-05
         0.39762E-02   -0.11874E-02    0.63922E-05    0.13851E-01
        -0.18991E-02    0.77534E-06    0.26866E-01   -0.22035E-02
        -0.65596E-05    0.40689E-01   -0.21691E-02   -0.11585E-04
         0.53415E-01   -0.18637E-02   -0.11925E-04    0.63562E-01
        -0.13552E-02   -0.74497E-05    0.70074E-01   -0.71144E-03
         0.00000E+00    0.72315E-01    0.00000E+00

     Iteration Number =  6     Error=  0.2188E-02

         0.00000E+00    0.00000E+00    0.00000E+00    0.63723E-05
         0.39850E-02   -0.11900E-02    0.64094E-05    0.13882E-01
        -0.19032E-02    0.77267E-06    0.26925E-01   -0.22084E-02
        -0.65863E-05    0.40779E-01   -0.21738E-02   -0.11627E-04
         0.53532E-01   -0.18678E-02   -0.11967E-04    0.63702E-01
        -0.13582E-02   -0.74748E-05    0.70227E-01   -0.71300E-03
         0.00000E+00    0.72473E-01    0.00000E+00

     Iteration Number =  7     Error=  0.1088E-02

         0.00000E+00    0.00000E+00    0.00000E+00    0.63819E-05
         0.39894E-02   -0.11913E-02    0.64179E-05    0.13897E-01
        -0.19053E-02    0.77130E-06    0.26955E-01   -0.22108E-02
        -0.65996E-05    0.40823E-01   -0.21762E-02   -0.11648E-04
         0.53591E-01   -0.18698E-02   -0.11987E-04    0.63771E-01
        -0.13597E-02   -0.74873E-05    0.70304E-01   -0.71377E-03
         0.00000E+00    0.72552E-01    0.00000E+00


   STEP NUMBER =  7   SOURCE VALUE =  0.7000E+00

     Number of iterations taken for convergence.. =  8
     The Euclidean norm of the solution error ... =  0.5410E-03
     The CONVERGED solution is:

         0.00000E+00    0.00000E+00    0.00000E+00    0.63867E-05
         0.39915E-02   -0.11920E-02    0.64221E-05    0.13905E-01
        -0.19064E-02    0.77060E-06    0.26969E-01   -0.22120E-02
        -0.66062E-05    0.40845E-01   -0.21774E-02   -0.11658E-04
         0.53620E-01   -0.18708E-02   -0.11997E-04    0.63806E-01
        -0.13604E-02   -0.74935E-05    0.70342E-01   -0.71415E-03
         0.00000E+00    0.72591E-01    0.00000E+00

     Iteration Number =  1     Error=  0.6676E-01

         0.00000E+00    0.00000E+00    0.00000E+00    0.75747E-05
         0.42773E-02   -0.12773E-02    0.76878E-05    0.14900E-01
        -0.20427E-02    0.10674E-05    0.28899E-01   -0.23702E-02
        -0.76316E-05    0.43768E-01   -0.23331E-02   -0.13625E-04
         0.57456E-01   -0.20046E-02   -0.14078E-04    0.68370E-01
        -0.14577E-02   -0.88142E-05    0.75373E-01   -0.76521E-03
         0.00000E+00    0.77783E-01    0.00000E+00

     Iteration Number =  2     Error=  0.3209E-01

         0.00000E+00    0.00000E+00    0.00000E+00    0.79635E-05
         0.44194E-02   -0.13197E-02    0.80437E-05    0.15394E-01
        -0.21105E-02    0.10390E-05    0.29858E-01   -0.24488E-02
        -0.81330E-05    0.45220E-01   -0.24104E-02   -0.14432E-04
         0.59361E-01   -0.20710E-02   -0.14881E-04    0.70637E-01
        -0.15059E-02   -0.93055E-05    0.77872E-01   -0.79054E-03
         0.00000E+00    0.80362E-01    0.00000E+00

     Iteration Number =  3     Error=  0.1569E-01

         0.00000E+00    0.00000E+00    0.00000E+00    0.81489E-05
         0.44901E-02   -0.13408E-02    0.82106E-05    0.15641E-01
        -0.21442E-02    0.10192E-05    0.30335E-01   -0.24878E-02
        -0.83803E-05    0.45941E-01   -0.24488E-02   -0.14825E-04
         0.60308E-01   -0.21039E-02   -0.15270E-04    0.71763E-01
        -0.15299E-02   -0.95427E-05    0.79113E-01   -0.80311E-03
         0.00000E+00    0.81643E-01    0.00000E+00

     Iteration Number =  4     Error=  0.7737E-02

         0.00000E+00    0.00000E+00    0.00000E+00    0.82391E-05
         0.45253E-02   -0.13513E-02    0.82909E-05    0.15763E-01
        -0.21610E-02    0.10078E-05    0.30572E-01   -0.25072E-02
        -0.85029E-05    0.46300E-01   -0.24678E-02   -0.15019E-04
         0.60778E-01   -0.21203E-02   -0.15461E-04    0.72322E-01
        -0.15418E-02   -0.96588E-05    0.79730E-01   -0.80935E-03
         0.00000E+00    0.82279E-01    0.00000E+00

     Iteration Number =  5     Error=  0.3829E-02

         0.00000E+00    0.00000E+00    0.00000E+00    0.82834E-05
         0.45428E-02   -0.13565E-02    0.83302E-05    0.15824E-01
        -0.21693E-02    0.10017E-05    0.30690E-01   -0.25169E-02
        -0.85638E-05    0.46478E-01   -0.24773E-02   -0.15114E-04
         0.61012E-01   -0.21284E-02   -0.15555E-04    0.72600E-01
        -0.15477E-02   -0.97161E-05    0.80036E-01   -0.81244E-03
         0.00000E+00    0.82595E-01    0.00000E+00

     Iteration Number =  6     Error=  0.1899E-02

         0.00000E+00    0.00000E+00    0.00000E+00    0.83053E-05
         0.45516E-02   -0.13591E-02    0.83495E-05    0.15854E-01
        -0.21735E-02    0.99854E-06    0.30749E-01   -0.25217E-02
        -0.85940E-05    0.46567E-01   -0.24820E-02   -0.15162E-04
         0.61128E-01   -0.21324E-02   -0.15602E-04    0.72738E-01
        -0.15506E-02   -0.97444E-05    0.80188E-01   -0.81398E-03
         0.00000E+00    0.82752E-01    0.00000E+00


   STEP NUMBER =  8   SOURCE VALUE =  0.8000E+00

     Number of iterations taken for convergence.. =  7
     The Euclidean norm of the solution error ... =  0.9427E-03
     The CONVERGED solution is:

         0.00000E+00    0.00000E+00    0.00000E+00    0.83162E-05
         0.45559E-02   -0.13604E-02    0.83590E-05    0.15869E-01
        -0.21755E-02    0.99691E-06    0.30778E-01   -0.25240E-02
        -0.86091E-05    0.46611E-01   -0.24843E-02   -0.15185E-04
         0.61186E-01   -0.21344E-02   -0.15625E-04    0.72807E-01
        -0.15520E-02   -0.97585E-05    0.80264E-01   -0.81474E-03
         0.00000E+00    0.82830E-01    0.00000E+00

     Iteration Number =  1     Error=  0.5909E-01

         0.00000E+00    0.00000E+00    0.00000E+00    0.96714E-05
         0.48422E-02   -0.14459E-02    0.98015E-05    0.16866E-01
        -0.23122E-02    0.13328E-05    0.32711E-01   -0.26825E-02
        -0.97819E-05    0.49539E-01   -0.26403E-02   -0.17432E-04
         0.65028E-01   -0.22684E-02   -0.18001E-04    0.77379E-01
        -0.16494E-02   -0.11266E-04    0.85303E-01   -0.86587E-03
         0.00000E+00    0.88031E-01    0.00000E+00

     Iteration Number =  2     Error=  0.2846E-01

         0.00000E+00    0.00000E+00    0.00000E+00    0.10104E-04
         0.49845E-02   -0.14884E-02    0.10195E-04    0.17362E-01
        -0.23800E-02    0.12969E-05    0.33671E-01   -0.27611E-02
        -0.10345E-04    0.50991E-01   -0.27176E-02   -0.18335E-04
         0.66934E-01   -0.23348E-02   -0.18897E-04    0.79646E-01
        -0.16977E-02   -0.11814E-04    0.87802E-01   -0.89118E-03
         0.00000E+00    0.90609E-01    0.00000E+00

     Iteration Number =  3     Error=  0.1392E-01

         0.00000E+00    0.00000E+00    0.00000E+00    0.10311E-04
         0.50552E-02   -0.15095E-02    0.10381E-04    0.17607E-01
        -0.24137E-02    0.12731E-05    0.34147E-01   -0.28001E-02
        -0.10623E-04    0.51712E-01   -0.27559E-02   -0.18775E-04
         0.67879E-01   -0.23676E-02   -0.19332E-04    0.80770E-01
        -0.17216E-02   -0.12079E-04    0.89041E-01   -0.90371E-03
         0.00000E+00    0.91888E-01    0.00000E+00

     Iteration Number =  4     Error=  0.6857E-02

         0.00000E+00    0.00000E+00    0.00000E+00    0.10411E-04
         0.50904E-02   -0.15200E-02    0.10470E-04    0.17730E-01
        -0.24304E-02    0.12597E-05    0.34384E-01   -0.28194E-02
        -0.10760E-04    0.52069E-01   -0.27749E-02   -0.18991E-04
         0.68348E-01   -0.23839E-02   -0.19545E-04    0.81328E-01
        -0.17334E-02   -0.12209E-04    0.89655E-01   -0.90992E-03
         0.00000E+00    0.92521E-01    0.00000E+00

     Iteration Number =  5     Error=  0.3390E-02

         0.00000E+00    0.00000E+00    0.00000E+00    0.10460E-04
         0.51078E-02   -0.15252E-02    0.10513E-04    0.17790E-01
        -0.24387E-02    0.12525E-05    0.34501E-01   -0.28290E-02
        -0.10829E-04    0.52247E-01   -0.27843E-02   -0.19098E-04
         0.68581E-01   -0.23920E-02   -0.19650E-04    0.81604E-01
        -0.17393E-02   -0.12273E-04    0.89960E-01   -0.91300E-03
         0.00000E+00    0.92836E-01    0.00000E+00

     Iteration Number =  6     Error=  0.1679E-02

         0.00000E+00    0.00000E+00    0.00000E+00    0.10485E-04
         0.51165E-02   -0.15278E-02    0.10535E-04    0.17820E-01
        -0.24428E-02    0.12488E-05    0.34560E-01   -0.28338E-02
        -0.10863E-04    0.52335E-01   -0.27890E-02   -0.19151E-04
         0.68696E-01   -0.23960E-02   -0.19702E-04    0.81741E-01
        -0.17422E-02   -0.12304E-04    0.90111E-01   -0.91452E-03
         0.00000E+00    0.92992E-01    0.00000E+00


   STEP NUMBER =  9   SOURCE VALUE =  0.9000E+00

     Number of iterations taken for convergence.. =  7
     The Euclidean norm of the solution error ... =  0.8321E-03
     The CONVERGED solution is:

         0.00000E+00    0.00000E+00    0.00000E+00    0.10497E-04
         0.51208E-02   -0.15290E-02    0.10545E-04    0.17835E-01
        -0.24448E-02    0.12469E-05    0.34589E-01   -0.28361E-02
        -0.10879E-04    0.52379E-01   -0.27913E-02   -0.19177E-04
         0.68754E-01   -0.23980E-02   -0.19728E-04    0.81809E-01
        -0.17436E-02   -0.12320E-04    0.90186E-01   -0.91527E-03
         0.00000E+00    0.93069E-01    0.00000E+00

     Iteration Number =  1     Error=  0.5281E-01

         0.00000E+00    0.00000E+00    0.00000E+00    0.12016E-04
         0.54067E-02   -0.16144E-02    0.12161E-04    0.18831E-01
        -0.25812E-02    0.16213E-05    0.36518E-01   -0.29943E-02
        -0.12196E-04    0.55300E-01   -0.29469E-02   -0.21697E-04
         0.72587E-01   -0.25316E-02   -0.22392E-04    0.86371E-01
        -0.18407E-02   -0.14010E-04    0.95214E-01   -0.96626E-03
         0.00000E+00    0.98258E-01    0.00000E+00

     Iteration Number =  2     Error=  0.2547E-01

         0.00000E+00    0.00000E+00    0.00000E+00    0.12489E-04
         0.55485E-02   -0.16567E-02    0.12590E-04    0.19324E-01
        -0.26487E-02    0.15776E-05    0.37474E-01   -0.30725E-02
        -0.12819E-04    0.56746E-01   -0.30238E-02   -0.22692E-04
         0.74485E-01   -0.25976E-02   -0.23378E-04    0.88628E-01
        -0.18887E-02   -0.14612E-04    0.97702E-01   -0.99145E-03
         0.00000E+00    0.10082E+00    0.00000E+00

     Iteration Number =  3     Error=  0.1245E-01

         0.00000E+00    0.00000E+00    0.00000E+00    0.12716E-04
         0.56189E-02   -0.16777E-02    0.12792E-04    0.19569E-01
        -0.26822E-02    0.15496E-05    0.37948E-01   -0.31113E-02
        -0.13125E-04    0.57463E-01   -0.30619E-02   -0.23176E-04
         0.75425E-01   -0.26303E-02   -0.23855E-04    0.89745E-01
        -0.19125E-02   -0.14903E-04    0.98933E-01   -0.10039E-02
         0.00000E+00    0.10210E+00    0.00000E+00

     Iteration Number =  4     Error=  0.6128E-02

         0.00000E+00    0.00000E+00    0.00000E+00    0.12826E-04
         0.56538E-02   -0.16881E-02    0.12889E-04    0.19690E-01
        -0.26988E-02    0.15340E-05    0.38183E-01   -0.31305E-02
        -0.13277E-04    0.57818E-01   -0.30807E-02   -0.23414E-04
         0.75891E-01   -0.26464E-02   -0.24090E-04    0.90299E-01
        -0.19242E-02   -0.15045E-04    0.99543E-01   -0.10100E-02
         0.00000E+00    0.10272E+00    0.00000E+00

     Iteration Number =  5     Error=  0.3025E-02

         0.00000E+00    0.00000E+00    0.00000E+00    0.12880E-04
         0.56712E-02   -0.16933E-02    0.12937E-04    0.19750E-01
        -0.27070E-02    0.15257E-05    0.38299E-01   -0.31400E-02
        -0.13352E-04    0.57994E-01   -0.30900E-02   -0.23531E-04
         0.76121E-01   -0.26544E-02   -0.24205E-04    0.90573E-01
        -0.19300E-02   -0.15116E-04    0.99845E-01   -0.10131E-02
         0.00000E+00    0.10304E+00    0.00000E+00

     Iteration Number =  6     Error=  0.1496E-02

         0.00000E+00    0.00000E+00    0.00000E+00    0.12907E-04
         0.56798E-02   -0.16959E-02    0.12960E-04    0.19780E-01
        -0.27111E-02    0.15214E-05    0.38357E-01   -0.31447E-02
        -0.13390E-04    0.58081E-01   -0.30946E-02   -0.23589E-04
         0.76235E-01   -0.26584E-02   -0.24262E-04    0.90708E-01
        -0.19328E-02   -0.15150E-04    0.99994E-01   -0.10146E-02
         0.00000E+00    0.10319E+00    0.00000E+00


   STEP NUMBER = 10   SOURCE VALUE =  0.1000E+01

     Number of iterations taken for convergence.. =  7
     The Euclidean norm of the solution error ... =  0.7401E-03
     The CONVERGED solution is:

         0.00000E+00    0.00000E+00    0.00000E+00    0.12920E-04
         0.56841E-02   -0.16971E-02    0.12972E-04    0.19795E-01
        -0.27131E-02    0.15192E-05    0.38385E-01   -0.31470E-02
        -0.13408E-04    0.58124E-01   -0.30969E-02   -0.23618E-04
         0.76292E-01   -0.26603E-02   -0.24290E-04    0.90775E-01
        -0.19343E-02   -0.15167E-04    0.10007E+00   -0.10153E-02
         0.00000E+00    0.10327E+00    0.00000E+00
