     *** ECHO OF THE INPUT DATA STARTS ***

Example 5.2.1: Nonlinear analysis of a hinged-hinged beam problem               
  2   0   8                        MODEL,IEL,NEM                                
  0.0  50.0                        X0,AL                                        
  1  1  30.0E06  0.3               B,H,E,GNIU                                   
                                                                                
  0.0  0.0  0.0                    FX0,FX1,FX2                                  
  7.0  0.0  0.0                    QX0,QX1,QX2                                  
  5   0   0                        NSPV,NSSV,NSMB                               
  1   1   0.0                       ISPV(1,1),ISPV(1,2),VSPV(1)                 
  1   2   0.0                       ISPV(1,1),ISPV(1,2),VSPV(1)                 
  1   3   0.0                       ISPV(1,1),ISPV(1,2),VSPV(1)                 
  9   1   0.0                       ISPV(2,1),ISPV(2,2),VSPV(2)                 
  9   3   0.0                       ISPV(3,1),ISPV(3,2),VSPV(3)                 
                                                                                
  2   0                            NONLIN,NPRNT                                 
  10   50  1.0E-03  0.0             NLS, ITMAX, EPS, GAMA                       
  2   2                            NGP, LGP                                     
  0.1 0.1 0.1 0.1 0.1                                                           
  0.1 0.1 0.1 0.1 0.1              DP(I)                                        
                                                                                
  0.0 0.0 0.0 0.0 0.0 0.0 0.0                                                   
  0.0 0.0 0.0 0.0 0.0 0.0 0.0                                                   
  0.0 0.0 0.0 0.0 0.0 0.0 0.0                                                   
  0.0 0.0 0.0 0.0 0.0 0.0          GP1(I)                                       

     **** ECHO OF THE INPUT DATA ENDS ****

________________________________________________________________________________
        Output from computer program  FEM1DBEAM              by J. N. Reddy
________________________________________________________________________________


Example 5.2.1: Nonlinear analysis of a hinged-hinged beam problem               

    *** ANALYSIS OF MODEL  2 PROBLEM ***
               (see the code below)

    MODEL=1: A problem described by MODEL EQ. 1
    MODEL=2: A Euler-Bernoulli BEAM problem
    MODEL=3: A Timoshenko BEAM problem


   P R O B L E M   D A T A:

     Coordinate of node 1 ....................... =   0.0000E+00
     Length of the beam ......................... =   0.5000E+02
     Width of cross-section for the beam, B ..... =   0.1000E+01
     Height of cross-section for the beam, H .... =   0.1000E+01
     Elastic modulus of the beam material, E .... =   0.3000E+08
     Axial stiffness for the beam, EA ........... =   0.3000E+08
     Bending stiffness for the beam, EI ......... =   0.2500E+07
     Coefficient of 1 in QX, QX0 ................ =   0.7000E+01
     Coefficient of x in QX, QX1 ................ =   0.0000E+00
     Coefficient of x*x in QX, QX2 .............. =   0.0000E+00
     Coefficient of 1 in FX, FX0 ................ =   0.0000E+00
     Coefficient of x in FX, FX1 ................ =   0.0000E+00
     Coefficient of x*x in FX, FX2 .............. =   0.0000E+00


   M E S H   D A T A:

     Number of elements in the mesh, NEM......... =    8
     Type of element(0:hermite;1:linear;2:quadratic;) .. =    0
     Number of nodes in the mesh, NNM ........... =    9
     Number of deg. of freedom per node, NDF..... =    3
     Number of total DOF in the model, NEQ....... =   27
     GLOBAL COORDINATES OF THE GLOBAL NODES ..... =

        0.0000E+00   0.6250E+01   0.1250E+02   0.1875E+02   0.2500E+02
        0.3125E+02   0.3750E+02   0.4375E+02   0.5000E+02

          CONNECTIVITY MATRIX:

              1    2
              2    3
              3    4
              4    5
              5    6
              6    7
              7    8
              8    9

   B O U N D A R Y   D A T A:

     Number of specified PRIMARY variables ...... =    5
     Specified PRIMARY degrees of freedom ....... :

              1    1   0.0000E+00
              1    2   0.0000E+00
              1    3   0.0000E+00
              9    1   0.0000E+00
              9    3   0.0000E+00

     *** NONLINEAR Analysis with NEWTON ITERATION ***


   NONLINEAR  A N A L Y S I S   D A T A:

     Number of load steps used, NLS ............. =   10
     Maximum allowable number of iterations ..... =   50
     Allowable convergence tolerance (EPS) ...... =   0.1000E-02
     Acceleration parameter:GAMA*GP2+(1-GAMA)*GP1 =   0.0000E+00

   INITIAL (GUESS) VECTOR:

     0.00000E+00  0.00000E+00  0.00000E+00  0.00000E+00  0.00000E+00  0.00000E+00  0.00000E+00  0.00000E+00  0.00000E+00  0.00000E+00  0.00000E+00  0.00000E+00  0.00000E+00  0.00000E+00  0.00000E+00  0.00000E+00  0.00000E+00  0.00000E+00  0.00000E+00  0.00000E+00  0.00000E+00  0.00000E+00  0.00000E+00  0.00000E+00

   INITIAL (GUESS) VECTOR:

     0.00000E+00  0.00000E+00  0.00000E+00

     First iteration solution at source value ... =  0.1000E+00

         0.00000E+00    0.00000E+00    0.00000E+00    0.00000E+00
         0.20027E-02   -0.59814E-03    0.00000E+00    0.69784E-02
        -0.95703E-03    0.00000E+00    0.13538E-01   -0.11108E-02
         0.00000E+00    0.20508E-01   -0.10937E-02    0.00000E+00
         0.26925E-01   -0.93994E-03    0.00000E+00    0.32043E-01
        -0.68359E-03    0.00000E+00    0.35328E-01   -0.35889E-03
         0.00000E+00    0.36458E-01    0.00000E+00

     Iteration Number =  1     Error=  0.1000E+01

         0.00000E+00    0.00000E+00    0.00000E+00    0.00000E+00
         0.20027E-02   -0.59814E-03    0.00000E+00    0.69784E-02
        -0.95703E-03    0.00000E+00    0.13538E-01   -0.11108E-02
         0.00000E+00    0.20508E-01   -0.10937E-02    0.00000E+00
         0.26925E-01   -0.93994E-03    0.00000E+00    0.32043E-01
        -0.68359E-03    0.00000E+00    0.35328E-01   -0.35889E-03
         0.00000E+00    0.36458E-01    0.00000E+00

     Iteration Number =  2     Error=  0.3327E+00

         0.00000E+00    0.00000E+00    0.00000E+00    0.37045E-05
         0.30019E-02   -0.89653E-03    0.38562E-05    0.10459E-01
        -0.14343E-02    0.72947E-06    0.20290E-01   -0.16646E-02
        -0.34593E-05    0.30734E-01   -0.16389E-02   -0.63959E-05
         0.40350E-01   -0.14084E-02   -0.66866E-05    0.48019E-01
        -0.10243E-02   -0.42146E-05    0.52940E-01   -0.53774E-03
         0.00000E+00    0.54634E-01    0.00000E+00

     Iteration Number =  3     Error=  0.1421E+00

         0.00000E+00    0.00000E+00    0.00000E+00    0.51784E-05
         0.34997E-02   -0.10452E-02    0.53055E-05    0.12193E-01
        -0.16719E-02    0.83650E-06    0.23652E-01   -0.19403E-02
        -0.50775E-05    0.35825E-01   -0.19102E-02   -0.91786E-05
         0.47032E-01   -0.16414E-02   -0.95241E-05    0.55970E-01
        -0.11937E-02   -0.59773E-05    0.61705E-01   -0.62667E-03
         0.00000E+00    0.63679E-01    0.00000E+00

     Iteration Number =  4     Error=  0.6600E-01

         0.00000E+00    0.00000E+00    0.00000E+00    0.58187E-05
         0.37476E-02   -0.11192E-02    0.59081E-05    0.13056E-01
        -0.17902E-02    0.82502E-06    0.25325E-01   -0.20774E-02
        -0.58569E-05    0.38358E-01   -0.20451E-02   -0.10462E-04
         0.50357E-01   -0.17573E-02   -0.10812E-04    0.59925E-01
        -0.12779E-02   -0.67700E-05    0.66064E-01   -0.67086E-03
         0.00000E+00    0.68178E-01    0.00000E+00

     Iteration Number =  5     Error=  0.3179E-01

         0.00000E+00    0.00000E+00    0.00000E+00    0.61141E-05
         0.38711E-02   -0.11560E-02    0.61784E-05    0.13486E-01
        -0.18490E-02    0.80304E-06    0.26158E-01   -0.21456E-02
        -0.62384E-05    0.39618E-01   -0.21122E-02   -0.11076E-04
         0.52011E-01   -0.18148E-02   -0.11423E-04    0.61892E-01
        -0.13197E-02   -0.71435E-05    0.68233E-01   -0.69283E-03
         0.00000E+00    0.70415E-01    0.00000E+00

     Iteration Number =  6     Error=  0.1557E-01

         0.00000E+00    0.00000E+00    0.00000E+00    0.62554E-05
         0.39326E-02   -0.11744E-02    0.63055E-05    0.13700E-01
        -0.18783E-02    0.78795E-06    0.26573E-01   -0.21795E-02
        -0.64268E-05    0.40246E-01   -0.21455E-02   -0.11376E-04
         0.52833E-01   -0.18435E-02   -0.11719E-04    0.62871E-01
        -0.13406E-02   -0.73241E-05    0.69311E-01   -0.70374E-03
         0.00000E+00    0.71528E-01    0.00000E+00

     Iteration Number =  7     Error=  0.7687E-02

         0.00000E+00    0.00000E+00    0.00000E+00    0.63242E-05
         0.39633E-02   -0.11835E-02    0.63669E-05    0.13806E-01
        -0.18929E-02    0.77934E-06    0.26779E-01   -0.21964E-02
        -0.65202E-05    0.40558E-01   -0.21621E-02   -0.11523E-04
         0.53243E-01   -0.18577E-02   -0.11864E-04    0.63358E-01
        -0.13509E-02   -0.74127E-05    0.69848E-01   -0.70917E-03
         0.00000E+00    0.72082E-01    0.00000E+00

     Iteration Number =  8     Error=  0.3810E-02

         0.00000E+00    0.00000E+00    0.00000E+00    0.63581E-05
         0.39786E-02   -0.11881E-02    0.63969E-05    0.13859E-01
        -0.19002E-02    0.77474E-06    0.26882E-01   -0.22048E-02
        -0.65667E-05    0.40713E-01   -0.21704E-02   -0.11596E-04
         0.53447E-01   -0.18648E-02   -0.11936E-04    0.63600E-01
        -0.13560E-02   -0.74565E-05    0.70115E-01   -0.71186E-03
         0.00000E+00    0.72357E-01    0.00000E+00

     Iteration Number =  9     Error=  0.1892E-02

         0.00000E+00    0.00000E+00    0.00000E+00    0.63749E-05
         0.39862E-02   -0.11904E-02    0.64117E-05    0.13886E-01
        -0.19038E-02    0.77236E-06    0.26933E-01   -0.22090E-02
        -0.65898E-05    0.40791E-01   -0.21745E-02   -0.11632E-04
         0.53548E-01   -0.18683E-02   -0.11972E-04    0.63720E-01
        -0.13586E-02   -0.74782E-05    0.70248E-01   -0.71321E-03
         0.00000E+00    0.72494E-01    0.00000E+00


   STEP NUMBER =  1   SOURCE VALUE =  0.1000E+00

     Number of iterations taken for convergence.. = 10
     The Euclidean norm of the solution error ... =  0.9408E-03
     The CONVERGED solution is:

         0.00000E+00    0.00000E+00    0.00000E+00    0.63832E-05
         0.39899E-02   -0.11915E-02    0.64190E-05    0.13899E-01
        -0.19056E-02    0.77114E-06    0.26959E-01   -0.22111E-02
        -0.66013E-05    0.40829E-01   -0.21765E-02   -0.11650E-04
         0.53599E-01   -0.18701E-02   -0.11990E-04    0.63780E-01
        -0.13599E-02   -0.74890E-05    0.70314E-01   -0.71387E-03
         0.00000E+00    0.72562E-01    0.00000E+00

     Iteration Number =  1     Error=  0.3331E+00

         0.00000E+00    0.00000E+00    0.00000E+00    0.14684E-04
         0.59843E-02   -0.17870E-02    0.15264E-04    0.20845E-01
        -0.28577E-02    0.28496E-05    0.40429E-01   -0.33155E-02
        -0.13759E-04    0.61227E-01   -0.32635E-02   -0.25389E-04
         0.80373E-01   -0.28039E-02   -0.26525E-04    0.95639E-01
        -0.20388E-02   -0.16714E-04    0.10543E+00   -0.10703E-02
         0.00000E+00    0.10881E+00    0.00000E+00

     Iteration Number =  2     Error=  0.1404E+00

         0.00000E+00    0.00000E+00    0.00000E+00    0.20436E-04
         0.69665E-02   -0.20800E-02    0.20886E-04    0.24261E-01
        -0.33252E-02    0.31977E-05    0.47045E-01   -0.38569E-02
        -0.20156E-04    0.71237E-01   -0.37956E-02   -0.36318E-04
         0.93503E-01   -0.32605E-02   -0.37643E-04    0.11125E+00
        -0.23706E-02   -0.23613E-04    0.12264E+00   -0.12444E-02
         0.00000E+00    0.12656E+00    0.00000E+00

     Iteration Number =  3     Error=  0.6435E-01

         0.00000E+00    0.00000E+00    0.00000E+00    0.22864E-04
         0.74502E-02   -0.22242E-02    0.23139E-04    0.25941E-01
        -0.35547E-02    0.30858E-05    0.50295E-01   -0.41222E-02
        -0.23192E-04    0.76148E-01   -0.40559E-02   -0.41255E-04
         0.99939E-01   -0.34837E-02   -0.42574E-04    0.11890E+00
        -0.25327E-02   -0.26639E-04    0.13107E+00   -0.13294E-02
         0.00000E+00    0.13526E+00    0.00000E+00

     Iteration Number =  4     Error=  0.3058E-01

         0.00000E+00    0.00000E+00    0.00000E+00    0.23960E-04
         0.76884E-02   -0.22952E-02    0.24119E-04    0.26767E-01
        -0.36674E-02    0.29594E-05    0.51891E-01   -0.42522E-02
        -0.24660E-04    0.78558E-01   -0.41833E-02   -0.43577E-04
         0.10310E+00   -0.35927E-02   -0.44867E-04    0.12265E+00
        -0.26118E-02   -0.28037E-04    0.13520E+00   -0.13708E-02
         0.00000E+00    0.13952E+00    0.00000E+00

     Iteration Number =  5     Error=  0.1478E-01

         0.00000E+00    0.00000E+00    0.00000E+00    0.24474E-04
         0.78059E-02   -0.23301E-02    0.24569E-04    0.27174E-01
        -0.37228E-02    0.28781E-05    0.52676E-01   -0.43160E-02
        -0.25376E-04    0.79742E-01   -0.42456E-02   -0.44692E-04
         0.10464E+00   -0.36461E-02   -0.45962E-04    0.12449E+00
        -0.26505E-02   -0.28702E-04    0.13723E+00   -0.13911E-02
         0.00000E+00    0.14161E+00    0.00000E+00

     Iteration Number =  6     Error=  0.7198E-02

         0.00000E+00    0.00000E+00    0.00000E+00    0.24721E-04
         0.78638E-02   -0.23474E-02    0.24781E-04    0.27374E-01
        -0.37501E-02    0.28325E-05    0.53062E-01   -0.43473E-02
        -0.25728E-04    0.80323E-01   -0.42762E-02   -0.45235E-04
         0.10540E+00   -0.36722E-02   -0.46492E-04    0.12539E+00
        -0.26694E-02   -0.29024E-04    0.13822E+00   -0.14010E-02
         0.00000E+00    0.14263E+00    0.00000E+00

     Iteration Number =  7     Error=  0.3520E-02

         0.00000E+00    0.00000E+00    0.00000E+00    0.24840E-04
         0.78924E-02   -0.23558E-02    0.24883E-04    0.27472E-01
        -0.37635E-02    0.28082E-05    0.53252E-01   -0.43627E-02
        -0.25901E-04    0.80609E-01   -0.42912E-02   -0.45500E-04
         0.10578E+00   -0.36850E-02   -0.46751E-04    0.12584E+00
        -0.26786E-02   -0.29180E-04    0.13871E+00   -0.14059E-02
         0.00000E+00    0.14313E+00    0.00000E+00

     Iteration Number =  8     Error=  0.1725E-02

         0.00000E+00    0.00000E+00    0.00000E+00    0.24898E-04
         0.79064E-02   -0.23600E-02    0.24932E-04    0.27521E-01
        -0.37700E-02    0.27954E-05    0.53345E-01   -0.43702E-02
        -0.25987E-04    0.80749E-01   -0.42985E-02   -0.45630E-04
         0.10596E+00   -0.36912E-02   -0.46877E-04    0.12605E+00
        -0.26831E-02   -0.29257E-04    0.13894E+00   -0.14082E-02
         0.00000E+00    0.14338E+00    0.00000E+00


   STEP NUMBER =  2   SOURCE VALUE =  0.2000E+00

     Number of iterations taken for convergence.. =  9
     The Euclidean norm of the solution error ... =  0.8459E-03
     The CONVERGED solution is:

         0.00000E+00    0.00000E+00    0.00000E+00    0.24926E-04
         0.79134E-02   -0.23621E-02    0.24956E-04    0.27545E-01
        -0.37733E-02    0.27888E-05    0.53391E-01   -0.43739E-02
        -0.26029E-04    0.80818E-01   -0.43021E-02   -0.45694E-04
         0.10605E+00   -0.36943E-02   -0.46939E-04    0.12616E+00
        -0.26854E-02   -0.29294E-04    0.13906E+00   -0.14094E-02
         0.00000E+00    0.14350E+00    0.00000E+00

     Iteration Number =  1     Error=  0.1986E+00

         0.00000E+00    0.00000E+00    0.00000E+00    0.41001E-04
         0.98801E-02   -0.29489E-02    0.41995E-04    0.34385E-01
        -0.47095E-02    0.66323E-05    0.66641E-01   -0.54581E-02
        -0.40094E-04    0.10086E+00   -0.53678E-02   -0.72460E-04
         0.13235E+00   -0.46089E-02   -0.75181E-04    0.15743E+00
        -0.33500E-02   -0.47196E-04    0.17353E+00   -0.17581E-02
         0.00000E+00    0.17906E+00    0.00000E+00

     Iteration Number =  2     Error=  0.8676E-01

         0.00000E+00    0.00000E+00    0.00000E+00    0.48345E-04
         0.10831E-01   -0.32320E-02    0.48842E-04    0.37681E-01
        -0.51591E-02    0.63780E-05    0.73009E-01   -0.59766E-02
        -0.49144E-04    0.11048E+00   -0.58758E-02   -0.87239E-04
         0.14493E+00   -0.50438E-02   -0.89963E-04    0.17239E+00
        -0.36654E-02   -0.56281E-04    0.18999E+00   -0.19235E-02
         0.00000E+00    0.19605E+00    0.00000E+00

     Iteration Number =  3     Error=  0.3989E-01

         0.00000E+00    0.00000E+00    0.00000E+00    0.51453E-04
         0.11291E-01   -0.33689E-02    0.51578E-04    0.39273E-01
        -0.53753E-02    0.59313E-05    0.76073E-01   -0.62249E-02
        -0.53403E-04    0.11509E+00   -0.61181E-02   -0.93895E-04
         0.15097E+00   -0.52508E-02   -0.96506E-04    0.17954E+00
        -0.38153E-02   -0.60263E-04    0.19787E+00   -0.20020E-02
         0.00000E+00    0.20418E+00    0.00000E+00

     Iteration Number =  4     Error=  0.1877E-01

         0.00000E+00    0.00000E+00    0.00000E+00    0.52847E-04
         0.11515E-01   -0.34352E-02    0.52758E-04    0.40042E-01
        -0.54794E-02    0.56306E-05    0.77551E-01   -0.63440E-02
        -0.55439E-04    0.11731E+00   -0.62340E-02   -0.96998E-04
         0.15386E+00   -0.53495E-02   -0.99525E-04    0.18298E+00
        -0.38867E-02   -0.62089E-04    0.20165E+00   -0.20393E-02
         0.00000E+00    0.20807E+00    0.00000E+00

     Iteration Number =  5     Error=  0.8935E-02

         0.00000E+00    0.00000E+00    0.00000E+00    0.53493E-04
         0.11623E-01   -0.34673E-02    0.53289E-04    0.40414E-01
        -0.55297E-02    0.54593E-05    0.78264E-01   -0.64012E-02
        -0.56422E-04    0.11838E+00   -0.62894E-02   -0.98471E-04
         0.15526E+00   -0.53966E-02   -0.10095E-03    0.18462E+00
        -0.39206E-02   -0.62947E-04    0.20346E+00   -0.20571E-02
         0.00000E+00    0.20993E+00    0.00000E+00

     Iteration Number =  6     Error=  0.4275E-02

         0.00000E+00    0.00000E+00    0.00000E+00    0.53797E-04
         0.11676E-01   -0.34829E-02    0.53534E-04    0.40594E-01
        -0.55539E-02    0.53672E-05    0.78609E-01   -0.64286E-02
        -0.56898E-04    0.11890E+00   -0.63160E-02   -0.99177E-04
         0.15593E+00   -0.54191E-02   -0.10163E-03    0.18542E+00
        -0.39368E-02   -0.63354E-04    0.20433E+00   -0.20655E-02
         0.00000E+00    0.21083E+00    0.00000E+00

     Iteration Number =  7     Error=  0.2051E-02

         0.00000E+00    0.00000E+00    0.00000E+00    0.53942E-04
         0.11701E-01   -0.34905E-02    0.53647E-04    0.40682E-01
        -0.55656E-02    0.53187E-05    0.78775E-01   -0.64418E-02
        -0.57129E-04    0.11915E+00   -0.63287E-02   -0.99516E-04
         0.15625E+00   -0.54298E-02   -0.10195E-03    0.18580E+00
        -0.39445E-02   -0.63549E-04    0.20474E+00   -0.20695E-02
         0.00000E+00    0.21126E+00    0.00000E+00


   STEP NUMBER =  3   SOURCE VALUE =  0.3000E+00

     Number of iterations taken for convergence.. =  8
     The Euclidean norm of the solution error ... =  0.9850E-03
     The CONVERGED solution is:

         0.00000E+00    0.00000E+00    0.00000E+00    0.54010E-04
         0.11714E-01   -0.34942E-02    0.53700E-04    0.40724E-01
        -0.55713E-02    0.52935E-05    0.78856E-01   -0.64482E-02
        -0.57242E-04    0.11927E+00   -0.63348E-02   -0.99679E-04
         0.15640E+00   -0.54349E-02   -0.10211E-03    0.18598E+00
        -0.39482E-02   -0.63642E-04    0.20494E+00   -0.20715E-02
         0.00000E+00    0.21147E+00    0.00000E+00

     Iteration Number =  1     Error=  0.1405E+00

         0.00000E+00    0.00000E+00    0.00000E+00    0.76949E-04
         0.13639E-01   -0.40680E-02    0.77812E-04    0.47407E-01
        -0.64838E-02    0.10369E-04    0.91777E-01   -0.75021E-02
        -0.77770E-04    0.13879E+00   -0.73685E-02   -0.13823E-03
         0.18198E+00   -0.63209E-02   -0.14261E-03    0.21638E+00
        -0.45913E-02   -0.89271E-04    0.23843E+00   -0.24087E-02
         0.00000E+00    0.24601E+00    0.00000E+00

     Iteration Number =  2     Error=  0.6122E-01

         0.00000E+00    0.00000E+00    0.00000E+00    0.85343E-04
         0.14550E-01   -0.43385E-02    0.85253E-04    0.50550E-01
        -0.69104E-02    0.92783E-05    0.97826E-01   -0.79913E-02
        -0.89099E-04    0.14789E+00   -0.78456E-02   -0.15602E-03
         0.19387E+00   -0.67279E-02   -0.16013E-03    0.23048E+00
        -0.48859E-02   -0.99941E-04    0.25394E+00   -0.25629E-02
         0.00000E+00    0.26201E+00    0.00000E+00

     Iteration Number =  3     Error=  0.2772E-01

         0.00000E+00    0.00000E+00    0.00000E+00    0.88829E-04
         0.14983E-01   -0.44666E-02    0.88133E-04    0.52034E-01
        -0.71106E-02    0.83868E-05    0.10067E+00   -0.82191E-02
        -0.94345E-04    0.15215E+00   -0.80664E-02   -0.16390E-03
         0.19942E+00   -0.69154E-02   -0.16774E-03    0.23704E+00
        -0.50212E-02   -0.10454E-03    0.26116E+00   -0.26336E-02
         0.00000E+00    0.26945E+00    0.00000E+00

     Iteration Number =  4     Error=  0.1279E-01

         0.00000E+00    0.00000E+00    0.00000E+00    0.90360E-04
         0.15189E-01   -0.45274E-02    0.89332E-04    0.52737E-01
        -0.72048E-02    0.78595E-05    0.10201E+00   -0.83255E-02
        -0.96815E-04    0.15415E+00   -0.81689E-02   -0.16750E-03
         0.20202E+00   -0.70020E-02   -0.17119E-03    0.24011E+00
        -0.50834E-02   -0.10660E-03    0.26452E+00   -0.26661E-02
         0.00000E+00    0.27292E+00    0.00000E+00

     Iteration Number =  5     Error=  0.5947E-02

         0.00000E+00    0.00000E+00    0.00000E+00    0.91051E-04
         0.15287E-01   -0.45564E-02    0.89849E-04    0.53071E-01
        -0.72492E-02    0.75729E-05    0.10264E+00   -0.83753E-02
        -0.97988E-04    0.15509E+00   -0.82165E-02   -0.16919E-03
         0.20323E+00   -0.70421E-02   -0.17278E-03    0.24154E+00
        -0.51121E-02   -0.10755E-03    0.26609E+00   -0.26810E-02
         0.00000E+00    0.27453E+00    0.00000E+00

     Iteration Number =  6     Error=  0.2778E-02

         0.00000E+00    0.00000E+00    0.00000E+00    0.91368E-04
         0.15334E-01   -0.45702E-02    0.90076E-04    0.53230E-01
        -0.72702E-02    0.74218E-05    0.10294E+00   -0.83986E-02
        -0.98547E-04    0.15553E+00   -0.82387E-02   -0.16997E-03
         0.20381E+00   -0.70606E-02   -0.17352E-03    0.24221E+00
        -0.51254E-02   -0.10799E-03    0.26682E+00   -0.26879E-02
         0.00000E+00    0.27529E+00    0.00000E+00

     Iteration Number =  7     Error=  0.1300E-02

         0.00000E+00    0.00000E+00    0.00000E+00    0.91513E-04
         0.15356E-01   -0.45768E-02    0.90176E-04    0.53305E-01
        -0.72802E-02    0.73432E-05    0.10308E+00   -0.84095E-02
        -0.98815E-04    0.15574E+00   -0.82490E-02   -0.17035E-03
         0.20407E+00   -0.70692E-02   -0.17387E-03    0.24253E+00
        -0.51315E-02   -0.10820E-03    0.26717E+00   -0.26911E-02
         0.00000E+00    0.27564E+00    0.00000E+00


   STEP NUMBER =  4   SOURCE VALUE =  0.4000E+00

     Number of iterations taken for convergence.. =  8
     The Euclidean norm of the solution error ... =  0.6092E-03
     The CONVERGED solution is:

         0.00000E+00    0.00000E+00    0.00000E+00    0.91580E-04
         0.15367E-01   -0.45799E-02    0.90220E-04    0.53341E-01
        -0.72848E-02    0.73026E-05    0.10315E+00   -0.84147E-02
        -0.98944E-04    0.15584E+00   -0.82537E-02   -0.17052E-03
         0.20420E+00   -0.70731E-02   -0.17403E-03    0.24267E+00
        -0.51343E-02   -0.10829E-03    0.26733E+00   -0.26925E-02
         0.00000E+00    0.27581E+00    0.00000E+00

     Iteration Number =  1     Error=  0.1077E+00

         0.00000E+00    0.00000E+00    0.00000E+00    0.12028E-03
         0.17239E-01   -0.51367E-02    0.12006E-03    0.59818E-01
        -0.81666E-02    0.13005E-04    0.11564E+00   -0.94297E-02
        -0.12535E-03    0.17468E+00   -0.92468E-02   -0.21932E-03
         0.22885E+00   -0.79226E-02   -0.22504E-03    0.27195E+00
        -0.57501E-02   -0.14049E-03    0.29956E+00   -0.30152E-02
         0.00000E+00    0.30905E+00    0.00000E+00

     Iteration Number =  2     Error=  0.4613E-01

         0.00000E+00    0.00000E+00    0.00000E+00    0.12919E-03
         0.18103E-01   -0.53928E-02    0.12751E-03    0.62786E-01
        -0.85670E-02    0.10897E-04    0.12133E+00   -0.98856E-02
        -0.13853E-03    0.18321E+00   -0.96889E-02   -0.23923E-03
         0.23996E+00   -0.82982E-02   -0.24433E-03    0.28509E+00
        -0.60211E-02   -0.15214E-03    0.31400E+00   -0.31568E-02
         0.00000E+00    0.32394E+00    0.00000E+00

     Iteration Number =  3     Error=  0.2042E-01

         0.00000E+00    0.00000E+00    0.00000E+00    0.13279E-03
         0.18505E-01   -0.55114E-02    0.13024E-03    0.64155E-01
        -0.87500E-02    0.94915E-05    0.12393E+00   -0.10092E-01
        -0.14452E-03    0.18709E+00   -0.98868E-02   -0.24786E-03
         0.24499E+00   -0.84651E-02   -0.25252E-03    0.29102E+00
        -0.61409E-02   -0.15703E-03    0.32050E+00   -0.32193E-02
         0.00000E+00    0.33064E+00    0.00000E+00

     Iteration Number =  4     Error=  0.9181E-02

         0.00000E+00    0.00000E+00    0.00000E+00    0.13432E-03
         0.18693E-01   -0.55666E-02    0.13131E-03    0.64790E-01
        -0.88340E-02    0.87096E-05    0.12513E+00   -0.10185E-01
        -0.14729E-03    0.18886E+00   -0.99756E-02   -0.25173E-03
         0.24727E+00   -0.85394E-02   -0.25615E-03    0.29371E+00
        -0.61940E-02   -0.15918E-03    0.32344E+00   -0.32469E-02
         0.00000E+00    0.33367E+00    0.00000E+00

     Iteration Number =  5     Error=  0.4159E-02

         0.00000E+00    0.00000E+00    0.00000E+00    0.13499E-03
         0.18782E-01   -0.55924E-02    0.13175E-03    0.65085E-01
        -0.88727E-02    0.82962E-05    0.12568E+00   -0.10227E-01
        -0.14859E-03    0.18967E+00   -0.10016E-01   -0.25349E-03
         0.24832E+00   -0.85726E-02   -0.25778E-03    0.29493E+00
        -0.62176E-02   -0.16014E-03    0.32478E+00   -0.32591E-02
         0.00000E+00    0.33504E+00    0.00000E+00

     Iteration Number =  6     Error=  0.1891E-02

         0.00000E+00    0.00000E+00    0.00000E+00    0.13529E-03
         0.18823E-01   -0.56044E-02    0.13192E-03    0.65223E-01
        -0.88906E-02    0.80817E-05    0.12594E+00   -0.10247E-01
        -0.14920E-03    0.19005E+00   -0.10034E-01   -0.25430E-03
         0.24880E+00   -0.85874E-02   -0.25852E-03    0.29549E+00
        -0.62280E-02   -0.16058E-03    0.32538E+00   -0.32644E-02
         0.00000E+00    0.33566E+00    0.00000E+00


   STEP NUMBER =  5   SOURCE VALUE =  0.5000E+00

     Number of iterations taken for convergence.. =  7
     The Euclidean norm of the solution error ... =  0.8612E-03
     The CONVERGED solution is:

         0.00000E+00    0.00000E+00    0.00000E+00    0.13542E-03
         0.18843E-01   -0.56101E-02    0.13199E-03    0.65287E-01
        -0.88989E-02    0.79715E-05    0.12606E+00   -0.10256E-01
        -0.14948E-03    0.19022E+00   -0.10042E-01   -0.25468E-03
         0.24901E+00   -0.85940E-02   -0.25886E-03    0.29574E+00
        -0.62326E-02   -0.16077E-03    0.32566E+00   -0.32668E-02
         0.00000E+00    0.33595E+00    0.00000E+00

     Iteration Number =  1     Error=  0.8686E-01

         0.00000E+00    0.00000E+00    0.00000E+00    0.16881E-03
         0.20660E-01   -0.61499E-02    0.16626E-03    0.71558E-01
        -0.97494E-02    0.13698E-04    0.13812E+00   -0.11231E-01
        -0.18122E-03    0.20837E+00   -0.10993E-01   -0.31225E-03
         0.27273E+00   -0.94057E-02   -0.31866E-03    0.32386E+00
        -0.68202E-02   -0.19842E-03    0.35660E+00   -0.35744E-02
         0.00000E+00    0.36786E+00    0.00000E+00

     Iteration Number =  2     Error=  0.3636E-01

         0.00000E+00    0.00000E+00    0.00000E+00    0.17786E-03
         0.21481E-01   -0.63921E-02    0.17327E-03    0.74357E-01
        -0.10124E-01    0.10454E-04    0.14345E+00   -0.11654E-01
        -0.19592E-03    0.21633E+00   -0.11401E-01   -0.33361E-03
         0.28306E+00   -0.97506E-02   -0.33902E-03    0.33606E+00
        -0.70682E-02   -0.21060E-03    0.36999E+00   -0.37037E-02
         0.00000E+00    0.38165E+00    0.00000E+00

     Iteration Number =  3     Error=  0.1567E-01

         0.00000E+00    0.00000E+00    0.00000E+00    0.18138E-03
         0.21855E-01   -0.65018E-02    0.17567E-03    0.75619E-01
        -0.10291E-01    0.84984E-05    0.14583E+00   -0.11840E-01
        -0.20247E-03    0.21985E+00   -0.11577E-01   -0.34267E-03
         0.28760E+00   -0.98981E-02   -0.34745E-03    0.34140E+00
        -0.71734E-02   -0.21558E-03    0.37583E+00   -0.37584E-02
         0.00000E+00    0.38766E+00    0.00000E+00

     Iteration Number =  4     Error=  0.6857E-02

         0.00000E+00    0.00000E+00    0.00000E+00    0.18283E-03
         0.22027E-01   -0.65519E-02    0.17653E-03    0.76192E-01
        -0.10366E-01    0.74524E-05    0.14690E+00   -0.11921E-01
        -0.20545E-03    0.22142E+00   -0.11653E-01   -0.34664E-03
         0.28961E+00   -0.99612E-02   -0.35108E-03    0.34375E+00
        -0.72182E-02   -0.21771E-03    0.37839E+00   -0.37815E-02
         0.00000E+00    0.39030E+00    0.00000E+00

     Iteration Number =  5     Error=  0.3020E-02

         0.00000E+00    0.00000E+00    0.00000E+00    0.18344E-03
         0.22106E-01   -0.65749E-02    0.17685E-03    0.76453E-01
        -0.10400E-01    0.69109E-05    0.14739E+00   -0.11957E-01
        -0.20683E-03    0.22212E+00   -0.11687E-01   -0.34840E-03
         0.29050E+00   -0.99883E-02   -0.35267E-03    0.34479E+00
        -0.72372E-02   -0.21863E-03    0.37952E+00   -0.37913E-02
         0.00000E+00    0.39145E+00    0.00000E+00

     Iteration Number =  6     Error=  0.1335E-02

         0.00000E+00    0.00000E+00    0.00000E+00    0.18370E-03
         0.22143E-01   -0.65855E-02    0.17695E-03    0.76573E-01
        -0.10415E-01    0.66341E-05    0.14761E+00   -0.11973E-01
        -0.20746E-03    0.22244E+00   -0.11701E-01   -0.34920E-03
         0.29090E+00   -0.99999E-02   -0.35337E-03    0.34524E+00
        -0.72452E-02   -0.21904E-03    0.38001E+00   -0.37954E-02
         0.00000E+00    0.39196E+00    0.00000E+00


   STEP NUMBER =  6   SOURCE VALUE =  0.6000E+00

     Number of iterations taken for convergence.. =  7
     The Euclidean norm of the solution error ... =  0.5914E-03
     The CONVERGED solution is:

         0.00000E+00    0.00000E+00    0.00000E+00    0.18381E-03
         0.22160E-01   -0.65904E-02    0.17699E-03    0.76628E-01
        -0.10422E-01    0.64935E-05    0.14770E+00   -0.11980E-01
        -0.20776E-03    0.22258E+00   -0.11707E-01   -0.34956E-03
         0.29108E+00   -0.10005E-01   -0.35368E-03    0.34545E+00
        -0.72486E-02   -0.21921E-03    0.38023E+00   -0.37971E-02
         0.00000E+00    0.39219E+00    0.00000E+00

     Iteration Number =  1     Error=  0.7222E-01

         0.00000E+00    0.00000E+00    0.00000E+00    0.22088E-03
         0.23917E-01   -0.71112E-02    0.21449E-03    0.82669E-01
        -0.11238E-01    0.11772E-04    0.15929E+00   -0.12913E-01
        -0.24419E-03    0.23998E+00   -0.12614E-01   -0.41441E-03
         0.31377E+00   -0.10776E-01   -0.42063E-03    0.37232E+00
        -0.78061E-02   -0.26123E-03    0.40978E+00   -0.40887E-02
         0.00000E+00    0.42266E+00    0.00000E+00

     Iteration Number =  2     Error=  0.2945E-01

         0.00000E+00    0.00000E+00    0.00000E+00    0.22973E-03
         0.24693E-01   -0.73394E-02    0.22075E-03    0.85299E-01
        -0.11588E-01    0.73686E-05    0.16428E+00   -0.13304E-01
        -0.26004E-03    0.24738E+00   -0.12988E-01   -0.43661E-03
         0.32334E+00   -0.11091E-01   -0.44141E-03    0.38360E+00
        -0.80316E-02   -0.27355E-03    0.42214E+00   -0.42061E-02
         0.00000E+00    0.43538E+00    0.00000E+00

     Iteration Number =  3     Error=  0.1235E-01

         0.00000E+00    0.00000E+00    0.00000E+00    0.23306E-03
         0.25040E-01   -0.74407E-02    0.22269E-03    0.86458E-01
        -0.11740E-01    0.48786E-05    0.16644E+00   -0.13470E-01
        -0.26698E-03    0.25057E+00   -0.13144E-01   -0.44580E-03
         0.32743E+00   -0.11221E-01   -0.44980E-03    0.38838E+00
        -0.81234E-02   -0.27845E-03    0.42736E+00   -0.42536E-02
         0.00000E+00    0.44075E+00    0.00000E+00

     Iteration Number =  4     Error=  0.5256E-02

         0.00000E+00    0.00000E+00    0.00000E+00    0.23437E-03
         0.25197E-01   -0.74861E-02    0.22330E-03    0.86975E-01
        -0.11806E-01    0.35842E-05    0.16740E+00   -0.13541E-01
        -0.27009E-03    0.25195E+00   -0.13209E-01   -0.44975E-03
         0.32919E+00   -0.11274E-01   -0.45332E-03    0.39042E+00
        -0.81608E-02   -0.28048E-03    0.42958E+00   -0.42728E-02
         0.00000E+00    0.44303E+00    0.00000E+00

     Iteration Number =  5     Error=  0.2251E-02

         0.00000E+00    0.00000E+00    0.00000E+00    0.23490E-03
         0.25268E-01   -0.75067E-02    0.22348E-03    0.87206E-01
        -0.11835E-01    0.29258E-05    0.16782E+00   -0.13572E-01
        -0.27150E-03    0.25256E+00   -0.13237E-01   -0.45147E-03
         0.32994E+00   -0.11296E-01   -0.45482E-03    0.39130E+00
        -0.81759E-02   -0.28134E-03    0.43052E+00   -0.42805E-02
         0.00000E+00    0.44400E+00    0.00000E+00


   STEP NUMBER =  7   SOURCE VALUE =  0.7000E+00

     Number of iterations taken for convergence.. =  6
     The Euclidean norm of the solution error ... =  0.9681E-03
     The CONVERGED solution is:

         0.00000E+00    0.00000E+00    0.00000E+00    0.23512E-03
         0.25301E-01   -0.75160E-02    0.22352E-03    0.87311E-01
        -0.11848E-01    0.25937E-05    0.16800E+00   -0.13585E-01
        -0.27214E-03    0.25282E+00   -0.13248E-01   -0.45222E-03
         0.33027E+00   -0.11305E-01   -0.45547E-03    0.39167E+00
        -0.81820E-02   -0.28171E-03    0.43093E+00   -0.42835E-02
         0.00000E+00    0.44441E+00    0.00000E+00

     Iteration Number =  1     Error=  0.6176E-01

         0.00000E+00    0.00000E+00    0.00000E+00    0.27509E-03
         0.27007E-01   -0.80207E-02    0.26329E-03    0.93155E-01
        -0.12634E-01    0.69746E-05    0.17918E+00   -0.14478E-01
        -0.31288E-03    0.26955E+00   -0.14114E-01   -0.52329E-03
         0.35205E+00   -0.12040E-01   -0.52832E-03    0.41744E+00
        -0.87119E-02   -0.32728E-03    0.45923E+00   -0.45604E-02
         0.00000E+00    0.47359E+00    0.00000E+00

     Iteration Number =  2     Error=  0.2451E-01

         0.00000E+00    0.00000E+00    0.00000E+00    0.28358E-03
         0.27745E-01   -0.82369E-02    0.26862E-03    0.95639E-01
        -0.12962E-01    0.13833E-05    0.18386E+00   -0.14842E-01
        -0.32972E-03    0.27647E+00   -0.14459E-01   -0.54601E-03
         0.36096E+00   -0.12328E-01   -0.54922E-03    0.42790E+00
        -0.89175E-02   -0.33955E-03    0.47068E+00   -0.46670E-02
         0.00000E+00    0.48537E+00    0.00000E+00

     Iteration Number =  3     Error=  0.1001E-01

         0.00000E+00    0.00000E+00    0.00000E+00    0.28664E-03
         0.28070E-01   -0.83312E-02    0.27005E-03    0.96713E-01
        -0.13101E-01   -0.16345E-05    0.18585E+00   -0.14991E-01
        -0.33697E-03    0.27937E+00   -0.14597E-01   -0.55522E-03
         0.36466E+00   -0.12442E-01   -0.55744E-03    0.43221E+00
        -0.89976E-02   -0.34429E-03    0.47536E+00   -0.47083E-02
         0.00000E+00    0.49018E+00    0.00000E+00

     Iteration Number =  4     Error=  0.4142E-02

         0.00000E+00    0.00000E+00    0.00000E+00    0.28781E-03
         0.28215E-01   -0.83728E-02    0.27040E-03    0.97183E-01
        -0.13160E-01   -0.31673E-05    0.18670E+00   -0.15054E-01
        -0.34016E-03    0.28060E+00   -0.14653E-01   -0.55909E-03
         0.36621E+00   -0.12486E-01   -0.56080E-03    0.43399E+00
        -0.90287E-02   -0.34621E-03    0.47729E+00   -0.47242E-02
         0.00000E+00    0.49216E+00    0.00000E+00

     Iteration Number =  5     Error=  0.1727E-02

         0.00000E+00    0.00000E+00    0.00000E+00    0.28825E-03
         0.28280E-01   -0.83913E-02    0.27044E-03    0.97390E-01
        -0.13186E-01   -0.39351E-05    0.18707E+00   -0.15079E-01
        -0.34160E-03    0.28112E+00   -0.14676E-01   -0.56075E-03
         0.36686E+00   -0.12504E-01   -0.56221E-03    0.43474E+00
        -0.90407E-02   -0.34699E-03    0.47809E+00   -0.47303E-02
         0.00000E+00    0.49298E+00    0.00000E+00


   STEP NUMBER =  8   SOURCE VALUE =  0.8000E+00

     Number of iterations taken for convergence.. =  6
     The Euclidean norm of the solution error ... =  0.7235E-03
     The CONVERGED solution is:

         0.00000E+00    0.00000E+00    0.00000E+00    0.28842E-03
         0.28309E-01   -0.83996E-02    0.27041E-03    0.97482E-01
        -0.13197E-01   -0.43176E-05    0.18724E+00   -0.15090E-01
        -0.34224E-03    0.28135E+00   -0.14685E-01   -0.56147E-03
         0.36713E+00   -0.12511E-01   -0.56280E-03    0.43505E+00
        -0.90452E-02   -0.34732E-03    0.47843E+00   -0.47325E-02
         0.00000E+00    0.49332E+00    0.00000E+00

     Iteration Number =  1     Error=  0.5356E-01

         0.00000E+00    0.00000E+00    0.00000E+00    0.33055E-03
         0.29959E-01   -0.88864E-02    0.31164E-03    0.10311E+00
        -0.13951E-01   -0.10547E-05    0.19797E+00   -0.15943E-01
        -0.38668E-03    0.29737E+00   -0.15508E-01   -0.63756E-03
         0.38795E+00   -0.13208E-01   -0.64027E-03    0.45964E+00
        -0.95472E-02   -0.39564E-03    0.50543E+00   -0.49944E-02
         0.00000E+00    0.52115E+00    0.00000E+00

     Iteration Number =  2     Error=  0.2070E-01

         0.00000E+00    0.00000E+00    0.00000E+00    0.33854E-03
         0.30659E-01   -0.90907E-02    0.31595E-03    0.10545E+00
        -0.14258E-01   -0.77385E-05    0.20235E+00   -0.16280E-01
        -0.40421E-03    0.30382E+00   -0.15825E-01   -0.66040E-03
         0.39623E+00   -0.13471E-01   -0.66092E-03    0.46933E+00
        -0.97341E-02   -0.40764E-03    0.51601E+00   -0.50912E-02
         0.00000E+00    0.53203E+00    0.00000E+00

     Iteration Number =  3     Error=  0.8230E-02

         0.00000E+00    0.00000E+00    0.00000E+00    0.34130E-03
         0.30962E-01   -0.91783E-02    0.31686E-03    0.10644E+00
        -0.14384E-01   -0.11220E-04    0.20417E+00   -0.16415E-01
        -0.41164E-03    0.30646E+00   -0.15948E-01   -0.66947E-03
         0.39957E+00   -0.13571E-01   -0.66885E-03    0.47321E+00
        -0.98039E-02   -0.41215E-03    0.52021E+00   -0.51270E-02
         0.00000E+00    0.53635E+00    0.00000E+00

     Iteration Number =  4     Error=  0.3320E-02

         0.00000E+00    0.00000E+00    0.00000E+00    0.34230E-03
         0.31096E-01   -0.92165E-02    0.31695E-03    0.10687E+00
        -0.14437E-01   -0.12955E-04    0.20494E+00   -0.16469E-01
        -0.41487E-03    0.30755E+00   -0.15996E-01   -0.67322E-03
         0.40093E+00   -0.13609E-01   -0.67202E-03    0.47477E+00
        -0.98298E-02   -0.41393E-03    0.52189E+00   -0.51401E-02
         0.00000E+00    0.53807E+00    0.00000E+00

     Iteration Number =  5     Error=  0.1349E-02

         0.00000E+00    0.00000E+00    0.00000E+00    0.34266E-03
         0.31155E-01   -0.92333E-02    0.31686E-03    0.10706E+00
        -0.14460E-01   -0.13812E-04    0.20527E+00   -0.16491E-01
        -0.41630E-03    0.30801E+00   -0.16015E-01   -0.67479E-03
         0.40149E+00   -0.13623E-01   -0.67331E-03    0.47540E+00
        -0.98391E-02   -0.41464E-03    0.52257E+00   -0.51447E-02
         0.00000E+00    0.53876E+00    0.00000E+00


   STEP NUMBER =  9   SOURCE VALUE =  0.9000E+00

     Number of iterations taken for convergence.. =  6
     The Euclidean norm of the solution error ... =  0.5517E-03
     The CONVERGED solution is:

         0.00000E+00    0.00000E+00    0.00000E+00    0.34279E-03
         0.31182E-01   -0.92407E-02    0.31677E-03    0.10714E+00
        -0.14470E-01   -0.14234E-04    0.20541E+00   -0.16500E-01
        -0.41694E-03    0.30820E+00   -0.16022E-01   -0.67546E-03
         0.40172E+00   -0.13629E-01   -0.67384E-03    0.47566E+00
        -0.98424E-02   -0.41493E-03    0.52284E+00   -0.51463E-02
         0.00000E+00    0.53904E+00    0.00000E+00

     Iteration Number =  1     Error=  0.4714E-01

         0.00000E+00    0.00000E+00    0.00000E+00    0.38655E-03
         0.32778E-01   -0.97107E-02    0.35887E-03    0.11257E+00
        -0.15194E-01   -0.12279E-04    0.21572E+00   -0.17315E-01
        -0.46468E-03    0.32356E+00   -0.16807E-01   -0.75572E-03
         0.42164E+00   -0.14291E-01   -0.75502E-03    0.49917E+00
        -0.10318E-01   -0.46541E-03    0.54863E+00   -0.53944E-02
         0.00000E+00    0.56561E+00    0.00000E+00

     Iteration Number =  2     Error=  0.1776E-01

         0.00000E+00    0.00000E+00    0.00000E+00    0.39396E-03
         0.33444E-01   -0.99043E-02    0.36213E-03    0.11478E+00
        -0.15481E-01   -0.19981E-04    0.21983E+00   -0.17628E-01
        -0.48273E-03    0.32959E+00   -0.17098E-01   -0.77849E-03
         0.42934E+00   -0.14532E-01   -0.77525E-03    0.50816E+00
        -0.10489E-01   -0.47704E-03    0.55844E+00   -0.54824E-02
         0.00000E+00    0.57569E+00    0.00000E+00

     Iteration Number =  3     Error=  0.6885E-02

         0.00000E+00    0.00000E+00    0.00000E+00    0.39642E-03
         0.33728E-01   -0.99861E-02    0.36254E-03    0.11570E+00
        -0.15597E-01   -0.23879E-04    0.22151E+00   -0.17749E-01
        -0.49027E-03    0.33200E+00   -0.17208E-01   -0.78736E-03
         0.43238E+00   -0.14620E-01   -0.78284E-03    0.51166E+00
        -0.10550E-01   -0.48131E-03    0.56222E+00   -0.55135E-02
         0.00000E+00    0.57957E+00    0.00000E+00

     Iteration Number =  4     Error=  0.2710E-02

         0.00000E+00    0.00000E+00    0.00000E+00    0.39726E-03
         0.33852E-01   -0.10021E-01    0.36239E-03    0.11609E+00
        -0.15645E-01   -0.25790E-04    0.22221E+00   -0.17797E-01
        -0.49352E-03    0.33297E+00   -0.17249E-01   -0.79097E-03
         0.43358E+00   -0.14652E-01   -0.78581E-03    0.51303E+00
        -0.10571E-01   -0.48295E-03    0.56370E+00   -0.55242E-02
         0.00000E+00    0.58108E+00    0.00000E+00

     Iteration Number =  5     Error=  0.1076E-02

         0.00000E+00    0.00000E+00    0.00000E+00    0.39755E-03
         0.33907E-01   -0.10037E-01    0.36219E-03    0.11626E+00
        -0.15665E-01   -0.26722E-04    0.22250E+00   -0.17816E-01
        -0.49494E-03    0.33337E+00   -0.17265E-01   -0.79246E-03
         0.43407E+00   -0.14663E-01   -0.78700E-03    0.51358E+00
        -0.10578E-01   -0.48359E-03    0.56428E+00   -0.55278E-02
         0.00000E+00    0.58167E+00    0.00000E+00


   STEP NUMBER = 10   SOURCE VALUE =  0.1000E+01

     Number of iterations taken for convergence.. =  6
     The Euclidean norm of the solution error ... =  0.4302E-03
     The CONVERGED solution is:

         0.00000E+00    0.00000E+00    0.00000E+00    0.39764E-03
         0.33932E-01   -0.10043E-01    0.36205E-03    0.11634E+00
        -0.15673E-01   -0.27177E-04    0.22263E+00   -0.17824E-01
        -0.49558E-03    0.33354E+00   -0.17271E-01   -0.79309E-03
         0.43426E+00   -0.14667E-01   -0.78747E-03    0.51379E+00
        -0.10581E-01   -0.48384E-03    0.56450E+00   -0.55289E-02
         0.00000E+00    0.58190E+00    0.00000E+00
