     *** ECHO OF THE INPUT DATA STARTS ***

Example: A 2-D Problem                                                          
    4   2  1  1   1  1  2   NPE,NGPF,NGPR,MESH,NPRNT,IGRAD,NONLIN               
    8   8                        NX, NY                                         
    0.0 0.025  0.025  0.025  0.025  0.025  0.025  0.025  0.025   X0, (DX(I), I=1
    0.0 0.0125 0.0125 0.0125 0.0125 0.0125 0.0125 0.0125 0.0125   Y0, (DY(I), I=
    25                             NSPV and next lines ISPV, VSPV               
    1 1   10 1   19 1   28 1   37 1   46 1   55 1   64 1   73 1                 
    9 1   18 1   27 1   36 1   45 1   54 1   63 1   72 1   81 1                 
    74 1  75 1   76 1   77 1   78 1   79 1   80 1                               
                                                                                
    500.0  500.0  500.0  500.0  500.0  500.0  500.0  500.0  500.0               
    300.0  300.0  300.0  300.0  300.0  300.0  300.0  300.0  300.0               
    475.0  450.0  425.0  400.0  375.0  350.0  325.0                             
                                                                                
    0                                    NSSV                                   
    0.2  0.0  0.0                   A10, A1X, A1Y                               
    0.2  0.0  0.0                   A20, A2X, A2Y                               
    0.0  0.0  0.0                   A00, A0X, A0Y                               
    0                                    ICONV                                  
    0.0  0.0  0.0                   F0,  FX,  FY                                
    4.0E-2  0.0  0.0  4.0E-2  0.0  0.0  A1U,A1UX,A1UY, A2U,A2UX,A2UY            
    1   10    0.001  0.0                NLS, ITMAX, EPS, GAMA                   
    0.0  0.0  0.0  0.0  0.0  0.0  0.0  0.0  0.0  0.0                            
    0.0  0.0  0.0  0.0  0.0  0.0  0.0  0.0  0.0  0.0                            
    0.0  0.0  0.0  0.0  0.0  0.0  0.0  0.0  0.0  0.0                            
    0.0  0.0  0.0  0.0  0.0  0.0  0.0  0.0  0.0  0.0                            
    0.0  0.0  0.0  0.0  0.0  0.0  0.0  0.0  0.0  0.0                            
    0.0  0.0  0.0  0.0  0.0  0.0  0.0  0.0  0.0  0.0                            
    0.0  0.0  0.0  0.0  0.0  0.0  0.0  0.0  0.0  0.0                            
    0.0  0.0  0.0  0.0  0.0  0.0  0.0  0.0  0.0  0.0                            
    0.0                                                GLU(I)                   

     **** ECHO OF THE INPUT DATA ENDS ****

Example: A 2-D Problem                                                          
  ______________________________________________________________________

            OUTPUT FROM PROGRAM  *FEM2DUNSYM*  BY J.N. REDDY
  ______________________________________________________________________


     COEFFICIENTS OF THE DIFFERENTIAL EQUATION:

        Coefficient, A10 ........................=  0.2000E+00
        Coefficient, A1X ........................=  0.0000E+00
        Coefficient, A1Y ........................=  0.0000E+00
        Coefficient, A20 ........................=  0.2000E+00
        Coefficient, A2X ........................=  0.0000E+00
        Coefficient, A2Y ........................=  0.0000E+00
        Coefficient, A00 ........................=  0.0000E+00
        Coefficient, A0X ........................=  0.0000E+00
        Coefficient, A0Y ........................=  0.0000E+00


     CONTINUOUS SOURCE COEFFICIENTS:

        Coefficient, F0  ........................=  0.0000E+00
        Coefficient, FX  ........................=  0.0000E+00
        Coefficient, FY  ........................=  0.0000E+00


     NONLINEAR COEFFICIENTS OF THE EQUATION:

        Coefficient, A1U  .......................=  0.4000E-01
        Coefficient, A1UX .......................=  0.0000E+00
        Coefficient, A1UY .......................=  0.0000E+00
        Coefficient, A2U  .......................=  0.4000E-01
        Coefficient, A2UX .......................=  0.0000E+00
        Coefficient, A2UY .......................=  0.0000E+00


     NONLINEAR ANALYSIS DATA:

        Number of load steps, NLS ...............=   1
        Max. no. of iterations allowed, ITMAX ...=  10
        Type of iter. method used (1: DI; >1 NR).=   2
        Error tolerance, EPS ....................=  0.1000E-02
        Acceleration parameter, GAMA ............=  0.0000E+00


        *** A mesh of QUADRILATERALS is chosen by user ***

     FINITE ELEMENT MESH INFORMATION:

        Element type: 1 = LINEAR; 2=QUADRATIC)...=   1
        Number of nodes per element, NPE ........=   4
        No. of primary deg. of freedom/node, NDF =   1
        Number of elements in the mesh, NEM .....=  64
        Number of nodes in the mesh, NNM ........=  81
        Number of equations to be solved, NEQ ...=  81
        Half bandwidth of the matrix GLK, NHBW ..=  11
        Mesh subdivisions, NX and NY ............=   8   8

        No. of specified PRIMARY variables, NSPV =  25

     Connectivity Matrix, [NOD]

              1    1    2   11   10
              2    2    3   12   11
              3    3    4   13   12
              4    4    5   14   13
              5    5    6   15   14
              6    6    7   16   15
              7    7    8   17   16
              8    8    9   18   17
              9   10   11   20   19
             10   11   12   21   20
             11   12   13   22   21
             12   13   14   23   22
             13   14   15   24   23
             14   15   16   25   24
             15   16   17   26   25
             16   17   18   27   26
             17   19   20   29   28
             18   20   21   30   29
             19   21   22   31   30
             20   22   23   32   31
             21   23   24   33   32
             22   24   25   34   33
             23   25   26   35   34
             24   26   27   36   35
             25   28   29   38   37
             26   29   30   39   38
             27   30   31   40   39
             28   31   32   41   40
             29   32   33   42   41
             30   33   34   43   42
             31   34   35   44   43
             32   35   36   45   44
             33   37   38   47   46
             34   38   39   48   47
             35   39   40   49   48
             36   40   41   50   49
             37   41   42   51   50
             38   42   43   52   51
             39   43   44   53   52
             40   44   45   54   53
             41   46   47   56   55
             42   47   48   57   56
             43   48   49   58   57
             44   49   50   59   58
             45   50   51   60   59
             46   51   52   61   60
             47   52   53   62   61
             48   53   54   63   62
             49   55   56   65   64
             50   56   57   66   65
             51   57   58   67   66
             52   58   59   68   67
             53   59   60   69   68
             54   60   61   70   69
             55   61   62   71   70
             56   62   63   72   71
             57   64   65   74   73
             58   65   66   75   74
             59   66   67   76   75
             60   67   68   77   76
             61   68   69   78   77
             62   69   70   79   78
             63   70   71   80   79
             64   71   72   81   80
  ______________________________________________________________________

     Node   x-coord.   y-coord.    Speci. primary & secondary variables
                                      (0, unspecified; >0, specified)
                                         Primary DOF  Secondary DOF
  ______________________________________________________________________

       1  0.0000E+00  0.0000E+00                1             0
       2  0.2500E-01  0.0000E+00                0             0
       3  0.5000E-01  0.0000E+00                0             0
       4  0.7500E-01  0.0000E+00                0             0
       5  0.1000E+00  0.0000E+00                0             0
       6  0.1250E+00  0.0000E+00                0             0
       7  0.1500E+00  0.0000E+00                0             0
       8  0.1750E+00  0.0000E+00                0             0
       9  0.2000E+00  0.0000E+00                1             0
      10  0.0000E+00  0.1250E-01                1             0
      11  0.2500E-01  0.1250E-01                0             0
      12  0.5000E-01  0.1250E-01                0             0
      13  0.7500E-01  0.1250E-01                0             0
      14  0.1000E+00  0.1250E-01                0             0
      15  0.1250E+00  0.1250E-01                0             0
      16  0.1500E+00  0.1250E-01                0             0
      17  0.1750E+00  0.1250E-01                0             0
      18  0.2000E+00  0.1250E-01                1             0
      19  0.0000E+00  0.2500E-01                1             0
      20  0.2500E-01  0.2500E-01                0             0
      21  0.5000E-01  0.2500E-01                0             0
      22  0.7500E-01  0.2500E-01                0             0
      23  0.1000E+00  0.2500E-01                0             0
      24  0.1250E+00  0.2500E-01                0             0
      25  0.1500E+00  0.2500E-01                0             0
      26  0.1750E+00  0.2500E-01                0             0
      27  0.2000E+00  0.2500E-01                1             0
      28  0.0000E+00  0.3750E-01                1             0
      29  0.2500E-01  0.3750E-01                0             0
      30  0.5000E-01  0.3750E-01                0             0
      31  0.7500E-01  0.3750E-01                0             0
      32  0.1000E+00  0.3750E-01                0             0
      33  0.1250E+00  0.3750E-01                0             0
      34  0.1500E+00  0.3750E-01                0             0
      35  0.1750E+00  0.3750E-01                0             0
      36  0.2000E+00  0.3750E-01                1             0
      37  0.0000E+00  0.5000E-01                1             0
      38  0.2500E-01  0.5000E-01                0             0
      39  0.5000E-01  0.5000E-01                0             0
      40  0.7500E-01  0.5000E-01                0             0
      41  0.1000E+00  0.5000E-01                0             0
      42  0.1250E+00  0.5000E-01                0             0
      43  0.1500E+00  0.5000E-01                0             0
      44  0.1750E+00  0.5000E-01                0             0
      45  0.2000E+00  0.5000E-01                1             0
      46  0.0000E+00  0.6250E-01                1             0
      47  0.2500E-01  0.6250E-01                0             0
      48  0.5000E-01  0.6250E-01                0             0
      49  0.7500E-01  0.6250E-01                0             0
      50  0.1000E+00  0.6250E-01                0             0
      51  0.1250E+00  0.6250E-01                0             0
      52  0.1500E+00  0.6250E-01                0             0
      53  0.1750E+00  0.6250E-01                0             0
      54  0.2000E+00  0.6250E-01                1             0
      55  0.0000E+00  0.7500E-01                1             0
      56  0.2500E-01  0.7500E-01                0             0
      57  0.5000E-01  0.7500E-01                0             0
      58  0.7500E-01  0.7500E-01                0             0
      59  0.1000E+00  0.7500E-01                0             0
      60  0.1250E+00  0.7500E-01                0             0
      61  0.1500E+00  0.7500E-01                0             0
      62  0.1750E+00  0.7500E-01                0             0
      63  0.2000E+00  0.7500E-01                1             0
      64  0.0000E+00  0.8750E-01                1             0
      65  0.2500E-01  0.8750E-01                0             0
      66  0.5000E-01  0.8750E-01                0             0
      67  0.7500E-01  0.8750E-01                0             0
      68  0.1000E+00  0.8750E-01                0             0
      69  0.1250E+00  0.8750E-01                0             0
      70  0.1500E+00  0.8750E-01                0             0
      71  0.1750E+00  0.8750E-01                0             0
      72  0.2000E+00  0.8750E-01                1             0
      73  0.0000E+00  0.1000E+00                1             0
      74  0.2500E-01  0.1000E+00                1             0
      75  0.5000E-01  0.1000E+00                1             0
      76  0.7500E-01  0.1000E+00                1             0
      77  0.1000E+00  0.1000E+00                1             0
      78  0.1250E+00  0.1000E+00                1             0
      79  0.1500E+00  0.1000E+00                1             0
      80  0.1750E+00  0.1000E+00                1             0
      81  0.2000E+00  0.1000E+00                1             0
  ______________________________________________________________________


     NUMERICAL INTEGRATION DATA (Gauss Points):

        Full quadrature (NGPF x NGPF) rule, NGPF =   2
        Reduced quadrature (NGPR x NGPR),   NGPR =   1


        *** The NEWTON iteration scheme is used ***

     Element coefficient matrix: 

           0.16667E+00   0.33333E-01  -0.83333E-01  -0.11667E+00
           0.33333E-01   0.16667E+00  -0.11667E+00  -0.83333E-01
          -0.83333E-01  -0.11667E+00   0.16667E+00   0.33333E-01
          -0.11667E+00  -0.83333E-01   0.33333E-01   0.16667E+00

     Element source vector:

           0.00000E+00   0.00000E+00   0.00000E+00   0.00000E+00

     LINEAR SOLUTION at the first iteration:

  __________________________________________________

     Node    x-coord.      y-coord.     SOLUTION  
  __________________________________________________

       1   0.00000E+00   0.00000E+00   0.50000E+03
       2   0.25000E-01   0.00000E+00   0.47500E+03
       3   0.50000E-01   0.00000E+00   0.45000E+03
       4   0.75000E-01   0.00000E+00   0.42500E+03
       5   0.10000E+00   0.00000E+00   0.40000E+03
       6   0.12500E+00   0.00000E+00   0.37500E+03
       7   0.15000E+00   0.00000E+00   0.35000E+03
       8   0.17500E+00   0.00000E+00   0.32500E+03
       9   0.20000E+00   0.00000E+00   0.30000E+03
      10   0.00000E+00   0.12500E-01   0.50000E+03
      11   0.25000E-01   0.12500E-01   0.47500E+03
      12   0.50000E-01   0.12500E-01   0.45000E+03
      13   0.75000E-01   0.12500E-01   0.42500E+03
      14   0.10000E+00   0.12500E-01   0.40000E+03
      15   0.12500E+00   0.12500E-01   0.37500E+03
      16   0.15000E+00   0.12500E-01   0.35000E+03
      17   0.17500E+00   0.12500E-01   0.32500E+03
      18   0.20000E+00   0.12500E-01   0.30000E+03
      19   0.00000E+00   0.25000E-01   0.50000E+03
      20   0.25000E-01   0.25000E-01   0.47500E+03
      21   0.50000E-01   0.25000E-01   0.45000E+03
      22   0.75000E-01   0.25000E-01   0.42500E+03
      23   0.10000E+00   0.25000E-01   0.40000E+03
      24   0.12500E+00   0.25000E-01   0.37500E+03
      25   0.15000E+00   0.25000E-01   0.35000E+03
      26   0.17500E+00   0.25000E-01   0.32500E+03
      27   0.20000E+00   0.25000E-01   0.30000E+03
      28   0.00000E+00   0.37500E-01   0.50000E+03
      29   0.25000E-01   0.37500E-01   0.47500E+03
      30   0.50000E-01   0.37500E-01   0.45000E+03
      31   0.75000E-01   0.37500E-01   0.42500E+03
      32   0.10000E+00   0.37500E-01   0.40000E+03
      33   0.12500E+00   0.37500E-01   0.37500E+03
      34   0.15000E+00   0.37500E-01   0.35000E+03
      35   0.17500E+00   0.37500E-01   0.32500E+03
      36   0.20000E+00   0.37500E-01   0.30000E+03
      37   0.00000E+00   0.50000E-01   0.50000E+03
      38   0.25000E-01   0.50000E-01   0.47500E+03
      39   0.50000E-01   0.50000E-01   0.45000E+03
      40   0.75000E-01   0.50000E-01   0.42500E+03
      41   0.10000E+00   0.50000E-01   0.40000E+03
      42   0.12500E+00   0.50000E-01   0.37500E+03
      43   0.15000E+00   0.50000E-01   0.35000E+03
      44   0.17500E+00   0.50000E-01   0.32500E+03
      45   0.20000E+00   0.50000E-01   0.30000E+03
      46   0.00000E+00   0.62500E-01   0.50000E+03
      47   0.25000E-01   0.62500E-01   0.47500E+03
      48   0.50000E-01   0.62500E-01   0.45000E+03
      49   0.75000E-01   0.62500E-01   0.42500E+03
      50   0.10000E+00   0.62500E-01   0.40000E+03
      51   0.12500E+00   0.62500E-01   0.37500E+03
      52   0.15000E+00   0.62500E-01   0.35000E+03
      53   0.17500E+00   0.62500E-01   0.32500E+03
      54   0.20000E+00   0.62500E-01   0.30000E+03
      55   0.00000E+00   0.75000E-01   0.50000E+03
      56   0.25000E-01   0.75000E-01   0.47500E+03
      57   0.50000E-01   0.75000E-01   0.45000E+03
      58   0.75000E-01   0.75000E-01   0.42500E+03
      59   0.10000E+00   0.75000E-01   0.40000E+03
      60   0.12500E+00   0.75000E-01   0.37500E+03
      61   0.15000E+00   0.75000E-01   0.35000E+03
      62   0.17500E+00   0.75000E-01   0.32500E+03
      63   0.20000E+00   0.75000E-01   0.30000E+03
      64   0.00000E+00   0.87500E-01   0.50000E+03
      65   0.25000E-01   0.87500E-01   0.47500E+03
      66   0.50000E-01   0.87500E-01   0.45000E+03
      67   0.75000E-01   0.87500E-01   0.42500E+03
      68   0.10000E+00   0.87500E-01   0.40000E+03
      69   0.12500E+00   0.87500E-01   0.37500E+03
      70   0.15000E+00   0.87500E-01   0.35000E+03
      71   0.17500E+00   0.87500E-01   0.32500E+03
      72   0.20000E+00   0.87500E-01   0.30000E+03
      73   0.00000E+00   0.10000E+00   0.50000E+03
      74   0.25000E-01   0.10000E+00   0.47500E+03
      75   0.50000E-01   0.10000E+00   0.45000E+03
      76   0.75000E-01   0.10000E+00   0.42500E+03
      77   0.10000E+00   0.10000E+00   0.40000E+03
      78   0.12500E+00   0.10000E+00   0.37500E+03
      79   0.15000E+00   0.10000E+00   0.35000E+03
      80   0.17500E+00   0.10000E+00   0.32500E+03
      81   0.20000E+00   0.10000E+00   0.30000E+03
  __________________________________________________


     Iteration No.  1     Error (root-mean-square value)=  0.1000E+01

     Element coefficient matrix: 

           0.16667E+02   0.33667E+01  -0.81667E+01  -0.11617E+02
           0.32000E+01   0.16167E+02  -0.11367E+02  -0.82500E+01
          -0.82500E+01  -0.11367E+02   0.16167E+02   0.32000E+01
          -0.11617E+02  -0.81667E+01   0.33667E+01   0.16667E+02

     Element source vector:

          -0.12313E+03   0.12312E+03   0.12313E+03  -0.12312E+03

     Iteration No.  2     Error (root-mean-square value)=  0.9564E-02

     Element coefficient matrix: 

           0.16686E+02   0.33667E+01  -0.81957E+01  -0.11636E+02
           0.32195E+01   0.16245E+02  -0.11415E+02  -0.82693E+01
          -0.82695E+01  -0.11416E+02   0.16244E+02   0.32193E+01
          -0.11636E+02  -0.81959E+01   0.33666E+01   0.16686E+02

     Element source vector:

          -0.10929E+03   0.10865E+03   0.10956E+03  -0.10891E+03

     Iteration No.  3     Error (root-mean-square value)=  0.6979E-04

     S O L U T I O N :

  __________________________________________________

     Node    x-coord.      y-coord.     SOLUTION  
  __________________________________________________

       1   0.00000E+00   0.00000E+00   0.50000E+03
       2   0.25000E-01   0.00000E+00   0.47792E+03
       3   0.50000E-01   0.00000E+00   0.45505E+03
       4   0.75000E-01   0.00000E+00   0.43148E+03
       5   0.10000E+00   0.00000E+00   0.40727E+03
       6   0.12500E+00   0.00000E+00   0.38233E+03
       7   0.15000E+00   0.00000E+00   0.35646E+03
       8   0.17500E+00   0.00000E+00   0.32924E+03
       9   0.20000E+00   0.00000E+00   0.30000E+03
      10   0.00000E+00   0.12500E-01   0.50000E+03
      11   0.25000E-01   0.12500E-01   0.47789E+03
      12   0.50000E-01   0.12500E-01   0.45499E+03
      13   0.75000E-01   0.12500E-01   0.43140E+03
      14   0.10000E+00   0.12500E-01   0.40717E+03
      15   0.12500E+00   0.12500E-01   0.38223E+03
      16   0.15000E+00   0.12500E-01   0.35638E+03
      17   0.17500E+00   0.12500E-01   0.32920E+03
      18   0.20000E+00   0.12500E-01   0.30000E+03
      19   0.00000E+00   0.25000E-01   0.50000E+03
      20   0.25000E-01   0.25000E-01   0.47779E+03
      21   0.50000E-01   0.25000E-01   0.45480E+03
      22   0.75000E-01   0.25000E-01   0.43114E+03
      23   0.10000E+00   0.25000E-01   0.40688E+03
      24   0.12500E+00   0.25000E-01   0.38194E+03
      25   0.15000E+00   0.25000E-01   0.35614E+03
      26   0.17500E+00   0.25000E-01   0.32905E+03
      27   0.20000E+00   0.25000E-01   0.30000E+03
      28   0.00000E+00   0.37500E-01   0.50000E+03
      29   0.25000E-01   0.37500E-01   0.47762E+03
      30   0.50000E-01   0.37500E-01   0.45447E+03
      31   0.75000E-01   0.37500E-01   0.43071E+03
      32   0.10000E+00   0.37500E-01   0.40638E+03
      33   0.12500E+00   0.37500E-01   0.38145E+03
      34   0.15000E+00   0.37500E-01   0.35572E+03
      35   0.17500E+00   0.37500E-01   0.32880E+03
      36   0.20000E+00   0.37500E-01   0.30000E+03
      37   0.00000E+00   0.50000E-01   0.50000E+03
      38   0.25000E-01   0.50000E-01   0.47736E+03
      39   0.50000E-01   0.50000E-01   0.45400E+03
      40   0.75000E-01   0.50000E-01   0.43007E+03
      41   0.10000E+00   0.50000E-01   0.40567E+03
      42   0.12500E+00   0.50000E-01   0.38074E+03
      43   0.15000E+00   0.50000E-01   0.35512E+03
      44   0.17500E+00   0.50000E-01   0.32844E+03
      45   0.20000E+00   0.50000E-01   0.30000E+03
      46   0.00000E+00   0.62500E-01   0.50000E+03
      47   0.25000E-01   0.62500E-01   0.47701E+03
      48   0.50000E-01   0.62500E-01   0.45335E+03
      49   0.75000E-01   0.62500E-01   0.42922E+03
      50   0.10000E+00   0.62500E-01   0.40470E+03
      51   0.12500E+00   0.62500E-01   0.37977E+03
      52   0.15000E+00   0.62500E-01   0.35429E+03
      53   0.17500E+00   0.62500E-01   0.32793E+03
      54   0.20000E+00   0.62500E-01   0.30000E+03
      55   0.00000E+00   0.75000E-01   0.50000E+03
      56   0.25000E-01   0.75000E-01   0.47654E+03
      57   0.50000E-01   0.75000E-01   0.45249E+03
      58   0.75000E-01   0.75000E-01   0.42811E+03
      59   0.10000E+00   0.75000E-01   0.40346E+03
      60   0.12500E+00   0.75000E-01   0.37852E+03
      61   0.15000E+00   0.75000E-01   0.35320E+03
      62   0.17500E+00   0.75000E-01   0.32724E+03
      63   0.20000E+00   0.75000E-01   0.30000E+03
      64   0.00000E+00   0.87500E-01   0.50000E+03
      65   0.25000E-01   0.87500E-01   0.47590E+03
      66   0.50000E-01   0.87500E-01   0.45139E+03
      67   0.75000E-01   0.87500E-01   0.42672E+03
      68   0.10000E+00   0.87500E-01   0.40191E+03
      69   0.12500E+00   0.87500E-01   0.37695E+03
      70   0.15000E+00   0.87500E-01   0.35179E+03
      71   0.17500E+00   0.87500E-01   0.32631E+03
      72   0.20000E+00   0.87500E-01   0.30000E+03
      73   0.00000E+00   0.10000E+00   0.50000E+03
      74   0.25000E-01   0.10000E+00   0.47500E+03
      75   0.50000E-01   0.10000E+00   0.45000E+03
      76   0.75000E-01   0.10000E+00   0.42500E+03
      77   0.10000E+00   0.10000E+00   0.40000E+03
      78   0.12500E+00   0.10000E+00   0.37500E+03
      79   0.15000E+00   0.10000E+00   0.35000E+03
      80   0.17500E+00   0.10000E+00   0.32500E+03
      81   0.20000E+00   0.10000E+00   0.30000E+03
  __________________________________________________

  _____________________________________________________________________________

    The orientation of  gradient vector is measured from the positive x-axis

    x-coord.     y-coord.   -a11(du/dx)  -a22(du/dy)   Flux Mgntd  Orientation
  _____________________________________________________________________________

   0.1250E-01   0.6250E-02   0.1746E+05   0.2578E+02   0.1746E+05      0.08
   0.3750E-01   0.6250E-02   0.1727E+05   0.7150E+02   0.1727E+05      0.24
   0.6250E-01   0.6250E-02   0.1691E+05   0.1049E+03   0.1691E+05      0.36
   0.8750E-01   0.6250E-02   0.1645E+05   0.1221E+03   0.1645E+05      0.43
   0.1125E+00   0.6250E-02   0.1595E+05   0.1219E+03   0.1595E+05      0.44
   0.1375E+00   0.6250E-02   0.1549E+05   0.1042E+03   0.1549E+05      0.39
   0.1625E+00   0.6250E-02   0.1514E+05   0.7024E+02   0.1514E+05      0.27
   0.1875E+00   0.6250E-02   0.1494E+05   0.2408E+02   0.1494E+05      0.09
   0.1250E-01   0.1875E-01   0.1751E+05   0.7866E+02   0.1751E+05      0.26
   0.3750E-01   0.1875E-01   0.1731E+05   0.2178E+03   0.1731E+05      0.72
   0.6250E-01   0.1875E-01   0.1693E+05   0.3189E+03   0.1694E+05      1.08
   0.8750E-01   0.1875E-01   0.1645E+05   0.3707E+03   0.1646E+05      1.29
   0.1125E+00   0.1875E-01   0.1594E+05   0.3700E+03   0.1595E+05      1.33
   0.1375E+00   0.1875E-01   0.1547E+05   0.3167E+03   0.1547E+05      1.17
   0.1625E+00   0.1875E-01   0.1509E+05   0.2140E+03   0.1510E+05      0.81
   0.1875E+00   0.1875E-01   0.1489E+05   0.7348E+02   0.1489E+05      0.28
   0.1250E-01   0.3125E-01   0.1762E+05   0.1356E+03   0.1762E+05      0.44
   0.3750E-01   0.3125E-01   0.1739E+05   0.3743E+03   0.1739E+05      1.23
   0.6250E-01   0.3125E-01   0.1699E+05   0.5456E+03   0.1699E+05      1.84
   0.8750E-01   0.3125E-01   0.1647E+05   0.6324E+03   0.1648E+05      2.20
   0.1125E+00   0.3125E-01   0.1592E+05   0.6313E+03   0.1594E+05      2.27
   0.1375E+00   0.3125E-01   0.1541E+05   0.5421E+03   0.1542E+05      2.01
   0.1625E+00   0.3125E-01   0.1501E+05   0.3679E+03   0.1501E+05      1.40
   0.1875E+00   0.3125E-01   0.1479E+05   0.1268E+03   0.1479E+05      0.49
   0.1250E-01   0.4375E-01   0.1778E+05   0.2001E+03   0.1778E+05      0.64
   0.3750E-01   0.4375E-01   0.1752E+05   0.5489E+03   0.1753E+05      1.79
   0.6250E-01   0.4375E-01   0.1706E+05   0.7942E+03   0.1708E+05      2.66
   0.8750E-01   0.4375E-01   0.1650E+05   0.9160E+03   0.1652E+05      3.18
   0.1125E+00   0.4375E-01   0.1590E+05   0.9146E+03   0.1592E+05      3.29
   0.1375E+00   0.4375E-01   0.1533E+05   0.7894E+03   0.1535E+05      2.95
   0.1625E+00   0.4375E-01   0.1488E+05   0.5399E+03   0.1489E+05      2.08
   0.1875E+00   0.4375E-01   0.1462E+05   0.1871E+03   0.1462E+05      0.73
   0.1250E-01   0.5625E-01   0.1802E+05   0.2770E+03   0.1802E+05      0.88
   0.3750E-01   0.5625E-01   0.1770E+05   0.7520E+03   0.1772E+05      2.43
   0.6250E-01   0.5625E-01   0.1717E+05   0.1075E+04   0.1720E+05      3.58
   0.8750E-01   0.5625E-01   0.1653E+05   0.1230E+04   0.1658E+05      4.26
   0.1125E+00   0.5625E-01   0.1586E+05   0.1228E+04   0.1591E+05      4.43
   0.1375E+00   0.5625E-01   0.1523E+05   0.1069E+04   0.1527E+05      4.01
   0.1625E+00   0.5625E-01   0.1470E+05   0.7403E+03   0.1472E+05      2.88
   0.1875E+00   0.5625E-01   0.1439E+05   0.2593E+03   0.1439E+05      1.03
   0.1250E-01   0.6875E-01   0.1833E+05   0.3741E+03   0.1834E+05      1.17
   0.3750E-01   0.6875E-01   0.1793E+05   0.9977E+03   0.1796E+05      3.18
   0.6250E-01   0.6875E-01   0.1730E+05   0.1398E+04   0.1736E+05      4.62
   0.8750E-01   0.6875E-01   0.1657E+05   0.1583E+04   0.1665E+05      5.45
   0.1125E+00   0.6875E-01   0.1582E+05   0.1581E+04   0.1590E+05      5.70
   0.1375E+00   0.6875E-01   0.1510E+05   0.1391E+04   0.1516E+05      5.26
   0.1625E+00   0.6875E-01   0.1447E+05   0.9835E+03   0.1450E+05      3.89
   0.1875E+00   0.6875E-01   0.1407E+05   0.3505E+03   0.1408E+05      1.43
   0.1250E-01   0.8125E-01   0.1876E+05   0.5063E+03   0.1877E+05      1.55
   0.3750E-01   0.8125E-01   0.1822E+05   0.1308E+04   0.1827E+05      4.11
   0.6250E-01   0.8125E-01   0.1745E+05   0.1774E+04   0.1754E+05      5.80
   0.8750E-01   0.8125E-01   0.1662E+05   0.1980E+04   0.1674E+05      6.79
   0.1125E+00   0.8125E-01   0.1578E+05   0.1978E+04   0.1590E+05      7.15
   0.1375E+00   0.8125E-01   0.1495E+05   0.1767E+04   0.1505E+05      6.74
   0.1625E+00   0.8125E-01   0.1418E+05   0.1292E+04   0.1424E+05      5.20
   0.1875E+00   0.8125E-01   0.1364E+05   0.4753E+03   0.1365E+05      2.00
   0.1250E-01   0.9375E-01   0.1936E+05   0.7073E+03   0.1937E+05      2.09
   0.3750E-01   0.9375E-01   0.1854E+05   0.1716E+04   0.1862E+05      5.29
   0.6250E-01   0.9375E-01   0.1762E+05   0.2208E+04   0.1775E+05      7.15
   0.8750E-01   0.9375E-01   0.1667E+05   0.2428E+04   0.1685E+05      8.28
   0.1125E+00   0.9375E-01   0.1573E+05   0.2426E+04   0.1591E+05      8.77
   0.1375E+00   0.9375E-01   0.1478E+05   0.2201E+04   0.1495E+05      8.47
   0.1625E+00   0.9375E-01   0.1386E+05   0.1701E+04   0.1397E+05      6.99
   0.1875E+00   0.9375E-01   0.1305E+05   0.6658E+03   0.1306E+05      2.92
  _____________________________________________________________________________

