     *** ECHO OF THE INPUT DATA STARTS ***

Example: A 2-D Problem                                                          
    9   3  2  1   1  1  2   NPE,NGPF,NGPR,MESH,NPRNT,IGRAD,NONLIN               
    4   4                        NX, NY                                         
    0.0  0.05   0.05   0.05   0.05        X0, (DX(I), I=1,NX)                   
    0.0  0.025  0.025  0.025  0.025       Y0, (DY(I), I=1,NY)                   
    25                             NSPV and next lines ISPV, VSPV               
    1 1   10 1   19 1   28 1   37 1   46 1   55 1   64 1   73 1                 
    9 1   18 1   27 1   36 1   45 1   54 1   63 1   72 1   81 1                 
    74 1  75 1   76 1   77 1   78 1   79 1   80 1                               
                                                                                
    500.0  500.0  500.0  500.0  500.0  500.0  500.0  500.0  500.0               
    300.0  300.0  300.0  300.0  300.0  300.0  300.0  300.0  300.0               
    475.0  450.0  425.0  400.0  375.0  350.0  325.0                             
                                                                                
    0                                    NSSV                                   
    0.2  0.0  0.0                   A10, A1X, A1Y                               
    0.2  0.0  0.0                   A20, A2X, A2Y                               
    0.0  0.0  0.0                   A00, A0X, A0Y                               
    0                                    ICONV                                  
    0.0  0.0  0.0                   F0,  FX,  FY                                
    4.0E-2  0.0  0.0  4.0E-2  0.0  0.0  A1U,A1UX,A1UY, A2U,A2UX,A2UY            
    1   10    0.001  0.0                NLS, ITMAX, EPS, GAMA                   
    0.0  0.0  0.0  0.0  0.0  0.0  0.0  0.0  0.0  0.0                            
    0.0  0.0  0.0  0.0  0.0  0.0  0.0  0.0  0.0  0.0                            
    0.0  0.0  0.0  0.0  0.0  0.0  0.0  0.0  0.0  0.0                            
    0.0  0.0  0.0  0.0  0.0  0.0  0.0  0.0  0.0  0.0                            
    0.0  0.0  0.0  0.0  0.0  0.0  0.0  0.0  0.0  0.0                            
    0.0  0.0  0.0  0.0  0.0  0.0  0.0  0.0  0.0  0.0                            
    0.0  0.0  0.0  0.0  0.0  0.0  0.0  0.0  0.0  0.0                            
    0.0  0.0  0.0  0.0  0.0  0.0  0.0  0.0  0.0  0.0                            
    0.0                                                GLU(I)                   

     **** ECHO OF THE INPUT DATA ENDS ****

Example: A 2-D Problem                                                          
  ______________________________________________________________________

            OUTPUT FROM PROGRAM  *FEM2DUNSYM*  BY J.N. REDDY
  ______________________________________________________________________


     COEFFICIENTS OF THE DIFFERENTIAL EQUATION:

        Coefficient, A10 ........................=  0.2000E+00
        Coefficient, A1X ........................=  0.0000E+00
        Coefficient, A1Y ........................=  0.0000E+00
        Coefficient, A20 ........................=  0.2000E+00
        Coefficient, A2X ........................=  0.0000E+00
        Coefficient, A2Y ........................=  0.0000E+00
        Coefficient, A00 ........................=  0.0000E+00
        Coefficient, A0X ........................=  0.0000E+00
        Coefficient, A0Y ........................=  0.0000E+00


     CONTINUOUS SOURCE COEFFICIENTS:

        Coefficient, F0  ........................=  0.0000E+00
        Coefficient, FX  ........................=  0.0000E+00
        Coefficient, FY  ........................=  0.0000E+00


     NONLINEAR COEFFICIENTS OF THE EQUATION:

        Coefficient, A1U  .......................=  0.4000E-01
        Coefficient, A1UX .......................=  0.0000E+00
        Coefficient, A1UY .......................=  0.0000E+00
        Coefficient, A2U  .......................=  0.4000E-01
        Coefficient, A2UX .......................=  0.0000E+00
        Coefficient, A2UY .......................=  0.0000E+00


     NONLINEAR ANALYSIS DATA:

        Number of load steps, NLS ...............=   1
        Max. no. of iterations allowed, ITMAX ...=  10
        Type of iter. method used (1: DI; >1 NR).=   2
        Error tolerance, EPS ....................=  0.1000E-02
        Acceleration parameter, GAMA ............=  0.0000E+00


        *** A mesh of QUADRILATERALS is chosen by user ***

     FINITE ELEMENT MESH INFORMATION:

        Element type: 1 = LINEAR; 2=QUADRATIC)...=   2
        Number of nodes per element, NPE ........=   9
        No. of primary deg. of freedom/node, NDF =   1
        Number of elements in the mesh, NEM .....=  16
        Number of nodes in the mesh, NNM ........=  81
        Number of equations to be solved, NEQ ...=  81
        Half bandwidth of the matrix GLK, NHBW ..=  21
        Mesh subdivisions, NX and NY ............=   4   4

        No. of specified PRIMARY variables, NSPV =  25

     Connectivity Matrix, [NOD]

              1    1    3   21   19    2   12   20   10   11
              2    3    5   23   21    4   14   22   12   13
              3    5    7   25   23    6   16   24   14   15
              4    7    9   27   25    8   18   26   16   17
              5   19   21   39   37   20   30   38   28   29
              6   21   23   41   39   22   32   40   30   31
              7   23   25   43   41   24   34   42   32   33
              8   25   27   45   43   26   36   44   34   35
              9   37   39   57   55   38   48   56   46   47
             10   39   41   59   57   40   50   58   48   49
             11   41   43   61   59   42   52   60   50   51
             12   43   45   63   61   44   54   62   52   53
             13   55   57   75   73   56   66   74   64   65
             14   57   59   77   75   58   68   76   66   67
             15   59   61   79   77   60   70   78   68   69
             16   61   63   81   79   62   72   80   70   71
  ______________________________________________________________________

     Node   x-coord.   y-coord.    Speci. primary & secondary variables
                                      (0, unspecified; >0, specified)
                                         Primary DOF  Secondary DOF
  ______________________________________________________________________

       1  0.0000E+00  0.0000E+00                1             0
       2  0.2500E-01  0.0000E+00                0             0
       3  0.5000E-01  0.0000E+00                0             0
       4  0.7500E-01  0.0000E+00                0             0
       5  0.1000E+00  0.0000E+00                0             0
       6  0.1250E+00  0.0000E+00                0             0
       7  0.1500E+00  0.0000E+00                0             0
       8  0.1750E+00  0.0000E+00                0             0
       9  0.2000E+00  0.0000E+00                1             0
      10  0.0000E+00  0.1250E-01                1             0
      11  0.2500E-01  0.1250E-01                0             0
      12  0.5000E-01  0.1250E-01                0             0
      13  0.7500E-01  0.1250E-01                0             0
      14  0.1000E+00  0.1250E-01                0             0
      15  0.1250E+00  0.1250E-01                0             0
      16  0.1500E+00  0.1250E-01                0             0
      17  0.1750E+00  0.1250E-01                0             0
      18  0.2000E+00  0.1250E-01                1             0
      19  0.0000E+00  0.2500E-01                1             0
      20  0.2500E-01  0.2500E-01                0             0
      21  0.5000E-01  0.2500E-01                0             0
      22  0.7500E-01  0.2500E-01                0             0
      23  0.1000E+00  0.2500E-01                0             0
      24  0.1250E+00  0.2500E-01                0             0
      25  0.1500E+00  0.2500E-01                0             0
      26  0.1750E+00  0.2500E-01                0             0
      27  0.2000E+00  0.2500E-01                1             0
      28  0.0000E+00  0.3750E-01                1             0
      29  0.2500E-01  0.3750E-01                0             0
      30  0.5000E-01  0.3750E-01                0             0
      31  0.7500E-01  0.3750E-01                0             0
      32  0.1000E+00  0.3750E-01                0             0
      33  0.1250E+00  0.3750E-01                0             0
      34  0.1500E+00  0.3750E-01                0             0
      35  0.1750E+00  0.3750E-01                0             0
      36  0.2000E+00  0.3750E-01                1             0
      37  0.0000E+00  0.5000E-01                1             0
      38  0.2500E-01  0.5000E-01                0             0
      39  0.5000E-01  0.5000E-01                0             0
      40  0.7500E-01  0.5000E-01                0             0
      41  0.1000E+00  0.5000E-01                0             0
      42  0.1250E+00  0.5000E-01                0             0
      43  0.1500E+00  0.5000E-01                0             0
      44  0.1750E+00  0.5000E-01                0             0
      45  0.2000E+00  0.5000E-01                1             0
      46  0.0000E+00  0.6250E-01                1             0
      47  0.2500E-01  0.6250E-01                0             0
      48  0.5000E-01  0.6250E-01                0             0
      49  0.7500E-01  0.6250E-01                0             0
      50  0.1000E+00  0.6250E-01                0             0
      51  0.1250E+00  0.6250E-01                0             0
      52  0.1500E+00  0.6250E-01                0             0
      53  0.1750E+00  0.6250E-01                0             0
      54  0.2000E+00  0.6250E-01                1             0
      55  0.0000E+00  0.7500E-01                1             0
      56  0.2500E-01  0.7500E-01                0             0
      57  0.5000E-01  0.7500E-01                0             0
      58  0.7500E-01  0.7500E-01                0             0
      59  0.1000E+00  0.7500E-01                0             0
      60  0.1250E+00  0.7500E-01                0             0
      61  0.1500E+00  0.7500E-01                0             0
      62  0.1750E+00  0.7500E-01                0             0
      63  0.2000E+00  0.7500E-01                1             0
      64  0.0000E+00  0.8750E-01                1             0
      65  0.2500E-01  0.8750E-01                0             0
      66  0.5000E-01  0.8750E-01                0             0
      67  0.7500E-01  0.8750E-01                0             0
      68  0.1000E+00  0.8750E-01                0             0
      69  0.1250E+00  0.8750E-01                0             0
      70  0.1500E+00  0.8750E-01                0             0
      71  0.1750E+00  0.8750E-01                0             0
      72  0.2000E+00  0.8750E-01                1             0
      73  0.0000E+00  0.1000E+00                1             0
      74  0.2500E-01  0.1000E+00                1             0
      75  0.5000E-01  0.1000E+00                1             0
      76  0.7500E-01  0.1000E+00                1             0
      77  0.1000E+00  0.1000E+00                1             0
      78  0.1250E+00  0.1000E+00                1             0
      79  0.1500E+00  0.1000E+00                1             0
      80  0.1750E+00  0.1000E+00                1             0
      81  0.2000E+00  0.1000E+00                1             0
  ______________________________________________________________________


     NUMERICAL INTEGRATION DATA (Gauss Points):

        Full quadrature (NGPF x NGPF) rule, NGPF =   3
        Reduced quadrature (NGPR x NGPR),   NGPR =   2


        *** The NEWTON iteration scheme is used ***

     Element coefficient matrix: 

           0.15556E+00  -0.26667E-01  -0.55556E-02   0.10000E-01   0.26667E-01
           0.37778E-01   0.17778E-01  -0.12667E+00  -0.88889E-01
          -0.26667E-01   0.15556E+00   0.10000E-01  -0.55556E-02   0.26667E-01
          -0.12667E+00   0.17778E-01   0.37778E-01  -0.88889E-01
          -0.55556E-02   0.10000E-01   0.15556E+00  -0.26667E-01   0.17778E-01
          -0.12667E+00   0.26667E-01   0.37778E-01  -0.88889E-01
           0.10000E-01  -0.55556E-02  -0.26667E-01   0.15556E+00   0.17778E-01
           0.37778E-01   0.26667E-01  -0.12667E+00  -0.88889E-01
           0.26667E-01   0.26667E-01   0.17778E-01   0.17778E-01   0.56889E+00
          -0.88889E-01   0.53333E-01  -0.88889E-01  -0.53333E+00
           0.37778E-01  -0.12667E+00  -0.12667E+00   0.37778E-01  -0.88889E-01
           0.40889E+00  -0.88889E-01  -0.53333E-01  -0.83267E-16
           0.17778E-01   0.17778E-01   0.26667E-01   0.26667E-01   0.53333E-01
          -0.88889E-01   0.56889E+00  -0.88889E-01  -0.53333E+00
          -0.12667E+00   0.37778E-01   0.37778E-01  -0.12667E+00  -0.88889E-01
          -0.53333E-01  -0.88889E-01   0.40889E+00   0.52042E-17
          -0.88889E-01  -0.88889E-01  -0.88889E-01  -0.88889E-01  -0.53333E+00
          -0.83267E-16  -0.53333E+00   0.52042E-17   0.14222E+01

     Element source vector:

           0.00000E+00   0.00000E+00   0.00000E+00   0.00000E+00   0.00000E+00
           0.00000E+00   0.00000E+00   0.00000E+00   0.00000E+00

     LINEAR SOLUTION at the first iteration:

  __________________________________________________

     Node    x-coord.      y-coord.     SOLUTION  
  __________________________________________________

       1   0.00000E+00   0.00000E+00   0.50000E+03
       2   0.25000E-01   0.00000E+00   0.47500E+03
       3   0.50000E-01   0.00000E+00   0.45000E+03
       4   0.75000E-01   0.00000E+00   0.42500E+03
       5   0.10000E+00   0.00000E+00   0.40000E+03
       6   0.12500E+00   0.00000E+00   0.37500E+03
       7   0.15000E+00   0.00000E+00   0.35000E+03
       8   0.17500E+00   0.00000E+00   0.32500E+03
       9   0.20000E+00   0.00000E+00   0.30000E+03
      10   0.00000E+00   0.12500E-01   0.50000E+03
      11   0.25000E-01   0.12500E-01   0.47500E+03
      12   0.50000E-01   0.12500E-01   0.45000E+03
      13   0.75000E-01   0.12500E-01   0.42500E+03
      14   0.10000E+00   0.12500E-01   0.40000E+03
      15   0.12500E+00   0.12500E-01   0.37500E+03
      16   0.15000E+00   0.12500E-01   0.35000E+03
      17   0.17500E+00   0.12500E-01   0.32500E+03
      18   0.20000E+00   0.12500E-01   0.30000E+03
      19   0.00000E+00   0.25000E-01   0.50000E+03
      20   0.25000E-01   0.25000E-01   0.47500E+03
      21   0.50000E-01   0.25000E-01   0.45000E+03
      22   0.75000E-01   0.25000E-01   0.42500E+03
      23   0.10000E+00   0.25000E-01   0.40000E+03
      24   0.12500E+00   0.25000E-01   0.37500E+03
      25   0.15000E+00   0.25000E-01   0.35000E+03
      26   0.17500E+00   0.25000E-01   0.32500E+03
      27   0.20000E+00   0.25000E-01   0.30000E+03
      28   0.00000E+00   0.37500E-01   0.50000E+03
      29   0.25000E-01   0.37500E-01   0.47500E+03
      30   0.50000E-01   0.37500E-01   0.45000E+03
      31   0.75000E-01   0.37500E-01   0.42500E+03
      32   0.10000E+00   0.37500E-01   0.40000E+03
      33   0.12500E+00   0.37500E-01   0.37500E+03
      34   0.15000E+00   0.37500E-01   0.35000E+03
      35   0.17500E+00   0.37500E-01   0.32500E+03
      36   0.20000E+00   0.37500E-01   0.30000E+03
      37   0.00000E+00   0.50000E-01   0.50000E+03
      38   0.25000E-01   0.50000E-01   0.47500E+03
      39   0.50000E-01   0.50000E-01   0.45000E+03
      40   0.75000E-01   0.50000E-01   0.42500E+03
      41   0.10000E+00   0.50000E-01   0.40000E+03
      42   0.12500E+00   0.50000E-01   0.37500E+03
      43   0.15000E+00   0.50000E-01   0.35000E+03
      44   0.17500E+00   0.50000E-01   0.32500E+03
      45   0.20000E+00   0.50000E-01   0.30000E+03
      46   0.00000E+00   0.62500E-01   0.50000E+03
      47   0.25000E-01   0.62500E-01   0.47500E+03
      48   0.50000E-01   0.62500E-01   0.45000E+03
      49   0.75000E-01   0.62500E-01   0.42500E+03
      50   0.10000E+00   0.62500E-01   0.40000E+03
      51   0.12500E+00   0.62500E-01   0.37500E+03
      52   0.15000E+00   0.62500E-01   0.35000E+03
      53   0.17500E+00   0.62500E-01   0.32500E+03
      54   0.20000E+00   0.62500E-01   0.30000E+03
      55   0.00000E+00   0.75000E-01   0.50000E+03
      56   0.25000E-01   0.75000E-01   0.47500E+03
      57   0.50000E-01   0.75000E-01   0.45000E+03
      58   0.75000E-01   0.75000E-01   0.42500E+03
      59   0.10000E+00   0.75000E-01   0.40000E+03
      60   0.12500E+00   0.75000E-01   0.37500E+03
      61   0.15000E+00   0.75000E-01   0.35000E+03
      62   0.17500E+00   0.75000E-01   0.32500E+03
      63   0.20000E+00   0.75000E-01   0.30000E+03
      64   0.00000E+00   0.87500E-01   0.50000E+03
      65   0.25000E-01   0.87500E-01   0.47500E+03
      66   0.50000E-01   0.87500E-01   0.45000E+03
      67   0.75000E-01   0.87500E-01   0.42500E+03
      68   0.10000E+00   0.87500E-01   0.40000E+03
      69   0.12500E+00   0.87500E-01   0.37500E+03
      70   0.15000E+00   0.87500E-01   0.35000E+03
      71   0.17500E+00   0.87500E-01   0.32500E+03
      72   0.20000E+00   0.87500E-01   0.30000E+03
      73   0.00000E+00   0.10000E+00   0.50000E+03
      74   0.25000E-01   0.10000E+00   0.47500E+03
      75   0.50000E-01   0.10000E+00   0.45000E+03
      76   0.75000E-01   0.10000E+00   0.42500E+03
      77   0.10000E+00   0.10000E+00   0.40000E+03
      78   0.12500E+00   0.10000E+00   0.37500E+03
      79   0.15000E+00   0.10000E+00   0.35000E+03
      80   0.17500E+00   0.10000E+00   0.32500E+03
      81   0.20000E+00   0.10000E+00   0.30000E+03
  __________________________________________________


     Iteration No.  1     Error (root-mean-square value)=  0.1000E+01

     Element coefficient matrix: 

           0.15556E+02  -0.25822E+01  -0.52778E+00   0.98778E+00   0.28711E+01
           0.36156E+01   0.17511E+01  -0.12616E+02  -0.88889E+01
          -0.25378E+01   0.14311E+02   0.93222E+00  -0.53889E+00   0.22489E+01
          -0.11704E+02   0.16622E+01   0.36378E+01  -0.81778E+01
          -0.53889E+00   0.93222E+00   0.14311E+02  -0.25378E+01   0.16622E+01
          -0.11704E+02   0.22489E+01   0.36378E+01  -0.81778E+01
           0.98778E+00  -0.52778E+00  -0.25822E+01   0.15556E+02   0.17511E+01
           0.36156E+01   0.28711E+01  -0.12616E+02  -0.88889E+01
           0.26933E+01   0.24267E+01   0.16178E+01   0.17956E+01   0.54613E+02
          -0.80889E+01   0.51200E+01  -0.89778E+01  -0.51200E+02
           0.36378E+01  -0.11704E+02  -0.11704E+02   0.36378E+01  -0.81778E+01
           0.37564E+02  -0.81778E+01  -0.50311E+01  -0.71111E+00
           0.17956E+01   0.16178E+01   0.24267E+01   0.26933E+01   0.51200E+01
          -0.80889E+01   0.54613E+02  -0.89778E+01  -0.51200E+02
          -0.12616E+02   0.36156E+01   0.36156E+01  -0.12616E+02  -0.88889E+01
          -0.52089E+01  -0.88889E+01   0.40942E+02   0.71111E+00
          -0.89778E+01  -0.80889E+01  -0.80889E+01  -0.89778E+01  -0.51200E+02
          -0.95479E-14  -0.51200E+02   0.13878E-14   0.13653E+03

     Element source vector:

          -0.82778E+02   0.77222E+02   0.77222E+02  -0.82778E+02   0.55556E+01
           0.30889E+03   0.55556E+01  -0.33111E+03   0.22222E+02

     Iteration No.  2     Error (root-mean-square value)=  0.9485E-02

     Element coefficient matrix: 

           0.15575E+02  -0.25947E+01  -0.53105E+00   0.99050E+00   0.28529E+01
           0.36364E+01   0.17563E+01  -0.12638E+02  -0.89012E+01
          -0.25547E+01   0.14456E+02   0.93988E+00  -0.54106E+00   0.22933E+01
          -0.11817E+02   0.16759E+01   0.36564E+01  -0.82607E+01
          -0.54118E+00   0.94068E+00   0.14449E+02  -0.25539E+01   0.16763E+01
          -0.11818E+02   0.22909E+01   0.36564E+01  -0.82602E+01
           0.99062E+00  -0.53116E+00  -0.25940E+01   0.15574E+02   0.17563E+01
           0.36363E+01   0.28536E+01  -0.12638E+02  -0.89008E+01
           0.26958E+01   0.24560E+01   0.16351E+01   0.17957E+01   0.54939E+02
          -0.81794E+01   0.51487E+01  -0.89797E+01  -0.51502E+02
           0.36566E+01  -0.11818E+02  -0.11813E+02   0.36557E+01  -0.82616E+01
           0.37943E+02  -0.82575E+01  -0.50697E+01  -0.64503E+00
           0.17957E+01   0.16356E+01   0.24542E+01   0.26958E+01   0.51506E+01
          -0.81785E+01   0.54925E+02  -0.89797E+01  -0.51503E+02
          -0.12638E+02   0.36367E+01   0.36356E+01  -0.12637E+02  -0.89012E+01
          -0.52298E+01  -0.89007E+01   0.40985E+02   0.63598E+00
          -0.89797E+01  -0.81803E+01  -0.81758E+01  -0.89797E+01  -0.51506E+02
           0.64626E-02  -0.51492E+02   0.66450E-02   0.13734E+03

     Element source vector:

          -0.72847E+02   0.71196E+02   0.74706E+02  -0.73224E+02   0.30572E-01
           0.28524E+03   0.68769E+01  -0.29210E+03   0.11583E+00

     Iteration No.  3     Error (root-mean-square value)=  0.6924E-04

     S O L U T I O N :

  __________________________________________________

     Node    x-coord.      y-coord.     SOLUTION  
  __________________________________________________

       1   0.00000E+00   0.00000E+00   0.50000E+03
       2   0.25000E-01   0.00000E+00   0.47790E+03
       3   0.50000E-01   0.00000E+00   0.45501E+03
       4   0.75000E-01   0.00000E+00   0.43144E+03
       5   0.10000E+00   0.00000E+00   0.40721E+03
       6   0.12500E+00   0.00000E+00   0.38227E+03
       7   0.15000E+00   0.00000E+00   0.35640E+03
       8   0.17500E+00   0.00000E+00   0.32921E+03
       9   0.20000E+00   0.00000E+00   0.30000E+03
      10   0.00000E+00   0.12500E-01   0.50000E+03
      11   0.25000E-01   0.12500E-01   0.47787E+03
      12   0.50000E-01   0.12500E-01   0.45495E+03
      13   0.75000E-01   0.12500E-01   0.43135E+03
      14   0.10000E+00   0.12500E-01   0.40712E+03
      15   0.12500E+00   0.12500E-01   0.38217E+03
      16   0.15000E+00   0.12500E-01   0.35632E+03
      17   0.17500E+00   0.12500E-01   0.32916E+03
      18   0.20000E+00   0.12500E-01   0.30000E+03
      19   0.00000E+00   0.25000E-01   0.50000E+03
      20   0.25000E-01   0.25000E-01   0.47777E+03
      21   0.50000E-01   0.25000E-01   0.45476E+03
      22   0.75000E-01   0.25000E-01   0.43110E+03
      23   0.10000E+00   0.25000E-01   0.40683E+03
      24   0.12500E+00   0.25000E-01   0.38189E+03
      25   0.15000E+00   0.25000E-01   0.35608E+03
      26   0.17500E+00   0.25000E-01   0.32902E+03
      27   0.20000E+00   0.25000E-01   0.30000E+03
      28   0.00000E+00   0.37500E-01   0.50000E+03
      29   0.25000E-01   0.37500E-01   0.47760E+03
      30   0.50000E-01   0.37500E-01   0.45444E+03
      31   0.75000E-01   0.37500E-01   0.43067E+03
      32   0.10000E+00   0.37500E-01   0.40633E+03
      33   0.12500E+00   0.37500E-01   0.38140E+03
      34   0.15000E+00   0.37500E-01   0.35567E+03
      35   0.17500E+00   0.37500E-01   0.32877E+03
      36   0.20000E+00   0.37500E-01   0.30000E+03
      37   0.00000E+00   0.50000E-01   0.50000E+03
      38   0.25000E-01   0.50000E-01   0.47734E+03
      39   0.50000E-01   0.50000E-01   0.45396E+03
      40   0.75000E-01   0.50000E-01   0.43003E+03
      41   0.10000E+00   0.50000E-01   0.40562E+03
      42   0.12500E+00   0.50000E-01   0.38069E+03
      43   0.15000E+00   0.50000E-01   0.35506E+03
      44   0.17500E+00   0.50000E-01   0.32840E+03
      45   0.20000E+00   0.50000E-01   0.30000E+03
      46   0.00000E+00   0.62500E-01   0.50000E+03
      47   0.25000E-01   0.62500E-01   0.47699E+03
      48   0.50000E-01   0.62500E-01   0.45332E+03
      49   0.75000E-01   0.62500E-01   0.42919E+03
      50   0.10000E+00   0.62500E-01   0.40466E+03
      51   0.12500E+00   0.62500E-01   0.37973E+03
      52   0.15000E+00   0.62500E-01   0.35424E+03
      53   0.17500E+00   0.62500E-01   0.32789E+03
      54   0.20000E+00   0.62500E-01   0.30000E+03
      55   0.00000E+00   0.75000E-01   0.50000E+03
      56   0.25000E-01   0.75000E-01   0.47652E+03
      57   0.50000E-01   0.75000E-01   0.45247E+03
      58   0.75000E-01   0.75000E-01   0.42809E+03
      59   0.10000E+00   0.75000E-01   0.40343E+03
      60   0.12500E+00   0.75000E-01   0.37849E+03
      61   0.15000E+00   0.75000E-01   0.35316E+03
      62   0.17500E+00   0.75000E-01   0.32720E+03
      63   0.20000E+00   0.75000E-01   0.30000E+03
      64   0.00000E+00   0.87500E-01   0.50000E+03
      65   0.25000E-01   0.87500E-01   0.47588E+03
      66   0.50000E-01   0.87500E-01   0.45137E+03
      67   0.75000E-01   0.87500E-01   0.42671E+03
      68   0.10000E+00   0.87500E-01   0.40189E+03
      69   0.12500E+00   0.87500E-01   0.37693E+03
      70   0.15000E+00   0.87500E-01   0.35176E+03
      71   0.17500E+00   0.87500E-01   0.32628E+03
      72   0.20000E+00   0.87500E-01   0.30000E+03
      73   0.00000E+00   0.10000E+00   0.50000E+03
      74   0.25000E-01   0.10000E+00   0.47500E+03
      75   0.50000E-01   0.10000E+00   0.45000E+03
      76   0.75000E-01   0.10000E+00   0.42500E+03
      77   0.10000E+00   0.10000E+00   0.40000E+03
      78   0.12500E+00   0.10000E+00   0.37500E+03
      79   0.15000E+00   0.10000E+00   0.35000E+03
      80   0.17500E+00   0.10000E+00   0.32500E+03
      81   0.20000E+00   0.10000E+00   0.30000E+03
  __________________________________________________

  _____________________________________________________________________________

    The orientation of  gradient vector is measured from the positive x-axis

    x-coord.     y-coord.   -a11(du/dx)  -a22(du/dy)   Flux Mgntd  Orientation
  _____________________________________________________________________________

   0.1057E-01   0.5283E-02   0.1748E+05   0.1897E+02   0.1748E+05      0.06
   0.1057E-01   0.1972E-01   0.1754E+05   0.7264E+02   0.1754E+05      0.24
   0.3943E-01   0.5283E-02   0.1725E+05   0.6328E+02   0.1726E+05      0.21
   0.3943E-01   0.1972E-01   0.1730E+05   0.2413E+03   0.1730E+05      0.80
   0.6057E-01   0.5283E-02   0.1695E+05   0.8779E+02   0.1695E+05      0.30
   0.6057E-01   0.1972E-01   0.1698E+05   0.3337E+03   0.1698E+05      1.13
   0.8943E-01   0.5283E-02   0.1641E+05   0.1042E+03   0.1641E+05      0.36
   0.8943E-01   0.1972E-01   0.1642E+05   0.3951E+03   0.1643E+05      1.38
   0.1106E+00   0.5283E-02   0.1599E+05   0.1045E+03   0.1599E+05      0.37
   0.1106E+00   0.1972E-01   0.1598E+05   0.3963E+03   0.1598E+05      1.42
   0.1394E+00   0.5283E-02   0.1546E+05   0.8750E+02   0.1546E+05      0.32
   0.1394E+00   0.1972E-01   0.1542E+05   0.3326E+03   0.1543E+05      1.24
   0.1606E+00   0.5283E-02   0.1514E+05   0.6360E+02   0.1514E+05      0.24
   0.1606E+00   0.1972E-01   0.1510E+05   0.2426E+03   0.1510E+05      0.92
   0.1894E+00   0.5283E-02   0.1492E+05   0.1868E+02   0.1492E+05      0.07
   0.1894E+00   0.1972E-01   0.1486E+05   0.7152E+02   0.1486E+05      0.28
   0.1057E-01   0.3028E-01   0.1763E+05   0.1149E+03   0.1763E+05      0.37
   0.1057E-01   0.4472E-01   0.1783E+05   0.1817E+03   0.1783E+05      0.58
   0.3943E-01   0.3028E-01   0.1737E+05   0.3799E+03   0.1737E+05      1.25
   0.3943E-01   0.4472E-01   0.1752E+05   0.5931E+03   0.1753E+05      1.94
   0.6057E-01   0.3028E-01   0.1702E+05   0.5233E+03   0.1703E+05      1.76
   0.6057E-01   0.4472E-01   0.1712E+05   0.8086E+03   0.1713E+05      2.70
   0.8943E-01   0.3028E-01   0.1643E+05   0.6179E+03   0.1645E+05      2.15
   0.8943E-01   0.4472E-01   0.1646E+05   0.9484E+03   0.1649E+05      3.30
   0.1106E+00   0.3028E-01   0.1597E+05   0.6198E+03   0.1598E+05      2.22
   0.1106E+00   0.4472E-01   0.1594E+05   0.9512E+03   0.1597E+05      3.41
   0.1394E+00   0.3028E-01   0.1538E+05   0.5216E+03   0.1539E+05      1.94
   0.1394E+00   0.4472E-01   0.1528E+05   0.8060E+03   0.1531E+05      3.02
   0.1606E+00   0.3028E-01   0.1503E+05   0.3819E+03   0.1503E+05      1.46
   0.1606E+00   0.4472E-01   0.1488E+05   0.5964E+03   0.1490E+05      2.29
   0.1894E+00   0.3028E-01   0.1477E+05   0.1131E+03   0.1477E+05      0.44
   0.1894E+00   0.4472E-01   0.1457E+05   0.1786E+03   0.1458E+05      0.70
   0.1057E-01   0.5528E-01   0.1802E+05   0.2399E+03   0.1802E+05      0.76
   0.1057E-01   0.6972E-01   0.1840E+05   0.3449E+03   0.1840E+05      1.07
   0.3943E-01   0.5528E-01   0.1766E+05   0.7730E+03   0.1768E+05      2.51
   0.3943E-01   0.6972E-01   0.1792E+05   0.1074E+04   0.1795E+05      3.43
   0.6057E-01   0.5528E-01   0.1721E+05   0.1043E+04   0.1724E+05      3.47
   0.6057E-01   0.6972E-01   0.1736E+05   0.1412E+04   0.1742E+05      4.65
   0.8943E-01   0.5528E-01   0.1648E+05   0.1215E+04   0.1653E+05      4.21
   0.8943E-01   0.6972E-01   0.1652E+05   0.1623E+04   0.1660E+05      5.61
   0.1106E+00   0.5528E-01   0.1592E+05   0.1218E+04   0.1596E+05      4.38
   0.1106E+00   0.6972E-01   0.1588E+05   0.1627E+04   0.1596E+05      5.85
   0.1394E+00   0.5528E-01   0.1519E+05   0.1039E+04   0.1523E+05      3.91
   0.1394E+00   0.6972E-01   0.1504E+05   0.1408E+04   0.1510E+05      5.35
   0.1606E+00   0.5528E-01   0.1474E+05   0.7775E+03   0.1476E+05      3.02
   0.1606E+00   0.6972E-01   0.1448E+05   0.1081E+04   0.1452E+05      4.27
   0.1894E+00   0.5528E-01   0.1438E+05   0.2357E+03   0.1438E+05      0.94
   0.1894E+00   0.6972E-01   0.1400E+05   0.3381E+03   0.1400E+05      1.38
   0.1057E-01   0.8028E-01   0.1876E+05   0.4474E+03   0.1877E+05      1.37
   0.1057E-01   0.9472E-01   0.1946E+05   0.6763E+03   0.1947E+05      1.99
   0.3943E-01   0.8028E-01   0.1815E+05   0.1347E+04   0.1820E+05      4.24
   0.3943E-01   0.9472E-01   0.1849E+05   0.1840E+04   0.1859E+05      5.68
   0.6057E-01   0.8028E-01   0.1750E+05   0.1725E+04   0.1758E+05      5.63
   0.6057E-01   0.9472E-01   0.1770E+05   0.2217E+04   0.1784E+05      7.14
   0.8943E-01   0.8028E-01   0.1656E+05   0.1958E+04   0.1667E+05      6.75
   0.8943E-01   0.9472E-01   0.1660E+05   0.2476E+04   0.1679E+05      8.48
   0.1106E+00   0.8028E-01   0.1584E+05   0.1963E+04   0.1597E+05      7.06
   0.1106E+00   0.9472E-01   0.1580E+05   0.2481E+04   0.1599E+05      8.93
   0.1394E+00   0.8028E-01   0.1491E+05   0.1720E+04   0.1500E+05      6.58
   0.1394E+00   0.9472E-01   0.1470E+05   0.2210E+04   0.1487E+05      8.55
   0.1606E+00   0.8028E-01   0.1425E+05   0.1357E+04   0.1431E+05      5.44
   0.1606E+00   0.9472E-01   0.1390E+05   0.1858E+04   0.1403E+05      7.61
   0.1894E+00   0.8028E-01   0.1364E+05   0.4374E+03   0.1365E+05      1.84
   0.1894E+00   0.9472E-01   0.1294E+05   0.6574E+03   0.1296E+05      2.91
  _____________________________________________________________________________

