     *** ECHO OF THE INPUT DATA STARTS ***

Example 5.2.1: Nonlinear analysis of a hinged-hinged beam problem               
  2   0   4                        MODEL,IEL,NEM                                
  0.0  50.0                        X0,AL                                        
  1  1  30.0E06  0.3               B,H,E,GNIU                                   
                                                                                
  0.0  0.0  0.0                    FX0,FX1,FX2                                  
  5.0  0.0  0.0                    QX0,QX1,QX2                                  
  4   0   0                        NSPV,NSSV,NSMB                               
  1   1   0.0                       ISPV(1,1),ISPV(1,2),VSPV(1)                 
  1   2   0.0                       ISPV(1,1),ISPV(1,2),VSPV(1)                 
  5   1   0.0                       ISPV(2,1),ISPV(2,2),VSPV(2)                 
  5   3   0.0                       ISPV(3,1),ISPV(3,2),VSPV(3)                 
                                                                                
  2   0                            NONLIN,NPRNT                                 
  10   50  1.0E-03  0.0             NLS, ITMAX, EPS, GAMA                       
  2   2                            NGP, LGP                                     
  0.1 0.1 0.1 0.1 0.1                                                           
  0.1 0.1 0.1 0.1 0.1              DP(I)                                        
                                                                                
  0.0 0.0 0.0 0.0 0.0 0.0 0.0 0.0                                               
  0.0 0.0 0.0 0.0 0.0 0.0 0.0      GP1(I)                                       

     **** ECHO OF THE INPUT DATA ENDS ****

________________________________________________________________________________
        Output from computer program  FEM1DBEAM              by J. N. Reddy
________________________________________________________________________________


Example 5.2.1: Nonlinear analysis of a hinged-hinged beam problem               

    *** ANALYSIS OF MODEL  2 PROBLEM ***
               (see the code below)

    MODEL=1: A problem described by MODEL EQ. 1
    MODEL=2: A Euler-Bernoulli BEAM problem
    MODEL=3: A Timoshenko BEAM problem


   P R O B L E M   D A T A:

     Coordinate of node 1 ....................... =   0.0000E+00
     Length of the beam ......................... =   0.5000E+02
     Width of cross-section for the beam, B ..... =   0.1000E+01
     Height of cross-section for the beam, H .... =   0.1000E+01
     Elastic modulus of the beam material, E .... =   0.3000E+08
     Axial stiffness for the beam, EA ........... =   0.3000E+08
     Bending stiffness for the beam, EI ......... =   0.2500E+07
     Coefficient of 1 in QX, QX0 ................ =   0.5000E+01
     Coefficient of x in QX, QX1 ................ =   0.0000E+00
     Coefficient of x*x in QX, QX2 .............. =   0.0000E+00
     Coefficient of 1 in FX, FX0 ................ =   0.0000E+00
     Coefficient of x in FX, FX1 ................ =   0.0000E+00
     Coefficient of x*x in FX, FX2 .............. =   0.0000E+00


   M E S H   D A T A:

     Number of elements in the mesh, NEM......... =    4
     Type of element(0:hermite;1:linear;2:quadratic;) .. =    0
     Number of nodes in the mesh, NNM ........... =    5
     Number of deg. of freedom per node, NDF..... =    3
     Number of total DOF in the model, NEQ....... =   15
     GLOBAL COORDINATES OF THE GLOBAL NODES ..... =

        0.0000E+00   0.1250E+02   0.2500E+02   0.3750E+02   0.5000E+02

          CONNECTIVITY MATRIX:

              1    2
              2    3
              3    4
              4    5

   B O U N D A R Y   D A T A:

     Number of specified PRIMARY variables ...... =    4
     Specified PRIMARY degrees of freedom ....... :

              1    1   0.0000E+00
              1    2   0.0000E+00
              5    1   0.0000E+00
              5    3   0.0000E+00

     *** NONLINEAR Analysis with NEWTON ITERATION ***


   NONLINEAR  A N A L Y S I S   D A T A:

     Number of load steps used, NLS ............. =   10
     Maximum allowable number of iterations ..... =   50
     Allowable convergence tolerance (EPS) ...... =   0.1000E-02
     Acceleration parameter:GAMA*GP2+(1-GAMA)*GP1 =   0.0000E+00

   INITIAL (GUESS) VECTOR:

     0.00000E+00  0.00000E+00  0.00000E+00  0.00000E+00  0.00000E+00  0.00000E+00  0.00000E+00  0.00000E+00  0.00000E+00  0.00000E+00  0.00000E+00  0.00000E+00  0.00000E+00  0.00000E+00  0.00000E+00

     First iteration solution at source value ... =  0.1000E+00

         0.00000E+00    0.00000E+00   -0.41667E-02    0.00000E+00
         0.50557E-01   -0.38086E-02    0.00000E+00    0.92773E-01
        -0.28646E-02    0.00000E+00    0.12054E+00   -0.15299E-02
         0.00000E+00    0.13021E+00    0.00000E+00

     Iteration Number =  1     Error=  0.1000E+01

         0.00000E+00    0.00000E+00   -0.41667E-02    0.00000E+00
         0.50557E-01   -0.38086E-02    0.00000E+00    0.92773E-01
        -0.28646E-02    0.00000E+00    0.12054E+00   -0.15299E-02
         0.00000E+00    0.13021E+00    0.00000E+00

     Iteration Number =  2     Error=  0.2994E+00

         0.00000E+00    0.00000E+00   -0.59460E-02   -0.10200E-03
         0.72156E-01   -0.54359E-02   -0.14217E-03    0.13241E+00
        -0.40894E-02   -0.99521E-04    0.17206E+00   -0.21847E-02
         0.00000E+00    0.18586E+00    0.00000E+00

     Iteration Number =  3     Error=  0.1095E+00

         0.00000E+00    0.00000E+00   -0.66813E-02   -0.13205E-03
         0.81071E-01   -0.61058E-02   -0.18320E-03    0.14873E+00
        -0.45900E-02   -0.12768E-03    0.19322E+00   -0.24507E-02
         0.00000E+00    0.20870E+00    0.00000E+00

     Iteration Number =  4     Error=  0.4322E-01

         0.00000E+00    0.00000E+00   -0.69861E-02   -0.14215E-03
         0.84760E-01   -0.63823E-02   -0.19673E-03    0.15547E+00
        -0.47956E-02   -0.13681E-03    0.20194E+00   -0.25596E-02
         0.00000E+00    0.21810E+00    0.00000E+00

     Iteration Number =  5     Error=  0.1784E-01

         0.00000E+00    0.00000E+00   -0.71151E-02   -0.14606E-03
         0.86317E-01   -0.64985E-02   -0.20191E-03    0.15830E+00
        -0.48816E-02   -0.14027E-03    0.20560E+00   -0.26049E-02
         0.00000E+00    0.22205E+00    0.00000E+00

     Iteration Number =  6     Error=  0.7514E-02

         0.00000E+00    0.00000E+00   -0.71702E-02   -0.14768E-03
         0.86981E-01   -0.65479E-02   -0.20403E-03    0.15951E+00
        -0.49179E-02   -0.14169E-03    0.20716E+00   -0.26240E-02
         0.00000E+00    0.22373E+00    0.00000E+00

     Iteration Number =  7     Error=  0.3194E-02

         0.00000E+00    0.00000E+00   -0.71940E-02   -0.14837E-03
         0.87266E-01   -0.65690E-02   -0.20493E-03    0.16002E+00
        -0.49332E-02   -0.14228E-03    0.20782E+00   -0.26320E-02
         0.00000E+00    0.22444E+00    0.00000E+00

     Iteration Number =  8     Error=  0.1363E-02

         0.00000E+00    0.00000E+00   -0.72042E-02   -0.14866E-03
         0.87389E-01   -0.65780E-02   -0.20531E-03    0.16025E+00
        -0.49398E-02   -0.14253E-03    0.20810E+00   -0.26354E-02
         0.00000E+00    0.22474E+00    0.00000E+00


   STEP NUMBER =  1   SOURCE VALUE =  0.1000E+00

     Number of iterations taken for convergence.. =  9
     The Euclidean norm of the solution error ... =  0.5826E-03
     The CONVERGED solution is:

         0.00000E+00    0.00000E+00   -0.72086E-02   -0.14879E-03
         0.87442E-01   -0.65819E-02   -0.20547E-03    0.16034E+00
        -0.49425E-02   -0.14264E-03    0.20822E+00   -0.26369E-02
         0.00000E+00    0.22487E+00    0.00000E+00

     Iteration Number =  1     Error=  0.3105E+00

         0.00000E+00    0.00000E+00   -0.10449E-01   -0.31424E-03
         0.12680E+00   -0.95465E-02   -0.43722E-03    0.23253E+00
        -0.71694E-02   -0.30557E-03    0.30198E+00   -0.38246E-02
         0.00000E+00    0.32613E+00    0.00000E+00

     Iteration Number =  2     Error=  0.7672E-01

         0.00000E+00    0.00000E+00   -0.11328E-01   -0.37818E-03
         0.13743E+00   -0.10342E-01   -0.52289E-03    0.25192E+00
        -0.77593E-02   -0.36339E-03    0.32706E+00   -0.41365E-02
         0.00000E+00    0.35317E+00    0.00000E+00

     Iteration Number =  3     Error=  0.2472E-01

         0.00000E+00    0.00000E+00   -0.11624E-01   -0.39199E-03
         0.14099E+00   -0.10605E-01   -0.54052E-03    0.25836E+00
        -0.79510E-02   -0.37481E-03    0.33533E+00   -0.42368E-02
         0.00000E+00    0.36207E+00    0.00000E+00

     Iteration Number =  4     Error=  0.8539E-02

         0.00000E+00    0.00000E+00   -0.11730E-01   -0.39653E-03
         0.14225E+00   -0.10697E-01   -0.54614E-03    0.26061E+00
        -0.80164E-02   -0.37838E-03    0.33820E+00   -0.42705E-02
         0.00000E+00    0.36515E+00    0.00000E+00

     Iteration Number =  5     Error=  0.3028E-02

         0.00000E+00    0.00000E+00   -0.11770E-01   -0.39819E-03
         0.14271E+00   -0.10730E-01   -0.54813E-03    0.26142E+00
        -0.80389E-02   -0.37962E-03    0.33922E+00   -0.42819E-02
         0.00000E+00    0.36625E+00    0.00000E+00

     Iteration Number =  6     Error=  0.1083E-02

         0.00000E+00    0.00000E+00   -0.11784E-01   -0.39881E-03
         0.14288E+00   -0.10742E-01   -0.54886E-03    0.26171E+00
        -0.80467E-02   -0.38006E-03    0.33959E+00   -0.42857E-02
         0.00000E+00    0.36663E+00    0.00000E+00


   STEP NUMBER =  2   SOURCE VALUE =  0.2000E+00

     Number of iterations taken for convergence.. =  7
     The Euclidean norm of the solution error ... =  0.3888E-03
     The CONVERGED solution is:

         0.00000E+00    0.00000E+00   -0.11790E-01   -0.39905E-03
         0.14295E+00   -0.10746E-01   -0.54912E-03    0.26182E+00
        -0.80493E-02   -0.38022E-03    0.33972E+00   -0.42869E-02
         0.00000E+00    0.36677E+00    0.00000E+00

     Iteration Number =  1     Error=  0.1676E+00

         0.00000E+00    0.00000E+00   -0.14155E-01   -0.59723E-03
         0.17170E+00   -0.12912E-01   -0.82606E-03    0.31454E+00
        -0.96730E-02   -0.57447E-03    0.40814E+00   -0.51511E-02
         0.00000E+00    0.44064E+00    0.00000E+00

     Iteration Number =  2     Error=  0.3845E-01

         0.00000E+00    0.00000E+00   -0.14736E-01   -0.63465E-03
         0.17870E+00   -0.13431E-01   -0.87338E-03    0.32720E+00
        -0.10052E-01   -0.60475E-03    0.42443E+00   -0.53491E-02
         0.00000E+00    0.45817E+00    0.00000E+00

     Iteration Number =  3     Error=  0.1131E-01

         0.00000E+00    0.00000E+00   -0.14916E-01   -0.64362E-03
         0.18084E+00   -0.13586E-01   -0.88399E-03    0.33101E+00
        -0.10160E-01   -0.61120E-03    0.42926E+00   -0.54048E-02
         0.00000E+00    0.46335E+00    0.00000E+00

     Iteration Number =  4     Error=  0.3533E-02

         0.00000E+00    0.00000E+00   -0.14977E-01   -0.64657E-03
         0.18154E+00   -0.13635E-01   -0.88732E-03    0.33222E+00
        -0.10193E-01   -0.61315E-03    0.43077E+00   -0.54207E-02
         0.00000E+00    0.46496E+00    0.00000E+00

     Iteration Number =  5     Error=  0.1124E-02

         0.00000E+00    0.00000E+00   -0.14998E-01   -0.64762E-03
         0.18178E+00   -0.13650E-01   -0.88843E-03    0.33261E+00
        -0.10202E-01   -0.61377E-03    0.43125E+00   -0.54251E-02
         0.00000E+00    0.46546E+00    0.00000E+00


   STEP NUMBER =  3   SOURCE VALUE =  0.3000E+00

     Number of iterations taken for convergence.. =  6
     The Euclidean norm of the solution error ... =  0.3596E-03
     The CONVERGED solution is:

         0.00000E+00    0.00000E+00   -0.15005E-01   -0.64801E-03
         0.18186E+00   -0.13655E-01   -0.88881E-03    0.33274E+00
        -0.10205E-01   -0.61397E-03    0.43140E+00   -0.54261E-02
         0.00000E+00    0.46562E+00    0.00000E+00

     Iteration Number =  1     Error=  0.1114E+00

         0.00000E+00    0.00000E+00   -0.16873E-01   -0.84795E-03
         0.20461E+00   -0.15369E-01   -0.11676E-02    0.37442E+00
        -0.11487E-01   -0.80913E-03    0.48546E+00   -0.61072E-02
         0.00000E+00    0.52398E+00    0.00000E+00

     Iteration Number =  2     Error=  0.2489E-01

         0.00000E+00    0.00000E+00   -0.17321E-01   -0.87463E-03
         0.20998E+00   -0.15764E-01   -0.11993E-02    0.38408E+00
        -0.11771E-01   -0.82822E-03    0.49782E+00   -0.62544E-02
         0.00000E+00    0.53726E+00    0.00000E+00

     Iteration Number =  3     Error=  0.6873E-02

         0.00000E+00    0.00000E+00   -0.17455E-01   -0.88162E-03
         0.21154E+00   -0.15874E-01   -0.12070E-02    0.38680E+00
        -0.11846E-01   -0.83258E-03    0.50124E+00   -0.62918E-02
         0.00000E+00    0.54091E+00    0.00000E+00

     Iteration Number =  4     Error=  0.1999E-02

         0.00000E+00    0.00000E+00   -0.17498E-01   -0.88394E-03
         0.21202E+00   -0.15906E-01   -0.12094E-02    0.38761E+00
        -0.11865E-01   -0.83385E-03    0.50223E+00   -0.63010E-02
         0.00000E+00    0.54195E+00    0.00000E+00


   STEP NUMBER =  4   SOURCE VALUE =  0.4000E+00

     Number of iterations taken for convergence.. =  5
     The Euclidean norm of the solution error ... =  0.5895E-03
     The CONVERGED solution is:

         0.00000E+00    0.00000E+00   -0.17513E-01   -0.88477E-03
         0.21218E+00   -0.15916E-01   -0.12101E-02    0.38786E+00
        -0.11870E-01   -0.83423E-03    0.50252E+00   -0.63030E-02
         0.00000E+00    0.54225E+00    0.00000E+00

     Iteration Number =  1     Error=  0.8250E-01

         0.00000E+00    0.00000E+00   -0.19074E-01   -0.10803E-02
         0.23122E+00   -0.17350E-01   -0.14822E-02    0.42273E+00
        -0.12941E-01   -0.10243E-02    0.54771E+00   -0.68707E-02
         0.00000E+00    0.59102E+00    0.00000E+00

     Iteration Number =  2     Error=  0.1815E-01

         0.00000E+00    0.00000E+00   -0.19446E-01   -0.11016E-02
         0.23565E+00   -0.17673E-01   -0.15060E-02    0.43064E+00
        -0.13170E-01   -0.10378E-02    0.55780E+00   -0.69886E-02
         0.00000E+00    0.60184E+00    0.00000E+00

     Iteration Number =  3     Error=  0.4784E-02

         0.00000E+00    0.00000E+00   -0.19554E-01   -0.11076E-02
         0.23689E+00   -0.17759E-01   -0.15121E-02    0.43278E+00
        -0.13227E-01   -0.10410E-02    0.56046E+00   -0.70160E-02
         0.00000E+00    0.60467E+00    0.00000E+00

     Iteration Number =  4     Error=  0.1319E-02

         0.00000E+00    0.00000E+00   -0.19588E-01   -0.11096E-02
         0.23727E+00   -0.17783E-01   -0.15140E-02    0.43338E+00
        -0.13240E-01   -0.10419E-02    0.56118E+00   -0.70219E-02
         0.00000E+00    0.60542E+00    0.00000E+00


   STEP NUMBER =  5   SOURCE VALUE =  0.5000E+00

     Number of iterations taken for convergence.. =  5
     The Euclidean norm of the solution error ... =  0.3683E-03
     The CONVERGED solution is:

         0.00000E+00    0.00000E+00   -0.19599E-01   -0.11103E-02
         0.23739E+00   -0.17789E-01   -0.15146E-02    0.43356E+00
        -0.13243E-01   -0.10422E-02    0.56138E+00   -0.70228E-02
         0.00000E+00    0.60563E+00    0.00000E+00

     Iteration Number =  1     Error=  0.6508E-01

         0.00000E+00    0.00000E+00   -0.20949E-01   -0.13000E-02
         0.25387E+00   -0.19030E-01   -0.17782E-02    0.46373E+00
        -0.14169E-01   -0.12261E-02    0.60046E+00   -0.75130E-02
         0.00000E+00    0.64779E+00    0.00000E+00

     Iteration Number =  2     Error=  0.1415E-01

         0.00000E+00    0.00000E+00   -0.21269E-01   -0.13181E-02
         0.25767E+00   -0.19306E-01   -0.17973E-02    0.47049E+00
        -0.14362E-01   -0.12361E-02    0.60904E+00   -0.76116E-02
         0.00000E+00    0.65699E+00    0.00000E+00

     Iteration Number =  3     Error=  0.3598E-02

         0.00000E+00    0.00000E+00   -0.21361E-01   -0.13234E-02
         0.25871E+00   -0.19377E-01   -0.18023E-02    0.47225E+00
        -0.14407E-01   -0.12386E-02    0.61122E+00   -0.76329E-02
         0.00000E+00    0.65929E+00    0.00000E+00


   STEP NUMBER =  6   SOURCE VALUE =  0.6000E+00

     Number of iterations taken for convergence.. =  4
     The Euclidean norm of the solution error ... =  0.9525E-03
     The CONVERGED solution is:

         0.00000E+00    0.00000E+00   -0.21389E-01   -0.13252E-02
         0.25902E+00   -0.19395E-01   -0.18039E-02    0.47273E+00
        -0.14416E-01   -0.12393E-02    0.61178E+00   -0.76369E-02
         0.00000E+00    0.65988E+00    0.00000E+00

     Iteration Number =  1     Error=  0.5377E-01

         0.00000E+00    0.00000E+00   -0.22592E-01   -0.15096E-02
         0.27370E+00   -0.20500E-01   -0.20596E-02    0.49960E+00
        -0.15239E-01   -0.14173E-02    0.64655E+00   -0.80715E-02
         0.00000E+00    0.69738E+00    0.00000E+00

     Iteration Number =  2     Error=  0.1156E-01

         0.00000E+00    0.00000E+00   -0.22877E-01   -0.15258E-02
         0.27707E+00   -0.20742E-01   -0.20756E-02    0.50554E+00
        -0.15407E-01   -0.14252E-02    0.65407E+00   -0.81563E-02
         0.00000E+00    0.70543E+00    0.00000E+00

     Iteration Number =  3     Error=  0.2857E-02

         0.00000E+00    0.00000E+00   -0.22957E-01   -0.15307E-02
         0.27798E+00   -0.20803E-01   -0.20800E-02    0.50706E+00
        -0.15443E-01   -0.14272E-02    0.65592E+00   -0.81734E-02
         0.00000E+00    0.70738E+00    0.00000E+00


   STEP NUMBER =  7   SOURCE VALUE =  0.7000E+00

     Number of iterations taken for convergence.. =  4
     The Euclidean norm of the solution error ... =  0.7319E-03
     The CONVERGED solution is:

         0.00000E+00    0.00000E+00   -0.22983E-01   -0.15324E-02
         0.27824E+00   -0.20818E-01   -0.20814E-02    0.50746E+00
        -0.15451E-01   -0.14277E-02    0.65638E+00   -0.81761E-02
         0.00000E+00    0.70786E+00    0.00000E+00

     Iteration Number =  1     Error=  0.4559E-01

         0.00000E+00    0.00000E+00   -0.24067E-01   -0.17114E-02
         0.29150E+00   -0.21815E-01   -0.23293E-02    0.53170E+00
        -0.16192E-01   -0.16002E-02    0.68774E+00   -0.85676E-02
         0.00000E+00    0.74167E+00    0.00000E+00

     Iteration Number =  2     Error=  0.9713E-02

         0.00000E+00    0.00000E+00   -0.24323E-01   -0.17262E-02
         0.29452E+00   -0.22032E-01   -0.23432E-02    0.53702E+00
        -0.16340E-01   -0.16065E-02    0.69445E+00   -0.86421E-02
         0.00000E+00    0.74884E+00    0.00000E+00

     Iteration Number =  3     Error=  0.2345E-02

         0.00000E+00    0.00000E+00   -0.24396E-01   -0.17307E-02
         0.29533E+00   -0.22084E-01   -0.23471E-02    0.53835E+00
        -0.16372E-01   -0.16081E-02    0.69605E+00   -0.86563E-02
         0.00000E+00    0.75053E+00    0.00000E+00


   STEP NUMBER =  8   SOURCE VALUE =  0.8000E+00

     Number of iterations taken for convergence.. =  4
     The Euclidean norm of the solution error ... =  0.5852E-03
     The CONVERGED solution is:

         0.00000E+00    0.00000E+00   -0.24419E-01   -0.17323E-02
         0.29556E+00   -0.22097E-01   -0.23483E-02    0.53869E+00
        -0.16377E-01   -0.16086E-02    0.69644E+00   -0.86581E-02
         0.00000E+00    0.75093E+00    0.00000E+00

     Iteration Number =  1     Error=  0.3952E-01

         0.00000E+00    0.00000E+00   -0.25409E-01   -0.19064E-02
         0.30768E+00   -0.23009E-01   -0.25892E-02    0.56085E+00
        -0.17055E-01   -0.17760E-02    0.72511E+00   -0.90155E-02
         0.00000E+00    0.78184E+00    0.00000E+00

     Iteration Number =  2     Error=  0.8353E-02

         0.00000E+00    0.00000E+00   -0.25643E-01   -0.19202E-02
         0.31044E+00   -0.23205E-01   -0.26015E-02    0.56568E+00
        -0.17188E-01   -0.17811E-02    0.73118E+00   -0.90821E-02
         0.00000E+00    0.78832E+00    0.00000E+00

     Iteration Number =  3     Error=  0.1977E-02

         0.00000E+00    0.00000E+00   -0.25709E-01   -0.19245E-02
         0.31117E+00   -0.23252E-01   -0.26050E-02    0.56686E+00
        -0.17215E-01   -0.17825E-02    0.73260E+00   -0.90941E-02
         0.00000E+00    0.78981E+00    0.00000E+00


   STEP NUMBER =  9   SOURCE VALUE =  0.9000E+00

     Number of iterations taken for convergence.. =  4
     The Euclidean norm of the solution error ... =  0.4827E-03
     The CONVERGED solution is:

         0.00000E+00    0.00000E+00   -0.25730E-01   -0.19260E-02
         0.31137E+00   -0.23263E-01   -0.26060E-02    0.56717E+00
        -0.17219E-01   -0.17828E-02    0.73293E+00   -0.90953E-02
         0.00000E+00    0.79015E+00    0.00000E+00

     Iteration Number =  1     Error=  0.3485E-01

         0.00000E+00    0.00000E+00   -0.26644E-01   -0.20957E-02
         0.32257E+00   -0.24106E-01   -0.28406E-02    0.58764E+00
        -0.17845E-01   -0.19457E-02    0.75941E+00   -0.94252E-02
         0.00000E+00    0.81869E+00    0.00000E+00

     Iteration Number =  2     Error=  0.7313E-02

         0.00000E+00    0.00000E+00   -0.26860E-01   -0.21086E-02
         0.32511E+00   -0.24285E-01   -0.28517E-02    0.59207E+00
        -0.17967E-01   -0.19500E-02    0.76496E+00   -0.94854E-02
         0.00000E+00    0.82462E+00    0.00000E+00

     Iteration Number =  3     Error=  0.1702E-02

         0.00000E+00    0.00000E+00   -0.26921E-01   -0.21128E-02
         0.32578E+00   -0.24327E-01   -0.28548E-02    0.59314E+00
        -0.17990E-01   -0.19511E-02    0.76624E+00   -0.94956E-02
         0.00000E+00    0.82596E+00    0.00000E+00


   STEP NUMBER = 10   SOURCE VALUE =  0.1000E+01

     Number of iterations taken for convergence.. =  4
     The Euclidean norm of the solution error ... =  0.4079E-03
     The CONVERGED solution is:

         0.00000E+00    0.00000E+00   -0.26940E-01   -0.21142E-02
         0.32597E+00   -0.24337E-01   -0.28558E-02    0.59341E+00
        -0.17993E-01   -0.19514E-02    0.76654E+00   -0.94964E-02
         0.00000E+00    0.82626E+00    0.00000E+00
