     *** ECHO OF THE INPUT DATA STARTS ***

Example 5.2.1: Nonlinear analysis of a hinged-hinged beam problem               
  2   0   4                        MODEL,IEL,NEM                                
  0.0  50.0                        X0,AL                                        
  1  1  30.0E06  0.3               B,H,E,GNIU                                   
                                                                                
  0.0  0.0  0.0                    FX0,FX1,FX2                                  
  1.0  0.0  0.0                    QX0,QX1,QX2                                  
  4   0   0                        NSPV,NSSV,NSMB                               
  1   1   0.0                       ISPV(1,1),ISPV(1,2),VSPV(1)                 
  1   2   0.0                       ISPV(1,1),ISPV(1,2),VSPV(1)                 
  5   1   0.0                       ISPV(2,1),ISPV(2,2),VSPV(2)                 
  5   3   0.0                       ISPV(3,1),ISPV(3,2),VSPV(3)                 
                                                                                
  2   0                            NONLIN,NPRNT                                 
  10   50  1.0E-03  0.0             NLS, ITMAX, EPS, GAMA                       
  2   2                            NGP, LGP                                     
  0.1 0.1 0.1 0.1 0.1                                                           
  0.1 0.1 0.1 0.1 0.1              DP(I)                                        
                                                                                
  0.0 0.0 0.0 0.0 0.0 0.0 0.0 0.0                                               
  0.0 0.0 0.0 0.0 0.0 0.0 0.0      GP1(I)                                       

     **** ECHO OF THE INPUT DATA ENDS ****

________________________________________________________________________________
        Output from computer program  FEM1DBEAM              by J. N. Reddy
________________________________________________________________________________


Example 5.2.1: Nonlinear analysis of a hinged-hinged beam problem               

    *** ANALYSIS OF MODEL  2 PROBLEM ***
               (see the code below)

    MODEL=1: A problem described by MODEL EQ. 1
    MODEL=2: A Euler-Bernoulli BEAM problem
    MODEL=3: A Timoshenko BEAM problem


   P R O B L E M   D A T A:

     Coordinate of node 1 ....................... =   0.0000E+00
     Length of the beam ......................... =   0.5000E+02
     Width of cross-section for the beam, B ..... =   0.1000E+01
     Height of cross-section for the beam, H .... =   0.1000E+01
     Elastic modulus of the beam material, E .... =   0.3000E+08
     Axial stiffness for the beam, EA ........... =   0.3000E+08
     Bending stiffness for the beam, EI ......... =   0.2500E+07
     Coefficient of 1 in QX, QX0 ................ =   0.1000E+01
     Coefficient of x in QX, QX1 ................ =   0.0000E+00
     Coefficient of x*x in QX, QX2 .............. =   0.0000E+00
     Coefficient of 1 in FX, FX0 ................ =   0.0000E+00
     Coefficient of x in FX, FX1 ................ =   0.0000E+00
     Coefficient of x*x in FX, FX2 .............. =   0.0000E+00


   M E S H   D A T A:

     Number of elements in the mesh, NEM......... =    4
     Type of element(0:hermite;1:linear;2:quadratic;) .. =    0
     Number of nodes in the mesh, NNM ........... =    5
     Number of deg. of freedom per node, NDF..... =    3
     Number of total DOF in the model, NEQ....... =   15
     GLOBAL COORDINATES OF THE GLOBAL NODES ..... =

        0.0000E+00   0.1250E+02   0.2500E+02   0.3750E+02   0.5000E+02

          CONNECTIVITY MATRIX:

              1    2
              2    3
              3    4
              4    5

   B O U N D A R Y   D A T A:

     Number of specified PRIMARY variables ...... =    4
     Specified PRIMARY degrees of freedom ....... :

              1    1   0.0000E+00
              1    2   0.0000E+00
              5    1   0.0000E+00
              5    3   0.0000E+00

     *** NONLINEAR Analysis with NEWTON ITERATION ***


   NONLINEAR  A N A L Y S I S   D A T A:

     Number of load steps used, NLS ............. =   10
     Maximum allowable number of iterations ..... =   50
     Allowable convergence tolerance (EPS) ...... =   0.1000E-02
     Acceleration parameter:GAMA*GP2+(1-GAMA)*GP1 =   0.0000E+00

   INITIAL (GUESS) VECTOR:

     0.00000E+00  0.00000E+00  0.00000E+00  0.00000E+00  0.00000E+00  0.00000E+00  0.00000E+00  0.00000E+00  0.00000E+00  0.00000E+00  0.00000E+00  0.00000E+00  0.00000E+00  0.00000E+00  0.00000E+00

     First iteration solution at source value ... =  0.1000E+00

         0.00000E+00    0.00000E+00   -0.83333E-03    0.00000E+00
         0.10111E-01   -0.76172E-03    0.00000E+00    0.18555E-01
        -0.57292E-03    0.00000E+00    0.24109E-01   -0.30599E-03
         0.00000E+00    0.26042E-01    0.00000E+00

     Iteration Number =  1     Error=  0.1000E+01

         0.00000E+00    0.00000E+00   -0.83333E-03    0.00000E+00
         0.10111E-01   -0.76172E-03    0.00000E+00    0.18555E-01
        -0.57292E-03    0.00000E+00    0.24109E-01   -0.30599E-03
         0.00000E+00    0.26042E-01    0.00000E+00

     Iteration Number =  2     Error=  0.3319E+00

         0.00000E+00    0.00000E+00   -0.12473E-02   -0.44222E-05
         0.15135E-01   -0.11401E-02   -0.61665E-05    0.27772E-01
        -0.85754E-03   -0.43179E-05    0.36086E-01   -0.45801E-03
         0.00000E+00    0.38979E-01    0.00000E+00

     Iteration Number =  3     Error=  0.1411E+00

         0.00000E+00    0.00000E+00   -0.14523E-02   -0.62529E-05
         0.17622E-01   -0.13275E-02   -0.86882E-05    0.32336E-01
        -0.99844E-03   -0.60632E-05    0.42016E-01   -0.53325E-03
         0.00000E+00    0.45384E-01    0.00000E+00

     Iteration Number =  4     Error=  0.6525E-01

         0.00000E+00    0.00000E+00   -0.15537E-02   -0.70684E-05
         0.18852E-01   -0.14202E-02   -0.98021E-05    0.34594E-01
        -0.10681E-02   -0.68280E-05    0.44948E-01   -0.57045E-03
         0.00000E+00    0.48552E-01    0.00000E+00

     Iteration Number =  5     Error=  0.3127E-01

         0.00000E+00    0.00000E+00   -0.16039E-02   -0.74499E-05
         0.19461E-01   -0.14660E-02   -0.10321E-04    0.35711E-01
        -0.11026E-02   -0.71823E-05    0.46399E-01   -0.58885E-03
         0.00000E+00    0.50119E-01    0.00000E+00

     Iteration Number =  6     Error=  0.1524E-01

         0.00000E+00    0.00000E+00   -0.16287E-02   -0.76333E-05
         0.19763E-01   -0.14887E-02   -0.10569E-04    0.36263E-01
        -0.11196E-02   -0.73518E-05    0.47117E-01   -0.59795E-03
         0.00000E+00    0.50894E-01    0.00000E+00

     Iteration Number =  7     Error=  0.7489E-02

         0.00000E+00    0.00000E+00   -0.16410E-02   -0.77229E-05
         0.19912E-01   -0.14999E-02   -0.10690E-04    0.36537E-01
        -0.11281E-02   -0.74343E-05    0.47473E-01   -0.60246E-03
         0.00000E+00    0.51278E-01    0.00000E+00

     Iteration Number =  8     Error=  0.3694E-02

         0.00000E+00    0.00000E+00   -0.16471E-02   -0.77669E-05
         0.19986E-01   -0.15055E-02   -0.10750E-04    0.36673E-01
        -0.11322E-02   -0.74748E-05    0.47649E-01   -0.60469E-03
         0.00000E+00    0.51468E-01    0.00000E+00

     Iteration Number =  9     Error=  0.1826E-02

         0.00000E+00    0.00000E+00   -0.16502E-02   -0.77886E-05
         0.20022E-01   -0.15083E-02   -0.10779E-04    0.36740E-01
        -0.11343E-02   -0.74948E-05    0.47736E-01   -0.60579E-03
         0.00000E+00    0.51562E-01    0.00000E+00


   STEP NUMBER =  1   SOURCE VALUE =  0.1000E+00

     Number of iterations taken for convergence.. = 10
     The Euclidean norm of the solution error ... =  0.9033E-03
     The CONVERGED solution is:

         0.00000E+00    0.00000E+00   -0.16516E-02   -0.77994E-05
         0.20040E-01   -0.15096E-02   -0.10794E-04    0.36773E-01
        -0.11353E-02   -0.75046E-05    0.47779E-01   -0.60634E-03
         0.00000E+00    0.51609E-01    0.00000E+00

     Iteration Number =  1     Error=  0.3322E+00

         0.00000E+00    0.00000E+00   -0.24733E-02   -0.17387E-04
         0.30011E-01   -0.22607E-02   -0.24243E-04    0.55069E-01
        -0.17002E-02   -0.16974E-04    0.71552E-01   -0.90803E-03
         0.00000E+00    0.77287E-01    0.00000E+00

     Iteration Number =  2     Error=  0.1374E+00

         0.00000E+00    0.00000E+00   -0.28673E-02   -0.24372E-04
         0.34792E-01   -0.26208E-02   -0.33856E-04    0.63839E-01
        -0.19709E-02   -0.23622E-04    0.82945E-01   -0.10525E-02
         0.00000E+00    0.89593E-01    0.00000E+00

     Iteration Number =  3     Error=  0.6181E-01

         0.00000E+00    0.00000E+00   -0.30564E-02   -0.27333E-04
         0.37086E-01   -0.27935E-02   -0.37892E-04    0.68046E-01
        -0.21006E-02   -0.26388E-04    0.88409E-01   -0.11218E-02
         0.00000E+00    0.95495E-01    0.00000E+00

     Iteration Number =  4     Error=  0.2885E-01

         0.00000E+00    0.00000E+00   -0.31474E-02   -0.28668E-04
         0.38189E-01   -0.28765E-02   -0.39702E-04    0.70069E-01
        -0.21630E-02   -0.27622E-04    0.91035E-01   -0.11550E-02
         0.00000E+00    0.98331E-01    0.00000E+00

     Iteration Number =  5     Error=  0.1370E-01

         0.00000E+00    0.00000E+00   -0.31912E-02   -0.29292E-04
         0.38720E-01   -0.29164E-02   -0.40544E-04    0.71042E-01
        -0.21929E-02   -0.28194E-04    0.92299E-01   -0.11710E-02
         0.00000E+00    0.99696E-01    0.00000E+00

     Iteration Number =  6     Error=  0.6557E-02

         0.00000E+00    0.00000E+00   -0.32124E-02   -0.29588E-04
         0.38976E-01   -0.29357E-02   -0.40943E-04    0.71512E-01
        -0.22074E-02   -0.28465E-04    0.92909E-01   -0.11787E-02
         0.00000E+00    0.10035E+00    0.00000E+00

     Iteration Number =  7     Error=  0.3152E-02

         0.00000E+00    0.00000E+00   -0.32226E-02   -0.29730E-04
         0.39100E-01   -0.29450E-02   -0.41134E-04    0.71738E-01
        -0.22143E-02   -0.28595E-04    0.93202E-01   -0.11824E-02
         0.00000E+00    0.10067E+00    0.00000E+00

     Iteration Number =  8     Error=  0.1518E-02

         0.00000E+00    0.00000E+00   -0.32275E-02   -0.29798E-04
         0.39159E-01   -0.29495E-02   -0.41226E-04    0.71847E-01
        -0.22177E-02   -0.28657E-04    0.93344E-01   -0.11842E-02
         0.00000E+00    0.10082E+00    0.00000E+00


   STEP NUMBER =  2   SOURCE VALUE =  0.2000E+00

     Number of iterations taken for convergence.. =  9
     The Euclidean norm of the solution error ... =  0.7314E-03
     The CONVERGED solution is:

         0.00000E+00    0.00000E+00   -0.32299E-02   -0.29831E-04
         0.39188E-01   -0.29516E-02   -0.41270E-04    0.71900E-01
        -0.22193E-02   -0.28687E-04    0.93412E-01   -0.11850E-02
         0.00000E+00    0.10090E+00    0.00000E+00

     Iteration Number =  1     Error=  0.1964E+00

         0.00000E+00    0.00000E+00   -0.40190E-02   -0.47840E-04
         0.48764E-01   -0.36730E-02   -0.66525E-04    0.89471E-01
        -0.27617E-02   -0.46464E-04    0.11624E+00   -0.14747E-02
         0.00000E+00    0.12555E+00    0.00000E+00

     Iteration Number =  2     Error=  0.8238E-01

         0.00000E+00    0.00000E+00   -0.43801E-02   -0.56444E-04
         0.53146E-01   -0.40029E-02   -0.78271E-04    0.97506E-01
        -0.30094E-02   -0.54526E-04    0.12668E+00   -0.16068E-02
         0.00000E+00    0.13682E+00    0.00000E+00

     Iteration Number =  3     Error=  0.3651E-01

         0.00000E+00    0.00000E+00   -0.45466E-02   -0.60015E-04
         0.55164E-01   -0.41546E-02   -0.83101E-04    0.10120E+00
        -0.31232E-02   -0.57813E-04    0.13147E+00   -0.16675E-02
         0.00000E+00    0.14201E+00    0.00000E+00

     Iteration Number =  4     Error=  0.1660E-01

         0.00000E+00    0.00000E+00   -0.46237E-02   -0.61590E-04
         0.56098E-01   -0.42248E-02   -0.85220E-04    0.10291E+00
        -0.31757E-02   -0.59249E-04    0.13369E+00   -0.16954E-02
         0.00000E+00    0.14440E+00    0.00000E+00

     Iteration Number =  5     Error=  0.7638E-02

         0.00000E+00    0.00000E+00   -0.46595E-02   -0.62306E-04
         0.56532E-01   -0.42573E-02   -0.86180E-04    0.10371E+00
        -0.32001E-02   -0.59897E-04    0.13472E+00   -0.17084E-02
         0.00000E+00    0.14551E+00    0.00000E+00

     Iteration Number =  6     Error=  0.3535E-02

         0.00000E+00    0.00000E+00   -0.46762E-02   -0.62636E-04
         0.56733E-01   -0.42725E-02   -0.86622E-04    0.10408E+00
        -0.32113E-02   -0.60195E-04    0.13520E+00   -0.17144E-02
         0.00000E+00    0.14603E+00    0.00000E+00

     Iteration Number =  7     Error=  0.1640E-02

         0.00000E+00    0.00000E+00   -0.46840E-02   -0.62789E-04
         0.56827E-01   -0.42795E-02   -0.86826E-04    0.10425E+00
        -0.32166E-02   -0.60332E-04    0.13542E+00   -0.17171E-02
         0.00000E+00    0.14627E+00    0.00000E+00


   STEP NUMBER =  3   SOURCE VALUE =  0.3000E+00

     Number of iterations taken for convergence.. =  8
     The Euclidean norm of the solution error ... =  0.7618E-03
     The CONVERGED solution is:

         0.00000E+00    0.00000E+00   -0.46876E-02   -0.62861E-04
         0.56871E-01   -0.42827E-02   -0.86921E-04    0.10433E+00
        -0.32190E-02   -0.60396E-04    0.13552E+00   -0.17184E-02
         0.00000E+00    0.14638E+00    0.00000E+00

     Iteration Number =  1     Error=  0.1372E+00

         0.00000E+00    0.00000E+00   -0.54325E-02   -0.87538E-04
         0.65913E-01   -0.49638E-02   -0.12151E-03    0.12091E+00
        -0.37309E-02   -0.84738E-04    0.15707E+00   -0.19917E-02
         0.00000E+00    0.16965E+00    0.00000E+00

     Iteration Number =  2     Error=  0.5624E-01

         0.00000E+00    0.00000E+00   -0.57569E-02   -0.96886E-04
         0.69847E-01   -0.52598E-02   -0.13418E-03    0.12813E+00
        -0.39529E-02   -0.93372E-04    0.16643E+00   -0.21100E-02
         0.00000E+00    0.17976E+00    0.00000E+00

     Iteration Number =  3     Error=  0.2413E-01

         0.00000E+00    0.00000E+00   -0.59001E-02   -0.10064E-03
         0.71581E-01   -0.53900E-02   -0.13922E-03    0.13130E+00
        -0.40502E-02   -0.96779E-04    0.17055E+00   -0.21617E-02
         0.00000E+00    0.18420E+00    0.00000E+00

     Iteration Number =  4     Error=  0.1058E-01

         0.00000E+00    0.00000E+00   -0.59637E-02   -0.10225E-03
         0.72351E-01   -0.54477E-02   -0.14136E-03    0.13270E+00
        -0.40932E-02   -0.98220E-04    0.17237E+00   -0.21846E-02
         0.00000E+00    0.18616E+00    0.00000E+00

     Iteration Number =  5     Error=  0.4683E-02

         0.00000E+00    0.00000E+00   -0.59922E-02   -0.10295E-03
         0.72694E-01   -0.54733E-02   -0.14230E-03    0.13333E+00
        -0.41123E-02   -0.98849E-04    0.17318E+00   -0.21947E-02
         0.00000E+00    0.18704E+00    0.00000E+00

     Iteration Number =  6     Error=  0.2082E-02

         0.00000E+00    0.00000E+00   -0.60049E-02   -0.10327E-03
         0.72848E-01   -0.54848E-02   -0.14272E-03    0.13361E+00
        -0.41207E-02   -0.99127E-04    0.17354E+00   -0.21992E-02
         0.00000E+00    0.18743E+00    0.00000E+00


   STEP NUMBER =  4   SOURCE VALUE =  0.4000E+00

     Number of iterations taken for convergence.. =  7
     The Euclidean norm of the solution error ... =  0.9278E-03
     The CONVERGED solution is:

         0.00000E+00    0.00000E+00   -0.60106E-02   -0.10341E-03
         0.72916E-01   -0.54899E-02   -0.14290E-03    0.13373E+00
        -0.41245E-02   -0.99250E-04    0.17370E+00   -0.22012E-02
         0.00000E+00    0.18760E+00    0.00000E+00

     Iteration Number =  1     Error=  0.1041E+00

         0.00000E+00    0.00000E+00   -0.67081E-02   -0.13303E-03
         0.81383E-01   -0.61277E-02   -0.18441E-03    0.14927E+00
        -0.46037E-02   -0.12845E-03    0.19388E+00   -0.24568E-02
         0.00000E+00    0.20939E+00    0.00000E+00

     Iteration Number =  2     Error=  0.4124E-01

         0.00000E+00    0.00000E+00   -0.69976E-02   -0.14253E-03
         0.84894E-01   -0.63915E-02   -0.19718E-03    0.15569E+00
        -0.48011E-02   -0.13709E-03    0.20221E+00   -0.25619E-02
         0.00000E+00    0.21839E+00    0.00000E+00

     Iteration Number =  3     Error=  0.1705E-01

         0.00000E+00    0.00000E+00   -0.71201E-02   -0.14622E-03
         0.86375E-01   -0.65024E-02   -0.20209E-03    0.15840E+00
        -0.48838E-02   -0.14039E-03    0.20572E+00   -0.26058E-02
         0.00000E+00    0.22217E+00    0.00000E+00

     Iteration Number =  4     Error=  0.7188E-02

         0.00000E+00    0.00000E+00   -0.71724E-02   -0.14775E-03
         0.87007E-01   -0.65496E-02   -0.20411E-03    0.15955E+00
        -0.49188E-02   -0.14173E-03    0.20721E+00   -0.26243E-02
         0.00000E+00    0.22378E+00    0.00000E+00

     Iteration Number =  5     Error=  0.3056E-02

         0.00000E+00    0.00000E+00   -0.71949E-02   -0.14840E-03
         0.87277E-01   -0.65697E-02   -0.20496E-03    0.16004E+00
        -0.49336E-02   -0.14230E-03    0.20784E+00   -0.26322E-02
         0.00000E+00    0.22446E+00    0.00000E+00

     Iteration Number =  6     Error=  0.1305E-02

         0.00000E+00    0.00000E+00   -0.72046E-02   -0.14868E-03
         0.87394E-01   -0.65783E-02   -0.20532E-03    0.16025E+00
        -0.49399E-02   -0.14254E-03    0.20811E+00   -0.26355E-02
         0.00000E+00    0.22475E+00    0.00000E+00


   STEP NUMBER =  5   SOURCE VALUE =  0.5000E+00

     Number of iterations taken for convergence.. =  7
     The Euclidean norm of the solution error ... =  0.5576E-03
     The CONVERGED solution is:

         0.00000E+00    0.00000E+00   -0.72088E-02   -0.14880E-03
         0.87444E-01   -0.65820E-02   -0.20548E-03    0.16034E+00
        -0.49426E-02   -0.14264E-03    0.20823E+00   -0.26369E-02
         0.00000E+00    0.22488E+00    0.00000E+00

     Iteration Number =  1     Error=  0.8277E-01

         0.00000E+00    0.00000E+00   -0.78584E-02   -0.18193E-03
         0.95332E-01   -0.71762E-02   -0.25188E-03    0.17481E+00
        -0.53888E-02   -0.17526E-03    0.22702E+00   -0.28749E-02
         0.00000E+00    0.24517E+00    0.00000E+00

     Iteration Number =  2     Error=  0.3165E-01

         0.00000E+00    0.00000E+00   -0.81166E-02   -0.19120E-03
         0.98460E-01   -0.74110E-02   -0.26426E-03    0.18053E+00
        -0.55642E-02   -0.18358E-03    0.23444E+00   -0.29681E-02
         0.00000E+00    0.25318E+00    0.00000E+00

     Iteration Number =  3     Error=  0.1261E-01

         0.00000E+00    0.00000E+00   -0.82216E-02   -0.19470E-03
         0.99728E-01   -0.75058E-02   -0.26887E-03    0.18285E+00
        -0.56346E-02   -0.18665E-03    0.23743E+00   -0.30054E-02
         0.00000E+00    0.25640E+00    0.00000E+00

     Iteration Number =  4     Error=  0.5116E-02

         0.00000E+00    0.00000E+00   -0.82648E-02   -0.19610E-03
         0.10025E+00   -0.75445E-02   -0.27070E-03    0.18379E+00
        -0.56631E-02   -0.18786E-03    0.23865E+00   -0.30204E-02
         0.00000E+00    0.25772E+00    0.00000E+00

     Iteration Number =  5     Error=  0.2092E-02

         0.00000E+00    0.00000E+00   -0.82828E-02   -0.19668E-03
         0.10046E+00   -0.75604E-02   -0.27145E-03    0.18418E+00
        -0.56746E-02   -0.18835E-03    0.23915E+00   -0.30265E-02
         0.00000E+00    0.25825E+00    0.00000E+00


   STEP NUMBER =  6   SOURCE VALUE =  0.6000E+00

     Number of iterations taken for convergence.. =  6
     The Euclidean norm of the solution error ... =  0.8582E-03
     The CONVERGED solution is:

         0.00000E+00    0.00000E+00   -0.82903E-02   -0.19692E-03
         0.10055E+00   -0.75669E-02   -0.27175E-03    0.18434E+00
        -0.56793E-02   -0.18855E-03    0.23935E+00   -0.30289E-02
         0.00000E+00    0.25847E+00    0.00000E+00

     Iteration Number =  1     Error=  0.6840E-01

         0.00000E+00    0.00000E+00   -0.88979E-02   -0.23255E-03
         0.10793E+00   -0.81227E-02   -0.32162E-03    0.19787E+00
        -0.60966E-02   -0.22359E-03    0.25692E+00   -0.32513E-02
         0.00000E+00    0.27745E+00    0.00000E+00

     Iteration Number =  2     Error=  0.2526E-01

         0.00000E+00    0.00000E+00   -0.91301E-02   -0.24147E-03
         0.11074E+00   -0.83335E-02   -0.33343E-03    0.20301E+00
        -0.62537E-02   -0.23147E-03    0.26358E+00   -0.33347E-02
         0.00000E+00    0.28463E+00    0.00000E+00

     Iteration Number =  3     Error=  0.9712E-02

         0.00000E+00    0.00000E+00   -0.92212E-02   -0.24475E-03
         0.11184E+00   -0.84154E-02   -0.33771E-03    0.20501E+00
        -0.63142E-02   -0.23429E-03    0.26616E+00   -0.33666E-02
         0.00000E+00    0.28741E+00    0.00000E+00

     Iteration Number =  4     Error=  0.3801E-02

         0.00000E+00    0.00000E+00   -0.92576E-02   -0.24603E-03
         0.11228E+00   -0.84477E-02   -0.33935E-03    0.20580E+00
        -0.63377E-02   -0.23537E-03    0.26717E+00   -0.33790E-02
         0.00000E+00    0.28851E+00    0.00000E+00

     Iteration Number =  5     Error=  0.1498E-02

         0.00000E+00    0.00000E+00   -0.92722E-02   -0.24654E-03
         0.11245E+00   -0.84604E-02   -0.34000E-03    0.20611E+00
        -0.63468E-02   -0.23580E-03    0.26757E+00   -0.33838E-02
         0.00000E+00    0.28893E+00    0.00000E+00


   STEP NUMBER =  7   SOURCE VALUE =  0.7000E+00

     Number of iterations taken for convergence.. =  6
     The Euclidean norm of the solution error ... =  0.5922E-03
     The CONVERGED solution is:

         0.00000E+00    0.00000E+00   -0.92780E-02   -0.24675E-03
         0.11252E+00   -0.84654E-02   -0.34026E-03    0.20623E+00
        -0.63504E-02   -0.23596E-03    0.26773E+00   -0.33856E-02
         0.00000E+00    0.28910E+00    0.00000E+00

     Iteration Number =  1     Error=  0.5779E-01

         0.00000E+00    0.00000E+00   -0.98458E-02   -0.28405E-03
         0.11942E+00   -0.89850E-02   -0.39245E-03    0.21888E+00
        -0.67402E-02   -0.27262E-03    0.28415E+00   -0.35933E-02
         0.00000E+00    0.30684E+00    0.00000E+00

     Iteration Number =  2     Error=  0.2067E-01

         0.00000E+00    0.00000E+00   -0.10055E-01   -0.29253E-03
         0.12196E+00   -0.91749E-02   -0.40358E-03    0.22351E+00
        -0.68815E-02   -0.27998E-03    0.29015E+00   -0.36681E-02
         0.00000E+00    0.31330E+00    0.00000E+00

     Iteration Number =  3     Error=  0.7690E-02

         0.00000E+00    0.00000E+00   -0.10135E-01   -0.29557E-03
         0.12292E+00   -0.92462E-02   -0.40750E-03    0.22526E+00
        -0.69339E-02   -0.28255E-03    0.29239E+00   -0.36957E-02
         0.00000E+00    0.31572E+00    0.00000E+00

     Iteration Number =  4     Error=  0.2911E-02

         0.00000E+00    0.00000E+00   -0.10166E-01   -0.29673E-03
         0.12329E+00   -0.92733E-02   -0.40897E-03    0.22592E+00
        -0.69535E-02   -0.28350E-03    0.29324E+00   -0.37060E-02
         0.00000E+00    0.31664E+00    0.00000E+00

     Iteration Number =  5     Error=  0.1109E-02

         0.00000E+00    0.00000E+00   -0.10178E-01   -0.29718E-03
         0.12343E+00   -0.92837E-02   -0.40954E-03    0.22617E+00
        -0.69608E-02   -0.28386E-03    0.29357E+00   -0.37098E-02
         0.00000E+00    0.31698E+00    0.00000E+00


   STEP NUMBER =  8   SOURCE VALUE =  0.8000E+00

     Number of iterations taken for convergence.. =  6
     The Euclidean norm of the solution error ... =  0.4234E-03
     The CONVERGED solution is:

         0.00000E+00    0.00000E+00   -0.10183E-01   -0.29736E-03
         0.12348E+00   -0.92876E-02   -0.40976E-03    0.22627E+00
        -0.69636E-02   -0.28400E-03    0.29369E+00   -0.37112E-02
         0.00000E+00    0.31712E+00    0.00000E+00

     Iteration Number =  1     Error=  0.4983E-01

         0.00000E+00    0.00000E+00   -0.10715E-01   -0.33580E-03
         0.12996E+00   -0.97750E-02   -0.46351E-03    0.23814E+00
        -0.73291E-02   -0.32174E-03    0.30909E+00   -0.39059E-02
         0.00000E+00    0.33375E+00    0.00000E+00

     Iteration Number =  2     Error=  0.1730E-01

         0.00000E+00    0.00000E+00   -0.10906E-01   -0.34383E-03
         0.13226E+00   -0.99475E-02   -0.47395E-03    0.24234E+00
        -0.74570E-02   -0.32860E-03    0.31453E+00   -0.39735E-02
         0.00000E+00    0.33961E+00    0.00000E+00

     Iteration Number =  3     Error=  0.6246E-02

         0.00000E+00    0.00000E+00   -0.10977E-01   -0.34665E-03
         0.13311E+00   -0.10010E-01   -0.47755E-03    0.24387E+00
        -0.75029E-02   -0.33093E-03    0.31651E+00   -0.39976E-02
         0.00000E+00    0.34174E+00    0.00000E+00

     Iteration Number =  4     Error=  0.2292E-02

         0.00000E+00    0.00000E+00   -0.11003E-01   -0.34770E-03
         0.13342E+00   -0.10033E-01   -0.47887E-03    0.24444E+00
        -0.75194E-02   -0.33177E-03    0.31723E+00   -0.40062E-02
         0.00000E+00    0.34251E+00    0.00000E+00


   STEP NUMBER =  9   SOURCE VALUE =  0.9000E+00

     Number of iterations taken for convergence.. =  5
     The Euclidean norm of the solution error ... =  0.8463E-03
     The CONVERGED solution is:

         0.00000E+00    0.00000E+00   -0.11013E-01   -0.34810E-03
         0.13354E+00   -0.10042E-01   -0.47936E-03    0.24465E+00
        -0.75254E-02   -0.33208E-03    0.31750E+00   -0.40093E-02
         0.00000E+00    0.34280E+00    0.00000E+00

     Iteration Number =  1     Error=  0.4387E-01

         0.00000E+00    0.00000E+00   -0.11517E-01   -0.38738E-03
         0.13967E+00   -0.10503E-01   -0.53425E-03    0.25588E+00
        -0.78710E-02   -0.37059E-03    0.33206E+00   -0.41932E-02
         0.00000E+00    0.35853E+00    0.00000E+00

     Iteration Number =  2     Error=  0.1482E-01

         0.00000E+00    0.00000E+00   -0.11693E-01   -0.39502E-03
         0.14179E+00   -0.10661E-01   -0.54409E-03    0.25974E+00
        -0.79881E-02   -0.37700E-03    0.33705E+00   -0.42551E-02
         0.00000E+00    0.36391E+00    0.00000E+00

     Iteration Number =  3     Error=  0.5204E-02

         0.00000E+00    0.00000E+00   -0.11756E-01   -0.39766E-03
         0.14255E+00   -0.10717E-01   -0.54741E-03    0.26111E+00
        -0.80288E-02   -0.37913E-03    0.33881E+00   -0.42763E-02
         0.00000E+00    0.36580E+00    0.00000E+00

     Iteration Number =  4     Error=  0.1856E-02

         0.00000E+00    0.00000E+00   -0.11779E-01   -0.39862E-03
         0.14282E+00   -0.10737E-01   -0.54860E-03    0.26160E+00
        -0.80430E-02   -0.37988E-03    0.33944E+00   -0.42837E-02
         0.00000E+00    0.36647E+00    0.00000E+00


   STEP NUMBER = 10   SOURCE VALUE =  0.1000E+01

     Number of iterations taken for convergence.. =  5
     The Euclidean norm of the solution error ... =  0.6659E-03
     The CONVERGED solution is:

         0.00000E+00    0.00000E+00   -0.11788E-01   -0.39899E-03
         0.14293E+00   -0.10745E-01   -0.54903E-03    0.26178E+00
        -0.80480E-02   -0.38015E-03    0.33967E+00   -0.42862E-02
         0.00000E+00    0.36671E+00    0.00000E+00
