     *** ECHO OF THE INPUT DATA STARTS ***

Example 5.2.1: Nonlinear analysis of a hinged-hinged beam problem               
  2   0   4                        MODEL,IEL,NEM                                
  0.0  50.0                        X0,AL                                        
  1  1  30.0E06  0.3               B,H,E,GNIU                                   
                                                                                
  0.0  0.0  0.0                    FX0,FX1,FX2                                  
  10.0  0.0  0.0                    QX0,QX1,QX2                                 
  4   0   0                        NSPV,NSSV,NSMB                               
  1   1   0.0                       ISPV(1,1),ISPV(1,2),VSPV(1)                 
  1   2   0.0                       ISPV(1,1),ISPV(1,2),VSPV(1)                 
  5   1   0.0                       ISPV(2,1),ISPV(2,2),VSPV(2)                 
  5   3   0.0                       ISPV(3,1),ISPV(3,2),VSPV(3)                 
                                                                                
  2   0                            NONLIN,NPRNT                                 
  10   50  1.0E-03  0.0             NLS, ITMAX, EPS, GAMA                       
  2   2                            NGP, LGP                                     
  0.1 0.1 0.1 0.1 0.1                                                           
  0.1 0.1 0.1 0.1 0.1              DP(I)                                        
                                                                                
  0.0 0.0 0.0 0.0 0.0 0.0 0.0 0.0                                               
  0.0 0.0 0.0 0.0 0.0 0.0 0.0      GP1(I)                                       

     **** ECHO OF THE INPUT DATA ENDS ****

________________________________________________________________________________
        Output from computer program  FEM1DBEAM              by J. N. Reddy
________________________________________________________________________________


Example 5.2.1: Nonlinear analysis of a hinged-hinged beam problem               

    *** ANALYSIS OF MODEL  2 PROBLEM ***
               (see the code below)

    MODEL=1: A problem described by MODEL EQ. 1
    MODEL=2: A Euler-Bernoulli BEAM problem
    MODEL=3: A Timoshenko BEAM problem


   P R O B L E M   D A T A:

     Coordinate of node 1 ....................... =   0.0000E+00
     Length of the beam ......................... =   0.5000E+02
     Width of cross-section for the beam, B ..... =   0.1000E+01
     Height of cross-section for the beam, H .... =   0.1000E+01
     Elastic modulus of the beam material, E .... =   0.3000E+08
     Axial stiffness for the beam, EA ........... =   0.3000E+08
     Bending stiffness for the beam, EI ......... =   0.2500E+07
     Coefficient of 1 in QX, QX0 ................ =   0.1000E+02
     Coefficient of x in QX, QX1 ................ =   0.0000E+00
     Coefficient of x*x in QX, QX2 .............. =   0.0000E+00
     Coefficient of 1 in FX, FX0 ................ =   0.0000E+00
     Coefficient of x in FX, FX1 ................ =   0.0000E+00
     Coefficient of x*x in FX, FX2 .............. =   0.0000E+00


   M E S H   D A T A:

     Number of elements in the mesh, NEM......... =    4
     Type of element(0:hermite;1:linear;2:quadratic;) .. =    0
     Number of nodes in the mesh, NNM ........... =    5
     Number of deg. of freedom per node, NDF..... =    3
     Number of total DOF in the model, NEQ....... =   15
     GLOBAL COORDINATES OF THE GLOBAL NODES ..... =

        0.0000E+00   0.1250E+02   0.2500E+02   0.3750E+02   0.5000E+02

          CONNECTIVITY MATRIX:

              1    2
              2    3
              3    4
              4    5

   B O U N D A R Y   D A T A:

     Number of specified PRIMARY variables ...... =    4
     Specified PRIMARY degrees of freedom ....... :

              1    1   0.0000E+00
              1    2   0.0000E+00
              5    1   0.0000E+00
              5    3   0.0000E+00

     *** NONLINEAR Analysis with NEWTON ITERATION ***


   NONLINEAR  A N A L Y S I S   D A T A:

     Number of load steps used, NLS ............. =   10
     Maximum allowable number of iterations ..... =   50
     Allowable convergence tolerance (EPS) ...... =   0.1000E-02
     Acceleration parameter:GAMA*GP2+(1-GAMA)*GP1 =   0.0000E+00

   INITIAL (GUESS) VECTOR:

     0.00000E+00  0.00000E+00  0.00000E+00  0.00000E+00  0.00000E+00  0.00000E+00  0.00000E+00  0.00000E+00  0.00000E+00  0.00000E+00  0.00000E+00  0.00000E+00  0.00000E+00  0.00000E+00  0.00000E+00

     First iteration solution at source value ... =  0.1000E+00

         0.00000E+00    0.00000E+00   -0.83333E-02    0.00000E+00
         0.10111E+00   -0.76172E-02    0.00000E+00    0.18555E+00
        -0.57292E-02    0.00000E+00    0.24109E+00   -0.30599E-02
         0.00000E+00    0.26042E+00    0.00000E+00

     Iteration Number =  1     Error=  0.1000E+01

         0.00000E+00    0.00000E+00   -0.83333E-02    0.00000E+00
         0.10111E+00   -0.76172E-02    0.00000E+00    0.18555E+00
        -0.57292E-02    0.00000E+00    0.24109E+00   -0.30599E-02
         0.00000E+00    0.26042E+00    0.00000E+00

     Iteration Number =  2     Error=  0.2159E+00

         0.00000E+00    0.00000E+00   -0.10624E-01   -0.33346E-03
         0.12895E+00   -0.97135E-02   -0.46403E-03    0.23662E+00
        -0.73079E-02   -0.32438E-03    0.30747E+00   -0.39054E-02
         0.00000E+00    0.33214E+00    0.00000E+00

     Iteration Number =  3     Error=  0.6510E-01

         0.00000E+00    0.00000E+00   -0.11383E-01   -0.38067E-03
         0.13811E+00   -0.10395E-01   -0.52646E-03    0.25324E+00
        -0.78052E-02   -0.36596E-03    0.32884E+00   -0.41642E-02
         0.00000E+00    0.35513E+00    0.00000E+00

     Iteration Number =  4     Error=  0.2122E-01

         0.00000E+00    0.00000E+00   -0.11643E-01   -0.39267E-03
         0.14122E+00   -0.10624E-01   -0.54152E-03    0.25881E+00
        -0.79673E-02   -0.37555E-03    0.33595E+00   -0.42470E-02
         0.00000E+00    0.36275E+00    0.00000E+00

     Iteration Number =  5     Error=  0.7365E-02

         0.00000E+00    0.00000E+00   -0.11737E-01   -0.39674E-03
         0.14233E+00   -0.10704E-01   -0.54646E-03    0.26077E+00
        -0.80223E-02   -0.37863E-03    0.33843E+00   -0.42744E-02
         0.00000E+00    0.36540E+00    0.00000E+00

     Iteration Number =  6     Error=  0.2615E-02

         0.00000E+00    0.00000E+00   -0.11772E-01   -0.39825E-03
         0.14274E+00   -0.10732E-01   -0.54823E-03    0.26148E+00
        -0.80412E-02   -0.37970E-03    0.33930E+00   -0.42834E-02
         0.00000E+00    0.36634E+00    0.00000E+00


   STEP NUMBER =  1   SOURCE VALUE =  0.1000E+00

     Number of iterations taken for convergence.. =  7
     The Euclidean norm of the solution error ... =  0.9359E-03
     The CONVERGED solution is:

         0.00000E+00    0.00000E+00   -0.11785E-01   -0.39883E-03
         0.14289E+00   -0.10743E-01   -0.54889E-03    0.26173E+00
        -0.80475E-02   -0.38009E-03    0.33962E+00   -0.42863E-02
         0.00000E+00    0.36667E+00    0.00000E+00

     Iteration Number =  1     Error=  0.2873E+00

         0.00000E+00    0.00000E+00   -0.16516E-01   -0.79516E-03
         0.20043E+00   -0.15077E-01   -0.11028E-02    0.36722E+00
        -0.11296E-01   -0.76861E-03    0.47652E+00   -0.60152E-02
         0.00000E+00    0.51447E+00    0.00000E+00

     Iteration Number =  2     Error=  0.3843E-01

         0.00000E+00    0.00000E+00   -0.17214E-01   -0.86799E-03
         0.20877E+00   -0.15685E-01   -0.11928E-02    0.38211E+00
        -0.11727E-01   -0.82487E-03    0.49549E+00   -0.62361E-02
         0.00000E+00    0.53481E+00    0.00000E+00

     Iteration Number =  3     Error=  0.1029E-01

         0.00000E+00    0.00000E+00   -0.17419E-01   -0.87937E-03
         0.21115E+00   -0.15851E-01   -0.12050E-02    0.38621E+00
        -0.11836E-01   -0.83168E-03    0.50059E+00   -0.62891E-02
         0.00000E+00    0.54024E+00    0.00000E+00

     Iteration Number =  4     Error=  0.2959E-02

         0.00000E+00    0.00000E+00   -0.17485E-01   -0.88307E-03
         0.21189E+00   -0.15900E-01   -0.12087E-02    0.38743E+00
        -0.11864E-01   -0.83358E-03    0.50205E+00   -0.63014E-02
         0.00000E+00    0.54177E+00    0.00000E+00


   STEP NUMBER =  2   SOURCE VALUE =  0.2000E+00

     Number of iterations taken for convergence.. =  5
     The Euclidean norm of the solution error ... =  0.8698E-03
     The CONVERGED solution is:

         0.00000E+00    0.00000E+00   -0.17507E-01   -0.88441E-03
         0.21213E+00   -0.15914E-01   -0.12099E-02    0.38780E+00
        -0.11870E-01   -0.83415E-03    0.50247E+00   -0.63036E-02
         0.00000E+00    0.54221E+00    0.00000E+00

     Iteration Number =  1     Error=  0.1524E+00

         0.00000E+00    0.00000E+00   -0.20630E-01   -0.12753E-02
         0.25020E+00   -0.18781E-01   -0.17540E-02    0.45751E+00
        -0.14011E-01   -0.12143E-02    0.59283E+00   -0.74388E-02
         0.00000E+00    0.63971E+00    0.00000E+00

     Iteration Number =  2     Error=  0.2388E-01

         0.00000E+00    0.00000E+00   -0.21177E-01   -0.13121E-02
         0.25667E+00   -0.19245E-01   -0.17923E-02    0.46893E+00
        -0.14332E-01   -0.12340E-02    0.60725E+00   -0.76003E-02
         0.00000E+00    0.65513E+00    0.00000E+00

     Iteration Number =  3     Error=  0.5846E-02

         0.00000E+00    0.00000E+00   -0.21329E-01   -0.13212E-02
         0.25840E+00   -0.19361E-01   -0.18007E-02    0.47182E+00
        -0.14402E-01   -0.12380E-02    0.61076E+00   -0.76328E-02
         0.00000E+00    0.65884E+00    0.00000E+00

     Iteration Number =  4     Error=  0.1532E-02

         0.00000E+00    0.00000E+00   -0.21378E-01   -0.13243E-02
         0.25891E+00   -0.19391E-01   -0.18033E-02    0.47261E+00
        -0.14417E-01   -0.12391E-02    0.61167E+00   -0.76381E-02
         0.00000E+00    0.65978E+00    0.00000E+00


   STEP NUMBER =  3   SOURCE VALUE =  0.3000E+00

     Number of iterations taken for convergence.. =  5
     The Euclidean norm of the solution error ... =  0.4099E-03
     The CONVERGED solution is:

         0.00000E+00    0.00000E+00   -0.21395E-01   -0.13255E-02
         0.25907E+00   -0.19399E-01   -0.18042E-02    0.47283E+00
        -0.14419E-01   -0.12394E-02    0.61190E+00   -0.76380E-02
         0.00000E+00    0.66001E+00    0.00000E+00

     Iteration Number =  1     Error=  0.1017E+00

         0.00000E+00    0.00000E+00   -0.23785E-01   -0.16933E-02
         0.28830E+00   -0.21601E-01   -0.23148E-02    0.52633E+00
        -0.16060E-01   -0.15952E-02    0.68119E+00   -0.85059E-02
         0.00000E+00    0.73475E+00    0.00000E+00

     Iteration Number =  2     Error=  0.1714E-01

         0.00000E+00    0.00000E+00   -0.24243E-01   -0.17206E-02
         0.29368E+00   -0.21982E-01   -0.23391E-02    0.53573E+00
        -0.16318E-01   -0.16051E-02    0.69299E+00   -0.86343E-02
         0.00000E+00    0.74734E+00    0.00000E+00

     Iteration Number =  3     Error=  0.3995E-02

         0.00000E+00    0.00000E+00   -0.24369E-01   -0.17287E-02
         0.29507E+00   -0.22072E-01   -0.23457E-02    0.53800E+00
        -0.16369E-01   -0.16077E-02    0.69571E+00   -0.86570E-02
         0.00000E+00    0.75019E+00    0.00000E+00


   STEP NUMBER =  4   SOURCE VALUE =  0.4000E+00

     Number of iterations taken for convergence.. =  4
     The Euclidean norm of the solution error ... =  0.9887E-03
     The CONVERGED solution is:

         0.00000E+00    0.00000E+00   -0.24408E-01   -0.17315E-02
         0.29547E+00   -0.22094E-01   -0.23478E-02    0.53860E+00
        -0.16378E-01   -0.16084E-02    0.69637E+00   -0.86594E-02
         0.00000E+00    0.75086E+00    0.00000E+00

     Iteration Number =  1     Error=  0.7602E-01

         0.00000E+00    0.00000E+00   -0.26387E-01   -0.20796E-02
         0.31971E+00   -0.23918E-01   -0.28296E-02    0.58290E+00
        -0.17734E-01   -0.19433E-02    0.75368E+00   -0.93742E-02
         0.00000E+00    0.81266E+00    0.00000E+00

     Iteration Number =  2     Error=  0.1327E-01

         0.00000E+00    0.00000E+00   -0.26786E-01   -0.21031E-02
         0.32436E+00   -0.24244E-01   -0.28480E-02    0.59095E+00
        -0.17950E-01   -0.19490E-02    0.76373E+00   -0.94804E-02
         0.00000E+00    0.82336E+00    0.00000E+00

     Iteration Number =  3     Error=  0.2992E-02

         0.00000E+00    0.00000E+00   -0.26896E-01   -0.21107E-02
         0.32555E+00   -0.24318E-01   -0.28536E-02    0.59285E+00
        -0.17990E-01   -0.19508E-02    0.76596E+00   -0.94970E-02
         0.00000E+00    0.82569E+00    0.00000E+00


   STEP NUMBER =  5   SOURCE VALUE =  0.5000E+00

     Number of iterations taken for convergence.. =  4
     The Euclidean norm of the solution error ... =  0.7123E-03
     The CONVERGED solution is:

         0.00000E+00    0.00000E+00   -0.26931E-01   -0.21134E-02
         0.32589E+00   -0.24335E-01   -0.28554E-02    0.59333E+00
        -0.17995E-01   -0.19513E-02    0.76648E+00   -0.94979E-02
         0.00000E+00    0.82621E+00    0.00000E+00

     Iteration Number =  1     Error=  0.6040E-01

         0.00000E+00    0.00000E+00   -0.28631E-01   -0.24446E-02
         0.34675E+00   -0.25906E-01   -0.33130E-02    0.63146E+00
        -0.19161E-01   -0.22688E-02    0.81577E+00   -0.10112E-01
         0.00000E+00    0.87935E+00    0.00000E+00

     Iteration Number =  2     Error=  0.1076E-01

         0.00000E+00    0.00000E+00   -0.28985E-01   -0.24660E-02
         0.35086E+00   -0.26191E-01   -0.33281E-02    0.63853E+00
        -0.19348E-01   -0.22722E-02    0.82457E+00   -0.10203E-01
         0.00000E+00    0.88870E+00    0.00000E+00

     Iteration Number =  3     Error=  0.2369E-02

         0.00000E+00    0.00000E+00   -0.29083E-01   -0.24731E-02
         0.35191E+00   -0.26254E-01   -0.33330E-02    0.64017E+00
        -0.19380E-01   -0.22735E-02    0.82647E+00   -0.10215E-01
         0.00000E+00    0.89067E+00    0.00000E+00


   STEP NUMBER =  6   SOURCE VALUE =  0.6000E+00

     Number of iterations taken for convergence.. =  4
     The Euclidean norm of the solution error ... =  0.5483E-03
     The CONVERGED solution is:

         0.00000E+00    0.00000E+00   -0.29114E-01   -0.24757E-02
         0.35221E+00   -0.26269E-01   -0.33345E-02    0.64058E+00
        -0.19383E-01   -0.22738E-02    0.82689E+00   -0.10215E-01
         0.00000E+00    0.89109E+00    0.00000E+00

     Iteration Number =  1     Error=  0.5003E-01

         0.00000E+00    0.00000E+00   -0.30614E-01   -0.27927E-02
         0.37065E+00   -0.27658E-01   -0.37720E-02    0.67428E+00
        -0.20414E-01   -0.25769E-02    0.87046E+00   -0.10757E-01
         0.00000E+00    0.93805E+00    0.00000E+00

     Iteration Number =  2     Error=  0.9022E-02

         0.00000E+00    0.00000E+00   -0.30934E-01   -0.28129E-02
         0.37436E+00   -0.27913E-01   -0.37851E-02    0.68062E+00
        -0.20579E-01   -0.25789E-02    0.87830E+00   -0.10837E-01
         0.00000E+00    0.94638E+00    0.00000E+00

     Iteration Number =  3     Error=  0.1950E-02

         0.00000E+00    0.00000E+00   -0.31023E-01   -0.28197E-02
         0.37529E+00   -0.27968E-01   -0.37894E-02    0.68207E+00
        -0.20606E-01   -0.25798E-02    0.87996E+00   -0.10847E-01
         0.00000E+00    0.94810E+00    0.00000E+00


   STEP NUMBER =  7   SOURCE VALUE =  0.7000E+00

     Number of iterations taken for convergence.. =  4
     The Euclidean norm of the solution error ... =  0.4416E-03
     The CONVERGED solution is:

         0.00000E+00    0.00000E+00   -0.31052E-01   -0.28222E-02
         0.37556E+00   -0.27980E-01   -0.37908E-02    0.68242E+00
        -0.20608E-01   -0.25801E-02    0.88032E+00   -0.10847E-01
         0.00000E+00    0.94845E+00    0.00000E+00

     Iteration Number =  1     Error=  0.4266E-01

         0.00000E+00    0.00000E+00   -0.32400E-01   -0.31272E-02
         0.39218E+00   -0.29232E-01   -0.42112E-02    0.71279E+00
        -0.21537E-01   -0.28710E-02    0.91957E+00   -0.11334E-01
         0.00000E+00    0.99075E+00    0.00000E+00

     Iteration Number =  2     Error=  0.7751E-02

         0.00000E+00    0.00000E+00   -0.32694E-01   -0.31466E-02
         0.39556E+00   -0.29464E-01   -0.42229E-02    0.71855E+00
        -0.21684E-01   -0.28720E-02    0.92667E+00   -0.11405E-01
         0.00000E+00    0.99828E+00    0.00000E+00

     Iteration Number =  3     Error=  0.1650E-02

         0.00000E+00    0.00000E+00   -0.32776E-01   -0.31532E-02
         0.39642E+00   -0.29513E-01   -0.42269E-02    0.71985E+00
        -0.21707E-01   -0.28727E-02    0.92815E+00   -0.11413E-01
         0.00000E+00    0.99981E+00    0.00000E+00


   STEP NUMBER =  8   SOURCE VALUE =  0.8000E+00

     Number of iterations taken for convergence.. =  4
     The Euclidean norm of the solution error ... =  0.3675E-03
     The CONVERGED solution is:

         0.00000E+00    0.00000E+00   -0.32803E-01   -0.31556E-02
         0.39666E+00   -0.29523E-01   -0.42281E-02    0.72016E+00
        -0.21709E-01   -0.28729E-02    0.92846E+00   -0.11413E-01
         0.00000E+00    0.10001E+01    0.00000E+00

     Iteration Number =  1     Error=  0.3715E-01

         0.00000E+00    0.00000E+00   -0.34032E-01   -0.34502E-02
         0.41184E+00   -0.30668E-01   -0.46339E-02    0.74791E+00
        -0.22557E-01   -0.31533E-02    0.96431E+00   -0.11858E-01
         0.00000E+00    0.10387E+01    0.00000E+00

     Iteration Number =  2     Error=  0.6783E-02

         0.00000E+00    0.00000E+00   -0.34305E-01   -0.34690E-02
         0.41497E+00   -0.30880E-01   -0.46446E-02    0.75320E+00
        -0.22692E-01   -0.31537E-02    0.97082E+00   -0.11922E-01
         0.00000E+00    0.10456E+01    0.00000E+00

     Iteration Number =  3     Error=  0.1426E-02

         0.00000E+00    0.00000E+00   -0.34381E-01   -0.34754E-02
         0.41575E+00   -0.30924E-01   -0.46482E-02    0.75438E+00
        -0.22711E-01   -0.31542E-02    0.97215E+00   -0.11929E-01
         0.00000E+00    0.10470E+01    0.00000E+00


   STEP NUMBER =  9   SOURCE VALUE =  0.9000E+00

     Number of iterations taken for convergence.. =  4
     The Euclidean norm of the solution error ... =  0.3135E-03
     The CONVERGED solution is:

         0.00000E+00    0.00000E+00   -0.34406E-01   -0.34777E-02
         0.41598E+00   -0.30934E-01   -0.46494E-02    0.75466E+00
        -0.22712E-01   -0.31543E-02    0.97242E+00   -0.11928E-01
         0.00000E+00    0.10473E+01    0.00000E+00

     Iteration Number =  1     Error=  0.3289E-01

         0.00000E+00    0.00000E+00   -0.35539E-01   -0.37632E-02
         0.43000E+00   -0.31991E-01   -0.50424E-02    0.78029E+00
        -0.23496E-01   -0.34257E-02    0.10055E+01   -0.12339E-01
         0.00000E+00    0.10829E+01    0.00000E+00

     Iteration Number =  2     Error=  0.6023E-02

         0.00000E+00    0.00000E+00   -0.35793E-01   -0.37817E-02
         0.43291E+00   -0.32187E-01   -0.50524E-02    0.78519E+00
        -0.23619E-01   -0.34256E-02    0.10115E+01   -0.12397E-01
         0.00000E+00    0.10893E+01    0.00000E+00

     Iteration Number =  3     Error=  0.1253E-02

         0.00000E+00    0.00000E+00   -0.35865E-01   -0.37880E-02
         0.43364E+00   -0.32228E-01   -0.50557E-02    0.78628E+00
        -0.23636E-01   -0.34259E-02    0.10128E+01   -0.12403E-01
         0.00000E+00    0.10905E+01    0.00000E+00


   STEP NUMBER = 10   SOURCE VALUE =  0.1000E+01

     Number of iterations taken for convergence.. =  4
     The Euclidean norm of the solution error ... =  0.2725E-03
     The CONVERGED solution is:

         0.00000E+00    0.00000E+00   -0.35888E-01   -0.37902E-02
         0.43385E+00   -0.32236E-01   -0.50568E-02    0.78654E+00
        -0.23637E-01   -0.34260E-02    0.10130E+01   -0.12401E-01
         0.00000E+00    0.10908E+01    0.00000E+00
