     *** ECHO OF THE INPUT DATA STARTS ***

Example 5.2.1: Nonlinear analysis of a hinged-hinged beam problem               
  2   0   4                        MODEL,IEL,NEM                                
  0.0  50.0                        X0,AL                                        
  1  1  30.0E06  0.3               B,H,E,GNIU                                   
                                                                                
  0.0  0.0  0.0                    FX0,FX1,FX2                                  
  6.0  0.0  0.0                    QX0,QX1,QX2                                  
  4   0   0                        NSPV,NSSV,NSMB                               
  1   1   0.0                       ISPV(1,1),ISPV(1,2),VSPV(1)                 
  1   2   0.0                       ISPV(1,1),ISPV(1,2),VSPV(1)                 
  5   1   0.0                       ISPV(2,1),ISPV(2,2),VSPV(2)                 
  5   3   0.0                       ISPV(3,1),ISPV(3,2),VSPV(3)                 
                                                                                
  2   0                            NONLIN,NPRNT                                 
  10   50  1.0E-03  0.0             NLS, ITMAX, EPS, GAMA                       
  2   2                            NGP, LGP                                     
  0.1 0.1 0.1 0.1 0.1                                                           
  0.1 0.1 0.1 0.1 0.1              DP(I)                                        
                                                                                
  0.0 0.0 0.0 0.0 0.0 0.0 0.0 0.0                                               
  0.0 0.0 0.0 0.0 0.0 0.0 0.0      GP1(I)                                       

     **** ECHO OF THE INPUT DATA ENDS ****

________________________________________________________________________________
        Output from computer program  FEM1DBEAM              by J. N. Reddy
________________________________________________________________________________


Example 5.2.1: Nonlinear analysis of a hinged-hinged beam problem               

    *** ANALYSIS OF MODEL  2 PROBLEM ***
               (see the code below)

    MODEL=1: A problem described by MODEL EQ. 1
    MODEL=2: A Euler-Bernoulli BEAM problem
    MODEL=3: A Timoshenko BEAM problem


   P R O B L E M   D A T A:

     Coordinate of node 1 ....................... =   0.0000E+00
     Length of the beam ......................... =   0.5000E+02
     Width of cross-section for the beam, B ..... =   0.1000E+01
     Height of cross-section for the beam, H .... =   0.1000E+01
     Elastic modulus of the beam material, E .... =   0.3000E+08
     Axial stiffness for the beam, EA ........... =   0.3000E+08
     Bending stiffness for the beam, EI ......... =   0.2500E+07
     Coefficient of 1 in QX, QX0 ................ =   0.6000E+01
     Coefficient of x in QX, QX1 ................ =   0.0000E+00
     Coefficient of x*x in QX, QX2 .............. =   0.0000E+00
     Coefficient of 1 in FX, FX0 ................ =   0.0000E+00
     Coefficient of x in FX, FX1 ................ =   0.0000E+00
     Coefficient of x*x in FX, FX2 .............. =   0.0000E+00


   M E S H   D A T A:

     Number of elements in the mesh, NEM......... =    4
     Type of element(0:hermite;1:linear;2:quadratic;) .. =    0
     Number of nodes in the mesh, NNM ........... =    5
     Number of deg. of freedom per node, NDF..... =    3
     Number of total DOF in the model, NEQ....... =   15
     GLOBAL COORDINATES OF THE GLOBAL NODES ..... =

        0.0000E+00   0.1250E+02   0.2500E+02   0.3750E+02   0.5000E+02

          CONNECTIVITY MATRIX:

              1    2
              2    3
              3    4
              4    5

   B O U N D A R Y   D A T A:

     Number of specified PRIMARY variables ...... =    4
     Specified PRIMARY degrees of freedom ....... :

              1    1   0.0000E+00
              1    2   0.0000E+00
              5    1   0.0000E+00
              5    3   0.0000E+00

     *** NONLINEAR Analysis with NEWTON ITERATION ***


   NONLINEAR  A N A L Y S I S   D A T A:

     Number of load steps used, NLS ............. =   10
     Maximum allowable number of iterations ..... =   50
     Allowable convergence tolerance (EPS) ...... =   0.1000E-02
     Acceleration parameter:GAMA*GP2+(1-GAMA)*GP1 =   0.0000E+00

   INITIAL (GUESS) VECTOR:

     0.00000E+00  0.00000E+00  0.00000E+00  0.00000E+00  0.00000E+00  0.00000E+00  0.00000E+00  0.00000E+00  0.00000E+00  0.00000E+00  0.00000E+00  0.00000E+00  0.00000E+00  0.00000E+00  0.00000E+00

     First iteration solution at source value ... =  0.1000E+00

         0.00000E+00    0.00000E+00   -0.50000E-02    0.00000E+00
         0.60669E-01   -0.45703E-02    0.00000E+00    0.11133E+00
        -0.34375E-02    0.00000E+00    0.14465E+00   -0.18359E-02
         0.00000E+00    0.15625E+00    0.00000E+00

     Iteration Number =  1     Error=  0.1000E+01

         0.00000E+00    0.00000E+00   -0.50000E-02    0.00000E+00
         0.60669E-01   -0.45703E-02    0.00000E+00    0.11133E+00
        -0.34375E-02    0.00000E+00    0.14465E+00   -0.18359E-02
         0.00000E+00    0.15625E+00    0.00000E+00

     Iteration Number =  2     Error=  0.2856E+00

         0.00000E+00    0.00000E+00   -0.69966E-02   -0.14198E-03
         0.84908E-01   -0.63966E-02   -0.19786E-03    0.15582E+00
        -0.48124E-02   -0.13848E-03    0.20247E+00   -0.25712E-02
         0.00000E+00    0.21872E+00    0.00000E+00

     Iteration Number =  3     Error=  0.9944E-01

         0.00000E+00    0.00000E+00   -0.77753E-02   -0.17861E-03
         0.94345E-01   -0.71048E-02   -0.24766E-03    0.17307E+00
        -0.53399E-02   -0.17253E-03    0.22482E+00   -0.28507E-02
         0.00000E+00    0.24282E+00    0.00000E+00

     Iteration Number =  4     Error=  0.3747E-01

         0.00000E+00    0.00000E+00   -0.80826E-02   -0.18999E-03
         0.98059E-01   -0.73824E-02   -0.26276E-03    0.17983E+00
        -0.55452E-02   -0.18263E-03    0.23356E+00   -0.29589E-02
         0.00000E+00    0.25224E+00    0.00000E+00

     Iteration Number =  5     Error=  0.1484E-01

         0.00000E+00    0.00000E+00   -0.82074E-02   -0.19421E-03
         0.99562E-01   -0.74941E-02   -0.26827E-03    0.18256E+00
        -0.56270E-02   -0.18628E-03    0.23707E+00   -0.30018E-02
         0.00000E+00    0.25603E+00    0.00000E+00

     Iteration Number =  6     Error=  0.6008E-02

         0.00000E+00    0.00000E+00   -0.82589E-02   -0.19590E-03
         0.10018E+00   -0.75397E-02   -0.27046E-03    0.18367E+00
        -0.56601E-02   -0.18771E-03    0.23850E+00   -0.30190E-02
         0.00000E+00    0.25756E+00    0.00000E+00

     Iteration Number =  7     Error=  0.2454E-02

         0.00000E+00    0.00000E+00   -0.82802E-02   -0.19659E-03
         0.10043E+00   -0.75584E-02   -0.27135E-03    0.18413E+00
        -0.56735E-02   -0.18829E-03    0.23909E+00   -0.30260E-02
         0.00000E+00    0.25819E+00    0.00000E+00

     Iteration Number =  8     Error=  0.1006E-02

         0.00000E+00    0.00000E+00   -0.82892E-02   -0.19688E-03
         0.10054E+00   -0.75661E-02   -0.27171E-03    0.18432E+00
        -0.56789E-02   -0.18853E-03    0.23933E+00   -0.30287E-02
         0.00000E+00    0.25845E+00    0.00000E+00


   STEP NUMBER =  1   SOURCE VALUE =  0.1000E+00

     Number of iterations taken for convergence.. =  9
     The Euclidean norm of the solution error ... =  0.4131E-03
     The CONVERGED solution is:

         0.00000E+00    0.00000E+00   -0.82929E-02   -0.19701E-03
         0.10058E+00   -0.75692E-02   -0.27186E-03    0.18440E+00
        -0.56811E-02   -0.18863E-03    0.23942E+00   -0.30298E-02
         0.00000E+00    0.25855E+00    0.00000E+00

     Iteration Number =  1     Error=  0.3048E+00

         0.00000E+00    0.00000E+00   -0.11921E-01   -0.41025E-03
         0.14465E+00   -0.10889E-01   -0.57042E-03    0.26523E+00
        -0.81735E-02   -0.39844E-03    0.34438E+00   -0.43587E-02
         0.00000E+00    0.37190E+00    0.00000E+00

     Iteration Number =  2     Error=  0.6557E-01

         0.00000E+00    0.00000E+00   -0.12772E-01   -0.47990E-03
         0.15494E+00   -0.11656E-01   -0.66264E-03    0.28393E+00
        -0.87387E-02   -0.46001E-03    0.36852E+00   -0.46562E-02
         0.00000E+00    0.39791E+00    0.00000E+00

     Iteration Number =  3     Error=  0.2002E-01

         0.00000E+00    0.00000E+00   -0.13045E-01   -0.49332E-03
         0.15821E+00   -0.11896E-01   -0.67930E-03    0.28980E+00
        -0.89107E-02   -0.47055E-03    0.37603E+00   -0.47453E-02
         0.00000E+00    0.40597E+00    0.00000E+00

     Iteration Number =  4     Error=  0.6579E-02

         0.00000E+00    0.00000E+00   -0.13140E-01   -0.49764E-03
         0.15932E+00   -0.11975E-01   -0.68444E-03    0.29176E+00
        -0.89657E-02   -0.47372E-03    0.37850E+00   -0.47731E-02
         0.00000E+00    0.40862E+00    0.00000E+00

     Iteration Number =  5     Error=  0.2219E-02

         0.00000E+00    0.00000E+00   -0.13173E-01   -0.49918E-03
         0.15971E+00   -0.12002E-01   -0.68621E-03    0.29243E+00
        -0.89834E-02   -0.47477E-03    0.37934E+00   -0.47818E-02
         0.00000E+00    0.40950E+00    0.00000E+00


   STEP NUMBER =  2   SOURCE VALUE =  0.2000E+00

     Number of iterations taken for convergence.. =  6
     The Euclidean norm of the solution error ... =  0.7545E-03
     The CONVERGED solution is:

         0.00000E+00    0.00000E+00   -0.13186E-01   -0.49975E-03
         0.15985E+00   -0.12012E-01   -0.68683E-03    0.29266E+00
        -0.89889E-02   -0.47513E-03    0.37962E+00   -0.47843E-02
         0.00000E+00    0.40980E+00    0.00000E+00

     Iteration Number =  1     Error=  0.1634E+00

         0.00000E+00    0.00000E+00   -0.15749E-01   -0.74025E-03
         0.19104E+00   -0.14360E-01   -0.10226E-02    0.34982E+00
        -0.10748E-01   -0.71044E-03    0.45378E+00   -0.57198E-02
         0.00000E+00    0.48986E+00    0.00000E+00

     Iteration Number =  2     Error=  0.3387E-01

         0.00000E+00    0.00000E+00   -0.16321E-01   -0.77845E-03
         0.19791E+00   -0.14867E-01   -0.10695E-02    0.36220E+00
        -0.11114E-01   -0.73956E-03    0.46964E+00   -0.59098E-02
         0.00000E+00    0.50691E+00    0.00000E+00

     Iteration Number =  3     Error=  0.9451E-02

         0.00000E+00    0.00000E+00   -0.16493E-01   -0.78734E-03
         0.19992E+00   -0.15010E-01   -0.10795E-02    0.36573E+00
        -0.11212E-01   -0.74540E-03    0.47409E+00   -0.59592E-02
         0.00000E+00    0.51167E+00    0.00000E+00

     Iteration Number =  4     Error=  0.2810E-02

         0.00000E+00    0.00000E+00   -0.16549E-01   -0.79026E-03
         0.20055E+00   -0.15053E-01   -0.10826E-02    0.36680E+00
        -0.11239E-01   -0.74711E-03    0.47541E+00   -0.59720E-02
         0.00000E+00    0.51307E+00    0.00000E+00


   STEP NUMBER =  3   SOURCE VALUE =  0.3000E+00

     Number of iterations taken for convergence.. =  5
     The Euclidean norm of the solution error ... =  0.8509E-03
     The CONVERGED solution is:

         0.00000E+00    0.00000E+00   -0.16568E-01   -0.79130E-03
         0.20076E+00   -0.15066E-01   -0.10836E-02    0.36713E+00
        -0.11246E-01   -0.74763E-03    0.47581E+00   -0.59750E-02
         0.00000E+00    0.51348E+00    0.00000E+00

     Iteration Number =  1     Error=  0.1087E+00

         0.00000E+00    0.00000E+00   -0.18573E-01   -0.10285E-02
         0.22520E+00   -0.16906E-01   -0.14139E-02    0.41188E+00
        -0.12621E-01   -0.97855E-03    0.53382E+00   -0.67044E-02
         0.00000E+00    0.57608E+00    0.00000E+00

     Iteration Number =  2     Error=  0.2243E-01

         0.00000E+00    0.00000E+00   -0.19022E-01   -0.10556E-02
         0.23056E+00   -0.17297E-01   -0.14445E-02    0.42146E+00
        -0.12898E-01   -0.99610E-03    0.54602E+00   -0.68470E-02
         0.00000E+00    0.58918E+00    0.00000E+00

     Iteration Number =  3     Error=  0.5898E-02

         0.00000E+00    0.00000E+00   -0.19152E-01   -0.10627E-02
         0.23205E+00   -0.17401E-01   -0.14519E-02    0.42404E+00
        -0.12966E-01   -0.10000E-02    0.54923E+00   -0.68803E-02
         0.00000E+00    0.59259E+00    0.00000E+00

     Iteration Number =  4     Error=  0.1637E-02

         0.00000E+00    0.00000E+00   -0.19193E-01   -0.10651E-02
         0.23251E+00   -0.17430E-01   -0.14542E-02    0.42478E+00
        -0.12983E-01   -0.10011E-02    0.55011E+00   -0.68875E-02
         0.00000E+00    0.59352E+00    0.00000E+00


   STEP NUMBER =  4   SOURCE VALUE =  0.4000E+00

     Number of iterations taken for convergence.. =  5
     The Euclidean norm of the solution error ... =  0.4612E-03
     The CONVERGED solution is:

         0.00000E+00    0.00000E+00   -0.19207E-01   -0.10659E-02
         0.23265E+00   -0.17438E-01   -0.14549E-02    0.42499E+00
        -0.12986E-01   -0.10015E-02    0.55036E+00   -0.68886E-02
         0.00000E+00    0.59376E+00    0.00000E+00

     Iteration Number =  1     Error=  0.8047E-01

         0.00000E+00    0.00000E+00   -0.20871E-01   -0.12950E-02
         0.25296E+00   -0.18968E-01   -0.17733E-02    0.46218E+00
        -0.14128E-01   -0.12236E-02    0.59853E+00   -0.74930E-02
         0.00000E+00    0.64574E+00    0.00000E+00

     Iteration Number =  2     Error=  0.1658E-01

         0.00000E+00    0.00000E+00   -0.21247E-01   -0.13167E-02
         0.25742E+00   -0.19290E-01   -0.17961E-02    0.47009E+00
        -0.14354E-01   -0.12356E-02    0.60858E+00   -0.76080E-02
         0.00000E+00    0.65650E+00    0.00000E+00

     Iteration Number =  3     Error=  0.4177E-02

         0.00000E+00    0.00000E+00   -0.21353E-01   -0.13229E-02
         0.25863E+00   -0.19372E-01   -0.18019E-02    0.47214E+00
        -0.14405E-01   -0.12384E-02    0.61110E+00   -0.76326E-02
         0.00000E+00    0.65917E+00    0.00000E+00

     Iteration Number =  4     Error=  0.1103E-02

         0.00000E+00    0.00000E+00   -0.21387E-01   -0.13250E-02
         0.25899E+00   -0.19394E-01   -0.18037E-02    0.47270E+00
        -0.14416E-01   -0.12392E-02    0.61175E+00   -0.76370E-02
         0.00000E+00    0.65985E+00    0.00000E+00


   STEP NUMBER =  5   SOURCE VALUE =  0.5000E+00

     Number of iterations taken for convergence.. =  5
     The Euclidean norm of the solution error ... =  0.2953E-03
     The CONVERGED solution is:

         0.00000E+00    0.00000E+00   -0.21398E-01   -0.13258E-02
         0.25910E+00   -0.19400E-01   -0.18043E-02    0.47286E+00
        -0.14418E-01   -0.12395E-02    0.61192E+00   -0.76373E-02
         0.00000E+00    0.66002E+00    0.00000E+00

     Iteration Number =  1     Error=  0.6360E-01

         0.00000E+00    0.00000E+00   -0.22833E-01   -0.15465E-02
         0.27664E+00   -0.20721E-01   -0.21107E-02    0.50497E+00
        -0.15403E-01   -0.14529E-02    0.65350E+00   -0.81581E-02
         0.00000E+00    0.70487E+00    0.00000E+00

     Iteration Number =  2     Error=  0.1306E-01

         0.00000E+00    0.00000E+00   -0.23159E-01   -0.15652E-02
         0.28050E+00   -0.20998E-01   -0.21290E-02    0.51177E+00
        -0.15594E-01   -0.14616E-02    0.66210E+00   -0.82548E-02
         0.00000E+00    0.71407E+00    0.00000E+00

     Iteration Number =  3     Error=  0.3184E-02

         0.00000E+00    0.00000E+00   -0.23250E-01   -0.15708E-02
         0.28153E+00   -0.21066E-01   -0.21339E-02    0.51348E+00
        -0.15636E-01   -0.14638E-02    0.66418E+00   -0.82739E-02
         0.00000E+00    0.71627E+00    0.00000E+00


   STEP NUMBER =  6   SOURCE VALUE =  0.6000E+00

     Number of iterations taken for convergence.. =  4
     The Euclidean norm of the solution error ... =  0.8096E-03
     The CONVERGED solution is:

         0.00000E+00    0.00000E+00   -0.23279E-01   -0.15727E-02
         0.28182E+00   -0.21083E-01   -0.21354E-02    0.51394E+00
        -0.15644E-01   -0.14644E-02    0.66470E+00   -0.82768E-02
         0.00000E+00    0.71680E+00    0.00000E+00

     Iteration Number =  1     Error=  0.5261E-01

         0.00000E+00    0.00000E+00   -0.24555E-01   -0.17863E-02
         0.29743E+00   -0.22258E-01   -0.24312E-02    0.54247E+00
        -0.16517E-01   -0.16701E-02    0.70162E+00   -0.87377E-02
         0.00000E+00    0.75662E+00    0.00000E+00

     Iteration Number =  2     Error=  0.1075E-01

         0.00000E+00    0.00000E+00   -0.24847E-01   -0.18033E-02
         0.30087E+00   -0.22502E-01   -0.24466E-02    0.54849E+00
        -0.16684E-01   -0.16768E-02    0.70920E+00   -0.88211E-02
         0.00000E+00    0.76471E+00    0.00000E+00

     Iteration Number =  3     Error=  0.2553E-02

         0.00000E+00    0.00000E+00   -0.24929E-01   -0.18085E-02
         0.30177E+00   -0.22561E-01   -0.24510E-02    0.54997E+00
        -0.16717E-01   -0.16785E-02    0.71098E+00   -0.88363E-02
         0.00000E+00    0.76658E+00    0.00000E+00


   STEP NUMBER =  7   SOURCE VALUE =  0.7000E+00

     Number of iterations taken for convergence.. =  4
     The Euclidean norm of the solution error ... =  0.6301E-03
     The CONVERGED solution is:

         0.00000E+00    0.00000E+00   -0.24954E-01   -0.18103E-02
         0.30203E+00   -0.22575E-01   -0.24523E-02    0.55036E+00
        -0.16723E-01   -0.16790E-02    0.71141E+00   -0.88381E-02
         0.00000E+00    0.76702E+00    0.00000E+00

     Iteration Number =  1     Error=  0.4468E-01

         0.00000E+00    0.00000E+00   -0.26103E-01   -0.20171E-02
         0.31611E+00   -0.23634E-01   -0.27383E-02    0.57609E+00
        -0.17510E-01   -0.18776E-02    0.74469E+00   -0.92530E-02
         0.00000E+00    0.80290E+00    0.00000E+00

     Iteration Number =  2     Error=  0.9087E-02

         0.00000E+00    0.00000E+00   -0.26368E-01   -0.20327E-02
         0.31921E+00   -0.23854E-01   -0.27517E-02    0.58150E+00
        -0.17658E-01   -0.18828E-02    0.75147E+00   -0.93265E-02
         0.00000E+00    0.81014E+00    0.00000E+00

     Iteration Number =  3     Error=  0.2114E-02

         0.00000E+00    0.00000E+00   -0.26442E-01   -0.20376E-02
         0.32001E+00   -0.23905E-01   -0.27555E-02    0.58280E+00
        -0.17687E-01   -0.18842E-02    0.75303E+00   -0.93391E-02
         0.00000E+00    0.81177E+00    0.00000E+00


   STEP NUMBER =  8   SOURCE VALUE =  0.8000E+00

     Number of iterations taken for convergence.. =  4
     The Euclidean norm of the solution error ... =  0.5093E-03
     The CONVERGED solution is:

         0.00000E+00    0.00000E+00   -0.26465E-01   -0.20394E-02
         0.32025E+00   -0.23917E-01   -0.27567E-02    0.58314E+00
        -0.17691E-01   -0.18846E-02    0.75339E+00   -0.93401E-02
         0.00000E+00    0.81214E+00    0.00000E+00

     Iteration Number =  1     Error=  0.3878E-01

         0.00000E+00    0.00000E+00   -0.27514E-01   -0.22400E-02
         0.33311E+00   -0.24886E-01   -0.30340E-02    0.60666E+00
        -0.18411E-01   -0.20770E-02    0.78380E+00   -0.97189E-02
         0.00000E+00    0.84492E+00    0.00000E+00

     Iteration Number =  2     Error=  0.7853E-02

         0.00000E+00    0.00000E+00   -0.27757E-01   -0.22547E-02
         0.33595E+00   -0.25085E-01   -0.30459E-02    0.61158E+00
        -0.18544E-01   -0.20811E-02    0.78996E+00   -0.97847E-02
         0.00000E+00    0.85148E+00    0.00000E+00

     Iteration Number =  3     Error=  0.1795E-02

         0.00000E+00    0.00000E+00   -0.27824E-01   -0.22594E-02
         0.33668E+00   -0.25131E-01   -0.30493E-02    0.61275E+00
        -0.18569E-01   -0.20823E-02    0.79135E+00   -0.97953E-02
         0.00000E+00    0.85293E+00    0.00000E+00


   STEP NUMBER =  9   SOURCE VALUE =  0.9000E+00

     Number of iterations taken for convergence.. =  4
     The Euclidean norm of the solution error ... =  0.4240E-03
     The CONVERGED solution is:

         0.00000E+00    0.00000E+00   -0.27846E-01   -0.22611E-02
         0.33689E+00   -0.25141E-01   -0.30504E-02    0.61305E+00
        -0.18572E-01   -0.20826E-02    0.79166E+00   -0.97959E-02
         0.00000E+00    0.85325E+00    0.00000E+00

     Iteration Number =  1     Error=  0.3424E-01

         0.00000E+00    0.00000E+00   -0.28813E-01   -0.24562E-02
         0.34877E+00   -0.26036E-01   -0.33199E-02    0.63477E+00
        -0.19236E-01   -0.22694E-02    0.81974E+00   -0.10145E-01
         0.00000E+00    0.88352E+00    0.00000E+00

     Iteration Number =  2     Error=  0.6903E-02

         0.00000E+00    0.00000E+00   -0.29038E-01   -0.24702E-02
         0.35139E+00   -0.26219E-01   -0.33307E-02    0.63930E+00
        -0.19358E-01   -0.22727E-02    0.82539E+00   -0.10205E-01
         0.00000E+00    0.88954E+00    0.00000E+00

     Iteration Number =  3     Error=  0.1554E-02

         0.00000E+00    0.00000E+00   -0.29101E-01   -0.24747E-02
         0.35207E+00   -0.26260E-01   -0.33338E-02    0.64036E+00
        -0.19379E-01   -0.22736E-02    0.82664E+00   -0.10214E-01
         0.00000E+00    0.89084E+00    0.00000E+00


   STEP NUMBER = 10   SOURCE VALUE =  0.1000E+01

     Number of iterations taken for convergence.. =  4
     The Euclidean norm of the solution error ... =  0.3611E-03
     The CONVERGED solution is:

         0.00000E+00    0.00000E+00   -0.29121E-01   -0.24763E-02
         0.35226E+00   -0.26270E-01   -0.33348E-02    0.64063E+00
        -0.19382E-01   -0.22739E-02    0.82692E+00   -0.10214E-01
         0.00000E+00    0.89112E+00    0.00000E+00
