     *** ECHO OF THE INPUT DATA STARTS ***

Example 5.2.1: Nonlinear analysis of a hinged-hinged beam problem               
  2   0   4                        MODEL,IEL,NEM                                
  0.0  50.0                        X0,AL                                        
  1  1  30.0E06  0.3               B,H,E,GNIU                                   
                                                                                
  0.0  0.0  0.0                    FX0,FX1,FX2                                  
  6.0  0.0  0.0                    QX0,QX1,QX2                                  
  5   0   0                        NSPV,NSSV,NSMB                               
  1   1   0.0                       ISPV(1,1),ISPV(1,2),VSPV(1)                 
  1   2   0.0                       ISPV(1,1),ISPV(1,2),VSPV(1)                 
  1   3   0.0                       ISPV(1,1),ISPV(1,2),VSPV(1)                 
  5   1   0.0                       ISPV(2,1),ISPV(2,2),VSPV(2)                 
  5   3   0.0                       ISPV(3,1),ISPV(3,2),VSPV(3)                 
                                                                                
  1   0                            NONLIN,NPRNT                                 
  10   50  1.0E-03  0.0             NLS, ITMAX, EPS, GAMA                       
  2   1                            NGP, LGP                                     
  0.1 0.1 0.1 0.1 0.1                                                           
  0.1 0.1 0.1 0.1 0.1              DP(I)                                        
                                                                                
  0.0 0.0 0.0 0.0 0.0 0.0 0.0 0.0                                               
  0.0 0.0 0.0 0.0 0.0 0.0 0.0      GP1(I)                                       

     **** ECHO OF THE INPUT DATA ENDS ****

________________________________________________________________________________
        Output from computer program  FEM1DBEAM              by J. N. Reddy
________________________________________________________________________________


Example 5.2.1: Nonlinear analysis of a hinged-hinged beam problem               

    *** ANALYSIS OF MODEL  2 PROBLEM ***
               (see the code below)

    MODEL=1: A problem described by MODEL EQ. 1
    MODEL=2: A Euler-Bernoulli BEAM problem
    MODEL=3: A Timoshenko BEAM problem


   P R O B L E M   D A T A:

     Coordinate of node 1 ....................... =   0.0000E+00
     Length of the beam ......................... =   0.5000E+02
     Width of cross-section for the beam, B ..... =   0.1000E+01
     Height of cross-section for the beam, H .... =   0.1000E+01
     Elastic modulus of the beam material, E .... =   0.3000E+08
     Axial stiffness for the beam, EA ........... =   0.3000E+08
     Bending stiffness for the beam, EI ......... =   0.2500E+07
     Coefficient of 1 in QX, QX0 ................ =   0.6000E+01
     Coefficient of x in QX, QX1 ................ =   0.0000E+00
     Coefficient of x*x in QX, QX2 .............. =   0.0000E+00
     Coefficient of 1 in FX, FX0 ................ =   0.0000E+00
     Coefficient of x in FX, FX1 ................ =   0.0000E+00
     Coefficient of x*x in FX, FX2 .............. =   0.0000E+00


   M E S H   D A T A:

     Number of elements in the mesh, NEM......... =    4
     Type of element(0:hermite;1:linear;2:quadratic;) .. =    0
     Number of nodes in the mesh, NNM ........... =    5
     Number of deg. of freedom per node, NDF..... =    3
     Number of total DOF in the model, NEQ....... =   15
     GLOBAL COORDINATES OF THE GLOBAL NODES ..... =

        0.0000E+00   0.1250E+02   0.2500E+02   0.3750E+02   0.5000E+02

          CONNECTIVITY MATRIX:

              1    2
              2    3
              3    4
              4    5

   B O U N D A R Y   D A T A:

     Number of specified PRIMARY variables ...... =    5
     Specified PRIMARY degrees of freedom ....... :

              1    1   0.0000E+00
              1    2   0.0000E+00
              1    3   0.0000E+00
              5    1   0.0000E+00
              5    3   0.0000E+00

     *** NONLINEAR Analysis with DIRECT ITERATION ***


   NONLINEAR  A N A L Y S I S   D A T A:

     Number of load steps used, NLS ............. =   10
     Maximum allowable number of iterations ..... =   50
     Allowable convergence tolerance (EPS) ...... =   0.1000E-02
     Acceleration parameter:GAMA*GP2+(1-GAMA)*GP1 =   0.0000E+00

   INITIAL (GUESS) VECTOR:

     0.00000E+00  0.00000E+00  0.00000E+00  0.00000E+00  0.00000E+00  0.00000E+00  0.00000E+00  0.00000E+00  0.00000E+00  0.00000E+00  0.00000E+00  0.00000E+00  0.00000E+00  0.00000E+00  0.00000E+00

     First iteration solution at source value ... =  0.1000E+00

         0.00000E+00    0.00000E+00    0.00000E+00    0.00000E+00
         0.11963E-01   -0.16406E-02    0.00000E+00    0.35156E-01
        -0.18750E-02    0.00000E+00    0.54932E-01   -0.11719E-02
         0.00000E+00    0.62500E-01    0.00000E+00

     Iteration Number =  1     Error=  0.1000E+01

         0.00000E+00    0.00000E+00    0.00000E+00    0.00000E+00
         0.11963E-01   -0.16406E-02    0.00000E+00    0.35156E-01
        -0.18750E-02    0.00000E+00    0.54932E-01   -0.11719E-02
         0.00000E+00    0.62500E-01    0.00000E+00

     Iteration Number =  2     Error=  0.2819E-02

         0.00000E+00    0.00000E+00    0.00000E+00    0.53663E-05
         0.11935E-01   -0.16366E-02   -0.53117E-05    0.35064E-01
        -0.18696E-02   -0.95648E-05    0.54777E-01   -0.11682E-02
         0.00000E+00    0.62321E-01    0.00000E+00


   STEP NUMBER =  1   SOURCE VALUE =  0.1000E+00

     Number of iterations taken for convergence.. =  3
     The Euclidean norm of the solution error ... =  0.1632E-04
     The CONVERGED solution is:

         0.00000E+00    0.00000E+00    0.00000E+00    0.53470E-05
         0.11935E-01   -0.16366E-02   -0.53020E-05    0.35064E-01
        -0.18696E-02   -0.95383E-05    0.54778E-01   -0.11682E-02
         0.00000E+00    0.62322E-01    0.00000E+00

     Iteration Number =  1     Error=  0.5000E+00

         0.00000E+00    0.00000E+00    0.00000E+00    0.10694E-04
         0.23870E-01   -0.32732E-02   -0.10604E-04    0.70128E-01
        -0.37392E-02   -0.19077E-04    0.10956E+00   -0.23364E-02
         0.00000E+00    0.12464E+00    0.00000E+00

     Iteration Number =  2     Error=  0.8372E-02

         0.00000E+00    0.00000E+00    0.00000E+00    0.21159E-04
         0.23704E-01   -0.32494E-02   -0.21092E-04    0.69582E-01
        -0.37070E-02   -0.37840E-04    0.10865E+00   -0.23144E-02
         0.00000E+00    0.12358E+00    0.00000E+00


   STEP NUMBER =  2   SOURCE VALUE =  0.2000E+00

     Number of iterations taken for convergence.. =  3
     The Euclidean norm of the solution error ... =  0.1896E-03
     The CONVERGED solution is:

         0.00000E+00    0.00000E+00    0.00000E+00    0.20936E-04
         0.23708E-01   -0.32500E-02   -0.20980E-04    0.69594E-01
        -0.37078E-02   -0.37535E-04    0.10867E+00   -0.23149E-02
         0.00000E+00    0.12361E+00    0.00000E+00

     Iteration Number =  1     Error=  0.3333E+00

         0.00000E+00    0.00000E+00    0.00000E+00    0.31412E-04
         0.35562E-01   -0.48749E-02   -0.31473E-04    0.10439E+00
        -0.55616E-02   -0.56312E-04    0.16300E+00   -0.34724E-02
         0.00000E+00    0.18541E+00    0.00000E+00

     Iteration Number =  2     Error=  0.1360E-01

         0.00000E+00    0.00000E+00    0.00000E+00    0.46298E-04
         0.35164E-01   -0.48177E-02   -0.46794E-04    0.10308E+00
        -0.54844E-02   -0.83343E-04    0.16081E+00   -0.34196E-02
         0.00000E+00    0.18287E+00    0.00000E+00


   STEP NUMBER =  3   SOURCE VALUE =  0.3000E+00

     Number of iterations taken for convergence.. =  3
     The Euclidean norm of the solution error ... =  0.6665E-03
     The CONVERGED solution is:

         0.00000E+00    0.00000E+00    0.00000E+00    0.45532E-04
         0.35183E-01   -0.48205E-02   -0.46399E-04    0.10314E+00
        -0.54882E-02   -0.82288E-04    0.16092E+00   -0.34223E-02
         0.00000E+00    0.18299E+00    0.00000E+00

     Iteration Number =  1     Error=  0.2500E+00

         0.00000E+00    0.00000E+00    0.00000E+00    0.60761E-04
         0.46909E-01   -0.64271E-02   -0.61890E-04    0.13752E+00
        -0.73173E-02   -0.10979E-03    0.21455E+00   -0.45629E-02
         0.00000E+00    0.24398E+00    0.00000E+00

     Iteration Number =  2     Error=  0.1828E-01

         0.00000E+00    0.00000E+00    0.00000E+00    0.79116E-04
         0.46207E-01   -0.63263E-02   -0.81545E-04    0.13520E+00
        -0.71813E-02   -0.14377E-03    0.21069E+00   -0.44701E-02
         0.00000E+00    0.23950E+00    0.00000E+00

     Iteration Number =  3     Error=  0.1512E-02

         0.00000E+00    0.00000E+00    0.00000E+00    0.77421E-04
         0.46264E-01   -0.63346E-02   -0.80654E-04    0.13539E+00
        -0.71926E-02   -0.14142E-03    0.21101E+00   -0.44779E-02
         0.00000E+00    0.23988E+00    0.00000E+00


   STEP NUMBER =  4   SOURCE VALUE =  0.4000E+00

     Number of iterations taken for convergence.. =  4
     The Euclidean norm of the solution error ... =  0.1247E-03
     The CONVERGED solution is:

         0.00000E+00    0.00000E+00    0.00000E+00    0.77565E-04
         0.46259E-01   -0.63339E-02   -0.80722E-04    0.13538E+00
        -0.71917E-02   -0.14161E-03    0.21098E+00   -0.44773E-02
         0.00000E+00    0.23984E+00    0.00000E+00

     Iteration Number =  1     Error=  0.2000E+00

         0.00000E+00    0.00000E+00    0.00000E+00    0.96942E-04
         0.57824E-01   -0.79175E-02   -0.10090E-03    0.16922E+00
        -0.89897E-02   -0.17699E-03    0.26373E+00   -0.55966E-02
         0.00000E+00    0.29981E+00    0.00000E+00

     Iteration Number =  2     Error=  0.2230E-01

         0.00000E+00    0.00000E+00    0.00000E+00    0.11772E-03
         0.56775E-01   -0.77668E-02   -0.12431E-03    0.16576E+00
        -0.87866E-02   -0.21646E-03    0.25797E+00   -0.54581E-02
         0.00000E+00    0.29312E+00    0.00000E+00

     Iteration Number =  3     Error=  0.2708E-02

         0.00000E+00    0.00000E+00    0.00000E+00    0.11477E-03
         0.56900E-01   -0.77849E-02   -0.12272E-03    0.16618E+00
        -0.88114E-02   -0.21234E-03    0.25867E+00   -0.54753E-02
         0.00000E+00    0.29394E+00    0.00000E+00


   STEP NUMBER =  5   SOURCE VALUE =  0.5000E+00

     Number of iterations taken for convergence.. =  4
     The Euclidean norm of the solution error ... =  0.3283E-03
     The CONVERGED solution is:

         0.00000E+00    0.00000E+00    0.00000E+00    0.11514E-03
         0.56885E-01   -0.77827E-02   -0.12290E-03    0.16613E+00
        -0.88084E-02   -0.21284E-03    0.25858E+00   -0.54732E-02
         0.00000E+00    0.29384E+00    0.00000E+00

     Iteration Number =  1     Error=  0.1667E+00

         0.00000E+00    0.00000E+00    0.00000E+00    0.13811E-03
         0.68264E-01   -0.93396E-02   -0.14745E-03    0.19936E+00
        -0.10571E-01   -0.25533E-03    0.31031E+00   -0.65682E-02
         0.00000E+00    0.35262E+00    0.00000E+00

     Iteration Number =  2     Error=  0.2562E-01

         0.00000E+00    0.00000E+00    0.00000E+00    0.16028E-03
         0.66849E-01   -0.91365E-02   -0.17404E-03    0.19470E+00
        -0.10297E-01   -0.29881E-03    0.30255E+00   -0.63816E-02
         0.00000E+00    0.34360E+00    0.00000E+00

     Iteration Number =  3     Error=  0.4180E-02

         0.00000E+00    0.00000E+00    0.00000E+00    0.15588E-03
         0.67075E-01   -0.91693E-02   -0.17160E-03    0.19545E+00
        -0.10342E-01   -0.29261E-03    0.30382E+00   -0.64128E-02
         0.00000E+00    0.34508E+00    0.00000E+00


   STEP NUMBER =  6   SOURCE VALUE =  0.6000E+00

     Number of iterations taken for convergence.. =  4
     The Euclidean norm of the solution error ... =  0.6822E-03
     The CONVERGED solution is:

         0.00000E+00    0.00000E+00    0.00000E+00    0.15663E-03
         0.67038E-01   -0.91640E-02   -0.17197E-03    0.19533E+00
        -0.10335E-01   -0.29363E-03    0.30361E+00   -0.64077E-02
         0.00000E+00    0.34484E+00    0.00000E+00

     Iteration Number =  1     Error=  0.1430E+00

         0.00000E+00    0.00000E+00    0.00000E+00    0.18259E-03
         0.78218E-01   -0.10692E-01   -0.20056E-03    0.22791E+00
        -0.12058E-01   -0.34237E-03    0.35425E+00   -0.74766E-02
         0.00000E+00    0.40236E+00    0.00000E+00

     Iteration Number =  2     Error=  0.2829E-01

         0.00000E+00    0.00000E+00    0.00000E+00    0.20526E-03
         0.76436E-01   -0.10437E-01   -0.22977E-03    0.22204E+00
        -0.11714E-01   -0.38857E-03    0.34449E+00   -0.72421E-02
         0.00000E+00    0.39102E+00    0.00000E+00

     Iteration Number =  3     Error=  0.5833E-02

         0.00000E+00    0.00000E+00    0.00000E+00    0.19934E-03
         0.76796E-01   -0.10489E-01   -0.22638E-03    0.22325E+00
        -0.11786E-01   -0.38015E-03    0.34651E+00   -0.72918E-02
         0.00000E+00    0.39338E+00    0.00000E+00

     Iteration Number =  4     Error=  0.1206E-02

         0.00000E+00    0.00000E+00    0.00000E+00    0.20062E-03
         0.76722E-01   -0.10478E-01   -0.22701E-03    0.22300E+00
        -0.11771E-01   -0.38190E-03    0.34609E+00   -0.72815E-02
         0.00000E+00    0.39289E+00    0.00000E+00


   STEP NUMBER =  7   SOURCE VALUE =  0.7000E+00

     Number of iterations taken for convergence.. =  5
     The Euclidean norm of the solution error ... =  0.2496E-03
     The CONVERGED solution is:

         0.00000E+00    0.00000E+00    0.00000E+00    0.20035E-03
         0.76738E-01   -0.10480E-01   -0.22688E-03    0.22305E+00
        -0.11774E-01   -0.38154E-03    0.34618E+00   -0.72836E-02
         0.00000E+00    0.39299E+00    0.00000E+00

     Iteration Number =  1     Error=  0.1250E+00

         0.00000E+00    0.00000E+00    0.00000E+00    0.22904E-03
         0.87697E-01   -0.11977E-01   -0.25933E-03    0.25490E+00
        -0.13456E-01   -0.43613E-03    0.39562E+00   -0.83236E-02
         0.00000E+00    0.44911E+00    0.00000E+00

     Iteration Number =  2     Error=  0.3033E-01

         0.00000E+00    0.00000E+00    0.00000E+00    0.25141E-03
         0.85565E-01   -0.11672E-01   -0.29062E-03    0.24789E+00
        -0.13044E-01   -0.48384E-03    0.38395E+00   -0.80438E-02
         0.00000E+00    0.43557E+00    0.00000E+00

     Iteration Number =  3     Error=  0.7562E-02

         0.00000E+00    0.00000E+00    0.00000E+00    0.24403E-03
         0.86087E-01   -0.11747E-01   -0.28626E-03    0.24963E+00
        -0.13148E-01   -0.47324E-03    0.38688E+00   -0.81157E-02
         0.00000E+00    0.43898E+00    0.00000E+00

     Iteration Number =  4     Error=  0.1898E-02

         0.00000E+00    0.00000E+00    0.00000E+00    0.24598E-03
         0.85956E-01   -0.11728E-01   -0.28724E-03    0.24919E+00
        -0.13122E-01   -0.47591E-03    0.38614E+00   -0.80976E-02
         0.00000E+00    0.43813E+00    0.00000E+00


   STEP NUMBER =  8   SOURCE VALUE =  0.8000E+00

     Number of iterations taken for convergence.. =  5
     The Euclidean norm of the solution error ... =  0.4761E-03
     The CONVERGED solution is:

         0.00000E+00    0.00000E+00    0.00000E+00    0.24549E-03
         0.85989E-01   -0.11733E-01   -0.28700E-03    0.24930E+00
        -0.13129E-01   -0.47524E-03    0.38633E+00   -0.81021E-02
         0.00000E+00    0.43834E+00    0.00000E+00

     Iteration Number =  1     Error=  0.1110E+00

         0.00000E+00    0.00000E+00    0.00000E+00    0.27631E-03
         0.96728E-01   -0.13198E-01   -0.32294E-03    0.28044E+00
        -0.14768E-01   -0.53483E-03    0.43457E+00   -0.91136E-02
         0.00000E+00    0.49307E+00    0.00000E+00

     Iteration Number =  2     Error=  0.3187E-01

         0.00000E+00    0.00000E+00    0.00000E+00    0.29781E-03
         0.94269E-01   -0.12846E-01   -0.35589E-03    0.27235E+00
        -0.14294E-01   -0.58318E-03    0.42112E+00   -0.87914E-02
         0.00000E+00    0.47746E+00    0.00000E+00

     Iteration Number =  3     Error=  0.9300E-02

         0.00000E+00    0.00000E+00    0.00000E+00    0.28912E-03
         0.94974E-01   -0.12948E-01   -0.35056E-03    0.27470E+00
        -0.14435E-01   -0.57054E-03    0.42508E+00   -0.88885E-02
         0.00000E+00    0.48208E+00    0.00000E+00

     Iteration Number =  4     Error=  0.2742E-02

         0.00000E+00    0.00000E+00    0.00000E+00    0.29182E-03
         0.94767E-01   -0.12918E-01   -0.35195E-03    0.27401E+00
        -0.14394E-01   -0.57427E-03    0.42391E+00   -0.88598E-02
         0.00000E+00    0.48072E+00    0.00000E+00


   STEP NUMBER =  9   SOURCE VALUE =  0.9000E+00

     Number of iterations taken for convergence.. =  5
     The Euclidean norm of the solution error ... =  0.8071E-03
     The CONVERGED solution is:

         0.00000E+00    0.00000E+00    0.00000E+00    0.29103E-03
         0.94828E-01   -0.12927E-01   -0.35155E-03    0.27422E+00
        -0.14406E-01   -0.57318E-03    0.42426E+00   -0.88683E-02
         0.00000E+00    0.48112E+00    0.00000E+00

     Iteration Number =  1     Error=  0.9979E-01

         0.00000E+00    0.00000E+00    0.00000E+00    0.32363E-03
         0.10534E+00   -0.14360E-01   -0.39074E-03    0.30462E+00
        -0.16002E-01   -0.63722E-03    0.47128E+00   -0.98509E-02
         0.00000E+00    0.53445E+00    0.00000E+00

     Iteration Number =  2     Error=  0.3297E-01

         0.00000E+00    0.00000E+00    0.00000E+00    0.34379E-03
         0.10259E+00   -0.13965E-01   -0.42497E-03    0.29555E+00
        -0.15472E-01   -0.68544E-03    0.45621E+00   -0.94901E-02
         0.00000E+00    0.51696E+00    0.00000E+00

     Iteration Number =  3     Error=  0.1098E-01

         0.00000E+00    0.00000E+00    0.00000E+00    0.33399E-03
         0.10349E+00   -0.14096E-01   -0.41873E-03    0.29857E+00
        -0.15652E-01   -0.67100E-03    0.46129E+00   -0.96146E-02
         0.00000E+00    0.52287E+00    0.00000E+00

     Iteration Number =  4     Error=  0.3711E-02

         0.00000E+00    0.00000E+00    0.00000E+00    0.33750E-03
         0.10319E+00   -0.14052E-01   -0.42057E-03    0.29755E+00
        -0.15591E-01   -0.67588E-03    0.45958E+00   -0.95725E-02
         0.00000E+00    0.52088E+00    0.00000E+00

     Iteration Number =  5     Error=  0.1250E-02

         0.00000E+00    0.00000E+00    0.00000E+00    0.33632E-03
         0.10329E+00   -0.14067E-01   -0.41996E-03    0.29790E+00
        -0.15611E-01   -0.67425E-03    0.46015E+00   -0.95867E-02
         0.00000E+00    0.52155E+00    0.00000E+00


   STEP NUMBER = 10   SOURCE VALUE =  0.1000E+01

     Number of iterations taken for convergence.. =  6
     The Euclidean norm of the solution error ... =  0.4215E-03
     The CONVERGED solution is:

         0.00000E+00    0.00000E+00    0.00000E+00    0.33672E-03
         0.10325E+00   -0.14062E-01   -0.42017E-03    0.29778E+00
        -0.15605E-01   -0.67480E-03    0.45996E+00   -0.95819E-02
         0.00000E+00    0.52132E+00    0.00000E+00
