     *** ECHO OF THE INPUT DATA STARTS ***

Example 5.2.1: Nonlinear analysis of a hinged-hinged beam problem               
  2   0   4                        MODEL,IEL,NEM                                
  0.0  50.0                        X0,AL                                        
  1  1  30.0E06  0.3               B,H,E,GNIU                                   
                                                                                
  0.0  0.0  0.0                    FX0,FX1,FX2                                  
  8.0  0.0  0.0                    QX0,QX1,QX2                                  
  5   0   0                        NSPV,NSSV,NSMB                               
  1   1   0.0                       ISPV(1,1),ISPV(1,2),VSPV(1)                 
  1   2   0.0                       ISPV(1,1),ISPV(1,2),VSPV(1)                 
  1   3   0.0                       ISPV(1,1),ISPV(1,2),VSPV(1)                 
  5   1   0.0                       ISPV(2,1),ISPV(2,2),VSPV(2)                 
  5   3   0.0                       ISPV(3,1),ISPV(3,2),VSPV(3)                 
                                                                                
  1   0                            NONLIN,NPRNT                                 
  10   50  1.0E-03  0.0             NLS, ITMAX, EPS, GAMA                       
  2   1                            NGP, LGP                                     
  0.1 0.1 0.1 0.1 0.1                                                           
  0.1 0.1 0.1 0.1 0.1              DP(I)                                        
                                                                                
  0.0 0.0 0.0 0.0 0.0 0.0 0.0 0.0                                               
  0.0 0.0 0.0 0.0 0.0 0.0 0.0      GP1(I)                                       

     **** ECHO OF THE INPUT DATA ENDS ****

________________________________________________________________________________
        Output from computer program  FEM1DBEAM              by J. N. Reddy
________________________________________________________________________________


Example 5.2.1: Nonlinear analysis of a hinged-hinged beam problem               

    *** ANALYSIS OF MODEL  2 PROBLEM ***
               (see the code below)

    MODEL=1: A problem described by MODEL EQ. 1
    MODEL=2: A Euler-Bernoulli BEAM problem
    MODEL=3: A Timoshenko BEAM problem


   P R O B L E M   D A T A:

     Coordinate of node 1 ....................... =   0.0000E+00
     Length of the beam ......................... =   0.5000E+02
     Width of cross-section for the beam, B ..... =   0.1000E+01
     Height of cross-section for the beam, H .... =   0.1000E+01
     Elastic modulus of the beam material, E .... =   0.3000E+08
     Axial stiffness for the beam, EA ........... =   0.3000E+08
     Bending stiffness for the beam, EI ......... =   0.2500E+07
     Coefficient of 1 in QX, QX0 ................ =   0.8000E+01
     Coefficient of x in QX, QX1 ................ =   0.0000E+00
     Coefficient of x*x in QX, QX2 .............. =   0.0000E+00
     Coefficient of 1 in FX, FX0 ................ =   0.0000E+00
     Coefficient of x in FX, FX1 ................ =   0.0000E+00
     Coefficient of x*x in FX, FX2 .............. =   0.0000E+00


   M E S H   D A T A:

     Number of elements in the mesh, NEM......... =    4
     Type of element(0:hermite;1:linear;2:quadratic;) .. =    0
     Number of nodes in the mesh, NNM ........... =    5
     Number of deg. of freedom per node, NDF..... =    3
     Number of total DOF in the model, NEQ....... =   15
     GLOBAL COORDINATES OF THE GLOBAL NODES ..... =

        0.0000E+00   0.1250E+02   0.2500E+02   0.3750E+02   0.5000E+02

          CONNECTIVITY MATRIX:

              1    2
              2    3
              3    4
              4    5

   B O U N D A R Y   D A T A:

     Number of specified PRIMARY variables ...... =    5
     Specified PRIMARY degrees of freedom ....... :

              1    1   0.0000E+00
              1    2   0.0000E+00
              1    3   0.0000E+00
              5    1   0.0000E+00
              5    3   0.0000E+00

     *** NONLINEAR Analysis with DIRECT ITERATION ***


   NONLINEAR  A N A L Y S I S   D A T A:

     Number of load steps used, NLS ............. =   10
     Maximum allowable number of iterations ..... =   50
     Allowable convergence tolerance (EPS) ...... =   0.1000E-02
     Acceleration parameter:GAMA*GP2+(1-GAMA)*GP1 =   0.0000E+00

   INITIAL (GUESS) VECTOR:

     0.00000E+00  0.00000E+00  0.00000E+00  0.00000E+00  0.00000E+00  0.00000E+00  0.00000E+00  0.00000E+00  0.00000E+00  0.00000E+00  0.00000E+00  0.00000E+00  0.00000E+00  0.00000E+00  0.00000E+00

     First iteration solution at source value ... =  0.1000E+00

         0.00000E+00    0.00000E+00    0.00000E+00    0.00000E+00
         0.15951E-01   -0.21875E-02    0.00000E+00    0.46875E-01
        -0.25000E-02    0.00000E+00    0.73242E-01   -0.15625E-02
         0.00000E+00    0.83333E-01    0.00000E+00

     Iteration Number =  1     Error=  0.1000E+01

         0.00000E+00    0.00000E+00    0.00000E+00    0.00000E+00
         0.15951E-01   -0.21875E-02    0.00000E+00    0.46875E-01
        -0.25000E-02    0.00000E+00    0.73242E-01   -0.15625E-02
         0.00000E+00    0.83333E-01    0.00000E+00

     Iteration Number =  2     Error=  0.5008E-02

         0.00000E+00    0.00000E+00    0.00000E+00    0.95132E-05
         0.15884E-01   -0.21780E-02   -0.94295E-05    0.46656E-01
        -0.24871E-02   -0.16967E-04    0.72877E-01   -0.15537E-02
         0.00000E+00    0.82909E-01    0.00000E+00


   STEP NUMBER =  1   SOURCE VALUE =  0.1000E+00

     Number of iterations taken for convergence.. =  3
     The Euclidean norm of the solution error ... =  0.5127E-04
     The CONVERGED solution is:

         0.00000E+00    0.00000E+00    0.00000E+00    0.94526E-05
         0.15885E-01   -0.21781E-02   -0.93990E-05    0.46658E-01
        -0.24872E-02   -0.16884E-04    0.72881E-01   -0.15538E-02
         0.00000E+00    0.82913E-01    0.00000E+00

     Iteration Number =  1     Error=  0.5000E+00

         0.00000E+00    0.00000E+00    0.00000E+00    0.18906E-04
         0.31770E-01   -0.43561E-02   -0.18799E-04    0.93316E-01
        -0.49745E-02   -0.33770E-04    0.14576E+00   -0.31076E-02
         0.00000E+00    0.16583E+00    0.00000E+00

     Iteration Number =  2     Error=  0.1478E-01

         0.00000E+00    0.00000E+00    0.00000E+00    0.37100E-04
         0.31383E-01   -0.43006E-02   -0.37238E-04    0.92040E-01
        -0.48995E-02   -0.66564E-04    0.14363E+00   -0.30564E-02
         0.00000E+00    0.16336E+00    0.00000E+00


   STEP NUMBER =  2   SOURCE VALUE =  0.2000E+00

     Number of iterations taken for convergence.. =  3
     The Euclidean norm of the solution error ... =  0.5815E-03
     The CONVERGED solution is:

         0.00000E+00    0.00000E+00    0.00000E+00    0.36428E-04
         0.31398E-01   -0.43027E-02   -0.36894E-04    0.92090E-01
        -0.49025E-02   -0.65640E-04    0.14372E+00   -0.30584E-02
         0.00000E+00    0.16345E+00    0.00000E+00

     Iteration Number =  1     Error=  0.3333E+00

         0.00000E+00    0.00000E+00    0.00000E+00    0.54682E-04
         0.47096E-01   -0.64540E-02   -0.55359E-04    0.13813E+00
        -0.73535E-02   -0.98514E-04    0.21557E+00   -0.45875E-02
         0.00000E+00    0.24518E+00    0.00000E+00

     Iteration Number =  2     Error=  0.2356E-01

         0.00000E+00    0.00000E+00    0.00000E+00    0.79565E-04
         0.46192E-01   -0.63241E-02   -0.81783E-04    0.13515E+00
        -0.71783E-02   -0.14439E-03    0.21060E+00   -0.44680E-02
         0.00000E+00    0.23940E+00    0.00000E+00

     Iteration Number =  3     Error=  0.1952E-02

         0.00000E+00    0.00000E+00    0.00000E+00    0.77382E-04
         0.46265E-01   -0.63348E-02   -0.80636E-04    0.13540E+00
        -0.71929E-02   -0.14137E-03    0.21102E+00   -0.44781E-02
         0.00000E+00    0.23988E+00    0.00000E+00


   STEP NUMBER =  3   SOURCE VALUE =  0.3000E+00

     Number of iterations taken for convergence.. =  4
     The Euclidean norm of the solution error ... =  0.1610E-03
     The CONVERGED solution is:

         0.00000E+00    0.00000E+00    0.00000E+00    0.77569E-04
         0.46259E-01   -0.63339E-02   -0.80723E-04    0.13538E+00
        -0.71917E-02   -0.14162E-03    0.21098E+00   -0.44772E-02
         0.00000E+00    0.23984E+00    0.00000E+00

     Iteration Number =  1     Error=  0.2500E+00

         0.00000E+00    0.00000E+00    0.00000E+00    0.10340E-03
         0.61679E-01   -0.84453E-02   -0.10762E-03    0.18050E+00
        -0.95890E-02   -0.18879E-03    0.28131E+00   -0.59697E-02
         0.00000E+00    0.31980E+00    0.00000E+00

     Iteration Number =  2     Error=  0.3082E-01

         0.00000E+00    0.00000E+00    0.00000E+00    0.13247E-03
         0.60145E-01   -0.82250E-02   -0.14068E-03    0.17544E+00
        -0.92920E-02   -0.24426E-03    0.27289E+00   -0.57672E-02
         0.00000E+00    0.31001E+00    0.00000E+00

     Iteration Number =  3     Error=  0.4169E-02

         0.00000E+00    0.00000E+00    0.00000E+00    0.12800E-03
         0.60349E-01   -0.82545E-02   -0.13824E-03    0.17612E+00
        -0.93325E-02   -0.23799E-03    0.27403E+00   -0.57952E-02
         0.00000E+00    0.31134E+00    0.00000E+00


   STEP NUMBER =  4   SOURCE VALUE =  0.4000E+00

     Number of iterations taken for convergence.. =  4
     The Euclidean norm of the solution error ... =  0.5625E-03
     The CONVERGED solution is:

         0.00000E+00    0.00000E+00    0.00000E+00    0.12863E-03
         0.60321E-01   -0.82506E-02   -0.13855E-03    0.17603E+00
        -0.93271E-02   -0.23884E-03    0.27388E+00   -0.57914E-02
         0.00000E+00    0.31116E+00    0.00000E+00

     Iteration Number =  1     Error=  0.2001E+00

         0.00000E+00    0.00000E+00    0.00000E+00    0.16068E-03
         0.75406E-01   -0.10314E-01   -0.17313E-03    0.22006E+00
        -0.11660E-01   -0.29841E-03    0.34237E+00   -0.72399E-02
         0.00000E+00    0.38899E+00    0.00000E+00

     Iteration Number =  2     Error=  0.3644E-01

         0.00000E+00    0.00000E+00    0.00000E+00    0.19153E-03
         0.73207E-01   -0.99984E-02   -0.21142E-03    0.21281E+00
        -0.11235E-01   -0.36002E-03    0.33031E+00   -0.69502E-02
         0.00000E+00    0.37498E+00    0.00000E+00

     Iteration Number =  3     Error=  0.6989E-02

         0.00000E+00    0.00000E+00    0.00000E+00    0.18436E-03
         0.73621E-01   -0.10058E-01   -0.20737E-03    0.21420E+00
        -0.11317E-01   -0.34987E-03    0.33264E+00   -0.70074E-02
         0.00000E+00    0.37770E+00    0.00000E+00

     Iteration Number =  4     Error=  0.1343E-02

         0.00000E+00    0.00000E+00    0.00000E+00    0.18581E-03
         0.73542E-01   -0.10047E-01   -0.20808E-03    0.21393E+00
        -0.11301E-01   -0.35183E-03    0.33219E+00   -0.69964E-02
         0.00000E+00    0.37718E+00    0.00000E+00


   STEP NUMBER =  5   SOURCE VALUE =  0.5000E+00

     Number of iterations taken for convergence.. =  5
     The Euclidean norm of the solution error ... =  0.2582E-03
     The CONVERGED solution is:

         0.00000E+00    0.00000E+00    0.00000E+00    0.18553E-03
         0.73557E-01   -0.10049E-01   -0.20794E-03    0.21398E+00
        -0.11304E-01   -0.35146E-03    0.33228E+00   -0.69985E-02
         0.00000E+00    0.37728E+00    0.00000E+00

     Iteration Number =  1     Error=  0.1666E+00

         0.00000E+00    0.00000E+00    0.00000E+00    0.22270E-03
         0.88265E-01   -0.12059E-01   -0.24956E-03    0.25677E+00
        -0.13565E-01   -0.42184E-03    0.39872E+00   -0.83977E-02
         0.00000E+00    0.45271E+00    0.00000E+00

     Iteration Number =  2     Error=  0.4051E-01

         0.00000E+00    0.00000E+00    0.00000E+00    0.25331E-03
         0.85425E-01   -0.11651E-01   -0.29180E-03    0.24742E+00
        -0.13017E-01   -0.48662E-03    0.38316E+00   -0.80245E-02
         0.00000E+00    0.43465E+00    0.00000E+00

     Iteration Number =  3     Error=  0.1009E-01

         0.00000E+00    0.00000E+00    0.00000E+00    0.24351E-03
         0.86121E-01   -0.11752E-01   -0.28599E-03    0.24975E+00
        -0.13155E-01   -0.47252E-03    0.38707E+00   -0.81205E-02
         0.00000E+00    0.43921E+00    0.00000E+00

     Iteration Number =  4     Error=  0.2533E-02

         0.00000E+00    0.00000E+00    0.00000E+00    0.24611E-03
         0.85948E-01   -0.11727E-01   -0.28730E-03    0.24916E+00
        -0.13121E-01   -0.47609E-03    0.38609E+00   -0.80964E-02
         0.00000E+00    0.43807E+00    0.00000E+00


   STEP NUMBER =  6   SOURCE VALUE =  0.6000E+00

     Number of iterations taken for convergence.. =  5
     The Euclidean norm of the solution error ... =  0.6353E-03
     The CONVERGED solution is:

         0.00000E+00    0.00000E+00    0.00000E+00    0.24546E-03
         0.85991E-01   -0.11733E-01   -0.28698E-03    0.24931E+00
        -0.13129E-01   -0.47520E-03    0.38634E+00   -0.81024E-02
         0.00000E+00    0.43835E+00    0.00000E+00

     Iteration Number =  1     Error=  0.1427E+00

         0.00000E+00    0.00000E+00    0.00000E+00    0.28656E-03
         0.10031E+00   -0.13687E-01   -0.33490E-03    0.29082E+00
        -0.15315E-01   -0.55466E-03    0.45066E+00   -0.94511E-02
         0.00000E+00    0.51133E+00    0.00000E+00

     Iteration Number =  2     Error=  0.4331E-01

         0.00000E+00    0.00000E+00    0.00000E+00    0.31547E-03
         0.96883E-01   -0.13196E-01   -0.38001E-03    0.27955E+00
        -0.14655E-01   -0.62034E-03    0.43191E+00   -0.90019E-02
         0.00000E+00    0.48957E+00    0.00000E+00

     Iteration Number =  3     Error=  0.1321E-01

         0.00000E+00    0.00000E+00    0.00000E+00    0.30334E-03
         0.97913E-01   -0.13345E-01   -0.37248E-03    0.28299E+00
        -0.14860E-01   -0.60265E-03    0.43771E+00   -0.91440E-02
         0.00000E+00    0.49632E+00    0.00000E+00

     Iteration Number =  4     Error=  0.4089E-02

         0.00000E+00    0.00000E+00    0.00000E+00    0.30733E-03
         0.97596E-01   -0.13299E-01   -0.37454E-03    0.28193E+00
        -0.14797E-01   -0.60815E-03    0.43592E+00   -0.91001E-02
         0.00000E+00    0.49424E+00    0.00000E+00

     Iteration Number =  5     Error=  0.1262E-02

         0.00000E+00    0.00000E+00    0.00000E+00    0.30611E-03
         0.97694E-01   -0.13314E-01   -0.37392E-03    0.28226E+00
        -0.14816E-01   -0.60647E-03    0.43647E+00   -0.91136E-02
         0.00000E+00    0.49488E+00    0.00000E+00


   STEP NUMBER =  7   SOURCE VALUE =  0.7000E+00

     Number of iterations taken for convergence.. =  6
     The Euclidean norm of the solution error ... =  0.3898E-03
     The CONVERGED solution is:

         0.00000E+00    0.00000E+00    0.00000E+00    0.30649E-03
         0.97664E-01   -0.13309E-01   -0.37411E-03    0.28216E+00
        -0.14810E-01   -0.60699E-03    0.43630E+00   -0.91094E-02
         0.00000E+00    0.49469E+00    0.00000E+00

     Iteration Number =  1     Error=  0.1251E+00

         0.00000E+00    0.00000E+00    0.00000E+00    0.35014E-03
         0.11163E+00   -0.15212E-01   -0.42748E-03    0.32250E+00
        -0.16928E-01   -0.69352E-03    0.49869E+00   -0.10412E-01
         0.00000E+00    0.56543E+00    0.00000E+00

     Iteration Number =  2     Error=  0.4523E-01

         0.00000E+00    0.00000E+00    0.00000E+00    0.37648E-03
         0.10767E+00   -0.14645E-01   -0.47466E-03    0.30949E+00
        -0.16167E-01   -0.75865E-03    0.47706E+00   -0.98948E-02
         0.00000E+00    0.54033E+00    0.00000E+00

     Iteration Number =  3     Error=  0.1622E-01

         0.00000E+00    0.00000E+00    0.00000E+00    0.36250E-03
         0.10907E+00   -0.14848E-01   -0.46552E-03    0.31418E+00
        -0.16446E-01   -0.73788E-03    0.48495E+00   -0.10088E-01
         0.00000E+00    0.54952E+00    0.00000E+00

     Iteration Number =  4     Error=  0.5944E-02

         0.00000E+00    0.00000E+00    0.00000E+00    0.36798E-03
         0.10856E+00   -0.14774E-01   -0.46843E-03    0.31247E+00
        -0.16344E-01   -0.74551E-03    0.48207E+00   -0.10017E-01
         0.00000E+00    0.54617E+00    0.00000E+00

     Iteration Number =  5     Error=  0.2165E-02

         0.00000E+00    0.00000E+00    0.00000E+00    0.36599E-03
         0.10874E+00   -0.14801E-01   -0.46740E-03    0.31309E+00
        -0.16382E-01   -0.74275E-03    0.48312E+00   -0.10043E-01
         0.00000E+00    0.54739E+00    0.00000E+00


   STEP NUMBER =  8   SOURCE VALUE =  0.8000E+00

     Number of iterations taken for convergence.. =  6
     The Euclidean norm of the solution error ... =  0.7903E-03
     The CONVERGED solution is:

         0.00000E+00    0.00000E+00    0.00000E+00    0.36672E-03
         0.10868E+00   -0.14792E-01   -0.46777E-03    0.31287E+00
        -0.16368E-01   -0.74376E-03    0.48274E+00   -0.10034E-01
         0.00000E+00    0.54694E+00    0.00000E+00

     Iteration Number =  1     Error=  0.1114E+00

         0.00000E+00    0.00000E+00    0.00000E+00    0.41226E-03
         0.12229E+00   -0.16645E-01   -0.52609E-03    0.35207E+00
        -0.18420E-01   -0.83632E-03    0.54324E+00   -0.11292E-01
         0.00000E+00    0.61549E+00    0.00000E+00

     Iteration Number =  2     Error=  0.4639E-01

         0.00000E+00    0.00000E+00    0.00000E+00    0.43541E-03
         0.11786E+00   -0.16011E-01   -0.57465E-03    0.33754E+00
        -0.17570E-01   -0.89973E-03    0.51910E+00   -0.10715E-01
         0.00000E+00    0.58749E+00    0.00000E+00

     Iteration Number =  3     Error=  0.1899E-01

         0.00000E+00    0.00000E+00    0.00000E+00    0.42011E-03
         0.11965E+00   -0.16271E-01   -0.56409E-03    0.34352E+00
        -0.17927E-01   -0.87657E-03    0.52917E+00   -0.10962E-01
         0.00000E+00    0.59923E+00    0.00000E+00

     Iteration Number =  4     Error=  0.7997E-02

         0.00000E+00    0.00000E+00    0.00000E+00    0.42705E-03
         0.11891E+00   -0.16163E-01   -0.56788E-03    0.34103E+00
        -0.17778E-01   -0.88631E-03    0.52497E+00   -0.10858E-01
         0.00000E+00    0.59432E+00    0.00000E+00

     Iteration Number =  5     Error=  0.3334E-02

         0.00000E+00    0.00000E+00    0.00000E+00    0.42416E-03
         0.11922E+00   -0.16208E-01   -0.56635E-03    0.34207E+00
        -0.17840E-01   -0.88228E-03    0.52673E+00   -0.10902E-01
         0.00000E+00    0.59637E+00    0.00000E+00

     Iteration Number =  6     Error=  0.1397E-02

         0.00000E+00    0.00000E+00    0.00000E+00    0.42538E-03
         0.11909E+00   -0.16189E-01   -0.56699E-03    0.34164E+00
        -0.17814E-01   -0.88397E-03    0.52599E+00   -0.10884E-01
         0.00000E+00    0.59552E+00    0.00000E+00


   STEP NUMBER =  9   SOURCE VALUE =  0.9000E+00

     Number of iterations taken for convergence.. =  7
     The Euclidean norm of the solution error ... =  0.5839E-03
     The CONVERGED solution is:

         0.00000E+00    0.00000E+00    0.00000E+00    0.42487E-03
         0.11914E+00   -0.16197E-01   -0.56672E-03    0.34182E+00
        -0.17825E-01   -0.88326E-03    0.52630E+00   -0.10891E-01
         0.00000E+00    0.59587E+00    0.00000E+00

     Iteration Number =  1     Error=  0.9978E-01

         0.00000E+00    0.00000E+00    0.00000E+00    0.47231E-03
         0.13236E+00   -0.17993E-01   -0.62981E-03    0.37971E+00
        -0.19801E-01   -0.98173E-03    0.58463E+00   -0.12098E-01
         0.00000E+00    0.66192E+00    0.00000E+00

     Iteration Number =  2     Error=  0.4668E-01

         0.00000E+00    0.00000E+00    0.00000E+00    0.49164E-03
         0.12755E+00   -0.17306E-01   -0.67909E-03    0.36397E+00
        -0.18881E-01   -0.10423E-02    0.55850E+00   -0.11474E-01
         0.00000E+00    0.63160E+00    0.00000E+00

     Iteration Number =  3     Error=  0.2134E-01

         0.00000E+00    0.00000E+00    0.00000E+00    0.47565E-03
         0.12972E+00   -0.17621E-01   -0.66740E-03    0.37122E+00
        -0.19314E-01   -0.10176E-02    0.57070E+00   -0.11774E-01
         0.00000E+00    0.64583E+00    0.00000E+00

     Iteration Number =  4     Error=  0.1010E-01

         0.00000E+00    0.00000E+00    0.00000E+00    0.48387E-03
         0.12871E+00   -0.17474E-01   -0.67201E-03    0.36783E+00
        -0.19111E-01   -0.10292E-02    0.56499E+00   -0.11633E-01
         0.00000E+00    0.63916E+00    0.00000E+00

     Iteration Number =  5     Error=  0.4712E-02

         0.00000E+00    0.00000E+00    0.00000E+00    0.48004E-03
         0.12919E+00   -0.17543E-01   -0.66992E-03    0.36942E+00
        -0.19206E-01   -0.10238E-02    0.56767E+00   -0.11699E-01
         0.00000E+00    0.64229E+00    0.00000E+00

     Iteration Number =  6     Error=  0.2214E-02

         0.00000E+00    0.00000E+00    0.00000E+00    0.48185E-03
         0.12896E+00   -0.17511E-01   -0.67090E-03    0.36868E+00
        -0.19162E-01   -0.10264E-02    0.56641E+00   -0.11668E-01
         0.00000E+00    0.64082E+00    0.00000E+00

     Iteration Number =  7     Error=  0.1037E-02

         0.00000E+00    0.00000E+00    0.00000E+00    0.48100E-03
         0.12907E+00   -0.17526E-01   -0.67044E-03    0.36903E+00
        -0.19183E-01   -0.10252E-02    0.56700E+00   -0.11682E-01
         0.00000E+00    0.64151E+00    0.00000E+00


   STEP NUMBER = 10   SOURCE VALUE =  0.1000E+01

     Number of iterations taken for convergence.. =  8
     The Euclidean norm of the solution error ... =  0.4865E-03
     The CONVERGED solution is:

         0.00000E+00    0.00000E+00    0.00000E+00    0.48140E-03
         0.12902E+00   -0.17519E-01   -0.67066E-03    0.36886E+00
        -0.19173E-01   -0.10257E-02    0.56672E+00   -0.11676E-01
         0.00000E+00    0.64118E+00    0.00000E+00
