     *** ECHO OF THE INPUT DATA STARTS ***

Example 5.2.1: Nonlinear analysis of a hinged-hinged beam problem               
  2   0   4                        MODEL,IEL,NEM                                
  0.0  50.0                        X0,AL                                        
  1  1  30.0E06  0.3               B,H,E,GNIU                                   
                                                                                
  0.0  0.0  0.0                    FX0,FX1,FX2                                  
  9.0  0.0  0.0                    QX0,QX1,QX2                                  
  5   0   0                        NSPV,NSSV,NSMB                               
  1   1   0.0                       ISPV(1,1),ISPV(1,2),VSPV(1)                 
  1   2   0.0                       ISPV(1,1),ISPV(1,2),VSPV(1)                 
  1   3   0.0                       ISPV(1,1),ISPV(1,2),VSPV(1)                 
  5   1   0.0                       ISPV(2,1),ISPV(2,2),VSPV(2)                 
  5   3   0.0                       ISPV(3,1),ISPV(3,2),VSPV(3)                 
                                                                                
  1   0                            NONLIN,NPRNT                                 
  10   50  1.0E-03  0.0             NLS, ITMAX, EPS, GAMA                       
  2   1                            NGP, LGP                                     
  0.1 0.1 0.1 0.1 0.1                                                           
  0.1 0.1 0.1 0.1 0.1              DP(I)                                        
                                                                                
  0.0 0.0 0.0 0.0 0.0 0.0 0.0 0.0                                               
  0.0 0.0 0.0 0.0 0.0 0.0 0.0      GP1(I)                                       

     **** ECHO OF THE INPUT DATA ENDS ****

________________________________________________________________________________
        Output from computer program  FEM1DBEAM              by J. N. Reddy
________________________________________________________________________________


Example 5.2.1: Nonlinear analysis of a hinged-hinged beam problem               

    *** ANALYSIS OF MODEL  2 PROBLEM ***
               (see the code below)

    MODEL=1: A problem described by MODEL EQ. 1
    MODEL=2: A Euler-Bernoulli BEAM problem
    MODEL=3: A Timoshenko BEAM problem


   P R O B L E M   D A T A:

     Coordinate of node 1 ....................... =   0.0000E+00
     Length of the beam ......................... =   0.5000E+02
     Width of cross-section for the beam, B ..... =   0.1000E+01
     Height of cross-section for the beam, H .... =   0.1000E+01
     Elastic modulus of the beam material, E .... =   0.3000E+08
     Axial stiffness for the beam, EA ........... =   0.3000E+08
     Bending stiffness for the beam, EI ......... =   0.2500E+07
     Coefficient of 1 in QX, QX0 ................ =   0.9000E+01
     Coefficient of x in QX, QX1 ................ =   0.0000E+00
     Coefficient of x*x in QX, QX2 .............. =   0.0000E+00
     Coefficient of 1 in FX, FX0 ................ =   0.0000E+00
     Coefficient of x in FX, FX1 ................ =   0.0000E+00
     Coefficient of x*x in FX, FX2 .............. =   0.0000E+00


   M E S H   D A T A:

     Number of elements in the mesh, NEM......... =    4
     Type of element(0:hermite;1:linear;2:quadratic;) .. =    0
     Number of nodes in the mesh, NNM ........... =    5
     Number of deg. of freedom per node, NDF..... =    3
     Number of total DOF in the model, NEQ....... =   15
     GLOBAL COORDINATES OF THE GLOBAL NODES ..... =

        0.0000E+00   0.1250E+02   0.2500E+02   0.3750E+02   0.5000E+02

          CONNECTIVITY MATRIX:

              1    2
              2    3
              3    4
              4    5

   B O U N D A R Y   D A T A:

     Number of specified PRIMARY variables ...... =    5
     Specified PRIMARY degrees of freedom ....... :

              1    1   0.0000E+00
              1    2   0.0000E+00
              1    3   0.0000E+00
              5    1   0.0000E+00
              5    3   0.0000E+00

     *** NONLINEAR Analysis with DIRECT ITERATION ***


   NONLINEAR  A N A L Y S I S   D A T A:

     Number of load steps used, NLS ............. =   10
     Maximum allowable number of iterations ..... =   50
     Allowable convergence tolerance (EPS) ...... =   0.1000E-02
     Acceleration parameter:GAMA*GP2+(1-GAMA)*GP1 =   0.0000E+00

   INITIAL (GUESS) VECTOR:

     0.00000E+00  0.00000E+00  0.00000E+00  0.00000E+00  0.00000E+00  0.00000E+00  0.00000E+00  0.00000E+00  0.00000E+00  0.00000E+00  0.00000E+00  0.00000E+00  0.00000E+00  0.00000E+00  0.00000E+00

     First iteration solution at source value ... =  0.1000E+00

         0.00000E+00    0.00000E+00    0.00000E+00    0.00000E+00
         0.17944E-01   -0.24609E-02    0.00000E+00    0.52734E-01
        -0.28125E-02    0.00000E+00    0.82397E-01   -0.17578E-02
         0.00000E+00    0.93750E-01    0.00000E+00

     Iteration Number =  1     Error=  0.1000E+01

         0.00000E+00    0.00000E+00    0.00000E+00    0.00000E+00
         0.17944E-01   -0.24609E-02    0.00000E+00    0.52734E-01
        -0.28125E-02    0.00000E+00    0.82397E-01   -0.17578E-02
         0.00000E+00    0.93750E-01    0.00000E+00

     Iteration Number =  2     Error=  0.6337E-02

         0.00000E+00    0.00000E+00    0.00000E+00    0.12020E-04
         0.17850E-01   -0.24474E-02   -0.11924E-04    0.52423E-01
        -0.27942E-02   -0.21446E-04    0.81878E-01   -0.17453E-02
         0.00000E+00    0.93147E-01    0.00000E+00


   STEP NUMBER =  1   SOURCE VALUE =  0.1000E+00

     Number of iterations taken for convergence.. =  3
     The Euclidean norm of the solution error ... =  0.8184E-04
     The CONVERGED solution is:

         0.00000E+00    0.00000E+00    0.00000E+00    0.11923E-04
         0.17851E-01   -0.24475E-02   -0.11875E-04    0.52427E-01
        -0.27944E-02   -0.21314E-04    0.81885E-01   -0.17455E-02
         0.00000E+00    0.93154E-01    0.00000E+00

     Iteration Number =  1     Error=  0.5000E+00

         0.00000E+00    0.00000E+00    0.00000E+00    0.23849E-04
         0.35702E-01   -0.48951E-02   -0.23752E-04    0.10485E+00
        -0.55888E-02   -0.42631E-04    0.16377E+00   -0.34909E-02
         0.00000E+00    0.18631E+00    0.00000E+00

     Iteration Number =  2     Error=  0.1863E-01

         0.00000E+00    0.00000E+00    0.00000E+00    0.46567E-04
         0.35157E-01   -0.48167E-02   -0.46933E-04    0.10305E+00
        -0.54830E-02   -0.83715E-04    0.16077E+00   -0.34187E-02
         0.00000E+00    0.18282E+00    0.00000E+00


   STEP NUMBER =  2   SOURCE VALUE =  0.2000E+00

     Number of iterations taken for convergence.. =  3
     The Euclidean norm of the solution error ... =  0.9148E-03
     The CONVERGED solution is:

         0.00000E+00    0.00000E+00    0.00000E+00    0.45518E-04
         0.35183E-01   -0.48205E-02   -0.46393E-04    0.10314E+00
        -0.54883E-02   -0.82269E-04    0.16092E+00   -0.34223E-02
         0.00000E+00    0.18300E+00    0.00000E+00

     Iteration Number =  1     Error=  0.3333E+00

         0.00000E+00    0.00000E+00    0.00000E+00    0.68357E-04
         0.52773E-01   -0.72305E-02   -0.69626E-04    0.15471E+00
        -0.82320E-02   -0.12351E-03    0.24136E+00   -0.51332E-02
         0.00000E+00    0.27448E+00    0.00000E+00

     Iteration Number =  2     Error=  0.2936E-01

         0.00000E+00    0.00000E+00    0.00000E+00    0.98718E-04
         0.51518E-01   -0.70503E-02   -0.10248E-03    0.15057E+00
        -0.79888E-02   -0.18001E-03    0.23447E+00   -0.49673E-02
         0.00000E+00    0.26647E+00    0.00000E+00

     Iteration Number =  3     Error=  0.2990E-02

         0.00000E+00    0.00000E+00    0.00000E+00    0.95426E-04
         0.51643E-01   -0.70685E-02   -0.10073E-03    0.15099E+00
        -0.80138E-02   -0.17543E-03    0.23517E+00   -0.49846E-02
         0.00000E+00    0.26729E+00    0.00000E+00


   STEP NUMBER =  3   SOURCE VALUE =  0.3000E+00

     Number of iterations taken for convergence.. =  4
     The Euclidean norm of the solution error ... =  0.3029E-03
     The CONVERGED solution is:

         0.00000E+00    0.00000E+00    0.00000E+00    0.95773E-04
         0.51630E-01   -0.70666E-02   -0.10089E-03    0.15094E+00
        -0.80112E-02   -0.17590E-03    0.23510E+00   -0.49828E-02
         0.00000E+00    0.26721E+00    0.00000E+00

     Iteration Number =  1     Error=  0.2500E+00

         0.00000E+00    0.00000E+00    0.00000E+00    0.12765E-03
         0.68842E-01   -0.94224E-02   -0.13450E-03    0.20126E+00
        -0.10682E-01   -0.23447E-03    0.31348E+00   -0.66440E-02
         0.00000E+00    0.35629E+00    0.00000E+00

     Iteration Number =  2     Error=  0.3785E-01

         0.00000E+00    0.00000E+00    0.00000E+00    0.16205E-03
         0.66755E-01   -0.91229E-02   -0.17504E-03    0.19439E+00
        -0.10278E-01   -0.30132E-03    0.30202E+00   -0.63687E-02
         0.00000E+00    0.34299E+00    0.00000E+00

     Iteration Number =  3     Error=  0.6182E-02

         0.00000E+00    0.00000E+00    0.00000E+00    0.15557E-03
         0.67090E-01   -0.91715E-02   -0.17145E-03    0.19550E+00
        -0.10345E-01   -0.29219E-03    0.30391E+00   -0.64149E-02
         0.00000E+00    0.34518E+00    0.00000E+00

     Iteration Number =  4     Error=  0.1009E-02

         0.00000E+00    0.00000E+00    0.00000E+00    0.15668E-03
         0.67036E-01   -0.91636E-02   -0.17199E-03    0.19532E+00
        -0.10334E-01   -0.29370E-03    0.30360E+00   -0.64073E-02
         0.00000E+00    0.34482E+00    0.00000E+00


   STEP NUMBER =  4   SOURCE VALUE =  0.4000E+00

     Number of iterations taken for convergence.. =  5
     The Euclidean norm of the solution error ... =  0.1647E-03
     The CONVERGED solution is:

         0.00000E+00    0.00000E+00    0.00000E+00    0.15650E-03
         0.67044E-01   -0.91649E-02   -0.17190E-03    0.19535E+00
        -0.10336E-01   -0.29345E-03    0.30365E+00   -0.64085E-02
         0.00000E+00    0.34488E+00    0.00000E+00

     Iteration Number =  1     Error=  0.2000E+00

         0.00000E+00    0.00000E+00    0.00000E+00    0.19566E-03
         0.83804E-01   -0.11456E-01   -0.21490E-03    0.24418E+00
        -0.12919E-01   -0.36687E-03    0.37955E+00   -0.80104E-02
         0.00000E+00    0.43109E+00    0.00000E+00

     Iteration Number =  2     Error=  0.4401E-01

         0.00000E+00    0.00000E+00    0.00000E+00    0.23085E-03
         0.80879E-01   -0.11036E-01   -0.26117E-03    0.23455E+00
        -0.12354E-01   -0.43938E-03    0.36352E+00   -0.76256E-02
         0.00000E+00    0.41248E+00    0.00000E+00

     Iteration Number =  3     Error=  0.1002E-01

         0.00000E+00    0.00000E+00    0.00000E+00    0.22093E-03
         0.81534E-01   -0.11131E-01   -0.25540E-03    0.23674E+00
        -0.12485E-01   -0.42520E-03    0.36720E+00   -0.77160E-02
         0.00000E+00    0.41677E+00    0.00000E+00

     Iteration Number =  4     Error=  0.2293E-02

         0.00000E+00    0.00000E+00    0.00000E+00    0.22333E-03
         0.81385E-01   -0.11110E-01   -0.25660E-03    0.23624E+00
        -0.12455E-01   -0.42848E-03    0.36636E+00   -0.76953E-02
         0.00000E+00    0.41579E+00    0.00000E+00


   STEP NUMBER =  5   SOURCE VALUE =  0.5000E+00

     Number of iterations taken for convergence.. =  5
     The Euclidean norm of the solution error ... =  0.5248E-03
     The CONVERGED solution is:

         0.00000E+00    0.00000E+00    0.00000E+00    0.22279E-03
         0.81419E-01   -0.11115E-01   -0.25633E-03    0.23636E+00
        -0.12462E-01   -0.42773E-03    0.36655E+00   -0.77000E-02
         0.00000E+00    0.41601E+00    0.00000E+00

     Iteration Number =  1     Error=  0.1666E+00

         0.00000E+00    0.00000E+00    0.00000E+00    0.26749E-03
         0.97693E-01   -0.13336E-01   -0.30767E-03    0.28360E+00
        -0.14953E-01   -0.51349E-03    0.43981E+00   -0.92387E-02
         0.00000E+00    0.49916E+00    0.00000E+00

     Iteration Number =  2     Error=  0.4817E-01

         0.00000E+00    0.00000E+00    0.00000E+00    0.30107E-03
         0.93992E-01   -0.12806E-01   -0.35801E-03    0.27142E+00
        -0.14239E-01   -0.58801E-03    0.41956E+00   -0.87532E-02
         0.00000E+00    0.47565E+00    0.00000E+00

     Iteration Number =  3     Error=  0.1401E-01

         0.00000E+00    0.00000E+00    0.00000E+00    0.28804E-03
         0.95054E-01   -0.12960E-01   -0.35001E-03    0.27497E+00
        -0.14451E-01   -0.56906E-03    0.42553E+00   -0.88997E-02
         0.00000E+00    0.48261E+00    0.00000E+00

     Iteration Number =  4     Error=  0.4136E-02

         0.00000E+00    0.00000E+00    0.00000E+00    0.29214E-03
         0.94743E-01   -0.12915E-01   -0.35211E-03    0.27393E+00
        -0.14389E-01   -0.57470E-03    0.42378E+00   -0.88565E-02
         0.00000E+00    0.48056E+00    0.00000E+00

     Iteration Number =  5     Error=  0.1217E-02

         0.00000E+00    0.00000E+00    0.00000E+00    0.29094E-03
         0.94835E-01   -0.12928E-01   -0.35151E-03    0.27424E+00
        -0.14407E-01   -0.57305E-03    0.42430E+00   -0.88693E-02
         0.00000E+00    0.48117E+00    0.00000E+00


   STEP NUMBER =  6   SOURCE VALUE =  0.6000E+00

     Number of iterations taken for convergence.. =  6
     The Euclidean norm of the solution error ... =  0.3585E-03
     The CONVERGED solution is:

         0.00000E+00    0.00000E+00    0.00000E+00    0.29129E-03
         0.94808E-01   -0.12924E-01   -0.35168E-03    0.27415E+00
        -0.14402E-01   -0.57354E-03    0.42414E+00   -0.88655E-02
         0.00000E+00    0.48099E+00    0.00000E+00

     Iteration Number =  1     Error=  0.1429E+00

         0.00000E+00    0.00000E+00    0.00000E+00    0.33972E-03
         0.11062E+00   -0.15079E-01   -0.41024E-03    0.31987E+00
        -0.16804E-01   -0.66896E-03    0.49489E+00   -0.10344E-01
         0.00000E+00    0.56121E+00    0.00000E+00

     Iteration Number =  2     Error=  0.5087E-01

         0.00000E+00    0.00000E+00    0.00000E+00    0.37018E-03
         0.10622E+00   -0.14450E-01   -0.46338E-03    0.30543E+00
        -0.15959E-01   -0.74304E-03    0.47088E+00   -0.97697E-02
         0.00000E+00    0.53335E+00    0.00000E+00

     Iteration Number =  3     Error=  0.1788E-01

         0.00000E+00    0.00000E+00    0.00000E+00    0.35467E-03
         0.10775E+00   -0.14672E-01   -0.45330E-03    0.31054E+00
        -0.16263E-01   -0.72005E-03    0.47947E+00   -0.99804E-02
         0.00000E+00    0.54336E+00    0.00000E+00

     Iteration Number =  4     Error=  0.6430E-02

         0.00000E+00    0.00000E+00    0.00000E+00    0.36065E-03
         0.10721E+00   -0.14593E-01   -0.45646E-03    0.30871E+00
        -0.16154E-01   -0.72836E-03    0.47640E+00   -0.99048E-02
         0.00000E+00    0.53978E+00    0.00000E+00

     Iteration Number =  5     Error=  0.2298E-02

         0.00000E+00    0.00000E+00    0.00000E+00    0.35852E-03
         0.10740E+00   -0.14621E-01   -0.45536E-03    0.30937E+00
        -0.16193E-01   -0.72542E-03    0.47750E+00   -0.99319E-02
         0.00000E+00    0.54107E+00    0.00000E+00


   STEP NUMBER =  7   SOURCE VALUE =  0.7000E+00

     Number of iterations taken for convergence.. =  6
     The Euclidean norm of the solution error ... =  0.8231E-03
     The CONVERGED solution is:

         0.00000E+00    0.00000E+00    0.00000E+00    0.35929E-03
         0.10733E+00   -0.14611E-01   -0.45575E-03    0.30913E+00
        -0.16179E-01   -0.72648E-03    0.47711E+00   -0.99222E-02
         0.00000E+00    0.54061E+00    0.00000E+00

     Iteration Number =  1     Error=  0.1253E+00

         0.00000E+00    0.00000E+00    0.00000E+00    0.41030E-03
         0.12269E+00   -0.16702E-01   -0.52070E-03    0.35339E+00
        -0.18496E-01   -0.82983E-03    0.54542E+00   -0.11344E-01
         0.00000E+00    0.61803E+00    0.00000E+00

     Iteration Number =  2     Error=  0.5243E-01

         0.00000E+00    0.00000E+00    0.00000E+00    0.43669E-03
         0.11770E+00   -0.15988E-01   -0.57564E-03    0.33699E+00
        -0.17538E-01   -0.90175E-03    0.51819E+00   -0.10693E-01
         0.00000E+00    0.58643E+00    0.00000E+00

     Iteration Number =  3     Error=  0.2142E-01

         0.00000E+00    0.00000E+00    0.00000E+00    0.41946E-03
         0.11972E+00   -0.16281E-01   -0.56375E-03    0.34375E+00
        -0.17941E-01   -0.87567E-03    0.52955E+00   -0.10971E-01
         0.00000E+00    0.59967E+00    0.00000E+00

     Iteration Number =  4     Error=  0.9027E-02

         0.00000E+00    0.00000E+00    0.00000E+00    0.42731E-03
         0.11888E+00   -0.16159E-01   -0.56802E-03    0.34093E+00
        -0.17772E-01   -0.88667E-03    0.52481E+00   -0.10855E-01
         0.00000E+00    0.59413E+00    0.00000E+00

     Iteration Number =  5     Error=  0.3762E-02

         0.00000E+00    0.00000E+00    0.00000E+00    0.42405E-03
         0.11923E+00   -0.16210E-01   -0.56629E-03    0.34211E+00
        -0.17843E-01   -0.88213E-03    0.52679E+00   -0.10903E-01
         0.00000E+00    0.59645E+00    0.00000E+00

     Iteration Number =  6     Error=  0.1576E-02

         0.00000E+00    0.00000E+00    0.00000E+00    0.42542E-03
         0.11908E+00   -0.16188E-01   -0.56701E-03    0.34162E+00
        -0.17813E-01   -0.88403E-03    0.52596E+00   -0.10883E-01
         0.00000E+00    0.59548E+00    0.00000E+00


   STEP NUMBER =  8   SOURCE VALUE =  0.8000E+00

     Number of iterations taken for convergence.. =  7
     The Euclidean norm of the solution error ... =  0.6589E-03
     The CONVERGED solution is:

         0.00000E+00    0.00000E+00    0.00000E+00    0.42485E-03
         0.11915E+00   -0.16197E-01   -0.56671E-03    0.34183E+00
        -0.17826E-01   -0.88324E-03    0.52631E+00   -0.10892E-01
         0.00000E+00    0.59589E+00    0.00000E+00

     Iteration Number =  1     Error=  0.1109E+00

         0.00000E+00    0.00000E+00    0.00000E+00    0.47823E-03
         0.13401E+00   -0.18218E-01   -0.63769E-03    0.38446E+00
        -0.20048E-01   -0.99402E-03    0.59194E+00   -0.12249E-01
         0.00000E+00    0.67018E+00    0.00000E+00

     Iteration Number =  2     Error=  0.5285E-01

         0.00000E+00    0.00000E+00    0.00000E+00    0.49975E-03
         0.12854E+00   -0.17435E-01   -0.69352E-03    0.36651E+00
        -0.19000E-01   -0.10623E-02    0.56215E+00   -0.11538E-01
         0.00000E+00    0.63564E+00    0.00000E+00

     Iteration Number =  3     Error=  0.2440E-01

         0.00000E+00    0.00000E+00    0.00000E+00    0.48167E-03
         0.13104E+00   -0.17799E-01   -0.68019E-03    0.37489E+00
        -0.19500E-01   -0.10343E-02    0.57624E+00   -0.11884E-01
         0.00000E+00    0.65206E+00    0.00000E+00

     Iteration Number =  4     Error=  0.1171E-01

         0.00000E+00    0.00000E+00    0.00000E+00    0.49113E-03
         0.12986E+00   -0.17627E-01   -0.68551E-03    0.37092E+00
        -0.19263E-01   -0.10477E-02    0.56956E+00   -0.11719E-01
         0.00000E+00    0.64426E+00    0.00000E+00

     Iteration Number =  5     Error=  0.5533E-02

         0.00000E+00    0.00000E+00    0.00000E+00    0.48667E-03
         0.13042E+00   -0.17708E-01   -0.68307E-03    0.37281E+00
        -0.19375E-01   -0.10414E-02    0.57273E+00   -0.11798E-01
         0.00000E+00    0.64797E+00    0.00000E+00

     Iteration Number =  6     Error=  0.2635E-02

         0.00000E+00    0.00000E+00    0.00000E+00    0.48881E-03
         0.13015E+00   -0.17670E-01   -0.68422E-03    0.37191E+00
        -0.19322E-01   -0.10444E-02    0.57122E+00   -0.11760E-01
         0.00000E+00    0.64621E+00    0.00000E+00

     Iteration Number =  7     Error=  0.1250E-02

         0.00000E+00    0.00000E+00    0.00000E+00    0.48780E-03
         0.13028E+00   -0.17688E-01   -0.68368E-03    0.37234E+00
        -0.19347E-01   -0.10430E-02    0.57194E+00   -0.11778E-01
         0.00000E+00    0.64704E+00    0.00000E+00


   STEP NUMBER =  9   SOURCE VALUE =  0.9000E+00

     Number of iterations taken for convergence.. =  8
     The Euclidean norm of the solution error ... =  0.5940E-03
     The CONVERGED solution is:

         0.00000E+00    0.00000E+00    0.00000E+00    0.48828E-03
         0.13022E+00   -0.17679E-01   -0.68394E-03    0.37213E+00
        -0.19335E-01   -0.10436E-02    0.57160E+00   -0.11770E-01
         0.00000E+00    0.64664E+00    0.00000E+00

     Iteration Number =  1     Error=  0.1003E+00

         0.00000E+00    0.00000E+00    0.00000E+00    0.54228E-03
         0.14472E+00   -0.19648E-01   -0.75979E-03    0.41359E+00
        -0.21490E-01   -0.11592E-02    0.63529E+00   -0.13082E-01
         0.00000E+00    0.71870E+00    0.00000E+00

     Iteration Number =  2     Error=  0.5320E-01

         0.00000E+00    0.00000E+00    0.00000E+00    0.55917E-03
         0.13880E+00   -0.18802E-01   -0.81618E-03    0.39419E+00
        -0.20359E-01   -0.12238E-02    0.60312E+00   -0.12315E-01
         0.00000E+00    0.68139E+00    0.00000E+00

     Iteration Number =  3     Error=  0.2719E-01

         0.00000E+00    0.00000E+00    0.00000E+00    0.54074E-03
         0.14180E+00   -0.19238E-01   -0.80163E-03    0.40424E+00
        -0.20958E-01   -0.11945E-02    0.62002E+00   -0.12730E-01
         0.00000E+00    0.70109E+00    0.00000E+00

     Iteration Number =  4     Error=  0.1456E-01

         0.00000E+00    0.00000E+00    0.00000E+00    0.55161E-03
         0.14023E+00   -0.19009E-01   -0.80795E-03    0.39895E+00
        -0.20641E-01   -0.12100E-02    0.61110E+00   -0.12510E-01
         0.00000E+00    0.69069E+00    0.00000E+00

     Iteration Number =  5     Error=  0.7626E-02

         0.00000E+00    0.00000E+00    0.00000E+00    0.54592E-03
         0.14106E+00   -0.19130E-01   -0.80475E-03    0.40174E+00
        -0.20809E-01   -0.12020E-02    0.61581E+00   -0.12626E-01
         0.00000E+00    0.69618E+00    0.00000E+00

     Iteration Number =  6     Error=  0.4043E-02

         0.00000E+00    0.00000E+00    0.00000E+00    0.54896E-03
         0.14062E+00   -0.19066E-01   -0.80642E-03    0.40027E+00
        -0.20720E-01   -0.12063E-02    0.61332E+00   -0.12565E-01
         0.00000E+00    0.69328E+00    0.00000E+00

     Iteration Number =  7     Error=  0.2130E-02

         0.00000E+00    0.00000E+00    0.00000E+00    0.54736E-03
         0.14085E+00   -0.19100E-01   -0.80554E-03    0.40104E+00
        -0.20767E-01   -0.12040E-02    0.61463E+00   -0.12597E-01
         0.00000E+00    0.69481E+00    0.00000E+00

     Iteration Number =  8     Error=  0.1126E-02

         0.00000E+00    0.00000E+00    0.00000E+00    0.54821E-03
         0.14073E+00   -0.19082E-01   -0.80601E-03    0.40063E+00
        -0.20742E-01   -0.12052E-02    0.61394E+00   -0.12580E-01
         0.00000E+00    0.69400E+00    0.00000E+00


   STEP NUMBER = 10   SOURCE VALUE =  0.1000E+01

     Number of iterations taken for convergence.. =  9
     The Euclidean norm of the solution error ... =  0.5940E-03
     The CONVERGED solution is:

         0.00000E+00    0.00000E+00    0.00000E+00    0.54776E-03
         0.14079E+00   -0.19091E-01   -0.80576E-03    0.40085E+00
        -0.20755E-01   -0.12046E-02    0.61431E+00   -0.12589E-01
         0.00000E+00    0.69443E+00    0.00000E+00
