     *** ECHO OF THE INPUT DATA STARTS ***

Example 5.2.1: Nonlinear analysis of a hinged-hinged beam problem               
  2   0   4                        MODEL,IEL,NEM                                
  0.0  50.0                        X0,AL                                        
  1  1  30.0E06  0.3               B,H,E,GNIU                                   
                                                                                
  0.0  0.0  0.0                    FX0,FX1,FX2                                  
  10.0  0.0  0.0                    QX0,QX1,QX2                                 
  5   0   0                        NSPV,NSSV,NSMB                               
  1   1   0.0                       ISPV(1,1),ISPV(1,2),VSPV(1)                 
  1   2   0.0                       ISPV(1,1),ISPV(1,2),VSPV(1)                 
  1   3   0.0                       ISPV(1,1),ISPV(1,2),VSPV(1)                 
  5   1   0.0                       ISPV(2,1),ISPV(2,2),VSPV(2)                 
  5   3   0.0                       ISPV(3,1),ISPV(3,2),VSPV(3)                 
                                                                                
  1   0                            NONLIN,NPRNT                                 
  10   50  1.0E-03  0.0             NLS, ITMAX, EPS, GAMA                       
  2   1                            NGP, LGP                                     
  0.1 0.1 0.1 0.1 0.1                                                           
  0.1 0.1 0.1 0.1 0.1              DP(I)                                        
                                                                                
  0.0 0.0 0.0 0.0 0.0 0.0 0.0 0.0                                               
  0.0 0.0 0.0 0.0 0.0 0.0 0.0      GP1(I)                                       

     **** ECHO OF THE INPUT DATA ENDS ****

________________________________________________________________________________
        Output from computer program  FEM1DBEAM              by J. N. Reddy
________________________________________________________________________________


Example 5.2.1: Nonlinear analysis of a hinged-hinged beam problem               

    *** ANALYSIS OF MODEL  2 PROBLEM ***
               (see the code below)

    MODEL=1: A problem described by MODEL EQ. 1
    MODEL=2: A Euler-Bernoulli BEAM problem
    MODEL=3: A Timoshenko BEAM problem


   P R O B L E M   D A T A:

     Coordinate of node 1 ....................... =   0.0000E+00
     Length of the beam ......................... =   0.5000E+02
     Width of cross-section for the beam, B ..... =   0.1000E+01
     Height of cross-section for the beam, H .... =   0.1000E+01
     Elastic modulus of the beam material, E .... =   0.3000E+08
     Axial stiffness for the beam, EA ........... =   0.3000E+08
     Bending stiffness for the beam, EI ......... =   0.2500E+07
     Coefficient of 1 in QX, QX0 ................ =   0.1000E+02
     Coefficient of x in QX, QX1 ................ =   0.0000E+00
     Coefficient of x*x in QX, QX2 .............. =   0.0000E+00
     Coefficient of 1 in FX, FX0 ................ =   0.0000E+00
     Coefficient of x in FX, FX1 ................ =   0.0000E+00
     Coefficient of x*x in FX, FX2 .............. =   0.0000E+00


   M E S H   D A T A:

     Number of elements in the mesh, NEM......... =    4
     Type of element(0:hermite;1:linear;2:quadratic;) .. =    0
     Number of nodes in the mesh, NNM ........... =    5
     Number of deg. of freedom per node, NDF..... =    3
     Number of total DOF in the model, NEQ....... =   15
     GLOBAL COORDINATES OF THE GLOBAL NODES ..... =

        0.0000E+00   0.1250E+02   0.2500E+02   0.3750E+02   0.5000E+02

          CONNECTIVITY MATRIX:

              1    2
              2    3
              3    4
              4    5

   B O U N D A R Y   D A T A:

     Number of specified PRIMARY variables ...... =    5
     Specified PRIMARY degrees of freedom ....... :

              1    1   0.0000E+00
              1    2   0.0000E+00
              1    3   0.0000E+00
              5    1   0.0000E+00
              5    3   0.0000E+00

     *** NONLINEAR Analysis with DIRECT ITERATION ***


   NONLINEAR  A N A L Y S I S   D A T A:

     Number of load steps used, NLS ............. =   10
     Maximum allowable number of iterations ..... =   50
     Allowable convergence tolerance (EPS) ...... =   0.1000E-02
     Acceleration parameter:GAMA*GP2+(1-GAMA)*GP1 =   0.0000E+00

   INITIAL (GUESS) VECTOR:

     0.00000E+00  0.00000E+00  0.00000E+00  0.00000E+00  0.00000E+00  0.00000E+00  0.00000E+00  0.00000E+00  0.00000E+00  0.00000E+00  0.00000E+00  0.00000E+00  0.00000E+00  0.00000E+00  0.00000E+00

     First iteration solution at source value ... =  0.1000E+00

         0.00000E+00    0.00000E+00    0.00000E+00    0.00000E+00
         0.19938E-01   -0.27344E-02    0.00000E+00    0.58594E-01
        -0.31250E-02    0.00000E+00    0.91553E-01   -0.19531E-02
         0.00000E+00    0.10417E+00    0.00000E+00

     Iteration Number =  1     Error=  0.1000E+01

         0.00000E+00    0.00000E+00    0.00000E+00    0.00000E+00
         0.19938E-01   -0.27344E-02    0.00000E+00    0.58594E-01
        -0.31250E-02    0.00000E+00    0.91553E-01   -0.19531E-02
         0.00000E+00    0.10417E+00    0.00000E+00

     Iteration Number =  2     Error=  0.7822E-02

         0.00000E+00    0.00000E+00    0.00000E+00    0.14811E-04
         0.19809E-01   -0.27158E-02   -0.14707E-04    0.58167E-01
        -0.30999E-02   -0.26438E-04    0.90841E-01   -0.19360E-02
         0.00000E+00    0.10334E+00    0.00000E+00


   STEP NUMBER =  1   SOURCE VALUE =  0.1000E+00

     Number of iterations taken for convergence.. =  3
     The Euclidean norm of the solution error ... =  0.1242E-03
     The CONVERGED solution is:

         0.00000E+00    0.00000E+00    0.00000E+00    0.14664E-04
         0.19811E-01   -0.27161E-02   -0.14633E-04    0.58174E-01
        -0.31003E-02   -0.26238E-04    0.90853E-01   -0.19363E-02
         0.00000E+00    0.10335E+00    0.00000E+00

     Iteration Number =  1     Error=  0.5000E+00

         0.00000E+00    0.00000E+00    0.00000E+00    0.29334E-04
         0.39622E-01   -0.54322E-02   -0.29268E-04    0.11635E+00
        -0.62006E-02   -0.52482E-04    0.18170E+00   -0.38725E-02
         0.00000E+00    0.20671E+00    0.00000E+00

     Iteration Number =  2     Error=  0.2289E-01

         0.00000E+00    0.00000E+00    0.00000E+00    0.56966E-04
         0.38881E-01   -0.53258E-02   -0.57676E-04    0.11390E+00
        -0.60569E-02   -0.10263E-03    0.17763E+00   -0.37745E-02
         0.00000E+00    0.20198E+00    0.00000E+00

     Iteration Number =  3     Error=  0.1367E-02

         0.00000E+00    0.00000E+00    0.00000E+00    0.55412E-04
         0.38924E-01   -0.53321E-02   -0.56871E-04    0.11405E+00
        -0.60656E-02   -0.10049E-03    0.17788E+00   -0.37805E-02
         0.00000E+00    0.20226E+00    0.00000E+00


   STEP NUMBER =  2   SOURCE VALUE =  0.2000E+00

     Number of iterations taken for convergence.. =  4
     The Euclidean norm of the solution error ... =  0.8115E-04
     The CONVERGED solution is:

         0.00000E+00    0.00000E+00    0.00000E+00    0.55508E-04
         0.38922E-01   -0.53317E-02   -0.56916E-04    0.11404E+00
        -0.60651E-02   -0.10062E-03    0.17786E+00   -0.37801E-02
         0.00000E+00    0.20224E+00    0.00000E+00

     Iteration Number =  1     Error=  0.3333E+00

         0.00000E+00    0.00000E+00    0.00000E+00    0.83253E-04
         0.58383E-01   -0.79976E-02   -0.85370E-04    0.17106E+00
        -0.90976E-02   -0.15091E-03    0.26679E+00   -0.56702E-02
         0.00000E+00    0.30336E+00    0.00000E+00

     Iteration Number =  2     Error=  0.3566E-01

         0.00000E+00    0.00000E+00    0.00000E+00    0.11927E-03
         0.56708E-01   -0.77571E-02   -0.12516E-03    0.16554E+00
        -0.87732E-02   -0.21863E-03    0.25759E+00   -0.54488E-02
         0.00000E+00    0.29268E+00    0.00000E+00

     Iteration Number =  3     Error=  0.4342E-02

         0.00000E+00    0.00000E+00    0.00000E+00    0.11457E-03
         0.56908E-01   -0.77861E-02   -0.12263E-03    0.16621E+00
        -0.88131E-02   -0.21207E-03    0.25872E+00   -0.54764E-02
         0.00000E+00    0.29399E+00    0.00000E+00


   STEP NUMBER =  3   SOURCE VALUE =  0.3000E+00

     Number of iterations taken for convergence.. =  4
     The Euclidean norm of the solution error ... =  0.5262E-03
     The CONVERGED solution is:

         0.00000E+00    0.00000E+00    0.00000E+00    0.11516E-03
         0.56884E-01   -0.77826E-02   -0.12291E-03    0.16613E+00
        -0.88082E-02   -0.21287E-03    0.25858E+00   -0.54731E-02
         0.00000E+00    0.29383E+00    0.00000E+00

     Iteration Number =  1     Error=  0.2500E+00

         0.00000E+00    0.00000E+00    0.00000E+00    0.15345E-03
         0.75849E-01   -0.10377E-01   -0.16384E-03    0.22151E+00
        -0.11745E-01   -0.28370E-03    0.34479E+00   -0.72980E-02
         0.00000E+00    0.39180E+00    0.00000E+00

     Iteration Number =  2     Error=  0.4526E-01

         0.00000E+00    0.00000E+00    0.00000E+00    0.19293E-03
         0.73123E-01   -0.99862E-02   -0.21224E-03    0.21253E+00
        -0.11218E-01   -0.36203E-03    0.32984E+00   -0.69386E-02
         0.00000E+00    0.37443E+00    0.00000E+00

     Iteration Number =  3     Error=  0.8681E-02

         0.00000E+00    0.00000E+00    0.00000E+00    0.18407E-03
         0.73638E-01   -0.10061E-01   -0.20723E-03    0.21425E+00
        -0.11320E-01   -0.34947E-03    0.33273E+00   -0.70096E-02
         0.00000E+00    0.37780E+00    0.00000E+00

     Iteration Number =  4     Error=  0.1668E-02

         0.00000E+00    0.00000E+00    0.00000E+00    0.18587E-03
         0.73539E-01   -0.10047E-01   -0.20811E-03    0.21392E+00
        -0.11301E-01   -0.35191E-03    0.33218E+00   -0.69959E-02
         0.00000E+00    0.37716E+00    0.00000E+00


   STEP NUMBER =  4   SOURCE VALUE =  0.4000E+00

     Number of iterations taken for convergence.. =  5
     The Euclidean norm of the solution error ... =  0.3207E-03
     The CONVERGED solution is:

         0.00000E+00    0.00000E+00    0.00000E+00    0.18552E-03
         0.73558E-01   -0.10049E-01   -0.20794E-03    0.21399E+00
        -0.11305E-01   -0.35144E-03    0.33228E+00   -0.69986E-02
         0.00000E+00    0.37728E+00    0.00000E+00

     Iteration Number =  1     Error=  0.2000E+00

         0.00000E+00    0.00000E+00    0.00000E+00    0.23198E-03
         0.91943E-01   -0.12561E-01   -0.25996E-03    0.26747E+00
        -0.14130E-01   -0.43942E-03    0.41533E+00   -0.87476E-02
         0.00000E+00    0.47157E+00    0.00000E+00

     Iteration Number =  2     Error=  0.5177E-01

         0.00000E+00    0.00000E+00    0.00000E+00    0.27087E-03
         0.88203E-01   -0.12025E-01   -0.31442E-03    0.25516E+00
        -0.13408E-01   -0.52240E-03    0.39484E+00   -0.82562E-02
         0.00000E+00    0.44779E+00    0.00000E+00

     Iteration Number =  3     Error=  0.1361E-01

         0.00000E+00    0.00000E+00    0.00000E+00    0.25787E-03
         0.89174E-01   -0.12165E-01   -0.30664E-03    0.25840E+00
        -0.13602E-01   -0.50365E-03    0.40030E+00   -0.83900E-02
         0.00000E+00    0.45415E+00    0.00000E+00

     Iteration Number =  4     Error=  0.3618E-02

         0.00000E+00    0.00000E+00    0.00000E+00    0.26155E-03
         0.88917E-01   -0.12128E-01   -0.30849E-03    0.25754E+00
        -0.13550E-01   -0.50869E-03    0.39886E+00   -0.83544E-02
         0.00000E+00    0.45246E+00    0.00000E+00


   STEP NUMBER =  5   SOURCE VALUE =  0.5000E+00

     Number of iterations taken for convergence.. =  5
     The Euclidean norm of the solution error ... =  0.9601E-03
     The CONVERGED solution is:

         0.00000E+00    0.00000E+00    0.00000E+00    0.26058E-03
         0.88985E-01   -0.12138E-01   -0.30801E-03    0.25777E+00
        -0.13564E-01   -0.50737E-03    0.39924E+00   -0.83639E-02
         0.00000E+00    0.45291E+00    0.00000E+00

     Iteration Number =  1     Error=  0.1665E+00

         0.00000E+00    0.00000E+00    0.00000E+00    0.31300E-03
         0.10676E+00   -0.14563E-01   -0.36977E-03    0.30925E+00
        -0.16272E-01   -0.60926E-03    0.47897E+00   -0.10034E-01
         0.00000E+00    0.54335E+00    0.00000E+00

     Iteration Number =  2     Error=  0.5578E-01

         0.00000E+00    0.00000E+00    0.00000E+00    0.34854E-03
         0.10212E+00   -0.13898E-01   -0.42822E-03    0.29400E+00
        -0.15379E-01   -0.69260E-03    0.45361E+00   -0.94263E-02
         0.00000E+00    0.51392E+00    0.00000E+00

     Iteration Number =  3     Error=  0.1847E-01

         0.00000E+00    0.00000E+00    0.00000E+00    0.33216E-03
         0.10364E+00   -0.14119E-01   -0.41777E-03    0.29909E+00
        -0.15683E-01   -0.66848E-03    0.46216E+00   -0.96361E-02
         0.00000E+00    0.52389E+00    0.00000E+00

     Iteration Number =  4     Error=  0.6255E-02

         0.00000E+00    0.00000E+00    0.00000E+00    0.33810E-03
         0.10313E+00   -0.14045E-01   -0.42088E-03    0.29738E+00
        -0.15581E-01   -0.67671E-03    0.45928E+00   -0.95653E-02
         0.00000E+00    0.52053E+00    0.00000E+00

     Iteration Number =  5     Error=  0.2105E-02

         0.00000E+00    0.00000E+00    0.00000E+00    0.33611E-03
         0.10330E+00   -0.14070E-01   -0.41986E-03    0.29795E+00
        -0.15615E-01   -0.67397E-03    0.46025E+00   -0.95892E-02
         0.00000E+00    0.52167E+00    0.00000E+00


   STEP NUMBER =  6   SOURCE VALUE =  0.6000E+00

     Number of iterations taken for convergence.. =  6
     The Euclidean norm of the solution error ... =  0.7102E-03
     The CONVERGED solution is:

         0.00000E+00    0.00000E+00    0.00000E+00    0.33679E-03
         0.10325E+00   -0.14061E-01   -0.42020E-03    0.29776E+00
        -0.15603E-01   -0.67489E-03    0.45993E+00   -0.95811E-02
         0.00000E+00    0.52128E+00    0.00000E+00

     Iteration Number =  1     Error=  0.1431E+00

         0.00000E+00    0.00000E+00    0.00000E+00    0.39265E-03
         0.12048E+00   -0.16408E-01   -0.49010E-03    0.34746E+00
        -0.18209E-01   -0.78701E-03    0.53671E+00   -0.11181E-01
         0.00000E+00    0.60831E+00    0.00000E+00

     Iteration Number =  2     Error=  0.5822E-01

         0.00000E+00    0.00000E+00    0.00000E+00    0.42346E-03
         0.11505E+00   -0.15632E-01   -0.55113E-03    0.32965E+00
        -0.17167E-01   -0.86826E-03    0.50711E+00   -0.10473E-01
         0.00000E+00    0.57398E+00    0.00000E+00

     Iteration Number =  3     Error=  0.2301E-01

         0.00000E+00    0.00000E+00    0.00000E+00    0.40465E-03
         0.11718E+00   -0.15940E-01   -0.53832E-03    0.33677E+00
        -0.17591E-01   -0.83992E-03    0.51908E+00   -0.10767E-01
         0.00000E+00    0.58792E+00    0.00000E+00

     Iteration Number =  4     Error=  0.9397E-02

         0.00000E+00    0.00000E+00    0.00000E+00    0.41295E-03
         0.11632E+00   -0.15816E-01   -0.54281E-03    0.33389E+00
        -0.17419E-01   -0.85154E-03    0.51424E+00   -0.10648E-01
         0.00000E+00    0.58228E+00    0.00000E+00

     Iteration Number =  5     Error=  0.3794E-02

         0.00000E+00    0.00000E+00    0.00000E+00    0.40962E-03
         0.11667E+00   -0.15866E-01   -0.54104E-03    0.33506E+00
        -0.17489E-01   -0.84689E-03    0.51620E+00   -0.10696E-01
         0.00000E+00    0.58457E+00    0.00000E+00

     Iteration Number =  6     Error=  0.1540E-02

         0.00000E+00    0.00000E+00    0.00000E+00    0.41098E-03
         0.11653E+00   -0.15846E-01   -0.54175E-03    0.33459E+00
        -0.17461E-01   -0.84878E-03    0.51541E+00   -0.10677E-01
         0.00000E+00    0.58364E+00    0.00000E+00


   STEP NUMBER =  7   SOURCE VALUE =  0.7000E+00

     Number of iterations taken for convergence.. =  7
     The Euclidean norm of the solution error ... =  0.6235E-03
     The CONVERGED solution is:

         0.00000E+00    0.00000E+00    0.00000E+00    0.41043E-03
         0.11659E+00   -0.15854E-01   -0.54147E-03    0.33478E+00
        -0.17472E-01   -0.84802E-03    0.51573E+00   -0.10684E-01
         0.00000E+00    0.58402E+00    0.00000E+00

     Iteration Number =  1     Error=  0.1248E+00

         0.00000E+00    0.00000E+00    0.00000E+00    0.46932E-03
         0.13322E+00   -0.18115E-01   -0.61895E-03    0.38251E+00
        -0.19963E-01   -0.96952E-03    0.58926E+00   -0.12207E-01
         0.00000E+00    0.66727E+00    0.00000E+00

     Iteration Number =  2     Error=  0.5903E-01

         0.00000E+00    0.00000E+00    0.00000E+00    0.49420E-03
         0.12717E+00   -0.17251E-01   -0.68125E-03    0.36268E+00
        -0.18805E-01   -0.10465E-02    0.55634E+00   -0.11421E-01
         0.00000E+00    0.62909E+00    0.00000E+00

     Iteration Number =  3     Error=  0.2684E-01

         0.00000E+00    0.00000E+00    0.00000E+00    0.47415E-03
         0.12990E+00   -0.17647E-01   -0.66657E-03    0.37182E+00
        -0.19350E-01   -0.10155E-02    0.57171E+00   -0.11799E-01
         0.00000E+00    0.64701E+00    0.00000E+00

     Iteration Number =  4     Error=  0.1273E-01

         0.00000E+00    0.00000E+00    0.00000E+00    0.48453E-03
         0.12863E+00   -0.17462E-01   -0.67238E-03    0.36755E+00
        -0.19094E-01   -0.10301E-02    0.56451E+00   -0.11621E-01
         0.00000E+00    0.63861E+00    0.00000E+00

     Iteration Number =  5     Error=  0.5934E-02

         0.00000E+00    0.00000E+00    0.00000E+00    0.47971E-03
         0.12923E+00   -0.17549E-01   -0.66975E-03    0.36955E+00
        -0.19214E-01   -0.10234E-02    0.56789E+00   -0.11704E-01
         0.00000E+00    0.64254E+00    0.00000E+00

     Iteration Number =  6     Error=  0.2790E-02

         0.00000E+00    0.00000E+00    0.00000E+00    0.48200E-03
         0.12895E+00   -0.17508E-01   -0.67098E-03    0.36861E+00
        -0.19158E-01   -0.10266E-02    0.56631E+00   -0.11665E-01
         0.00000E+00    0.64070E+00    0.00000E+00

     Iteration Number =  7     Error=  0.1306E-02

         0.00000E+00    0.00000E+00    0.00000E+00    0.48093E-03
         0.12908E+00   -0.17527E-01   -0.67040E-03    0.36905E+00
        -0.19184E-01   -0.10251E-02    0.56705E+00   -0.11684E-01
         0.00000E+00    0.64156E+00    0.00000E+00


   STEP NUMBER =  8   SOURCE VALUE =  0.8000E+00

     Number of iterations taken for convergence.. =  8
     The Euclidean norm of the solution error ... =  0.6128E-03
     The CONVERGED solution is:

         0.00000E+00    0.00000E+00    0.00000E+00    0.48143E-03
         0.12902E+00   -0.17518E-01   -0.67067E-03    0.36885E+00
        -0.19172E-01   -0.10258E-02    0.56670E+00   -0.11675E-01
         0.00000E+00    0.64116E+00    0.00000E+00

     Iteration Number =  1     Error=  0.1114E+00

         0.00000E+00    0.00000E+00    0.00000E+00    0.54135E-03
         0.14517E+00   -0.19713E-01   -0.75437E-03    0.41506E+00
        -0.21575E-01   -0.11536E-02    0.63772E+00   -0.13139E-01
         0.00000E+00    0.72152E+00    0.00000E+00

     Iteration Number =  2     Error=  0.5945E-01

         0.00000E+00    0.00000E+00    0.00000E+00    0.56039E-03
         0.13857E+00   -0.18770E-01   -0.81735E-03    0.39344E+00
        -0.20313E-01   -0.12259E-02    0.60185E+00   -0.12284E-01
         0.00000E+00    0.67991E+00    0.00000E+00

     Iteration Number =  3     Error=  0.3029E-01

         0.00000E+00    0.00000E+00    0.00000E+00    0.53988E-03
         0.14192E+00   -0.19255E-01   -0.80115E-03    0.40464E+00
        -0.20982E-01   -0.11933E-02    0.62069E+00   -0.12746E-01
         0.00000E+00    0.70187E+00    0.00000E+00

     Iteration Number =  4     Error=  0.1624E-01

         0.00000E+00    0.00000E+00    0.00000E+00    0.55203E-03
         0.14016E+00   -0.19000E-01   -0.80819E-03    0.39874E+00
        -0.20629E-01   -0.12106E-02    0.61074E+00   -0.12501E-01
         0.00000E+00    0.69027E+00    0.00000E+00

     Iteration Number =  5     Error=  0.8500E-02

         0.00000E+00    0.00000E+00    0.00000E+00    0.54569E-03
         0.14109E+00   -0.19135E-01   -0.80462E-03    0.40185E+00
        -0.20815E-01   -0.12017E-02    0.61599E+00   -0.12631E-01
         0.00000E+00    0.69640E+00    0.00000E+00

     Iteration Number =  6     Error=  0.4508E-02

         0.00000E+00    0.00000E+00    0.00000E+00    0.54908E-03
         0.14060E+00   -0.19064E-01   -0.80649E-03    0.40021E+00
        -0.20717E-01   -0.12064E-02    0.61322E+00   -0.12562E-01
         0.00000E+00    0.69316E+00    0.00000E+00

     Iteration Number =  7     Error=  0.2374E-02

         0.00000E+00    0.00000E+00    0.00000E+00    0.54730E-03
         0.14086E+00   -0.19101E-01   -0.80550E-03    0.40107E+00
        -0.20769E-01   -0.12039E-02    0.61468E+00   -0.12598E-01
         0.00000E+00    0.69487E+00    0.00000E+00

     Iteration Number =  8     Error=  0.1255E-02

         0.00000E+00    0.00000E+00    0.00000E+00    0.54824E-03
         0.14072E+00   -0.19081E-01   -0.80602E-03    0.40062E+00
        -0.20741E-01   -0.12052E-02    0.61391E+00   -0.12579E-01
         0.00000E+00    0.69397E+00    0.00000E+00


   STEP NUMBER =  9   SOURCE VALUE =  0.9000E+00

     Number of iterations taken for convergence.. =  9
     The Euclidean norm of the solution error ... =  0.6623E-03
     The CONVERGED solution is:

         0.00000E+00    0.00000E+00    0.00000E+00    0.54774E-03
         0.14080E+00   -0.19092E-01   -0.80575E-03    0.40086E+00
        -0.20756E-01   -0.12045E-02    0.61432E+00   -0.12589E-01
         0.00000E+00    0.69445E+00    0.00000E+00

     Iteration Number =  1     Error=  0.9969E-01

         0.00000E+00    0.00000E+00    0.00000E+00    0.60890E-03
         0.15640E+00   -0.21207E-01   -0.89544E-03    0.44526E+00
        -0.23053E-01   -0.13388E-02    0.68234E+00   -0.13982E-01
         0.00000E+00    0.77133E+00    0.00000E+00

     Iteration Number =  2     Error=  0.5868E-01

         0.00000E+00    0.00000E+00    0.00000E+00    0.62161E-03
         0.14941E+00   -0.20209E-01   -0.95825E-03    0.42238E+00
        -0.21720E-01   -0.14053E-02    0.64442E+00   -0.13080E-01
         0.00000E+00    0.72736E+00    0.00000E+00

     Iteration Number =  3     Error=  0.3287E-01

         0.00000E+00    0.00000E+00    0.00000E+00    0.60166E-03
         0.15330E+00   -0.20775E-01   -0.94109E-03    0.43543E+00
        -0.22499E-01   -0.13724E-02    0.66637E+00   -0.13619E-01
         0.00000E+00    0.75295E+00    0.00000E+00

     Iteration Number =  4     Error=  0.1952E-01

         0.00000E+00    0.00000E+00    0.00000E+00    0.61494E-03
         0.15105E+00   -0.20446E-01   -0.94907E-03    0.42784E+00
        -0.22045E-01   -0.13916E-02    0.65358E+00   -0.13303E-01
         0.00000E+00    0.73803E+00    0.00000E+00

     Iteration Number =  5     Error=  0.1124E-01

         0.00000E+00    0.00000E+00    0.00000E+00    0.60729E-03
         0.15236E+00   -0.20637E-01   -0.94464E-03    0.43226E+00
        -0.22310E-01   -0.13807E-02    0.66103E+00   -0.13487E-01
         0.00000E+00    0.74672E+00    0.00000E+00

     Iteration Number =  6     Error=  0.6594E-02

         0.00000E+00    0.00000E+00    0.00000E+00    0.61182E-03
         0.15159E+00   -0.20526E-01   -0.94719E-03    0.42968E+00
        -0.22155E-01   -0.13871E-02    0.65669E+00   -0.13380E-01
         0.00000E+00    0.74166E+00    0.00000E+00

     Iteration Number =  7     Error=  0.3827E-02

         0.00000E+00    0.00000E+00    0.00000E+00    0.60920E-03
         0.15204E+00   -0.20591E-01   -0.94571E-03    0.43118E+00
        -0.22245E-01   -0.13834E-02    0.65922E+00   -0.13443E-01
         0.00000E+00    0.74461E+00    0.00000E+00

     Iteration Number =  8     Error=  0.2235E-02

         0.00000E+00    0.00000E+00    0.00000E+00    0.61073E-03
         0.15178E+00   -0.20553E-01   -0.94657E-03    0.43031E+00
        -0.22193E-01   -0.13855E-02    0.65774E+00   -0.13406E-01
         0.00000E+00    0.74289E+00    0.00000E+00

     Iteration Number =  9     Error=  0.1300E-02

         0.00000E+00    0.00000E+00    0.00000E+00    0.60984E-03
         0.15193E+00   -0.20575E-01   -0.94607E-03    0.43082E+00
        -0.22223E-01   -0.13843E-02    0.65860E+00   -0.13427E-01
         0.00000E+00    0.74389E+00    0.00000E+00


   STEP NUMBER = 10   SOURCE VALUE =  0.1000E+01

     Number of iterations taken for convergence.. = 10
     The Euclidean norm of the solution error ... =  0.7583E-03
     The CONVERGED solution is:

         0.00000E+00    0.00000E+00    0.00000E+00    0.61036E-03
         0.15184E+00   -0.20562E-01   -0.94636E-03    0.43052E+00
        -0.22206E-01   -0.13850E-02    0.65810E+00   -0.13415E-01
         0.00000E+00    0.74331E+00    0.00000E+00
