     *** ECHO OF THE INPUT DATA STARTS ***

Example 5.2.1: Nonlinear analysis of a hinged-hinged beam problem               
  2   0   8                        MODEL,IEL,NEM                                
  0.0  50.0                        X0,AL                                        
  1  1  30.0E06  0.3               B,H,E,GNIU                                   
                                                                                
  0.0  0.0  0.0                    FX0,FX1,FX2                                  
  10.0  0.0  0.0                    QX0,QX1,QX2                                 
  3   0   0                        NSPV,NSSV,NSMB                               
  1   2   0.0                       ISPV(1,1),ISPV(1,2),VSPV(1)                 
  9   1   0.0                       ISPV(2,1),ISPV(2,2),VSPV(2)                 
  9   3   0.0                       ISPV(3,1),ISPV(3,2),VSPV(3)                 
                                                                                
  2   0                            NONLIN,NPRNT                                 
  10   50  1.0E-03  0.0             NLS, ITMAX, EPS, GAMA                       
  2   2                            NGP, LGP                                     
  0.1 0.1 0.1 0.1 0.1                                                           
  0.1 0.1 0.1 0.1 0.1              DP(I)                                        
                                                                                
  0.0 0.0 0.0 0.0 0.0 0.0 0.0                                                   
  0.0 0.0 0.0 0.0 0.0 0.0 0.0                                                   
  0.0 0.0 0.0 0.0 0.0 0.0 0.0                                                   
  0.0 0.0 0.0 0.0 0.0 0.0           GP1(I)                                      

     **** ECHO OF THE INPUT DATA ENDS ****

________________________________________________________________________________
        Output from computer program  FEM1DBEAM              by J. N. Reddy
________________________________________________________________________________


Example 5.2.1: Nonlinear analysis of a hinged-hinged beam problem               

    *** ANALYSIS OF MODEL  2 PROBLEM ***
               (see the code below)

    MODEL=1: A problem described by MODEL EQ. 1
    MODEL=2: A Euler-Bernoulli BEAM problem
    MODEL=3: A Timoshenko BEAM problem


   P R O B L E M   D A T A:

     Coordinate of node 1 ....................... =   0.0000E+00
     Length of the beam ......................... =   0.5000E+02
     Width of cross-section for the beam, B ..... =   0.1000E+01
     Height of cross-section for the beam, H .... =   0.1000E+01
     Elastic modulus of the beam material, E .... =   0.3000E+08
     Axial stiffness for the beam, EA ........... =   0.3000E+08
     Bending stiffness for the beam, EI ......... =   0.2500E+07
     Coefficient of 1 in QX, QX0 ................ =   0.1000E+02
     Coefficient of x in QX, QX1 ................ =   0.0000E+00
     Coefficient of x*x in QX, QX2 .............. =   0.0000E+00
     Coefficient of 1 in FX, FX0 ................ =   0.0000E+00
     Coefficient of x in FX, FX1 ................ =   0.0000E+00
     Coefficient of x*x in FX, FX2 .............. =   0.0000E+00


   M E S H   D A T A:

     Number of elements in the mesh, NEM......... =    8
     Type of element(0:hermite;1:linear;2:quadratic;) .. =    0
     Number of nodes in the mesh, NNM ........... =    9
     Number of deg. of freedom per node, NDF..... =    3
     Number of total DOF in the model, NEQ....... =   27
     GLOBAL COORDINATES OF THE GLOBAL NODES ..... =

        0.0000E+00   0.6250E+01   0.1250E+02   0.1875E+02   0.2500E+02
        0.3125E+02   0.3750E+02   0.4375E+02   0.5000E+02

          CONNECTIVITY MATRIX:

              1    2
              2    3
              3    4
              4    5
              5    6
              6    7
              7    8
              8    9

   B O U N D A R Y   D A T A:

     Number of specified PRIMARY variables ...... =    3
     Specified PRIMARY degrees of freedom ....... :

              1    2   0.0000E+00
              9    1   0.0000E+00
              9    3   0.0000E+00

     *** NONLINEAR Analysis with NEWTON ITERATION ***


   NONLINEAR  A N A L Y S I S   D A T A:

     Number of load steps used, NLS ............. =   10
     Maximum allowable number of iterations ..... =   50
     Allowable convergence tolerance (EPS) ...... =   0.1000E-02
     Acceleration parameter:GAMA*GP2+(1-GAMA)*GP1 =   0.0000E+00

   INITIAL (GUESS) VECTOR:

     0.00000E+00  0.00000E+00  0.00000E+00  0.00000E+00  0.00000E+00  0.00000E+00  0.00000E+00  0.00000E+00  0.00000E+00  0.00000E+00  0.00000E+00  0.00000E+00  0.00000E+00  0.00000E+00  0.00000E+00  0.00000E+00  0.00000E+00  0.00000E+00  0.00000E+00  0.00000E+00  0.00000E+00  0.00000E+00  0.00000E+00  0.00000E+00

   INITIAL (GUESS) VECTOR:

     0.00000E+00  0.00000E+00  0.00000E+00

     First iteration solution at source value ... =  0.1000E+00

         0.00000E+00    0.00000E+00   -0.83333E-02    0.00000E+00
         0.51689E-01   -0.81462E-02    0.00000E+00    0.10111E+00
        -0.76172E-02    0.00000E+00    0.14629E+00   -0.67952E-02
         0.00000E+00    0.18555E+00   -0.57292E-02    0.00000E+00
         0.21750E+00   -0.44678E-02    0.00000E+00    0.24109E+00
        -0.30599E-02    0.00000E+00    0.25555E+00   -0.15544E-02
         0.00000E+00    0.26042E+00    0.00000E+00

     Iteration Number =  1     Error=  0.1000E+01

         0.00000E+00    0.00000E+00   -0.83333E-02    0.00000E+00
         0.51689E-01   -0.81462E-02    0.00000E+00    0.10111E+00
        -0.76172E-02    0.00000E+00    0.14629E+00   -0.67952E-02
         0.00000E+00    0.18555E+00   -0.57292E-02    0.00000E+00
         0.21750E+00   -0.44678E-02    0.00000E+00    0.24109E+00
        -0.30599E-02    0.00000E+00    0.25555E+00   -0.15544E-02
         0.00000E+00    0.26042E+00    0.00000E+00

     Iteration Number =  2     Error=  0.3008E+00

         0.17633E-02    0.00000E+00   -0.11896E-01    0.13204E-02
         0.73801E-01   -0.11634E-01    0.91381E-03    0.14441E+00
        -0.10887E-01    0.57237E-03    0.20902E+00   -0.97224E-02
         0.31292E-03    0.26521E+00   -0.82072E-02    0.13938E-03
         0.31101E+00   -0.64080E-02    0.43322E-04    0.34486E+00
        -0.43933E-02    0.57633E-05    0.36563E+00   -0.22332E-02
         0.00000E+00    0.37262E+00    0.00000E+00

     Iteration Number =  3     Error=  0.1643E+00

         0.25850E-02    0.00000E+00   -0.14238E-01    0.19341E-02
         0.88340E-01   -0.13926E-01    0.13370E-02    0.17286E+00
        -0.13031E-01    0.83613E-03    0.25018E+00   -0.11634E-01
         0.45612E-03    0.31742E+00   -0.98173E-02    0.20249E-03
         0.37219E+00   -0.76616E-02    0.62570E-04    0.41265E+00
        -0.52505E-02    0.81946E-05    0.43746E+00   -0.26682E-02
         0.00000E+00    0.44582E+00    0.00000E+00

     Iteration Number =  4     Error=  0.7626E-01

         0.29868E-02    0.00000E+00   -0.15417E-01    0.22329E-02
         0.95652E-01   -0.15079E-01    0.15420E-02    0.18717E+00
        -0.14108E-01    0.96311E-03    0.27087E+00   -0.12594E-01
         0.52447E-03    0.34365E+00   -0.10626E-01    0.23223E-03
         0.40293E+00   -0.82910E-02    0.71419E-04    0.44671E+00
        -0.56809E-02    0.92321E-05    0.47355E+00   -0.28866E-02
         0.00000E+00    0.48260E+00    0.00000E+00

     Iteration Number =  5     Error=  0.3594E-01

         0.31679E-02    0.00000E+00   -0.15995E-01    0.23672E-02
         0.99235E-01   -0.15642E-01    0.16339E-02    0.19417E+00
        -0.14635E-01    0.10198E-02    0.28099E+00   -0.13063E-01
         0.55483E-03    0.35647E+00   -0.11020E-01    0.24534E-03
         0.41795E+00   -0.85982E-02    0.75260E-04    0.46335E+00
        -0.58911E-02    0.96583E-05    0.49119E+00   -0.29933E-02
         0.00000E+00    0.50057E+00    0.00000E+00

     Iteration Number =  6     Error=  0.1733E-01

         0.32534E-02    0.00000E+00   -0.16280E-01    0.24304E-02
         0.10100E+00   -0.15920E-01    0.16770E-02    0.19761E+00
        -0.14893E-01    0.10463E-02    0.28597E+00   -0.13293E-01
         0.56903E-03    0.36277E+00   -0.11213E-01    0.25145E-03
         0.42533E+00   -0.87487E-02    0.77036E-04    0.47152E+00
        -0.59941E-02    0.98498E-05    0.49984E+00   -0.30456E-02
         0.00000E+00    0.50939E+00    0.00000E+00

     Iteration Number =  7     Error=  0.8528E-02

         0.32952E-02    0.00000E+00   -0.16422E-01    0.24613E-02
         0.10188E+00   -0.16058E-01    0.16980E-02    0.19933E+00
        -0.15021E-01    0.10593E-02    0.28844E+00   -0.13406E-01
         0.57594E-03    0.36590E+00   -0.11309E-01    0.25442E-03
         0.42899E+00   -0.88231E-02    0.77896E-04    0.47557E+00
        -0.60450E-02    0.99416E-05    0.50414E+00   -0.30715E-02
         0.00000E+00    0.51376E+00    0.00000E+00

     Iteration Number =  8     Error=  0.4245E-02

         0.33160E-02    0.00000E+00   -0.16494E-01    0.24767E-02
         0.10232E+00   -0.16127E-01    0.17085E-02    0.20018E+00
        -0.15085E-01    0.10657E-02    0.28967E+00   -0.13463E-01
         0.57936E-03    0.36746E+00   -0.11356E-01    0.25589E-03
         0.43081E+00   -0.88602E-02    0.78322E-04    0.47760E+00
        -0.60704E-02    0.99868E-05    0.50628E+00   -0.30844E-02
         0.00000E+00    0.51595E+00    0.00000E+00

     Iteration Number =  9     Error=  0.2126E-02

         0.33265E-02    0.00000E+00   -0.16530E-01    0.24843E-02
         0.10254E+00   -0.16161E-01    0.17137E-02    0.20062E+00
        -0.15117E-01    0.10689E-02    0.29030E+00   -0.13492E-01
         0.58107E-03    0.36825E+00   -0.11380E-01    0.25662E-03
         0.43173E+00   -0.88787E-02    0.78534E-04    0.47861E+00
        -0.60831E-02    0.10009E-04    0.50736E+00   -0.30908E-02
         0.00000E+00    0.51704E+00    0.00000E+00

     Iteration Number = 10     Error=  0.1068E-02

         0.33317E-02    0.00000E+00   -0.16548E-01    0.24882E-02
         0.10265E+00   -0.16179E-01    0.17163E-02    0.20083E+00
        -0.15133E-01    0.10705E-02    0.29061E+00   -0.13506E-01
         0.58192E-03    0.36864E+00   -0.11392E-01    0.25699E-03
         0.43219E+00   -0.88880E-02    0.78640E-04    0.47912E+00
        -0.60894E-02    0.10021E-04    0.50790E+00   -0.30940E-02
         0.00000E+00    0.51759E+00    0.00000E+00


   STEP NUMBER =  1   SOURCE VALUE =  0.1000E+00

     Number of iterations taken for convergence.. = 11
     The Euclidean norm of the solution error ... =  0.5372E-03
     The CONVERGED solution is:

         0.33343E-02    0.00000E+00   -0.16558E-01    0.24901E-02
         0.10271E+00   -0.16188E-01    0.17176E-02    0.20094E+00
        -0.15141E-01    0.10713E-02    0.29077E+00   -0.13513E-01
         0.58235E-03    0.36884E+00   -0.11398E-01    0.25717E-03
         0.43243E+00   -0.88926E-02    0.78693E-04    0.47938E+00
        -0.60926E-02    0.10026E-04    0.50817E+00   -0.30957E-02
         0.00000E+00    0.51787E+00    0.00000E+00

     Iteration Number =  1     Error=  0.3295E+00

         0.74882E-02    0.00000E+00   -0.24630E-01    0.56109E-02
         0.15289E+00   -0.24112E-01    0.38848E-02    0.29930E+00
        -0.22579E-01    0.24338E-02    0.43330E+00   -0.20170E-01
         0.13307E-02    0.54988E+00   -0.17026E-01    0.59277E-03
         0.64488E+00   -0.13290E-01    0.18433E-03    0.71506E+00
        -0.91082E-02    0.24574E-04    0.75810E+00   -0.46286E-02
         0.00000E+00    0.77260E+00    0.00000E+00

     Iteration Number =  2     Error=  0.1391E+00

         0.10451E-01    0.00000E+00   -0.28568E-01    0.78298E-02
         0.17739E+00   -0.27984E-01    0.54192E-02    0.34736E+00
        -0.26221E-01    0.33925E-02    0.50303E+00   -0.23438E-01
         0.18519E-02    0.63853E+00   -0.19796E-01    0.82235E-03
         0.74902E+00   -0.15460E-01    0.25397E-03    0.83067E+00
        -0.10600E-01    0.33176E-04    0.88076E+00   -0.53876E-02
         0.00000E+00    0.89764E+00    0.00000E+00

     Iteration Number =  3     Error=  0.6825E-01

         0.11860E-01    0.00000E+00   -0.30660E-01    0.88804E-02
         0.19038E+00   -0.30030E-01    0.61427E-02    0.37277E+00
        -0.28138E-01    0.38424E-02    0.53984E+00   -0.25154E-01
         0.20952E-02    0.68527E+00   -0.21248E-01    0.92865E-03
         0.80386E+00   -0.16596E-01    0.28573E-03    0.89152E+00
        -0.11380E-01    0.36913E-04    0.94529E+00   -0.57848E-02
         0.00000E+00    0.96342E+00    0.00000E+00

     Iteration Number =  4     Error=  0.3023E-01

         0.12431E-01    0.00000E+00   -0.31632E-01    0.93028E-02
         0.19637E+00   -0.30970E-01    0.64312E-02    0.38446E+00
        -0.29012E-01    0.40206E-02    0.55670E+00   -0.25933E-01
         0.21908E-02    0.70663E+00   -0.21906E-01    0.96992E-03
         0.82890E+00   -0.17112E-01    0.29775E-03    0.91928E+00
        -0.11735E-01    0.38199E-04    0.97474E+00   -0.59656E-02
         0.00000E+00    0.99343E+00    0.00000E+00

     Iteration Number =  5     Error=  0.1395E-01

         0.12690E-01    0.00000E+00   -0.32097E-01    0.94921E-02
         0.19922E+00   -0.31413E-01    0.65597E-02    0.38998E+00
        -0.29420E-01    0.40996E-02    0.56463E+00   -0.26294E-01
         0.22330E-02    0.71665E+00   -0.22211E-01    0.98812E-03
         0.84062E+00   -0.17350E-01    0.30301E-03    0.93226E+00
        -0.11899E-01    0.38748E-04    0.98850E+00   -0.60495E-02
         0.00000E+00    0.10074E+01    0.00000E+00

     Iteration Number =  6     Error=  0.6777E-02

         0.12817E-01    0.00000E+00   -0.32330E-01    0.95851E-02
         0.20064E+00   -0.31632E-01    0.66227E-02    0.39270E+00
        -0.29619E-01    0.41382E-02    0.56853E+00   -0.26469E-01
         0.22537E-02    0.72156E+00   -0.22358E-01    0.99700E-03
         0.84635E+00   -0.17465E-01    0.30559E-03    0.93860E+00
        -0.11978E-01    0.39019E-04    0.99521E+00   -0.60901E-02
         0.00000E+00    0.10143E+01    0.00000E+00

     Iteration Number =  7     Error=  0.3387E-02

         0.12882E-01    0.00000E+00   -0.32449E-01    0.96320E-02
         0.20136E+00   -0.31742E-01    0.66543E-02    0.39408E+00
        -0.29719E-01    0.41576E-02    0.57049E+00   -0.26556E-01
         0.22640E-02    0.72403E+00   -0.22431E-01    0.10014E-02
         0.84922E+00   -0.17522E-01    0.30688E-03    0.94178E+00
        -0.12017E-01    0.39156E-04    0.99857E+00   -0.61101E-02
         0.00000E+00    0.10177E+01    0.00000E+00

     Iteration Number =  8     Error=  0.1716E-02

         0.12915E-01    0.00000E+00   -0.32511E-01    0.96558E-02
         0.20173E+00   -0.31799E-01    0.66702E-02    0.39479E+00
        -0.29770E-01    0.41673E-02    0.57150E+00   -0.26600E-01
         0.22692E-02    0.72528E+00   -0.22467E-01    0.10037E-02
         0.85068E+00   -0.17551E-01    0.30753E-03    0.94339E+00
        -0.12037E-01    0.39225E-04    0.10003E+01   -0.61202E-02
         0.00000E+00    0.10195E+01    0.00000E+00


   STEP NUMBER =  2   SOURCE VALUE =  0.2000E+00

     Number of iterations taken for convergence.. =  9
     The Euclidean norm of the solution error ... =  0.8749E-03
     The CONVERGED solution is:

         0.12931E-01    0.00000E+00   -0.32543E-01    0.96679E-02
         0.20192E+00   -0.31828E-01    0.66783E-02    0.39515E+00
        -0.29795E-01    0.41722E-02    0.57201E+00   -0.26623E-01
         0.22718E-02    0.72592E+00   -0.22486E-01    0.10048E-02
         0.85143E+00   -0.17565E-01    0.30786E-03    0.94421E+00
        -0.12047E-01    0.39260E-04    0.10011E+01   -0.61252E-02
         0.00000E+00    0.10203E+01    0.00000E+00

     Iteration Number =  1     Error=  0.1898E+00

         0.20599E-01    0.00000E+00   -0.39942E-01    0.15465E-01
         0.24820E+00   -0.39178E-01    0.10729E-01    0.48635E+00
        -0.36767E-01    0.67333E-02    0.70480E+00   -0.32918E-01
         0.36854E-02    0.89524E+00   -0.27847E-01    0.16413E-02
         0.10507E+01   -0.21778E-01    0.50875E-03    0.11658E+01
        -0.14947E-01    0.66972E-04    0.12365E+01   -0.76023E-02
         0.00000E+00    0.12603E+01    0.00000E+00

     Iteration Number =  2     Error=  0.9687E-01

         0.25038E-01    0.00000E+00   -0.44155E-01    0.18802E-01
         0.27449E+00   -0.43340E-01    0.13045E-01    0.53803E+00
        -0.40702E-01    0.81852E-02    0.77995E+00   -0.36466E-01
         0.44765E-02    0.99097E+00   -0.30866E-01    0.19899E-02
         0.11634E+01   -0.24150E-01    0.61422E-03    0.12910E+01
        -0.16580E-01    0.79820E-04    0.13693E+01   -0.84344E-02
         0.00000E+00    0.13958E+01    0.00000E+00

     Iteration Number =  3     Error=  0.3952E-01

         0.26652E-01    0.00000E+00   -0.46008E-01    0.19996E-01
         0.28591E+00   -0.45129E-01    0.13862E-01    0.56029E+00
        -0.42366E-01    0.86910E-02    0.81208E+00   -0.37953E-01
         0.47488E-02    0.10317E+01   -0.32129E-01    0.21078E-02
         0.12112E+01   -0.25143E-01    0.64857E-03    0.13441E+01
        -0.17267E-01    0.83458E-04    0.14257E+01   -0.87857E-02
         0.00000E+00    0.14532E+01    0.00000E+00

     Iteration Number =  4     Error=  0.1602E-01

         0.27242E-01    0.00000E+00   -0.46814E-01    0.20421E-01
         0.29080E+00   -0.45880E-01    0.14147E-01    0.56967E+00
        -0.43047E-01    0.88652E-02    0.82548E+00   -0.38552E-01
         0.48416E-02    0.10486E+01   -0.32634E-01    0.21475E-02
         0.12309E+01   -0.25541E-01    0.65984E-03    0.13659E+01
        -0.17543E-01    0.84519E-04    0.14488E+01   -0.89275E-02
         0.00000E+00    0.14767E+01    0.00000E+00

     Iteration Number =  5     Error=  0.7366E-02

         0.27529E-01    0.00000E+00   -0.47208E-01    0.20626E-01
         0.29315E+00   -0.46236E-01    0.14284E-01    0.57412E+00
        -0.43362E-01    0.89485E-02    0.83176E+00   -0.38824E-01
         0.48859E-02    0.10564E+01   -0.32861E-01    0.21666E-02
         0.12400E+01   -0.25719E-01    0.66535E-03    0.13759E+01
        -0.17667E-01    0.85074E-04    0.14594E+01   -0.89914E-02
         0.00000E+00    0.14876E+01    0.00000E+00

     Iteration Number =  6     Error=  0.3651E-02

         0.27678E-01    0.00000E+00   -0.47412E-01    0.20732E-01
         0.29435E+00   -0.46415E-01    0.14354E-01    0.57637E+00
        -0.43518E-01    0.89909E-02    0.83492E+00   -0.38957E-01
         0.49085E-02    0.10604E+01   -0.32971E-01    0.21763E-02
         0.12445E+01   -0.25805E-01    0.66819E-03    0.13809E+01
        -0.17726E-01    0.85372E-04    0.14647E+01   -0.90223E-02
         0.00000E+00    0.14930E+01    0.00000E+00

     Iteration Number =  7     Error=  0.1863E-02

         0.27755E-01    0.00000E+00   -0.47520E-01    0.20786E-01
         0.29498E+00   -0.46509E-01    0.14390E-01    0.57755E+00
        -0.43597E-01    0.90124E-02    0.83656E+00   -0.39024E-01
         0.49199E-02    0.10624E+01   -0.33026E-01    0.21813E-02
         0.12469E+01   -0.25848E-01    0.66963E-03    0.13835E+01
        -0.17756E-01    0.85527E-04    0.14674E+01   -0.90376E-02
         0.00000E+00    0.14957E+01    0.00000E+00


   STEP NUMBER =  3   SOURCE VALUE =  0.3000E+00

     Number of iterations taken for convergence.. =  8
     The Euclidean norm of the solution error ... =  0.9627E-03
     The CONVERGED solution is:

         0.27795E-01    0.00000E+00   -0.47578E-01    0.20814E-01
         0.29532E+00   -0.46558E-01    0.14408E-01    0.57816E+00
        -0.43638E-01    0.90234E-02    0.83741E+00   -0.39058E-01
         0.49258E-02    0.10634E+01   -0.33053E-01    0.21838E-02
         0.12481E+01   -0.25869E-01    0.67037E-03    0.13848E+01
        -0.17771E-01    0.85606E-04    0.14688E+01   -0.90453E-02
         0.00000E+00    0.14971E+01    0.00000E+00

     Iteration Number =  1     Error=  0.1275E+00

         0.38057E-01    0.00000E+00   -0.54112E-01    0.28643E-01
         0.33656E+00   -0.53160E-01    0.19927E-01    0.66005E+00
        -0.49994E-01    0.12541E-01    0.95746E+00   -0.44873E-01
         0.68817E-02    0.12174E+01   -0.38059E-01    0.30697E-02
         0.14301E+01   -0.29836E-01    0.95121E-03    0.15879E+01
        -0.20517E-01    0.12445E-03    0.16849E+01   -0.10449E-01
         0.00000E+00    0.17176E+01    0.00000E+00

     Iteration Number =  2     Error=  0.7478E-01

         0.43951E-01    0.00000E+00   -0.58365E-01    0.33094E-01
         0.36318E+00   -0.57388E-01    0.23033E-01    0.71258E+00
        -0.54020E-01    0.14499E-01    0.10341E+01   -0.48528E-01
         0.79540E-02    0.13153E+01   -0.41190E-01    0.35444E-02
         0.15456E+01   -0.32310E-01    0.10954E-02    0.17164E+01
        -0.22227E-01    0.14209E-03    0.18215E+01   -0.11322E-01
         0.00000E+00    0.18570E+01    0.00000E+00

     Iteration Number =  3     Error=  0.2684E-01

         0.45595E-01    0.00000E+00   -0.60072E-01    0.34284E-01
         0.37359E+00   -0.58998E-01    0.23832E-01    0.73266E+00
        -0.55494E-01    0.14987E-01    0.10629E+01   -0.49834E-01
         0.82139E-02    0.13516E+01   -0.42296E-01    0.36553E-02
         0.15881E+01   -0.33184E-01    0.11265E-02    0.17636E+01
        -0.22835E-01    0.14484E-03    0.18716E+01   -0.11635E-01
         0.00000E+00    0.19080E+01    0.00000E+00

     Iteration Number =  4     Error=  0.1010E-01

         0.46165E-01    0.00000E+00   -0.60800E-01    0.34675E-01
         0.37789E+00   -0.59640E-01    0.24084E-01    0.74071E+00
        -0.56049E-01    0.15136E-01    0.10741E+01   -0.50306E-01
         0.82916E-02    0.13656E+01   -0.42688E-01    0.36879E-02
         0.16043E+01   -0.33492E-01    0.11354E-02    0.17814E+01
        -0.23051E-01    0.14550E-03    0.18904E+01   -0.11747E-01
         0.00000E+00    0.19272E+01    0.00000E+00

     Iteration Number =  5     Error=  0.4680E-02

         0.46471E-01    0.00000E+00   -0.61167E-01    0.34885E-01
         0.38000E+00   -0.59949E-01    0.24220E-01    0.74460E+00
        -0.56306E-01    0.15217E-01    0.10795E+01   -0.50518E-01
         0.83340E-02    0.13722E+01   -0.42861E-01    0.37061E-02
         0.16118E+01   -0.33627E-01    0.11407E-02    0.17897E+01
        -0.23146E-01    0.14601E-03    0.18991E+01   -0.11796E-01
         0.00000E+00    0.19361E+01    0.00000E+00

     Iteration Number =  6     Error=  0.2360E-02

         0.46634E-01    0.00000E+00   -0.61362E-01    0.34996E-01
         0.38112E+00   -0.60108E-01    0.24291E-01    0.74662E+00
        -0.56435E-01    0.15259E-01    0.10823E+01   -0.50623E-01
         0.83562E-02    0.13755E+01   -0.42945E-01    0.37157E-02
         0.16156E+01   -0.33692E-01    0.11435E-02    0.17938E+01
        -0.23191E-01    0.14631E-03    0.19035E+01   -0.11820E-01
         0.00000E+00    0.19405E+01    0.00000E+00

     Iteration Number =  7     Error=  0.1222E-02

         0.46720E-01    0.00000E+00   -0.61468E-01    0.35053E-01
         0.38171E+00   -0.60192E-01    0.24327E-01    0.74768E+00
        -0.56502E-01    0.15281E-01    0.10837E+01   -0.50676E-01
         0.83676E-02    0.13772E+01   -0.42987E-01    0.37206E-02
         0.16176E+01   -0.33724E-01    0.11449E-02    0.17960E+01
        -0.23214E-01    0.14647E-03    0.19058E+01   -0.11832E-01
         0.00000E+00    0.19428E+01    0.00000E+00


   STEP NUMBER =  4   SOURCE VALUE =  0.4000E+00

     Number of iterations taken for convergence.. =  8
     The Euclidean norm of the solution error ... =  0.6394E-03
     The CONVERGED solution is:

         0.46765E-01    0.00000E+00   -0.61525E-01    0.35083E-01
         0.38203E+00   -0.60237E-01    0.24346E-01    0.74825E+00
        -0.56537E-01    0.15292E-01    0.10845E+01   -0.50703E-01
         0.83734E-02    0.13782E+01   -0.43008E-01    0.37231E-02
         0.16186E+01   -0.33740E-01    0.11457E-02    0.17971E+01
        -0.23225E-01    0.14655E-03    0.19069E+01   -0.11838E-01
         0.00000E+00    0.19440E+01    0.00000E+00

     Iteration Number =  1     Error=  0.9217E-01

         0.58738E-01    0.00000E+00   -0.67168E-01    0.44313E-01
         0.41803E+00   -0.66054E-01    0.30920E-01    0.82040E+00
        -0.62236E-01    0.19524E-01    0.11911E+01   -0.55998E-01
         0.10747E-01    0.15159E+01   -0.47627E-01    0.48062E-02
         0.17824E+01   -0.37438E-01    0.14909E-02    0.19805E+01
        -0.25804E-01    0.19447E-03    0.21026E+01   -0.13161E-01
         0.00000E+00    0.21438E+01    0.00000E+00

     Iteration Number =  2     Error=  0.5927E-01

         0.65737E-01    0.00000E+00   -0.71219E-01    0.49625E-01
         0.44350E+00   -0.70114E-01    0.34647E-01    0.87085E+00
        -0.66133E-01    0.21888E-01    0.12649E+01   -0.59568E-01
         0.12050E-01    0.16106E+01   -0.50710E-01    0.53866E-02
         0.18945E+01   -0.39892E-01    0.16681E-02    0.21056E+01
        -0.27510E-01    0.21627E-03    0.22357E+01   -0.14035E-01
         0.00000E+00    0.22797E+01    0.00000E+00

     Iteration Number =  3     Error=  0.2059E-01

         0.67476E-01    0.00000E+00   -0.72873E-01    0.50850E-01
         0.45349E+00   -0.71641E-01    0.35451E-01    0.88993E+00
        -0.67506E-01    0.22368E-01    0.12921E+01   -0.60768E-01
         0.12302E-01    0.16447E+01   -0.51721E-01    0.54921E-02
         0.19342E+01   -0.40692E-01    0.16967E-02    0.21496E+01
        -0.28070E-01    0.21831E-03    0.22824E+01   -0.14325E-01
         0.00000E+00    0.23272E+01    0.00000E+00

     Iteration Number =  4     Error=  0.7544E-02

         0.68073E-01    0.00000E+00   -0.73597E-01    0.51238E-01
         0.45767E+00   -0.72249E-01    0.35687E-01    0.89758E+00
        -0.68008E-01    0.22501E-01    0.13026E+01   -0.61178E-01
         0.12368E-01    0.16575E+01   -0.52052E-01    0.55190E-02
         0.19489E+01   -0.40950E-01    0.17037E-02    0.21657E+01
        -0.28251E-01    0.21862E-03    0.22993E+01   -0.14420E-01
         0.00000E+00    0.23445E+01    0.00000E+00

     Iteration Number =  5     Error=  0.3512E-02

         0.68411E-01    0.00000E+00   -0.73971E-01    0.51459E-01
         0.45977E+00   -0.72546E-01    0.35823E-01    0.90134E+00
        -0.68240E-01    0.22580E-01    0.13077E+01   -0.61359E-01
         0.12409E-01    0.16636E+01   -0.52194E-01    0.55363E-02
         0.19557E+01   -0.41059E-01    0.17086E-02    0.21731E+01
        -0.28328E-01    0.21910E-03    0.23071E+01   -0.14461E-01
         0.00000E+00    0.23524E+01    0.00000E+00

     Iteration Number =  6     Error=  0.1782E-02

         0.68592E-01    0.00000E+00   -0.74173E-01    0.51576E-01
         0.46088E+00   -0.72701E-01    0.35895E-01    0.90331E+00
        -0.68357E-01    0.22621E-01    0.13103E+01   -0.61448E-01
         0.12430E-01    0.16667E+01   -0.52262E-01    0.55455E-02
         0.19592E+01   -0.41110E-01    0.17114E-02    0.21769E+01
        -0.28364E-01    0.21938E-03    0.23110E+01   -0.14480E-01
         0.00000E+00    0.23564E+01    0.00000E+00


   STEP NUMBER =  5   SOURCE VALUE =  0.5000E+00

     Number of iterations taken for convergence.. =  7
     The Euclidean norm of the solution error ... =  0.9268E-03
     The CONVERGED solution is:

         0.68687E-01    0.00000E+00   -0.74284E-01    0.51637E-01
         0.46149E+00   -0.72783E-01    0.35932E-01    0.90436E+00
        -0.68418E-01    0.22642E-01    0.13117E+01   -0.61493E-01
         0.12441E-01    0.16683E+01   -0.52296E-01    0.55502E-02
         0.19610E+01   -0.41136E-01    0.17127E-02    0.21788E+01
        -0.28382E-01    0.21953E-03    0.23131E+01   -0.14490E-01
         0.00000E+00    0.23585E+01    0.00000E+00

     Iteration Number =  1     Error=  0.7041E-01

         0.81767E-01    0.00000E+00   -0.79174E-01    0.61825E-01
         0.49301E+00   -0.77921E-01    0.43264E-01    0.96810E+00
        -0.73539E-01    0.27411E-01    0.14066E+01   -0.66326E-01
         0.15141E-01    0.17918E+01   -0.56570E-01    0.67922E-02
         0.21088E+01   -0.44596E-01    0.21111E-02    0.23450E+01
        -0.30814E-01    0.27503E-03    0.24908E+01   -0.15743E-01
         0.00000E+00    0.25401E+01    0.00000E+00

     Iteration Number =  2     Error=  0.4765E-01

         0.89456E-01    0.00000E+00   -0.82909E-01    0.67685E-01
         0.51660E+00   -0.81690E-01    0.47398E-01    0.10150E+01
        -0.77186E-01    0.30049E-01    0.14755E+01   -0.69694E-01
         0.16605E-01    0.18804E+01   -0.59503E-01    0.74479E-02
         0.22140E+01   -0.46950E-01    0.23123E-02    0.24627E+01
        -0.32463E-01    0.29987E-03    0.26163E+01   -0.16592E-01
         0.00000E+00    0.26683E+01    0.00000E+00

     Iteration Number =  3     Error=  0.1710E-01

         0.91410E-01    0.00000E+00   -0.84553E-01    0.69035E-01
         0.52645E+00   -0.83187E-01    0.48267E-01    0.10337E+01
        -0.78513E-01    0.30559E-01    0.15020E+01   -0.70841E-01
         0.16868E-01    0.19135E+01   -0.60463E-01    0.75572E-02
         0.22524E+01   -0.47709E-01    0.23414E-02    0.25052E+01
        -0.32996E-01    0.30172E-03    0.26614E+01   -0.16870E-01
         0.00000E+00    0.27142E+01    0.00000E+00

     Iteration Number =  4     Error=  0.6372E-02

         0.92098E-01    0.00000E+00   -0.85312E-01    0.69465E-01
         0.53077E+00   -0.83805E-01    0.48516E-01    0.10415E+01
        -0.79006E-01    0.30692E-01    0.15125E+01   -0.71230E-01
         0.16932E-01    0.19263E+01   -0.60768E-01    0.75822E-02
         0.22669E+01   -0.47943E-01    0.23475E-02    0.25209E+01
        -0.33161E-01    0.30183E-03    0.26778E+01   -0.16957E-01
         0.00000E+00    0.27309E+01    0.00000E+00

     Iteration Number =  5     Error=  0.2978E-02

         0.92484E-01    0.00000E+00   -0.85712E-01    0.69707E-01
         0.53298E+00   -0.84111E-01    0.48660E-01    0.10454E+01
        -0.79234E-01    0.30772E-01    0.15177E+01   -0.71399E-01
         0.16972E-01    0.19323E+01   -0.60895E-01    0.75990E-02
         0.22736E+01   -0.48039E-01    0.23523E-02    0.25282E+01
        -0.33229E-01    0.30227E-03    0.26854E+01   -0.16993E-01
         0.00000E+00    0.27386E+01    0.00000E+00

     Iteration Number =  6     Error=  0.1509E-02

         0.92690E-01    0.00000E+00   -0.85930E-01    0.69836E-01
         0.53416E+00   -0.84271E-01    0.48735E-01    0.10474E+01
        -0.79349E-01    0.30813E-01    0.15203E+01   -0.71481E-01
         0.16993E-01    0.19354E+01   -0.60955E-01    0.76079E-02
         0.22770E+01   -0.48083E-01    0.23549E-02    0.25318E+01
        -0.33260E-01    0.30254E-03    0.26892E+01   -0.17010E-01
         0.00000E+00    0.27425E+01    0.00000E+00


   STEP NUMBER =  6   SOURCE VALUE =  0.6000E+00

     Number of iterations taken for convergence.. =  7
     The Euclidean norm of the solution error ... =  0.7829E-03
     The CONVERGED solution is:

         0.92798E-01    0.00000E+00   -0.86050E-01    0.69902E-01
         0.53480E+00   -0.84356E-01    0.48773E-01    0.10485E+01
        -0.79408E-01    0.30834E-01    0.15217E+01   -0.71522E-01
         0.17003E-01    0.19370E+01   -0.60984E-01    0.76123E-02
         0.22788E+01   -0.48104E-01    0.23562E-02    0.25337E+01
        -0.33274E-01    0.30268E-03    0.26912E+01   -0.17018E-01
         0.00000E+00    0.27445E+01    0.00000E+00

     Iteration Number =  1     Error=  0.5555E-01

         0.10650E+00    0.00000E+00   -0.90271E-01    0.80680E-01
         0.56232E+00   -0.88881E-01    0.56612E-01    0.11047E+01
        -0.83999E-01    0.35986E-01    0.16061E+01   -0.75924E-01
         0.19949E-01    0.20476E+01   -0.64932E-01    0.89787E-02
         0.24119E+01   -0.51337E-01    0.27974E-02    0.26840E+01
        -0.35567E-01    0.36442E-03    0.28524E+01   -0.18205E-01
         0.00000E+00    0.29094E+01    0.00000E+00

     Iteration Number =  2     Error=  0.3873E-01

         0.11452E+00    0.00000E+00   -0.93647E-01    0.86821E-01
         0.58372E+00   -0.92311E-01    0.60965E-01    0.11473E+01
        -0.87342E-01    0.38779E-01    0.16690E+01   -0.79036E-01
         0.21508E-01    0.21288E+01   -0.67667E-01    0.96816E-02
         0.25086E+01   -0.53552E-01    0.30142E-02    0.27926E+01
        -0.37129E-01    0.39123E-03    0.29684E+01   -0.19014E-01
         0.00000E+00    0.30279E+01    0.00000E+00

     Iteration Number =  3     Error=  0.1483E-01

         0.11677E+00    0.00000E+00   -0.95277E-01    0.88363E-01
         0.59347E+00   -0.93788E-01    0.61950E-01    0.11658E+01
        -0.88643E-01    0.39353E-01    0.16951E+01   -0.80154E-01
         0.21802E-01    0.21613E+01   -0.68598E-01    0.98037E-02
         0.25463E+01   -0.54287E-01    0.30469E-02    0.28342E+01
        -0.37648E-01    0.39339E-03    0.30125E+01   -0.19285E-01
         0.00000E+00    0.30729E+01    0.00000E+00

     Iteration Number =  4     Error=  0.5778E-02

         0.11760E+00    0.00000E+00   -0.96078E-01    0.88877E-01
         0.59801E+00   -0.94435E-01    0.62242E-01    0.11740E+01
        -0.89151E-01    0.39506E-01    0.17061E+01   -0.80546E-01
         0.21874E-01    0.21745E+01   -0.68898E-01    0.98311E-02
         0.25611E+01   -0.54515E-01    0.30536E-02    0.28503E+01
        -0.37809E-01    0.39349E-03    0.30293E+01   -0.19371E-01
         0.00000E+00    0.30899E+01    0.00000E+00

     Iteration Number =  5     Error=  0.2722E-02

         0.11805E+00    0.00000E+00   -0.96509E-01    0.89154E-01
         0.60037E+00   -0.94759E-01    0.62402E-01    0.11781E+01
        -0.89387E-01    0.39591E-01    0.17115E+01   -0.80716E-01
         0.21915E-01    0.21808E+01   -0.69021E-01    0.98482E-02
         0.25681E+01   -0.54605E-01    0.30584E-02    0.28577E+01
        -0.37872E-01    0.39392E-03    0.30371E+01   -0.19406E-01
         0.00000E+00    0.30978E+01    0.00000E+00

     Iteration Number =  6     Error=  0.1378E-02

         0.11829E+00    0.00000E+00   -0.96747E-01    0.89298E-01
         0.60165E+00   -0.94929E-01    0.62483E-01    0.11803E+01
        -0.89506E-01    0.39634E-01    0.17143E+01   -0.80797E-01
         0.21936E-01    0.21840E+01   -0.69077E-01    0.98570E-02
         0.25716E+01   -0.54645E-01    0.30610E-02    0.28615E+01
        -0.37900E-01    0.39418E-03    0.30409E+01   -0.19421E-01
         0.00000E+00    0.31017E+01    0.00000E+00


   STEP NUMBER =  7   SOURCE VALUE =  0.7000E+00

     Number of iterations taken for convergence.. =  7
     The Euclidean norm of the solution error ... =  0.7119E-03
     The CONVERGED solution is:

         0.11842E+00    0.00000E+00   -0.96879E-01    0.89371E-01
         0.60235E+00   -0.95020E-01    0.62524E-01    0.11814E+01
        -0.89566E-01    0.39655E-01    0.17158E+01   -0.80836E-01
         0.21946E-01    0.21857E+01   -0.69104E-01    0.98613E-02
         0.25735E+01   -0.54664E-01    0.30622E-02    0.28634E+01
        -0.37913E-01    0.39431E-03    0.30429E+01   -0.19428E-01
         0.00000E+00    0.31037E+01    0.00000E+00

     Iteration Number =  1     Error=  0.4516E-01

         0.13244E+00    0.00000E+00   -0.10055E+00    0.10051E+00
         0.62655E+00   -0.99031E-01    0.70709E-01    0.12312E+01
        -0.93703E-01    0.45089E-01    0.17912E+01   -0.84864E-01
         0.25084E-01    0.22853E+01   -0.72767E-01    0.11329E-01
         0.26940E+01   -0.57700E-01    0.35393E-02    0.30002E+01
        -0.40084E-01    0.46139E-03    0.31901E+01   -0.20558E-01
         0.00000E+00    0.32544E+01    0.00000E+00

     Iteration Number =  2     Error=  0.3199E-01

         0.14060E+00    0.00000E+00   -0.10359E+00    0.10677E+00
         0.64588E+00   -0.10214E+00    0.75162E-01    0.12699E+01
        -0.96752E-01    0.47960E-01    0.18484E+01   -0.87724E-01
         0.26695E-01    0.23594E+01   -0.75300E-01    0.12060E-01
         0.27825E+01   -0.59767E-01    0.37658E-02    0.30998E+01
        -0.41554E-01    0.48943E-03    0.32966E+01   -0.21323E-01
         0.00000E+00    0.33634E+01    0.00000E+00

     Iteration Number =  3     Error=  0.1311E-01

         0.14314E+00    0.00000E+00   -0.10519E+00    0.10852E+00
         0.65547E+00   -0.10359E+00    0.76277E-01    0.12881E+01
        -0.98028E-01    0.48610E-01    0.18740E+01   -0.88816E-01
         0.27028E-01    0.23912E+01   -0.76206E-01    0.12198E-01
         0.28195E+01   -0.60484E-01    0.38035E-02    0.31406E+01
        -0.42062E-01    0.49215E-03    0.33398E+01   -0.21591E-01
         0.00000E+00    0.34074E+01    0.00000E+00

     Iteration Number =  4     Error=  0.5389E-02

         0.14414E+00    0.00000E+00   -0.10603E+00    0.10914E+00
         0.66020E+00   -0.10426E+00    0.76629E-01    0.12966E+01
        -0.98555E-01    0.48793E-01    0.18854E+01   -0.89218E-01
         0.27113E-01    0.24049E+01   -0.76511E-01    0.12231E-01
         0.28347E+01   -0.60712E-01    0.38116E-02    0.31571E+01
        -0.42223E-01    0.49237E-03    0.33571E+01   -0.21677E-01
         0.00000E+00    0.34249E+01    0.00000E+00

     Iteration Number =  5     Error=  0.2570E-02

         0.14467E+00    0.00000E+00   -0.10649E+00    0.10946E+00
         0.66272E+00   -0.10461E+00    0.76809E-01    0.13009E+01
        -0.98803E-01    0.48887E-01    0.18911E+01   -0.89393E-01
         0.27158E-01    0.24115E+01   -0.76634E-01    0.12249E-01
         0.28421E+01   -0.60801E-01    0.38166E-02    0.31649E+01
        -0.42285E-01    0.49280E-03    0.33652E+01   -0.21711E-01
         0.00000E+00    0.34331E+01    0.00000E+00

     Iteration Number =  6     Error=  0.1302E-02

         0.14494E+00    0.00000E+00   -0.10675E+00    0.10962E+00
         0.66409E+00   -0.10479E+00    0.76899E-01    0.13033E+01
        -0.98927E-01    0.48932E-01    0.18941E+01   -0.89475E-01
         0.27180E-01    0.24149E+01   -0.76689E-01    0.12258E-01
         0.28458E+01   -0.60839E-01    0.38192E-02    0.31688E+01
        -0.42311E-01    0.49305E-03    0.33692E+01   -0.21726E-01
         0.00000E+00    0.34372E+01    0.00000E+00


   STEP NUMBER =  8   SOURCE VALUE =  0.8000E+00

     Number of iterations taken for convergence.. =  7
     The Euclidean norm of the solution error ... =  0.6708E-03
     The CONVERGED solution is:

         0.14509E+00    0.00000E+00   -0.10689E+00    0.10970E+00
         0.66484E+00   -0.10489E+00    0.76942E-01    0.13045E+01
        -0.98989E-01    0.48954E-01    0.18957E+01   -0.89515E-01
         0.27190E-01    0.24167E+01   -0.76715E-01    0.12262E-01
         0.28477E+01   -0.60856E-01    0.38204E-02    0.31707E+01
        -0.42323E-01    0.49317E-03    0.33713E+01   -0.21732E-01
         0.00000E+00    0.34393E+01    0.00000E+00

     Iteration Number =  1     Error=  0.3761E-01

         0.15926E+00    0.00000E+00   -0.11011E+00    0.12106E+00
         0.68630E+00   -0.10847E+00    0.85362E-01    0.13490E+01
        -0.10274E+00    0.54597E-01    0.19636E+01   -0.93220E-01
         0.30478E-01    0.25069E+01   -0.80129E-01    0.13814E-01
         0.29576E+01   -0.63719E-01    0.43283E-02    0.32961E+01
        -0.44389E-01    0.56494E-03    0.35064E+01   -0.22813E-01
         0.00000E+00    0.35778E+01    0.00000E+00

     Iteration Number =  2     Error=  0.2687E-01

         0.16742E+00    0.00000E+00   -0.11286E+00    0.12734E+00
         0.70382E+00   -0.11129E+00    0.89847E-01    0.13842E+01
        -0.10553E+00    0.57501E-01    0.20157E+01   -0.95849E-01
         0.32116E-01    0.25747E+01   -0.82474E-01    0.14561E-01
         0.30387E+01   -0.65648E-01    0.45607E-02    0.33875E+01
        -0.45772E-01    0.59373E-03    0.36045E+01   -0.23537E-01
         0.00000E+00    0.36781E+01    0.00000E+00

     Iteration Number =  3     Error=  0.1172E-01

         0.17023E+00    0.00000E+00   -0.11442E+00    0.12928E+00
         0.71317E+00   -0.11271E+00    0.91086E-01    0.14019E+01
        -0.10677E+00    0.58224E-01    0.20407E+01   -0.96913E-01
         0.32488E-01    0.26057E+01   -0.83356E-01    0.14716E-01
         0.30747E+01   -0.66346E-01    0.46037E-02    0.34273E+01
        -0.46268E-01    0.59709E-03    0.36466E+01   -0.23800E-01
         0.00000E+00    0.37210E+01    0.00000E+00

     Iteration Number =  4     Error=  0.5071E-02

         0.17140E+00    0.00000E+00   -0.11527E+00    0.13001E+00
         0.71803E+00   -0.11340E+00    0.91504E-01    0.14106E+01
        -0.10731E+00    0.58442E-01    0.20524E+01   -0.97326E-01
         0.32589E-01    0.26197E+01   -0.83667E-01    0.14755E-01
         0.30904E+01   -0.66577E-01    0.46137E-02    0.34442E+01
        -0.46430E-01    0.59751E-03    0.36643E+01   -0.23888E-01
         0.00000E+00    0.37390E+01    0.00000E+00

     Iteration Number =  5     Error=  0.2456E-02

         0.17200E+00    0.00000E+00   -0.11576E+00    0.13037E+00
         0.72068E+00   -0.11376E+00    0.91707E-01    0.14152E+01
        -0.10757E+00    0.58546E-01    0.20584E+01   -0.97507E-01
         0.32638E-01    0.26267E+01   -0.83792E-01    0.14775E-01
         0.30980E+01   -0.66665E-01    0.46190E-02    0.34523E+01
        -0.46492E-01    0.59795E-03    0.36727E+01   -0.23922E-01
         0.00000E+00    0.37475E+01    0.00000E+00

     Iteration Number =  6     Error=  0.1248E-02

         0.17232E+00    0.00000E+00   -0.11603E+00    0.13055E+00
         0.72214E+00   -0.11396E+00    0.91805E-01    0.14177E+01
        -0.10770E+00    0.58595E-01    0.20616E+01   -0.97592E-01
         0.32660E-01    0.26303E+01   -0.83847E-01    0.14784E-01
         0.31019E+01   -0.66702E-01    0.46216E-02    0.34564E+01
        -0.46517E-01    0.59820E-03    0.36768E+01   -0.23936E-01
         0.00000E+00    0.37517E+01    0.00000E+00


   STEP NUMBER =  9   SOURCE VALUE =  0.9000E+00

     Number of iterations taken for convergence.. =  7
     The Euclidean norm of the solution error ... =  0.6421E-03
     The CONVERGED solution is:

         0.17248E+00    0.00000E+00   -0.11619E+00    0.13064E+00
         0.72294E+00   -0.11406E+00    0.91852E-01    0.14190E+01
        -0.10777E+00    0.58617E-01    0.20632E+01   -0.97632E-01
         0.32670E-01    0.26321E+01   -0.83872E-01    0.14788E-01
         0.31039E+01   -0.66718E-01    0.46227E-02    0.34584E+01
        -0.46528E-01    0.59831E-03    0.36790E+01   -0.23942E-01
         0.00000E+00    0.37539E+01    0.00000E+00

     Iteration Number =  1     Error=  0.3195E-01

         0.18669E+00    0.00000E+00   -0.11905E+00    0.14211E+00
         0.74213E+00   -0.11728E+00    0.10043E+00    0.14592E+01
        -0.11119E+00    0.64416E-01    0.21249E+01   -0.10106E+00
         0.36080E-01    0.27145E+01   -0.87069E-01    0.16410E-01
         0.32048E+01   -0.69429E-01    0.51574E-02    0.35740E+01
        -0.48502E-01    0.67424E-03    0.38039E+01   -0.24981E-01
         0.00000E+00    0.38821E+01    0.00000E+00

     Iteration Number =  2     Error=  0.2293E-01

         0.19479E+00    0.00000E+00   -0.12154E+00    0.14837E+00
         0.75809E+00   -0.11986E+00    0.10491E+00    0.14912E+01
        -0.11375E+00    0.67326E-01    0.21726E+01   -0.10348E+00
         0.37728E-01    0.27767E+01   -0.89246E-01    0.17165E-01
         0.32794E+01   -0.71234E-01    0.53935E-02    0.36583E+01
        -0.49805E-01    0.70349E-03    0.38945E+01   -0.25667E-01
         0.00000E+00    0.39748E+01    0.00000E+00

     Iteration Number =  3     Error=  0.1056E-01

         0.19783E+00    0.00000E+00   -0.12305E+00    0.15047E+00
         0.76715E+00   -0.12123E+00    0.10626E+00    0.15084E+01
        -0.11496E+00    0.68116E-01    0.21968E+01   -0.10452E+00
         0.38135E-01    0.28069E+01   -0.90103E-01    0.17336E-01
         0.33144E+01   -0.71911E-01    0.54415E-02    0.36969E+01
        -0.50289E-01    0.70749E-03    0.39354E+01   -0.25925E-01
         0.00000E+00    0.40165E+01    0.00000E+00

     Iteration Number =  4     Error=  0.4782E-02

         0.19915E+00    0.00000E+00   -0.12391E+00    0.15130E+00
         0.77208E+00   -0.12194E+00    0.10674E+00    0.15173E+01
        -0.11551E+00    0.68370E-01    0.22088E+01   -0.10494E+00
         0.38254E-01    0.28211E+01   -0.90418E-01    0.17383E-01
         0.33303E+01   -0.72144E-01    0.54536E-02    0.37141E+01
        -0.50453E-01    0.70815E-03    0.39534E+01   -0.26014E-01
         0.00000E+00    0.40347E+01    0.00000E+00

     Iteration Number =  5     Error=  0.2354E-02

         0.19984E+00    0.00000E+00   -0.12442E+00    0.15171E+00
         0.77483E+00   -0.12231E+00    0.10697E+00    0.15221E+01
        -0.11578E+00    0.68485E-01    0.22150E+01   -0.10513E+00
         0.38307E-01    0.28283E+01   -0.90546E-01    0.17404E-01
         0.33382E+01   -0.72233E-01    0.54593E-02    0.37225E+01
        -0.50514E-01    0.70861E-03    0.39620E+01   -0.26048E-01
         0.00000E+00    0.40435E+01    0.00000E+00

     Iteration Number =  6     Error=  0.1201E-02

         0.20019E+00    0.00000E+00   -0.12470E+00    0.15192E+00
         0.77636E+00   -0.12252E+00    0.10707E+00    0.15247E+01
        -0.11592E+00    0.68537E-01    0.22182E+01   -0.10521E+00
         0.38331E-01    0.28320E+01   -0.90601E-01    0.17413E-01
         0.33422E+01   -0.72269E-01    0.54619E-02    0.37267E+01
        -0.50539E-01    0.70885E-03    0.39663E+01   -0.26062E-01
         0.00000E+00    0.40479E+01    0.00000E+00


   STEP NUMBER = 10   SOURCE VALUE =  0.1000E+01

     Number of iterations taken for convergence.. =  7
     The Euclidean norm of the solution error ... =  0.6183E-03
     The CONVERGED solution is:

         0.20037E+00    0.00000E+00   -0.12487E+00    0.15202E+00
         0.77721E+00   -0.12262E+00    0.10712E+00    0.15261E+01
        -0.11599E+00    0.68560E-01    0.22200E+01   -0.10525E+00
         0.38340E-01    0.28340E+01   -0.90625E-01    0.17417E-01
         0.33443E+01   -0.72284E-01    0.54629E-02    0.37288E+01
        -0.50548E-01    0.70894E-03    0.39685E+01   -0.26068E-01
         0.00000E+00    0.40501E+01    0.00000E+00
