     *** ECHO OF THE INPUT DATA STARTS ***

Example 4.4.1: Nonlinear analysis of a problem (DI)                             
  0.0  0.0  1.0  0.0  0.0  0.0     AX0,AX1,AU1,AU2,AUX1,AUX2                    
  0.0  0.0  0.0  0.0  0.0  0.0     BX0,BX1,BU1,BU2,BUX1,BUX2                    
  0.0  0.0  0.0  0.0  0.0  0.0     CX0,CX1,CU1,CU2,CUX1,CUX2                    
 -1.0  0.0  0.0  0.0  0.0  0.0     FX0,FX1,FX2                                  
                                                                                
  0.0  1.0                         X0,AL                                        
  2    2                           IEL, NEM                                     
  1    0   0                       NSPV, NSSV, NSMB                             
  5    1   1.4142                  ISPV(I,J),VSPV(I)                            
  1    0                           NONLIN, NPRNT                                
  1    10   1.0E-03   0.0          NLS, ITMAX, EPS, GAMA                        
  1.0                              DP(I)                                        
  1.0  1.0  1.0  1.0  1.4142       GP1(I)                                       
                                                                                
                                                                                

     **** ECHO OF THE INPUT DATA ENDS ****

________________________________________________________________________________
        Output from computer program  FEM1DIUNSYM              by J. N. Reddy
________________________________________________________________________________


Example 4.4.1: Nonlinear analysis of a problem (DI)                             

     A ONE-D SECOND-ORDER problem is analyzed

   P R O B L E M   D A T A:

     Coordinate of node 1 ....................... =   0.0000E+00
     Length of the domain modeled ............... =   0.1000E+01
     Coefficient of 1 in AX, AX0 ................ =   0.0000E+00
     Coefficient of x in AX, AX1 ................ =   0.0000E+00
     Coefficient of u in AX, AU1 ................ =   0.1000E+01
     Coefficient of u*u in AX, AU2 .............. =   0.0000E+00
     Coefficient of du/dx in AX, AUX1 ........... =   0.0000E+00
     Coefficient of (du/dx)*(du/dx) in AX, AUX2.. =   0.0000E+00
     Coefficient of 1 in BX, BX0 ................ =   0.0000E+00
     Coefficient of x in BX, BX1 ................ =   0.0000E+00
     Coefficient of u in BX, BU1 ................ =   0.0000E+00
     Coefficient of u*u in BX, BU2 .............. =   0.0000E+00
     Coefficient of du/dx in BX, BUX1 ........... =   0.0000E+00
     Coefficient of (du/dx)*(du/dx) in BX, BUX2.. =   0.0000E+00
     Coefficient of 1 in CX, CX0 ................ =   0.0000E+00
     Coefficient of x in CX, CX1 ................ =   0.0000E+00
     Coefficient of u in CX, CU1 ................ =   0.0000E+00
     Coefficient of u*u in CX, CU2 .............. =   0.0000E+00
     Coefficient of du/dx in CX, CUX1 ........... =   0.0000E+00
     Coefficient of (du/dx)*(du/dx) in CX, CUX2.. =   0.0000E+00
     Coefficient of 1 in FX, FX0 ................ =  -0.1000E+01
     Coefficient of x in FX, FX1................. =   0.0000E+00
     Coefficient of x*x in FX, FX2 .............. =   0.0000E+00


   M E S H   D A T A:

     Number of elements in the mesh, NEM......... =    2
     Type of element (1: linear; 2: quadratic) .. =    2
     Number of nodes in the mesh, NNM ........... =    5
     GLOBAL COORDINATES OF THE GLOBAL NODES ..... =

        0.0000E+00   0.2500E+00   0.5000E+00   0.7500E+00   0.1000E+01

   B O U N D A R Y   D A T A:

     Number of specified PRIMARY variables ...... =    1
     Specified PRIMARY degrees of freedom ....... :

              5    1   0.1414E+01

     *** NONLINEAR Analysis with DIRECT ITERATION ***


   NONLINEAR  A N A L Y S I S   D A T A:

     Number of load steps used, NLS ............. =    1
     Maximum allowable number of iterations ..... =   10
     Allowable convergence tolerance (EPS) ...... =   0.1000E-02
     Acceleration parameter:GAMA*GP2+(1-GAMA)*GP1 =   0.0000E+00

   INITIAL (GUESS) VECTOR:

     0.10000E+01  0.10000E+01  0.10000E+01  0.10000E+01  0.14142E+01

     First iteration solution at source value ... =  0.1000E+01

         0.94146E+00    0.97271E+00    0.10665E+01    0.12285E+01
         0.14142E+01

     Iteration Number =  1     Error=  0.9689E-01

         0.94146E+00    0.97271E+00    0.10665E+01    0.12285E+01
         0.14142E+01

     Iteration Number =  2     Error=  0.3212E-01

         0.98806E+00    0.10208E+01    0.11127E+01    0.12488E+01
         0.14142E+01

     Iteration Number =  3     Error=  0.5645E-02

         0.99864E+00    0.10298E+01    0.11176E+01    0.12500E+01
         0.14142E+01


   STEP NUMBER =  1   SOURCE VALUE =  0.1000E+01

     Number of iterations taken for convergence.. =  4
     The Euclidean norm of the solution error ... =  0.6045E-03
     The CONVERGED solution is:

         0.99987E+00    0.10308E+01    0.11180E+01    0.12500E+01
         0.14142E+01
