     *** ECHO OF THE INPUT DATA STARTS ***

Example 5.2.1: Nonlinear analysis of a hinged-hinged beam problem               
  2   0   8                        MODEL,IEL,NEM                                
  0.0  50.0                        X0,AL                                        
  1  1  30.0E06  0.3               B,H,E,GNIU                                   
                                                                                
  0.0  0.0  0.0                    FX0,FX1,FX2                                  
  2.0  0.0  0.0                    QX0,QX1,QX2                                  
  4   0   0                        NSPV,NSSV,NSMB                               
  1   1   0.0                       ISPV(1,1),ISPV(1,2),VSPV(1)                 
  1   2   0.0                       ISPV(1,1),ISPV(1,2),VSPV(1)                 
  9   1   0.0                       ISPV(2,1),ISPV(2,2),VSPV(2)                 
  9   3   0.0                       ISPV(3,1),ISPV(3,2),VSPV(3)                 
                                                                                
  2   0                            NONLIN,NPRNT                                 
  10   50  1.0E-03  0.0             NLS, ITMAX, EPS, GAMA                       
  2   2                            NGP, LGP                                     
  0.1 0.1 0.1 0.1 0.1                                                           
  0.1 0.1 0.1 0.1 0.1              DP(I)                                        
                                                                                
  0.0 0.0 0.0 0.0 0.0 0.0 0.0                                                   
  0.0 0.0 0.0 0.0 0.0 0.0 0.0                                                   
  0.0 0.0 0.0 0.0 0.0 0.0 0.0                                                   
  0.0 0.0 0.0 0.0 0.0 0.0          GP1(I)                                       

     **** ECHO OF THE INPUT DATA ENDS ****

________________________________________________________________________________
        Output from computer program  FEM1DBEAM              by J. N. Reddy
________________________________________________________________________________


Example 5.2.1: Nonlinear analysis of a hinged-hinged beam problem               

    *** ANALYSIS OF MODEL  2 PROBLEM ***
               (see the code below)

    MODEL=1: A problem described by MODEL EQ. 1
    MODEL=2: A Euler-Bernoulli BEAM problem
    MODEL=3: A Timoshenko BEAM problem


   P R O B L E M   D A T A:

     Coordinate of node 1 ....................... =   0.0000E+00
     Length of the beam ......................... =   0.5000E+02
     Width of cross-section for the beam, B ..... =   0.1000E+01
     Height of cross-section for the beam, H .... =   0.1000E+01
     Elastic modulus of the beam material, E .... =   0.3000E+08
     Axial stiffness for the beam, EA ........... =   0.3000E+08
     Bending stiffness for the beam, EI ......... =   0.2500E+07
     Coefficient of 1 in QX, QX0 ................ =   0.2000E+01
     Coefficient of x in QX, QX1 ................ =   0.0000E+00
     Coefficient of x*x in QX, QX2 .............. =   0.0000E+00
     Coefficient of 1 in FX, FX0 ................ =   0.0000E+00
     Coefficient of x in FX, FX1 ................ =   0.0000E+00
     Coefficient of x*x in FX, FX2 .............. =   0.0000E+00


   M E S H   D A T A:

     Number of elements in the mesh, NEM......... =    8
     Type of element(0:hermite;1:linear;2:quadratic;) .. =    0
     Number of nodes in the mesh, NNM ........... =    9
     Number of deg. of freedom per node, NDF..... =    3
     Number of total DOF in the model, NEQ....... =   27
     GLOBAL COORDINATES OF THE GLOBAL NODES ..... =

        0.0000E+00   0.6250E+01   0.1250E+02   0.1875E+02   0.2500E+02
        0.3125E+02   0.3750E+02   0.4375E+02   0.5000E+02

          CONNECTIVITY MATRIX:

              1    2
              2    3
              3    4
              4    5
              5    6
              6    7
              7    8
              8    9

   B O U N D A R Y   D A T A:

     Number of specified PRIMARY variables ...... =    4
     Specified PRIMARY degrees of freedom ....... :

              1    1   0.0000E+00
              1    2   0.0000E+00
              9    1   0.0000E+00
              9    3   0.0000E+00

     *** NONLINEAR Analysis with NEWTON ITERATION ***


   NONLINEAR  A N A L Y S I S   D A T A:

     Number of load steps used, NLS ............. =   10
     Maximum allowable number of iterations ..... =   50
     Allowable convergence tolerance (EPS) ...... =   0.1000E-02
     Acceleration parameter:GAMA*GP2+(1-GAMA)*GP1 =   0.0000E+00

   INITIAL (GUESS) VECTOR:

     0.00000E+00  0.00000E+00  0.00000E+00  0.00000E+00  0.00000E+00  0.00000E+00  0.00000E+00  0.00000E+00  0.00000E+00  0.00000E+00  0.00000E+00  0.00000E+00  0.00000E+00  0.00000E+00  0.00000E+00  0.00000E+00  0.00000E+00  0.00000E+00  0.00000E+00  0.00000E+00  0.00000E+00  0.00000E+00  0.00000E+00  0.00000E+00

   INITIAL (GUESS) VECTOR:

     0.00000E+00  0.00000E+00  0.00000E+00

     First iteration solution at source value ... =  0.1000E+00

         0.00000E+00    0.00000E+00   -0.16667E-02    0.00000E+00
         0.10338E-01   -0.16292E-02    0.00000E+00    0.20223E-01
        -0.15234E-02    0.00000E+00    0.29259E-01   -0.13590E-02
         0.00000E+00    0.37109E-01   -0.11458E-02    0.00000E+00
         0.43500E-01   -0.89355E-03    0.00000E+00    0.48218E-01
        -0.61198E-03    0.00000E+00    0.51109E-01   -0.31087E-03
         0.00000E+00    0.52083E-01    0.00000E+00

     Iteration Number =  1     Error=  0.1000E+01

         0.00000E+00    0.00000E+00   -0.16667E-02    0.00000E+00
         0.10338E-01   -0.16292E-02    0.00000E+00    0.20223E-01
        -0.15234E-02    0.00000E+00    0.29259E-01   -0.13590E-02
         0.00000E+00    0.37109E-01   -0.11458E-02    0.00000E+00
         0.43500E-01   -0.89355E-03    0.00000E+00    0.48218E-01
        -0.61198E-03    0.00000E+00    0.51109E-01   -0.31087E-03
         0.00000E+00    0.52083E-01    0.00000E+00

     Iteration Number =  2     Error=  0.3278E+00

         0.00000E+00    0.00000E+00   -0.24794E-02   -0.95679E-05
         0.15379E-01   -0.24237E-02   -0.17563E-04    0.30085E-01
        -0.22663E-02   -0.22744E-04    0.43527E-01   -0.20218E-02
        -0.24397E-04    0.55206E-01   -0.17046E-02   -0.22365E-04
         0.64713E-01   -0.13293E-02   -0.17022E-04    0.71731E-01
        -0.91044E-03   -0.91874E-05    0.76033E-01   -0.46249E-03
         0.00000E+00    0.77482E-01    0.00000E+00

     Iteration Number =  3     Error=  0.1364E+00

         0.00000E+00    0.00000E+00   -0.28713E-02   -0.13349E-04
         0.17810E-01   -0.28068E-02   -0.24475E-04    0.34839E-01
        -0.26243E-02   -0.31664E-04    0.50403E-01   -0.23409E-02
        -0.33932E-04    0.63926E-01   -0.19735E-02   -0.31078E-04
         0.74933E-01   -0.15389E-02   -0.23632E-04    0.83057E-01
        -0.10539E-02   -0.12743E-04    0.88037E-01   -0.53535E-03
         0.00000E+00    0.89714E-01    0.00000E+00

     Iteration Number =  4     Error=  0.6141E-01

         0.00000E+00    0.00000E+00   -0.30595E-02   -0.14956E-04
         0.18977E-01   -0.29906E-02   -0.27405E-04    0.37121E-01
        -0.27961E-02   -0.35434E-04    0.53704E-01   -0.24940E-02
        -0.37953E-04    0.68110E-01   -0.21025E-02   -0.34742E-04
         0.79836E-01   -0.16394E-02   -0.26405E-04    0.88491E-01
        -0.11227E-02   -0.14231E-04    0.93795E-01   -0.57027E-03
         0.00000E+00    0.95582E-01    0.00000E+00

     Iteration Number =  5     Error=  0.2866E-01

         0.00000E+00    0.00000E+00   -0.31499E-02   -0.15681E-04
         0.19538E-01   -0.30790E-02   -0.28724E-04    0.38218E-01
        -0.28787E-02   -0.37129E-04    0.55290E-01   -0.25676E-02
        -0.39757E-04    0.70121E-01   -0.21644E-02   -0.36384E-04
         0.82192E-01   -0.16876E-02   -0.27646E-04    0.91101E-01
        -0.11557E-02   -0.14895E-04    0.96562E-01   -0.58703E-03
         0.00000E+00    0.98401E-01    0.00000E+00

     Iteration Number =  6     Error=  0.1361E-01

         0.00000E+00    0.00000E+00   -0.31935E-02   -0.16019E-04
         0.19808E-01   -0.31216E-02   -0.29339E-04    0.38746E-01
        -0.29184E-02   -0.37918E-04    0.56054E-01   -0.26030E-02
        -0.40596E-04    0.71089E-01   -0.21942E-02   -0.37148E-04
         0.83326E-01   -0.17108E-02   -0.28223E-04    0.92358E-01
        -0.11716E-02   -0.15204E-04    0.97893E-01   -0.59508E-03
         0.00000E+00    0.99757E-01    0.00000E+00

     Iteration Number =  7     Error=  0.6511E-02

         0.00000E+00    0.00000E+00   -0.32145E-02   -0.16180E-04
         0.19938E-01   -0.31421E-02   -0.29631E-04    0.39001E-01
        -0.29375E-02   -0.38292E-04    0.56422E-01   -0.26200E-02
        -0.40994E-04    0.71555E-01   -0.22085E-02   -0.37509E-04
         0.83872E-01   -0.17220E-02   -0.28495E-04    0.92963E-01
        -0.11792E-02   -0.15350E-04    0.98534E-01   -0.59895E-03
         0.00000E+00    0.10041E+00    0.00000E+00

     Iteration Number =  8     Error=  0.3128E-02

         0.00000E+00    0.00000E+00   -0.32247E-02   -0.16257E-04
         0.20001E-01   -0.31520E-02   -0.29771E-04    0.39124E-01
        -0.29468E-02   -0.38471E-04    0.56600E-01   -0.26282E-02
        -0.41185E-04    0.71780E-01   -0.22154E-02   -0.37682E-04
         0.84135E-01   -0.17273E-02   -0.28626E-04    0.93254E-01
        -0.11829E-02   -0.15420E-04    0.98843E-01   -0.60082E-03
         0.00000E+00    0.10073E+00    0.00000E+00

     Iteration Number =  9     Error=  0.1506E-02

         0.00000E+00    0.00000E+00   -0.32296E-02   -0.16294E-04
         0.20031E-01   -0.31567E-02   -0.29838E-04    0.39183E-01
        -0.29512E-02   -0.38557E-04    0.56685E-01   -0.26322E-02
        -0.41276E-04    0.71888E-01   -0.22187E-02   -0.37765E-04
         0.84262E-01   -0.17299E-02   -0.28689E-04    0.93395E-01
        -0.11846E-02   -0.15453E-04    0.98992E-01   -0.60172E-03
         0.00000E+00    0.10088E+00    0.00000E+00


   STEP NUMBER =  1   SOURCE VALUE =  0.1000E+00

     Number of iterations taken for convergence.. = 10
     The Euclidean norm of the solution error ... =  0.7253E-03
     The CONVERGED solution is:

         0.00000E+00    0.00000E+00   -0.32319E-02   -0.16312E-04
         0.20046E-01   -0.31590E-02   -0.29870E-04    0.39211E-01
        -0.29534E-02   -0.38599E-04    0.56726E-01   -0.26341E-02
        -0.41320E-04    0.71941E-01   -0.22203E-02   -0.37805E-04
         0.84323E-01   -0.17312E-02   -0.28719E-04    0.93463E-01
        -0.11855E-02   -0.15469E-04    0.99064E-01   -0.60215E-03
         0.00000E+00    0.10095E+00    0.00000E+00

     Iteration Number =  1     Error=  0.3285E+00

         0.00000E+00    0.00000E+00   -0.48128E-02   -0.36063E-04
         0.29852E-01   -0.47044E-02   -0.66182E-04    0.58393E-01
        -0.43980E-02   -0.85685E-04    0.84475E-01   -0.39225E-02
        -0.91885E-04    0.10713E+00   -0.33063E-02   -0.84211E-04
         0.12557E+00   -0.25778E-02   -0.64081E-04    0.13918E+00
        -0.17652E-02   -0.34582E-04    0.14752E+00   -0.89658E-03
         0.00000E+00    0.15033E+00    0.00000E+00

     Iteration Number =  2     Error=  0.1237E+00

         0.00000E+00    0.00000E+00   -0.54934E-02   -0.48851E-04
         0.34073E-01   -0.53694E-02   -0.89535E-04    0.66646E-01
        -0.50191E-02   -0.11578E-03    0.96409E-01   -0.44756E-02
        -0.12402E-03    0.12226E+00   -0.37719E-02   -0.11354E-03
         0.14329E+00   -0.29404E-02   -0.86305E-04    0.15881E+00
        -0.20133E-02   -0.46525E-04    0.16832E+00   -0.10225E-02
         0.00000E+00    0.17153E+00    0.00000E+00

     Iteration Number =  3     Error=  0.5106E-01

         0.00000E+00    0.00000E+00   -0.57904E-02   -0.53469E-04
         0.35914E-01   -0.56593E-02   -0.97929E-04    0.70244E-01
        -0.52894E-02   -0.12655E-03    0.10161E+00   -0.47161E-02
        -0.13546E-03    0.12884E+00   -0.39740E-02   -0.12394E-03
         0.15100E+00   -0.30976E-02   -0.94159E-04    0.16735E+00
        -0.21208E-02   -0.50730E-04    0.17737E+00   -0.10771E-02
         0.00000E+00    0.18075E+00    0.00000E+00

     Iteration Number =  4     Error=  0.2195E-01

         0.00000E+00    0.00000E+00   -0.59214E-02   -0.55340E-04
         0.36726E-01   -0.57871E-02   -0.10132E-03    0.71829E-01
        -0.54084E-02   -0.13088E-03    0.10390E+00   -0.48217E-02
        -0.14006E-03    0.13174E+00   -0.40627E-02   -0.12810E-03
         0.15439E+00   -0.31665E-02   -0.97295E-04    0.17111E+00
        -0.21678E-02   -0.52406E-04    0.18135E+00   -0.11009E-02
         0.00000E+00    0.18480E+00    0.00000E+00

     Iteration Number =  5     Error=  0.9618E-02

         0.00000E+00    0.00000E+00   -0.59795E-02   -0.56142E-04
         0.37086E-01   -0.58437E-02   -0.10277E-03    0.72532E-01
        -0.54610E-02   -0.13273E-03    0.10491E+00   -0.48683E-02
        -0.14201E-03    0.13302E+00   -0.41018E-02   -0.12988E-03
         0.15589E+00   -0.31968E-02   -0.98627E-04    0.17277E+00
        -0.21885E-02   -0.53117E-04    0.18311E+00   -0.11114E-02
         0.00000E+00    0.18659E+00    0.00000E+00

     Iteration Number =  6     Error=  0.4252E-02

         0.00000E+00    0.00000E+00   -0.60054E-02   -0.56495E-04
         0.37247E-01   -0.58689E-02   -0.10340E-03    0.72845E-01
        -0.54844E-02   -0.13354E-03    0.10536E+00   -0.48890E-02
        -0.14287E-03    0.13359E+00   -0.41190E-02   -0.13065E-03
         0.15656E+00   -0.32102E-02   -0.99209E-04    0.17351E+00
        -0.21976E-02   -0.53427E-04    0.18389E+00   -0.11160E-02
         0.00000E+00    0.18738E+00    0.00000E+00

     Iteration Number =  7     Error=  0.1887E-02

         0.00000E+00    0.00000E+00   -0.60170E-02   -0.56652E-04
         0.37318E-01   -0.58802E-02   -0.10369E-03    0.72985E-01
        -0.54948E-02   -0.13390E-03    0.10556E+00   -0.48982E-02
        -0.14325E-03    0.13385E+00   -0.41267E-02   -0.13099E-03
         0.15686E+00   -0.32161E-02   -0.99465E-04    0.17383E+00
        -0.22016E-02   -0.53564E-04    0.18423E+00   -0.11180E-02
         0.00000E+00    0.18774E+00    0.00000E+00


   STEP NUMBER =  2   SOURCE VALUE =  0.2000E+00

     Number of iterations taken for convergence.. =  8
     The Euclidean norm of the solution error ... =  0.8388E-03
     The CONVERGED solution is:

         0.00000E+00    0.00000E+00   -0.60222E-02   -0.56722E-04
         0.37350E-01   -0.58852E-02   -0.10381E-03    0.73047E-01
        -0.54994E-02   -0.13406E-03    0.10565E+00   -0.49023E-02
        -0.14342E-03    0.13396E+00   -0.41301E-02   -0.13114E-03
         0.15699E+00   -0.32187E-02   -0.99579E-04    0.17398E+00
        -0.22034E-02   -0.53624E-04    0.18439E+00   -0.11189E-02
         0.00000E+00    0.18789E+00    0.00000E+00

     Iteration Number =  1     Error=  0.1888E+00

         0.00000E+00    0.00000E+00   -0.74244E-02   -0.89410E-04
         0.46048E-01   -0.72559E-02   -0.16388E-03    0.90059E-01
        -0.67801E-02   -0.21190E-03    0.13026E+00   -0.60435E-02
        -0.22694E-03    0.16515E+00   -0.50913E-02   -0.20775E-03
         0.19354E+00   -0.39675E-02   -0.15792E-03    0.21448E+00
        -0.27158E-02   -0.85145E-04    0.22731E+00   -0.13791E-02
         0.00000E+00    0.23163E+00    0.00000E+00

     Iteration Number =  2     Error=  0.6695E-01

         0.00000E+00    0.00000E+00   -0.79602E-02   -0.10167E-03
         0.49370E-01   -0.77788E-02   -0.18614E-03    0.96548E-01
        -0.72674E-02   -0.24042E-03    0.13963E+00   -0.64765E-02
        -0.25724E-03    0.17702E+00   -0.54548E-02   -0.23526E-03
         0.20743E+00   -0.42500E-02   -0.17867E-03    0.22986E+00
        -0.29088E-02   -0.96251E-04    0.24360E+00   -0.14770E-02
         0.00000E+00    0.24823E+00    0.00000E+00

     Iteration Number =  3     Error=  0.2577E-01

         0.00000E+00    0.00000E+00   -0.81733E-02   -0.10577E-03
         0.50690E-01   -0.79863E-02   -0.19354E-03    0.99123E-01
        -0.74602E-02   -0.24985E-03    0.14334E+00   -0.66471E-02
        -0.26719E-03    0.18172E+00   -0.55976E-02   -0.24425E-03
         0.21292E+00   -0.43607E-02   -0.18542E-03    0.23594E+00
        -0.29843E-02   -0.99847E-04    0.25003E+00   -0.15152E-02
         0.00000E+00    0.25478E+00    0.00000E+00

     Iteration Number =  4     Error=  0.1027E-01

         0.00000E+00    0.00000E+00   -0.82598E-02   -0.10734E-03
         0.51225E-01   -0.80704E-02   -0.19637E-03    0.10017E+00
        -0.75379E-02   -0.25343E-03    0.14485E+00   -0.67156E-02
        -0.27096E-03    0.18361E+00   -0.56548E-02   -0.24763E-03
         0.21514E+00   -0.44049E-02   -0.18796E-03    0.23838E+00
        -0.30143E-02   -0.10120E-03    0.25262E+00   -0.15304E-02
         0.00000E+00    0.25742E+00    0.00000E+00

     Iteration Number =  5     Error=  0.4158E-02

         0.00000E+00    0.00000E+00   -0.82953E-02   -0.10798E-03
         0.51445E-01   -0.81048E-02   -0.19751E-03    0.10059E+00
        -0.75695E-02   -0.25487E-03    0.14546E+00   -0.67434E-02
        -0.27246E-03    0.18439E+00   -0.56778E-02   -0.24898E-03
         0.21604E+00   -0.44226E-02   -0.18896E-03    0.23937E+00
        -0.30264E-02   -0.10173E-03    0.25367E+00   -0.15365E-02
         0.00000E+00    0.25848E+00    0.00000E+00

     Iteration Number =  6     Error=  0.1693E-02

         0.00000E+00    0.00000E+00   -0.83100E-02   -0.10824E-03
         0.51535E-01   -0.81189E-02   -0.19797E-03    0.10077E+00
        -0.75825E-02   -0.25546E-03    0.14571E+00   -0.67547E-02
        -0.27307E-03    0.18470E+00   -0.56871E-02   -0.24953E-03
         0.21640E+00   -0.44298E-02   -0.18937E-03    0.23978E+00
        -0.30312E-02   -0.10195E-03    0.25410E+00   -0.15389E-02
         0.00000E+00    0.25892E+00    0.00000E+00


   STEP NUMBER =  3   SOURCE VALUE =  0.3000E+00

     Number of iterations taken for convergence.. =  7
     The Euclidean norm of the solution error ... =  0.6911E-03
     The CONVERGED solution is:

         0.00000E+00    0.00000E+00   -0.83161E-02   -0.10835E-03
         0.51572E-01   -0.81247E-02   -0.19817E-03    0.10084E+00
        -0.75878E-02   -0.25570E-03    0.14581E+00   -0.67593E-02
        -0.27332E-03    0.18483E+00   -0.56909E-02   -0.24975E-03
         0.21655E+00   -0.44326E-02   -0.18954E-03    0.23994E+00
        -0.30331E-02   -0.10203E-03    0.25427E+00   -0.15399E-02
         0.00000E+00    0.25910E+00    0.00000E+00

     Iteration Number =  1     Error=  0.1285E+00

         0.00000E+00    0.00000E+00   -0.95420E-02   -0.14790E-03
         0.59178E-01   -0.93231E-02   -0.27080E-03    0.11571E+00
        -0.87067E-02   -0.34973E-03    0.16731E+00   -0.77554E-02
        -0.37413E-03    0.21208E+00   -0.65290E-02   -0.34212E-03
         0.24847E+00   -0.50850E-02   -0.25984E-03    0.27531E+00
        -0.34792E-02   -0.14000E-03    0.29174E+00   -0.17663E-02
         0.00000E+00    0.29727E+00    0.00000E+00

     Iteration Number =  2     Error=  0.4252E-01

         0.00000E+00    0.00000E+00   -0.99699E-02   -0.15860E-03
         0.61829E-01   -0.97402E-02   -0.29011E-03    0.12089E+00
        -0.90943E-02   -0.37432E-03    0.17478E+00   -0.80987E-02
        -0.40009E-03    0.22152E+00   -0.68164E-02   -0.36556E-03
         0.25951E+00   -0.53078E-02   -0.27743E-03    0.28752E+00
        -0.36311E-02   -0.14937E-03    0.30467E+00   -0.18432E-02
         0.00000E+00    0.31044E+00    0.00000E+00

     Iteration Number =  3     Error=  0.1528E-01

         0.00000E+00    0.00000E+00   -0.10128E-01   -0.16203E-03
         0.62807E-01   -0.98936E-02   -0.29624E-03    0.12279E+00
        -0.92361E-02   -0.38206E-03    0.17752E+00   -0.82235E-02
        -0.40818E-03    0.22498E+00   -0.69203E-02   -0.37282E-03
         0.26355E+00   -0.53880E-02   -0.28285E-03    0.29197E+00
        -0.36856E-02   -0.15224E-03    0.30938E+00   -0.18708E-02
         0.00000E+00    0.31524E+00    0.00000E+00

     Iteration Number =  4     Error=  0.5678E-02

         0.00000E+00    0.00000E+00   -0.10188E-01   -0.16329E-03
         0.63178E-01   -0.99516E-02   -0.29848E-03    0.12351E+00
        -0.92892E-02   -0.38486E-03    0.17855E+00   -0.82699E-02
        -0.41110E-03    0.22627E+00   -0.69587E-02   -0.37542E-03
         0.26505E+00   -0.54174E-02   -0.28477E-03    0.29364E+00
        -0.37055E-02   -0.15326E-03    0.31114E+00   -0.18808E-02
         0.00000E+00    0.31703E+00    0.00000E+00

     Iteration Number =  5     Error=  0.2137E-02

         0.00000E+00    0.00000E+00   -0.10211E-01   -0.16377E-03
         0.63320E-01   -0.99737E-02   -0.29934E-03    0.12378E+00
        -0.93093E-02   -0.38592E-03    0.17894E+00   -0.82873E-02
        -0.41219E-03    0.22677E+00   -0.69729E-02   -0.37639E-03
         0.26562E+00   -0.54282E-02   -0.28549E-03    0.29426E+00
        -0.37128E-02   -0.15364E-03    0.31180E+00   -0.18845E-02
         0.00000E+00    0.31770E+00    0.00000E+00


   STEP NUMBER =  4   SOURCE VALUE =  0.4000E+00

     Number of iterations taken for convergence.. =  6
     The Euclidean norm of the solution error ... =  0.8077E-03
     The CONVERGED solution is:

         0.00000E+00    0.00000E+00   -0.10220E-01   -0.16397E-03
         0.63375E-01   -0.99822E-02   -0.29967E-03    0.12389E+00
        -0.93169E-02   -0.38633E-03    0.17909E+00   -0.82938E-02
        -0.41261E-03    0.22695E+00   -0.69781E-02   -0.37676E-03
         0.26584E+00   -0.54321E-02   -0.28576E-03    0.29450E+00
        -0.37154E-02   -0.15378E-03    0.31204E+00   -0.18858E-02
         0.00000E+00    0.31795E+00    0.00000E+00

     Iteration Number =  1     Error=  0.9569E-01

         0.00000E+00    0.00000E+00   -0.11302E-01   -0.20693E-03
         0.70087E-01   -0.11040E-01   -0.37853E-03    0.13701E+00
        -0.10304E-01   -0.48833E-03    0.19806E+00   -0.91713E-02
        -0.52186E-03    0.25098E+00   -0.77157E-02   -0.47677E-03
         0.29397E+00   -0.60057E-02   -0.36183E-03    0.32566E+00
        -0.41073E-02   -0.19484E-03    0.34506E+00   -0.20846E-02
         0.00000E+00    0.35159E+00    0.00000E+00

     Iteration Number =  2     Error=  0.2988E-01

         0.00000E+00    0.00000E+00   -0.11655E-01   -0.21618E-03
         0.72275E-01   -0.11383E-01   -0.39510E-03    0.14128E+00
        -0.10622E-01   -0.50928E-03    0.20420E+00   -0.94525E-02
        -0.54381E-03    0.25874E+00   -0.79503E-02   -0.49647E-03
         0.30304E+00   -0.61870E-02   -0.37653E-03    0.33567E+00
        -0.42307E-02   -0.20263E-03    0.35565E+00   -0.21470E-02
         0.00000E+00    0.36238E+00    0.00000E+00

     Iteration Number =  3     Error=  0.1013E-01

         0.00000E+00    0.00000E+00   -0.11778E-01   -0.21906E-03
         0.73035E-01   -0.11503E-01   -0.40021E-03    0.14275E+00
        -0.10731E-01   -0.51567E-03    0.20632E+00   -0.95481E-02
        -0.55043E-03    0.26141E+00   -0.80294E-02   -0.50235E-03
         0.30614E+00   -0.62478E-02   -0.38088E-03    0.33910E+00
        -0.42718E-02   -0.20493E-03    0.35927E+00   -0.21677E-02
         0.00000E+00    0.36606E+00    0.00000E+00

     Iteration Number =  4     Error=  0.3540E-02

         0.00000E+00    0.00000E+00   -0.11823E-01   -0.22009E-03
         0.73308E-01   -0.11545E-01   -0.40201E-03    0.14328E+00
        -0.10770E-01   -0.51789E-03    0.20707E+00   -0.95813E-02
        -0.55272E-03    0.26235E+00   -0.80566E-02   -0.50436E-03
         0.30723E+00   -0.62684E-02   -0.38236E-03    0.34030E+00
        -0.42857E-02   -0.20570E-03    0.36053E+00   -0.21747E-02
         0.00000E+00    0.36735E+00    0.00000E+00

     Iteration Number =  5     Error=  0.1251E-02

         0.00000E+00    0.00000E+00   -0.11839E-01   -0.22048E-03
         0.73408E-01   -0.11560E-01   -0.40268E-03    0.14347E+00
        -0.10784E-01   -0.51870E-03    0.20734E+00   -0.95930E-02
        -0.55354E-03    0.26268E+00   -0.80660E-02   -0.50508E-03
         0.30762E+00   -0.62754E-02   -0.38288E-03    0.34072E+00
        -0.42903E-02   -0.20597E-03    0.36098E+00   -0.21770E-02
         0.00000E+00    0.36780E+00    0.00000E+00


   STEP NUMBER =  5   SOURCE VALUE =  0.5000E+00

     Number of iterations taken for convergence.. =  6
     The Euclidean norm of the solution error ... =  0.4439E-03
     The CONVERGED solution is:

         0.00000E+00    0.00000E+00   -0.11845E-01   -0.22062E-03
         0.73444E-01   -0.11566E-01   -0.40293E-03    0.14354E+00
        -0.10789E-01   -0.51900E-03    0.20744E+00   -0.95970E-02
        -0.55384E-03    0.26280E+00   -0.80691E-02   -0.50533E-03
         0.30775E+00   -0.62777E-02   -0.38307E-03    0.34087E+00
        -0.42919E-02   -0.20607E-03    0.36113E+00   -0.21778E-02
         0.00000E+00    0.36796E+00    0.00000E+00

     Iteration Number =  1     Error=  0.7534E-01

         0.00000E+00    0.00000E+00   -0.12811E-01   -0.26517E-03
         0.79435E-01   -0.12510E-01   -0.48465E-03    0.15525E+00
        -0.11669E-01   -0.62462E-03    0.22436E+00   -0.10379E-01
        -0.66685E-03    0.28423E+00   -0.87256E-02   -0.60871E-03
         0.33283E+00   -0.67878E-02   -0.46164E-03    0.36864E+00
        -0.46402E-02   -0.24847E-03    0.39055E+00   -0.23544E-02
         0.00000E+00    0.39792E+00    0.00000E+00

     Iteration Number =  2     Error=  0.2243E-01

         0.00000E+00    0.00000E+00   -0.13110E-01   -0.27322E-03
         0.81289E-01   -0.12801E-01   -0.49897E-03    0.15886E+00
        -0.11937E-01   -0.64258E-03    0.22955E+00   -0.10615E-01
        -0.68553E-03    0.29078E+00   -0.89225E-02   -0.62535E-03
         0.34048E+00   -0.69396E-02   -0.47398E-03    0.37708E+00
        -0.47432E-02   -0.25497E-03    0.39948E+00   -0.24064E-02
         0.00000E+00    0.40701E+00    0.00000E+00

     Iteration Number =  3     Error=  0.7232E-02

         0.00000E+00    0.00000E+00   -0.13210E-01   -0.27570E-03
         0.81905E-01   -0.12897E-01   -0.50330E-03    0.16005E+00
        -0.12025E-01   -0.64793E-03    0.23126E+00   -0.10692E-01
        -0.69102E-03    0.29292E+00   -0.89851E-02   -0.63019E-03
         0.34297E+00   -0.69874E-02   -0.47754E-03    0.37981E+00
        -0.47754E-02   -0.25683E-03    0.40236E+00   -0.24226E-02
         0.00000E+00    0.40995E+00    0.00000E+00

     Iteration Number =  4     Error=  0.2401E-02

         0.00000E+00    0.00000E+00   -0.13245E-01   -0.27656E-03
         0.82116E-01   -0.12930E-01   -0.50479E-03    0.16046E+00
        -0.12055E-01   -0.64975E-03    0.23184E+00   -0.10717E-01
        -0.69286E-03    0.29364E+00   -0.90053E-02   -0.63178E-03
         0.34379E+00   -0.70025E-02   -0.47870E-03    0.38072E+00
        -0.47856E-02   -0.25744E-03    0.40332E+00   -0.24277E-02
         0.00000E+00    0.41092E+00    0.00000E+00


   STEP NUMBER =  6   SOURCE VALUE =  0.6000E+00

     Number of iterations taken for convergence.. =  5
     The Euclidean norm of the solution error ... =  0.8045E-03
     The CONVERGED solution is:

         0.00000E+00    0.00000E+00   -0.13257E-01   -0.27688E-03
         0.82190E-01   -0.12941E-01   -0.50533E-03    0.16060E+00
        -0.12064E-01   -0.65039E-03    0.23203E+00   -0.10725E-01
        -0.69349E-03    0.29388E+00   -0.90117E-02   -0.63233E-03
         0.34407E+00   -0.70073E-02   -0.47909E-03    0.38103E+00
        -0.47887E-02   -0.25764E-03    0.40364E+00   -0.24292E-02
         0.00000E+00    0.41124E+00    0.00000E+00

     Iteration Number =  1     Error=  0.6194E-01

         0.00000E+00    0.00000E+00   -0.14133E-01   -0.32215E-03
         0.87626E-01   -0.13797E-01   -0.58834E-03    0.17122E+00
        -0.12862E-01   -0.75756E-03    0.24737E+00   -0.11433E-01
        -0.80806E-03    0.31330E+00   -0.96055E-02   -0.73704E-03
         0.36680E+00   -0.74681E-02   -0.55861E-03    0.40618E+00
        -0.51031E-02   -0.30053E-03    0.43027E+00   -0.25886E-02
         0.00000E+00    0.43838E+00    0.00000E+00

     Iteration Number =  2     Error=  0.1772E-01

         0.00000E+00    0.00000E+00   -0.14394E-01   -0.32929E-03
         0.89241E-01   -0.14051E-01   -0.60093E-03    0.17436E+00
        -0.13095E-01   -0.77322E-03    0.25189E+00   -0.11637E-01
        -0.82422E-03    0.31899E+00   -0.97751E-02   -0.75132E-03
         0.37342E+00   -0.75985E-02   -0.56914E-03    0.41349E+00
        -0.51915E-02   -0.30605E-03    0.43800E+00   -0.26332E-02
         0.00000E+00    0.44625E+00    0.00000E+00

     Iteration Number =  3     Error=  0.5475E-02

         0.00000E+00    0.00000E+00   -0.14478E-01   -0.33147E-03
         0.89758E-01   -0.14131E-01   -0.60469E-03    0.17536E+00
        -0.13168E-01   -0.77782E-03    0.25331E+00   -0.11700E-01
        -0.82888E-03    0.32077E+00   -0.98264E-02   -0.75539E-03
         0.37548E+00   -0.76374E-02   -0.57210E-03    0.41575E+00
        -0.52176E-02   -0.30759E-03    0.44038E+00   -0.26463E-02
         0.00000E+00    0.44867E+00    0.00000E+00

     Iteration Number =  4     Error=  0.1739E-02

         0.00000E+00    0.00000E+00   -0.14506E-01   -0.33222E-03
         0.89929E-01   -0.14158E-01   -0.60597E-03    0.17569E+00
        -0.13192E-01   -0.77935E-03    0.25377E+00   -0.11720E-01
        -0.83040E-03    0.32134E+00   -0.98420E-02   -0.75669E-03
         0.37614E+00   -0.76490E-02   -0.57304E-03    0.41647E+00
        -0.52252E-02   -0.30807E-03    0.44114E+00   -0.26501E-02
         0.00000E+00    0.44944E+00    0.00000E+00


   STEP NUMBER =  7   SOURCE VALUE =  0.7000E+00

     Number of iterations taken for convergence.. =  5
     The Euclidean norm of the solution error ... =  0.5567E-03
     The CONVERGED solution is:

         0.00000E+00    0.00000E+00   -0.14516E-01   -0.33249E-03
         0.89987E-01   -0.14166E-01   -0.60642E-03    0.17580E+00
        -0.13199E-01   -0.77988E-03    0.25393E+00   -0.11726E-01
        -0.83092E-03    0.32153E+00   -0.98466E-02   -0.75712E-03
         0.37635E+00   -0.76524E-02   -0.57334E-03    0.41670E+00
        -0.52274E-02   -0.30823E-03    0.44138E+00   -0.26511E-02
         0.00000E+00    0.44968E+00    0.00000E+00

     Iteration Number =  1     Error=  0.5224E-01

         0.00000E+00    0.00000E+00   -0.15316E-01   -0.37792E-03
         0.94956E-01   -0.14949E-01   -0.68966E-03    0.18551E+00
        -0.13928E-01   -0.88726E-03    0.26794E+00   -0.12372E-01
        -0.94561E-03    0.33926E+00   -0.10388E-01   -0.86186E-03
         0.39710E+00   -0.80722E-02   -0.65284E-03    0.43966E+00
        -0.55137E-02   -0.35109E-03    0.46569E+00   -0.27962E-02
         0.00000E+00    0.47445E+00    0.00000E+00

     Iteration Number =  2     Error=  0.1446E-01

         0.00000E+00    0.00000E+00   -0.15548E-01   -0.38430E-03
         0.96386E-01   -0.15173E-01   -0.70083E-03    0.18828E+00
        -0.14133E-01   -0.90105E-03    0.27193E+00   -0.12552E-01
        -0.95971E-03    0.34428E+00   -0.10537E-01   -0.87423E-03
         0.40293E+00   -0.81862E-02   -0.66190E-03    0.44609E+00
        -0.55907E-02   -0.35581E-03    0.47248E+00   -0.28350E-02
         0.00000E+00    0.48136E+00    0.00000E+00

     Iteration Number =  3     Error=  0.4307E-02

         0.00000E+00    0.00000E+00   -0.15620E-01   -0.38624E-03
         0.96829E-01   -0.15242E-01   -0.70416E-03    0.18914E+00
        -0.14195E-01   -0.90506E-03    0.27314E+00   -0.12605E-01
        -0.96373E-03    0.34579E+00   -0.10580E-01   -0.87770E-03
         0.40468E+00   -0.82185E-02   -0.66440E-03    0.44801E+00
        -0.56123E-02   -0.35710E-03    0.47450E+00   -0.28458E-02
         0.00000E+00    0.48341E+00    0.00000E+00

     Iteration Number =  4     Error=  0.1316E-02

         0.00000E+00    0.00000E+00   -0.15643E-01   -0.38691E-03
         0.96972E-01   -0.15264E-01   -0.70527E-03    0.18941E+00
        -0.14215E-01   -0.90637E-03    0.27352E+00   -0.12621E-01
        -0.96501E-03    0.34626E+00   -0.10592E-01   -0.87878E-03
         0.40522E+00   -0.82276E-02   -0.66516E-03    0.44859E+00
        -0.56183E-02   -0.35749E-03    0.47511E+00   -0.28487E-02
         0.00000E+00    0.48403E+00    0.00000E+00


   STEP NUMBER =  8   SOURCE VALUE =  0.8000E+00

     Number of iterations taken for convergence.. =  5
     The Euclidean norm of the solution error ... =  0.4053E-03
     The CONVERGED solution is:

         0.00000E+00    0.00000E+00   -0.15651E-01   -0.38715E-03
         0.97020E-01   -0.15271E-01   -0.70567E-03    0.18950E+00
        -0.14220E-01   -0.90682E-03    0.27364E+00   -0.12625E-01
        -0.96544E-03    0.34641E+00   -0.10595E-01   -0.87913E-03
         0.40539E+00   -0.82300E-02   -0.66540E-03    0.44877E+00
        -0.56198E-02   -0.35761E-03    0.47530E+00   -0.28495E-02
         0.00000E+00    0.48422E+00    0.00000E+00

     Iteration Number =  1     Error=  0.4505E-01

         0.00000E+00    0.00000E+00   -0.16390E-01   -0.43245E-03
         0.10161E+00   -0.15993E-01   -0.78862E-03    0.19845E+00
        -0.14892E-01   -0.10138E-02    0.28657E+00   -0.13221E-01
        -0.10796E-02    0.36277E+00   -0.11094E-01   -0.98328E-03
         0.42452E+00   -0.86164E-02   -0.74442E-03    0.46993E+00
        -0.58831E-02   -0.40019E-03    0.49770E+00   -0.29828E-02
         0.00000E+00    0.50704E+00    0.00000E+00

     Iteration Number =  2     Error=  0.1212E-01

         0.00000E+00    0.00000E+00   -0.16598E-01   -0.43823E-03
         0.10289E+00   -0.16194E-01   -0.79866E-03    0.20095E+00
        -0.15076E-01   -0.10260E-02    0.29014E+00   -0.13381E-01
        -0.10920E-02    0.36725E+00   -0.11226E-01   -0.99412E-03
         0.42973E+00   -0.87174E-02   -0.75229E-03    0.47568E+00
        -0.59513E-02   -0.40427E-03    0.50377E+00   -0.30171E-02
         0.00000E+00    0.51322E+00    0.00000E+00

     Iteration Number =  3     Error=  0.3498E-02

         0.00000E+00    0.00000E+00   -0.16661E-01   -0.43999E-03
         0.10328E+00   -0.16254E-01   -0.80164E-03    0.20169E+00
        -0.15130E-01   -0.10296E-02    0.29120E+00   -0.13427E-01
        -0.10955E-02    0.36857E+00   -0.11263E-01   -0.99712E-03
         0.43125E+00   -0.87450E-02   -0.75443E-03    0.47734E+00
        -0.59696E-02   -0.40537E-03    0.50551E+00   -0.30262E-02
         0.00000E+00    0.51499E+00    0.00000E+00

     Iteration Number =  4     Error=  0.1034E-02

         0.00000E+00    0.00000E+00   -0.16682E-01   -0.44060E-03
         0.10340E+00   -0.16273E-01   -0.80264E-03    0.20192E+00
        -0.15146E-01   -0.10307E-02    0.29152E+00   -0.13440E-01
        -0.10966E-02    0.36896E+00   -0.11273E-01   -0.99803E-03
         0.43170E+00   -0.87523E-02   -0.75507E-03    0.47782E+00
        -0.59743E-02   -0.40569E-03    0.50602E+00   -0.30286E-02
         0.00000E+00    0.51551E+00    0.00000E+00


   STEP NUMBER =  9   SOURCE VALUE =  0.9000E+00

     Number of iterations taken for convergence.. =  5
     The Euclidean norm of the solution error ... =  0.3077E-03
     The CONVERGED solution is:

         0.00000E+00    0.00000E+00   -0.16688E-01   -0.44082E-03
         0.10344E+00   -0.16279E-01   -0.80299E-03    0.20200E+00
        -0.15151E-01   -0.10311E-02    0.29162E+00   -0.13443E-01
        -0.10970E-02    0.36908E+00   -0.11276E-01   -0.99832E-03
         0.43183E+00   -0.87540E-02   -0.75527E-03    0.47797E+00
        -0.59754E-02   -0.40579E-03    0.50617E+00   -0.30291E-02
         0.00000E+00    0.51566E+00    0.00000E+00

     Iteration Number =  1     Error=  0.3953E-01

         0.00000E+00    0.00000E+00   -0.17376E-01   -0.48583E-03
         0.10771E+00   -0.16950E-01   -0.88539E-03    0.21033E+00
        -0.15776E-01   -0.11373E-02    0.30365E+00   -0.13997E-01
        -0.12102E-02    0.38429E+00   -0.11738E-01   -0.11016E-02
         0.44961E+00   -0.91123E-02   -0.83354E-03    0.49763E+00
        -0.62194E-02   -0.44795E-03    0.52698E+00   -0.31526E-02
         0.00000E+00    0.53686E+00    0.00000E+00

     Iteration Number =  2     Error=  0.1037E-01

         0.00000E+00    0.00000E+00   -0.17565E-01   -0.49113E-03
         0.10887E+00   -0.17133E-01   -0.89450E-03    0.21259E+00
        -0.15943E-01   -0.11483E-02    0.30689E+00   -0.14141E-01
        -0.12213E-02    0.38835E+00   -0.11857E-01   -0.11111E-02
         0.45433E+00   -0.92032E-02   -0.84045E-03    0.50283E+00
        -0.62806E-02   -0.45151E-03    0.53247E+00   -0.31834E-02
         0.00000E+00    0.54244E+00    0.00000E+00

     Iteration Number =  3     Error=  0.2912E-02

         0.00000E+00    0.00000E+00   -0.17621E-01   -0.49274E-03
         0.10922E+00   -0.17186E-01   -0.89721E-03    0.21325E+00
        -0.15990E-01   -0.11515E-02    0.30782E+00   -0.14181E-01
        -0.12244E-02    0.38951E+00   -0.11889E-01   -0.11138E-02
         0.45566E+00   -0.92269E-02   -0.84231E-03    0.50428E+00
        -0.62964E-02   -0.45245E-03    0.53400E+00   -0.31912E-02
         0.00000E+00    0.54399E+00    0.00000E+00


   STEP NUMBER = 10   SOURCE VALUE =  0.1000E+01

     Number of iterations taken for convergence.. =  4
     The Euclidean norm of the solution error ... =  0.8358E-03
     The CONVERGED solution is:

         0.00000E+00    0.00000E+00   -0.17639E-01   -0.49330E-03
         0.10932E+00   -0.17202E-01   -0.89811E-03    0.21345E+00
        -0.16004E-01   -0.11525E-02    0.30810E+00   -0.14192E-01
        -0.12254E-02    0.38985E+00   -0.11898E-01   -0.11146E-02
         0.45605E+00   -0.92329E-02   -0.84285E-03    0.50470E+00
        -0.63002E-02   -0.45273E-03    0.53443E+00   -0.31930E-02
         0.00000E+00    0.54443E+00    0.00000E+00
