     *** ECHO OF THE INPUT DATA STARTS ***

Example 5.2.1: Nonlinear analysis of a hinged-hinged beam problem               
  2   0   8                        MODEL,IEL,NEM                                
  0.0  50.0                        X0,AL                                        
  1  1  30.0E06  0.3               B,H,E,GNIU                                   
                                                                                
  0.0  0.0  0.0                    FX0,FX1,FX2                                  
  1.0  0.0  0.0                    QX0,QX1,QX2                                  
  4   0   0                        NSPV,NSSV,NSMB                               
  1   1   0.0                       ISPV(1,1),ISPV(1,2),VSPV(1)                 
  1   2   0.0                       ISPV(1,1),ISPV(1,2),VSPV(1)                 
  9   1   0.0                       ISPV(2,1),ISPV(2,2),VSPV(2)                 
  9   3   0.0                       ISPV(3,1),ISPV(3,2),VSPV(3)                 
                                                                                
  2   0                            NONLIN,NPRNT                                 
  10   50  1.0E-03  0.0             NLS, ITMAX, EPS, GAMA                       
  2   2                            NGP, LGP                                     
  0.1 0.1 0.1 0.1 0.1                                                           
  0.1 0.1 0.1 0.1 0.1              DP(I)                                        
                                                                                
  0.0 0.0 0.0 0.0 0.0 0.0 0.0                                                   
  0.0 0.0 0.0 0.0 0.0 0.0 0.0                                                   
  0.0 0.0 0.0 0.0 0.0 0.0 0.0                                                   
  0.0 0.0 0.0 0.0 0.0 0.0          GP1(I)                                       

     **** ECHO OF THE INPUT DATA ENDS ****

________________________________________________________________________________
        Output from computer program  FEM1DBEAM              by J. N. Reddy
________________________________________________________________________________


Example 5.2.1: Nonlinear analysis of a hinged-hinged beam problem               

    *** ANALYSIS OF MODEL  2 PROBLEM ***
               (see the code below)

    MODEL=1: A problem described by MODEL EQ. 1
    MODEL=2: A Euler-Bernoulli BEAM problem
    MODEL=3: A Timoshenko BEAM problem


   P R O B L E M   D A T A:

     Coordinate of node 1 ....................... =   0.0000E+00
     Length of the beam ......................... =   0.5000E+02
     Width of cross-section for the beam, B ..... =   0.1000E+01
     Height of cross-section for the beam, H .... =   0.1000E+01
     Elastic modulus of the beam material, E .... =   0.3000E+08
     Axial stiffness for the beam, EA ........... =   0.3000E+08
     Bending stiffness for the beam, EI ......... =   0.2500E+07
     Coefficient of 1 in QX, QX0 ................ =   0.1000E+01
     Coefficient of x in QX, QX1 ................ =   0.0000E+00
     Coefficient of x*x in QX, QX2 .............. =   0.0000E+00
     Coefficient of 1 in FX, FX0 ................ =   0.0000E+00
     Coefficient of x in FX, FX1 ................ =   0.0000E+00
     Coefficient of x*x in FX, FX2 .............. =   0.0000E+00


   M E S H   D A T A:

     Number of elements in the mesh, NEM......... =    8
     Type of element(0:hermite;1:linear;2:quadratic;) .. =    0
     Number of nodes in the mesh, NNM ........... =    9
     Number of deg. of freedom per node, NDF..... =    3
     Number of total DOF in the model, NEQ....... =   27
     GLOBAL COORDINATES OF THE GLOBAL NODES ..... =

        0.0000E+00   0.6250E+01   0.1250E+02   0.1875E+02   0.2500E+02
        0.3125E+02   0.3750E+02   0.4375E+02   0.5000E+02

          CONNECTIVITY MATRIX:

              1    2
              2    3
              3    4
              4    5
              5    6
              6    7
              7    8
              8    9

   B O U N D A R Y   D A T A:

     Number of specified PRIMARY variables ...... =    4
     Specified PRIMARY degrees of freedom ....... :

              1    1   0.0000E+00
              1    2   0.0000E+00
              9    1   0.0000E+00
              9    3   0.0000E+00

     *** NONLINEAR Analysis with NEWTON ITERATION ***


   NONLINEAR  A N A L Y S I S   D A T A:

     Number of load steps used, NLS ............. =   10
     Maximum allowable number of iterations ..... =   50
     Allowable convergence tolerance (EPS) ...... =   0.1000E-02
     Acceleration parameter:GAMA*GP2+(1-GAMA)*GP1 =   0.0000E+00

   INITIAL (GUESS) VECTOR:

     0.00000E+00  0.00000E+00  0.00000E+00  0.00000E+00  0.00000E+00  0.00000E+00  0.00000E+00  0.00000E+00  0.00000E+00  0.00000E+00  0.00000E+00  0.00000E+00  0.00000E+00  0.00000E+00  0.00000E+00  0.00000E+00  0.00000E+00  0.00000E+00  0.00000E+00  0.00000E+00  0.00000E+00  0.00000E+00  0.00000E+00  0.00000E+00

   INITIAL (GUESS) VECTOR:

     0.00000E+00  0.00000E+00  0.00000E+00

     First iteration solution at source value ... =  0.1000E+00

         0.00000E+00    0.00000E+00   -0.83333E-03    0.00000E+00
         0.51689E-02   -0.81462E-03    0.00000E+00    0.10111E-01
        -0.76172E-03    0.00000E+00    0.14629E-01   -0.67952E-03
         0.00000E+00    0.18555E-01   -0.57292E-03    0.00000E+00
         0.21750E-01   -0.44678E-03    0.00000E+00    0.24109E-01
        -0.30599E-03    0.00000E+00    0.25555E-01   -0.15544E-03
         0.00000E+00    0.26042E-01    0.00000E+00

     Iteration Number =  1     Error=  0.1000E+01

         0.00000E+00    0.00000E+00   -0.83333E-03    0.00000E+00
         0.51689E-02   -0.81462E-03    0.00000E+00    0.10111E-01
        -0.76172E-03    0.00000E+00    0.14629E-01   -0.67952E-03
         0.00000E+00    0.18555E-01   -0.57292E-03    0.00000E+00
         0.21750E-01   -0.44678E-03    0.00000E+00    0.24109E-01
        -0.30599E-03    0.00000E+00    0.25555E-01   -0.15544E-03
         0.00000E+00    0.26042E-01    0.00000E+00

     Iteration Number =  2     Error=  0.3319E+00

         0.00000E+00    0.00000E+00   -0.12474E-02   -0.24167E-05
         0.77372E-02   -0.12194E-02   -0.44361E-05    0.15136E-01
        -0.11402E-02   -0.57450E-05    0.21898E-01   -0.10172E-02
        -0.61626E-05    0.27774E-01   -0.85758E-03   -0.56495E-05
         0.32557E-01   -0.66877E-03   -0.43000E-05    0.36088E-01
        -0.45803E-03   -0.23208E-05    0.38252E-01   -0.23267E-03
         0.00000E+00    0.38981E-01    0.00000E+00

     Iteration Number =  3     Error=  0.1412E+00

         0.00000E+00    0.00000E+00   -0.14525E-02   -0.34164E-05
         0.90094E-02   -0.14199E-02   -0.62645E-05    0.17624E-01
        -0.13276E-02   -0.81053E-05    0.25499E-01   -0.11844E-02
        -0.86869E-05    0.32340E-01   -0.99853E-03   -0.79569E-05
         0.37909E-01   -0.77867E-03   -0.60510E-05    0.42020E-01
        -0.53329E-03   -0.32630E-05    0.44540E-01   -0.27090E-03
         0.00000E+00    0.45389E-01    0.00000E+00

     Iteration Number =  4     Error=  0.6527E-01

         0.00000E+00    0.00000E+00   -0.15540E-02   -0.38614E-05
         0.96387E-02   -0.15190E-02   -0.70765E-05    0.18855E-01
        -0.14204E-02   -0.91511E-05    0.27279E-01   -0.12671E-02
        -0.98031E-05    0.34599E-01   -0.10682E-02   -0.89751E-05
         0.40557E-01   -0.83301E-03   -0.68221E-05    0.44954E-01
        -0.57050E-03   -0.36770E-05    0.47650E-01   -0.28980E-03
         0.00000E+00    0.48558E-01    0.00000E+00

     Iteration Number =  5     Error=  0.3128E-01

         0.00000E+00    0.00000E+00   -0.16042E-02   -0.40695E-05
         0.99501E-02   -0.15681E-02   -0.74555E-05    0.19464E-01
        -0.14662E-02   -0.96387E-05    0.28161E-01   -0.13080E-02
        -0.10323E-04    0.35716E-01   -0.11027E-02   -0.94487E-05
         0.41866E-01   -0.85989E-03   -0.71804E-05    0.46406E-01
        -0.58891E-03   -0.38690E-05    0.49188E-01   -0.29915E-03
         0.00000E+00    0.50126E-01    0.00000E+00

     Iteration Number =  6     Error=  0.1525E-01

         0.00000E+00    0.00000E+00   -0.16290E-02   -0.41695E-05
         0.10104E-01   -0.15924E-02   -0.76376E-05    0.19766E-01
        -0.14889E-02   -0.98728E-05    0.28597E-01   -0.13282E-02
        -0.10572E-04    0.36269E-01   -0.11198E-02   -0.96757E-05
         0.42514E-01   -0.87319E-03   -0.73520E-05    0.47124E-01
        -0.59802E-03   -0.39610E-05    0.49950E-01   -0.30377E-03
         0.00000E+00    0.50902E-01    0.00000E+00

     Iteration Number =  7     Error=  0.7490E-02

         0.00000E+00    0.00000E+00   -0.16413E-02   -0.42183E-05
         0.10181E-01   -0.16044E-02   -0.77264E-05    0.19915E-01
        -0.15002E-02   -0.99869E-05    0.28813E-01   -0.13382E-02
        -0.10694E-04    0.36543E-01   -0.11282E-02   -0.97863E-05
         0.42835E-01   -0.87978E-03   -0.74356E-05    0.47480E-01
        -0.60252E-03   -0.40058E-05    0.50327E-01   -0.30606E-03
         0.00000E+00    0.51286E-01    0.00000E+00

     Iteration Number =  8     Error=  0.3695E-02

         0.00000E+00    0.00000E+00   -0.16474E-02   -0.42423E-05
         0.10218E-01   -0.16104E-02   -0.77700E-05    0.19989E-01
        -0.15057E-02   -0.10043E-04    0.28919E-01   -0.13432E-02
        -0.10753E-04    0.36678E-01   -0.11324E-02   -0.98406E-05
         0.42994E-01   -0.88304E-03   -0.74766E-05    0.47656E-01
        -0.60475E-03   -0.40277E-05    0.50513E-01   -0.30719E-03
         0.00000E+00    0.51476E-01    0.00000E+00

     Iteration Number =  9     Error=  0.1826E-02

         0.00000E+00    0.00000E+00   -0.16504E-02   -0.42541E-05
         0.10237E-01   -0.16133E-02   -0.77916E-05    0.20026E-01
        -0.15085E-02   -0.10071E-04    0.28972E-01   -0.13456E-02
        -0.10783E-04    0.36745E-01   -0.11345E-02   -0.98674E-05
         0.43073E-01   -0.88465E-03   -0.74968E-05    0.47743E-01
        -0.60586E-03   -0.40386E-05    0.50606E-01   -0.30776E-03
         0.00000E+00    0.51570E-01    0.00000E+00


   STEP NUMBER =  1   SOURCE VALUE =  0.1000E+00

     Number of iterations taken for convergence.. = 10
     The Euclidean norm of the solution error ... =  0.9032E-03
     The CONVERGED solution is:

         0.00000E+00    0.00000E+00   -0.16519E-02   -0.42600E-05
         0.10246E-01   -0.16148E-02   -0.78022E-05    0.20044E-01
        -0.15099E-02   -0.10084E-04    0.28999E-01   -0.13469E-02
        -0.10797E-04    0.36779E-01   -0.11355E-02   -0.98807E-05
         0.43112E-01   -0.88545E-03   -0.75068E-05    0.47786E-01
        -0.60640E-03   -0.40439E-05    0.50651E-01   -0.30803E-03
         0.00000E+00    0.51617E-01    0.00000E+00

     Iteration Number =  1     Error=  0.3323E+00

         0.00000E+00    0.00000E+00   -0.24742E-02   -0.95076E-05
         0.15347E-01   -0.24186E-02   -0.17451E-04    0.30021E-01
        -0.22614E-02   -0.22599E-04    0.43433E-01   -0.20173E-02
        -0.24240E-04    0.55085E-01   -0.17007E-02   -0.22220E-04
         0.64571E-01   -0.13262E-02   -0.16911E-04    0.71572E-01
        -0.90822E-03   -0.91272E-05    0.75863E-01   -0.46134E-03
         0.00000E+00    0.77308E-01    0.00000E+00

     Iteration Number =  2     Error=  0.1375E+00

         0.00000E+00    0.00000E+00   -0.28688E-02   -0.13327E-04
         0.17794E-01   -0.28043E-02   -0.24436E-04    0.34808E-01
        -0.26220E-02   -0.31612E-04    0.50358E-01   -0.23388E-02
        -0.33876E-04    0.63868E-01   -0.19716E-02   -0.31025E-04
         0.74864E-01   -0.15374E-02   -0.23592E-04    0.82980E-01
        -0.10529E-02   -0.12721E-04    0.87955E-01   -0.53480E-03
         0.00000E+00    0.89631E-01    0.00000E+00

     Iteration Number =  3     Error=  0.6188E-01

         0.00000E+00    0.00000E+00   -0.30583E-02   -0.14947E-04
         0.18969E-01   -0.29894E-02   -0.27388E-04    0.37106E-01
        -0.27950E-02   -0.35412E-04    0.53682E-01   -0.24930E-02
        -0.37928E-04    0.68082E-01   -0.21016E-02   -0.34720E-04
         0.79803E-01   -0.16387E-02   -0.26388E-04    0.88454E-01
        -0.11222E-02   -0.14221E-04    0.93756E-01   -0.57000E-03
         0.00000E+00    0.95542E-01    0.00000E+00

     Iteration Number =  4     Error=  0.2888E-01

         0.00000E+00    0.00000E+00   -0.31494E-02   -0.15677E-04
         0.19534E-01   -0.30784E-02   -0.28716E-04    0.38211E-01
        -0.28781E-02   -0.37118E-04    0.55280E-01   -0.25671E-02
        -0.39745E-04    0.70108E-01   -0.21640E-02   -0.36374E-04
         0.82176E-01   -0.16873E-02   -0.27638E-04    0.91084E-01
        -0.11554E-02   -0.14891E-04    0.96543E-01   -0.58690E-03
         0.00000E+00    0.98382E-01    0.00000E+00

     Iteration Number =  5     Error=  0.1371E-01

         0.00000E+00    0.00000E+00   -0.31932E-02   -0.16017E-04
         0.19806E-01   -0.31213E-02   -0.29335E-04    0.38743E-01
        -0.29181E-02   -0.37913E-04    0.56049E-01   -0.26027E-02
        -0.40591E-04    0.71082E-01   -0.21940E-02   -0.37143E-04
         0.83318E-01   -0.17106E-02   -0.28219E-04    0.92349E-01
        -0.11714E-02   -0.15202E-04    0.97884E-01   -0.59502E-03
         0.00000E+00    0.99748E-01    0.00000E+00

     Iteration Number =  6     Error=  0.6559E-02

         0.00000E+00    0.00000E+00   -0.32144E-02   -0.16179E-04
         0.19937E-01   -0.31420E-02   -0.29629E-04    0.38999E-01
        -0.29374E-02   -0.38290E-04    0.56420E-01   -0.26199E-02
        -0.40992E-04    0.71552E-01   -0.22084E-02   -0.37507E-04
         0.83869E-01   -0.17219E-02   -0.28494E-04    0.92959E-01
        -0.11791E-02   -0.15349E-04    0.98530E-01   -0.59892E-03
         0.00000E+00    0.10041E+00    0.00000E+00

     Iteration Number =  7     Error=  0.3151E-02

         0.00000E+00    0.00000E+00   -0.32246E-02   -0.16256E-04
         0.20001E-01   -0.31519E-02   -0.29770E-04    0.39123E-01
        -0.29467E-02   -0.38470E-04    0.56598E-01   -0.26282E-02
        -0.41183E-04    0.71779E-01   -0.22154E-02   -0.37681E-04
         0.84134E-01   -0.17273E-02   -0.28625E-04    0.93252E-01
        -0.11828E-02   -0.15419E-04    0.98841E-01   -0.60080E-03
         0.00000E+00    0.10072E+00    0.00000E+00

     Iteration Number =  8     Error=  0.1516E-02

         0.00000E+00    0.00000E+00   -0.32295E-02   -0.16294E-04
         0.20031E-01   -0.31567E-02   -0.29837E-04    0.39182E-01
        -0.29512E-02   -0.38557E-04    0.56685E-01   -0.26321E-02
        -0.41275E-04    0.71888E-01   -0.22187E-02   -0.37765E-04
         0.84261E-01   -0.17299E-02   -0.28688E-04    0.93394E-01
        -0.11846E-02   -0.15453E-04    0.98991E-01   -0.60171E-03
         0.00000E+00    0.10088E+00    0.00000E+00


   STEP NUMBER =  2   SOURCE VALUE =  0.2000E+00

     Number of iterations taken for convergence.. =  9
     The Euclidean norm of the solution error ... =  0.7305E-03
     The CONVERGED solution is:

         0.00000E+00    0.00000E+00   -0.32319E-02   -0.16312E-04
         0.20046E-01   -0.31590E-02   -0.29870E-04    0.39211E-01
        -0.29533E-02   -0.38599E-04    0.56726E-01   -0.26341E-02
        -0.41320E-04    0.71940E-01   -0.22203E-02   -0.37805E-04
         0.84323E-01   -0.17312E-02   -0.28719E-04    0.93462E-01
        -0.11855E-02   -0.15469E-04    0.99063E-01   -0.60214E-03
         0.00000E+00    0.10095E+00    0.00000E+00

     Iteration Number =  1     Error=  0.1966E+00

         0.00000E+00    0.00000E+00   -0.40229E-02   -0.26191E-04
         0.24952E-01   -0.39323E-02   -0.48034E-04    0.48809E-01
        -0.36762E-02   -0.62152E-04    0.70611E-01   -0.32787E-02
        -0.66613E-04    0.89548E-01   -0.27637E-02   -0.61018E-04
         0.10496E+00   -0.21548E-02   -0.46407E-04    0.11634E+00
        -0.14755E-02   -0.25029E-04    0.12331E+00   -0.74946E-03
         0.00000E+00    0.12566E+00    0.00000E+00

     Iteration Number =  2     Error=  0.8253E-01

         0.00000E+00    0.00000E+00   -0.43853E-02   -0.30910E-04
         0.27200E-01   -0.42864E-02   -0.56639E-04    0.53204E-01
        -0.40070E-02   -0.73229E-04    0.76967E-01   -0.35735E-02
        -0.78429E-04    0.97607E-01   -0.30120E-02   -0.71791E-04
         0.11440E+00   -0.23482E-02   -0.54563E-04    0.12680E+00
        -0.16079E-02   -0.29407E-04    0.13440E+00   -0.81668E-03
         0.00000E+00    0.13696E+00    0.00000E+00

     Iteration Number =  3     Error=  0.3657E-01

         0.00000E+00    0.00000E+00   -0.45522E-02   -0.32866E-04
         0.28235E-01   -0.44494E-02   -0.60196E-04    0.55228E-01
        -0.41592E-02   -0.77796E-04    0.79892E-01   -0.37090E-02
        -0.83288E-04    0.10131E+00   -0.31260E-02   -0.76211E-04
         0.11875E+00   -0.24370E-02   -0.57901E-04    0.13161E+00
        -0.16686E-02   -0.31195E-04    0.13949E+00   -0.84751E-03
         0.00000E+00    0.14215E+00    0.00000E+00

     Iteration Number =  4     Error=  0.1661E-01

         0.00000E+00    0.00000E+00   -0.46295E-02   -0.33728E-04
         0.28714E-01   -0.45248E-02   -0.61761E-04    0.56163E-01
        -0.42295E-02   -0.79802E-04    0.81245E-01   -0.37716E-02
        -0.85418E-04    0.10303E+00   -0.31786E-02   -0.78145E-04
         0.12075E+00   -0.24779E-02   -0.59361E-04    0.13383E+00
        -0.16966E-02   -0.31976E-04    0.14185E+00   -0.86171E-03
         0.00000E+00    0.14455E+00    0.00000E+00

     Iteration Number =  5     Error=  0.7635E-02

         0.00000E+00    0.00000E+00   -0.46653E-02   -0.34120E-04
         0.28936E-01   -0.45598E-02   -0.62471E-04    0.56597E-01
        -0.42621E-02   -0.80710E-04    0.81871E-01   -0.38006E-02
        -0.86382E-04    0.10382E+00   -0.32029E-02   -0.79020E-04
         0.12168E+00   -0.24968E-02   -0.60020E-04    0.13486E+00
        -0.17096E-02   -0.32328E-04    0.14294E+00   -0.86827E-03
         0.00000E+00    0.14566E+00    0.00000E+00

     Iteration Number =  6     Error=  0.3529E-02

         0.00000E+00    0.00000E+00   -0.46820E-02   -0.34300E-04
         0.29039E-01   -0.45761E-02   -0.62798E-04    0.56799E-01
        -0.42773E-02   -0.81128E-04    0.82163E-01   -0.38140E-02
        -0.86824E-04    0.10419E+00   -0.32142E-02   -0.79421E-04
         0.12211E+00   -0.25056E-02   -0.60322E-04    0.13534E+00
        -0.17155E-02   -0.32490E-04    0.14344E+00   -0.87130E-03
         0.00000E+00    0.14617E+00    0.00000E+00

     Iteration Number =  7     Error=  0.1635E-02

         0.00000E+00    0.00000E+00   -0.46898E-02   -0.34384E-04
         0.29087E-01   -0.45836E-02   -0.62949E-04    0.56893E-01
        -0.42843E-02   -0.81321E-04    0.82298E-01   -0.38202E-02
        -0.87029E-04    0.10436E+00   -0.32194E-02   -0.79607E-04
         0.12231E+00   -0.25096E-02   -0.60462E-04    0.13556E+00
        -0.17183E-02   -0.32564E-04    0.14368E+00   -0.87270E-03
         0.00000E+00    0.14641E+00    0.00000E+00


   STEP NUMBER =  3   SOURCE VALUE =  0.3000E+00

     Number of iterations taken for convergence.. =  8
     The Euclidean norm of the solution error ... =  0.7587E-03
     The CONVERGED solution is:

         0.00000E+00    0.00000E+00   -0.46934E-02   -0.34423E-04
         0.29110E-01   -0.45871E-02   -0.63019E-04    0.56936E-01
        -0.42875E-02   -0.81411E-04    0.82361E-01   -0.38231E-02
        -0.87124E-04    0.10444E+00   -0.32218E-02   -0.79693E-04
         0.12241E+00   -0.25115E-02   -0.60526E-04    0.13566E+00
        -0.17196E-02   -0.32599E-04    0.14379E+00   -0.87335E-03
         0.00000E+00    0.14652E+00    0.00000E+00

     Iteration Number =  1     Error=  0.1375E+00

         0.00000E+00    0.00000E+00   -0.54418E-02   -0.48004E-04
         0.33752E-01   -0.53187E-02   -0.87984E-04    0.66017E-01
        -0.49713E-02   -0.11377E-03    0.95496E-01   -0.44327E-02
        -0.12186E-03    0.12110E+00   -0.37355E-02   -0.11157E-03
         0.14193E+00   -0.29118E-02   -0.84808E-04    0.15730E+00
        -0.19936E-02   -0.45720E-04    0.16671E+00   -0.10125E-02
         0.00000E+00    0.16989E+00    0.00000E+00

     Iteration Number =  2     Error=  0.5638E-01

         0.00000E+00    0.00000E+00   -0.57678E-02   -0.53143E-04
         0.35774E-01   -0.56372E-02   -0.97332E-04    0.69969E-01
        -0.52686E-02   -0.12578E-03    0.10121E+00   -0.46973E-02
        -0.13464E-03    0.12834E+00   -0.39581E-02   -0.12319E-03
         0.15041E+00   -0.30851E-02   -0.93589E-04    0.16669E+00
        -0.21121E-02   -0.50424E-04    0.17667E+00   -0.10727E-02
         0.00000E+00    0.18003E+00    0.00000E+00

     Iteration Number =  3     Error=  0.2415E-01

         0.00000E+00    0.00000E+00   -0.59114E-02   -0.55203E-04
         0.36664E-01   -0.57773E-02   -0.10107E-03    0.71708E-01
        -0.53991E-02   -0.13056E-03    0.10372E+00   -0.48134E-02
        -0.13971E-03    0.13152E+00   -0.40556E-02   -0.12779E-03
         0.15413E+00   -0.31609E-02   -0.97058E-04    0.17082E+00
        -0.21640E-02   -0.52279E-04    0.18104E+00   -0.10990E-02
         0.00000E+00    0.18448E+00    0.00000E+00

     Iteration Number =  4     Error=  0.1057E-01

         0.00000E+00    0.00000E+00   -0.59751E-02   -0.56083E-04
         0.37059E-01   -0.58394E-02   -0.10266E-03    0.72478E-01
        -0.54569E-02   -0.13259E-03    0.10483E+00   -0.48646E-02
        -0.14186E-03    0.13292E+00   -0.40986E-02   -0.12974E-03
         0.15578E+00   -0.31944E-02   -0.98525E-04    0.17264E+00
        -0.21868E-02   -0.53062E-04    0.18297E+00   -0.11105E-02
         0.00000E+00    0.18645E+00    0.00000E+00

     Iteration Number =  5     Error=  0.4669E-02

         0.00000E+00    0.00000E+00   -0.60035E-02   -0.56469E-04
         0.37234E-01   -0.58670E-02   -0.10336E-03    0.72821E-01
        -0.54826E-02   -0.13348E-03    0.10533E+00   -0.48874E-02
        -0.14280E-03    0.13355E+00   -0.41177E-02   -0.13059E-03
         0.15651E+00   -0.32091E-02   -0.99164E-04    0.17345E+00
        -0.21968E-02   -0.53403E-04    0.18383E+00   -0.11156E-02
         0.00000E+00    0.18732E+00    0.00000E+00

     Iteration Number =  6     Error=  0.2071E-02

         0.00000E+00    0.00000E+00   -0.60162E-02   -0.56640E-04
         0.37313E-01   -0.58793E-02   -0.10367E-03    0.72974E-01
        -0.54940E-02   -0.13387E-03    0.10555E+00   -0.48975E-02
        -0.14322E-03    0.13383E+00   -0.41261E-02   -0.13097E-03
         0.15683E+00   -0.32156E-02   -0.99445E-04    0.17381E+00
        -0.22013E-02   -0.53553E-04    0.18421E+00   -0.11179E-02
         0.00000E+00    0.18771E+00    0.00000E+00


   STEP NUMBER =  4   SOURCE VALUE =  0.4000E+00

     Number of iterations taken for convergence.. =  7
     The Euclidean norm of the solution error ... =  0.9207E-03
     The CONVERGED solution is:

         0.00000E+00    0.00000E+00   -0.60218E-02   -0.56717E-04
         0.37348E-01   -0.58848E-02   -0.10380E-03    0.73042E-01
        -0.54991E-02   -0.13405E-03    0.10565E+00   -0.49019E-02
        -0.14340E-03    0.13395E+00   -0.41298E-02   -0.13113E-03
         0.15698E+00   -0.32185E-02   -0.99570E-04    0.17397E+00
        -0.22033E-02   -0.53619E-04    0.18438E+00   -0.11189E-02
         0.00000E+00    0.18788E+00    0.00000E+00

     Iteration Number =  1     Error=  0.1045E+00

         0.00000E+00    0.00000E+00   -0.67243E-02   -0.73079E-04
         0.41705E-01   -0.65715E-02   -0.13387E-03    0.81565E-01
        -0.61407E-02   -0.17301E-03    0.11797E+00   -0.54737E-02
        -0.18521E-03    0.14958E+00   -0.46113E-02   -0.16947E-03
         0.17529E+00   -0.35936E-02   -0.12877E-03    0.19426E+00
        -0.24600E-02   -0.69395E-04    0.20588E+00   -0.12492E-02
         0.00000E+00    0.20979E+00    0.00000E+00

     Iteration Number =  2     Error=  0.4134E-01

         0.00000E+00    0.00000E+00   -0.70155E-02   -0.78307E-04
         0.43511E-01   -0.68558E-02   -0.14336E-03    0.85093E-01
        -0.64058E-02   -0.18516E-03    0.12307E+00   -0.57094E-02
        -0.19811E-03    0.15604E+00   -0.48094E-02   -0.18118E-03
         0.18285E+00   -0.37477E-02   -0.13759E-03    0.20263E+00
        -0.25652E-02   -0.74113E-04    0.21475E+00   -0.13026E-02
         0.00000E+00    0.21883E+00    0.00000E+00

     Iteration Number =  3     Error=  0.1704E-01

         0.00000E+00    0.00000E+00   -0.71382E-02   -0.80331E-04
         0.44271E-01   -0.69754E-02   -0.14701E-03    0.86578E-01
        -0.65171E-02   -0.18982E-03    0.12521E+00   -0.58081E-02
        -0.20304E-03    0.15875E+00   -0.48922E-02   -0.18564E-03
         0.18602E+00   -0.38119E-02   -0.14095E-03    0.20614E+00
        -0.26091E-02   -0.75905E-04    0.21847E+00   -0.13249E-02
         0.00000E+00    0.22262E+00    0.00000E+00

     Iteration Number =  4     Error=  0.7161E-02

         0.00000E+00    0.00000E+00   -0.71905E-02   -0.81167E-04
         0.44595E-01   -0.70262E-02   -0.14852E-03    0.87208E-01
        -0.65642E-02   -0.19174E-03    0.12612E+00   -0.58498E-02
        -0.20506E-03    0.15990E+00   -0.49271E-02   -0.18747E-03
         0.18737E+00   -0.38390E-02   -0.14232E-03    0.20763E+00
        -0.26275E-02   -0.76635E-04    0.22004E+00   -0.13342E-02
         0.00000E+00    0.22422E+00    0.00000E+00

     Iteration Number =  5     Error=  0.3034E-02

         0.00000E+00    0.00000E+00   -0.72128E-02   -0.81521E-04
         0.44733E-01   -0.70479E-02   -0.14916E-03    0.87477E-01
        -0.65842E-02   -0.19255E-03    0.12651E+00   -0.58675E-02
        -0.20591E-03    0.16039E+00   -0.49418E-02   -0.18823E-03
         0.18794E+00   -0.38504E-02   -0.14290E-03    0.20826E+00
        -0.26353E-02   -0.76940E-04    0.22071E+00   -0.13381E-02
         0.00000E+00    0.22490E+00    0.00000E+00

     Iteration Number =  6     Error=  0.1290E-02

         0.00000E+00    0.00000E+00   -0.72224E-02   -0.81673E-04
         0.44792E-01   -0.70572E-02   -0.14943E-03    0.87592E-01
        -0.65928E-02   -0.19289E-03    0.12667E+00   -0.58750E-02
        -0.20628E-03    0.16059E+00   -0.49481E-02   -0.18856E-03
         0.18818E+00   -0.38552E-02   -0.14314E-03    0.20853E+00
        -0.26385E-02   -0.77069E-04    0.22099E+00   -0.13398E-02
         0.00000E+00    0.22519E+00    0.00000E+00


   STEP NUMBER =  5   SOURCE VALUE =  0.5000E+00

     Number of iterations taken for convergence.. =  7
     The Euclidean norm of the solution error ... =  0.5495E-03
     The CONVERGED solution is:

         0.00000E+00    0.00000E+00   -0.72265E-02   -0.81739E-04
         0.44818E-01   -0.70612E-02   -0.14955E-03    0.87642E-01
        -0.65964E-02   -0.19304E-03    0.12675E+00   -0.58782E-02
        -0.20643E-03    0.16068E+00   -0.49507E-02   -0.18870E-03
         0.18828E+00   -0.38572E-02   -0.14324E-03    0.20864E+00
        -0.26399E-02   -0.77124E-04    0.22111E+00   -0.13404E-02
         0.00000E+00    0.22531E+00    0.00000E+00

     Iteration Number =  1     Error=  0.8319E-01

         0.00000E+00    0.00000E+00   -0.78824E-02   -0.10010E-03
         0.48886E-01   -0.77023E-02   -0.18327E-03    0.95598E-01
        -0.71953E-02   -0.23672E-03    0.13825E+00   -0.64116E-02
        -0.25328E-03    0.17527E+00   -0.53997E-02   -0.23165E-03
         0.20537E+00   -0.42068E-02   -0.17594E-03    0.22757E+00
        -0.28791E-02   -0.94788E-04    0.24117E+00   -0.14619E-02
         0.00000E+00    0.24575E+00    0.00000E+00

     Iteration Number =  2     Error=  0.3172E-01

         0.00000E+00    0.00000E+00   -0.81422E-02   -0.10521E-03
         0.50496E-01   -0.79557E-02   -0.19252E-03    0.98743E-01
        -0.74313E-02   -0.24853E-03    0.14279E+00   -0.66212E-02
        -0.26578E-03    0.18102E+00   -0.55756E-02   -0.24297E-03
         0.21210E+00   -0.43435E-02   -0.18446E-03    0.23502E+00
        -0.29724E-02   -0.99330E-04    0.24906E+00   -0.15092E-02
         0.00000E+00    0.25379E+00    0.00000E+00

     Iteration Number =  3     Error=  0.1258E-01

         0.00000E+00    0.00000E+00   -0.82472E-02   -0.10712E-03
         0.51147E-01   -0.80580E-02   -0.19597E-03    0.10001E+00
        -0.75262E-02   -0.25292E-03    0.14462E+00   -0.67051E-02
        -0.27041E-03    0.18333E+00   -0.56459E-02   -0.24714E-03
         0.21480E+00   -0.43979E-02   -0.18758E-03    0.23801E+00
        -0.30095E-02   -0.10100E-03    0.25223E+00   -0.15280E-02
         0.00000E+00    0.25701E+00    0.00000E+00

     Iteration Number =  4     Error=  0.5078E-02

         0.00000E+00    0.00000E+00   -0.82902E-02   -0.10789E-03
         0.51413E-01   -0.80997E-02   -0.19735E-03    0.10053E+00
        -0.75648E-02   -0.25466E-03    0.14537E+00   -0.67391E-02
        -0.27224E-03    0.18427E+00   -0.56742E-02   -0.24878E-03
         0.21590E+00   -0.44198E-02   -0.18881E-03    0.23922E+00
        -0.30244E-02   -0.10165E-03    0.25351E+00   -0.15355E-02
         0.00000E+00    0.25832E+00    0.00000E+00

     Iteration Number =  5     Error=  0.2066E-02

         0.00000E+00    0.00000E+00   -0.83079E-02   -0.10821E-03
         0.51522E-01   -0.81168E-02   -0.19791E-03    0.10074E+00
        -0.75805E-02   -0.25537E-03    0.14567E+00   -0.67529E-02
        -0.27298E-03    0.18465E+00   -0.56857E-02   -0.24945E-03
         0.21635E+00   -0.44286E-02   -0.18931E-03    0.23972E+00
        -0.30304E-02   -0.10191E-03    0.25403E+00   -0.15385E-02
         0.00000E+00    0.25885E+00    0.00000E+00


   STEP NUMBER =  6   SOURCE VALUE =  0.6000E+00

     Number of iterations taken for convergence.. =  6
     The Euclidean norm of the solution error ... =  0.8431E-03
     The CONVERGED solution is:

         0.00000E+00    0.00000E+00   -0.83152E-02   -0.10834E-03
         0.51567E-01   -0.81239E-02   -0.19814E-03    0.10083E+00
        -0.75870E-02   -0.25566E-03    0.14580E+00   -0.67585E-02
        -0.27328E-03    0.18481E+00   -0.56903E-02   -0.24972E-03
         0.21653E+00   -0.44322E-02   -0.18951E-03    0.23992E+00
        -0.30328E-02   -0.10202E-03    0.25424E+00   -0.15397E-02
         0.00000E+00    0.25907E+00    0.00000E+00

     Iteration Number =  1     Error=  0.6882E-01

         0.00000E+00    0.00000E+00   -0.89300E-02   -0.12814E-03
         0.55381E-01   -0.87248E-02   -0.23451E-03    0.10829E+00
        -0.81480E-02   -0.30275E-03    0.15658E+00   -0.72580E-02
        -0.32376E-03    0.19848E+00   -0.61105E-02   -0.29597E-03
         0.23254E+00   -0.47592E-02   -0.22471E-03    0.25765E+00
        -0.32564E-02   -0.12103E-03    0.27303E+00   -0.16532E-02
         0.00000E+00    0.27821E+00    0.00000E+00

     Iteration Number =  2     Error=  0.2529E-01

         0.00000E+00    0.00000E+00   -0.91636E-02   -0.13306E-03
         0.56829E-01   -0.89526E-02   -0.24338E-03    0.11111E+00
        -0.83599E-02   -0.31404E-03    0.16066E+00   -0.74459E-02
        -0.33567E-03    0.20364E+00   -0.62679E-02   -0.30673E-03
         0.23857E+00   -0.48814E-02   -0.23279E-03    0.26433E+00
        -0.33398E-02   -0.12533E-03    0.28011E+00   -0.16955E-02
         0.00000E+00    0.28542E+00    0.00000E+00

     Iteration Number =  3     Error=  0.9662E-02

         0.00000E+00    0.00000E+00   -0.92546E-02   -0.13485E-03
         0.57392E-01   -0.90410E-02   -0.24659E-03    0.11221E+00
        -0.84417E-02   -0.31810E-03    0.16224E+00   -0.75181E-02
        -0.33995E-03    0.20563E+00   -0.63282E-02   -0.31057E-03
         0.24090E+00   -0.49280E-02   -0.23566E-03    0.26691E+00
        -0.33715E-02   -0.12685E-03    0.28283E+00   -0.17115E-02
         0.00000E+00    0.28819E+00    0.00000E+00

     Iteration Number =  4     Error=  0.3757E-02

         0.00000E+00    0.00000E+00   -0.92905E-02   -0.13555E-03
         0.57614E-01   -0.90757E-02   -0.24784E-03    0.11264E+00
        -0.84738E-02   -0.31967E-03    0.16286E+00   -0.75462E-02
        -0.34158E-03    0.20641E+00   -0.63515E-02   -0.31203E-03
         0.24181E+00   -0.49459E-02   -0.23675E-03    0.26791E+00
        -0.33837E-02   -0.12743E-03    0.28389E+00   -0.17177E-02
         0.00000E+00    0.28927E+00    0.00000E+00

     Iteration Number =  5     Error=  0.1471E-02

         0.00000E+00    0.00000E+00   -0.93048E-02   -0.13582E-03
         0.57702E-01   -0.90895E-02   -0.24833E-03    0.11281E+00
        -0.84863E-02   -0.32029E-03    0.16310E+00   -0.75571E-02
        -0.34223E-03    0.20672E+00   -0.63605E-02   -0.31260E-03
         0.24217E+00   -0.49528E-02   -0.23717E-03    0.26830E+00
        -0.33883E-02   -0.12766E-03    0.28431E+00   -0.17200E-02
         0.00000E+00    0.28969E+00    0.00000E+00


   STEP NUMBER =  7   SOURCE VALUE =  0.7000E+00

     Number of iterations taken for convergence.. =  6
     The Euclidean norm of the solution error ... =  0.5773E-03
     The CONVERGED solution is:

         0.00000E+00    0.00000E+00   -0.93105E-02   -0.13594E-03
         0.57737E-01   -0.90950E-02   -0.24853E-03    0.11288E+00
        -0.84913E-02   -0.32054E-03    0.16320E+00   -0.75614E-02
        -0.34248E-03    0.20684E+00   -0.63640E-02   -0.31283E-03
         0.24231E+00   -0.49555E-02   -0.23734E-03    0.26846E+00
        -0.33901E-02   -0.12774E-03    0.28447E+00   -0.17209E-02
         0.00000E+00    0.28986E+00    0.00000E+00

     Iteration Number =  1     Error=  0.5821E-01

         0.00000E+00    0.00000E+00   -0.98862E-02   -0.15673E-03
         0.61308E-01   -0.96577E-02   -0.28671E-03    0.11986E+00
        -0.90165E-02   -0.36994E-03    0.17329E+00   -0.80287E-02
        -0.39542E-03    0.21963E+00   -0.67570E-02   -0.36132E-03
         0.25729E+00   -0.52612E-02   -0.27423E-03    0.28505E+00
        -0.35991E-02   -0.14766E-03    0.30205E+00   -0.18269E-02
         0.00000E+00    0.30777E+00    0.00000E+00

     Iteration Number =  2     Error=  0.2067E-01

         0.00000E+00    0.00000E+00   -0.10097E-01   -0.16140E-03
         0.62614E-01   -0.98631E-02   -0.29510E-03    0.12241E+00
        -0.92073E-02   -0.38059E-03    0.17697E+00   -0.81976E-02
        -0.40662E-03    0.22428E+00   -0.68984E-02   -0.37140E-03
         0.26272E+00   -0.53708E-02   -0.28178E-03    0.29106E+00
        -0.36738E-02   -0.15167E-03    0.30841E+00   -0.18648E-02
         0.00000E+00    0.31425E+00    0.00000E+00

     Iteration Number =  3     Error=  0.7629E-02

         0.00000E+00    0.00000E+00   -0.10176E-01   -0.16306E-03
         0.63105E-01   -0.99401E-02   -0.29806E-03    0.12337E+00
        -0.92784E-02   -0.38432E-03    0.17834E+00   -0.82602E-02
        -0.41053E-03    0.22601E+00   -0.69504E-02   -0.37490E-03
         0.26474E+00   -0.54109E-02   -0.28438E-03    0.29329E+00
        -0.37011E-02   -0.15305E-03    0.31077E+00   -0.18785E-02
         0.00000E+00    0.31666E+00    0.00000E+00

     Iteration Number =  4     Error=  0.2863E-02

         0.00000E+00    0.00000E+00   -0.10207E-01   -0.16369E-03
         0.63292E-01   -0.99693E-02   -0.29918E-03    0.12373E+00
        -0.93052E-02   -0.38572E-03    0.17886E+00   -0.82836E-02
        -0.41198E-03    0.22667E+00   -0.69698E-02   -0.37619E-03
         0.26551E+00   -0.54258E-02   -0.28535E-03    0.29413E+00
        -0.37111E-02   -0.15356E-03    0.31166E+00   -0.18836E-02
         0.00000E+00    0.31756E+00    0.00000E+00

     Iteration Number =  5     Error=  0.1082E-02

         0.00000E+00    0.00000E+00   -0.10218E-01   -0.16393E-03
         0.63364E-01   -0.99805E-02   -0.29961E-03    0.12387E+00
        -0.93154E-02   -0.38626E-03    0.17906E+00   -0.82924E-02
        -0.41253E-03    0.22691E+00   -0.69770E-02   -0.37668E-03
         0.26579E+00   -0.54312E-02   -0.28571E-03    0.29445E+00
        -0.37148E-02   -0.15375E-03    0.31199E+00   -0.18855E-02
         0.00000E+00    0.31790E+00    0.00000E+00


   STEP NUMBER =  8   SOURCE VALUE =  0.8000E+00

     Number of iterations taken for convergence.. =  6
     The Euclidean norm of the solution error ... =  0.4095E-03
     The CONVERGED solution is:

         0.00000E+00    0.00000E+00   -0.10223E-01   -0.16403E-03
         0.63392E-01   -0.99849E-02   -0.29978E-03    0.12392E+00
        -0.93192E-02   -0.38647E-03    0.17914E+00   -0.82957E-02
        -0.41274E-03    0.22701E+00   -0.69796E-02   -0.37687E-03
         0.26590E+00   -0.54332E-02   -0.28584E-03    0.29457E+00
        -0.37161E-02   -0.15382E-03    0.31212E+00   -0.18861E-02
         0.00000E+00    0.31803E+00    0.00000E+00

     Iteration Number =  1     Error=  0.5023E-01

         0.00000E+00    0.00000E+00   -0.10764E-01   -0.18551E-03
         0.66748E-01   -0.10514E-01   -0.33921E-03    0.13048E+00
        -0.98125E-02   -0.43747E-03    0.18862E+00   -0.87344E-02
        -0.46737E-03    0.23902E+00   -0.73484E-02   -0.42688E-03
         0.27997E+00   -0.57200E-02   -0.32388E-03    0.31015E+00
        -0.39120E-02   -0.17435E-03    0.32862E+00   -0.19855E-02
         0.00000E+00    0.33484E+00    0.00000E+00

     Iteration Number =  2     Error=  0.1728E-01

         0.00000E+00    0.00000E+00   -0.10956E-01   -0.18992E-03
         0.67935E-01   -0.10700E-01   -0.34712E-03    0.13280E+00
        -0.99856E-02   -0.44747E-03    0.19196E+00   -0.88874E-02
        -0.47786E-03    0.24324E+00   -0.74762E-02   -0.43630E-03
         0.28490E+00   -0.58189E-02   -0.33091E-03    0.31559E+00
        -0.39794E-02   -0.17808E-03    0.33439E+00   -0.20196E-02
         0.00000E+00    0.34072E+00    0.00000E+00

     Iteration Number =  3     Error=  0.6178E-02

         0.00000E+00    0.00000E+00   -0.11026E-01   -0.19146E-03
         0.68368E-01   -0.10768E-01   -0.34985E-03    0.13364E+00
        -0.10048E-01   -0.45089E-03    0.19317E+00   -0.89422E-02
        -0.48142E-03    0.24476E+00   -0.75217E-02   -0.43948E-03
         0.28667E+00   -0.58539E-02   -0.33327E-03    0.31755E+00
        -0.40032E-02   -0.17933E-03    0.33646E+00   -0.20316E-02
         0.00000E+00    0.34282E+00    0.00000E+00

     Iteration Number =  4     Error=  0.2244E-02

         0.00000E+00    0.00000E+00   -0.11052E-01   -0.19203E-03
         0.68528E-01   -0.10793E-01   -0.35085E-03    0.13395E+00
        -0.10071E-01   -0.45215E-03    0.19361E+00   -0.89620E-02
        -0.48272E-03    0.24532E+00   -0.75380E-02   -0.44062E-03
         0.28732E+00   -0.58663E-02   -0.33412E-03    0.31826E+00
        -0.40115E-02   -0.17977E-03    0.33721E+00   -0.20358E-02
         0.00000E+00    0.34359E+00    0.00000E+00


   STEP NUMBER =  9   SOURCE VALUE =  0.9000E+00

     Number of iterations taken for convergence.. =  5
     The Euclidean norm of the solution error ... =  0.8202E-03
     The CONVERGED solution is:

         0.00000E+00    0.00000E+00   -0.11061E-01   -0.19225E-03
         0.68588E-01   -0.10802E-01   -0.35123E-03    0.13406E+00
        -0.10079E-01   -0.45261E-03    0.19377E+00   -0.89691E-02
        -0.48319E-03    0.24552E+00   -0.75438E-02   -0.44104E-03
         0.28755E+00   -0.58707E-02   -0.33443E-03    0.31852E+00
        -0.40145E-02   -0.17993E-03    0.33748E+00   -0.20373E-02
         0.00000E+00    0.34386E+00    0.00000E+00

     Iteration Number =  1     Error=  0.4425E-01

         0.00000E+00    0.00000E+00   -0.11574E-01   -0.21426E-03
         0.71767E-01   -0.11303E-01   -0.39161E-03    0.14028E+00
        -0.10546E-01   -0.50481E-03    0.20275E+00   -0.93843E-02
        -0.53907E-03    0.25690E+00   -0.78925E-02   -0.49217E-03
         0.30087E+00   -0.61417E-02   -0.37330E-03    0.33327E+00
        -0.41996E-02   -0.20091E-03    0.35310E+00   -0.21312E-02
         0.00000E+00    0.35978E+00    0.00000E+00

     Iteration Number =  2     Error=  0.1479E-01

         0.00000E+00    0.00000E+00   -0.11750E-01   -0.21844E-03
         0.72859E-01   -0.11475E-01   -0.39909E-03    0.14241E+00
        -0.10705E-01   -0.51424E-03    0.20582E+00   -0.95244E-02
        -0.54892E-03    0.26077E+00   -0.80094E-02   -0.50098E-03
         0.30539E+00   -0.62321E-02   -0.37986E-03    0.33826E+00
        -0.42611E-02   -0.20438E-03    0.35838E+00   -0.21623E-02
         0.00000E+00    0.36516E+00    0.00000E+00

     Iteration Number =  3     Error=  0.5131E-02

         0.00000E+00    0.00000E+00   -0.11813E-01   -0.21988E-03
         0.73246E-01   -0.11535E-01   -0.40162E-03    0.14316E+00
        -0.10761E-01   -0.51740E-03    0.20689E+00   -0.95730E-02
        -0.55219E-03    0.26212E+00   -0.80496E-02   -0.50389E-03
         0.30697E+00   -0.62629E-02   -0.38201E-03    0.34000E+00
        -0.42819E-02   -0.20551E-03    0.36022E+00   -0.21728E-02
         0.00000E+00    0.36703E+00    0.00000E+00

     Iteration Number =  4     Error=  0.1809E-02

         0.00000E+00    0.00000E+00   -0.11835E-01   -0.22040E-03
         0.73385E-01   -0.11557E-01   -0.40254E-03    0.14343E+00
        -0.10780E-01   -0.51853E-03    0.20728E+00   -0.95900E-02
        -0.55335E-03    0.26260E+00   -0.80635E-02   -0.50491E-03
         0.30752E+00   -0.62735E-02   -0.38276E-03    0.34061E+00
        -0.42890E-02   -0.20591E-03    0.36087E+00   -0.21763E-02
         0.00000E+00    0.36769E+00    0.00000E+00


   STEP NUMBER = 10   SOURCE VALUE =  0.1000E+01

     Number of iterations taken for convergence.. =  5
     The Euclidean norm of the solution error ... =  0.6412E-03
     The CONVERGED solution is:

         0.00000E+00    0.00000E+00   -0.11844E-01   -0.22060E-03
         0.73436E-01   -0.11565E-01   -0.40288E-03    0.14352E+00
        -0.10787E-01   -0.51894E-03    0.20742E+00   -0.95960E-02
        -0.55377E-03    0.26277E+00   -0.80683E-02   -0.50527E-03
         0.30772E+00   -0.62771E-02   -0.38302E-03    0.34083E+00
        -0.42914E-02   -0.20605E-03    0.36110E+00   -0.21775E-02
         0.00000E+00    0.36792E+00    0.00000E+00
