     *** ECHO OF THE INPUT DATA STARTS ***

Example 5.2.1: Nonlinear analysis of a hinged-hinged beam problem               
  2   0   4                        MODEL,IEL,NEM                                
  0.0  50.0                        X0,AL                                        
  1  1  30.0E06  0.3               B,H,E,GNIU                                   
                                                                                
  0.0  0.0  0.0                    FX0,FX1,FX2                                  
  5.0  0.0  0.0                    QX0,QX1,QX2                                  
  3   0   0                        NSPV,NSSV,NSMB                               
  1   2   0.0                       ISPV(1,1),ISPV(1,2),VSPV(1)                 
  5   1   0.0                       ISPV(2,1),ISPV(2,2),VSPV(2)                 
  5   3   0.0                       ISPV(3,1),ISPV(3,2),VSPV(3)                 
                                                                                
  2   0                            NONLIN,NPRNT                                 
  10   50  1.0E-03  0.0             NLS, ITMAX, EPS, GAMA                       
  2   2                            NGP, LGP                                     
  0.1 0.1 0.1 0.1 0.1                                                           
  0.1 0.1 0.1 0.1 0.1              DP(I)                                        
                                                                                
  0.0 0.0 0.0 0.0 0.0 0.0 0.0 0.0                                               
  0.0 0.0 0.0 0.0 0.0 0.0 0.0      GP1(I)                                       

     **** ECHO OF THE INPUT DATA ENDS ****

________________________________________________________________________________
        Output from computer program  FEM1DBEAM              by J. N. Reddy
________________________________________________________________________________


Example 5.2.1: Nonlinear analysis of a hinged-hinged beam problem               

    *** ANALYSIS OF MODEL  2 PROBLEM ***
               (see the code below)

    MODEL=1: A problem described by MODEL EQ. 1
    MODEL=2: A Euler-Bernoulli BEAM problem
    MODEL=3: A Timoshenko BEAM problem


   P R O B L E M   D A T A:

     Coordinate of node 1 ....................... =   0.0000E+00
     Length of the beam ......................... =   0.5000E+02
     Width of cross-section for the beam, B ..... =   0.1000E+01
     Height of cross-section for the beam, H .... =   0.1000E+01
     Elastic modulus of the beam material, E .... =   0.3000E+08
     Axial stiffness for the beam, EA ........... =   0.3000E+08
     Bending stiffness for the beam, EI ......... =   0.2500E+07
     Coefficient of 1 in QX, QX0 ................ =   0.5000E+01
     Coefficient of x in QX, QX1 ................ =   0.0000E+00
     Coefficient of x*x in QX, QX2 .............. =   0.0000E+00
     Coefficient of 1 in FX, FX0 ................ =   0.0000E+00
     Coefficient of x in FX, FX1 ................ =   0.0000E+00
     Coefficient of x*x in FX, FX2 .............. =   0.0000E+00


   M E S H   D A T A:

     Number of elements in the mesh, NEM......... =    4
     Type of element(0:hermite;1:linear;2:quadratic;) .. =    0
     Number of nodes in the mesh, NNM ........... =    5
     Number of deg. of freedom per node, NDF..... =    3
     Number of total DOF in the model, NEQ....... =   15
     GLOBAL COORDINATES OF THE GLOBAL NODES ..... =

        0.0000E+00   0.1250E+02   0.2500E+02   0.3750E+02   0.5000E+02

          CONNECTIVITY MATRIX:

              1    2
              2    3
              3    4
              4    5

   B O U N D A R Y   D A T A:

     Number of specified PRIMARY variables ...... =    3
     Specified PRIMARY degrees of freedom ....... :

              1    2   0.0000E+00
              5    1   0.0000E+00
              5    3   0.0000E+00

     *** NONLINEAR Analysis with NEWTON ITERATION ***


   NONLINEAR  A N A L Y S I S   D A T A:

     Number of load steps used, NLS ............. =   10
     Maximum allowable number of iterations ..... =   50
     Allowable convergence tolerance (EPS) ...... =   0.1000E-02
     Acceleration parameter:GAMA*GP2+(1-GAMA)*GP1 =   0.0000E+00

   INITIAL (GUESS) VECTOR:

     0.00000E+00  0.00000E+00  0.00000E+00  0.00000E+00  0.00000E+00  0.00000E+00  0.00000E+00  0.00000E+00  0.00000E+00  0.00000E+00  0.00000E+00  0.00000E+00  0.00000E+00  0.00000E+00  0.00000E+00

     First iteration solution at source value ... =  0.1000E+00

         0.00000E+00    0.00000E+00   -0.41667E-02    0.00000E+00
         0.50557E-01   -0.38086E-02    0.00000E+00    0.92773E-01
        -0.28646E-02    0.00000E+00    0.12054E+00   -0.15299E-02
         0.00000E+00    0.13021E+00    0.00000E+00

     Iteration Number =  1     Error=  0.1000E+01

         0.00000E+00    0.00000E+00   -0.41667E-02    0.00000E+00
         0.50557E-01   -0.38086E-02    0.00000E+00    0.92773E-01
        -0.28646E-02    0.00000E+00    0.12054E+00   -0.15299E-02
         0.00000E+00    0.13021E+00    0.00000E+00

     Iteration Number =  2     Error=  0.3239E+00

         0.47078E-03    0.00000E+00   -0.61578E-02    0.24490E-03
         0.74737E-01   -0.56318E-02    0.84447E-04    0.13719E+00
        -0.42394E-02    0.11942E-04    0.17830E+00   -0.22660E-02
         0.00000E+00    0.19261E+00    0.00000E+00

     Iteration Number =  3     Error=  0.1477E+00

         0.66685E-03    0.00000E+00   -0.72240E-02    0.34545E-03
         0.87688E-01   -0.66079E-02    0.11823E-03    0.16096E+00
        -0.49745E-02    0.16390E-04    0.20920E+00   -0.26588E-02
         0.00000E+00    0.22599E+00    0.00000E+00

     Iteration Number =  4     Error=  0.6867E-01

         0.75526E-03    0.00000E+00   -0.77565E-02    0.39019E-03
         0.94152E-01   -0.70950E-02    0.13293E-03    0.17283E+00
        -0.53414E-02    0.18198E-04    0.22462E+00   -0.28549E-02
         0.00000E+00    0.24266E+00    0.00000E+00

     Iteration Number =  5     Error=  0.3291E-01

         0.79592E-03    0.00000E+00   -0.80207E-02    0.41060E-03
         0.97358E-01   -0.73362E-02    0.13953E-03    0.17871E+00
        -0.55231E-02    0.18973E-04    0.23227E+00   -0.29522E-02
         0.00000E+00    0.25091E+00    0.00000E+00

     Iteration Number =  6     Error=  0.1609E-01

         0.81539E-03    0.00000E+00   -0.81522E-02    0.42032E-03
         0.98952E-01   -0.74560E-02    0.14266E-03    0.18163E+00
        -0.56133E-02    0.19330E-04    0.23606E+00   -0.30005E-02
         0.00000E+00    0.25501E+00    0.00000E+00

     Iteration Number =  7     Error=  0.7953E-02

         0.82493E-03    0.00000E+00   -0.82179E-02    0.42507E-03
         0.99747E-01   -0.75157E-02    0.14418E-03    0.18309E+00
        -0.56582E-02    0.19502E-04    0.23796E+00   -0.30245E-02
         0.00000E+00    0.25706E+00    0.00000E+00

     Iteration Number =  8     Error=  0.3956E-02

         0.82966E-03    0.00000E+00   -0.82508E-02    0.42741E-03
         0.10014E+00   -0.75454E-02    0.14493E-03    0.18382E+00
        -0.56805E-02    0.19586E-04    0.23890E+00   -0.30365E-02
         0.00000E+00    0.25808E+00    0.00000E+00

     Iteration Number =  9     Error=  0.1974E-02

         0.83201E-03    0.00000E+00   -0.82673E-02    0.42858E-03
         0.10034E+00   -0.75603E-02    0.14530E-03    0.18418E+00
        -0.56917E-02    0.19628E-04    0.23937E+00   -0.30425E-02
         0.00000E+00    0.25859E+00    0.00000E+00


   STEP NUMBER =  1   SOURCE VALUE =  0.1000E+00

     Number of iterations taken for convergence.. = 10
     The Euclidean norm of the solution error ... =  0.9861E-03
     The CONVERGED solution is:

         0.83318E-03    0.00000E+00   -0.82755E-02    0.42916E-03
         0.10044E+00   -0.75678E-02    0.14548E-03    0.18436E+00
        -0.56973E-02    0.19648E-04    0.23961E+00   -0.30455E-02
         0.00000E+00    0.25884E+00    0.00000E+00

     Iteration Number =  1     Error=  0.3313E+00

         0.18948E-02    0.00000E+00   -0.12358E-01    0.98695E-03
         0.15010E+00   -0.11316E-01    0.34074E-03    0.27564E+00
        -0.85275E-02    0.48253E-04    0.35834E+00   -0.45607E-02
         0.00000E+00    0.38715E+00    0.00000E+00

     Iteration Number =  2     Error=  0.1392E+00

         0.26371E-02    0.00000E+00   -0.14342E-01    0.13688E-02
         0.17427E+00   -0.13143E-01    0.46935E-03    0.32015E+00
        -0.99144E-02    0.65118E-04    0.41633E+00   -0.53067E-02
         0.00000E+00    0.44984E+00    0.00000E+00

     Iteration Number =  3     Error=  0.6487E-01

         0.29615E-02    0.00000E+00   -0.15333E-01    0.15336E-02
         0.18633E+00   -0.14052E-01    0.52381E-03    0.34232E+00
        -0.10605E-01    0.71838E-04    0.44521E+00   -0.56789E-02
         0.00000E+00    0.48108E+00    0.00000E+00

     Iteration Number =  4     Error=  0.3040E-01

         0.31055E-02    0.00000E+00   -0.15815E-01    0.16059E-02
         0.19217E+00   -0.14491E-01    0.54726E-03    0.35305E+00
        -0.10938E-01    0.74577E-04    0.45917E+00   -0.58590E-02
         0.00000E+00    0.49617E+00    0.00000E+00

     Iteration Number =  5     Error=  0.1464E-01

         0.31734E-02    0.00000E+00   -0.16052E-01    0.16397E-02
         0.19503E+00   -0.14705E-01    0.55817E-03    0.35829E+00
        -0.11100E-01    0.75820E-04    0.46599E+00   -0.59468E-02
         0.00000E+00    0.50355E+00    0.00000E+00

     Iteration Number =  6     Error=  0.7186E-02

         0.32067E-02    0.00000E+00   -0.16171E-01    0.16562E-02
         0.19645E+00   -0.14810E-01    0.56345E-03    0.36088E+00
        -0.11179E-01    0.76417E-04    0.46936E+00   -0.59900E-02
         0.00000E+00    0.50719E+00    0.00000E+00

     Iteration Number =  7     Error=  0.3565E-02

         0.32232E-02    0.00000E+00   -0.16230E-01    0.16643E-02
         0.19717E+00   -0.14863E-01    0.56606E-03    0.36217E+00
        -0.11219E-01    0.76710E-04    0.47104E+00   -0.60115E-02
         0.00000E+00    0.50900E+00    0.00000E+00

     Iteration Number =  8     Error=  0.1778E-02

         0.32314E-02    0.00000E+00   -0.16260E-01    0.16683E-02
         0.19752E+00   -0.14889E-01    0.56735E-03    0.36282E+00
        -0.11238E-01    0.76855E-04    0.47188E+00   -0.60221E-02
         0.00000E+00    0.50991E+00    0.00000E+00


   STEP NUMBER =  2   SOURCE VALUE =  0.2000E+00

     Number of iterations taken for convergence.. =  9
     The Euclidean norm of the solution error ... =  0.8891E-03
     The CONVERGED solution is:

         0.32355E-02    0.00000E+00   -0.16276E-01    0.16704E-02
         0.19770E+00   -0.14902E-01    0.56799E-03    0.36314E+00
        -0.11248E-01    0.76928E-04    0.47230E+00   -0.60274E-02
         0.00000E+00    0.51036E+00    0.00000E+00

     Iteration Number =  1     Error=  0.1939E+00

         0.52340E-02    0.00000E+00   -0.20127E-01    0.27284E-02
         0.24485E+00   -0.18482E-01    0.94110E-03    0.45023E+00
        -0.13980E-01    0.13190E-03    0.58595E+00   -0.75002E-02
         0.00000E+00    0.63331E+00    0.00000E+00

     Iteration Number =  2     Error=  0.8820E-01

         0.62125E-02    0.00000E+00   -0.22048E-01    0.32319E-02
         0.26836E+00   -0.20263E-01    0.11102E-02    0.49365E+00
        -0.15346E-01    0.15344E-03    0.64266E+00   -0.82414E-02
         0.00000E+00    0.69469E+00    0.00000E+00

     Iteration Number =  3     Error=  0.3961E-01

         0.66182E-02    0.00000E+00   -0.22956E-01    0.34366E-02
         0.27939E+00   -0.21092E-01    0.11773E-02    0.51395E+00
        -0.15981E-01    0.16138E-03    0.66917E+00   -0.85887E-02
         0.00000E+00    0.72339E+00    0.00000E+00

     Iteration Number =  4     Error=  0.1833E-01

         0.67986E-02    0.00000E+00   -0.23392E-01    0.35263E-02
         0.28463E+00   -0.21481E-01    0.12063E-02    0.52354E+00
        -0.16278E-01    0.16468E-03    0.68166E+00   -0.87519E-02
         0.00000E+00    0.73690E+00    0.00000E+00

     Iteration Number =  5     Error=  0.8812E-02

         0.68854E-02    0.00000E+00   -0.23608E-01    0.35690E-02
         0.28719E+00   -0.21669E-01    0.12200E-02    0.52819E+00
        -0.16421E-01    0.16623E-03    0.68771E+00   -0.88305E-02
         0.00000E+00    0.74345E+00    0.00000E+00

     Iteration Number =  6     Error=  0.4331E-02

         0.69283E-02    0.00000E+00   -0.23716E-01    0.35899E-02
         0.28847E+00   -0.21761E-01    0.12267E-02    0.53049E+00
        -0.16490E-01    0.16699E-03    0.69069E+00   -0.88690E-02
         0.00000E+00    0.74668E+00    0.00000E+00

     Iteration Number =  7     Error=  0.2152E-02

         0.69497E-02    0.00000E+00   -0.23771E-01    0.36003E-02
         0.28911E+00   -0.21807E-01    0.12301E-02    0.53164E+00
        -0.16525E-01    0.16737E-03    0.69218E+00   -0.88880E-02
         0.00000E+00    0.74828E+00    0.00000E+00

     Iteration Number =  8     Error=  0.1075E-02

         0.69604E-02    0.00000E+00   -0.23799E-01    0.36054E-02
         0.28944E+00   -0.21830E-01    0.12317E-02    0.53222E+00
        -0.16542E-01    0.16756E-03    0.69292E+00   -0.88974E-02
         0.00000E+00    0.74908E+00    0.00000E+00


   STEP NUMBER =  3   SOURCE VALUE =  0.3000E+00

     Number of iterations taken for convergence.. =  9
     The Euclidean norm of the solution error ... =  0.5383E-03
     The CONVERGED solution is:

         0.69658E-02    0.00000E+00   -0.23814E-01    0.36080E-02
         0.28960E+00   -0.21841E-01    0.12325E-02    0.53251E+00
        -0.16550E-01    0.16765E-03    0.69329E+00   -0.89020E-02
         0.00000E+00    0.74948E+00    0.00000E+00

     Iteration Number =  1     Error=  0.1331E+00

         0.97089E-02    0.00000E+00   -0.27347E-01    0.50763E-02
         0.33329E+00   -0.25186E-01    0.17561E-02    0.61377E+00
        -0.19143E-01    0.24547E-03    0.79985E+00   -0.10315E-01
         0.00000E+00    0.86495E+00    0.00000E+00

     Iteration Number =  2     Error=  0.6348E-01

         0.10875E-01    0.00000E+00   -0.29165E-01    0.56787E-02
         0.35562E+00   -0.26882E-01    0.19590E-02    0.65517E+00
        -0.20460E-01    0.27108E-03    0.85411E+00   -0.11038E-01
         0.00000E+00    0.92377E+00    0.00000E+00

     Iteration Number =  3     Error=  0.2762E-01

         0.11331E-01    0.00000E+00   -0.30000E-01    0.59060E-02
         0.36572E+00   -0.27634E-01    0.20331E-02    0.67372E+00
        -0.21041E-01    0.27955E-03    0.87837E+00   -0.11361E-01
         0.00000E+00    0.95005E+00    0.00000E+00

     Iteration Number =  4     Error=  0.1266E-01

         0.11536E-01    0.00000E+00   -0.30401E-01    0.60066E-02
         0.37048E+00   -0.27982E-01    0.20656E-02    0.68236E+00
        -0.21306E-01    0.28318E-03    0.88961E+00   -0.11509E-01
         0.00000E+00    0.96223E+00    0.00000E+00

     Iteration Number =  5     Error=  0.6083E-02

         0.11636E-01    0.00000E+00   -0.30601E-01    0.60551E-02
         0.37281E+00   -0.28148E-01    0.20812E-02    0.68654E+00
        -0.21432E-01    0.28494E-03    0.89504E+00   -0.11580E-01
         0.00000E+00    0.96810E+00    0.00000E+00

     Iteration Number =  6     Error=  0.2993E-02

         0.11686E-01    0.00000E+00   -0.30703E-01    0.60790E-02
         0.37398E+00   -0.28230E-01    0.20888E-02    0.68862E+00
        -0.21493E-01    0.28581E-03    0.89771E+00   -0.11615E-01
         0.00000E+00    0.97098E+00    0.00000E+00

     Iteration Number =  7     Error=  0.1488E-02

         0.11711E-01    0.00000E+00   -0.30755E-01    0.60907E-02
         0.37457E+00   -0.28271E-01    0.20926E-02    0.68965E+00
        -0.21523E-01    0.28624E-03    0.89904E+00   -0.11631E-01
         0.00000E+00    0.97242E+00    0.00000E+00


   STEP NUMBER =  4   SOURCE VALUE =  0.4000E+00

     Number of iterations taken for convergence.. =  8
     The Euclidean norm of the solution error ... =  0.7430E-03
     The CONVERGED solution is:

         0.11723E-01    0.00000E+00   -0.30781E-01    0.60965E-02
         0.37487E+00   -0.28291E-01    0.20944E-02    0.69017E+00
        -0.21537E-01    0.28645E-03    0.89970E+00   -0.11640E-01
         0.00000E+00    0.97313E+00    0.00000E+00

     Iteration Number =  1     Error=  0.9902E-01

         0.15021E-01    0.00000E+00   -0.33985E-01    0.78846E-02
         0.41494E+00   -0.31388E-01    0.27403E-02    0.76532E+00
        -0.23983E-01    0.38348E-03    0.99881E+00   -0.12989E-01
         0.00000E+00    0.10807E+01    0.00000E+00

     Iteration Number =  2     Error=  0.4879E-01

         0.16330E-01    0.00000E+00   -0.35685E-01    0.85627E-02
         0.43590E+00   -0.32981E-01    0.29702E-02    0.80431E+00
        -0.25236E-01    0.41246E-03    0.10501E+01   -0.13688E-01
         0.00000E+00    0.11364E+01    0.00000E+00

     Iteration Number =  3     Error=  0.2087E-01

         0.16821E-01    0.00000E+00   -0.36462E-01    0.88047E-02
         0.44524E+00   -0.33670E-01    0.30485E-02    0.82141E+00
        -0.25771E-01    0.42118E-03    0.10725E+01   -0.13990E-01
         0.00000E+00    0.11607E+01    0.00000E+00

     Iteration Number =  4     Error=  0.9528E-02

         0.17046E-01    0.00000E+00   -0.36839E-01    0.89130E-02
         0.44964E+00   -0.33985E-01    0.30833E-02    0.82932E+00
        -0.26010E-01    0.42503E-03    0.10827E+01   -0.14127E-01
         0.00000E+00    0.11718E+01    0.00000E+00

     Iteration Number =  5     Error=  0.4580E-02

         0.17156E-01    0.00000E+00   -0.37029E-01    0.89655E-02
         0.45181E+00   -0.34136E-01    0.31001E-02    0.83316E+00
        -0.26123E-01    0.42693E-03    0.10877E+01   -0.14192E-01
         0.00000E+00    0.11772E+01    0.00000E+00

     Iteration Number =  6     Error=  0.2253E-02

         0.17211E-01    0.00000E+00   -0.37127E-01    0.89912E-02
         0.45290E+00   -0.34210E-01    0.31084E-02    0.83507E+00
        -0.26177E-01    0.42787E-03    0.10901E+01   -0.14223E-01
         0.00000E+00    0.11798E+01    0.00000E+00

     Iteration Number =  7     Error=  0.1119E-02

         0.17239E-01    0.00000E+00   -0.37177E-01    0.90038E-02
         0.45345E+00   -0.34246E-01    0.31124E-02    0.83602E+00
        -0.26203E-01    0.42833E-03    0.10913E+01   -0.14238E-01
         0.00000E+00    0.11811E+01    0.00000E+00


   STEP NUMBER =  5   SOURCE VALUE =  0.5000E+00

     Number of iterations taken for convergence.. =  8
     The Euclidean norm of the solution error ... =  0.5573E-03
     The CONVERGED solution is:

         0.17252E-01    0.00000E+00   -0.37203E-01    0.90100E-02
         0.45373E+00   -0.34264E-01    0.31143E-02    0.83649E+00
        -0.26216E-01    0.42855E-03    0.10919E+01   -0.14245E-01
         0.00000E+00    0.11818E+01    0.00000E+00

     Iteration Number =  1     Error=  0.7723E-01

         0.20943E-01    0.00000E+00   -0.40085E-01    0.11038E-01
         0.49024E+00   -0.37113E-01    0.38573E-02    0.90558E+00
        -0.28511E-01    0.54154E-03    0.11836E+01   -0.15531E-01
         0.00000E+00    0.12815E+01    0.00000E+00

     Iteration Number =  2     Error=  0.3897E-01

         0.22353E-01    0.00000E+00   -0.41661E-01    0.11770E-01
         0.50975E+00   -0.38597E-01    0.41071E-02    0.94198E+00
        -0.29693E-01    0.57310E-03    0.12317E+01   -0.16200E-01
         0.00000E+00    0.13338E+01    0.00000E+00

     Iteration Number =  3     Error=  0.1662E-01

         0.22872E-01    0.00000E+00   -0.42392E-01    0.12023E-01
         0.51847E+00   -0.39233E-01    0.41886E-02    0.95787E+00
        -0.30188E-01    0.58200E-03    0.12525E+01   -0.16485E-01
         0.00000E+00    0.13563E+01    0.00000E+00

     Iteration Number =  4     Error=  0.7592E-02

         0.23113E-01    0.00000E+00   -0.42751E-01    0.12138E-01
         0.52260E+00   -0.39523E-01    0.42251E-02    0.96523E+00
        -0.30407E-01    0.58601E-03    0.12620E+01   -0.16612E-01
         0.00000E+00    0.13667E+01    0.00000E+00

     Iteration Number =  5     Error=  0.3651E-02

         0.23232E-01    0.00000E+00   -0.42934E-01    0.12193E-01
         0.52466E+00   -0.39662E-01    0.42428E-02    0.96881E+00
        -0.30508E-01    0.58801E-03    0.12666E+01   -0.16672E-01
         0.00000E+00    0.13716E+01    0.00000E+00

     Iteration Number =  6     Error=  0.1794E-02

         0.23292E-01    0.00000E+00   -0.43029E-01    0.12220E-01
         0.52569E+00   -0.39729E-01    0.42513E-02    0.97058E+00
        -0.30556E-01    0.58899E-03    0.12688E+01   -0.16700E-01
         0.00000E+00    0.13741E+01    0.00000E+00


   STEP NUMBER =  6   SOURCE VALUE =  0.6000E+00

     Number of iterations taken for convergence.. =  7
     The Euclidean norm of the solution error ... =  0.8881E-03
     The CONVERGED solution is:

         0.23321E-01    0.00000E+00   -0.43078E-01    0.12233E-01
         0.52621E+00   -0.39763E-01    0.42554E-02    0.97146E+00
        -0.30580E-01    0.58946E-03    0.12700E+01   -0.16714E-01
         0.00000E+00    0.13753E+01    0.00000E+00

     Iteration Number =  1     Error=  0.6267E-01

         0.27294E-01    0.00000E+00   -0.45687E-01    0.14445E-01
         0.55967E+00   -0.42396E-01    0.50771E-02    0.10353E+01
        -0.32744E-01    0.71598E-03    0.13552E+01   -0.17945E-01
         0.00000E+00    0.14682E+01    0.00000E+00

     Iteration Number =  2     Error=  0.3214E-01

         0.28777E-01    0.00000E+00   -0.47153E-01    0.15216E-01
         0.57786E+00   -0.43779E-01    0.53419E-02    0.10693E+01
        -0.33858E-01    0.74955E-03    0.14003E+01   -0.18586E-01
         0.00000E+00    0.15173E+01    0.00000E+00

     Iteration Number =  3     Error=  0.1378E-01

         0.29324E-01    0.00000E+00   -0.47848E-01    0.15479E-01
         0.58608E+00   -0.44372E-01    0.54262E-02    0.10843E+01
        -0.34319E-01    0.75863E-03    0.14198E+01   -0.18856E-01
         0.00000E+00    0.15385E+01    0.00000E+00

     Iteration Number =  4     Error=  0.6311E-02

         0.29580E-01    0.00000E+00   -0.48194E-01    0.15598E-01
         0.59002E+00   -0.44643E-01    0.54640E-02    0.10912E+01
        -0.34521E-01    0.76277E-03    0.14287E+01   -0.18976E-01
         0.00000E+00    0.15482E+01    0.00000E+00

     Iteration Number =  5     Error=  0.3035E-02

         0.29706E-01    0.00000E+00   -0.48373E-01    0.15656E-01
         0.59199E+00   -0.44773E-01    0.54823E-02    0.10946E+01
        -0.34614E-01    0.76483E-03    0.14330E+01   -0.19031E-01
         0.00000E+00    0.15528E+01    0.00000E+00

     Iteration Number =  6     Error=  0.1488E-02

         0.29769E-01    0.00000E+00   -0.48465E-01    0.15684E-01
         0.59298E+00   -0.44835E-01    0.54910E-02    0.10962E+01
        -0.34657E-01    0.76582E-03    0.14351E+01   -0.19058E-01
         0.00000E+00    0.15551E+01    0.00000E+00


   STEP NUMBER =  7   SOURCE VALUE =  0.7000E+00

     Number of iterations taken for convergence.. =  7
     The Euclidean norm of the solution error ... =  0.7335E-03
     The CONVERGED solution is:

         0.29799E-01    0.00000E+00   -0.48513E-01    0.15697E-01
         0.59348E+00   -0.44866E-01    0.54951E-02    0.10971E+01
        -0.34678E-01    0.76630E-03    0.14362E+01   -0.19070E-01
         0.00000E+00    0.15562E+01    0.00000E+00

     Iteration Number =  1     Error=  0.5202E-01

         0.33959E-01    0.00000E+00   -0.50871E-01    0.18043E-01
         0.62409E+00   -0.47296E-01    0.63788E-02    0.11560E+01
        -0.36715E-01    0.90415E-03    0.15153E+01   -0.20248E-01
         0.00000E+00    0.16428E+01    0.00000E+00

     Iteration Number =  2     Error=  0.2705E-01

         0.35492E-01    0.00000E+00   -0.52232E-01    0.18841E-01
         0.64102E+00   -0.48583E-01    0.66540E-02    0.11877E+01
        -0.37763E-01    0.93917E-03    0.15575E+01   -0.20861E-01
         0.00000E+00    0.16888E+01    0.00000E+00

     Iteration Number =  3     Error=  0.1171E-01

         0.36063E-01    0.00000E+00   -0.52894E-01    0.19113E-01
         0.64882E+00   -0.49140E-01    0.67408E-02    0.12018E+01
        -0.38194E-01    0.94844E-03    0.15759E+01   -0.21117E-01
         0.00000E+00    0.17088E+01    0.00000E+00

     Iteration Number =  4     Error=  0.5391E-02

         0.36331E-01    0.00000E+00   -0.53229E-01    0.19236E-01
         0.65259E+00   -0.49395E-01    0.67797E-02    0.12084E+01
        -0.38382E-01    0.95269E-03    0.15844E+01   -0.21231E-01
         0.00000E+00    0.17179E+01    0.00000E+00

     Iteration Number =  5     Error=  0.2593E-02

         0.36464E-01    0.00000E+00   -0.53403E-01    0.19295E-01
         0.65448E+00   -0.49517E-01    0.67983E-02    0.12116E+01
        -0.38468E-01    0.95477E-03    0.15885E+01   -0.21283E-01
         0.00000E+00    0.17223E+01    0.00000E+00

     Iteration Number =  6     Error=  0.1267E-02

         0.36529E-01    0.00000E+00   -0.53494E-01    0.19323E-01
         0.65543E+00   -0.49576E-01    0.68071E-02    0.12132E+01
        -0.38508E-01    0.95577E-03    0.15905E+01   -0.21307E-01
         0.00000E+00    0.17245E+01    0.00000E+00


   STEP NUMBER =  8   SOURCE VALUE =  0.8000E+00

     Number of iterations taken for convergence.. =  7
     The Euclidean norm of the solution error ... =  0.6220E-03
     The CONVERGED solution is:

         0.36561E-01    0.00000E+00   -0.53541E-01    0.19336E-01
         0.65591E+00   -0.49605E-01    0.68112E-02    0.12140E+01
        -0.38526E-01    0.95623E-03    0.15914E+01   -0.21318E-01
         0.00000E+00    0.17255E+01    0.00000E+00

     Iteration Number =  1     Error=  0.4411E-01

         0.40847E-01    0.00000E+00   -0.55682E-01    0.21782E-01
         0.68405E+00   -0.51856E-01    0.77451E-02    0.12686E+01
        -0.40449E-01    0.11038E-02    0.16652E+01   -0.22448E-01
         0.00000E+00    0.18064E+01    0.00000E+00

     Iteration Number =  2     Error=  0.2319E-01

         0.42412E-01    0.00000E+00   -0.56949E-01    0.22598E-01
         0.69986E+00   -0.53057E-01    0.80277E-02    0.12983E+01
        -0.41436E-01    0.11399E-02    0.17048E+01   -0.23035E-01
         0.00000E+00    0.18496E+01    0.00000E+00

     Iteration Number =  3     Error=  0.1017E-01

         0.43006E-01    0.00000E+00   -0.57582E-01    0.22878E-01
         0.70728E+00   -0.53583E-01    0.81168E-02    0.13116E+01
        -0.41842E-01    0.11494E-02    0.17223E+01   -0.23280E-01
         0.00000E+00    0.18686E+01    0.00000E+00

     Iteration Number =  4     Error=  0.4705E-02

         0.43286E-01    0.00000E+00   -0.57908E-01    0.23005E-01
         0.71091E+00   -0.53825E-01    0.81566E-02    0.13179E+01
        -0.42018E-01    0.11537E-02    0.17303E+01   -0.23388E-01
         0.00000E+00    0.18773E+01    0.00000E+00

     Iteration Number =  5     Error=  0.2263E-02

         0.43423E-01    0.00000E+00   -0.58079E-01    0.23065E-01
         0.71274E+00   -0.53941E-01    0.81754E-02    0.13210E+01
        -0.42098E-01    0.11558E-02    0.17342E+01   -0.23437E-01
         0.00000E+00    0.18815E+01    0.00000E+00

     Iteration Number =  6     Error=  0.1103E-02

         0.43490E-01    0.00000E+00   -0.58168E-01    0.23093E-01
         0.71366E+00   -0.53996E-01    0.81841E-02    0.13225E+01
        -0.42134E-01    0.11568E-02    0.17361E+01   -0.23460E-01
         0.00000E+00    0.18835E+01    0.00000E+00


   STEP NUMBER =  9   SOURCE VALUE =  0.9000E+00

     Number of iterations taken for convergence.. =  7
     The Euclidean norm of the solution error ... =  0.5384E-03
     The CONVERGED solution is:

         0.43523E-01    0.00000E+00   -0.58214E-01    0.23107E-01
         0.71413E+00   -0.54023E-01    0.81881E-02    0.13232E+01
        -0.42151E-01    0.11572E-02    0.17370E+01   -0.23470E-01
         0.00000E+00    0.18845E+01    0.00000E+00

     Iteration Number =  1     Error=  0.3806E-01

         0.47892E-01    0.00000E+00   -0.60168E-01    0.25628E-01
         0.74011E+00   -0.56117E-01    0.91633E-02    0.13741E+01
        -0.43972E-01    0.13133E-02    0.18061E+01   -0.24558E-01
         0.00000E+00    0.19604E+01    0.00000E+00

     Iteration Number =  2     Error=  0.2019E-01

         0.49481E-01    0.00000E+00   -0.61353E-01    0.26457E-01
         0.75494E+00   -0.57243E-01    0.94512E-02    0.14020E+01
        -0.44904E-01    0.13501E-02    0.18434E+01   -0.25120E-01
         0.00000E+00    0.20011E+01    0.00000E+00

     Iteration Number =  3     Error=  0.8965E-02

         0.50094E-01    0.00000E+00   -0.61961E-01    0.26744E-01
         0.76203E+00   -0.57742E-01    0.95424E-02    0.14147E+01
        -0.45288E-01    0.13598E-02    0.18600E+01   -0.25356E-01
         0.00000E+00    0.20192E+01    0.00000E+00

     Iteration Number =  4     Error=  0.4173E-02

         0.50384E-01    0.00000E+00   -0.62278E-01    0.26873E-01
         0.76554E+00   -0.57973E-01    0.95828E-02    0.14207E+01
        -0.45453E-01    0.13641E-02    0.18677E+01   -0.25458E-01
         0.00000E+00    0.20275E+01    0.00000E+00

     Iteration Number =  5     Error=  0.2007E-02

         0.50525E-01    0.00000E+00   -0.62445E-01    0.26934E-01
         0.76731E+00   -0.58083E-01    0.96017E-02    0.14237E+01
        -0.45528E-01    0.13662E-02    0.18714E+01   -0.25505E-01
         0.00000E+00    0.20315E+01    0.00000E+00


   STEP NUMBER = 10   SOURCE VALUE =  0.1000E+01

     Number of iterations taken for convergence.. =  6
     The Euclidean norm of the solution error ... =  0.9749E-03
     The CONVERGED solution is:

         0.50594E-01    0.00000E+00   -0.62532E-01    0.26963E-01
         0.76820E+00   -0.58136E-01    0.96103E-02    0.14251E+01
        -0.45561E-01    0.13672E-02    0.18732E+01   -0.25526E-01
         0.00000E+00    0.20334E+01    0.00000E+00
