     *** ECHO OF THE INPUT DATA STARTS ***

Example 5.2.1: Nonlinear analysis of a hinged-hinged beam problem               
  2   0   4                        MODEL,IEL,NEM                                
  0.0  50.0                        X0,AL                                        
  1  1  30.0E06  0.3               B,H,E,GNIU                                   
                                                                                
  0.0  0.0  0.0                    FX0,FX1,FX2                                  
  4.0  0.0  0.0                    QX0,QX1,QX2                                  
  3   0   0                        NSPV,NSSV,NSMB                               
  1   2   0.0                       ISPV(1,1),ISPV(1,2),VSPV(1)                 
  5   1   0.0                       ISPV(2,1),ISPV(2,2),VSPV(2)                 
  5   3   0.0                       ISPV(3,1),ISPV(3,2),VSPV(3)                 
                                                                                
  2   0                            NONLIN,NPRNT                                 
  10   50  1.0E-03  0.0             NLS, ITMAX, EPS, GAMA                       
  2   2                            NGP, LGP                                     
  0.1 0.1 0.1 0.1 0.1                                                           
  0.1 0.1 0.1 0.1 0.1              DP(I)                                        
                                                                                
  0.0 0.0 0.0 0.0 0.0 0.0 0.0 0.0                                               
  0.0 0.0 0.0 0.0 0.0 0.0 0.0      GP1(I)                                       

     **** ECHO OF THE INPUT DATA ENDS ****

________________________________________________________________________________
        Output from computer program  FEM1DBEAM              by J. N. Reddy
________________________________________________________________________________


Example 5.2.1: Nonlinear analysis of a hinged-hinged beam problem               

    *** ANALYSIS OF MODEL  2 PROBLEM ***
               (see the code below)

    MODEL=1: A problem described by MODEL EQ. 1
    MODEL=2: A Euler-Bernoulli BEAM problem
    MODEL=3: A Timoshenko BEAM problem


   P R O B L E M   D A T A:

     Coordinate of node 1 ....................... =   0.0000E+00
     Length of the beam ......................... =   0.5000E+02
     Width of cross-section for the beam, B ..... =   0.1000E+01
     Height of cross-section for the beam, H .... =   0.1000E+01
     Elastic modulus of the beam material, E .... =   0.3000E+08
     Axial stiffness for the beam, EA ........... =   0.3000E+08
     Bending stiffness for the beam, EI ......... =   0.2500E+07
     Coefficient of 1 in QX, QX0 ................ =   0.4000E+01
     Coefficient of x in QX, QX1 ................ =   0.0000E+00
     Coefficient of x*x in QX, QX2 .............. =   0.0000E+00
     Coefficient of 1 in FX, FX0 ................ =   0.0000E+00
     Coefficient of x in FX, FX1 ................ =   0.0000E+00
     Coefficient of x*x in FX, FX2 .............. =   0.0000E+00


   M E S H   D A T A:

     Number of elements in the mesh, NEM......... =    4
     Type of element(0:hermite;1:linear;2:quadratic;) .. =    0
     Number of nodes in the mesh, NNM ........... =    5
     Number of deg. of freedom per node, NDF..... =    3
     Number of total DOF in the model, NEQ....... =   15
     GLOBAL COORDINATES OF THE GLOBAL NODES ..... =

        0.0000E+00   0.1250E+02   0.2500E+02   0.3750E+02   0.5000E+02

          CONNECTIVITY MATRIX:

              1    2
              2    3
              3    4
              4    5

   B O U N D A R Y   D A T A:

     Number of specified PRIMARY variables ...... =    3
     Specified PRIMARY degrees of freedom ....... :

              1    2   0.0000E+00
              5    1   0.0000E+00
              5    3   0.0000E+00

     *** NONLINEAR Analysis with NEWTON ITERATION ***


   NONLINEAR  A N A L Y S I S   D A T A:

     Number of load steps used, NLS ............. =   10
     Maximum allowable number of iterations ..... =   50
     Allowable convergence tolerance (EPS) ...... =   0.1000E-02
     Acceleration parameter:GAMA*GP2+(1-GAMA)*GP1 =   0.0000E+00

   INITIAL (GUESS) VECTOR:

     0.00000E+00  0.00000E+00  0.00000E+00  0.00000E+00  0.00000E+00  0.00000E+00  0.00000E+00  0.00000E+00  0.00000E+00  0.00000E+00  0.00000E+00  0.00000E+00  0.00000E+00  0.00000E+00  0.00000E+00

     First iteration solution at source value ... =  0.1000E+00

         0.00000E+00    0.00000E+00   -0.33333E-02    0.00000E+00
         0.40446E-01   -0.30469E-02    0.00000E+00    0.74219E-01
        -0.22917E-02    0.00000E+00    0.96436E-01   -0.12240E-02
         0.00000E+00    0.10417E+00    0.00000E+00

     Iteration Number =  1     Error=  0.1000E+01

         0.00000E+00    0.00000E+00   -0.33333E-02    0.00000E+00
         0.40446E-01   -0.30469E-02    0.00000E+00    0.74219E-01
        -0.22917E-02    0.00000E+00    0.96436E-01   -0.12240E-02
         0.00000E+00    0.10417E+00    0.00000E+00

     Iteration Number =  2     Error=  0.3272E+00

         0.30386E-03    0.00000E+00   -0.49521E-02    0.15804E-03
         0.60098E-01   -0.45282E-02    0.54481E-04    0.11030E+00
        -0.34077E-02    0.77042E-05    0.14334E+00   -0.18209E-02
         0.00000E+00    0.15485E+00    0.00000E+00

     Iteration Number =  3     Error=  0.1460E+00

         0.42924E-03    0.00000E+00   -0.57982E-02    0.22227E-03
         0.70371E-01   -0.53023E-02    0.76040E-04    0.12916E+00
        -0.39904E-02    0.10535E-04    0.16785E+00   -0.21322E-02
         0.00000E+00    0.18132E+00    0.00000E+00

     Iteration Number =  4     Error=  0.6797E-01

         0.48540E-03    0.00000E+00   -0.62210E-02    0.25068E-03
         0.75503E-01   -0.56890E-02    0.85364E-04    0.13858E+00
        -0.42815E-02    0.11681E-04    0.18009E+00   -0.22878E-02
         0.00000E+00    0.19454E+00    0.00000E+00

     Iteration Number =  5     Error=  0.3269E-01

         0.51137E-03    0.00000E+00   -0.64313E-02    0.26371E-03
         0.78055E-01   -0.58811E-02    0.89582E-04    0.14326E+00
        -0.44261E-02    0.12176E-04    0.18618E+00   -0.23652E-02
         0.00000E+00    0.20112E+00    0.00000E+00

     Iteration Number =  6     Error=  0.1602E-01

         0.52384E-03    0.00000E+00   -0.65362E-02    0.26994E-03
         0.79327E-01   -0.59768E-02    0.91583E-04    0.14559E+00
        -0.44981E-02    0.12405E-04    0.18921E+00   -0.24037E-02
         0.00000E+00    0.20439E+00    0.00000E+00

     Iteration Number =  7     Error=  0.7928E-02

         0.52995E-03    0.00000E+00   -0.65886E-02    0.27299E-03
         0.79962E-01   -0.60245E-02    0.92557E-04    0.14676E+00
        -0.45340E-02    0.12515E-04    0.19072E+00   -0.24229E-02
         0.00000E+00    0.20602E+00    0.00000E+00

     Iteration Number =  8     Error=  0.3945E-02

         0.53298E-03    0.00000E+00   -0.66148E-02    0.27449E-03
         0.80279E-01   -0.60483E-02    0.93037E-04    0.14734E+00
        -0.45519E-02    0.12569E-04    0.19148E+00   -0.24325E-02
         0.00000E+00    0.20684E+00    0.00000E+00

     Iteration Number =  9     Error=  0.1969E-02

         0.53449E-03    0.00000E+00   -0.66280E-02    0.27524E-03
         0.80438E-01   -0.60602E-02    0.93276E-04    0.14763E+00
        -0.45609E-02    0.12596E-04    0.19185E+00   -0.24372E-02
         0.00000E+00    0.20725E+00    0.00000E+00


   STEP NUMBER =  1   SOURCE VALUE =  0.1000E+00

     Number of iterations taken for convergence.. = 10
     The Euclidean norm of the solution error ... =  0.9835E-03
     The CONVERGED solution is:

         0.53524E-03    0.00000E+00   -0.66346E-02    0.27562E-03
         0.80517E-01   -0.60662E-02    0.93395E-04    0.14778E+00
        -0.45653E-02    0.12609E-04    0.19204E+00   -0.24396E-02
         0.00000E+00    0.20745E+00    0.00000E+00

     Iteration Number =  1     Error=  0.3322E+00

         0.12200E-02    0.00000E+00   -0.99255E-02    0.63505E-03
         0.12051E+00   -0.90830E-02    0.21910E-03    0.22124E+00
        -0.68400E-02    0.31011E-04    0.28757E+00   -0.36564E-02
         0.00000E+00    0.31067E+00    0.00000E+00

     Iteration Number =  2     Error=  0.1405E+00

         0.17041E-02    0.00000E+00   -0.11541E-01    0.88358E-03
         0.14016E+00   -0.10566E-01    0.30264E-03    0.25738E+00
        -0.79624E-02    0.41952E-04    0.33461E+00   -0.42586E-02
         0.00000E+00    0.36150E+00    0.00000E+00

     Iteration Number =  3     Error=  0.6551E-01

         0.19165E-02    0.00000E+00   -0.12347E-01    0.99131E-03
         0.14997E+00   -0.11306E-01    0.33813E-03    0.27541E+00
        -0.85221E-02    0.46323E-04    0.35807E+00   -0.45594E-02
         0.00000E+00    0.38686E+00    0.00000E+00

     Iteration Number =  4     Error=  0.3104E-01

         0.20124E-02    0.00000E+00   -0.12743E-01    0.10395E-02
         0.15477E+00   -0.11667E-01    0.35375E-03    0.28422E+00
        -0.87953E-02    0.48151E-04    0.36954E+00   -0.47065E-02
         0.00000E+00    0.39926E+00    0.00000E+00

     Iteration Number =  5     Error=  0.1506E-01

         0.20581E-02    0.00000E+00   -0.12940E-01    0.10622E-02
         0.15714E+00   -0.11844E-01    0.36107E-03    0.28857E+00
        -0.89295E-02    0.48987E-04    0.37519E+00   -0.47788E-02
         0.00000E+00    0.40537E+00    0.00000E+00

     Iteration Number =  6     Error=  0.7417E-02

         0.20804E-02    0.00000E+00   -0.13037E-01    0.10733E-02
         0.15832E+00   -0.11933E-01    0.36463E-03    0.29072E+00
        -0.89959E-02    0.49389E-04    0.37799E+00   -0.48147E-02
         0.00000E+00    0.40840E+00    0.00000E+00

     Iteration Number =  7     Error=  0.3684E-02

         0.20915E-02    0.00000E+00   -0.13087E-01    0.10788E-02
         0.15891E+00   -0.11976E-01    0.36638E-03    0.29180E+00
        -0.90289E-02    0.49586E-04    0.37939E+00   -0.48325E-02
         0.00000E+00    0.40990E+00    0.00000E+00

     Iteration Number =  8     Error=  0.1838E-02

         0.20970E-02    0.00000E+00   -0.13111E-01    0.10815E-02
         0.15921E+00   -0.11998E-01    0.36725E-03    0.29234E+00
        -0.90453E-02    0.49683E-04    0.38008E+00   -0.48414E-02
         0.00000E+00    0.41066E+00    0.00000E+00


   STEP NUMBER =  2   SOURCE VALUE =  0.2000E+00

     Number of iterations taken for convergence.. =  9
     The Euclidean norm of the solution error ... =  0.9187E-03
     The CONVERGED solution is:

         0.20998E-02    0.00000E+00   -0.13124E-01    0.10829E-02
         0.15935E+00   -0.12009E-01    0.36768E-03    0.29261E+00
        -0.90535E-02    0.49732E-04    0.38043E+00   -0.48458E-02
         0.00000E+00    0.41104E+00    0.00000E+00

     Iteration Number =  1     Error=  0.1961E+00

         0.34157E-02    0.00000E+00   -0.16291E-01    0.17771E-02
         0.19801E+00   -0.14937E-01    0.61166E-03    0.36385E+00
        -0.11276E-01    0.85579E-04    0.47326E+00   -0.60402E-02
         0.00000E+00    0.51141E+00    0.00000E+00

     Iteration Number =  2     Error=  0.8912E-01

         0.40640E-02    0.00000E+00   -0.17870E-01    0.21092E-02
         0.21728E+00   -0.16394E-01    0.72255E-03    0.39937E+00
        -0.12387E-01    0.99638E-04    0.51959E+00   -0.66396E-02
         0.00000E+00    0.56151E+00    0.00000E+00

     Iteration Number =  3     Error=  0.4087E-01

         0.43419E-02    0.00000E+00   -0.18631E-01    0.22494E-02
         0.22652E+00   -0.17089E-01    0.76840E-03    0.41636E+00
        -0.12916E-01    0.10508E-03    0.54173E+00   -0.69268E-02
         0.00000E+00    0.58547E+00    0.00000E+00

     Iteration Number =  4     Error=  0.1926E-01

         0.44683E-02    0.00000E+00   -0.19000E-01    0.23124E-02
         0.23098E+00   -0.17422E-01    0.78877E-03    0.42453E+00
        -0.13170E-01    0.10741E-03    0.55237E+00   -0.70645E-02
         0.00000E+00    0.59697E+00    0.00000E+00

     Iteration Number =  5     Error=  0.9339E-02

         0.45293E-02    0.00000E+00   -0.19183E-01    0.23426E-02
         0.23318E+00   -0.17584E-01    0.79848E-03    0.42853E+00
        -0.13293E-01    0.10851E-03    0.55757E+00   -0.71316E-02
         0.00000E+00    0.60259E+00    0.00000E+00

     Iteration Number =  6     Error=  0.4606E-02

         0.45594E-02    0.00000E+00   -0.19275E-01    0.23574E-02
         0.23427E+00   -0.17665E-01    0.80323E-03    0.43051E+00
        -0.13353E-01    0.10905E-03    0.56014E+00   -0.71647E-02
         0.00000E+00    0.60538E+00    0.00000E+00

     Iteration Number =  7     Error=  0.2292E-02

         0.45744E-02    0.00000E+00   -0.19322E-01    0.23648E-02
         0.23482E+00   -0.17705E-01    0.80558E-03    0.43150E+00
        -0.13383E-01    0.10931E-03    0.56143E+00   -0.71811E-02
         0.00000E+00    0.60677E+00    0.00000E+00

     Iteration Number =  8     Error=  0.1145E-02

         0.45819E-02    0.00000E+00   -0.19345E-01    0.23684E-02
         0.23509E+00   -0.17725E-01    0.80675E-03    0.43200E+00
        -0.13398E-01    0.10944E-03    0.56207E+00   -0.71892E-02
         0.00000E+00    0.60746E+00    0.00000E+00


   STEP NUMBER =  3   SOURCE VALUE =  0.3000E+00

     Number of iterations taken for convergence.. =  9
     The Euclidean norm of the solution error ... =  0.5732E-03
     The CONVERGED solution is:

         0.45857E-02    0.00000E+00   -0.19357E-01    0.23702E-02
         0.23523E+00   -0.17735E-01    0.80733E-03    0.43225E+00
        -0.13405E-01    0.10951E-03    0.56239E+00   -0.71933E-02
         0.00000E+00    0.60781E+00    0.00000E+00

     Iteration Number =  1     Error=  0.1362E+00

         0.64423E-02    0.00000E+00   -0.22341E-01    0.33572E-02
         0.27190E+00   -0.20527E-01    0.11568E-02    0.50015E+00
        -0.15549E-01    0.16116E-03    0.65115E+00   -0.83531E-02
         0.00000E+00    0.70389E+00    0.00000E+00

     Iteration Number =  2     Error=  0.6446E-01

         0.72306E-02    0.00000E+00   -0.23859E-01    0.37616E-02
         0.29048E+00   -0.21935E-01    0.12919E-02    0.53449E+00
        -0.16631E-01    0.17805E-03    0.69604E+00   -0.89423E-02
         0.00000E+00    0.75249E+00    0.00000E+00

     Iteration Number =  3     Error=  0.2896E-01

         0.75558E-02    0.00000E+00   -0.24573E-01    0.39246E-02
         0.29913E+00   -0.22583E-01    0.13450E-02    0.55039E+00
        -0.17128E-01    0.18418E-03    0.71680E+00   -0.92148E-02
         0.00000E+00    0.77497E+00    0.00000E+00

     Iteration Number =  4     Error=  0.1355E-01

         0.77053E-02    0.00000E+00   -0.24919E-01    0.39985E-02
         0.30328E+00   -0.22889E-01    0.13688E-02    0.55795E+00
        -0.17361E-01    0.18688E-03    0.72664E+00   -0.93434E-02
         0.00000E+00    0.78561E+00    0.00000E+00

     Iteration Number =  5     Error=  0.6570E-02

         0.77782E-02    0.00000E+00   -0.25092E-01    0.40342E-02
         0.30532E+00   -0.23038E-01    0.13803E-02    0.56164E+00
        -0.17474E-01    0.18817E-03    0.73144E+00   -0.94055E-02
         0.00000E+00    0.79080E+00    0.00000E+00

     Iteration Number =  6     Error=  0.3244E-02

         0.78144E-02    0.00000E+00   -0.25179E-01    0.40518E-02
         0.30634E+00   -0.23111E-01    0.13859E-02    0.56348E+00
        -0.17529E-01    0.18881E-03    0.73381E+00   -0.94360E-02
         0.00000E+00    0.79337E+00    0.00000E+00

     Iteration Number =  7     Error=  0.1615E-02

         0.78325E-02    0.00000E+00   -0.25224E-01    0.40605E-02
         0.30685E+00   -0.23148E-01    0.13887E-02    0.56439E+00
        -0.17556E-01    0.18913E-03    0.73499E+00   -0.94511E-02
         0.00000E+00    0.79464E+00    0.00000E+00


   STEP NUMBER =  4   SOURCE VALUE =  0.4000E+00

     Number of iterations taken for convergence.. =  8
     The Euclidean norm of the solution error ... =  0.8077E-03
     The CONVERGED solution is:

         0.78415E-02    0.00000E+00   -0.25246E-01    0.40648E-02
         0.30711E+00   -0.23166E-01    0.13901E-02    0.56485E+00
        -0.17569E-01    0.18928E-03    0.73558E+00   -0.94585E-02
         0.00000E+00    0.79528E+00    0.00000E+00

     Iteration Number =  1     Error=  0.1026E+00

         0.10138E-01    0.00000E+00   -0.28026E-01    0.52971E-02
         0.34155E+00   -0.25807E-01    0.18305E-02    0.62900E+00
        -0.19624E-01    0.25487E-03    0.81979E+00   -0.10580E-01
         0.00000E+00    0.88656E+00    0.00000E+00

     Iteration Number =  2     Error=  0.4989E-01

         0.11042E-01    0.00000E+00   -0.29471E-01    0.57618E-02
         0.35929E+00   -0.27152E-01    0.19863E-02    0.66188E+00
        -0.20668E-01    0.27425E-03    0.86287E+00   -0.11155E-01
         0.00000E+00    0.93326E+00    0.00000E+00

     Iteration Number =  3     Error=  0.2209E-01

         0.11403E-01    0.00000E+00   -0.30144E-01    0.59414E-02
         0.36742E+00   -0.27757E-01    0.20446E-02    0.67678E+00
        -0.21135E-01    0.28084E-03    0.88235E+00   -0.11414E-01
         0.00000E+00    0.95437E+00    0.00000E+00

     Iteration Number =  4     Error=  0.1029E-01

         0.11571E-01    0.00000E+00   -0.30472E-01    0.60235E-02
         0.37130E+00   -0.28040E-01    0.20710E-02    0.68383E+00
        -0.21350E-01    0.28380E-03    0.89151E+00   -0.11534E-01
         0.00000E+00    0.96429E+00    0.00000E+00

     Iteration Number =  5     Error=  0.4990E-02

         0.11653E-01    0.00000E+00   -0.30637E-01    0.60634E-02
         0.37322E+00   -0.28177E-01    0.20838E-02    0.68727E+00
        -0.21453E-01    0.28525E-03    0.89597E+00   -0.11592E-01
         0.00000E+00    0.96911E+00    0.00000E+00

     Iteration Number =  6     Error=  0.2465E-02

         0.11695E-01    0.00000E+00   -0.30721E-01    0.60830E-02
         0.37418E+00   -0.28244E-01    0.20901E-02    0.68898E+00
        -0.21503E-01    0.28596E-03    0.89817E+00   -0.11621E-01
         0.00000E+00    0.97148E+00    0.00000E+00

     Iteration Number =  7     Error=  0.1228E-02

         0.11715E-01    0.00000E+00   -0.30764E-01    0.60927E-02
         0.37467E+00   -0.28278E-01    0.20932E-02    0.68983E+00
        -0.21528E-01    0.28631E-03    0.89927E+00   -0.11634E-01
         0.00000E+00    0.97267E+00    0.00000E+00


   STEP NUMBER =  5   SOURCE VALUE =  0.5000E+00

     Number of iterations taken for convergence.. =  8
     The Euclidean norm of the solution error ... =  0.6137E-03
     The CONVERGED solution is:

         0.11725E-01    0.00000E+00   -0.30786E-01    0.60975E-02
         0.37492E+00   -0.28295E-01    0.20947E-02    0.69026E+00
        -0.21540E-01    0.28648E-03    0.89982E+00   -0.11641E-01
         0.00000E+00    0.97326E+00    0.00000E+00

     Iteration Number =  1     Error=  0.8080E-01

         0.14364E-01    0.00000E+00   -0.33349E-01    0.75280E-02
         0.40697E+00   -0.30772E-01    0.26114E-02    0.75038E+00
        -0.23496E-01    0.36411E-03    0.97910E+00   -0.12721E-01
         0.00000E+00    0.10593E+01    0.00000E+00

     Iteration Number =  2     Error=  0.4014E-01

         0.15358E-01    0.00000E+00   -0.34712E-01    0.80401E-02
         0.42375E+00   -0.32046E-01    0.27839E-02    0.78156E+00
        -0.24496E-01    0.38556E-03    0.10201E+01   -0.13277E-01
         0.00000E+00    0.11038E+01    0.00000E+00

     Iteration Number =  3     Error=  0.1765E-01

         0.15747E-01    0.00000E+00   -0.35349E-01    0.82321E-02
         0.43141E+00   -0.32611E-01    0.28460E-02    0.79557E+00
        -0.24933E-01    0.39247E-03    0.10384E+01   -0.13523E-01
         0.00000E+00    0.11237E+01    0.00000E+00

     Iteration Number =  4     Error=  0.8216E-02

         0.15930E-01    0.00000E+00   -0.35662E-01    0.83204E-02
         0.43508E+00   -0.32874E-01    0.28744E-02    0.80217E+00
        -0.25133E-01    0.39564E-03    0.10470E+01   -0.13637E-01
         0.00000E+00    0.11330E+01    0.00000E+00

     Iteration Number =  5     Error=  0.3985E-02

         0.16020E-01    0.00000E+00   -0.35821E-01    0.83634E-02
         0.43690E+00   -0.33002E-01    0.28882E-02    0.80540E+00
        -0.25228E-01    0.39720E-03    0.10511E+01   -0.13691E-01
         0.00000E+00    0.11375E+01    0.00000E+00

     Iteration Number =  6     Error=  0.1968E-02

         0.16065E-01    0.00000E+00   -0.35903E-01    0.83845E-02
         0.43782E+00   -0.33064E-01    0.28949E-02    0.80701E+00
        -0.25274E-01    0.39796E-03    0.10532E+01   -0.13717E-01
         0.00000E+00    0.11397E+01    0.00000E+00


   STEP NUMBER =  6   SOURCE VALUE =  0.6000E+00

     Number of iterations taken for convergence.. =  7
     The Euclidean norm of the solution error ... =  0.9795E-03
     The CONVERGED solution is:

         0.16087E-01    0.00000E+00   -0.35945E-01    0.83949E-02
         0.43828E+00   -0.33095E-01    0.28982E-02    0.80781E+00
        -0.25296E-01    0.39834E-03    0.10542E+01   -0.13730E-01
         0.00000E+00    0.11408E+01    0.00000E+00

     Iteration Number =  1     Error=  0.6608E-01

         0.18992E-01    0.00000E+00   -0.38313E-01    0.99865E-02
         0.46818E+00   -0.35422E-01    0.34794E-02    0.86427E+00
        -0.27163E-01    0.48648E-03    0.11290E+01   -0.14772E-01
         0.00000E+00    0.12222E+01    0.00000E+00

     Iteration Number =  2     Error=  0.3332E-01

         0.20058E-01    0.00000E+00   -0.39598E-01    0.10537E-01
         0.48405E+00   -0.36628E-01    0.36657E-02    0.89383E+00
        -0.28118E-01    0.50966E-03    0.11680E+01   -0.15310E-01
         0.00000E+00    0.12645E+01    0.00000E+00

     Iteration Number =  3     Error=  0.1464E-01

         0.20472E-01    0.00000E+00   -0.40207E-01    0.10739E-01
         0.49132E+00   -0.37159E-01    0.37309E-02    0.90708E+00
        -0.28530E-01    0.51685E-03    0.11853E+01   -0.15546E-01
         0.00000E+00    0.12833E+01    0.00000E+00

     Iteration Number =  4     Error=  0.6818E-02

         0.20668E-01    0.00000E+00   -0.40509E-01    0.10833E-01
         0.49482E+00   -0.37407E-01    0.37609E-02    0.91333E+00
        -0.28717E-01    0.52018E-03    0.11934E+01   -0.15653E-01
         0.00000E+00    0.12921E+01    0.00000E+00

     Iteration Number =  5     Error=  0.3308E-02

         0.20765E-01    0.00000E+00   -0.40664E-01    0.10878E-01
         0.49656E+00   -0.37526E-01    0.37754E-02    0.91639E+00
        -0.28805E-01    0.52183E-03    0.11974E+01   -0.15704E-01
         0.00000E+00    0.12963E+01    0.00000E+00

     Iteration Number =  6     Error=  0.1633E-02

         0.20813E-01    0.00000E+00   -0.40744E-01    0.10900E-01
         0.49745E+00   -0.37585E-01    0.37825E-02    0.91791E+00
        -0.28847E-01    0.52264E-03    0.11993E+01   -0.15729E-01
         0.00000E+00    0.12984E+01    0.00000E+00


   STEP NUMBER =  7   SOURCE VALUE =  0.7000E+00

     Number of iterations taken for convergence.. =  7
     The Euclidean norm of the solution error ... =  0.8110E-03
     The CONVERGED solution is:

         0.20837E-01    0.00000E+00   -0.40785E-01    0.10911E-01
         0.49789E+00   -0.37614E-01    0.37859E-02    0.91867E+00
        -0.28867E-01    0.52303E-03    0.12003E+01   -0.15741E-01
         0.00000E+00    0.12995E+01    0.00000E+00

     Iteration Number =  1     Error=  0.5515E-01

         0.23938E-01    0.00000E+00   -0.42961E-01    0.12628E-01
         0.52565E+00   -0.39791E-01    0.44201E-02    0.97146E+00
        -0.30642E-01    0.62018E-03    0.12706E+01   -0.16744E-01
         0.00000E+00    0.13761E+01    0.00000E+00

     Iteration Number =  2     Error=  0.2817E-01

         0.25056E-01    0.00000E+00   -0.44169E-01    0.13206E-01
         0.54060E+00   -0.40926E-01    0.46168E-02    0.99937E+00
        -0.31551E-01    0.64472E-03    0.13074E+01   -0.17262E-01
         0.00000E+00    0.14162E+01    0.00000E+00

     Iteration Number =  3     Error=  0.1243E-01

         0.25491E-01    0.00000E+00   -0.44750E-01    0.13417E-01
         0.54751E+00   -0.41428E-01    0.46846E-02    0.10119E+01
        -0.31940E-01    0.65215E-03    0.13239E+01   -0.17488E-01
         0.00000E+00    0.14340E+01    0.00000E+00

     Iteration Number =  4     Error=  0.5803E-02

         0.25698E-01    0.00000E+00   -0.45043E-01    0.13515E-01
         0.55086E+00   -0.41661E-01    0.47158E-02    0.10179E+01
        -0.32115E-01    0.65561E-03    0.13315E+01   -0.17590E-01
         0.00000E+00    0.14423E+01    0.00000E+00

     Iteration Number =  5     Error=  0.2817E-02

         0.25801E-01    0.00000E+00   -0.45194E-01    0.13562E-01
         0.55254E+00   -0.41774E-01    0.47309E-02    0.10208E+01
        -0.32197E-01    0.65732E-03    0.13353E+01   -0.17638E-01
         0.00000E+00    0.14464E+01    0.00000E+00

     Iteration Number =  6     Error=  0.1388E-02

         0.25851E-01    0.00000E+00   -0.45272E-01    0.13585E-01
         0.55339E+00   -0.41829E-01    0.47381E-02    0.10222E+01
        -0.32235E-01    0.65814E-03    0.13371E+01   -0.17661E-01
         0.00000E+00    0.14483E+01    0.00000E+00


   STEP NUMBER =  8   SOURCE VALUE =  0.8000E+00

     Number of iterations taken for convergence.. =  7
     The Euclidean norm of the solution error ... =  0.6877E-03
     The CONVERGED solution is:

         0.25877E-01    0.00000E+00   -0.45313E-01    0.13596E-01
         0.55382E+00   -0.41856E-01    0.47416E-02    0.10230E+01
        -0.32254E-01    0.65854E-03    0.13380E+01   -0.17672E-01
         0.00000E+00    0.14493E+01    0.00000E+00

     Iteration Number =  1     Error=  0.4694E-01

         0.29122E-01    0.00000E+00   -0.47316E-01    0.15412E-01
         0.57964E+00   -0.43895E-01    0.54200E-02    0.10724E+01
        -0.33943E-01    0.76355E-03    0.14042E+01   -0.18639E-01
         0.00000E+00    0.15216E+01    0.00000E+00

     Iteration Number =  2     Error=  0.2424E-01

         0.30280E-01    0.00000E+00   -0.48452E-01    0.16012E-01
         0.59373E+00   -0.44965E-01    0.56248E-02    0.10987E+01
        -0.34807E-01    0.78919E-03    0.14391E+01   -0.19139E-01
         0.00000E+00    0.15596E+01    0.00000E+00

     Iteration Number =  3     Error=  0.1077E-01

         0.30734E-01    0.00000E+00   -0.49009E-01    0.16230E-01
         0.60032E+00   -0.45440E-01    0.56949E-02    0.11107E+01
        -0.35175E-01    0.79683E-03    0.14547E+01   -0.19355E-01
         0.00000E+00    0.15766E+01    0.00000E+00

     Iteration Number =  4     Error=  0.5044E-02

         0.30951E-01    0.00000E+00   -0.49293E-01    0.16331E-01
         0.60355E+00   -0.45662E-01    0.57271E-02    0.11164E+01
        -0.35340E-01    0.80039E-03    0.14621E+01   -0.19452E-01
         0.00000E+00    0.15845E+01    0.00000E+00

     Iteration Number =  5     Error=  0.2449E-02

         0.31058E-01    0.00000E+00   -0.49441E-01    0.16380E-01
         0.60517E+00   -0.45768E-01    0.57425E-02    0.11192E+01
        -0.35417E-01    0.80214E-03    0.14656E+01   -0.19498E-01
         0.00000E+00    0.15883E+01    0.00000E+00

     Iteration Number =  6     Error=  0.1205E-02

         0.31111E-01    0.00000E+00   -0.49518E-01    0.16403E-01
         0.60599E+00   -0.45821E-01    0.57499E-02    0.11205E+01
        -0.35452E-01    0.80298E-03    0.14674E+01   -0.19519E-01
         0.00000E+00    0.15902E+01    0.00000E+00


   STEP NUMBER =  9   SOURCE VALUE =  0.9000E+00

     Number of iterations taken for convergence.. =  7
     The Euclidean norm of the solution error ... =  0.5949E-03
     The CONVERGED solution is:

         0.31137E-01    0.00000E+00   -0.49558E-01    0.16414E-01
         0.60641E+00   -0.45846E-01    0.57534E-02    0.11212E+01
        -0.35469E-01    0.80338E-03    0.14682E+01   -0.19530E-01
         0.00000E+00    0.15911E+01    0.00000E+00

     Iteration Number =  1     Error=  0.4060E-01

         0.34488E-01    0.00000E+00   -0.51407E-01    0.18309E-01
         0.63048E+00   -0.47760E-01    0.64690E-02    0.11676E+01
        -0.37080E-01    0.91530E-03    0.15306E+01   -0.20464E-01
         0.00000E+00    0.16594E+01    0.00000E+00

     Iteration Number =  2     Error=  0.2115E-01

         0.35677E-01    0.00000E+00   -0.52477E-01    0.18924E-01
         0.64379E+00   -0.48770E-01    0.66801E-02    0.11926E+01
        -0.37902E-01    0.94181E-03    0.15638E+01   -0.20945E-01
         0.00000E+00    0.16955E+01    0.00000E+00

     Iteration Number =  3     Error=  0.9475E-02

         0.36147E-01    0.00000E+00   -0.53013E-01    0.19149E-01
         0.65010E+00   -0.49222E-01    0.67522E-02    0.12040E+01
        -0.38252E-01    0.94965E-03    0.15787E+01   -0.21153E-01
         0.00000E+00    0.17117E+01    0.00000E+00

     Iteration Number =  4     Error=  0.4456E-02

         0.36373E-01    0.00000E+00   -0.53290E-01    0.19253E-01
         0.65322E+00   -0.49433E-01    0.67851E-02    0.12094E+01
        -0.38408E-01    0.95329E-03    0.15857E+01   -0.21247E-01
         0.00000E+00    0.17193E+01    0.00000E+00

     Iteration Number =  5     Error=  0.2164E-02

         0.36484E-01    0.00000E+00   -0.53434E-01    0.19303E-01
         0.65479E+00   -0.49535E-01    0.68008E-02    0.12121E+01
        -0.38479E-01    0.95506E-03    0.15891E+01   -0.21290E-01
         0.00000E+00    0.17230E+01    0.00000E+00

     Iteration Number =  6     Error=  0.1062E-02

         0.36538E-01    0.00000E+00   -0.53510E-01    0.19327E-01
         0.65559E+00   -0.49585E-01    0.68083E-02    0.12134E+01
        -0.38513E-01    0.95590E-03    0.15908E+01   -0.21310E-01
         0.00000E+00    0.17248E+01    0.00000E+00


   STEP NUMBER = 10   SOURCE VALUE =  0.1000E+01

     Number of iterations taken for convergence.. =  7
     The Euclidean norm of the solution error ... =  0.5227E-03
     The CONVERGED solution is:

         0.36565E-01    0.00000E+00   -0.53549E-01    0.19338E-01
         0.65599E+00   -0.49609E-01    0.68117E-02    0.12141E+01
        -0.38528E-01    0.95630E-03    0.15916E+01   -0.21320E-01
         0.00000E+00    0.17257E+01    0.00000E+00
