     *** ECHO OF THE INPUT DATA STARTS ***

Example 5.2.1: Nonlinear analysis of a hinged-hinged beam problem               
  2   0   4                        MODEL,IEL,NEM                                
  0.0  50.0                        X0,AL                                        
  1  1  30.0E06  0.3               B,H,E,GNIU                                   
                                                                                
  0.0  0.0  0.0                    FX0,FX1,FX2                                  
  9.0  0.0  0.0                    QX0,QX1,QX2                                  
  3   0   0                        NSPV,NSSV,NSMB                               
  1   2   0.0                       ISPV(1,1),ISPV(1,2),VSPV(1)                 
  5   1   0.0                       ISPV(2,1),ISPV(2,2),VSPV(2)                 
  5   3   0.0                       ISPV(3,1),ISPV(3,2),VSPV(3)                 
                                                                                
  2   0                            NONLIN,NPRNT                                 
  10   50  1.0E-03  0.0             NLS, ITMAX, EPS, GAMA                       
  2   2                            NGP, LGP                                     
  0.1 0.1 0.1 0.1 0.1                                                           
  0.1 0.1 0.1 0.1 0.1              DP(I)                                        
                                                                                
  0.0 0.0 0.0 0.0 0.0 0.0 0.0 0.0                                               
  0.0 0.0 0.0 0.0 0.0 0.0 0.0      GP1(I)                                       

     **** ECHO OF THE INPUT DATA ENDS ****

________________________________________________________________________________
        Output from computer program  FEM1DBEAM              by J. N. Reddy
________________________________________________________________________________


Example 5.2.1: Nonlinear analysis of a hinged-hinged beam problem               

    *** ANALYSIS OF MODEL  2 PROBLEM ***
               (see the code below)

    MODEL=1: A problem described by MODEL EQ. 1
    MODEL=2: A Euler-Bernoulli BEAM problem
    MODEL=3: A Timoshenko BEAM problem


   P R O B L E M   D A T A:

     Coordinate of node 1 ....................... =   0.0000E+00
     Length of the beam ......................... =   0.5000E+02
     Width of cross-section for the beam, B ..... =   0.1000E+01
     Height of cross-section for the beam, H .... =   0.1000E+01
     Elastic modulus of the beam material, E .... =   0.3000E+08
     Axial stiffness for the beam, EA ........... =   0.3000E+08
     Bending stiffness for the beam, EI ......... =   0.2500E+07
     Coefficient of 1 in QX, QX0 ................ =   0.9000E+01
     Coefficient of x in QX, QX1 ................ =   0.0000E+00
     Coefficient of x*x in QX, QX2 .............. =   0.0000E+00
     Coefficient of 1 in FX, FX0 ................ =   0.0000E+00
     Coefficient of x in FX, FX1 ................ =   0.0000E+00
     Coefficient of x*x in FX, FX2 .............. =   0.0000E+00


   M E S H   D A T A:

     Number of elements in the mesh, NEM......... =    4
     Type of element(0:hermite;1:linear;2:quadratic;) .. =    0
     Number of nodes in the mesh, NNM ........... =    5
     Number of deg. of freedom per node, NDF..... =    3
     Number of total DOF in the model, NEQ....... =   15
     GLOBAL COORDINATES OF THE GLOBAL NODES ..... =

        0.0000E+00   0.1250E+02   0.2500E+02   0.3750E+02   0.5000E+02

          CONNECTIVITY MATRIX:

              1    2
              2    3
              3    4
              4    5

   B O U N D A R Y   D A T A:

     Number of specified PRIMARY variables ...... =    3
     Specified PRIMARY degrees of freedom ....... :

              1    2   0.0000E+00
              5    1   0.0000E+00
              5    3   0.0000E+00

     *** NONLINEAR Analysis with NEWTON ITERATION ***


   NONLINEAR  A N A L Y S I S   D A T A:

     Number of load steps used, NLS ............. =   10
     Maximum allowable number of iterations ..... =   50
     Allowable convergence tolerance (EPS) ...... =   0.1000E-02
     Acceleration parameter:GAMA*GP2+(1-GAMA)*GP1 =   0.0000E+00

   INITIAL (GUESS) VECTOR:

     0.00000E+00  0.00000E+00  0.00000E+00  0.00000E+00  0.00000E+00  0.00000E+00  0.00000E+00  0.00000E+00  0.00000E+00  0.00000E+00  0.00000E+00  0.00000E+00  0.00000E+00  0.00000E+00  0.00000E+00

     First iteration solution at source value ... =  0.1000E+00

         0.00000E+00    0.00000E+00   -0.75000E-02    0.00000E+00
         0.91003E-01   -0.68555E-02    0.00000E+00    0.16699E+00
        -0.51562E-02    0.00000E+00    0.21698E+00   -0.27539E-02
         0.00000E+00    0.23437E+00    0.00000E+00

     Iteration Number =  1     Error=  0.1000E+01

         0.00000E+00    0.00000E+00   -0.75000E-02    0.00000E+00
         0.91003E-01   -0.68555E-02    0.00000E+00    0.16699E+00
        -0.51562E-02    0.00000E+00    0.21698E+00   -0.27539E-02
         0.00000E+00    0.23437E+00    0.00000E+00

     Iteration Number =  2     Error=  0.3045E+00

         0.14525E-02    0.00000E+00   -0.10758E-01    0.75654E-03
         0.13064E+00   -0.98502E-02    0.26124E-03    0.23995E+00
        -0.74278E-02    0.36953E-04    0.31203E+00   -0.39764E-02
         0.00000E+00    0.33715E+00    0.00000E+00

     Iteration Number =  3     Error=  0.1575E+00

         0.20912E-02    0.00000E+00   -0.12764E-01    0.10858E-02
         0.15505E+00   -0.11693E-01    0.37266E-03    0.28482E+00
        -0.88188E-02    0.51825E-04    0.37038E+00   -0.47205E-02
         0.00000E+00    0.40020E+00    0.00000E+00

     Iteration Number =  4     Error=  0.7236E-01

         0.23883E-02    0.00000E+00   -0.13758E-01    0.12366E-02
         0.16714E+00   -0.12604E-01    0.42235E-03    0.30703E+00
        -0.95075E-02    0.57970E-04    0.39927E+00   -0.50898E-02
         0.00000E+00    0.43142E+00    0.00000E+00

     Iteration Number =  5     Error=  0.3398E-01

         0.25206E-02    0.00000E+00   -0.14243E-01    0.13029E-02
         0.17303E+00   -0.13046E-01    0.44386E-03    0.31783E+00
        -0.98416E-02    0.60491E-04    0.41331E+00   -0.52695E-02
         0.00000E+00    0.44659E+00    0.00000E+00

     Iteration Number =  6     Error=  0.1637E-01

         0.25829E-02    0.00000E+00   -0.14483E-01    0.13339E-02
         0.17592E+00   -0.13262E-01    0.45382E-03    0.32312E+00
        -0.10005E-01    0.61628E-04    0.42019E+00   -0.53573E-02
         0.00000E+00    0.45402E+00    0.00000E+00

     Iteration Number =  7     Error=  0.8037E-02

         0.26133E-02    0.00000E+00   -0.14602E-01    0.13490E-02
         0.17736E+00   -0.13369E-01    0.45864E-03    0.32574E+00
        -0.10085E-01    0.62171E-04    0.42359E+00   -0.54007E-02
         0.00000E+00    0.45770E+00    0.00000E+00

     Iteration Number =  8     Error=  0.3985E-02

         0.26283E-02    0.00000E+00   -0.14662E-01    0.13564E-02
         0.17808E+00   -0.13422E-01    0.46101E-03    0.32705E+00
        -0.10125E-01    0.62438E-04    0.42529E+00   -0.54222E-02
         0.00000E+00    0.45953E+00    0.00000E+00

     Iteration Number =  9     Error=  0.1987E-02

         0.26358E-02    0.00000E+00   -0.14692E-01    0.13601E-02
         0.17843E+00   -0.13449E-01    0.46219E-03    0.32770E+00
        -0.10145E-01    0.62569E-04    0.42613E+00   -0.54329E-02
         0.00000E+00    0.46044E+00    0.00000E+00


   STEP NUMBER =  1   SOURCE VALUE =  0.1000E+00

     Number of iterations taken for convergence.. = 10
     The Euclidean norm of the solution error ... =  0.9931E-03
     The CONVERGED solution is:

         0.26396E-02    0.00000E+00   -0.14707E-01    0.13620E-02
         0.17862E+00   -0.13462E-01    0.46277E-03    0.32803E+00
        -0.10155E-01    0.62635E-04    0.42655E+00   -0.54383E-02
         0.00000E+00    0.46090E+00    0.00000E+00

     Iteration Number =  1     Error=  0.3262E+00

         0.59238E-02    0.00000E+00   -0.21734E-01    0.30975E-02
         0.26451E+00   -0.19975E-01    0.10737E-02    0.48649E+00
        -0.15112E-01    0.15253E-03    0.63319E+00   -0.81059E-02
         0.00000E+00    0.68437E+00    0.00000E+00

     Iteration Number =  2     Error=  0.1325E+00

         0.80885E-02    0.00000E+00   -0.24982E-01    0.42235E-02
         0.30440E+00   -0.23007E-01    0.14576E-02    0.56040E+00
        -0.17455E-01    0.20324E-03    0.72997E+00   -0.93851E-02
         0.00000E+00    0.78922E+00    0.00000E+00

     Iteration Number =  3     Error=  0.6138E-01

         0.90137E-02    0.00000E+00   -0.26600E-01    0.46978E-02
         0.32416E+00   -0.24497E-01    0.16165E-02    0.59690E+00
        -0.18608E-01    0.22307E-03    0.77773E+00   -0.10019E-01
         0.00000E+00    0.84096E+00    0.00000E+00

     Iteration Number =  4     Error=  0.2716E-01

         0.93868E-02    0.00000E+00   -0.27352E-01    0.48840E-02
         0.33323E+00   -0.25171E-01    0.16772E-02    0.61351E+00
        -0.19127E-01    0.23006E-03    0.79943E+00   -0.10307E-01
         0.00000E+00    0.86447E+00    0.00000E+00

     Iteration Number =  5     Error=  0.1261E-01

         0.95576E-02    0.00000E+00   -0.27716E-01    0.49679E-02
         0.33754E+00   -0.25485E-01    0.17043E-02    0.62134E+00
        -0.19367E-01    0.23312E-03    0.80962E+00   -0.10441E-01
         0.00000E+00    0.87551E+00    0.00000E+00

     Iteration Number =  6     Error=  0.6093E-02

         0.96411E-02    0.00000E+00   -0.27897E-01    0.50085E-02
         0.33966E+00   -0.25638E-01    0.17174E-02    0.62516E+00
        -0.19482E-01    0.23460E-03    0.81457E+00   -0.10506E-01
         0.00000E+00    0.88086E+00    0.00000E+00

     Iteration Number =  7     Error=  0.3005E-02

         0.96826E-02    0.00000E+00   -0.27989E-01    0.50285E-02
         0.34072E+00   -0.25713E-01    0.17238E-02    0.62705E+00
        -0.19538E-01    0.23533E-03    0.81701E+00   -0.10537E-01
         0.00000E+00    0.88350E+00    0.00000E+00

     Iteration Number =  8     Error=  0.1496E-02

         0.97033E-02    0.00000E+00   -0.28036E-01    0.50383E-02
         0.34126E+00   -0.25750E-01    0.17269E-02    0.62800E+00
        -0.19566E-01    0.23569E-03    0.81823E+00   -0.10553E-01
         0.00000E+00    0.88482E+00    0.00000E+00


   STEP NUMBER =  2   SOURCE VALUE =  0.2000E+00

     Number of iterations taken for convergence.. =  9
     The Euclidean norm of the solution error ... =  0.7476E-03
     The CONVERGED solution is:

         0.97137E-02    0.00000E+00   -0.28060E-01    0.50432E-02
         0.34153E+00   -0.25769E-01    0.17285E-02    0.62847E+00
        -0.19579E-01    0.23587E-03    0.81884E+00   -0.10560E-01
         0.00000E+00    0.88547E+00    0.00000E+00

     Iteration Number =  1     Error=  0.1829E+00

         0.15286E-01    0.00000E+00   -0.34056E-01    0.80484E-02
         0.41618E+00   -0.31516E-01    0.28083E-02    0.76801E+00
        -0.24084E-01    0.39738E-03    0.10024E+01   -0.13033E-01
         0.00000E+00    0.10847E+01    0.00000E+00

     Iteration Number =  2     Error=  0.8434E-01

         0.17968E-01    0.00000E+00   -0.37095E-01    0.94580E-02
         0.45380E+00   -0.34385E-01    0.32943E-02    0.83818E+00
        -0.26354E-01    0.46097E-03    0.10949E+01   -0.14301E-01
         0.00000E+00    0.11851E+01    0.00000E+00

     Iteration Number =  3     Error=  0.3414E-01

         0.18903E-01    0.00000E+00   -0.38424E-01    0.99257E-02
         0.46985E+00   -0.35573E-01    0.34484E-02    0.86766E+00
        -0.27286E-01    0.47871E-03    0.11336E+01   -0.14833E-01
         0.00000E+00    0.12271E+01    0.00000E+00

     Iteration Number =  4     Error=  0.1456E-01

         0.19281E-01    0.00000E+00   -0.39034E-01    0.10107E-01
         0.47697E+00   -0.36081E-01    0.35065E-02    0.88048E+00
        -0.27675E-01    0.48504E-03    0.11503E+01   -0.15059E-01
         0.00000E+00    0.12452E+01    0.00000E+00

     Iteration Number =  5     Error=  0.6763E-02

         0.19464E-01    0.00000E+00   -0.39335E-01    0.10193E-01
         0.48039E+00   -0.36316E-01    0.35341E-02    0.88650E+00
        -0.27852E-01    0.48814E-03    0.11580E+01   -0.15162E-01
         0.00000E+00    0.12536E+01    0.00000E+00

     Iteration Number =  6     Error=  0.3277E-02

         0.19554E-01    0.00000E+00   -0.39488E-01    0.10235E-01
         0.48208E+00   -0.36430E-01    0.35476E-02    0.88945E+00
        -0.27935E-01    0.48968E-03    0.11618E+01   -0.15211E-01
         0.00000E+00    0.12577E+01    0.00000E+00

     Iteration Number =  7     Error=  0.1616E-02

         0.19599E-01    0.00000E+00   -0.39566E-01    0.10255E-01
         0.48294E+00   -0.36485E-01    0.35541E-02    0.89091E+00
        -0.27975E-01    0.49043E-03    0.11637E+01   -0.15235E-01
         0.00000E+00    0.12597E+01    0.00000E+00


   STEP NUMBER =  3   SOURCE VALUE =  0.3000E+00

     Number of iterations taken for convergence.. =  8
     The Euclidean norm of the solution error ... =  0.8017E-03
     The CONVERGED solution is:

         0.19621E-01    0.00000E+00   -0.39607E-01    0.10265E-01
         0.48337E+00   -0.36513E-01    0.35573E-02    0.89164E+00
        -0.27994E-01    0.49080E-03    0.11646E+01   -0.15246E-01
         0.00000E+00    0.12607E+01    0.00000E+00

     Iteration Number =  1     Error=  0.1204E+00

         0.26483E-01    0.00000E+00   -0.44580E-01    0.14057E-01
         0.54669E+00   -0.41473E-01    0.49543E-02    0.10119E+01
        -0.32024E-01    0.70432E-03    0.13246E+01   -0.17517E-01
         0.00000E+00    0.14350E+01    0.00000E+00

     Iteration Number =  2     Error=  0.5989E-01

         0.29468E-01    0.00000E+00   -0.47308E-01    0.15637E-01
         0.58069E+00   -0.44067E-01    0.55062E-02    0.10756E+01
        -0.34122E-01    0.77706E-03    0.14091E+01   -0.18723E-01
         0.00000E+00    0.15270E+01    0.00000E+00

     Iteration Number =  3     Error=  0.2304E-01

         0.30395E-01    0.00000E+00   -0.48483E-01    0.16081E-01
         0.59462E+00   -0.45072E-01    0.56486E-02    0.11009E+01
        -0.34909E-01    0.79206E-03    0.14423E+01   -0.19188E-01
         0.00000E+00    0.15631E+01    0.00000E+00

     Iteration Number =  4     Error=  0.9727E-02

         0.30785E-01    0.00000E+00   -0.49033E-01    0.16259E-01
         0.60082E+00   -0.45494E-01    0.57043E-02    0.11118E+01
        -0.35224E-01    0.79784E-03    0.14563E+01   -0.19378E-01
         0.00000E+00    0.15783E+01    0.00000E+00

     Iteration Number =  5     Error=  0.4521E-02

         0.30976E-01    0.00000E+00   -0.49309E-01    0.16345E-01
         0.60383E+00   -0.45689E-01    0.57316E-02    0.11170E+01
        -0.35364E-01    0.80088E-03    0.14629E+01   -0.19464E-01
         0.00000E+00    0.15854E+01    0.00000E+00

     Iteration Number =  6     Error=  0.2183E-02

         0.31071E-01    0.00000E+00   -0.49451E-01    0.16387E-01
         0.60533E+00   -0.45783E-01    0.57447E-02    0.11195E+01
        -0.35428E-01    0.80237E-03    0.14660E+01   -0.19503E-01
         0.00000E+00    0.15888E+01    0.00000E+00

     Iteration Number =  7     Error=  0.1068E-02

         0.31117E-01    0.00000E+00   -0.49524E-01    0.16407E-01
         0.60608E+00   -0.45828E-01    0.57509E-02    0.11207E+01
        -0.35458E-01    0.80309E-03    0.14676E+01   -0.19522E-01
         0.00000E+00    0.15904E+01    0.00000E+00


   STEP NUMBER =  4   SOURCE VALUE =  0.4000E+00

     Number of iterations taken for convergence.. =  8
     The Euclidean norm of the solution error ... =  0.5240E-03
     The CONVERGED solution is:

         0.31140E-01    0.00000E+00   -0.49561E-01    0.16416E-01
         0.60646E+00   -0.45850E-01    0.57539E-02    0.11213E+01
        -0.35472E-01    0.80343E-03    0.14683E+01   -0.19531E-01
         0.00000E+00    0.15913E+01    0.00000E+00

     Iteration Number =  1     Error=  0.8659E-01

         0.38662E-01    0.00000E+00   -0.53694E-01    0.20670E-01
         0.66032E+00   -0.50137E-01    0.73615E-02    0.12252E+01
        -0.39084E-01    0.10550E-02    0.16082E+01   -0.21625E-01
         0.00000E+00    0.17442E+01    0.00000E+00

     Iteration Number =  2     Error=  0.4503E-01

         0.41789E-01    0.00000E+00   -0.56109E-01    0.22331E-01
         0.69057E+00   -0.52445E-01    0.79478E-02    0.12822E+01
        -0.40985E-01    0.11329E-02    0.16842E+01   -0.22750E-01
         0.00000E+00    0.18272E+01    0.00000E+00

     Iteration Number =  3     Error=  0.1744E-01

         0.42745E-01    0.00000E+00   -0.57194E-01    0.22774E-01
         0.70324E+00   -0.53340E-01    0.80861E-02    0.13050E+01
        -0.41678E-01    0.11465E-02    0.17139E+01   -0.23172E-01
         0.00000E+00    0.18596E+01    0.00000E+00

     Iteration Number =  4     Error=  0.7411E-02

         0.43159E-01    0.00000E+00   -0.57717E-01    0.22955E-01
         0.70900E+00   -0.53717E-01    0.81413E-02    0.13149E+01
        -0.41950E-01    0.11520E-02    0.17266E+01   -0.23342E-01
         0.00000E+00    0.18733E+01    0.00000E+00

     Iteration Number =  5     Error=  0.3441E-02

         0.43362E-01    0.00000E+00   -0.57983E-01    0.23042E-01
         0.71181E+00   -0.53891E-01    0.81682E-02    0.13196E+01
        -0.42068E-01    0.11550E-02    0.17324E+01   -0.23416E-01
         0.00000E+00    0.18796E+01    0.00000E+00

     Iteration Number =  6     Error=  0.1649E-02

         0.43461E-01    0.00000E+00   -0.58120E-01    0.23083E-01
         0.71320E+00   -0.53973E-01    0.81809E-02    0.13218E+01
        -0.42121E-01    0.11564E-02    0.17352E+01   -0.23450E-01
         0.00000E+00    0.18826E+01    0.00000E+00


   STEP NUMBER =  5   SOURCE VALUE =  0.5000E+00

     Number of iterations taken for convergence.. =  7
     The Euclidean norm of the solution error ... =  0.7973E-03
     The CONVERGED solution is:

         0.43509E-01    0.00000E+00   -0.58190E-01    0.23102E-01
         0.71390E+00   -0.54012E-01    0.81867E-02    0.13229E+01
        -0.42145E-01    0.11570E-02    0.17366E+01   -0.23466E-01
         0.00000E+00    0.18840E+01    0.00000E+00

     Iteration Number =  1     Error=  0.6648E-01

         0.51375E-01    0.00000E+00   -0.61705E-01    0.27642E-01
         0.76066E+00   -0.57781E-01    0.99424E-02    0.14144E+01
        -0.45423E-01    0.14381E-02    0.18610E+01   -0.25423E-01
         0.00000E+00    0.20206E+01    0.00000E+00

     Iteration Number =  2     Error=  0.3544E-01

         0.54558E-01    0.00000E+00   -0.63859E-01    0.29334E-01
         0.78773E+00   -0.59842E-01    0.10544E-01    0.14655E+01
        -0.47145E-01    0.15186E-02    0.19295E+01   -0.26471E-01
         0.00000E+00    0.20956E+01    0.00000E+00

     Iteration Number =  3     Error=  0.1408E-01

         0.55564E-01    0.00000E+00   -0.64879E-01    0.29789E-01
         0.79955E+00   -0.60662E-01    0.10684E-01    0.14865E+01
        -0.47772E-01    0.15317E-02    0.19569E+01   -0.26863E-01
         0.00000E+00    0.21254E+01    0.00000E+00

     Iteration Number =  4     Error=  0.6063E-02

         0.56006E-01    0.00000E+00   -0.65386E-01    0.29975E-01
         0.80504E+00   -0.61013E-01    0.10739E-01    0.14958E+01
        -0.48016E-01    0.15370E-02    0.19686E+01   -0.27018E-01
         0.00000E+00    0.21381E+01    0.00000E+00

     Iteration Number =  5     Error=  0.2811E-02

         0.56220E-01    0.00000E+00   -0.65646E-01    0.30063E-01
         0.80772E+00   -0.61173E-01    0.10766E-01    0.15002E+01
        -0.48119E-01    0.15398E-02    0.19741E+01   -0.27085E-01
         0.00000E+00    0.21440E+01    0.00000E+00

     Iteration Number =  6     Error=  0.1336E-02

         0.56323E-01    0.00000E+00   -0.65780E-01    0.30103E-01
         0.80906E+00   -0.61248E-01    0.10778E-01    0.15023E+01
        -0.48164E-01    0.15411E-02    0.19767E+01   -0.27115E-01
         0.00000E+00    0.21467E+01    0.00000E+00


   STEP NUMBER =  6   SOURCE VALUE =  0.6000E+00

     Number of iterations taken for convergence.. =  7
     The Euclidean norm of the solution error ... =  0.6379E-03
     The CONVERGED solution is:

         0.56371E-01    0.00000E+00   -0.65849E-01    0.30122E-01
         0.80972E+00   -0.61284E-01    0.10783E-01    0.15033E+01
        -0.48184E-01    0.15417E-02    0.19779E+01   -0.27129E-01
         0.00000E+00    0.21480E+01    0.00000E+00

     Iteration Number =  1     Error=  0.5311E-01

         0.64382E-01    0.00000E+00   -0.68874E-01    0.34830E-01
         0.85076E+00   -0.64627E-01    0.12643E-01    0.15846E+01
        -0.51180E-01    0.18458E-02    0.20895E+01   -0.28968E-01
         0.00000E+00    0.22711E+01    0.00000E+00

     Iteration Number =  2     Error=  0.2881E-01

         0.67575E-01    0.00000E+00   -0.70806E-01    0.36526E-01
         0.87515E+00   -0.66481E-01    0.13249E-01    0.16308E+01
        -0.52745E-01    0.19272E-02    0.21516E+01   -0.29946E-01
         0.00000E+00    0.23392E+01    0.00000E+00

     Iteration Number =  3     Error=  0.1182E-01

         0.68634E-01    0.00000E+00   -0.71771E-01    0.36999E-01
         0.88626E+00   -0.67244E-01    0.13392E-01    0.16505E+01
        -0.53322E-01    0.19404E-02    0.21772E+01   -0.30314E-01
         0.00000E+00    0.23670E+01    0.00000E+00

     Iteration Number =  4     Error=  0.5164E-02

         0.69102E-01    0.00000E+00   -0.72263E-01    0.37192E-01
         0.89154E+00   -0.67575E-01    0.13449E-01    0.16593E+01
        -0.53545E-01    0.19456E-02    0.21883E+01   -0.30459E-01
         0.00000E+00    0.23790E+01    0.00000E+00

     Iteration Number =  5     Error=  0.2393E-02

         0.69326E-01    0.00000E+00   -0.72518E-01    0.37281E-01
         0.89414E+00   -0.67727E-01    0.13475E-01    0.16634E+01
        -0.53638E-01    0.19482E-02    0.21934E+01   -0.30520E-01
         0.00000E+00    0.23845E+01    0.00000E+00

     Iteration Number =  6     Error=  0.1129E-02

         0.69432E-01    0.00000E+00   -0.72650E-01    0.37320E-01
         0.89543E+00   -0.67797E-01    0.13486E-01    0.16654E+01
        -0.53678E-01    0.19494E-02    0.21958E+01   -0.30547E-01
         0.00000E+00    0.23870E+01    0.00000E+00


   STEP NUMBER =  7   SOURCE VALUE =  0.7000E+00

     Number of iterations taken for convergence.. =  7
     The Euclidean norm of the solution error ... =  0.5329E-03
     The CONVERGED solution is:

         0.69481E-01    0.00000E+00   -0.72717E-01    0.37338E-01
         0.89606E+00   -0.67830E-01    0.13491E-01    0.16664E+01
        -0.53695E-01    0.19498E-02    0.21970E+01   -0.30558E-01
         0.00000E+00    0.23882E+01    0.00000E+00

     Iteration Number =  1     Error=  0.4384E-01

         0.77539E-01    0.00000E+00   -0.75362E-01    0.42148E-01
         0.93260E+00   -0.70832E-01    0.15427E-01    0.17396E+01
        -0.56457E-01    0.22729E-02    0.22984E+01   -0.32301E-01
         0.00000E+00    0.25005E+01    0.00000E+00

     Iteration Number =  2     Error=  0.2408E-01

         0.80721E-01    0.00000E+00   -0.77114E-01    0.43838E-01
         0.95480E+00   -0.72518E-01    0.16034E-01    0.17817E+01
        -0.57892E-01    0.23543E-02    0.23552E+01   -0.33219E-01
         0.00000E+00    0.25629E+01    0.00000E+00

     Iteration Number =  3     Error=  0.1018E-01

         0.81827E-01    0.00000E+00   -0.78029E-01    0.44328E-01
         0.96532E+00   -0.73235E-01    0.16181E-01    0.18002E+01
        -0.58427E-01    0.23675E-02    0.23793E+01   -0.33566E-01
         0.00000E+00    0.25890E+01    0.00000E+00

     Iteration Number =  4     Error=  0.4510E-02

         0.82319E-01    0.00000E+00   -0.78507E-01    0.44528E-01
         0.97041E+00   -0.73550E-01    0.16238E-01    0.18087E+01
        -0.58635E-01    0.23726E-02    0.23898E+01   -0.33703E-01
         0.00000E+00    0.26003E+01    0.00000E+00

     Iteration Number =  5     Error=  0.2090E-02

         0.82551E-01    0.00000E+00   -0.78757E-01    0.44617E-01
         0.97294E+00   -0.73695E-01    0.16264E-01    0.18127E+01
        -0.58720E-01    0.23749E-02    0.23947E+01   -0.33759E-01
         0.00000E+00    0.26055E+01    0.00000E+00


   STEP NUMBER =  8   SOURCE VALUE =  0.8000E+00

     Number of iterations taken for convergence.. =  6
     The Euclidean norm of the solution error ... =  0.9795E-03
     The CONVERGED solution is:

         0.82660E-01    0.00000E+00   -0.78886E-01    0.44655E-01
         0.97419E+00   -0.73761E-01    0.16275E-01    0.18146E+01
        -0.58755E-01    0.23760E-02    0.23970E+01   -0.33783E-01
         0.00000E+00    0.26079E+01    0.00000E+00

     Iteration Number =  1     Error=  0.3744E-01

         0.90754E-01    0.00000E+00   -0.81272E-01    0.49547E-01
         0.10075E+01   -0.76511E-01    0.18275E-01    0.18819E+01
        -0.61337E-01    0.27157E-02    0.24909E+01   -0.35453E-01
         0.00000E+00    0.27122E+01    0.00000E+00

     Iteration Number =  2     Error=  0.2068E-01

         0.93926E-01    0.00000E+00   -0.82892E-01    0.51227E-01
         0.10281E+01   -0.78064E-01    0.18879E-01    0.19208E+01
        -0.62664E-01    0.27963E-02    0.25436E+01   -0.36321E-01
         0.00000E+00    0.27701E+01    0.00000E+00

     Iteration Number =  3     Error=  0.8943E-02

         0.95072E-01    0.00000E+00   -0.83770E-01    0.51730E-01
         0.10381E+01   -0.78743E-01    0.19029E-01    0.19384E+01
        -0.63164E-01    0.28093E-02    0.25663E+01   -0.36650E-01
         0.00000E+00    0.27948E+01    0.00000E+00

     Iteration Number =  4     Error=  0.4005E-02

         0.95583E-01    0.00000E+00   -0.84236E-01    0.51934E-01
         0.10431E+01   -0.79045E-01    0.19086E-01    0.19465E+01
        -0.63358E-01    0.28141E-02    0.25765E+01   -0.36779E-01
         0.00000E+00    0.28056E+01    0.00000E+00

     Iteration Number =  5     Error=  0.1855E-02

         0.95821E-01    0.00000E+00   -0.84481E-01    0.52022E-01
         0.10455E+01   -0.79183E-01    0.19111E-01    0.19504E+01
        -0.63436E-01    0.28162E-02    0.25811E+01   -0.36831E-01
         0.00000E+00    0.28106E+01    0.00000E+00


   STEP NUMBER =  9   SOURCE VALUE =  0.9000E+00

     Number of iterations taken for convergence.. =  6
     The Euclidean norm of the solution error ... =  0.8637E-03
     The CONVERGED solution is:

         0.95931E-01    0.00000E+00   -0.84608E-01    0.52060E-01
         0.10467E+01   -0.79246E-01    0.19121E-01    0.19522E+01
        -0.63468E-01    0.28170E-02    0.25833E+01   -0.36852E-01
         0.00000E+00    0.28129E+01    0.00000E+00

     Iteration Number =  1     Error=  0.3233E-01

         0.10399E+00    0.00000E+00   -0.86750E-01    0.56986E-01
         0.10771E+01   -0.81765E-01    0.21166E-01    0.20141E+01
        -0.65881E-01    0.31702E-02    0.26702E+01   -0.38451E-01
         0.00000E+00    0.29096E+01    0.00000E+00

     Iteration Number =  2     Error=  0.1799E-01

         0.10714E+00    0.00000E+00   -0.88248E-01    0.58651E-01
         0.10962E+01   -0.83203E-01    0.21765E-01    0.20502E+01
        -0.67116E-01    0.32497E-02    0.27192E+01   -0.39274E-01
         0.00000E+00    0.29635E+01    0.00000E+00

     Iteration Number =  3     Error=  0.7960E-02

         0.10832E+00    0.00000E+00   -0.89086E-01    0.59168E-01
         0.11058E+01   -0.83848E-01    0.21918E-01    0.20670E+01
        -0.67587E-01    0.32627E-02    0.27408E+01   -0.39588E-01
         0.00000E+00    0.29870E+01    0.00000E+00

     Iteration Number =  4     Error=  0.3604E-02

         0.10884E+00    0.00000E+00   -0.89538E-01    0.59376E-01
         0.11105E+01   -0.84138E-01    0.21976E-01    0.20748E+01
        -0.67769E-01    0.32672E-02    0.27506E+01   -0.39709E-01
         0.00000E+00    0.29974E+01    0.00000E+00

     Iteration Number =  5     Error=  0.1670E-02

         0.10909E+00    0.00000E+00   -0.89778E-01    0.59465E-01
         0.11129E+01   -0.84271E-01    0.22000E-01    0.20785E+01
        -0.67842E-01    0.32690E-02    0.27550E+01   -0.39758E-01
         0.00000E+00    0.30021E+01    0.00000E+00


   STEP NUMBER = 10   SOURCE VALUE =  0.1000E+01

     Number of iterations taken for convergence.. =  6
     The Euclidean norm of the solution error ... =  0.7739E-03
     The CONVERGED solution is:

         0.10920E+00    0.00000E+00   -0.89902E-01    0.59501E-01
         0.11141E+01   -0.84332E-01    0.22009E-01    0.20802E+01
        -0.67871E-01    0.32696E-02    0.27571E+01   -0.39777E-01
         0.00000E+00    0.30043E+01    0.00000E+00
