     *** ECHO OF THE INPUT DATA STARTS ***

Example 5.2.1: Nonlinear analysis of a hinged-hinged beam problem               
  2   0   4                        MODEL,IEL,NEM                                
  0.0  50.0                        X0,AL                                        
  1  1  30.0E06  0.3               B,H,E,GNIU                                   
                                                                                
  0.0  0.0  0.0                    FX0,FX1,FX2                                  
  7.0  0.0  0.0                    QX0,QX1,QX2                                  
  3   0   0                        NSPV,NSSV,NSMB                               
  1   2   0.0                       ISPV(1,1),ISPV(1,2),VSPV(1)                 
  5   1   0.0                       ISPV(2,1),ISPV(2,2),VSPV(2)                 
  5   3   0.0                       ISPV(3,1),ISPV(3,2),VSPV(3)                 
                                                                                
  2   0                            NONLIN,NPRNT                                 
  10   50  1.0E-03  0.0             NLS, ITMAX, EPS, GAMA                       
  2   2                            NGP, LGP                                     
  0.1 0.1 0.1 0.1 0.1                                                           
  0.1 0.1 0.1 0.1 0.1              DP(I)                                        
                                                                                
  0.0 0.0 0.0 0.0 0.0 0.0 0.0 0.0                                               
  0.0 0.0 0.0 0.0 0.0 0.0 0.0      GP1(I)                                       

     **** ECHO OF THE INPUT DATA ENDS ****

________________________________________________________________________________
        Output from computer program  FEM1DBEAM              by J. N. Reddy
________________________________________________________________________________


Example 5.2.1: Nonlinear analysis of a hinged-hinged beam problem               

    *** ANALYSIS OF MODEL  2 PROBLEM ***
               (see the code below)

    MODEL=1: A problem described by MODEL EQ. 1
    MODEL=2: A Euler-Bernoulli BEAM problem
    MODEL=3: A Timoshenko BEAM problem


   P R O B L E M   D A T A:

     Coordinate of node 1 ....................... =   0.0000E+00
     Length of the beam ......................... =   0.5000E+02
     Width of cross-section for the beam, B ..... =   0.1000E+01
     Height of cross-section for the beam, H .... =   0.1000E+01
     Elastic modulus of the beam material, E .... =   0.3000E+08
     Axial stiffness for the beam, EA ........... =   0.3000E+08
     Bending stiffness for the beam, EI ......... =   0.2500E+07
     Coefficient of 1 in QX, QX0 ................ =   0.7000E+01
     Coefficient of x in QX, QX1 ................ =   0.0000E+00
     Coefficient of x*x in QX, QX2 .............. =   0.0000E+00
     Coefficient of 1 in FX, FX0 ................ =   0.0000E+00
     Coefficient of x in FX, FX1 ................ =   0.0000E+00
     Coefficient of x*x in FX, FX2 .............. =   0.0000E+00


   M E S H   D A T A:

     Number of elements in the mesh, NEM......... =    4
     Type of element(0:hermite;1:linear;2:quadratic;) .. =    0
     Number of nodes in the mesh, NNM ........... =    5
     Number of deg. of freedom per node, NDF..... =    3
     Number of total DOF in the model, NEQ....... =   15
     GLOBAL COORDINATES OF THE GLOBAL NODES ..... =

        0.0000E+00   0.1250E+02   0.2500E+02   0.3750E+02   0.5000E+02

          CONNECTIVITY MATRIX:

              1    2
              2    3
              3    4
              4    5

   B O U N D A R Y   D A T A:

     Number of specified PRIMARY variables ...... =    3
     Specified PRIMARY degrees of freedom ....... :

              1    2   0.0000E+00
              5    1   0.0000E+00
              5    3   0.0000E+00

     *** NONLINEAR Analysis with NEWTON ITERATION ***


   NONLINEAR  A N A L Y S I S   D A T A:

     Number of load steps used, NLS ............. =   10
     Maximum allowable number of iterations ..... =   50
     Allowable convergence tolerance (EPS) ...... =   0.1000E-02
     Acceleration parameter:GAMA*GP2+(1-GAMA)*GP1 =   0.0000E+00

   INITIAL (GUESS) VECTOR:

     0.00000E+00  0.00000E+00  0.00000E+00  0.00000E+00  0.00000E+00  0.00000E+00  0.00000E+00  0.00000E+00  0.00000E+00  0.00000E+00  0.00000E+00  0.00000E+00  0.00000E+00  0.00000E+00  0.00000E+00

     First iteration solution at source value ... =  0.1000E+00

         0.00000E+00    0.00000E+00   -0.58333E-02    0.00000E+00
         0.70780E-01   -0.53320E-02    0.00000E+00    0.12988E+00
        -0.40104E-02    0.00000E+00    0.16876E+00   -0.21419E-02
         0.00000E+00    0.18229E+00    0.00000E+00

     Iteration Number =  1     Error=  0.1000E+01

         0.00000E+00    0.00000E+00   -0.58333E-02    0.00000E+00
         0.70780E-01   -0.53320E-02    0.00000E+00    0.12988E+00
        -0.40104E-02    0.00000E+00    0.16876E+00   -0.21419E-02
         0.00000E+00    0.18229E+00    0.00000E+00

     Iteration Number =  2     Error=  0.3153E+00

         0.90289E-03    0.00000E+00   -0.85068E-02    0.46995E-03
         0.10327E+00   -0.77839E-02    0.16215E-03    0.18961E+00
        -0.58640E-02    0.22933E-04    0.24650E+00   -0.31365E-02
         0.00000E+00    0.26631E+00    0.00000E+00

     Iteration Number =  3     Error=  0.1521E+00

         0.12881E-02    0.00000E+00   -0.10030E-01    0.66794E-03
         0.12179E+00   -0.91804E-02    0.22889E-03    0.22362E+00
        -0.69168E-02    0.31775E-04    0.29071E+00   -0.36993E-02
         0.00000E+00    0.31408E+00    0.00000E+00

     Iteration Number =  4     Error=  0.7037E-01

         0.14644E-02    0.00000E+00   -0.10788E-01    0.75730E-03
         0.13101E+00   -0.98749E-02    0.25829E-03    0.24055E+00
        -0.74407E-02    0.35400E-04    0.31272E+00   -0.39798E-02
         0.00000E+00    0.33786E+00    0.00000E+00

     Iteration Number =  5     Error=  0.3343E-01

         0.15444E-02    0.00000E+00   -0.11162E-01    0.79743E-03
         0.13554E+00   -0.10216E-01    0.27128E-03    0.24887E+00
        -0.76979E-02    0.36925E-04    0.32353E+00   -0.41177E-02
         0.00000E+00    0.34954E+00    0.00000E+00

     Iteration Number =  6     Error=  0.1624E-01

         0.15824E-02    0.00000E+00   -0.11348E-01    0.81639E-03
         0.13778E+00   -0.10384E-01    0.27737E-03    0.25298E+00
        -0.78247E-02    0.37620E-04    0.32887E+00   -0.41857E-02
         0.00000E+00    0.35531E+00    0.00000E+00

     Iteration Number =  7     Error=  0.8003E-02

         0.16010E-02    0.00000E+00   -0.11440E-01    0.82562E-03
         0.13890E+00   -0.10468E-01    0.28033E-03    0.25502E+00
        -0.78875E-02    0.37954E-04    0.33152E+00   -0.42195E-02
         0.00000E+00    0.35817E+00    0.00000E+00

     Iteration Number =  8     Error=  0.3975E-02

         0.16102E-02    0.00000E+00   -0.11486E-01    0.83018E-03
         0.13946E+00   -0.10509E-01    0.28178E-03    0.25604E+00
        -0.79187E-02    0.38117E-04    0.33285E+00   -0.42363E-02
         0.00000E+00    0.35960E+00    0.00000E+00

     Iteration Number =  9     Error=  0.1983E-02

         0.16148E-02    0.00000E+00   -0.11510E-01    0.83245E-03
         0.13974E+00   -0.10530E-01    0.28251E-03    0.25655E+00
        -0.79343E-02    0.38198E-04    0.33351E+00   -0.42446E-02
         0.00000E+00    0.36031E+00    0.00000E+00


   STEP NUMBER =  1   SOURCE VALUE =  0.1000E+00

     Number of iterations taken for convergence.. = 10
     The Euclidean norm of the solution error ... =  0.9909E-03
     The CONVERGED solution is:

         0.16171E-02    0.00000E+00   -0.11521E-01    0.83358E-03
         0.13988E+00   -0.10540E-01    0.28287E-03    0.25680E+00
        -0.79421E-02    0.38239E-04    0.33384E+00   -0.42488E-02
         0.00000E+00    0.36067E+00    0.00000E+00

     Iteration Number =  1     Error=  0.3290E+00

         0.36560E-02    0.00000E+00   -0.17126E-01    0.19076E-02
         0.20819E+00   -0.15707E-01    0.65976E-03    0.38258E+00
        -0.11857E-01    0.93557E-04    0.49762E+00   -0.63495E-02
         0.00000E+00    0.53772E+00    0.00000E+00

     Iteration Number =  2     Error=  0.1361E+00

         0.50435E-02    0.00000E+00   -0.19786E-01    0.26249E-02
         0.24072E+00   -0.18173E-01    0.90266E-03    0.44265E+00
        -0.13744E-01    0.12551E-03    0.57605E+00   -0.73709E-02
         0.00000E+00    0.62260E+00    0.00000E+00

     Iteration Number =  3     Error=  0.6327E-01

         0.56439E-02    0.00000E+00   -0.21113E-01    0.29312E-02
         0.25690E+00   -0.19393E-01    0.10045E-02    0.47246E+00
        -0.14678E-01    0.13815E-03    0.61498E+00   -0.78792E-02
         0.00000E+00    0.66472E+00    0.00000E+00

     Iteration Number =  4     Error=  0.2887E-01

         0.58989E-02    0.00000E+00   -0.21745E-01    0.30590E-02
         0.26454E+00   -0.19964E-01    0.10461E-02    0.48648E+00
        -0.15115E-01    0.14297E-03    0.63326E+00   -0.81181E-02
         0.00000E+00    0.68451E+00    0.00000E+00

     Iteration Number =  5     Error=  0.1366E-01

         0.60174E-02    0.00000E+00   -0.22053E-01    0.31177E-02
         0.26823E+00   -0.20237E-01    0.10650E-02    0.49322E+00
        -0.15323E-01    0.14512E-03    0.64202E+00   -0.82322E-02
         0.00000E+00    0.69399E+00    0.00000E+00

     Iteration Number =  6     Error=  0.6656E-02

         0.60754E-02    0.00000E+00   -0.22206E-01    0.31462E-02
         0.27005E+00   -0.20371E-01    0.10742E-02    0.49652E+00
        -0.15424E-01    0.14616E-03    0.64632E+00   -0.82878E-02
         0.00000E+00    0.69864E+00    0.00000E+00

     Iteration Number =  7     Error=  0.3292E-02

         0.61041E-02    0.00000E+00   -0.22284E-01    0.31602E-02
         0.27096E+00   -0.20437E-01    0.10787E-02    0.49817E+00
        -0.15473E-01    0.14667E-03    0.64845E+00   -0.83152E-02
         0.00000E+00    0.70094E+00    0.00000E+00

     Iteration Number =  8     Error=  0.1641E-02

         0.61185E-02    0.00000E+00   -0.22323E-01    0.31672E-02
         0.27142E+00   -0.20470E-01    0.10809E-02    0.49899E+00
        -0.15498E-01    0.14692E-03    0.64951E+00   -0.83287E-02
         0.00000E+00    0.70209E+00    0.00000E+00


   STEP NUMBER =  2   SOURCE VALUE =  0.2000E+00

     Number of iterations taken for convergence.. =  9
     The Euclidean norm of the solution error ... =  0.8207E-03
     The CONVERGED solution is:

         0.61257E-02    0.00000E+00   -0.22343E-01    0.31706E-02
         0.27166E+00   -0.20486E-01    0.10820E-02    0.49940E+00
        -0.15510E-01    0.14704E-03    0.65004E+00   -0.83354E-02
         0.00000E+00    0.70266E+00    0.00000E+00

     Iteration Number =  1     Error=  0.1886E+00

         0.97799E-02    0.00000E+00   -0.27385E-01    0.51220E-02
         0.33385E+00   -0.25239E-01    0.17761E-02    0.61492E+00
        -0.19182E-01    0.25001E-03    0.80135E+00   -0.10331E-01
         0.00000E+00    0.86656E+00    0.00000E+00

     Iteration Number =  2     Error=  0.8623E-01

         0.11550E-01    0.00000E+00   -0.29911E-01    0.60424E-02
         0.36494E+00   -0.27603E-01    0.20891E-02    0.67262E+00
        -0.21022E-01    0.29037E-03    0.87705E+00   -0.11343E-01
         0.00000E+00    0.94863E+00    0.00000E+00

     Iteration Number =  3     Error=  0.3685E-01

         0.12227E-01    0.00000E+00   -0.31059E-01    0.63833E-02
         0.37887E+00   -0.28644E-01    0.22013E-02    0.69825E+00
        -0.21830E-01    0.30351E-03    0.91061E+00   -0.11794E-01
         0.00000E+00    0.98502E+00    0.00000E+00

     Iteration Number =  4     Error=  0.1638E-01

         0.12514E-01    0.00000E+00   -0.31597E-01    0.65241E-02
         0.38526E+00   -0.29110E-01    0.22468E-02    0.70987E+00
        -0.22188E-01    0.30860E-03    0.92575E+00   -0.11995E-01
         0.00000E+00    0.10014E+01    0.00000E+00

     Iteration Number =  5     Error=  0.7739E-02

         0.12652E-01    0.00000E+00   -0.31862E-01    0.65907E-02
         0.38835E+00   -0.29331E-01    0.22682E-02    0.71542E+00
        -0.22355E-01    0.31102E-03    0.93295E+00   -0.12090E-01
         0.00000E+00    0.10092E+01    0.00000E+00

     Iteration Number =  6     Error=  0.3777E-02

         0.12720E-01    0.00000E+00   -0.31997E-01    0.66233E-02
         0.38989E+00   -0.29438E-01    0.22787E-02    0.71814E+00
        -0.22435E-01    0.31221E-03    0.93647E+00   -0.12136E-01
         0.00000E+00    0.10130E+01    0.00000E+00

     Iteration Number =  7     Error=  0.1871E-02

         0.12754E-01    0.00000E+00   -0.32065E-01    0.66394E-02
         0.39066E+00   -0.29491E-01    0.22839E-02    0.71950E+00
        -0.22474E-01    0.31280E-03    0.93821E+00   -0.12158E-01
         0.00000E+00    0.10149E+01    0.00000E+00


   STEP NUMBER =  3   SOURCE VALUE =  0.3000E+00

     Number of iterations taken for convergence.. =  8
     The Euclidean norm of the solution error ... =  0.9328E-03
     The CONVERGED solution is:

         0.12771E-01    0.00000E+00   -0.32101E-01    0.66473E-02
         0.39105E+00   -0.29518E-01    0.22864E-02    0.72018E+00
        -0.22494E-01    0.31309E-03    0.93908E+00   -0.12169E-01
         0.00000E+00    0.10158E+01    0.00000E+00

     Iteration Number =  1     Error=  0.1268E+00

         0.17515E-01    0.00000E+00   -0.36493E-01    0.92259E-02
         0.44614E+00   -0.33783E-01    0.32204E-02    0.82367E+00
        -0.25875E-01    0.45374E-03    0.10757E+01   -0.14041E-01
         0.00000E+00    0.11643E+01    0.00000E+00

     Iteration Number =  2     Error=  0.6163E-01

         0.19550E-01    0.00000E+00   -0.38818E-01    0.10290E-01
         0.47491E+00   -0.35973E-01    0.35857E-02    0.87733E+00
        -0.27612E-01    0.50082E-03    0.11465E+01   -0.15016E-01
         0.00000E+00    0.12411E+01    0.00000E+00

     Iteration Number =  3     Error=  0.2512E-01

         0.20255E-01    0.00000E+00   -0.39845E-01    0.10638E-01
         0.48722E+00   -0.36878E-01    0.36985E-02    0.89985E+00
        -0.28319E-01    0.51331E-03    0.11760E+01   -0.15420E-01
         0.00000E+00    0.12732E+01    0.00000E+00

     Iteration Number =  4     Error=  0.1103E-01

         0.20562E-01    0.00000E+00   -0.40330E-01    0.10784E-01
         0.49284E+00   -0.37276E-01    0.37452E-02    0.90991E+00
        -0.28621E-01    0.51841E-03    0.11890E+01   -0.15596E-01
         0.00000E+00    0.12873E+01    0.00000E+00

     Iteration Number =  5     Error=  0.5214E-02

         0.20713E-01    0.00000E+00   -0.40573E-01    0.10854E-01
         0.49558E+00   -0.37463E-01    0.37678E-02    0.91472E+00
        -0.28760E-01    0.52095E-03    0.11952E+01   -0.15677E-01
         0.00000E+00    0.12940E+01    0.00000E+00

     Iteration Number =  6     Error=  0.2544E-02

         0.20787E-01    0.00000E+00   -0.40697E-01    0.10889E-01
         0.49695E+00   -0.37554E-01    0.37788E-02    0.91709E+00
        -0.28826E-01    0.52221E-03    0.11983E+01   -0.15716E-01
         0.00000E+00    0.12973E+01    0.00000E+00

     Iteration Number =  7     Error=  0.1257E-02

         0.20824E-01    0.00000E+00   -0.40761E-01    0.10905E-01
         0.49765E+00   -0.37599E-01    0.37841E-02    0.91826E+00
        -0.28857E-01    0.52282E-03    0.11997E+01   -0.15734E-01
         0.00000E+00    0.12989E+01    0.00000E+00


   STEP NUMBER =  4   SOURCE VALUE =  0.4000E+00

     Number of iterations taken for convergence.. =  8
     The Euclidean norm of the solution error ... =  0.6239E-03
     The CONVERGED solution is:

         0.20843E-01    0.00000E+00   -0.40794E-01    0.10914E-01
         0.49800E+00   -0.37621E-01    0.37867E-02    0.91885E+00
        -0.28872E-01    0.52312E-03    0.12005E+01   -0.15743E-01
         0.00000E+00    0.12997E+01    0.00000E+00

     Iteration Number =  1     Error=  0.9230E-01

         0.26256E-01    0.00000E+00   -0.44581E-01    0.13912E-01
         0.54634E+00   -0.41414E-01    0.48947E-02    0.10108E+01
        -0.31967E-01    0.69291E-03    0.13230E+01   -0.17493E-01
         0.00000E+00    0.14332E+01    0.00000E+00

     Iteration Number =  2     Error=  0.4674E-01

         0.28451E-01    0.00000E+00   -0.46687E-01    0.15065E-01
         0.57252E+00   -0.43410E-01    0.52942E-02    0.10599E+01
        -0.33576E-01    0.74466E-03    0.13880E+01   -0.18417E-01
         0.00000E+00    0.15040E+01    0.00000E+00

     Iteration Number =  3     Error=  0.1887E-01

         0.29185E-01    0.00000E+00   -0.47632E-01    0.15418E-01
         0.58373E+00   -0.44219E-01    0.54069E-02    0.10802E+01
        -0.34207E-01    0.75662E-03    0.14146E+01   -0.18787E-01
         0.00000E+00    0.15329E+01    0.00000E+00

     Iteration Number =  4     Error=  0.8288E-02

         0.29512E-01    0.00000E+00   -0.48087E-01    0.15569E-01
         0.58889E+00   -0.44573E-01    0.54546E-02    0.10893E+01
        -0.34472E-01    0.76171E-03    0.14263E+01   -0.18945E-01
         0.00000E+00    0.15456E+01    0.00000E+00

     Iteration Number =  5     Error=  0.3917E-02

         0.29673E-01    0.00000E+00   -0.48318E-01    0.15642E-01
         0.59143E+00   -0.44739E-01    0.54777E-02    0.10937E+01
        -0.34591E-01    0.76431E-03    0.14319E+01   -0.19017E-01
         0.00000E+00    0.15516E+01    0.00000E+00

     Iteration Number =  6     Error=  0.1905E-02

         0.29752E-01    0.00000E+00   -0.48438E-01    0.15677E-01
         0.59270E+00   -0.44819E-01    0.54888E-02    0.10958E+01
        -0.34647E-01    0.76557E-03    0.14346E+01   -0.19051E-01
         0.00000E+00    0.15545E+01    0.00000E+00


   STEP NUMBER =  5   SOURCE VALUE =  0.5000E+00

     Number of iterations taken for convergence.. =  7
     The Euclidean norm of the solution error ... =  0.9359E-03
     The CONVERGED solution is:

         0.29791E-01    0.00000E+00   -0.48499E-01    0.15694E-01
         0.59334E+00   -0.44858E-01    0.54941E-02    0.10968E+01
        -0.34673E-01    0.76618E-03    0.14359E+01   -0.19067E-01
         0.00000E+00    0.15559E+01    0.00000E+00

     Iteration Number =  1     Error=  0.7135E-01

         0.35616E-01    0.00000E+00   -0.51799E-01    0.18978E-01
         0.63619E+00   -0.48260E-01    0.67314E-02    0.11793E+01
        -0.37525E-01    0.95921E-03    0.15467E+01   -0.20715E-01
         0.00000E+00    0.16771E+01    0.00000E+00

     Iteration Number =  2     Error=  0.3704E-01

         0.37907E-01    0.00000E+00   -0.53710E-01    0.20184E-01
         0.66003E+00   -0.50075E-01    0.71523E-02    0.12241E+01
        -0.39010E-01    0.10140E-02    0.16063E+01   -0.21588E-01
         0.00000E+00    0.17421E+01    0.00000E+00

     Iteration Number =  3     Error=  0.1510E-01

         0.38675E-01    0.00000E+00   -0.54598E-01    0.20545E-01
         0.67045E+00   -0.50816E-01    0.72664E-02    0.12429E+01
        -0.39584E-01    0.10258E-02    0.16309E+01   -0.21933E-01
         0.00000E+00    0.17688E+01    0.00000E+00

     Iteration Number =  4     Error=  0.6673E-02

         0.39023E-01    0.00000E+00   -0.55036E-01    0.20701E-01
         0.67532E+00   -0.51141E-01    0.73150E-02    0.12513E+01
        -0.39821E-01    0.10309E-02    0.16417E+01   -0.22078E-01
         0.00000E+00    0.17805E+01    0.00000E+00

     Iteration Number =  5     Error=  0.3152E-02

         0.39193E-01    0.00000E+00   -0.55260E-01    0.20776E-01
         0.67773E+00   -0.51294E-01    0.73384E-02    0.12554E+01
        -0.39927E-01    0.10335E-02    0.16468E+01   -0.22143E-01
         0.00000E+00    0.17861E+01    0.00000E+00

     Iteration Number =  6     Error=  0.1526E-02

         0.39277E-01    0.00000E+00   -0.55377E-01    0.20811E-01
         0.67894E+00   -0.51367E-01    0.73494E-02    0.12574E+01
        -0.39975E-01    0.10347E-02    0.16493E+01   -0.22174E-01
         0.00000E+00    0.17887E+01    0.00000E+00


   STEP NUMBER =  6   SOURCE VALUE =  0.6000E+00

     Number of iterations taken for convergence.. =  7
     The Euclidean norm of the solution error ... =  0.7435E-03
     The CONVERGED solution is:

         0.39317E-01    0.00000E+00   -0.55437E-01    0.20828E-01
         0.67955E+00   -0.51402E-01    0.73545E-02    0.12583E+01
        -0.39998E-01    0.10353E-02    0.16505E+01   -0.22188E-01
         0.00000E+00    0.17900E+01    0.00000E+00

     Iteration Number =  1     Error=  0.5716E-01

         0.45371E-01    0.00000E+00   -0.58324E-01    0.24299E-01
         0.71767E+00   -0.54461E-01    0.86866E-02    0.13326E+01
        -0.42631E-01    0.12469E-02    0.17511E+01   -0.23745E-01
         0.00000E+00    0.19003E+01    0.00000E+00

     Iteration Number =  2     Error=  0.3023E-01

         0.47711E-01    0.00000E+00   -0.60059E-01    0.25531E-01
         0.73940E+00   -0.56114E-01    0.91194E-02    0.13735E+01
        -0.43999E-01    0.13036E-02    0.18058E+01   -0.24567E-01
         0.00000E+00    0.19601E+01    0.00000E+00

     Iteration Number =  3     Error=  0.1257E-01

         0.48516E-01    0.00000E+00   -0.60899E-01    0.25904E-01
         0.74919E+00   -0.56802E-01    0.92361E-02    0.13910E+01
        -0.44529E-01    0.13153E-02    0.18286E+01   -0.24891E-01
         0.00000E+00    0.19850E+01    0.00000E+00

     Iteration Number =  4     Error=  0.5605E-02

         0.48883E-01    0.00000E+00   -0.61322E-01    0.26065E-01
         0.75385E+00   -0.57106E-01    0.92857E-02    0.13990E+01
        -0.44746E-01    0.13205E-02    0.18388E+01   -0.25027E-01
         0.00000E+00    0.19960E+01    0.00000E+00

     Iteration Number =  5     Error=  0.2646E-02

         0.49061E-01    0.00000E+00   -0.61542E-01    0.26141E-01
         0.75616E+00   -0.57249E-01    0.93091E-02    0.14029E+01
        -0.44841E-01    0.13230E-02    0.18436E+01   -0.25087E-01
         0.00000E+00    0.20011E+01    0.00000E+00

     Iteration Number =  6     Error=  0.1274E-02

         0.49148E-01    0.00000E+00   -0.61656E-01    0.26176E-01
         0.75732E+00   -0.57316E-01    0.93199E-02    0.14047E+01
        -0.44884E-01    0.13242E-02    0.18459E+01   -0.25115E-01
         0.00000E+00    0.20036E+01    0.00000E+00


   STEP NUMBER =  7   SOURCE VALUE =  0.7000E+00

     Number of iterations taken for convergence.. =  7
     The Euclidean norm of the solution error ... =  0.6158E-03
     The CONVERGED solution is:

         0.49189E-01    0.00000E+00   -0.61714E-01    0.26193E-01
         0.75790E+00   -0.57349E-01    0.93248E-02    0.14056E+01
        -0.44903E-01    0.13248E-02    0.18470E+01   -0.25127E-01
         0.00000E+00    0.20048E+01    0.00000E+00

     Iteration Number =  1     Error=  0.4721E-01

         0.55370E-01    0.00000E+00   -0.64268E-01    0.29790E-01
         0.79216E+00   -0.60123E-01    0.10729E-01    0.14730E+01
        -0.47350E-01    0.15518E-02    0.19391E+01   -0.26606E-01
         0.00000E+00    0.21061E+01    0.00000E+00

     Iteration Number =  2     Error=  0.2531E-01

         0.57734E-01    0.00000E+00   -0.65854E-01    0.31035E-01
         0.81209E+00   -0.61638E-01    0.11169E-01    0.15107E+01
        -0.48616E-01    0.16095E-02    0.19896E+01   -0.27383E-01
         0.00000E+00    0.21613E+01    0.00000E+00

     Iteration Number =  3     Error=  0.1075E-01

         0.58573E-01    0.00000E+00   -0.66653E-01    0.31419E-01
         0.82136E+00   -0.62283E-01    0.11288E-01    0.15272E+01
        -0.49108E-01    0.16214E-02    0.20111E+01   -0.27691E-01
         0.00000E+00    0.21847E+01    0.00000E+00

     Iteration Number =  4     Error=  0.4842E-02

         0.58957E-01    0.00000E+00   -0.67064E-01    0.31585E-01
         0.82584E+00   -0.62571E-01    0.11339E-01    0.15348E+01
        -0.49310E-01    0.16265E-02    0.20207E+01   -0.27819E-01
         0.00000E+00    0.21951E+01    0.00000E+00

     Iteration Number =  5     Error=  0.2286E-02

         0.59143E-01    0.00000E+00   -0.67278E-01    0.31662E-01
         0.82807E+00   -0.62706E-01    0.11362E-01    0.15384E+01
        -0.49397E-01    0.16290E-02    0.20253E+01   -0.27875E-01
         0.00000E+00    0.22000E+01    0.00000E+00

     Iteration Number =  6     Error=  0.1095E-02

         0.59232E-01    0.00000E+00   -0.67390E-01    0.31697E-01
         0.82919E+00   -0.62769E-01    0.11372E-01    0.15402E+01
        -0.49435E-01    0.16301E-02    0.20274E+01   -0.27900E-01
         0.00000E+00    0.22023E+01    0.00000E+00


   STEP NUMBER =  8   SOURCE VALUE =  0.8000E+00

     Number of iterations taken for convergence.. =  7
     The Euclidean norm of the solution error ... =  0.5248E-03
     The CONVERGED solution is:

         0.59274E-01    0.00000E+00   -0.67447E-01    0.31713E-01
         0.82974E+00   -0.62799E-01    0.11377E-01    0.15410E+01
        -0.49452E-01    0.16306E-02    0.20285E+01   -0.27911E-01
         0.00000E+00    0.22034E+01    0.00000E+00

     Iteration Number =  1     Error=  0.3994E-01

         0.65518E-01    0.00000E+00   -0.69729E-01    0.35396E-01
         0.86082E+00   -0.65336E-01    0.12838E-01    0.16028E+01
        -0.51739E-01    0.18707E-02    0.21134E+01   -0.29323E-01
         0.00000E+00    0.22971E+01    0.00000E+00

     Iteration Number =  2     Error=  0.2163E-01

         0.67892E-01    0.00000E+00   -0.71190E-01    0.36646E-01
         0.87924E+00   -0.66734E-01    0.13280E-01    0.16376E+01
        -0.52917E-01    0.19288E-02    0.21602E+01   -0.30060E-01
         0.00000E+00    0.23485E+01    0.00000E+00

     Iteration Number =  3     Error=  0.9386E-02

         0.68762E-01    0.00000E+00   -0.71952E-01    0.37042E-01
         0.88804E+00   -0.67342E-01    0.13403E-01    0.16532E+01
        -0.53378E-01    0.19409E-02    0.21805E+01   -0.30353E-01
         0.00000E+00    0.23706E+01    0.00000E+00

     Iteration Number =  4     Error=  0.4267E-02

         0.69161E-01    0.00000E+00   -0.72351E-01    0.37211E-01
         0.89237E+00   -0.67617E-01    0.13454E-01    0.16605E+01
        -0.53566E-01    0.19460E-02    0.21897E+01   -0.30474E-01
         0.00000E+00    0.23805E+01    0.00000E+00

     Iteration Number =  5     Error=  0.2014E-02

         0.69353E-01    0.00000E+00   -0.72561E-01    0.37289E-01
         0.89453E+00   -0.67745E-01    0.13477E-01    0.16640E+01
        -0.53646E-01    0.19484E-02    0.21941E+01   -0.30527E-01
         0.00000E+00    0.23851E+01    0.00000E+00


   STEP NUMBER =  9   SOURCE VALUE =  0.9000E+00

     Number of iterations taken for convergence.. =  6
     The Euclidean norm of the solution error ... =  0.9600E-03
     The CONVERGED solution is:

         0.69444E-01    0.00000E+00   -0.72671E-01    0.37324E-01
         0.89561E+00   -0.67805E-01    0.13487E-01    0.16657E+01
        -0.53681E-01    0.19494E-02    0.21961E+01   -0.30549E-01
         0.00000E+00    0.23873E+01    0.00000E+00

     Iteration Number =  1     Error=  0.3475E-01

         0.75745E-01    0.00000E+00   -0.74762E-01    0.41080E-01
         0.92438E+00   -0.70161E-01    0.14998E-01    0.17232E+01
        -0.55842E-01    0.22013E-02    0.22757E+01   -0.31913E-01
         0.00000E+00    0.24754E+01    0.00000E+00

     Iteration Number =  2     Error=  0.1891E-01

         0.78128E-01    0.00000E+00   -0.76131E-01    0.42332E-01
         0.94164E+00   -0.71466E-01    0.15442E-01    0.17558E+01
        -0.56947E-01    0.22596E-02    0.23197E+01   -0.32617E-01
         0.00000E+00    0.25236E+01    0.00000E+00

     Iteration Number =  3     Error=  0.8343E-02

         0.79026E-01    0.00000E+00   -0.76865E-01    0.42737E-01
         0.95009E+00   -0.72045E-01    0.15567E-01    0.17707E+01
        -0.57381E-01    0.22717E-02    0.23390E+01   -0.32897E-01
         0.00000E+00    0.25446E+01    0.00000E+00

     Iteration Number =  4     Error=  0.3819E-02

         0.79438E-01    0.00000E+00   -0.77256E-01    0.42910E-01
         0.95429E+00   -0.72308E-01    0.15618E-01    0.17778E+01
        -0.57557E-01    0.22766E-02    0.23479E+01   -0.33012E-01
         0.00000E+00    0.25541E+01    0.00000E+00

     Iteration Number =  5     Error=  0.1801E-02

         0.79634E-01    0.00000E+00   -0.77462E-01    0.42987E-01
         0.95639E+00   -0.72431E-01    0.15640E-01    0.17811E+01
        -0.57632E-01    0.22789E-02    0.23520E+01   -0.33060E-01
         0.00000E+00    0.25586E+01    0.00000E+00


   STEP NUMBER = 10   SOURCE VALUE =  0.1000E+01

     Number of iterations taken for convergence.. =  6
     The Euclidean norm of the solution error ... =  0.8539E-03
     The CONVERGED solution is:

         0.79727E-01    0.00000E+00   -0.77569E-01    0.43021E-01
         0.95745E+00   -0.72488E-01    0.15650E-01    0.17827E+01
        -0.57663E-01    0.22798E-02    0.23539E+01   -0.33081E-01
         0.00000E+00    0.25606E+01    0.00000E+00
