     *** ECHO OF THE INPUT DATA STARTS ***

Example 5.2.1: Nonlinear analysis of a hinged-hinged beam problem               
  2   0   4                        MODEL,IEL,NEM                                
  0.0  50.0                        X0,AL                                        
  1  1  30.0E06  0.3               B,H,E,GNIU                                   
                                                                                
  0.0  0.0  0.0                    FX0,FX1,FX2                                  
  10.0  0.0  0.0                    QX0,QX1,QX2                                 
  3   0   0                        NSPV,NSSV,NSMB                               
  1   2   0.0                       ISPV(1,1),ISPV(1,2),VSPV(1)                 
  5   1   0.0                       ISPV(2,1),ISPV(2,2),VSPV(2)                 
  5   3   0.0                       ISPV(3,1),ISPV(3,2),VSPV(3)                 
                                                                                
  2   0                            NONLIN,NPRNT                                 
  10   50  1.0E-03  0.0             NLS, ITMAX, EPS, GAMA                       
  2   2                            NGP, LGP                                     
  0.1 0.1 0.1 0.1 0.1                                                           
  0.1 0.1 0.1 0.1 0.1              DP(I)                                        
                                                                                
  0.0 0.0 0.0 0.0 0.0 0.0 0.0 0.0                                               
  0.0 0.0 0.0 0.0 0.0 0.0 0.0      GP1(I)                                       

     **** ECHO OF THE INPUT DATA ENDS ****

________________________________________________________________________________
        Output from computer program  FEM1DBEAM              by J. N. Reddy
________________________________________________________________________________


Example 5.2.1: Nonlinear analysis of a hinged-hinged beam problem               

    *** ANALYSIS OF MODEL  2 PROBLEM ***
               (see the code below)

    MODEL=1: A problem described by MODEL EQ. 1
    MODEL=2: A Euler-Bernoulli BEAM problem
    MODEL=3: A Timoshenko BEAM problem


   P R O B L E M   D A T A:

     Coordinate of node 1 ....................... =   0.0000E+00
     Length of the beam ......................... =   0.5000E+02
     Width of cross-section for the beam, B ..... =   0.1000E+01
     Height of cross-section for the beam, H .... =   0.1000E+01
     Elastic modulus of the beam material, E .... =   0.3000E+08
     Axial stiffness for the beam, EA ........... =   0.3000E+08
     Bending stiffness for the beam, EI ......... =   0.2500E+07
     Coefficient of 1 in QX, QX0 ................ =   0.1000E+02
     Coefficient of x in QX, QX1 ................ =   0.0000E+00
     Coefficient of x*x in QX, QX2 .............. =   0.0000E+00
     Coefficient of 1 in FX, FX0 ................ =   0.0000E+00
     Coefficient of x in FX, FX1 ................ =   0.0000E+00
     Coefficient of x*x in FX, FX2 .............. =   0.0000E+00


   M E S H   D A T A:

     Number of elements in the mesh, NEM......... =    4
     Type of element(0:hermite;1:linear;2:quadratic;) .. =    0
     Number of nodes in the mesh, NNM ........... =    5
     Number of deg. of freedom per node, NDF..... =    3
     Number of total DOF in the model, NEQ....... =   15
     GLOBAL COORDINATES OF THE GLOBAL NODES ..... =

        0.0000E+00   0.1250E+02   0.2500E+02   0.3750E+02   0.5000E+02

          CONNECTIVITY MATRIX:

              1    2
              2    3
              3    4
              4    5

   B O U N D A R Y   D A T A:

     Number of specified PRIMARY variables ...... =    3
     Specified PRIMARY degrees of freedom ....... :

              1    2   0.0000E+00
              5    1   0.0000E+00
              5    3   0.0000E+00

     *** NONLINEAR Analysis with NEWTON ITERATION ***


   NONLINEAR  A N A L Y S I S   D A T A:

     Number of load steps used, NLS ............. =   10
     Maximum allowable number of iterations ..... =   50
     Allowable convergence tolerance (EPS) ...... =   0.1000E-02
     Acceleration parameter:GAMA*GP2+(1-GAMA)*GP1 =   0.0000E+00

   INITIAL (GUESS) VECTOR:

     0.00000E+00  0.00000E+00  0.00000E+00  0.00000E+00  0.00000E+00  0.00000E+00  0.00000E+00  0.00000E+00  0.00000E+00  0.00000E+00  0.00000E+00  0.00000E+00  0.00000E+00  0.00000E+00  0.00000E+00

     First iteration solution at source value ... =  0.1000E+00

         0.00000E+00    0.00000E+00   -0.83333E-02    0.00000E+00
         0.10111E+00   -0.76172E-02    0.00000E+00    0.18555E+00
        -0.57292E-02    0.00000E+00    0.24109E+00   -0.30599E-02
         0.00000E+00    0.26042E+00    0.00000E+00

     Iteration Number =  1     Error=  0.1000E+01

         0.00000E+00    0.00000E+00   -0.83333E-02    0.00000E+00
         0.10111E+00   -0.76172E-02    0.00000E+00    0.18555E+00
        -0.57292E-02    0.00000E+00    0.24109E+00   -0.30599E-02
         0.00000E+00    0.26042E+00    0.00000E+00

     Iteration Number =  2     Error=  0.2985E+00

         0.17661E-02    0.00000E+00   -0.11844E-01    0.92023E-03
         0.14385E+00   -0.10848E-01    0.31791E-03    0.26427E+00
        -0.81849E-02    0.44972E-04    0.34371E+00   -0.43839E-02
         0.00000E+00    0.37141E+00    0.00000E+00

     Iteration Number =  3     Error=  0.1606E+00

         0.25560E-02    0.00000E+00   -0.14102E-01    0.13281E-02
         0.17135E+00   -0.12924E-01    0.45622E-03    0.31482E+00
        -0.97534E-02    0.63509E-04    0.40946E+00   -0.52233E-02
         0.00000E+00    0.44246E+00    0.00000E+00

     Iteration Number =  4     Error=  0.7340E-01

         0.29261E-02    0.00000E+00   -0.15216E-01    0.15161E-02
         0.18491E+00   -0.13947E-01    0.51824E-03    0.33975E+00
        -0.10527E-01    0.71191E-04    0.44190E+00   -0.56387E-02
         0.00000E+00    0.47751E+00    0.00000E+00

     Iteration Number =  5     Error=  0.3425E-01

         0.30892E-02    0.00000E+00   -0.15758E-01    0.15979E-02
         0.19148E+00   -0.14440E-01    0.54477E-03    0.35180E+00
        -0.10900E-01    0.74298E-04    0.45757E+00   -0.58395E-02
         0.00000E+00    0.49445E+00    0.00000E+00

     Iteration Number =  6     Error=  0.1642E-01

         0.31656E-02    0.00000E+00   -0.16024E-01    0.16359E-02
         0.19469E+00   -0.14680E-01    0.55698E-03    0.35767E+00
        -0.11081E-01    0.75689E-04    0.46521E+00   -0.59372E-02
         0.00000E+00    0.50270E+00    0.00000E+00

     Iteration Number =  7     Error=  0.8042E-02

         0.32028E-02    0.00000E+00   -0.16157E-01    0.16543E-02
         0.19629E+00   -0.14798E-01    0.56287E-03    0.36058E+00
        -0.11170E-01    0.76353E-04    0.46897E+00   -0.59853E-02
         0.00000E+00    0.50677E+00    0.00000E+00

     Iteration Number =  8     Error=  0.3984E-02

         0.32213E-02    0.00000E+00   -0.16223E-01    0.16634E-02
         0.19708E+00   -0.14857E-01    0.56577E-03    0.36202E+00
        -0.11214E-01    0.76679E-04    0.47085E+00   -0.60091E-02
         0.00000E+00    0.50879E+00    0.00000E+00

     Iteration Number =  9     Error=  0.1986E-02

         0.32305E-02    0.00000E+00   -0.16257E-01    0.16679E-02
         0.19748E+00   -0.14886E-01    0.56720E-03    0.36274E+00
        -0.11236E-01    0.76840E-04    0.47178E+00   -0.60210E-02
         0.00000E+00    0.50980E+00    0.00000E+00


   STEP NUMBER =  1   SOURCE VALUE =  0.1000E+00

     Number of iterations taken for convergence.. = 10
     The Euclidean norm of the solution error ... =  0.9925E-03
     The CONVERGED solution is:

         0.32350E-02    0.00000E+00   -0.16274E-01    0.16701E-02
         0.19768E+00   -0.14900E-01    0.56792E-03    0.36311E+00
        -0.11247E-01    0.76920E-04    0.47225E+00   -0.60269E-02
         0.00000E+00    0.51031E+00    0.00000E+00

     Iteration Number =  1     Error=  0.3246E+00

         0.72299E-02    0.00000E+00   -0.23970E-01    0.37851E-02
         0.29191E+00   -0.22055E-01    0.13138E-02    0.53715E+00
        -0.16707E-01    0.18683E-03    0.69938E+00   -0.89702E-02
         0.00000E+00    0.75602E+00    0.00000E+00

     Iteration Number =  2     Error=  0.1306E+00

         0.98189E-02    0.00000E+00   -0.27480E-01    0.51364E-02
         0.33511E+00   -0.25344E-01    0.17762E-02    0.61734E+00
        -0.19263E-01    0.24806E-03    0.80454E+00   -0.10372E-01
         0.00000E+00    0.87001E+00    0.00000E+00

     Iteration Number =  3     Error=  0.6037E-01

         0.10918E-01    0.00000E+00   -0.29227E-01    0.57008E-02
         0.35646E+00   -0.26953E-01    0.19660E-02    0.65681E+00
        -0.20514E-01    0.27184E-03    0.85626E+00   -0.11064E-01
         0.00000E+00    0.92608E+00    0.00000E+00

     Iteration Number =  4     Error=  0.2627E-01

         0.11349E-01    0.00000E+00   -0.30029E-01    0.59153E-02
         0.36611E+00   -0.27667E-01    0.20360E-02    0.67447E+00
        -0.21066E-01    0.27984E-03    0.87935E+00   -0.11372E-01
         0.00000E+00    0.95111E+00    0.00000E+00

     Iteration Number =  5     Error=  0.1208E-01

         0.11545E-01    0.00000E+00   -0.30415E-01    0.60110E-02
         0.37067E+00   -0.27997E-01    0.20669E-02    0.68272E+00
        -0.21318E-01    0.28332E-03    0.89008E+00   -0.11515E-01
         0.00000E+00    0.96273E+00    0.00000E+00

     Iteration Number =  6     Error=  0.5816E-02

         0.11640E-01    0.00000E+00   -0.30608E-01    0.60573E-02
         0.37290E+00   -0.28156E-01    0.20818E-02    0.68672E+00
        -0.21438E-01    0.28501E-03    0.89527E+00   -0.11583E-01
         0.00000E+00    0.96834E+00    0.00000E+00

     Iteration Number =  7     Error=  0.2863E-02

         0.11688E-01    0.00000E+00   -0.30706E-01    0.60800E-02
         0.37403E+00   -0.28234E-01    0.20891E-02    0.68871E+00
        -0.21496E-01    0.28584E-03    0.89782E+00   -0.11616E-01
         0.00000E+00    0.97111E+00    0.00000E+00

     Iteration Number =  8     Error=  0.1424E-02

         0.11712E-01    0.00000E+00   -0.30757E-01    0.60912E-02
         0.37459E+00   -0.28273E-01    0.20927E-02    0.68970E+00
        -0.21524E-01    0.28625E-03    0.89910E+00   -0.11632E-01
         0.00000E+00    0.97248E+00    0.00000E+00


   STEP NUMBER =  2   SOURCE VALUE =  0.2000E+00

     Number of iterations taken for convergence.. =  9
     The Euclidean norm of the solution error ... =  0.7112E-03
     The CONVERGED solution is:

         0.11724E-01    0.00000E+00   -0.30782E-01    0.60968E-02
         0.37488E+00   -0.28292E-01    0.20945E-02    0.69019E+00
        -0.21538E-01    0.28646E-03    0.89973E+00   -0.11640E-01
         0.00000E+00    0.97317E+00    0.00000E+00

     Iteration Number =  1     Error=  0.1799E+00

         0.18313E-01    0.00000E+00   -0.37175E-01    0.96698E-02
         0.45486E+00   -0.34474E-01    0.33853E-02    0.84022E+00
        -0.26422E-01    0.48042E-03    0.10976E+01   -0.14335E-01
         0.00000E+00    0.11880E+01    0.00000E+00

     Iteration Number =  2     Error=  0.8348E-01

         0.21482E-01    0.00000E+00   -0.40441E-01    0.11344E-01
         0.49541E+00   -0.37570E-01    0.39664E-02    0.91603E+00
        -0.28890E-01    0.55706E-03    0.11977E+01   -0.15727E-01
         0.00000E+00    0.12969E+01    0.00000E+00

     Iteration Number =  3     Error=  0.3288E-01

         0.22535E-01    0.00000E+00   -0.41846E-01    0.11867E-01
         0.51230E+00   -0.38813E-01    0.41386E-02    0.94701E+00
        -0.29869E-01    0.57664E-03    0.12384E+01   -0.16291E-01
         0.00000E+00    0.13411E+01    0.00000E+00

     Iteration Number =  4     Error=  0.1373E-01

         0.22951E-01    0.00000E+00   -0.42485E-01    0.12063E-01
         0.51969E+00   -0.39333E-01    0.42012E-02    0.96021E+00
        -0.30266E-01    0.58331E-03    0.12556E+01   -0.16525E-01
         0.00000E+00    0.13597E+01    0.00000E+00

     Iteration Number =  5     Error=  0.6329E-02

         0.23152E-01    0.00000E+00   -0.42800E-01    0.12157E-01
         0.52322E+00   -0.39571E-01    0.42311E-02    0.96638E+00
        -0.30443E-01    0.58666E-03    0.12635E+01   -0.16631E-01
         0.00000E+00    0.13683E+01    0.00000E+00

     Iteration Number =  6     Error=  0.3056E-02

         0.23252E-01    0.00000E+00   -0.42960E-01    0.12202E-01
         0.52497E+00   -0.39685E-01    0.42457E-02    0.96938E+00
        -0.30526E-01    0.58833E-03    0.12673E+01   -0.16681E-01
         0.00000E+00    0.13724E+01    0.00000E+00

     Iteration Number =  7     Error=  0.1501E-02

         0.23301E-01    0.00000E+00   -0.43043E-01    0.12224E-01
         0.52585E+00   -0.39741E-01    0.42527E-02    0.97087E+00
        -0.30565E-01    0.58914E-03    0.12692E+01   -0.16704E-01
         0.00000E+00    0.13745E+01    0.00000E+00


   STEP NUMBER =  3   SOURCE VALUE =  0.3000E+00

     Number of iterations taken for convergence.. =  8
     The Euclidean norm of the solution error ... =  0.7424E-03
     The CONVERGED solution is:

         0.23326E-01    0.00000E+00   -0.43085E-01    0.12235E-01
         0.52630E+00   -0.39768E-01    0.42561E-02    0.97160E+00
        -0.30584E-01    0.58954E-03    0.12701E+01   -0.16716E-01
         0.00000E+00    0.13755E+01    0.00000E+00

     Iteration Number =  1     Error=  0.1175E+00

         0.31253E-01    0.00000E+00   -0.48273E-01    0.16650E-01
         0.59287E+00   -0.45013E-01    0.58968E-02    0.10987E+01
        -0.34897E-01    0.84227E-03    0.14399E+01   -0.19170E-01
         0.00000E+00    0.15607E+01    0.00000E+00

     Iteration Number =  2     Error=  0.5912E-01

         0.34730E-01    0.00000E+00   -0.51175E-01    0.18500E-01
         0.62913E+00   -0.47782E-01    0.65487E-02    0.11669E+01
        -0.37157E-01    0.92911E-03    0.15305E+01   -0.20484E-01
         0.00000E+00    0.16595E+01    0.00000E+00

     Iteration Number =  3     Error=  0.2219E-01

         0.35757E-01    0.00000E+00   -0.52416E-01    0.18985E-01
         0.64375E+00   -0.48826E-01    0.67021E-02    0.11933E+01
        -0.37973E-01    0.94472E-03    0.15652E+01   -0.20974E-01
         0.00000E+00    0.16971E+01    0.00000E+00

     Iteration Number =  4     Error=  0.9194E-02

         0.36181E-01    0.00000E+00   -0.52995E-01    0.19174E-01
         0.65020E+00   -0.49256E-01    0.67603E-02    0.12045E+01
        -0.38289E-01    0.95053E-03    0.15796E+01   -0.21168E-01
         0.00000E+00    0.17127E+01    0.00000E+00

     Iteration Number =  5     Error=  0.4238E-02

         0.36391E-01    0.00000E+00   -0.53286E-01    0.19265E-01
         0.65331E+00   -0.49452E-01    0.67890E-02    0.12098E+01
        -0.38426E-01    0.95370E-03    0.15862E+01   -0.21254E-01
         0.00000E+00    0.17199E+01    0.00000E+00

     Iteration Number =  6     Error=  0.2033E-02

         0.36493E-01    0.00000E+00   -0.53435E-01    0.19309E-01
         0.65486E+00   -0.49545E-01    0.68027E-02    0.12123E+01
        -0.38489E-01    0.95526E-03    0.15894E+01   -0.21294E-01
         0.00000E+00    0.17233E+01    0.00000E+00


   STEP NUMBER =  4   SOURCE VALUE =  0.4000E+00

     Number of iterations taken for convergence.. =  7
     The Euclidean norm of the solution error ... =  0.9879E-03
     The CONVERGED solution is:

         0.36544E-01    0.00000E+00   -0.53511E-01    0.19330E-01
         0.65563E+00   -0.49590E-01    0.68092E-02    0.12135E+01
        -0.38517E-01    0.95600E-03    0.15909E+01   -0.21312E-01
         0.00000E+00    0.17249E+01    0.00000E+00

     Iteration Number =  1     Error=  0.8450E-01

         0.45117E-01    0.00000E+00   -0.57789E-01    0.24223E-01
         0.71187E+00   -0.54091E-01    0.86776E-02    0.13227E+01
        -0.42364E-01    0.12513E-02    0.17385E+01   -0.23572E-01
         0.00000E+00    0.18867E+01    0.00000E+00

     Iteration Number =  2     Error=  0.4438E-01

         0.48718E-01    0.00000E+00   -0.60342E-01    0.26144E-01
         0.74393E+00   -0.56535E-01    0.93615E-02    0.13832E+01
        -0.44394E-01    0.13433E-02    0.18194E+01   -0.24792E-01
         0.00000E+00    0.19751E+01    0.00000E+00

     Iteration Number =  3     Error=  0.1689E-01

         0.49780E-01    0.00000E+00   -0.61493E-01    0.26626E-01
         0.75728E+00   -0.57466E-01    0.95091E-02    0.14070E+01
        -0.45110E-01    0.13570E-02    0.18505E+01   -0.25235E-01
         0.00000E+00    0.20089E+01    0.00000E+00

     Iteration Number =  4     Error=  0.7073E-02

         0.50233E-01    0.00000E+00   -0.62049E-01    0.26817E-01
         0.76331E+00   -0.57853E-01    0.95662E-02    0.14173E+01
        -0.45383E-01    0.13624E-02    0.18635E+01   -0.25408E-01
         0.00000E+00    0.20230E+01    0.00000E+00

     Iteration Number =  5     Error=  0.3253E-02

         0.50454E-01    0.00000E+00   -0.62331E-01    0.26909E-01
         0.76623E+00   -0.58029E-01    0.95940E-02    0.14221E+01
        -0.45498E-01    0.13654E-02    0.18694E+01   -0.25483E-01
         0.00000E+00    0.20294E+01    0.00000E+00

     Iteration Number =  6     Error=  0.1545E-02

         0.50561E-01    0.00000E+00   -0.62475E-01    0.26951E-01
         0.76768E+00   -0.58111E-01    0.96069E-02    0.14244E+01
        -0.45548E-01    0.13668E-02    0.18723E+01   -0.25516E-01
         0.00000E+00    0.20324E+01    0.00000E+00


   STEP NUMBER =  5   SOURCE VALUE =  0.5000E+00

     Number of iterations taken for convergence.. =  7
     The Euclidean norm of the solution error ... =  0.7399E-03
     The CONVERGED solution is:

         0.50612E-01    0.00000E+00   -0.62549E-01    0.26971E-01
         0.76840E+00   -0.58150E-01    0.96128E-02    0.14255E+01
        -0.45571E-01    0.13675E-02    0.18736E+01   -0.25531E-01
         0.00000E+00    0.20339E+01    0.00000E+00

     Iteration Number =  1     Error=  0.6448E-01

         0.59458E-01    0.00000E+00   -0.66134E-01    0.32130E-01
         0.81662E+00   -0.62060E-01    0.11632E-01    0.15205E+01
        -0.49031E-01    0.16947E-02    0.20035E+01   -0.27630E-01
         0.00000E+00    0.21769E+01    0.00000E+00

     Iteration Number =  2     Error=  0.3478E-01

         0.63086E-01    0.00000E+00   -0.68388E-01    0.34066E-01
         0.84506E+00   -0.64225E-01    0.12326E-01    0.15743E+01
        -0.50855E-01    0.17885E-02    0.20759E+01   -0.28759E-01
         0.00000E+00    0.22562E+01    0.00000E+00

     Iteration Number =  3     Error=  0.1371E-01

         0.64210E-01    0.00000E+00   -0.69470E-01    0.34565E-01
         0.85751E+00   -0.65081E-01    0.12476E-01    0.15964E+01
        -0.51503E-01    0.18018E-02    0.21045E+01   -0.29170E-01
         0.00000E+00    0.22873E+01    0.00000E+00

     Iteration Number =  4     Error=  0.5839E-02

         0.64695E-01    0.00000E+00   -0.70010E-01    0.34764E-01
         0.86328E+00   -0.65443E-01    0.12534E-01    0.16060E+01
        -0.51747E-01    0.18070E-02    0.21167E+01   -0.29329E-01
         0.00000E+00    0.23004E+01    0.00000E+00

     Iteration Number =  5     Error=  0.2681E-02

         0.64929E-01    0.00000E+00   -0.70286E-01    0.34856E-01
         0.86610E+00   -0.65607E-01    0.12561E-01    0.16105E+01
        -0.51848E-01    0.18097E-02    0.21222E+01   -0.29396E-01
         0.00000E+00    0.23064E+01    0.00000E+00

     Iteration Number =  6     Error=  0.1262E-02

         0.65039E-01    0.00000E+00   -0.70428E-01    0.34897E-01
         0.86749E+00   -0.65682E-01    0.12573E-01    0.16127E+01
        -0.51891E-01    0.18110E-02    0.21248E+01   -0.29425E-01
         0.00000E+00    0.23091E+01    0.00000E+00


   STEP NUMBER =  6   SOURCE VALUE =  0.6000E+00

     Number of iterations taken for convergence.. =  7
     The Euclidean norm of the solution error ... =  0.5957E-03
     The CONVERGED solution is:

         0.65091E-01    0.00000E+00   -0.70500E-01    0.34916E-01
         0.86818E+00   -0.65717E-01    0.12578E-01    0.16137E+01
        -0.51910E-01    0.18115E-02    0.21261E+01   -0.29438E-01
         0.00000E+00    0.23104E+01    0.00000E+00

     Iteration Number =  1     Error=  0.5150E-01

         0.74035E-01    0.00000E+00   -0.73568E-01    0.40229E-01
         0.91030E+00   -0.69170E-01    0.14704E-01    0.16978E+01
        -0.55060E-01    0.21639E-02    0.22423E+01   -0.31408E-01
         0.00000E+00    0.24389E+01    0.00000E+00

     Iteration Number =  2     Error=  0.2825E-01

         0.77648E-01    0.00000E+00   -0.75582E-01    0.42156E-01
         0.93582E+00   -0.71110E-01    0.15398E-01    0.17462E+01
        -0.56710E-01    0.22580E-02    0.23076E+01   -0.32457E-01
         0.00000E+00    0.25106E+01    0.00000E+00

     Iteration Number =  3     Error=  0.1155E-01

         0.78834E-01    0.00000E+00   -0.76604E-01    0.42676E-01
         0.94754E+00   -0.71908E-01    0.15553E-01    0.17668E+01
        -0.57306E-01    0.22713E-02    0.23343E+01   -0.32843E-01
         0.00000E+00    0.25396E+01    0.00000E+00

     Iteration Number =  4     Error=  0.5005E-02

         0.79352E-01    0.00000E+00   -0.77129E-01    0.42884E-01
         0.95311E+00   -0.72251E-01    0.15612E-01    0.17760E+01
        -0.57531E-01    0.22762E-02    0.23459E+01   -0.32992E-01
         0.00000E+00    0.25520E+01    0.00000E+00

     Iteration Number =  5     Error=  0.2298E-02

         0.79596E-01    0.00000E+00   -0.77400E-01    0.42977E-01
         0.95584E+00   -0.72407E-01    0.15638E-01    0.17804E+01
        -0.57622E-01    0.22787E-02    0.23511E+01   -0.33053E-01
         0.00000E+00    0.25576E+01    0.00000E+00

     Iteration Number =  6     Error=  0.1073E-02

         0.79710E-01    0.00000E+00   -0.77539E-01    0.43017E-01
         0.95719E+00   -0.72478E-01    0.15649E-01    0.17824E+01
        -0.57660E-01    0.22798E-02    0.23536E+01   -0.33079E-01
         0.00000E+00    0.25602E+01    0.00000E+00


   STEP NUMBER =  7   SOURCE VALUE =  0.7000E+00

     Number of iterations taken for convergence.. =  7
     The Euclidean norm of the solution error ... =  0.5001E-03
     The CONVERGED solution is:

         0.79762E-01    0.00000E+00   -0.77610E-01    0.43034E-01
         0.95785E+00   -0.72510E-01    0.15654E-01    0.17834E+01
        -0.57675E-01    0.22802E-02    0.23547E+01   -0.33089E-01
         0.00000E+00    0.25614E+01    0.00000E+00

     Iteration Number =  1     Error=  0.4253E-01

         0.88713E-01    0.00000E+00   -0.80283E-01    0.48436E-01
         0.99525E+00   -0.75602E-01    0.17857E-01    0.18589E+01
        -0.60573E-01    0.26531E-02    0.24601E+01   -0.34953E-01
         0.00000E+00    0.26783E+01    0.00000E+00

     Iteration Number =  2     Error=  0.2360E-01

         0.92296E-01    0.00000E+00   -0.82104E-01    0.50345E-01
         0.10184E+01   -0.77359E-01    0.18546E-01    0.19029E+01
        -0.62079E-01    0.27464E-02    0.25196E+01   -0.35935E-01
         0.00000E+00    0.27438E+01    0.00000E+00

     Iteration Number =  3     Error=  0.9972E-02

         0.93537E-01    0.00000E+00   -0.83074E-01    0.50886E-01
         0.10295E+01   -0.78110E-01    0.18706E-01    0.19224E+01
        -0.62633E-01    0.27597E-02    0.25448E+01   -0.36300E-01
         0.00000E+00    0.27711E+01    0.00000E+00

     Iteration Number =  4     Error=  0.4391E-02

         0.94081E-01    0.00000E+00   -0.83582E-01    0.51101E-01
         0.10349E+01   -0.78439E-01    0.18766E-01    0.19312E+01
        -0.62842E-01    0.27644E-02    0.25558E+01   -0.36439E-01
         0.00000E+00    0.27829E+01    0.00000E+00

     Iteration Number =  5     Error=  0.2017E-02

         0.94335E-01    0.00000E+00   -0.83848E-01    0.51194E-01
         0.10376E+01   -0.78587E-01    0.18792E-01    0.19354E+01
        -0.62926E-01    0.27666E-02    0.25608E+01   -0.36495E-01
         0.00000E+00    0.27883E+01    0.00000E+00


   STEP NUMBER =  8   SOURCE VALUE =  0.8000E+00

     Number of iterations taken for convergence.. =  6
     The Euclidean norm of the solution error ... =  0.9352E-03
     The CONVERGED solution is:

         0.94451E-01    0.00000E+00   -0.83985E-01    0.51234E-01
         0.10389E+01   -0.78655E-01    0.18802E-01    0.19373E+01
        -0.62959E-01    0.27674E-02    0.25631E+01   -0.36518E-01
         0.00000E+00    0.27907E+01    0.00000E+00

     Iteration Number =  1     Error=  0.3634E-01

         0.10341E+00    0.00000E+00   -0.86392E-01    0.56704E-01
         0.10730E+01   -0.81479E-01    0.21070E-01    0.20067E+01
        -0.65661E-01    0.31583E-02    0.26605E+01   -0.38303E-01
         0.00000E+00    0.28990E+01    0.00000E+00

     Iteration Number =  2     Error=  0.2027E-01

         0.10697E+00    0.00000E+00   -0.88074E-01    0.58595E-01
         0.10944E+01   -0.83097E-01    0.21753E-01    0.20473E+01
        -0.67051E-01    0.32500E-02    0.27156E+01   -0.39229E-01
         0.00000E+00    0.29597E+01    0.00000E+00

     Iteration Number =  3     Error=  0.8778E-02

         0.10825E+00    0.00000E+00   -0.89002E-01    0.59151E-01
         0.11050E+01   -0.83807E-01    0.21916E-01    0.20658E+01
        -0.67568E-01    0.32630E-02    0.27395E+01   -0.39574E-01
         0.00000E+00    0.29855E+01    0.00000E+00

     Iteration Number =  4     Error=  0.3911E-02

         0.10882E+00    0.00000E+00   -0.89498E-01    0.59370E-01
         0.11102E+01   -0.84122E-01    0.21975E-01    0.20743E+01
        -0.67764E-01    0.32673E-02    0.27500E+01   -0.39705E-01
         0.00000E+00    0.29968E+01    0.00000E+00

     Iteration Number =  5     Error=  0.1795E-02

         0.10908E+00    0.00000E+00   -0.89758E-01    0.59463E-01
         0.11128E+01   -0.84265E-01    0.22000E-01    0.20783E+01
        -0.67840E-01    0.32691E-02    0.27548E+01   -0.39757E-01
         0.00000E+00    0.30019E+01    0.00000E+00


   STEP NUMBER =  9   SOURCE VALUE =  0.9000E+00

     Number of iterations taken for convergence.. =  6
     The Euclidean norm of the solution error ... =  0.8270E-03
     The CONVERGED solution is:

         0.10919E+00    0.00000E+00   -0.89893E-01    0.59501E-01
         0.11140E+01   -0.84329E-01    0.22010E-01    0.20802E+01
        -0.67870E-01    0.32697E-02    0.27570E+01   -0.39777E-01
         0.00000E+00    0.30042E+01    0.00000E+00

     Iteration Number =  1     Error=  0.3140E-01

         0.11809E+00    0.00000E+00   -0.92052E-01    0.64994E-01
         0.11451E+01   -0.86913E-01    0.24321E-01    0.21438E+01
        -0.70392E-01    0.36749E-02    0.28471E+01   -0.41485E-01
         0.00000E+00    0.31047E+01    0.00000E+00

     Iteration Number =  2     Error=  0.1764E-01

         0.12161E+00    0.00000E+00   -0.93604E-01    0.66863E-01
         0.11649E+01   -0.88408E-01    0.24997E-01    0.21815E+01
        -0.71682E-01    0.37646E-02    0.28983E+01   -0.42361E-01
         0.00000E+00    0.31611E+01    0.00000E+00

     Iteration Number =  3     Error=  0.7825E-02

         0.12293E+00    0.00000E+00   -0.94489E-01    0.67434E-01
         0.11750E+01   -0.89083E-01    0.25163E-01    0.21991E+01
        -0.72170E-01    0.37774E-02    0.29209E+01   -0.42689E-01
         0.00000E+00    0.31856E+01    0.00000E+00

     Iteration Number =  4     Error=  0.3528E-02

         0.12351E+00    0.00000E+00   -0.94970E-01    0.67658E-01
         0.11801E+01   -0.89387E-01    0.25223E-01    0.22073E+01
        -0.72355E-01    0.37814E-02    0.29310E+01   -0.42813E-01
         0.00000E+00    0.31964E+01    0.00000E+00

     Iteration Number =  5     Error=  0.1621E-02

         0.12378E+00    0.00000E+00   -0.95224E-01    0.67751E-01
         0.11826E+01   -0.89525E-01    0.25247E-01    0.22111E+01
        -0.72426E-01    0.37828E-02    0.29356E+01   -0.42860E-01
         0.00000E+00    0.32013E+01    0.00000E+00


   STEP NUMBER = 10   SOURCE VALUE =  0.1000E+01

     Number of iterations taken for convergence.. =  6
     The Euclidean norm of the solution error ... =  0.7432E-03
     The CONVERGED solution is:

         0.12390E+00    0.00000E+00   -0.95356E-01    0.67788E-01
         0.11838E+01   -0.89586E-01    0.25255E-01    0.22129E+01
        -0.72453E-01    0.37832E-02    0.29377E+01   -0.42878E-01
         0.00000E+00    0.32034E+01    0.00000E+00
