     *** ECHO OF THE INPUT DATA STARTS ***

    Example 7.8.4: WALL-DRIVEN CAVITY FLOW                                      
    4   2   1   1   0   0   1            NPE,NGPF,NGPR,MESH,NPRNT,IGRAD,NONLIN  
                                                                                
    8    8                               NX,NY                                  
    0.0 0.125  0.125  0.125  0.125  0.125  0.125  0.125  0.125  X0,(DX(I),I=1,NX
    0.0 0.125  0.125  0.125  0.125  0.125  0.125  0.125  0.125  Y0,(DY(I),I=1,NY
                                                                                
    64                                    NSPV and next lines ISPV, VSPV        
                                                                                
    1  1   1  2   2  1   2  2   3  1   3  2   4  1   4  2   5  1   5  2         
    6  1   6  2   7  1   7  2   8  1   8  2   9  1   9  2   10 1   10 2         
    18 1   18 2   19 1   19 2   27 1   27 2   28 1   28 2   36 1   36 2         
    37 1   37 2   45 1   45 2   46 1   46 2   54 1   54 2   55 1   55 2         
    63 1   63 2   64 1   64 2   72 1   72 2   73 1   73 2   74 1   74 2         
    75 1   75 2   76 1   76 2   77 1   77 2   78 1   78 2   79 1   79 2         
    80 1   80 2   81 1   81 2                                     ISPV          
                                                                                
     0     0     0     0     0     0     0     0     0     0                    
     0     0     0     0     0     0     0     0     0     0                    
     0     0     0     0     0     0     0     0     0     0                    
     0     0     0     0     0     0     0     0     0     0                    
     0     0     0     0     0     0     1.0   0     1.0   0                    
     1.0   0     1.0   0     1.0   0     1.0   0     1.0   0                    
     1.0   0     1.0   0                                           VSPV         
                                                                                
    0                                    NSSV and next lines ISSV, VSSV         
                                                                                
    0.0 0.0 0.0                          FX0,FXX,FXY                            
    0.0 0.0 0.0                          FY0,FYX,FYY                            
                                                                                
    1.0 1.0E8                            AMU,GAMMA                              
                                                                                
    4   30   0.001   0.25                 NRENLD,ITMAX,EPS,REX                  
    0.0  250.0  500.0  750.0                DRENLDS(I)                          
                                                                                
                                                                                
                                                                                

     **** ECHO OF THE INPUT DATA ENDS ****

    Example 7.8.4: WALL-DRIVEN CAVITY FLOW                                      
  ______________________________________________________________________

            OUTPUT FROM PROGRAM  *FEM2DUNSYM*  BY J.N. REDDY
  ______________________________________________________________________


     VISCOUS FLOW DATA:

        Flow viscousity, AMU ....................=  0.1000E+01
        Penalty parameter, GAMA .................=  0.1000E+09


     NONLINEAR ANALYSIS DATA:

        Number of Reynolds number, NRENLD .......=   4
        Max. no. of iterations allowed, ITMAX ...=  30
        Type of iter. method used (1: DI; >1 NR).=   1
        Error tolerance, EPS ....................=  0.1000E-02
        Acceleration parameter, REX .............=  0.2500E+00


        *** A mesh of QUADRILATERALS is chosen by user ***

     FINITE ELEMENT MESH INFORMATION:

        Element type: 1 = LINEAR; 2=QUADRATIC)...=   1
        Number of nodes per element, NPE ........=   4
        No. of primary deg. of freedom/node, NDF =   2
        Number of elements in the mesh, NEM .....=  64
        Number of nodes in the mesh, NNM ........=  81
        Number of equations to be solved, NEQ ...= 162
        Half bandwidth of the matrix GLK, NHBW ..=  22
        Mesh subdivisions, NX and NY ............=   8   8

        No. of specified PRIMARY variables, NSPV =  64
  ______________________________________________________________________

     Node   x-coord.   y-coord.    Speci. primary & secondary variables
                                      (0, unspecified; >0, specified)
                                         Primary DOF  Secondary DOF
  ______________________________________________________________________

       1  0.0000E+00  0.0000E+00            1    2        0    0
       2  0.1250E+00  0.0000E+00            1    2        0    0
       3  0.2500E+00  0.0000E+00            1    2        0    0
       4  0.3750E+00  0.0000E+00            1    2        0    0
       5  0.5000E+00  0.0000E+00            1    2        0    0
       6  0.6250E+00  0.0000E+00            1    2        0    0
       7  0.7500E+00  0.0000E+00            1    2        0    0
       8  0.8750E+00  0.0000E+00            1    2        0    0
       9  0.1000E+01  0.0000E+00            1    2        0    0
      10  0.0000E+00  0.1250E+00            1    2        0    0
      11  0.1250E+00  0.1250E+00            0    0        0    0
      12  0.2500E+00  0.1250E+00            0    0        0    0
      13  0.3750E+00  0.1250E+00            0    0        0    0
      14  0.5000E+00  0.1250E+00            0    0        0    0
      15  0.6250E+00  0.1250E+00            0    0        0    0
      16  0.7500E+00  0.1250E+00            0    0        0    0
      17  0.8750E+00  0.1250E+00            0    0        0    0
      18  0.1000E+01  0.1250E+00            1    2        0    0
      19  0.0000E+00  0.2500E+00            1    2        0    0
      20  0.1250E+00  0.2500E+00            0    0        0    0
      21  0.2500E+00  0.2500E+00            0    0        0    0
      22  0.3750E+00  0.2500E+00            0    0        0    0
      23  0.5000E+00  0.2500E+00            0    0        0    0
      24  0.6250E+00  0.2500E+00            0    0        0    0
      25  0.7500E+00  0.2500E+00            0    0        0    0
      26  0.8750E+00  0.2500E+00            0    0        0    0
      27  0.1000E+01  0.2500E+00            1    2        0    0
      28  0.0000E+00  0.3750E+00            1    2        0    0
      29  0.1250E+00  0.3750E+00            0    0        0    0
      30  0.2500E+00  0.3750E+00            0    0        0    0
      31  0.3750E+00  0.3750E+00            0    0        0    0
      32  0.5000E+00  0.3750E+00            0    0        0    0
      33  0.6250E+00  0.3750E+00            0    0        0    0
      34  0.7500E+00  0.3750E+00            0    0        0    0
      35  0.8750E+00  0.3750E+00            0    0        0    0
      36  0.1000E+01  0.3750E+00            1    2        0    0
      37  0.0000E+00  0.5000E+00            1    2        0    0
      38  0.1250E+00  0.5000E+00            0    0        0    0
      39  0.2500E+00  0.5000E+00            0    0        0    0
      40  0.3750E+00  0.5000E+00            0    0        0    0
      41  0.5000E+00  0.5000E+00            0    0        0    0
      42  0.6250E+00  0.5000E+00            0    0        0    0
      43  0.7500E+00  0.5000E+00            0    0        0    0
      44  0.8750E+00  0.5000E+00            0    0        0    0
      45  0.1000E+01  0.5000E+00            1    2        0    0
      46  0.0000E+00  0.6250E+00            1    2        0    0
      47  0.1250E+00  0.6250E+00            0    0        0    0
      48  0.2500E+00  0.6250E+00            0    0        0    0
      49  0.3750E+00  0.6250E+00            0    0        0    0
      50  0.5000E+00  0.6250E+00            0    0        0    0
      51  0.6250E+00  0.6250E+00            0    0        0    0
      52  0.7500E+00  0.6250E+00            0    0        0    0
      53  0.8750E+00  0.6250E+00            0    0        0    0
      54  0.1000E+01  0.6250E+00            1    2        0    0
      55  0.0000E+00  0.7500E+00            1    2        0    0
      56  0.1250E+00  0.7500E+00            0    0        0    0
      57  0.2500E+00  0.7500E+00            0    0        0    0
      58  0.3750E+00  0.7500E+00            0    0        0    0
      59  0.5000E+00  0.7500E+00            0    0        0    0
      60  0.6250E+00  0.7500E+00            0    0        0    0
      61  0.7500E+00  0.7500E+00            0    0        0    0
      62  0.8750E+00  0.7500E+00            0    0        0    0
      63  0.1000E+01  0.7500E+00            1    2        0    0
      64  0.0000E+00  0.8750E+00            1    2        0    0
      65  0.1250E+00  0.8750E+00            0    0        0    0
      66  0.2500E+00  0.8750E+00            0    0        0    0
      67  0.3750E+00  0.8750E+00            0    0        0    0
      68  0.5000E+00  0.8750E+00            0    0        0    0
      69  0.6250E+00  0.8750E+00            0    0        0    0
      70  0.7500E+00  0.8750E+00            0    0        0    0
      71  0.8750E+00  0.8750E+00            0    0        0    0
      72  0.1000E+01  0.8750E+00            1    2        0    0
      73  0.0000E+00  0.1000E+01            1    2        0    0
      74  0.1250E+00  0.1000E+01            1    2        0    0
      75  0.2500E+00  0.1000E+01            1    2        0    0
      76  0.3750E+00  0.1000E+01            1    2        0    0
      77  0.5000E+00  0.1000E+01            1    2        0    0
      78  0.6250E+00  0.1000E+01            1    2        0    0
      79  0.7500E+00  0.1000E+01            1    2        0    0
      80  0.8750E+00  0.1000E+01            1    2        0    0
      81  0.1000E+01  0.1000E+01            1    2        0    0
  ______________________________________________________________________


     NUMERICAL INTEGRATION DATA (Gauss Points):

        Full quadrature (NGPF x NGPF) rule, NGPF =   2
        Reduced quadrature (NGPR x NGPR),   NGPR =   1


        *** The DIRECT iteration scheme is used ***

     Iteration No.  1     Error (root-mean-square value)=  0.1000E+01

     Iteration No.  2     Error (root-mean-square value)=  0.0000E+00

     S O L U T I O N :


     Reynolds number, RENOLD.................=  0.0000E+00
  __________________________________________________

     Node    x-coord.      y-coord.     U      V  
  __________________________________________________

       1   0.00000E+00   0.00000E+00   0.00000E+00   0.00000E+00
       2   0.12500E+00   0.00000E+00   0.00000E+00   0.00000E+00
       3   0.25000E+00   0.00000E+00   0.00000E+00   0.00000E+00
       4   0.37500E+00   0.00000E+00   0.00000E+00   0.00000E+00
       5   0.50000E+00   0.00000E+00   0.00000E+00   0.00000E+00
       6   0.62500E+00   0.00000E+00   0.00000E+00   0.00000E+00
       7   0.75000E+00   0.00000E+00   0.00000E+00   0.00000E+00
       8   0.87500E+00   0.00000E+00   0.00000E+00   0.00000E+00
       9   0.10000E+01   0.00000E+00   0.00000E+00   0.00000E+00
      10   0.00000E+00   0.12500E+00   0.00000E+00   0.00000E+00
      11   0.12500E+00   0.12500E+00  -0.80681E-02   0.80681E-02
      12   0.25000E+00   0.12500E+00  -0.28598E-01   0.12461E-01
      13   0.37500E+00   0.12500E+00  -0.49494E-01   0.84344E-02
      14   0.50000E+00   0.12500E+00  -0.57928E-01  -0.15201E-09
      15   0.62500E+00   0.12500E+00  -0.49494E-01  -0.84344E-02
      16   0.75000E+00   0.12500E+00  -0.28598E-01  -0.12461E-01
      17   0.87500E+00   0.12500E+00  -0.80681E-02  -0.80681E-02
      18   0.10000E+01   0.12500E+00   0.00000E+00   0.00000E+00
      19   0.00000E+00   0.25000E+00   0.00000E+00   0.00000E+00
      20   0.12500E+00   0.25000E+00  -0.16703E-01   0.32840E-01
      21   0.25000E+00   0.25000E+00  -0.52890E-01   0.44406E-01
      22   0.37500E+00   0.25000E+00  -0.85581E-01   0.30078E-01
      23   0.50000E+00   0.25000E+00  -0.98791E-01  -0.12414E-09
      24   0.62500E+00   0.25000E+00  -0.85581E-01  -0.30078E-01
      25   0.75000E+00   0.25000E+00  -0.52890E-01  -0.44406E-01
      26   0.87500E+00   0.25000E+00  -0.16703E-01  -0.32840E-01
      27   0.10000E+01   0.25000E+00   0.00000E+00   0.00000E+00
      28   0.00000E+00   0.37500E+00   0.00000E+00   0.00000E+00
      29   0.12500E+00   0.37500E+00  -0.23193E-01   0.72736E-01
      30   0.25000E+00   0.37500E+00  -0.73638E-01   0.91141E-01
      31   0.37500E+00   0.37500E+00  -0.11630E+00   0.58699E-01
      32   0.50000E+00   0.37500E+00  -0.13171E+00   0.12870E-09
      33   0.62500E+00   0.37500E+00  -0.11630E+00  -0.58699E-01
      34   0.75000E+00   0.37500E+00  -0.73638E-01  -0.91141E-01
      35   0.87500E+00   0.37500E+00  -0.23193E-01  -0.72736E-01
      36   0.10000E+01   0.37500E+00   0.00000E+00   0.00000E+00
      37   0.00000E+00   0.50000E+00   0.00000E+00   0.00000E+00
      38   0.12500E+00   0.50000E+00  -0.30461E-01   0.12639E+00
      39   0.25000E+00   0.50000E+00  -0.87409E-01   0.14488E+00
      40   0.37500E+00   0.50000E+00  -0.13051E+00   0.90721E-01
      41   0.50000E+00   0.50000E+00  -0.14712E+00  -0.36345E-09
      42   0.62500E+00   0.50000E+00  -0.13051E+00  -0.90721E-01
      43   0.75000E+00   0.50000E+00  -0.87409E-01  -0.14488E+00
      44   0.87500E+00   0.50000E+00  -0.30461E-01  -0.12639E+00
      45   0.10000E+01   0.50000E+00   0.00000E+00   0.00000E+00
      46   0.00000E+00   0.62500E+00   0.00000E+00   0.00000E+00
      47   0.12500E+00   0.62500E+00  -0.29201E-01   0.18605E+00
      48   0.25000E+00   0.62500E+00  -0.81653E-01   0.19462E+00
      49   0.37500E+00   0.62500E+00  -0.99936E-01   0.10236E+00
      50   0.50000E+00   0.62500E+00  -0.94970E-01  -0.14579E-08
      51   0.62500E+00   0.62500E+00  -0.99936E-01  -0.10236E+00
      52   0.75000E+00   0.62500E+00  -0.81653E-01  -0.19462E+00
      53   0.87500E+00   0.62500E+00  -0.29201E-01  -0.18605E+00
      54   0.10000E+01   0.62500E+00   0.00000E+00   0.00000E+00
      55   0.00000E+00   0.75000E+00   0.00000E+00   0.00000E+00
      56   0.12500E+00   0.75000E+00  -0.26854E-01   0.24211E+00
      57   0.25000E+00   0.75000E+00  -0.55130E-02   0.16968E+00
      58   0.37500E+00   0.75000E+00   0.61571E-01   0.78508E-01
      59   0.50000E+00   0.75000E+00   0.80460E-01  -0.23808E-08
      60   0.62500E+00   0.75000E+00   0.61571E-01  -0.78508E-01
      61   0.75000E+00   0.75000E+00  -0.55130E-02  -0.16968E+00
      62   0.87500E+00   0.75000E+00  -0.26854E-01  -0.24211E+00
      63   0.10000E+01   0.75000E+00   0.00000E+00   0.00000E+00
      64   0.00000E+00   0.87500E+00   0.00000E+00   0.00000E+00
      65   0.12500E+00   0.87500E+00   0.13448E+00   0.13448E+00
      66   0.25000E+00   0.87500E+00   0.32970E+00   0.60741E-01
      67   0.37500E+00   0.87500E+00   0.42025E+00   0.29809E-01
      68   0.50000E+00   0.87500E+00   0.45006E+00  -0.13872E-08
      69   0.62500E+00   0.87500E+00   0.42025E+00  -0.29809E-01
      70   0.75000E+00   0.87500E+00   0.32970E+00  -0.60741E-01
      71   0.87500E+00   0.87500E+00   0.13448E+00  -0.13448E+00
      72   0.10000E+01   0.87500E+00   0.00000E+00   0.00000E+00
      73   0.00000E+00   0.10000E+01   0.10000E+01   0.00000E+00
      74   0.12500E+00   0.10000E+01   0.10000E+01   0.00000E+00
      75   0.25000E+00   0.10000E+01   0.10000E+01   0.00000E+00
      76   0.37500E+00   0.10000E+01   0.10000E+01   0.00000E+00
      77   0.50000E+00   0.10000E+01   0.10000E+01   0.00000E+00
      78   0.62500E+00   0.10000E+01   0.10000E+01   0.00000E+00
      79   0.75000E+00   0.10000E+01   0.10000E+01   0.00000E+00
      80   0.87500E+00   0.10000E+01   0.10000E+01   0.00000E+00
      81   0.10000E+01   0.10000E+01   0.10000E+01   0.00000E+00
  __________________________________________________


     Iteration No.  1     Error (root-mean-square value)=  0.2246E+00

     Iteration No.  2     Error (root-mean-square value)=  0.9374E-01

     Iteration No.  3     Error (root-mean-square value)=  0.3812E-01

     Iteration No.  4     Error (root-mean-square value)=  0.1870E-01

     Iteration No.  5     Error (root-mean-square value)=  0.5806E-02

     Iteration No.  6     Error (root-mean-square value)=  0.2532E-02

     Iteration No.  7     Error (root-mean-square value)=  0.1406E-02

     Iteration No.  8     Error (root-mean-square value)=  0.6836E-03

     S O L U T I O N :


     Reynolds number, RENOLD.................=  0.2500E+03
  __________________________________________________

     Node    x-coord.      y-coord.     U      V  
  __________________________________________________

       1   0.00000E+00   0.00000E+00   0.00000E+00   0.00000E+00
       2   0.12500E+00   0.00000E+00   0.00000E+00   0.00000E+00
       3   0.25000E+00   0.00000E+00   0.00000E+00   0.00000E+00
       4   0.37500E+00   0.00000E+00   0.00000E+00   0.00000E+00
       5   0.50000E+00   0.00000E+00   0.00000E+00   0.00000E+00
       6   0.62500E+00   0.00000E+00   0.00000E+00   0.00000E+00
       7   0.75000E+00   0.00000E+00   0.00000E+00   0.00000E+00
       8   0.87500E+00   0.00000E+00   0.00000E+00   0.00000E+00
       9   0.10000E+01   0.00000E+00   0.00000E+00   0.00000E+00
      10   0.00000E+00   0.12500E+00   0.00000E+00   0.00000E+00
      11   0.12500E+00   0.12500E+00  -0.56065E-02   0.56065E-02
      12   0.25000E+00   0.12500E+00  -0.17941E-01   0.67285E-02
      13   0.37500E+00   0.12500E+00  -0.31722E-01   0.70521E-02
      14   0.50000E+00   0.12500E+00  -0.36688E-01  -0.20862E-02
      15   0.62500E+00   0.12500E+00  -0.29345E-01  -0.52572E-02
      16   0.75000E+00   0.12500E+00  -0.14800E-01  -0.92878E-02
      17   0.87500E+00   0.12500E+00  -0.27558E-02  -0.27558E-02
      18   0.10000E+01   0.12500E+00   0.00000E+00   0.00000E+00
      19   0.00000E+00   0.25000E+00   0.00000E+00   0.00000E+00
      20   0.12500E+00   0.25000E+00  -0.89328E-02   0.20146E-01
      21   0.25000E+00   0.25000E+00  -0.33168E-01   0.28760E-01
      22   0.37500E+00   0.25000E+00  -0.54265E-01   0.19899E-01
      23   0.50000E+00   0.25000E+00  -0.68808E-01   0.45761E-02
      24   0.62500E+00   0.25000E+00  -0.63989E-01  -0.24082E-01
      25   0.75000E+00   0.25000E+00  -0.37871E-01  -0.31126E-01
      26   0.87500E+00   0.25000E+00  -0.12660E-01  -0.18172E-01
      27   0.10000E+01   0.25000E+00   0.00000E+00   0.00000E+00
      28   0.00000E+00   0.37500E+00   0.00000E+00   0.00000E+00
      29   0.12500E+00   0.37500E+00  -0.12647E-01   0.41725E-01
      30   0.25000E+00   0.37500E+00  -0.34515E-01   0.53283E-01
      31   0.37500E+00   0.37500E+00  -0.68297E-01   0.50254E-01
      32   0.50000E+00   0.37500E+00  -0.94406E-01   0.14874E-01
      33   0.62500E+00   0.37500E+00  -0.10324E+00  -0.30365E-01
      34   0.75000E+00   0.37500E+00  -0.78628E-01  -0.75575E-01
      35   0.87500E+00   0.37500E+00  -0.23365E-01  -0.54197E-01
      36   0.10000E+01   0.37500E+00   0.00000E+00   0.00000E+00
      37   0.00000E+00   0.50000E+00   0.00000E+00   0.00000E+00
      38   0.12500E+00   0.50000E+00  -0.53825E-02   0.59755E-01
      39   0.25000E+00   0.50000E+00  -0.29801E-01   0.81540E-01
      40   0.37500E+00   0.50000E+00  -0.50787E-01   0.76766E-01
      41   0.50000E+00   0.50000E+00  -0.91093E-01   0.54777E-01
      42   0.62500E+00   0.50000E+00  -0.12421E+00  -0.28317E-01
      43   0.75000E+00   0.50000E+00  -0.11205E+00  -0.11439E+00
      44   0.87500E+00   0.50000E+00  -0.52567E-01  -0.13013E+00
      45   0.10000E+01   0.50000E+00   0.00000E+00   0.00000E+00
      46   0.00000E+00   0.62500E+00   0.00000E+00   0.00000E+00
      47   0.12500E+00   0.62500E+00  -0.32579E-02   0.68395E-01
      48   0.25000E+00   0.62500E+00  -0.51302E-03   0.94573E-01
      49   0.37500E+00   0.62500E+00  -0.15298E-01   0.99505E-01
      50   0.50000E+00   0.62500E+00  -0.17642E-01   0.74687E-01
      51   0.62500E+00   0.62500E+00  -0.66977E-01   0.34225E-01
      52   0.75000E+00   0.62500E+00  -0.12058E+00  -0.13549E+00
      53   0.87500E+00   0.62500E+00  -0.53203E-01  -0.23590E+00
      54   0.10000E+01   0.62500E+00   0.00000E+00   0.00000E+00
      55   0.00000E+00   0.75000E+00   0.00000E+00   0.00000E+00
      56   0.12500E+00   0.75000E+00  -0.62443E-02   0.77897E-01
      57   0.25000E+00   0.75000E+00  -0.11608E-01   0.87689E-01
      58   0.37500E+00   0.75000E+00   0.31704E-01   0.77861E-01
      59   0.50000E+00   0.75000E+00   0.46995E-01   0.83385E-01
      60   0.62500E+00   0.75000E+00   0.87992E-01   0.33867E-01
      61   0.75000E+00   0.75000E+00   0.14656E-01  -0.81880E-02
      62   0.87500E+00   0.75000E+00  -0.63409E-01  -0.35251E+00
      63   0.10000E+01   0.75000E+00   0.00000E+00   0.00000E+00
      64   0.00000E+00   0.87500E+00   0.00000E+00   0.00000E+00
      65   0.12500E+00   0.87500E+00   0.42071E-01   0.42071E-01
      66   0.25000E+00   0.87500E+00   0.12755E+00   0.43404E-01
      67   0.37500E+00   0.87500E+00   0.18866E+00   0.17714E-01
      68   0.50000E+00   0.87500E+00   0.26164E+00   0.55263E-01
      69   0.62500E+00   0.87500E+00   0.29977E+00  -0.17136E-01
      70   0.75000E+00   0.87500E+00   0.34928E+00   0.66643E-01
      71   0.87500E+00   0.87500E+00   0.20796E+00  -0.20796E+00
      72   0.10000E+01   0.87500E+00   0.00000E+00   0.00000E+00
      73   0.00000E+00   0.10000E+01   0.10000E+01   0.00000E+00
      74   0.12500E+00   0.10000E+01   0.10000E+01   0.00000E+00
      75   0.25000E+00   0.10000E+01   0.10000E+01   0.00000E+00
      76   0.37500E+00   0.10000E+01   0.10000E+01   0.00000E+00
      77   0.50000E+00   0.10000E+01   0.10000E+01   0.00000E+00
      78   0.62500E+00   0.10000E+01   0.10000E+01   0.00000E+00
      79   0.75000E+00   0.10000E+01   0.10000E+01   0.00000E+00
      80   0.87500E+00   0.10000E+01   0.10000E+01   0.00000E+00
      81   0.10000E+01   0.10000E+01   0.10000E+01   0.00000E+00
  __________________________________________________


     Iteration No.  1     Error (root-mean-square value)=  0.1091E+00

     Iteration No.  2     Error (root-mean-square value)=  0.4458E-01

     Iteration No.  3     Error (root-mean-square value)=  0.1511E-01

     Iteration No.  4     Error (root-mean-square value)=  0.9119E-02

     Iteration No.  5     Error (root-mean-square value)=  0.5728E-02

     Iteration No.  6     Error (root-mean-square value)=  0.2873E-02

     Iteration No.  7     Error (root-mean-square value)=  0.1660E-02

     Iteration No.  8     Error (root-mean-square value)=  0.8395E-03

     S O L U T I O N :


     Reynolds number, RENOLD.................=  0.5000E+03
  __________________________________________________

     Node    x-coord.      y-coord.     U      V  
  __________________________________________________

       1   0.00000E+00   0.00000E+00   0.00000E+00   0.00000E+00
       2   0.12500E+00   0.00000E+00   0.00000E+00   0.00000E+00
       3   0.25000E+00   0.00000E+00   0.00000E+00   0.00000E+00
       4   0.37500E+00   0.00000E+00   0.00000E+00   0.00000E+00
       5   0.50000E+00   0.00000E+00   0.00000E+00   0.00000E+00
       6   0.62500E+00   0.00000E+00   0.00000E+00   0.00000E+00
       7   0.75000E+00   0.00000E+00   0.00000E+00   0.00000E+00
       8   0.87500E+00   0.00000E+00   0.00000E+00   0.00000E+00
       9   0.10000E+01   0.00000E+00   0.00000E+00   0.00000E+00
      10   0.00000E+00   0.12500E+00   0.00000E+00   0.00000E+00
      11   0.12500E+00   0.12500E+00  -0.41332E-02   0.41332E-02
      12   0.25000E+00   0.12500E+00  -0.11629E-01   0.33624E-02
      13   0.37500E+00   0.12500E+00  -0.21338E-01   0.63467E-02
      14   0.50000E+00   0.12500E+00  -0.23885E-01  -0.37998E-02
      15   0.62500E+00   0.12500E+00  -0.17350E-01  -0.27346E-02
      16   0.75000E+00   0.12500E+00  -0.75978E-02  -0.70180E-02
      17   0.87500E+00   0.12500E+00  -0.28994E-03  -0.28994E-03
      18   0.10000E+01   0.12500E+00   0.00000E+00   0.00000E+00
      19   0.00000E+00   0.25000E+00   0.00000E+00   0.00000E+00
      20   0.12500E+00   0.25000E+00  -0.48869E-02   0.13153E-01
      21   0.25000E+00   0.25000E+00  -0.24160E-01   0.21111E-01
      22   0.37500E+00   0.25000E+00  -0.38025E-01   0.12173E-01
      23   0.50000E+00   0.25000E+00  -0.50189E-01   0.50838E-02
      24   0.62500E+00   0.25000E+00  -0.48228E-01  -0.20113E-01
      25   0.75000E+00   0.25000E+00  -0.26797E-01  -0.20823E-01
      26   0.87500E+00   0.25000E+00  -0.10005E-01  -0.10585E-01
      27   0.10000E+01   0.25000E+00   0.00000E+00   0.00000E+00
      28   0.00000E+00   0.37500E+00   0.00000E+00   0.00000E+00
      29   0.12500E+00   0.37500E+00  -0.10957E-01   0.28998E-01
      30   0.25000E+00   0.37500E+00  -0.21967E-01   0.35549E-01
      31   0.37500E+00   0.37500E+00  -0.51190E-01   0.40823E-01
      32   0.50000E+00   0.37500E+00  -0.73311E-01   0.10717E-01
      33   0.62500E+00   0.37500E+00  -0.82437E-01  -0.18582E-01
      34   0.75000E+00   0.37500E+00  -0.67147E-01  -0.59076E-01
      35   0.87500E+00   0.37500E+00  -0.17840E-01  -0.38430E-01
      36   0.10000E+01   0.37500E+00   0.00000E+00   0.00000E+00
      37   0.00000E+00   0.50000E+00   0.00000E+00   0.00000E+00
      38   0.12500E+00   0.50000E+00   0.63808E-03   0.39317E-01
      39   0.25000E+00   0.50000E+00  -0.23966E-01   0.60844E-01
      40   0.37500E+00   0.50000E+00  -0.34627E-01   0.55414E-01
      41   0.50000E+00   0.50000E+00  -0.69561E-01   0.53182E-01
      42   0.62500E+00   0.50000E+00  -0.10137E+00  -0.20108E-01
      43   0.75000E+00   0.50000E+00  -0.89833E-01  -0.84380E-01
      44   0.87500E+00   0.50000E+00  -0.47997E-01  -0.10427E+00
      45   0.10000E+01   0.50000E+00   0.00000E+00   0.00000E+00
      46   0.00000E+00   0.62500E+00   0.00000E+00   0.00000E+00
      47   0.12500E+00   0.62500E+00  -0.72459E-02   0.45925E-01
      48   0.25000E+00   0.62500E+00   0.12642E-01   0.58951E-01
      49   0.37500E+00   0.62500E+00  -0.20714E-02   0.82681E-01
      50   0.50000E+00   0.62500E+00   0.42811E-02   0.54496E-01
      51   0.62500E+00   0.62500E+00  -0.34599E-01   0.49270E-01
      52   0.75000E+00   0.62500E+00  -0.99228E-01  -0.10067E+00
      53   0.87500E+00   0.62500E+00  -0.38389E-01  -0.19065E+00
      54   0.10000E+01   0.62500E+00   0.00000E+00   0.00000E+00
      55   0.00000E+00   0.75000E+00   0.00000E+00   0.00000E+00
      56   0.12500E+00   0.75000E+00   0.14670E-01   0.38500E-01
      57   0.25000E+00   0.75000E+00  -0.73496E-02   0.68507E-01
      58   0.37500E+00   0.75000E+00   0.36537E-01   0.43952E-01
      59   0.50000E+00   0.75000E+00   0.41437E-01   0.81972E-01
      60   0.62500E+00   0.75000E+00   0.85275E-01   0.16835E-01
      61   0.75000E+00   0.75000E+00   0.34289E-01   0.47382E-01
      62   0.87500E+00   0.75000E+00  -0.68107E-01  -0.29715E+00
      63   0.10000E+01   0.75000E+00   0.00000E+00   0.00000E+00
      64   0.00000E+00   0.87500E+00   0.00000E+00   0.00000E+00
      65   0.12500E+00   0.87500E+00   0.11915E-01   0.11915E-01
      66   0.25000E+00   0.87500E+00   0.76429E-01   0.52598E-01
      67   0.37500E+00   0.87500E+00   0.11071E+00  -0.18312E-01
      68   0.50000E+00   0.87500E+00   0.17123E+00   0.78825E-01
      69   0.62500E+00   0.87500E+00   0.19871E+00  -0.51340E-01
      70   0.75000E+00   0.87500E+00   0.25631E+00   0.10894E+00
      71   0.87500E+00   0.87500E+00   0.18263E+00  -0.18263E+00
      72   0.10000E+01   0.87500E+00   0.00000E+00   0.00000E+00
      73   0.00000E+00   0.10000E+01   0.10000E+01   0.00000E+00
      74   0.12500E+00   0.10000E+01   0.10000E+01   0.00000E+00
      75   0.25000E+00   0.10000E+01   0.10000E+01   0.00000E+00
      76   0.37500E+00   0.10000E+01   0.10000E+01   0.00000E+00
      77   0.50000E+00   0.10000E+01   0.10000E+01   0.00000E+00
      78   0.62500E+00   0.10000E+01   0.10000E+01   0.00000E+00
      79   0.75000E+00   0.10000E+01   0.10000E+01   0.00000E+00
      80   0.87500E+00   0.10000E+01   0.10000E+01   0.00000E+00
      81   0.10000E+01   0.10000E+01   0.10000E+01   0.00000E+00
  __________________________________________________


     Iteration No.  1     Error (root-mean-square value)=  0.7369E-01

     Iteration No.  2     Error (root-mean-square value)=  0.3272E-01

     Iteration No.  3     Error (root-mean-square value)=  0.1240E-01

     Iteration No.  4     Error (root-mean-square value)=  0.7621E-02

     Iteration No.  5     Error (root-mean-square value)=  0.5808E-02

     Iteration No.  6     Error (root-mean-square value)=  0.3074E-02

     Iteration No.  7     Error (root-mean-square value)=  0.1750E-02

     Iteration No.  8     Error (root-mean-square value)=  0.1442E-02

     Iteration No.  9     Error (root-mean-square value)=  0.8914E-03

     S O L U T I O N :


     Reynolds number, RENOLD.................=  0.7500E+03
  __________________________________________________

     Node    x-coord.      y-coord.     U      V  
  __________________________________________________

       1   0.00000E+00   0.00000E+00   0.00000E+00   0.00000E+00
       2   0.12500E+00   0.00000E+00   0.00000E+00   0.00000E+00
       3   0.25000E+00   0.00000E+00   0.00000E+00   0.00000E+00
       4   0.37500E+00   0.00000E+00   0.00000E+00   0.00000E+00
       5   0.50000E+00   0.00000E+00   0.00000E+00   0.00000E+00
       6   0.62500E+00   0.00000E+00   0.00000E+00   0.00000E+00
       7   0.75000E+00   0.00000E+00   0.00000E+00   0.00000E+00
       8   0.87500E+00   0.00000E+00   0.00000E+00   0.00000E+00
       9   0.10000E+01   0.00000E+00   0.00000E+00   0.00000E+00
      10   0.00000E+00   0.12500E+00   0.00000E+00   0.00000E+00
      11   0.12500E+00   0.12500E+00  -0.28325E-02   0.28325E-02
      12   0.25000E+00   0.12500E+00  -0.64068E-02   0.74183E-03
      13   0.37500E+00   0.12500E+00  -0.12304E-01   0.51558E-02
      14   0.50000E+00   0.12500E+00  -0.12813E-01  -0.46471E-02
      15   0.62500E+00   0.12500E+00  -0.77881E-02  -0.37786E-03
      16   0.75000E+00   0.12500E+00  -0.26542E-02  -0.47560E-02
      17   0.87500E+00   0.12500E+00   0.10509E-02   0.10509E-02
      18   0.10000E+01   0.12500E+00   0.00000E+00   0.00000E+00
      19   0.00000E+00   0.25000E+00   0.00000E+00   0.00000E+00
      20   0.12500E+00   0.25000E+00  -0.17434E-02   0.74084E-02
      21   0.25000E+00   0.25000E+00  -0.16168E-01   0.14165E-01
      22   0.37500E+00   0.25000E+00  -0.23604E-01   0.50667E-02
      23   0.50000E+00   0.25000E+00  -0.31995E-01   0.43416E-02
      24   0.62500E+00   0.25000E+00  -0.31221E-01  -0.15166E-01
      25   0.75000E+00   0.25000E+00  -0.15360E-01  -0.10962E-01
      26   0.87500E+00   0.25000E+00  -0.69550E-02  -0.48532E-02
      27   0.10000E+01   0.25000E+00   0.00000E+00   0.00000E+00
      28   0.00000E+00   0.37500E+00   0.00000E+00   0.00000E+00
      29   0.12500E+00   0.37500E+00  -0.93716E-02   0.18523E-01
      30   0.25000E+00   0.37500E+00  -0.12796E-01   0.20899E-01
      31   0.37500E+00   0.37500E+00  -0.36830E-01   0.29802E-01
      32   0.50000E+00   0.37500E+00  -0.53299E-01   0.44671E-02
      33   0.62500E+00   0.37500E+00  -0.59312E-01  -0.10054E-01
      34   0.75000E+00   0.37500E+00  -0.50321E-01  -0.40926E-01
      35   0.87500E+00   0.37500E+00  -0.10903E-01  -0.22712E-01
      36   0.10000E+01   0.37500E+00   0.00000E+00   0.00000E+00
      37   0.00000E+00   0.50000E+00   0.00000E+00   0.00000E+00
      38   0.12500E+00   0.50000E+00   0.41180E-02   0.23777E-01
      39   0.25000E+00   0.50000E+00  -0.20459E-01   0.43647E-01
      40   0.37500E+00   0.50000E+00  -0.25638E-01   0.36266E-01
      41   0.50000E+00   0.50000E+00  -0.56939E-01   0.45773E-01
      42   0.62500E+00   0.50000E+00  -0.85103E-01  -0.17183E-01
      43   0.75000E+00   0.50000E+00  -0.69614E-01  -0.58277E-01
      44   0.87500E+00   0.50000E+00  -0.40389E-01  -0.74004E-01
      45   0.10000E+01   0.50000E+00   0.00000E+00   0.00000E+00
      46   0.00000E+00   0.62500E+00   0.00000E+00   0.00000E+00
      47   0.12500E+00   0.62500E+00  -0.12199E-01   0.31858E-01
      48   0.25000E+00   0.62500E+00   0.14023E-01   0.33920E-01
      49   0.37500E+00   0.62500E+00  -0.32914E-02   0.68488E-01
      50   0.50000E+00   0.62500E+00   0.20382E-02   0.39523E-01
      51   0.62500E+00   0.62500E+00  -0.30939E-01   0.50208E-01
      52   0.75000E+00   0.62500E+00  -0.90545E-01  -0.81551E-01
      53   0.87500E+00   0.62500E+00  -0.28054E-01  -0.14245E+00
      54   0.10000E+01   0.62500E+00   0.00000E+00   0.00000E+00
      55   0.00000E+00   0.75000E+00   0.00000E+00   0.00000E+00
      56   0.12500E+00   0.75000E+00   0.27822E-01   0.16236E-01
      57   0.25000E+00   0.75000E+00  -0.72541E-02   0.58395E-01
      58   0.37500E+00   0.75000E+00   0.29975E-01   0.24098E-01
      59   0.50000E+00   0.75000E+00   0.32276E-01   0.76282E-01
      60   0.62500E+00   0.75000E+00   0.71834E-01   0.68691E-02
      61   0.75000E+00   0.75000E+00   0.35083E-01   0.58145E-01
      62   0.87500E+00   0.75000E+00  -0.69526E-01  -0.24003E+00
      63   0.10000E+01   0.75000E+00   0.00000E+00   0.00000E+00
      64   0.00000E+00   0.87500E+00   0.00000E+00   0.00000E+00
      65   0.12500E+00   0.87500E+00  -0.57928E-02  -0.57929E-02
      66   0.25000E+00   0.87500E+00   0.49061E-01   0.60646E-01
      67   0.37500E+00   0.87500E+00   0.71693E-01  -0.38014E-01
      68   0.50000E+00   0.87500E+00   0.12073E+00   0.87054E-01
      69   0.62500E+00   0.87500E+00   0.14253E+00  -0.65257E-01
      70   0.75000E+00   0.87500E+00   0.19341E+00   0.11614E+00
      71   0.87500E+00   0.87500E+00   0.15478E+00  -0.15478E+00
      72   0.10000E+01   0.87500E+00   0.00000E+00   0.00000E+00
      73   0.00000E+00   0.10000E+01   0.10000E+01   0.00000E+00
      74   0.12500E+00   0.10000E+01   0.10000E+01   0.00000E+00
      75   0.25000E+00   0.10000E+01   0.10000E+01   0.00000E+00
      76   0.37500E+00   0.10000E+01   0.10000E+01   0.00000E+00
      77   0.50000E+00   0.10000E+01   0.10000E+01   0.00000E+00
      78   0.62500E+00   0.10000E+01   0.10000E+01   0.00000E+00
      79   0.75000E+00   0.10000E+01   0.10000E+01   0.00000E+00
      80   0.87500E+00   0.10000E+01   0.10000E+01   0.00000E+00
      81   0.10000E+01   0.10000E+01   0.10000E+01   0.00000E+00
  __________________________________________________

