     *** ECHO OF THE INPUT DATA STARTS ***

Example 4.5: Nonlinear analysis of a problem                                    
  1.0  0.0  0.0  0.0  0.0  0.0     AX0,AX1,AU1,AU2,AUX1,AUX2                    
  0.0  0.0  -2.0  0.0  0.0  0.0     BX0,BX1,BU1,BU2,BUX1,BUX2                   
  0.0  0.0  0.0  0.0  0.0  0.0     CX0,CX1,CU1,CU2,CUX1,CUX2                    
  0.0  0.0  0.0  0.0  0.0  0.0     FX0,FX1,FX2                                  
                                                                                
  0.0  1.0                         X0,AL                                        
  1    8                           IEL, NEM                                     
  2    0   0                       NSPV, NSSV, NSMB                             
  1    1   1.0                     ISPV(I,J),VSPV(I)                            
  9    1   0.5                                                                  
  2    0                           NONLIN, NPRNT                                
  1    10   1.0E-03   0.0          NLS, ITMAX, EPS, GAMA                        
  1.0                              DP(I)                                        
  1.0  1.0  1.0  1.0  1.0  1.0  1.0  1.0  0.5          GP1(I)                   
                                                                                

     **** ECHO OF THE INPUT DATA ENDS ****

________________________________________________________________________________
        Output from computer program  FEM1DIUNSYM              by J. N. Reddy
________________________________________________________________________________


Example 4.5: Nonlinear analysis of a problem                                    

     A ONE-D SECOND-ORDER problem is analyzed

   P R O B L E M   D A T A:

     Coordinate of node 1 ....................... =   0.0000E+00
     Length of the domain modeled ............... =   0.1000E+01
     Coefficient of 1 in AX, AX0 ................ =   0.1000E+01
     Coefficient of x in AX, AX1 ................ =   0.0000E+00
     Coefficient of u in AX, AU1 ................ =   0.0000E+00
     Coefficient of u*u in AX, AU2 .............. =   0.0000E+00
     Coefficient of du/dx in AX, AUX1 ........... =   0.0000E+00
     Coefficient of (du/dx)*(du/dx) in AX, AUX2.. =   0.0000E+00
     Coefficient of 1 in BX, BX0 ................ =   0.0000E+00
     Coefficient of x in BX, BX1 ................ =   0.0000E+00
     Coefficient of u in BX, BU1 ................ =  -0.2000E+01
     Coefficient of u*u in BX, BU2 .............. =   0.0000E+00
     Coefficient of du/dx in BX, BUX1 ........... =   0.0000E+00
     Coefficient of (du/dx)*(du/dx) in BX, BUX2.. =   0.0000E+00
     Coefficient of 1 in CX, CX0 ................ =   0.0000E+00
     Coefficient of x in CX, CX1 ................ =   0.0000E+00
     Coefficient of u in CX, CU1 ................ =   0.0000E+00
     Coefficient of u*u in CX, CU2 .............. =   0.0000E+00
     Coefficient of du/dx in CX, CUX1 ........... =   0.0000E+00
     Coefficient of (du/dx)*(du/dx) in CX, CUX2.. =   0.0000E+00
     Coefficient of 1 in FX, FX0 ................ =   0.0000E+00
     Coefficient of x in FX, FX1................. =   0.0000E+00
     Coefficient of x*x in FX, FX2 .............. =   0.0000E+00


   M E S H   D A T A:

     Number of elements in the mesh, NEM......... =    8
     Type of element (1: linear; 2: quadratic) .. =    1
     Number of nodes in the mesh, NNM ........... =    9
     GLOBAL COORDINATES OF THE GLOBAL NODES ..... =

        0.0000E+00   0.1250E+00   0.2500E+00   0.3750E+00   0.5000E+00
        0.6250E+00   0.7500E+00   0.8750E+00   0.1000E+01

   B O U N D A R Y   D A T A:

     Number of specified PRIMARY variables ...... =    2
     Specified PRIMARY degrees of freedom ....... :

              1    1   0.1000E+01
              9    1   0.5000E+00

     *** NONLINEAR Analysis with NEWTON ITERATION ***


   NONLINEAR  A N A L Y S I S   D A T A:

     Number of load steps used, NLS ............. =    1
     Maximum allowable number of iterations ..... =   10
     Allowable convergence tolerance (EPS) ...... =   0.1000E-02
     Acceleration parameter:GAMA*GP2+(1-GAMA)*GP1 =   0.0000E+00

   INITIAL (GUESS) VECTOR:

     0.10000E+01  0.10000E+01  0.10000E+01  0.10000E+01  0.10000E+01  0.10000E+01  0.10000E+01  0.10000E+01  0.50000E+00

     First iteration solution at source value ... =  0.1000E+01

         0.00000E+00   -0.12373E+00   -0.21996E+00   -0.29480E+00
        -0.35302E+00   -0.39830E+00   -0.43351E+00   -0.46090E+00
         0.00000E+00

     Iteration Number =  1     Error=  0.4298E+00

         0.10000E+01    0.87627E+00    0.78004E+00    0.70520E+00
         0.64698E+00    0.60170E+00    0.56649E+00    0.53910E+00
         0.50000E+00

     Iteration Number =  2     Error=  0.1865E-01

         0.10000E+01    0.88854E+00    0.79956E+00    0.72686E+00
         0.66634E+00    0.61515E+00    0.57127E+00    0.53325E+00
         0.50000E+00


   STEP NUMBER =  1   SOURCE VALUE =  0.1000E+01

     Number of iterations taken for convergence.. =  3
     The Euclidean norm of the solution error ... =  0.4666E-04
     The CONVERGED solution is:

         0.10000E+01    0.88855E+00    0.79956E+00    0.72683E+00
         0.66629E+00    0.61509E+00    0.57123E+00    0.53323E+00
         0.50000E+00
