     *** ECHO OF THE INPUT DATA STARTS ***

Example: A 2-D Problem                                                          
    4   2  1  1   1  1  2   NPE,NGPF,NGPR,MESH,NPRNT,IGRAD,NONLIN               
    4   4                        NX, NY                                         
    0.0  0.045   0.045   0.045   0.045           X0, (DX(I), I=1,NX)            
    0.0  0.025  0.025  0.025  0.025      Y0, (DY(I), I=1,NY)                    
    10                             NSPV and next lines ISPV, VSPV               
    1 1   6 1   11 1   16 1   21 1   5 1   10 1   15 1   20 1   25 1            
                                                                                
    500.0  500.0  500.0  500.0  500.0  300.0  300.0  300.0  300.0  300.0        
                                                                                
    0                                    NSSV                                   
    0.2  0.0  0.0                   A10, A1X, A1Y                               
    0.2  0.0  0.0                   A20, A2X, A2Y                               
    0.0  0.0  0.0                   A00, A0X, A0Y                               
    0                                    ICONV                                  
    0.0  0.0  0.0                   F0,  FX,  FY                                
    4.0E-4  0.0  0.0  4.0E-4  0.0  0.0  A1U,A1UX,A1UY, A2U,A2UX,A2UY            
    1   10    0.001  0.0                NLS, ITMAX, EPS, GAMA                   
    0.0  0.0  0.0  0.0  0.0  0.0  0.0  0.0  0.0  0.0                            
    0.0  0.0  0.0  0.0  0.0  0.0  0.0  0.0  0.0  0.0                            
    0.0  0.0  0.0  0.0  0.0                          GLU(I)                     

     **** ECHO OF THE INPUT DATA ENDS ****

Example: A 2-D Problem                                                          
  ______________________________________________________________________

            OUTPUT FROM PROGRAM  *FEM2DUNSYM*  BY J.N. REDDY
  ______________________________________________________________________


     COEFFICIENTS OF THE DIFFERENTIAL EQUATION:

        Coefficient, A10 ........................=  0.2000E+00
        Coefficient, A1X ........................=  0.0000E+00
        Coefficient, A1Y ........................=  0.0000E+00
        Coefficient, A20 ........................=  0.2000E+00
        Coefficient, A2X ........................=  0.0000E+00
        Coefficient, A2Y ........................=  0.0000E+00
        Coefficient, A00 ........................=  0.0000E+00
        Coefficient, A0X ........................=  0.0000E+00
        Coefficient, A0Y ........................=  0.0000E+00


     CONTINUOUS SOURCE COEFFICIENTS:

        Coefficient, F0  ........................=  0.0000E+00
        Coefficient, FX  ........................=  0.0000E+00
        Coefficient, FY  ........................=  0.0000E+00


     NONLINEAR COEFFICIENTS OF THE EQUATION:

        Coefficient, A1U  .......................=  0.4000E-03
        Coefficient, A1UX .......................=  0.0000E+00
        Coefficient, A1UY .......................=  0.0000E+00
        Coefficient, A2U  .......................=  0.4000E-03
        Coefficient, A2UX .......................=  0.0000E+00
        Coefficient, A2UY .......................=  0.0000E+00


     NONLINEAR ANALYSIS DATA:

        Number of load steps, NLS ...............=   1
        Max. no. of iterations allowed, ITMAX ...=  10
        Type of iter. method used (1: DI; >1 NR).=   2
        Error tolerance, EPS ....................=  0.1000E-02
        Acceleration parameter, GAMA ............=  0.0000E+00


        *** A mesh of QUADRILATERALS is chosen by user ***

     FINITE ELEMENT MESH INFORMATION:

        Element type: 1 = LINEAR; 2=QUADRATIC)...=   1
        Number of nodes per element, NPE ........=   4
        No. of primary deg. of freedom/node, NDF =   1
        Number of elements in the mesh, NEM .....=  16
        Number of nodes in the mesh, NNM ........=  25
        Number of equations to be solved, NEQ ...=  25
        Half bandwidth of the matrix GLK, NHBW ..=   7
        Mesh subdivisions, NX and NY ............=   4   4

        No. of specified PRIMARY variables, NSPV =  10

     Connectivity Matrix, [NOD]

              1    1    2    7    6
              2    2    3    8    7
              3    3    4    9    8
              4    4    5   10    9
              5    6    7   12   11
              6    7    8   13   12
              7    8    9   14   13
              8    9   10   15   14
              9   11   12   17   16
             10   12   13   18   17
             11   13   14   19   18
             12   14   15   20   19
             13   16   17   22   21
             14   17   18   23   22
             15   18   19   24   23
             16   19   20   25   24
  ______________________________________________________________________

     Node   x-coord.   y-coord.    Speci. primary & secondary variables
                                      (0, unspecified; >0, specified)
                                         Primary DOF  Secondary DOF
  ______________________________________________________________________

       1  0.0000E+00  0.0000E+00                1             0
       2  0.4500E-01  0.0000E+00                0             0
       3  0.9000E-01  0.0000E+00                0             0
       4  0.1350E+00  0.0000E+00                0             0
       5  0.1800E+00  0.0000E+00                1             0
       6  0.0000E+00  0.2500E-01                1             0
       7  0.4500E-01  0.2500E-01                0             0
       8  0.9000E-01  0.2500E-01                0             0
       9  0.1350E+00  0.2500E-01                0             0
      10  0.1800E+00  0.2500E-01                1             0
      11  0.0000E+00  0.5000E-01                1             0
      12  0.4500E-01  0.5000E-01                0             0
      13  0.9000E-01  0.5000E-01                0             0
      14  0.1350E+00  0.5000E-01                0             0
      15  0.1800E+00  0.5000E-01                1             0
      16  0.0000E+00  0.7500E-01                1             0
      17  0.4500E-01  0.7500E-01                0             0
      18  0.9000E-01  0.7500E-01                0             0
      19  0.1350E+00  0.7500E-01                0             0
      20  0.1800E+00  0.7500E-01                1             0
      21  0.0000E+00  0.1000E+00                1             0
      22  0.4500E-01  0.1000E+00                0             0
      23  0.9000E-01  0.1000E+00                0             0
      24  0.1350E+00  0.1000E+00                0             0
      25  0.1800E+00  0.1000E+00                1             0
  ______________________________________________________________________


     NUMERICAL INTEGRATION DATA (Gauss Points):

        Full quadrature (NGPF x NGPF) rule, NGPF =   2
        Reduced quadrature (NGPR x NGPR),   NGPR =   1


        *** The NEWTON iteration scheme is used ***

     Element coefficient matrix: 

           0.15704E+00   0.22963E-01  -0.78519E-01  -0.10148E+00
           0.22963E-01   0.15704E+00  -0.10148E+00  -0.78519E-01
          -0.78519E-01  -0.10148E+00   0.15704E+00   0.22963E-01
          -0.10148E+00  -0.78519E-01   0.22963E-01   0.15704E+00

     Element source vector:

           0.00000E+00   0.00000E+00   0.00000E+00   0.00000E+00

     LINEAR SOLUTION at the first iteration:

  __________________________________________________

     Node    x-coord.      y-coord.     SOLUTION  
  __________________________________________________

       1   0.00000E+00   0.00000E+00   0.50000E+03
       2   0.45000E-01   0.00000E+00   0.45000E+03
       3   0.90000E-01   0.00000E+00   0.40000E+03
       4   0.13500E+00   0.00000E+00   0.35000E+03
       5   0.18000E+00   0.00000E+00   0.30000E+03
       6   0.00000E+00   0.25000E-01   0.50000E+03
       7   0.45000E-01   0.25000E-01   0.45000E+03
       8   0.90000E-01   0.25000E-01   0.40000E+03
       9   0.13500E+00   0.25000E-01   0.35000E+03
      10   0.18000E+00   0.25000E-01   0.30000E+03
      11   0.00000E+00   0.50000E-01   0.50000E+03
      12   0.45000E-01   0.50000E-01   0.45000E+03
      13   0.90000E-01   0.50000E-01   0.40000E+03
      14   0.13500E+00   0.50000E-01   0.35000E+03
      15   0.18000E+00   0.50000E-01   0.30000E+03
      16   0.00000E+00   0.75000E-01   0.50000E+03
      17   0.45000E-01   0.75000E-01   0.45000E+03
      18   0.90000E-01   0.75000E-01   0.40000E+03
      19   0.13500E+00   0.75000E-01   0.35000E+03
      20   0.18000E+00   0.75000E-01   0.30000E+03
      21   0.00000E+00   0.10000E+00   0.50000E+03
      22   0.45000E-01   0.10000E+00   0.45000E+03
      23   0.90000E-01   0.10000E+00   0.40000E+03
      24   0.13500E+00   0.10000E+00   0.35000E+03
      25   0.18000E+00   0.10000E+00   0.30000E+03
  __________________________________________________


     Iteration No.  1     Error (root-mean-square value)=  0.1000E+01

     Element coefficient matrix: 

           0.31107E+00   0.46630E-01  -0.15219E+00  -0.19996E+00
           0.42926E-01   0.30137E+00  -0.19581E+00  -0.15404E+00
          -0.15404E+00  -0.19581E+00   0.30137E+00   0.42926E-01
          -0.19996E+00  -0.15219E+00   0.46630E-01   0.31107E+00

     Element source vector:

          -0.54167E+01   0.54167E+01   0.54167E+01  -0.54167E+01

     Iteration No.  2     Error (root-mean-square value)=  0.8878E-02

     Element coefficient matrix: 

           0.31131E+00   0.46574E-01  -0.15257E+00  -0.20020E+00
           0.43163E-01   0.30237E+00  -0.19638E+00  -0.15427E+00
          -0.15427E+00  -0.19638E+00   0.30237E+00   0.43163E-01
          -0.20020E+00  -0.15257E+00   0.46574E-01   0.31131E+00

     Element source vector:

          -0.49991E+01   0.49991E+01   0.49991E+01  -0.49991E+01

     Iteration No.  3     Error (root-mean-square value)=  0.2413E-04

     S O L U T I O N :

  __________________________________________________

     Node    x-coord.      y-coord.     SOLUTION  
  __________________________________________________

       1   0.00000E+00   0.00000E+00   0.50000E+03
       2   0.45000E-01   0.00000E+00   0.45394E+03
       3   0.90000E-01   0.00000E+00   0.40554E+03
       4   0.13500E+00   0.00000E+00   0.35440E+03
       5   0.18000E+00   0.00000E+00   0.30000E+03
       6   0.00000E+00   0.25000E-01   0.50000E+03
       7   0.45000E-01   0.25000E-01   0.45394E+03
       8   0.90000E-01   0.25000E-01   0.40554E+03
       9   0.13500E+00   0.25000E-01   0.35440E+03
      10   0.18000E+00   0.25000E-01   0.30000E+03
      11   0.00000E+00   0.50000E-01   0.50000E+03
      12   0.45000E-01   0.50000E-01   0.45394E+03
      13   0.90000E-01   0.50000E-01   0.40554E+03
      14   0.13500E+00   0.50000E-01   0.35440E+03
      15   0.18000E+00   0.50000E-01   0.30000E+03
      16   0.00000E+00   0.75000E-01   0.50000E+03
      17   0.45000E-01   0.75000E-01   0.45394E+03
      18   0.90000E-01   0.75000E-01   0.40554E+03
      19   0.13500E+00   0.75000E-01   0.35440E+03
      20   0.18000E+00   0.75000E-01   0.30000E+03
      21   0.00000E+00   0.10000E+00   0.50000E+03
      22   0.45000E-01   0.10000E+00   0.45394E+03
      23   0.90000E-01   0.10000E+00   0.40554E+03
      24   0.13500E+00   0.10000E+00   0.35440E+03
      25   0.18000E+00   0.10000E+00   0.30000E+03
  __________________________________________________

  _____________________________________________________________________________

    The orientation of  gradient vector is measured from the positive x-axis

    x-coord.     y-coord.   -a11(du/dx)  -a22(du/dy)   Flux Mgntd  Orientation
  _____________________________________________________________________________

   0.2250E-01   0.1250E-01   0.4000E+03   0.0000E+00   0.4000E+03      0.00
   0.6750E-01   0.1250E-01   0.4000E+03  -0.6765E-12   0.4000E+03     -0.00
   0.1125E+00   0.1250E-01   0.4000E+03  -0.3201E-12   0.4000E+03     -0.00
   0.1575E+00   0.1250E-01   0.4000E+03  -0.3009E-12   0.4000E+03     -0.00
   0.2250E-01   0.3750E-01   0.4000E+03   0.0000E+00   0.4000E+03      0.00
   0.6750E-01   0.3750E-01   0.4000E+03   0.6765E-12   0.4000E+03      0.00
   0.1125E+00   0.3750E-01   0.4000E+03  -0.3201E-12   0.4000E+03     -0.00
   0.1575E+00   0.3750E-01   0.4000E+03  -0.3009E-12   0.4000E+03     -0.00
   0.2250E-01   0.6250E-01   0.4000E+03  -0.7108E-12   0.4000E+03     -0.00
   0.6750E-01   0.6250E-01   0.4000E+03  -0.6765E-12   0.4000E+03     -0.00
   0.1125E+00   0.6250E-01   0.4000E+03   0.0000E+00   0.4000E+03      0.00
   0.1575E+00   0.6250E-01   0.4000E+03   0.0000E+00   0.4000E+03      0.00
   0.2250E-01   0.8750E-01   0.4000E+03   0.0000E+00   0.4000E+03      0.00
   0.6750E-01   0.8750E-01   0.4000E+03   0.0000E+00   0.4000E+03      0.00
   0.1125E+00   0.8750E-01   0.4000E+03  -0.6403E-12   0.4000E+03     -0.00
   0.1575E+00   0.8750E-01   0.4000E+03  -0.3009E-12   0.4000E+03     -0.00
  _____________________________________________________________________________

