     *** ECHO OF THE INPUT DATA STARTS ***

Example: A 2-D Problem                                                          
    9   3  2  1   1  1  2   NPE,NGPF,NGPR,MESH,NPRNT,IGRAD,NONLIN               
    4   4                        NX, NY                                         
    0.0  0.045   0.045   0.045   0.045      X0, (DX(I), I=1,NX)                 
    0.0  0.025   0.025   0.025   0.025      Y0, (DY(I), I=1,NY)                 
    18                             NSPV and next lines ISPV, VSPV               
    1 1   10 1   19 1   28 1   37 1   46 1   55 1   64 1   73 1                 
    9 1   18 1   27 1   36 1   45 1   54 1   63 1   72 1   81 1                 
                                                                                
    500.0  500.0  500.0  500.0  500.0  500.0  500.0  500.0  500.0               
    300.0  300.0  300.0  300.0  300.0  300.0  300.0  300.0  300.0               
                                                                                
    0                                    NSSV                                   
    0.2  0.0  0.0                   A10, A1X, A1Y                               
    0.2  0.0  0.0                   A20, A2X, A2Y                               
    0.0  0.0  0.0                   A00, A0X, A0Y                               
    0                                    ICONV                                  
    0.0  0.0  0.0                   F0,  FX,  FY                                
    4.0E-4  0.0  0.0  4.0E-4  0.0  0.0  A1U,A1UX,A1UY, A2U,A2UX,A2UY            
    1   10    0.001  0.0                NLS, ITMAX, EPS, GAMA                   
    0.0  0.0  0.0  0.0  0.0  0.0  0.0  0.0  0.0  0.0                            
    0.0  0.0  0.0  0.0  0.0  0.0  0.0  0.0  0.0  0.0                            
    0.0  0.0  0.0  0.0  0.0  0.0  0.0  0.0  0.0  0.0                            
    0.0  0.0  0.0  0.0  0.0  0.0  0.0  0.0  0.0  0.0                            
    0.0  0.0  0.0  0.0  0.0  0.0  0.0  0.0  0.0  0.0                            
    0.0  0.0  0.0  0.0  0.0  0.0  0.0  0.0  0.0  0.0                            
    0.0  0.0  0.0  0.0  0.0  0.0  0.0  0.0  0.0  0.0                            
    0.0  0.0  0.0  0.0  0.0  0.0  0.0  0.0  0.0  0.0                            
    0.0                                                GLU(I)                   

     **** ECHO OF THE INPUT DATA ENDS ****

Example: A 2-D Problem                                                          
  ______________________________________________________________________

            OUTPUT FROM PROGRAM  *FEM2DUNSYM*  BY J.N. REDDY
  ______________________________________________________________________


     COEFFICIENTS OF THE DIFFERENTIAL EQUATION:

        Coefficient, A10 ........................=  0.2000E+00
        Coefficient, A1X ........................=  0.0000E+00
        Coefficient, A1Y ........................=  0.0000E+00
        Coefficient, A20 ........................=  0.2000E+00
        Coefficient, A2X ........................=  0.0000E+00
        Coefficient, A2Y ........................=  0.0000E+00
        Coefficient, A00 ........................=  0.0000E+00
        Coefficient, A0X ........................=  0.0000E+00
        Coefficient, A0Y ........................=  0.0000E+00


     CONTINUOUS SOURCE COEFFICIENTS:

        Coefficient, F0  ........................=  0.0000E+00
        Coefficient, FX  ........................=  0.0000E+00
        Coefficient, FY  ........................=  0.0000E+00


     NONLINEAR COEFFICIENTS OF THE EQUATION:

        Coefficient, A1U  .......................=  0.4000E-03
        Coefficient, A1UX .......................=  0.0000E+00
        Coefficient, A1UY .......................=  0.0000E+00
        Coefficient, A2U  .......................=  0.4000E-03
        Coefficient, A2UX .......................=  0.0000E+00
        Coefficient, A2UY .......................=  0.0000E+00


     NONLINEAR ANALYSIS DATA:

        Number of load steps, NLS ...............=   1
        Max. no. of iterations allowed, ITMAX ...=  10
        Type of iter. method used (1: DI; >1 NR).=   2
        Error tolerance, EPS ....................=  0.1000E-02
        Acceleration parameter, GAMA ............=  0.0000E+00


        *** A mesh of QUADRILATERALS is chosen by user ***

     FINITE ELEMENT MESH INFORMATION:

        Element type: 1 = LINEAR; 2=QUADRATIC)...=   2
        Number of nodes per element, NPE ........=   9
        No. of primary deg. of freedom/node, NDF =   1
        Number of elements in the mesh, NEM .....=  16
        Number of nodes in the mesh, NNM ........=  81
        Number of equations to be solved, NEQ ...=  81
        Half bandwidth of the matrix GLK, NHBW ..=  21
        Mesh subdivisions, NX and NY ............=   4   4

        No. of specified PRIMARY variables, NSPV =  18

     Connectivity Matrix, [NOD]

              1    1    3   21   19    2   12   20   10   11
              2    3    5   23   21    4   14   22   12   13
              3    5    7   25   23    6   16   24   14   15
              4    7    9   27   25    8   18   26   16   17
              5   19   21   39   37   20   30   38   28   29
              6   21   23   41   39   22   32   40   30   31
              7   23   25   43   41   24   34   42   32   33
              8   25   27   45   43   26   36   44   34   35
              9   37   39   57   55   38   48   56   46   47
             10   39   41   59   57   40   50   58   48   49
             11   41   43   61   59   42   52   60   50   51
             12   43   45   63   61   44   54   62   52   53
             13   55   57   75   73   56   66   74   64   65
             14   57   59   77   75   58   68   76   66   67
             15   59   61   79   77   60   70   78   68   69
             16   61   63   81   79   62   72   80   70   71
  ______________________________________________________________________

     Node   x-coord.   y-coord.    Speci. primary & secondary variables
                                      (0, unspecified; >0, specified)
                                         Primary DOF  Secondary DOF
  ______________________________________________________________________

       1  0.0000E+00  0.0000E+00                1             0
       2  0.2250E-01  0.0000E+00                0             0
       3  0.4500E-01  0.0000E+00                0             0
       4  0.6750E-01  0.0000E+00                0             0
       5  0.9000E-01  0.0000E+00                0             0
       6  0.1125E+00  0.0000E+00                0             0
       7  0.1350E+00  0.0000E+00                0             0
       8  0.1575E+00  0.0000E+00                0             0
       9  0.1800E+00  0.0000E+00                1             0
      10  0.0000E+00  0.1250E-01                1             0
      11  0.2250E-01  0.1250E-01                0             0
      12  0.4500E-01  0.1250E-01                0             0
      13  0.6750E-01  0.1250E-01                0             0
      14  0.9000E-01  0.1250E-01                0             0
      15  0.1125E+00  0.1250E-01                0             0
      16  0.1350E+00  0.1250E-01                0             0
      17  0.1575E+00  0.1250E-01                0             0
      18  0.1800E+00  0.1250E-01                1             0
      19  0.0000E+00  0.2500E-01                1             0
      20  0.2250E-01  0.2500E-01                0             0
      21  0.4500E-01  0.2500E-01                0             0
      22  0.6750E-01  0.2500E-01                0             0
      23  0.9000E-01  0.2500E-01                0             0
      24  0.1125E+00  0.2500E-01                0             0
      25  0.1350E+00  0.2500E-01                0             0
      26  0.1575E+00  0.2500E-01                0             0
      27  0.1800E+00  0.2500E-01                1             0
      28  0.0000E+00  0.3750E-01                1             0
      29  0.2250E-01  0.3750E-01                0             0
      30  0.4500E-01  0.3750E-01                0             0
      31  0.6750E-01  0.3750E-01                0             0
      32  0.9000E-01  0.3750E-01                0             0
      33  0.1125E+00  0.3750E-01                0             0
      34  0.1350E+00  0.3750E-01                0             0
      35  0.1575E+00  0.3750E-01                0             0
      36  0.1800E+00  0.3750E-01                1             0
      37  0.0000E+00  0.5000E-01                1             0
      38  0.2250E-01  0.5000E-01                0             0
      39  0.4500E-01  0.5000E-01                0             0
      40  0.6750E-01  0.5000E-01                0             0
      41  0.9000E-01  0.5000E-01                0             0
      42  0.1125E+00  0.5000E-01                0             0
      43  0.1350E+00  0.5000E-01                0             0
      44  0.1575E+00  0.5000E-01                0             0
      45  0.1800E+00  0.5000E-01                1             0
      46  0.0000E+00  0.6250E-01                1             0
      47  0.2250E-01  0.6250E-01                0             0
      48  0.4500E-01  0.6250E-01                0             0
      49  0.6750E-01  0.6250E-01                0             0
      50  0.9000E-01  0.6250E-01                0             0
      51  0.1125E+00  0.6250E-01                0             0
      52  0.1350E+00  0.6250E-01                0             0
      53  0.1575E+00  0.6250E-01                0             0
      54  0.1800E+00  0.6250E-01                1             0
      55  0.0000E+00  0.7500E-01                1             0
      56  0.2250E-01  0.7500E-01                0             0
      57  0.4500E-01  0.7500E-01                0             0
      58  0.6750E-01  0.7500E-01                0             0
      59  0.9000E-01  0.7500E-01                0             0
      60  0.1125E+00  0.7500E-01                0             0
      61  0.1350E+00  0.7500E-01                0             0
      62  0.1575E+00  0.7500E-01                0             0
      63  0.1800E+00  0.7500E-01                1             0
      64  0.0000E+00  0.8750E-01                1             0
      65  0.2250E-01  0.8750E-01                0             0
      66  0.4500E-01  0.8750E-01                0             0
      67  0.6750E-01  0.8750E-01                0             0
      68  0.9000E-01  0.8750E-01                0             0
      69  0.1125E+00  0.8750E-01                0             0
      70  0.1350E+00  0.8750E-01                0             0
      71  0.1575E+00  0.8750E-01                0             0
      72  0.1800E+00  0.8750E-01                1             0
      73  0.0000E+00  0.1000E+00                1             0
      74  0.2250E-01  0.1000E+00                0             0
      75  0.4500E-01  0.1000E+00                0             0
      76  0.6750E-01  0.1000E+00                0             0
      77  0.9000E-01  0.1000E+00                0             0
      78  0.1125E+00  0.1000E+00                0             0
      79  0.1350E+00  0.1000E+00                0             0
      80  0.1575E+00  0.1000E+00                0             0
      81  0.1800E+00  0.1000E+00                1             0
  ______________________________________________________________________


     NUMERICAL INTEGRATION DATA (Gauss Points):

        Full quadrature (NGPF x NGPF) rule, NGPF =   3
        Reduced quadrature (NGPR x NGPR),   NGPR =   2


        *** The NEWTON iteration scheme is used ***

     Element coefficient matrix: 

           0.14657E+00  -0.23062E-01  -0.52346E-02   0.73580E-02   0.16494E-01
           0.34469E-01   0.17877E-01  -0.11072E+00  -0.83753E-01
          -0.23062E-01   0.14657E+00   0.73580E-02  -0.52346E-02   0.16494E-01
          -0.11072E+00   0.17877E-01   0.34469E-01  -0.83753E-01
          -0.52346E-02   0.73580E-02   0.14657E+00  -0.23062E-01   0.17877E-01
          -0.11072E+00   0.16494E-01   0.34469E-01  -0.83753E-01
           0.73580E-02  -0.52346E-02  -0.23062E-01   0.14657E+00   0.17877E-01
           0.34469E-01   0.16494E-01  -0.11072E+00  -0.83753E-01
           0.16494E-01   0.16494E-01   0.17877E-01   0.17877E-01   0.52701E+00
          -0.83753E-01   0.44247E-01  -0.83753E-01  -0.47249E+00
           0.34469E-01  -0.11072E+00  -0.11072E+00   0.34469E-01  -0.83753E-01
           0.39427E+00  -0.83753E-01  -0.44247E-01  -0.30025E-01
           0.17877E-01   0.17877E-01   0.16494E-01   0.16494E-01   0.44247E-01
          -0.83753E-01   0.52701E+00  -0.83753E-01  -0.47249E+00
          -0.11072E+00   0.34469E-01   0.34469E-01  -0.11072E+00  -0.83753E-01
          -0.44247E-01  -0.83753E-01   0.39427E+00  -0.30025E-01
          -0.83753E-01  -0.83753E-01  -0.83753E-01  -0.83753E-01  -0.47249E+00
          -0.30025E-01  -0.47249E+00  -0.30025E-01   0.13400E+01

     Element source vector:

           0.00000E+00   0.00000E+00   0.00000E+00   0.00000E+00   0.00000E+00
           0.00000E+00   0.00000E+00   0.00000E+00   0.00000E+00

     LINEAR SOLUTION at the first iteration:

  __________________________________________________

     Node    x-coord.      y-coord.     SOLUTION  
  __________________________________________________

       1   0.00000E+00   0.00000E+00   0.50000E+03
       2   0.22500E-01   0.00000E+00   0.47500E+03
       3   0.45000E-01   0.00000E+00   0.45000E+03
       4   0.67500E-01   0.00000E+00   0.42500E+03
       5   0.90000E-01   0.00000E+00   0.40000E+03
       6   0.11250E+00   0.00000E+00   0.37500E+03
       7   0.13500E+00   0.00000E+00   0.35000E+03
       8   0.15750E+00   0.00000E+00   0.32500E+03
       9   0.18000E+00   0.00000E+00   0.30000E+03
      10   0.00000E+00   0.12500E-01   0.50000E+03
      11   0.22500E-01   0.12500E-01   0.47500E+03
      12   0.45000E-01   0.12500E-01   0.45000E+03
      13   0.67500E-01   0.12500E-01   0.42500E+03
      14   0.90000E-01   0.12500E-01   0.40000E+03
      15   0.11250E+00   0.12500E-01   0.37500E+03
      16   0.13500E+00   0.12500E-01   0.35000E+03
      17   0.15750E+00   0.12500E-01   0.32500E+03
      18   0.18000E+00   0.12500E-01   0.30000E+03
      19   0.00000E+00   0.25000E-01   0.50000E+03
      20   0.22500E-01   0.25000E-01   0.47500E+03
      21   0.45000E-01   0.25000E-01   0.45000E+03
      22   0.67500E-01   0.25000E-01   0.42500E+03
      23   0.90000E-01   0.25000E-01   0.40000E+03
      24   0.11250E+00   0.25000E-01   0.37500E+03
      25   0.13500E+00   0.25000E-01   0.35000E+03
      26   0.15750E+00   0.25000E-01   0.32500E+03
      27   0.18000E+00   0.25000E-01   0.30000E+03
      28   0.00000E+00   0.37500E-01   0.50000E+03
      29   0.22500E-01   0.37500E-01   0.47500E+03
      30   0.45000E-01   0.37500E-01   0.45000E+03
      31   0.67500E-01   0.37500E-01   0.42500E+03
      32   0.90000E-01   0.37500E-01   0.40000E+03
      33   0.11250E+00   0.37500E-01   0.37500E+03
      34   0.13500E+00   0.37500E-01   0.35000E+03
      35   0.15750E+00   0.37500E-01   0.32500E+03
      36   0.18000E+00   0.37500E-01   0.30000E+03
      37   0.00000E+00   0.50000E-01   0.50000E+03
      38   0.22500E-01   0.50000E-01   0.47500E+03
      39   0.45000E-01   0.50000E-01   0.45000E+03
      40   0.67500E-01   0.50000E-01   0.42500E+03
      41   0.90000E-01   0.50000E-01   0.40000E+03
      42   0.11250E+00   0.50000E-01   0.37500E+03
      43   0.13500E+00   0.50000E-01   0.35000E+03
      44   0.15750E+00   0.50000E-01   0.32500E+03
      45   0.18000E+00   0.50000E-01   0.30000E+03
      46   0.00000E+00   0.62500E-01   0.50000E+03
      47   0.22500E-01   0.62500E-01   0.47500E+03
      48   0.45000E-01   0.62500E-01   0.45000E+03
      49   0.67500E-01   0.62500E-01   0.42500E+03
      50   0.90000E-01   0.62500E-01   0.40000E+03
      51   0.11250E+00   0.62500E-01   0.37500E+03
      52   0.13500E+00   0.62500E-01   0.35000E+03
      53   0.15750E+00   0.62500E-01   0.32500E+03
      54   0.18000E+00   0.62500E-01   0.30000E+03
      55   0.00000E+00   0.75000E-01   0.50000E+03
      56   0.22500E-01   0.75000E-01   0.47500E+03
      57   0.45000E-01   0.75000E-01   0.45000E+03
      58   0.67500E-01   0.75000E-01   0.42500E+03
      59   0.90000E-01   0.75000E-01   0.40000E+03
      60   0.11250E+00   0.75000E-01   0.37500E+03
      61   0.13500E+00   0.75000E-01   0.35000E+03
      62   0.15750E+00   0.75000E-01   0.32500E+03
      63   0.18000E+00   0.75000E-01   0.30000E+03
      64   0.00000E+00   0.87500E-01   0.50000E+03
      65   0.22500E-01   0.87500E-01   0.47500E+03
      66   0.45000E-01   0.87500E-01   0.45000E+03
      67   0.67500E-01   0.87500E-01   0.42500E+03
      68   0.90000E-01   0.87500E-01   0.40000E+03
      69   0.11250E+00   0.87500E-01   0.37500E+03
      70   0.13500E+00   0.87500E-01   0.35000E+03
      71   0.15750E+00   0.87500E-01   0.32500E+03
      72   0.18000E+00   0.87500E-01   0.30000E+03
      73   0.00000E+00   0.10000E+00   0.50000E+03
      74   0.22500E-01   0.10000E+00   0.47500E+03
      75   0.45000E-01   0.10000E+00   0.45000E+03
      76   0.67500E-01   0.10000E+00   0.42500E+03
      77   0.90000E-01   0.10000E+00   0.40000E+03
      78   0.11250E+00   0.10000E+00   0.37500E+03
      79   0.13500E+00   0.10000E+00   0.35000E+03
      80   0.15750E+00   0.10000E+00   0.32500E+03
      81   0.18000E+00   0.10000E+00   0.30000E+03
  __________________________________________________


     Iteration No.  1     Error (root-mean-square value)=  0.1000E+01

     Element coefficient matrix: 

           0.29174E+00  -0.45217E-01  -0.10146E-01   0.14516E-01   0.34963E-01
           0.67091E-01   0.35259E-01  -0.21983E+00  -0.16652E+00
          -0.44723E-01   0.27988E+00   0.14180E-01  -0.10269E-01   0.29363E-01
          -0.21196E+00   0.34459E-01   0.67338E-01  -0.16012E+00
          -0.10269E-01   0.14180E-01   0.27988E+00  -0.44723E-01   0.34459E-01
          -0.21196E+00   0.29363E-01   0.67338E-01  -0.16012E+00
           0.14516E-01  -0.10146E-01  -0.45217E-01   0.29174E+00   0.35259E-01
           0.67091E-01   0.34963E-01  -0.21983E+00  -0.16652E+00
           0.32988E-01   0.31338E-01   0.33965E-01   0.35753E-01   0.10277E+01
          -0.15913E+00   0.86281E-01  -0.16751E+00  -0.92136E+00
           0.67338E-01  -0.21196E+00  -0.21196E+00   0.67338E-01  -0.16012E+00
           0.75232E+00  -0.16012E+00  -0.85294E-01  -0.64948E-01
           0.35753E-01   0.33965E-01   0.31338E-01   0.32988E-01   0.86281E-01
          -0.15913E+00   0.10277E+01  -0.16751E+00  -0.92136E+00
          -0.21983E+00   0.67091E-01   0.67091E-01  -0.21983E+00  -0.16652E+00
          -0.87269E-01  -0.16652E+00   0.78534E+00  -0.52148E-01
          -0.16751E+00  -0.15913E+00  -0.15913E+00  -0.16751E+00  -0.92136E+00
          -0.57047E-01  -0.92136E+00  -0.60049E-01   0.26131E+01

     Element source vector:

          -0.18364E+01   0.17747E+01   0.17747E+01  -0.18364E+01   0.61728E-01
           0.70988E+01   0.61728E-01  -0.73457E+01   0.24691E+00

     Iteration No.  2     Error (root-mean-square value)=  0.9391E-02

     Element coefficient matrix: 

           0.29187E+00  -0.45297E-01  -0.10172E-01   0.14536E-01   0.34802E-01
           0.67243E-01   0.35304E-01  -0.21999E+00  -0.16662E+00
          -0.44842E-01   0.28095E+00   0.14227E-01  -0.10285E-01   0.29644E-01
          -0.21274E+00   0.34567E-01   0.67470E-01  -0.16072E+00
          -0.10285E-01   0.14227E-01   0.28095E+00  -0.44842E-01   0.34567E-01
          -0.21274E+00   0.29644E-01   0.67470E-01  -0.16072E+00
           0.14536E-01  -0.10172E-01  -0.45297E-01   0.29187E+00   0.35304E-01
           0.67243E-01   0.34802E-01  -0.21999E+00  -0.16662E+00
           0.33004E-01   0.31485E-01   0.34107E-01   0.35754E-01   0.10300E+01
          -0.15980E+00   0.86479E-01  -0.16752E+00  -0.92346E+00
           0.67470E-01  -0.21274E+00  -0.21274E+00   0.67470E-01  -0.16072E+00
           0.75522E+00  -0.16072E+00  -0.85569E-01  -0.64602E-01
           0.35754E-01   0.34107E-01   0.31485E-01   0.33004E-01   0.86479E-01
          -0.15980E+00   0.10300E+01  -0.16752E+00  -0.92346E+00
          -0.21999E+00   0.67243E-01   0.67243E-01  -0.21999E+00  -0.16662E+00
          -0.87388E-01  -0.16662E+00   0.78564E+00  -0.52813E-01
          -0.16752E+00  -0.15980E+00  -0.15980E+00  -0.16752E+00  -0.92346E+00
          -0.57239E-01  -0.92346E+00  -0.60005E-01   0.26190E+01

     Element source vector:

          -0.16665E+01   0.16662E+01   0.16662E+01  -0.16665E+01   0.27375E-03
           0.66650E+01   0.27375E-03  -0.66661E+01   0.10950E-02

     Iteration No.  3     Error (root-mean-square value)=  0.2538E-04

     S O L U T I O N :

  __________________________________________________

     Node    x-coord.      y-coord.     SOLUTION  
  __________________________________________________

       1   0.00000E+00   0.00000E+00   0.50000E+03
       2   0.22500E-01   0.00000E+00   0.47724E+03
       3   0.45000E-01   0.00000E+00   0.45394E+03
       4   0.67500E-01   0.00000E+00   0.43005E+03
       5   0.90000E-01   0.00000E+00   0.40554E+03
       6   0.11250E+00   0.00000E+00   0.38034E+03
       7   0.13500E+00   0.00000E+00   0.35440E+03
       8   0.15750E+00   0.00000E+00   0.32765E+03
       9   0.18000E+00   0.00000E+00   0.30000E+03
      10   0.00000E+00   0.12500E-01   0.50000E+03
      11   0.22500E-01   0.12500E-01   0.47724E+03
      12   0.45000E-01   0.12500E-01   0.45394E+03
      13   0.67500E-01   0.12500E-01   0.43005E+03
      14   0.90000E-01   0.12500E-01   0.40554E+03
      15   0.11250E+00   0.12500E-01   0.38034E+03
      16   0.13500E+00   0.12500E-01   0.35440E+03
      17   0.15750E+00   0.12500E-01   0.32765E+03
      18   0.18000E+00   0.12500E-01   0.30000E+03
      19   0.00000E+00   0.25000E-01   0.50000E+03
      20   0.22500E-01   0.25000E-01   0.47724E+03
      21   0.45000E-01   0.25000E-01   0.45394E+03
      22   0.67500E-01   0.25000E-01   0.43005E+03
      23   0.90000E-01   0.25000E-01   0.40554E+03
      24   0.11250E+00   0.25000E-01   0.38034E+03
      25   0.13500E+00   0.25000E-01   0.35440E+03
      26   0.15750E+00   0.25000E-01   0.32765E+03
      27   0.18000E+00   0.25000E-01   0.30000E+03
      28   0.00000E+00   0.37500E-01   0.50000E+03
      29   0.22500E-01   0.37500E-01   0.47724E+03
      30   0.45000E-01   0.37500E-01   0.45394E+03
      31   0.67500E-01   0.37500E-01   0.43005E+03
      32   0.90000E-01   0.37500E-01   0.40554E+03
      33   0.11250E+00   0.37500E-01   0.38034E+03
      34   0.13500E+00   0.37500E-01   0.35440E+03
      35   0.15750E+00   0.37500E-01   0.32765E+03
      36   0.18000E+00   0.37500E-01   0.30000E+03
      37   0.00000E+00   0.50000E-01   0.50000E+03
      38   0.22500E-01   0.50000E-01   0.47724E+03
      39   0.45000E-01   0.50000E-01   0.45394E+03
      40   0.67500E-01   0.50000E-01   0.43005E+03
      41   0.90000E-01   0.50000E-01   0.40554E+03
      42   0.11250E+00   0.50000E-01   0.38034E+03
      43   0.13500E+00   0.50000E-01   0.35440E+03
      44   0.15750E+00   0.50000E-01   0.32765E+03
      45   0.18000E+00   0.50000E-01   0.30000E+03
      46   0.00000E+00   0.62500E-01   0.50000E+03
      47   0.22500E-01   0.62500E-01   0.47724E+03
      48   0.45000E-01   0.62500E-01   0.45394E+03
      49   0.67500E-01   0.62500E-01   0.43005E+03
      50   0.90000E-01   0.62500E-01   0.40554E+03
      51   0.11250E+00   0.62500E-01   0.38034E+03
      52   0.13500E+00   0.62500E-01   0.35440E+03
      53   0.15750E+00   0.62500E-01   0.32765E+03
      54   0.18000E+00   0.62500E-01   0.30000E+03
      55   0.00000E+00   0.75000E-01   0.50000E+03
      56   0.22500E-01   0.75000E-01   0.47724E+03
      57   0.45000E-01   0.75000E-01   0.45394E+03
      58   0.67500E-01   0.75000E-01   0.43005E+03
      59   0.90000E-01   0.75000E-01   0.40554E+03
      60   0.11250E+00   0.75000E-01   0.38034E+03
      61   0.13500E+00   0.75000E-01   0.35440E+03
      62   0.15750E+00   0.75000E-01   0.32765E+03
      63   0.18000E+00   0.75000E-01   0.30000E+03
      64   0.00000E+00   0.87500E-01   0.50000E+03
      65   0.22500E-01   0.87500E-01   0.47724E+03
      66   0.45000E-01   0.87500E-01   0.45394E+03
      67   0.67500E-01   0.87500E-01   0.43005E+03
      68   0.90000E-01   0.87500E-01   0.40554E+03
      69   0.11250E+00   0.87500E-01   0.38034E+03
      70   0.13500E+00   0.87500E-01   0.35440E+03
      71   0.15750E+00   0.87500E-01   0.32765E+03
      72   0.18000E+00   0.87500E-01   0.30000E+03
      73   0.00000E+00   0.10000E+00   0.50000E+03
      74   0.22500E-01   0.10000E+00   0.47724E+03
      75   0.45000E-01   0.10000E+00   0.45394E+03
      76   0.67500E-01   0.10000E+00   0.43005E+03
      77   0.90000E-01   0.10000E+00   0.40554E+03
      78   0.11250E+00   0.10000E+00   0.38034E+03
      79   0.13500E+00   0.10000E+00   0.35440E+03
      80   0.15750E+00   0.10000E+00   0.32765E+03
      81   0.18000E+00   0.10000E+00   0.30000E+03
  __________________________________________________

  _____________________________________________________________________________

    The orientation of  gradient vector is measured from the positive x-axis

    x-coord.     y-coord.   -a11(du/dx)  -a22(du/dy)   Flux Mgntd  Orientation
  _____________________________________________________________________________

   0.9510E-02   0.5283E-02   0.4000E+03  -0.2883E-11   0.4000E+03     -0.00
   0.9510E-02   0.1972E-01   0.4000E+03   0.0000E+00   0.4000E+03      0.00
   0.3549E-01   0.5283E-02   0.4000E+03  -0.2805E-11   0.4000E+03     -0.00
   0.3549E-01   0.1972E-01   0.4000E+03   0.0000E+00   0.4000E+03      0.00
   0.5451E-01   0.5283E-02   0.4000E+03   0.5494E-11   0.4000E+03      0.00
   0.5451E-01   0.1972E-01   0.4000E+03  -0.1374E-11   0.4000E+03     -0.00
   0.8049E-01   0.5283E-02   0.4000E+03   0.6665E-11   0.4000E+03      0.00
   0.8049E-01   0.1972E-01   0.4000E+03  -0.2666E-11   0.4000E+03     -0.00
   0.9951E-01   0.5283E-02   0.4000E+03   0.3907E-11   0.4000E+03      0.00
   0.9951E-01   0.1972E-01   0.4000E+03   0.1302E-11   0.4000E+03      0.00
   0.1255E+00   0.5283E-02   0.4000E+03   0.2519E-11   0.4000E+03      0.00
   0.1255E+00   0.1972E-01   0.4000E+03  -0.1259E-11   0.4000E+03     -0.00
   0.1445E+00   0.5283E-02   0.4000E+03  -0.1227E-11   0.4000E+03     -0.00
   0.1445E+00   0.1972E-01   0.4000E+03  -0.1227E-11   0.4000E+03     -0.00
   0.1705E+00   0.5283E-02   0.4000E+03   0.3544E-11   0.4000E+03      0.00
   0.1705E+00   0.1972E-01   0.4000E+03  -0.4725E-11   0.4000E+03     -0.00
   0.9510E-02   0.3028E-01   0.4000E+03   0.1441E-11   0.4000E+03      0.00
   0.9510E-02   0.4472E-01   0.4000E+03   0.1441E-11   0.4000E+03      0.00
   0.3549E-01   0.3028E-01   0.4000E+03  -0.1403E-11   0.4000E+03     -0.00
   0.3549E-01   0.4472E-01   0.4000E+03   0.7013E-11   0.4000E+03      0.00
   0.5451E-01   0.3028E-01   0.4000E+03   0.4121E-11   0.4000E+03      0.00
   0.5451E-01   0.4472E-01   0.4000E+03  -0.1374E-11   0.4000E+03     -0.00
   0.8049E-01   0.3028E-01   0.4000E+03   0.5332E-11   0.4000E+03      0.00
   0.8049E-01   0.4472E-01   0.4000E+03  -0.1333E-11   0.4000E+03     -0.00
   0.9951E-01   0.3028E-01   0.4000E+03   0.2605E-11   0.4000E+03      0.00
   0.9951E-01   0.4472E-01   0.4000E+03   0.1302E-11   0.4000E+03      0.00
   0.1255E+00   0.3028E-01   0.4000E+03   0.3778E-11   0.4000E+03      0.00
   0.1255E+00   0.4472E-01   0.4000E+03  -0.2519E-11   0.4000E+03     -0.00
   0.1445E+00   0.3028E-01   0.4000E+03   0.1227E-11   0.4000E+03      0.00
   0.1445E+00   0.4472E-01   0.4000E+03  -0.4908E-11   0.4000E+03     -0.00
   0.1705E+00   0.3028E-01   0.4000E+03   0.2363E-11   0.4000E+03      0.00
   0.1705E+00   0.4472E-01   0.4000E+03  -0.2363E-11   0.4000E+03     -0.00
   0.9510E-02   0.5528E-01   0.4000E+03   0.1441E-11   0.4000E+03      0.00
   0.9510E-02   0.6972E-01   0.4000E+03   0.1441E-11   0.4000E+03      0.00
   0.3549E-01   0.5528E-01   0.4000E+03  -0.5610E-11   0.4000E+03     -0.00
   0.3549E-01   0.6972E-01   0.4000E+03   0.5610E-11   0.4000E+03      0.00
   0.5451E-01   0.5528E-01   0.4000E+03   0.0000E+00   0.4000E+03      0.00
   0.5451E-01   0.6972E-01   0.4000E+03  -0.1374E-11   0.4000E+03     -0.00
   0.8049E-01   0.5528E-01   0.4000E+03  -0.1333E-11   0.4000E+03     -0.00
   0.8049E-01   0.6972E-01   0.4000E+03  -0.2666E-11   0.4000E+03     -0.00
   0.9951E-01   0.5528E-01   0.4000E+03   0.1302E-11   0.4000E+03      0.00
   0.9951E-01   0.6972E-01   0.4000E+03  -0.3907E-11   0.4000E+03     -0.00
   0.1255E+00   0.5528E-01   0.4000E+03  -0.1259E-11   0.4000E+03     -0.00
   0.1255E+00   0.6972E-01   0.4000E+03  -0.5038E-11   0.4000E+03     -0.00
   0.1445E+00   0.5528E-01   0.4000E+03   0.1227E-11   0.4000E+03      0.00
   0.1445E+00   0.6972E-01   0.4000E+03  -0.1227E-11   0.4000E+03     -0.00
   0.1705E+00   0.5528E-01   0.4000E+03   0.2363E-11   0.4000E+03      0.00
   0.1705E+00   0.6972E-01   0.4000E+03  -0.2363E-11   0.4000E+03     -0.00
   0.9510E-02   0.8028E-01   0.4000E+03   0.7206E-11   0.4000E+03      0.00
   0.9510E-02   0.9472E-01   0.4000E+03   0.1441E-11   0.4000E+03      0.00
   0.3549E-01   0.8028E-01   0.4000E+03   0.1403E-11   0.4000E+03      0.00
   0.3549E-01   0.9472E-01   0.4000E+03   0.2805E-11   0.4000E+03      0.00
   0.5451E-01   0.8028E-01   0.4000E+03  -0.2747E-11   0.4000E+03     -0.00
   0.5451E-01   0.9472E-01   0.4000E+03  -0.1374E-11   0.4000E+03     -0.00
   0.8049E-01   0.8028E-01   0.4000E+03   0.1333E-11   0.4000E+03      0.00
   0.8049E-01   0.9472E-01   0.4000E+03  -0.5332E-11   0.4000E+03     -0.00
   0.9951E-01   0.8028E-01   0.4000E+03   0.1302E-11   0.4000E+03      0.00
   0.9951E-01   0.9472E-01   0.4000E+03  -0.1302E-11   0.4000E+03     -0.00
   0.1255E+00   0.8028E-01   0.4000E+03   0.1259E-11   0.4000E+03      0.00
   0.1255E+00   0.9472E-01   0.4000E+03  -0.2519E-11   0.4000E+03     -0.00
   0.1445E+00   0.8028E-01   0.4000E+03   0.1227E-11   0.4000E+03      0.00
   0.1445E+00   0.9472E-01   0.4000E+03  -0.3681E-11   0.4000E+03     -0.00
   0.1705E+00   0.8028E-01   0.4000E+03   0.3544E-11   0.4000E+03      0.00
   0.1705E+00   0.9472E-01   0.4000E+03  -0.4725E-11   0.4000E+03     -0.00
  _____________________________________________________________________________

