     *** ECHO OF THE INPUT DATA STARTS ***

    Example 10.8.1:                                                             
    4   2   1   1   0   1   1            NPE,NGPF,NGPR,MESH,NPRNT,IGRAD,NONLIN  
                                                                                
    10  6                                NX,NY                                  
    0.0  1.0  1.0  1.0  1.0  0.5  0.5                                           
         0.25  0.25  0.25  0.25                X0,(DX(I),I=1,NX)                
    0.0  0.25  0.25  0.5  0.5  0.25  0.25      Y0,(DY(I),I=1,NY)                
                                                                                
    39                                   NSPV and next lines ISPV, VSPV         
    1 1   1 2   2 2   3 2   4 2   5 2   6 2   7 2   8 2   9 2   10 2   11 2     
    12 1  23 1  34 1  45 1  56 1  67 1  68 1  69 1  70 1  71 1   72 1           
    73 1  74 1  75 1  76 1  77 1  67 2  68 2  69 2  70 2  71 2   72 2           
    73 2  74 2  75 2  76 2  77 2         ISPV                                   
                                                                                
    0   0   0   0   0   0   0   0   0   0   0   0                               
    0   0   0   0   0   0   0   0   0   0   0                                   
    0   0   0   0   0   -1.0   -1.0   -1.0   -1.0   -1.0   -1.0                 
    -1.0   -1.0   -1.0   -1.0   -1.0     VSPV                                   
                                                                                
    0                                    NSSV and next lines ISSV, VSSV         
                                                                                
    0.0 0.0 0.0                          FX0,FXX,FXY                            
    0.0 0.0 0.0                          FY0,FYX,FYY                            
                                                                                
    1.0  1.0E08                          AMU,GAMA                               
                                                                                
                                                                                
    1   30   0.001   0.0                 NRENLD,ITMAX,EPS,REX                   
    0.0                                  DRENLDS(I)                             
                                                                                
                                                                                

     **** ECHO OF THE INPUT DATA ENDS ****

    Example 10.8.1:                                                             
  ______________________________________________________________________

            OUTPUT FROM PROGRAM  *FEM2DUNSYM*  BY J.N. REDDY
  ______________________________________________________________________


     VISCOUS FLOW DATA:

        Flow viscousity, AMU ....................=  0.1000E+01
        Penalty parameter, GAMA .................=  0.1000E+09


     NONLINEAR ANALYSIS DATA:

        Number of Reynolds number, NRENLD .......=   1
        Max. no. of iterations allowed, ITMAX ...=  30
        Type of iter. method used (1: DI; >1 NR).=   1
        Error tolerance, EPS ....................=  0.1000E-02
        Acceleration parameter, REX .............=  0.0000E+00


        *** A mesh of QUADRILATERALS is chosen by user ***

     FINITE ELEMENT MESH INFORMATION:

        Element type: 1 = LINEAR; 2=QUADRATIC)...=   1
        Number of nodes per element, NPE ........=   4
        No. of primary deg. of freedom/node, NDF =   2
        Number of elements in the mesh, NEM .....=  60
        Number of nodes in the mesh, NNM ........=  77
        Number of equations to be solved, NEQ ...= 154
        Half bandwidth of the matrix GLK, NHBW ..=  26
        Mesh subdivisions, NX and NY ............=  10   6

        No. of specified PRIMARY variables, NSPV =  39
  ______________________________________________________________________

     Node   x-coord.   y-coord.    Speci. primary & secondary variables
                                      (0, unspecified; >0, specified)
                                         Primary DOF  Secondary DOF
  ______________________________________________________________________

       1  0.0000E+00  0.0000E+00            1    2        0    0
       2  0.1000E+01  0.0000E+00            0    2        0    0
       3  0.2000E+01  0.0000E+00            0    2        0    0
       4  0.3000E+01  0.0000E+00            0    2        0    0
       5  0.4000E+01  0.0000E+00            0    2        0    0
       6  0.4500E+01  0.0000E+00            0    2        0    0
       7  0.5000E+01  0.0000E+00            0    2        0    0
       8  0.5250E+01  0.0000E+00            0    2        0    0
       9  0.5500E+01  0.0000E+00            0    2        0    0
      10  0.5750E+01  0.0000E+00            0    2        0    0
      11  0.6000E+01  0.0000E+00            0    2        0    0
      12  0.0000E+00  0.2500E+00            1    0        0    0
      13  0.1000E+01  0.2500E+00            0    0        0    0
      14  0.2000E+01  0.2500E+00            0    0        0    0
      15  0.3000E+01  0.2500E+00            0    0        0    0
      16  0.4000E+01  0.2500E+00            0    0        0    0
      17  0.4500E+01  0.2500E+00            0    0        0    0
      18  0.5000E+01  0.2500E+00            0    0        0    0
      19  0.5250E+01  0.2500E+00            0    0        0    0
      20  0.5500E+01  0.2500E+00            0    0        0    0
      21  0.5750E+01  0.2500E+00            0    0        0    0
      22  0.6000E+01  0.2500E+00            0    0        0    0
      23  0.0000E+00  0.5000E+00            1    0        0    0
      24  0.1000E+01  0.5000E+00            0    0        0    0
      25  0.2000E+01  0.5000E+00            0    0        0    0
      26  0.3000E+01  0.5000E+00            0    0        0    0
      27  0.4000E+01  0.5000E+00            0    0        0    0
      28  0.4500E+01  0.5000E+00            0    0        0    0
      29  0.5000E+01  0.5000E+00            0    0        0    0
      30  0.5250E+01  0.5000E+00            0    0        0    0
      31  0.5500E+01  0.5000E+00            0    0        0    0
      32  0.5750E+01  0.5000E+00            0    0        0    0
      33  0.6000E+01  0.5000E+00            0    0        0    0
      34  0.0000E+00  0.1000E+01            1    0        0    0
      35  0.1000E+01  0.1000E+01            0    0        0    0
      36  0.2000E+01  0.1000E+01            0    0        0    0
      37  0.3000E+01  0.1000E+01            0    0        0    0
      38  0.4000E+01  0.1000E+01            0    0        0    0
      39  0.4500E+01  0.1000E+01            0    0        0    0
      40  0.5000E+01  0.1000E+01            0    0        0    0
      41  0.5250E+01  0.1000E+01            0    0        0    0
      42  0.5500E+01  0.1000E+01            0    0        0    0
      43  0.5750E+01  0.1000E+01            0    0        0    0
      44  0.6000E+01  0.1000E+01            0    0        0    0
      45  0.0000E+00  0.1500E+01            1    0        0    0
      46  0.1000E+01  0.1500E+01            0    0        0    0
      47  0.2000E+01  0.1500E+01            0    0        0    0
      48  0.3000E+01  0.1500E+01            0    0        0    0
      49  0.4000E+01  0.1500E+01            0    0        0    0
      50  0.4500E+01  0.1500E+01            0    0        0    0
      51  0.5000E+01  0.1500E+01            0    0        0    0
      52  0.5250E+01  0.1500E+01            0    0        0    0
      53  0.5500E+01  0.1500E+01            0    0        0    0
      54  0.5750E+01  0.1500E+01            0    0        0    0
      55  0.6000E+01  0.1500E+01            0    0        0    0
      56  0.0000E+00  0.1750E+01            1    0        0    0
      57  0.1000E+01  0.1750E+01            0    0        0    0
      58  0.2000E+01  0.1750E+01            0    0        0    0
      59  0.3000E+01  0.1750E+01            0    0        0    0
      60  0.4000E+01  0.1750E+01            0    0        0    0
      61  0.4500E+01  0.1750E+01            0    0        0    0
      62  0.5000E+01  0.1750E+01            0    0        0    0
      63  0.5250E+01  0.1750E+01            0    0        0    0
      64  0.5500E+01  0.1750E+01            0    0        0    0
      65  0.5750E+01  0.1750E+01            0    0        0    0
      66  0.6000E+01  0.1750E+01            0    0        0    0
      67  0.0000E+00  0.2000E+01            1    2        0    0
      68  0.1000E+01  0.2000E+01            1    2        0    0
      69  0.2000E+01  0.2000E+01            1    2        0    0
      70  0.3000E+01  0.2000E+01            1    2        0    0
      71  0.4000E+01  0.2000E+01            1    2        0    0
      72  0.4500E+01  0.2000E+01            1    2        0    0
      73  0.5000E+01  0.2000E+01            1    2        0    0
      74  0.5250E+01  0.2000E+01            1    2        0    0
      75  0.5500E+01  0.2000E+01            1    2        0    0
      76  0.5750E+01  0.2000E+01            1    2        0    0
      77  0.6000E+01  0.2000E+01            1    2        0    0
  ______________________________________________________________________


     NUMERICAL INTEGRATION DATA (Gauss Points):

        Full quadrature (NGPF x NGPF) rule, NGPF =   2
        Reduced quadrature (NGPR x NGPR),   NGPR =   1


        *** The DIRECT iteration scheme is used ***

     Iteration No.  1     Error (root-mean-square value)=  0.1000E+01

     Iteration No.  2     Error (root-mean-square value)=  0.0000E+00

     S O L U T I O N :


     Reynolds number, RENOLD.................=  0.0000E+00
  __________________________________________________

     Node    x-coord.      y-coord.     U      V  
  __________________________________________________

       1   0.00000E+00   0.00000E+00   0.00000E+00   0.00000E+00
       2   0.10000E+01   0.00000E+00   0.75757E+00   0.00000E+00
       3   0.20000E+01   0.00000E+00   0.15135E+01   0.00000E+00
       4   0.30000E+01   0.00000E+00   0.22756E+01   0.00000E+00
       5   0.40000E+01   0.00000E+00   0.30541E+01   0.00000E+00
       6   0.45000E+01   0.00000E+00   0.34648E+01   0.00000E+00
       7   0.50000E+01   0.00000E+00   0.38517E+01   0.00000E+00
       8   0.52500E+01   0.00000E+00   0.40441E+01   0.00000E+00
       9   0.55000E+01   0.00000E+00   0.41712E+01   0.00000E+00
      10   0.57500E+01   0.00000E+00   0.42654E+01   0.00000E+00
      11   0.60000E+01   0.00000E+00   0.42549E+01   0.00000E+00
      12   0.00000E+00   0.25000E+00   0.00000E+00  -0.18723E+00
      13   0.10000E+01   0.25000E+00   0.74517E+00  -0.18845E+00
      14   0.20000E+01   0.25000E+00   0.14911E+01  -0.18702E+00
      15   0.30000E+01   0.25000E+00   0.22376E+01  -0.19011E+00
      16   0.40000E+01   0.25000E+00   0.30074E+01  -0.19694E+00
      17   0.45000E+01   0.25000E+00   0.33984E+01  -0.20392E+00
      18   0.50000E+01   0.25000E+00   0.37996E+01  -0.19019E+00
      19   0.52500E+01   0.25000E+00   0.39630E+01  -0.16554E+00
      20   0.55000E+01   0.25000E+00   0.41242E+01  -0.12273E+00
      21   0.57500E+01   0.25000E+00   0.41986E+01  -0.45920E-01
      22   0.60000E+01   0.25000E+00   0.42127E+01   0.42277E-01
      23   0.00000E+00   0.50000E+00   0.00000E+00  -0.37101E+00
      24   0.10000E+01   0.50000E+00   0.71032E+00  -0.36855E+00
      25   0.20000E+01   0.50000E+00   0.14191E+01  -0.37061E+00
      26   0.30000E+01   0.50000E+00   0.21323E+01  -0.37145E+00
      27   0.40000E+01   0.50000E+00   0.28526E+01  -0.38812E+00
      28   0.45000E+01   0.50000E+00   0.32306E+01  -0.39724E+00
      29   0.50000E+01   0.50000E+00   0.35954E+01  -0.37990E+00
      30   0.52500E+01   0.50000E+00   0.37883E+01  -0.33212E+00
      31   0.55000E+01   0.50000E+00   0.39177E+01  -0.24673E+00
      32   0.57500E+01   0.50000E+00   0.40379E+01  -0.11653E+00
      33   0.60000E+01   0.50000E+00   0.40360E+01   0.10072E+00
      34   0.00000E+00   0.10000E+01   0.00000E+00  -0.68763E+00
      35   0.10000E+01   0.10000E+01   0.56777E+00  -0.69097E+00
      36   0.20000E+01   0.10000E+01   0.11370E+01  -0.68718E+00
      37   0.30000E+01   0.10000E+01   0.17018E+01  -0.69387E+00
      38   0.40000E+01   0.10000E+01   0.22655E+01  -0.70773E+00
      39   0.45000E+01   0.10000E+01   0.25388E+01  -0.72891E+00
      40   0.50000E+01   0.10000E+01   0.28391E+01  -0.71331E+00
      41   0.52500E+01   0.10000E+01   0.29831E+01  -0.67262E+00
      42   0.55000E+01   0.10000E+01   0.31732E+01  -0.54507E+00
      43   0.57500E+01   0.10000E+01   0.32932E+01  -0.29879E+00
      44   0.60000E+01   0.10000E+01   0.34093E+01   0.54763E-01
      45   0.00000E+00   0.15000E+01   0.00000E+00  -0.91552E+00
      46   0.10000E+01   0.15000E+01   0.33168E+00  -0.91281E+00
      47   0.20000E+01   0.15000E+01   0.66267E+00  -0.91545E+00
      48   0.30000E+01   0.15000E+01   0.99380E+00  -0.91356E+00
      49   0.40000E+01   0.15000E+01   0.13051E+01  -0.92558E+00
      50   0.45000E+01   0.15000E+01   0.14526E+01  -0.93184E+00
      51   0.50000E+01   0.15000E+01   0.15839E+01  -0.94193E+00
      52   0.52500E+01   0.15000E+01   0.16782E+01  -0.92065E+00
      53   0.55000E+01   0.15000E+01   0.17826E+01  -0.88595E+00
      54   0.57500E+01   0.15000E+01   0.20237E+01  -0.68019E+00
      55   0.60000E+01   0.15000E+01   0.21793E+01  -0.10719E+00
      56   0.00000E+00   0.17500E+01   0.00000E+00  -0.97396E+00
      57   0.10000E+01   0.17500E+01   0.17749E+00  -0.98167E+00
      58   0.20000E+01   0.17500E+01   0.35548E+00  -0.97384E+00
      59   0.30000E+01   0.17500E+01   0.53189E+00  -0.98206E+00
      60   0.40000E+01   0.17500E+01   0.69794E+00  -0.97643E+00
      61   0.45000E+01   0.17500E+01   0.76679E+00  -0.98914E+00
      62   0.50000E+01   0.17500E+01   0.82738E+00  -0.98056E+00
      63   0.52500E+01   0.17500E+01   0.84894E+00  -0.99788E+00
      64   0.55000E+01   0.17500E+01   0.89343E+00  -0.95763E+00
      65   0.57500E+01   0.17500E+01   0.98981E+00  -0.94599E+00
      66   0.60000E+01   0.17500E+01   0.15183E+01  -0.52550E+00
      67   0.00000E+00   0.20000E+01   0.00000E+00  -0.10000E+01
      68   0.10000E+01   0.20000E+01   0.00000E+00  -0.10000E+01
      69   0.20000E+01   0.20000E+01   0.00000E+00  -0.10000E+01
      70   0.30000E+01   0.20000E+01   0.00000E+00  -0.10000E+01
      71   0.40000E+01   0.20000E+01   0.00000E+00  -0.10000E+01
      72   0.45000E+01   0.20000E+01   0.00000E+00  -0.10000E+01
      73   0.50000E+01   0.20000E+01   0.00000E+00  -0.10000E+01
      74   0.52500E+01   0.20000E+01   0.00000E+00  -0.10000E+01
      75   0.55000E+01   0.20000E+01   0.00000E+00  -0.10000E+01
      76   0.57500E+01   0.20000E+01   0.00000E+00  -0.10000E+01
      77   0.60000E+01   0.20000E+01   0.00000E+00  -0.10000E+01
  __________________________________________________

  _____________________________________________________________________________

    x-coord.     y-coord.   SigmaXX  SigmaYY   SigmaXY  Pressure
  _____________________________________________________________________________

   0.5000E+00   0.1250E+00  -0.5880E+01  -0.8886E+01  -0.2540E-01   0.7383E+01
   0.1500E+01   0.1250E+00  -0.5496E+01  -0.8500E+01  -0.6883E-01   0.6998E+01
   0.2500E+01   0.1250E+00  -0.4749E+01  -0.7766E+01  -0.1222E+00   0.6257E+01
   0.3500E+01   0.1250E+00  -0.3549E+01  -0.6645E+01  -0.1727E+00   0.5097E+01
   0.4250E+01   0.1250E+00  -0.2405E+01  -0.5612E+01  -0.2331E+00   0.4009E+01
   0.4750E+01   0.1250E+00  -0.1425E+01  -0.4578E+01  -0.2232E+00   0.3001E+01
   0.5125E+01   0.1250E+00  -0.8476E+00  -0.3693E+01  -0.2172E+00   0.2271E+01
   0.5375E+01   0.1250E+00  -0.3336E+00  -0.2640E+01  -0.1705E+00   0.1487E+01
   0.5625E+01   0.1250E+00  -0.1971E+00  -0.1546E+01  -0.7399E-01   0.8717E+00
   0.5875E+01   0.1250E+00   0.7635E-02  -0.2151E-01  -0.4168E-01   0.6935E-02
   0.5000E+00   0.3750E+00  -0.5944E+01  -0.8855E+01  -0.6907E-01   0.7400E+01
   0.1500E+01   0.3750E+00  -0.5587E+01  -0.8496E+01  -0.2141E+00   0.7042E+01
   0.2500E+01   0.3750E+00  -0.4787E+01  -0.7706E+01  -0.3567E+00   0.6246E+01
   0.3500E+01   0.3750E+00  -0.3680E+01  -0.6660E+01  -0.5319E+00   0.5170E+01
   0.4250E+01   0.3750E+00  -0.2396E+01  -0.5472E+01  -0.6612E+00   0.3934E+01
   0.4750E+01   0.3750E+00  -0.1655E+01  -0.4719E+01  -0.7130E+00   0.3187E+01
   0.5125E+01   0.3750E+00  -0.6385E+00  -0.3489E+01  -0.6129E+00   0.2064E+01
   0.5375E+01   0.3750E+00  -0.6708E+00  -0.2995E+01  -0.5059E+00   0.1833E+01
   0.5625E+01   0.3750E+00   0.3783E-01  -0.1519E+01  -0.3202E+00   0.7406E+00
   0.5875E+01   0.3750E+00  -0.1115E+00  -0.2088E+00  -0.6393E-01   0.1601E+00
   0.5000E+00   0.7500E+00  -0.6220E+01  -0.8776E+01  -0.1430E+00   0.7498E+01
   0.1500E+01   0.7500E+00  -0.5825E+01  -0.8381E+01  -0.4238E+00   0.7103E+01
   0.2500E+01   0.7500E+00  -0.5101E+01  -0.7657E+01  -0.7164E+00   0.6379E+01
   0.3500E+01   0.7500E+00  -0.3916E+01  -0.6485E+01  -0.1033E+01   0.5200E+01
   0.4250E+01   0.7500E+00  -0.2918E+01  -0.5523E+01  -0.1309E+01   0.4220E+01
   0.4750E+01   0.7500E+00  -0.1874E+01  -0.4535E+01  -0.1415E+01   0.3205E+01
   0.5125E+01   0.7500E+00  -0.1369E+01  -0.4065E+01  -0.1385E+01   0.2717E+01
   0.5375E+01   0.7500E+00  -0.4327E+00  -0.2988E+01  -0.1124E+01   0.1710E+01
   0.5625E+01   0.7500E+00  -0.4389E+00  -0.2361E+01  -0.7363E+00   0.1400E+01
   0.5875E+01   0.7500E+00   0.1660E+00  -0.7468E+00  -0.2298E+00   0.2904E+00
   0.5000E+00   0.1250E+01  -0.6778E+01  -0.8577E+01  -0.2364E+00   0.7678E+01
   0.1500E+01   0.1250E+01  -0.6420E+01  -0.8220E+01  -0.7098E+00   0.7320E+01
   0.2500E+01   0.1250E+01  -0.5621E+01  -0.7413E+01  -0.1185E+01   0.6517E+01
   0.3500E+01   0.1250E+01  -0.4583E+01  -0.6333E+01  -0.1681E+01   0.5458E+01
   0.4250E+01   0.1250E+01  -0.3445E+01  -0.5128E+01  -0.2074E+01   0.4287E+01
   0.4750E+01   0.1250E+01  -0.2886E+01  -0.4612E+01  -0.2336E+01   0.3749E+01
   0.5125E+01   0.1250E+01  -0.1841E+01  -0.3748E+01  -0.2436E+01   0.2794E+01
   0.5375E+01   0.1250E+01  -0.1847E+01  -0.4203E+01  -0.2371E+01   0.3025E+01
   0.5625E+01   0.1250E+01  -0.3059E+00  -0.3195E+01  -0.1756E+01   0.1750E+01
   0.5875E+01   0.1250E+01  -0.4922E+00  -0.2666E+01  -0.6465E+00   0.1579E+01
   0.5000E+00   0.1625E+01  -0.7382E+01  -0.8400E+01  -0.3109E+00   0.7891E+01
   0.1500E+01   0.1625E+01  -0.6952E+01  -0.7970E+01  -0.9202E+00   0.7461E+01
   0.2500E+01   0.1625E+01  -0.6295E+01  -0.7310E+01  -0.1541E+01   0.6803E+01
   0.3500E+01   0.1625E+01  -0.5040E+01  -0.5994E+01  -0.2141E+01   0.5517E+01
   0.4250E+01   0.1625E+01  -0.4386E+01  -0.5251E+01  -0.2605E+01   0.4819E+01
   0.4750E+01   0.1625E+01  -0.3241E+01  -0.4008E+01  -0.2886E+01   0.3625E+01
   0.5125E+01   0.1625E+01  -0.3696E+01  -0.4623E+01  -0.3164E+01   0.4159E+01
   0.5375E+01   0.1625E+01  -0.1908E+01  -0.3099E+01  -0.3287E+01   0.2504E+01
   0.5625E+01   0.1625E+01  -0.3208E+01  -0.5908E+01  -0.3411E+01   0.4558E+01
   0.5875E+01   0.1625E+01   0.8556E+00  -0.4617E+01  -0.1403E+01   0.1881E+01
   0.5000E+00   0.1875E+01  -0.7853E+01  -0.8208E+01  -0.3588E+00   0.8030E+01
   0.1500E+01   0.1875E+01  -0.7528E+01  -0.7884E+01  -0.1062E+01   0.7706E+01
   0.2500E+01   0.1875E+01  -0.6658E+01  -0.7011E+01  -0.1779E+01   0.6835E+01
   0.3500E+01   0.1875E+01  -0.5699E+01  -0.6031E+01  -0.2457E+01   0.5865E+01
   0.4250E+01   0.1875E+01  -0.4335E+01  -0.4610E+01  -0.2942E+01   0.4473E+01
   0.4750E+01   0.1875E+01  -0.4218E+01  -0.4460E+01  -0.3180E+01   0.4339E+01
   0.5125E+01   0.1875E+01  -0.2869E+01  -0.3042E+01  -0.3387E+01   0.2955E+01
   0.5375E+01   0.1875E+01  -0.4388E+01  -0.4744E+01  -0.3404E+01   0.4566E+01
   0.5625E+01   0.1875E+01  -0.2572E+01  -0.3344E+01  -0.3743E+01   0.2958E+01
   0.5875E+01   0.1875E+01  -0.5431E+01  -0.9659E+01  -0.4175E+01   0.7545E+01
  _____________________________________________________________________________

