     *** ECHO OF THE INPUT DATA STARTS ***

Example 5.2.1: Nonlinear analysis of a hinged-hinged beam problem               
  2   0   4                        MODEL,IEL,NEM                                
  0.0  50.0                        X0,AL                                        
  1  1  30.0E06  0.3               B,H,E,GNIU                                   
                                                                                
  0.0  0.0  0.0                    FX0,FX1,FX2                                  
  3.0  0.0  0.0                    QX0,QX1,QX2                                  
  5   0   0                        NSPV,NSSV,NSMB                               
  1   1   0.0                       ISPV(1,1),ISPV(1,2),VSPV(1)                 
  1   2   0.0                       ISPV(1,1),ISPV(1,2),VSPV(1)                 
  1   3   0.0                       ISPV(1,1),ISPV(1,2),VSPV(1)                 
  5   1   0.0                       ISPV(2,1),ISPV(2,2),VSPV(2)                 
  5   3   0.0                       ISPV(3,1),ISPV(3,2),VSPV(3)                 
                                                                                
  2   0                            NONLIN,NPRNT                                 
  10   50  1.0E-03  0.0             NLS, ITMAX, EPS, GAMA                       
  2   1                            NGP, LGP                                     
  0.1 0.1 0.1 0.1 0.1                                                           
  0.1 0.1 0.1 0.1 0.1              DP(I)                                        
                                                                                
  0.0 0.0 0.0 0.0 0.0 0.0 0.0 0.0                                               
  0.0 0.0 0.0 0.0 0.0 0.0 0.0      GP1(I)                                       

     **** ECHO OF THE INPUT DATA ENDS ****

________________________________________________________________________________
        Output from computer program  FEM1DBEAM              by J. N. Reddy
________________________________________________________________________________


Example 5.2.1: Nonlinear analysis of a hinged-hinged beam problem               

    *** ANALYSIS OF MODEL  2 PROBLEM ***
               (see the code below)

    MODEL=1: A problem described by MODEL EQ. 1
    MODEL=2: A Euler-Bernoulli BEAM problem
    MODEL=3: A Timoshenko BEAM problem


   P R O B L E M   D A T A:

     Coordinate of node 1 ....................... =   0.0000E+00
     Length of the beam ......................... =   0.5000E+02
     Width of cross-section for the beam, B ..... =   0.1000E+01
     Height of cross-section for the beam, H .... =   0.1000E+01
     Elastic modulus of the beam material, E .... =   0.3000E+08
     Axial stiffness for the beam, EA ........... =   0.3000E+08
     Bending stiffness for the beam, EI ......... =   0.2500E+07
     Coefficient of 1 in QX, QX0 ................ =   0.3000E+01
     Coefficient of x in QX, QX1 ................ =   0.0000E+00
     Coefficient of x*x in QX, QX2 .............. =   0.0000E+00
     Coefficient of 1 in FX, FX0 ................ =   0.0000E+00
     Coefficient of x in FX, FX1 ................ =   0.0000E+00
     Coefficient of x*x in FX, FX2 .............. =   0.0000E+00


   M E S H   D A T A:

     Number of elements in the mesh, NEM......... =    4
     Type of element(0:hermite;1:linear;2:quadratic;) .. =    0
     Number of nodes in the mesh, NNM ........... =    5
     Number of deg. of freedom per node, NDF..... =    3
     Number of total DOF in the model, NEQ....... =   15
     GLOBAL COORDINATES OF THE GLOBAL NODES ..... =

        0.0000E+00   0.1250E+02   0.2500E+02   0.3750E+02   0.5000E+02

          CONNECTIVITY MATRIX:

              1    2
              2    3
              3    4
              4    5

   B O U N D A R Y   D A T A:

     Number of specified PRIMARY variables ...... =    5
     Specified PRIMARY degrees of freedom ....... :

              1    1   0.0000E+00
              1    2   0.0000E+00
              1    3   0.0000E+00
              5    1   0.0000E+00
              5    3   0.0000E+00

     *** NONLINEAR Analysis with NEWTON ITERATION ***


   NONLINEAR  A N A L Y S I S   D A T A:

     Number of load steps used, NLS ............. =   10
     Maximum allowable number of iterations ..... =   50
     Allowable convergence tolerance (EPS) ...... =   0.1000E-02
     Acceleration parameter:GAMA*GP2+(1-GAMA)*GP1 =   0.0000E+00

   INITIAL (GUESS) VECTOR:

     0.00000E+00  0.00000E+00  0.00000E+00  0.00000E+00  0.00000E+00  0.00000E+00  0.00000E+00  0.00000E+00  0.00000E+00  0.00000E+00  0.00000E+00  0.00000E+00  0.00000E+00  0.00000E+00  0.00000E+00

     First iteration solution at source value ... =  0.1000E+00

         0.00000E+00    0.00000E+00    0.00000E+00    0.00000E+00
         0.59814E-02   -0.82031E-03    0.00000E+00    0.17578E-01
        -0.93750E-03    0.00000E+00    0.27466E-01   -0.58594E-03
         0.00000E+00    0.31250E-01    0.00000E+00

     Iteration Number =  1     Error=  0.1000E+01

         0.00000E+00    0.00000E+00    0.00000E+00    0.00000E+00
         0.59814E-02   -0.82031E-03    0.00000E+00    0.17578E-01
        -0.93750E-03    0.00000E+00    0.27466E-01   -0.58594E-03
         0.00000E+00    0.31250E-01    0.00000E+00


   STEP NUMBER =  1   SOURCE VALUE =  0.1000E+00

     Number of iterations taken for convergence.. =  2
     The Euclidean norm of the solution error ... =  0.7058E-03
     The CONVERGED solution is:

         0.00000E+00    0.00000E+00    0.00000E+00    0.13440E-05
         0.59779E-02   -0.81981E-03   -0.13291E-05    0.17567E-01
        -0.93682E-03   -0.23946E-05    0.27447E-01   -0.58547E-03
         0.00000E+00    0.31228E-01    0.00000E+00

     Iteration Number =  1     Error=  0.4996E+00

         0.00000E+00    0.00000E+00    0.00000E+00    0.40272E-05
         0.11949E-01   -0.16386E-02   -0.39850E-05    0.35110E-01
        -0.18723E-02   -0.71770E-05    0.54854E-01   -0.11700E-02
         0.00000E+00    0.62410E-01    0.00000E+00

     Iteration Number =  2     Error=  0.1392E-02

         0.00000E+00    0.00000E+00    0.00000E+00    0.53471E-05
         0.11935E-01   -0.16366E-02   -0.53020E-05    0.35064E-01
        -0.18696E-02   -0.95385E-05    0.54778E-01   -0.11682E-02
         0.00000E+00    0.62322E-01    0.00000E+00


   STEP NUMBER =  2   SOURCE VALUE =  0.2000E+00

     Number of iterations taken for convergence.. =  3
     The Euclidean norm of the solution error ... =  0.4644E-06
     The CONVERGED solution is:

         0.00000E+00    0.00000E+00    0.00000E+00    0.53471E-05
         0.11935E-01   -0.16366E-02   -0.53020E-05    0.35064E-01
        -0.18696E-02   -0.95385E-05    0.54778E-01   -0.11682E-02
         0.00000E+00    0.62322E-01    0.00000E+00

     Iteration Number =  1     Error=  0.3321E+00

         0.00000E+00    0.00000E+00    0.00000E+00    0.10656E-04
         0.17875E-01   -0.24509E-02   -0.10585E-04    0.52505E-01
        -0.27990E-02   -0.19024E-04    0.82015E-01   -0.17486E-02
         0.00000E+00    0.93306E-01    0.00000E+00

     Iteration Number =  2     Error=  0.1587E-02

         0.00000E+00    0.00000E+00    0.00000E+00    0.11924E-04
         0.17851E-01   -0.24475E-02   -0.11876E-04    0.52427E-01
        -0.27944E-02   -0.21316E-04    0.81885E-01   -0.17455E-02
         0.00000E+00    0.93154E-01    0.00000E+00


   STEP NUMBER =  3   SOURCE VALUE =  0.3000E+00

     Number of iterations taken for convergence.. =  3
     The Euclidean norm of the solution error ... =  0.5475E-06
     The CONVERGED solution is:

         0.00000E+00    0.00000E+00    0.00000E+00    0.11924E-04
         0.17851E-01   -0.24475E-02   -0.11876E-04    0.52427E-01
        -0.27944E-02   -0.21316E-04    0.81885E-01   -0.17455E-02
         0.00000E+00    0.93154E-01    0.00000E+00

     Iteration Number =  1     Error=  0.2477E+00

         0.00000E+00    0.00000E+00    0.00000E+00    0.19748E-04
         0.23740E-01   -0.32546E-02   -0.19729E-04    0.69701E-01
        -0.37141E-02   -0.35353E-04    0.10884E+00   -0.23192E-02
         0.00000E+00    0.12382E+00    0.00000E+00

     Iteration Number =  2     Error=  0.1642E-02

         0.00000E+00    0.00000E+00    0.00000E+00    0.20941E-04
         0.23708E-01   -0.32500E-02   -0.20982E-04    0.69594E-01
        -0.37078E-02   -0.37541E-04    0.10867E+00   -0.23149E-02
         0.00000E+00    0.12361E+00    0.00000E+00


   STEP NUMBER =  4   SOURCE VALUE =  0.4000E+00

     Number of iterations taken for convergence.. =  3
     The Euclidean norm of the solution error ... =  0.5889E-06
     The CONVERGED solution is:

         0.00000E+00    0.00000E+00    0.00000E+00    0.20941E-04
         0.23708E-01   -0.32500E-02   -0.20982E-04    0.69594E-01
        -0.37077E-02   -0.37541E-04    0.10867E+00   -0.23149E-02
         0.00000E+00    0.12361E+00    0.00000E+00

     Iteration Number =  1     Error=  0.1966E+00

         0.00000E+00    0.00000E+00    0.00000E+00    0.31123E-04
         0.29530E-01   -0.40473E-02   -0.31326E-04    0.86644E-01
        -0.46143E-02   -0.55915E-04    0.13525E+00   -0.28797E-02
         0.00000E+00    0.15384E+00    0.00000E+00

     Iteration Number =  2     Error=  0.1631E-02

         0.00000E+00    0.00000E+00    0.00000E+00    0.32224E-04
         0.29489E-01   -0.40415E-02   -0.32531E-04    0.86512E-01
        -0.46065E-02   -0.57976E-04    0.13503E+00   -0.28744E-02
         0.00000E+00    0.15358E+00    0.00000E+00


   STEP NUMBER =  5   SOURCE VALUE =  0.5000E+00

     Number of iterations taken for convergence.. =  3
     The Euclidean norm of the solution error ... =  0.6083E-06
     The CONVERGED solution is:

         0.00000E+00    0.00000E+00    0.00000E+00    0.32224E-04
         0.29489E-01   -0.40415E-02   -0.32531E-04    0.86512E-01
        -0.46065E-02   -0.57976E-04    0.13503E+00   -0.28744E-02
         0.00000E+00    0.15358E+00    0.00000E+00

     Iteration Number =  1     Error=  0.1622E+00

         0.00000E+00    0.00000E+00    0.00000E+00    0.44573E-04
         0.35228E-01   -0.48270E-02   -0.45267E-04    0.10329E+00
        -0.54970E-02   -0.80423E-04    0.16117E+00   -0.34283E-02
         0.00000E+00    0.18328E+00    0.00000E+00

     Iteration Number =  2     Error=  0.1582E-02

         0.00000E+00    0.00000E+00    0.00000E+00    0.45569E-04
         0.35182E-01   -0.48204E-02   -0.46416E-04    0.10314E+00
        -0.54880E-02   -0.82337E-04    0.16091E+00   -0.34222E-02
         0.00000E+00    0.18299E+00    0.00000E+00


   STEP NUMBER =  6   SOURCE VALUE =  0.6000E+00

     Number of iterations taken for convergence.. =  3
     The Euclidean norm of the solution error ... =  0.6109E-06
     The CONVERGED solution is:

         0.00000E+00    0.00000E+00    0.00000E+00    0.45569E-04
         0.35182E-01   -0.48204E-02   -0.46416E-04    0.10314E+00
        -0.54880E-02   -0.82337E-04    0.16091E+00   -0.34222E-02
         0.00000E+00    0.18299E+00    0.00000E+00

     Iteration Number =  1     Error=  0.1373E+00

         0.00000E+00    0.00000E+00    0.00000E+00    0.59872E-04
         0.40826E-01   -0.55923E-02   -0.61431E-04    0.11960E+00
        -0.63602E-02   -0.10856E-03    0.18652E+00   -0.39636E-02
         0.00000E+00    0.21209E+00    0.00000E+00

     Iteration Number =  2     Error=  0.1509E-02

         0.00000E+00    0.00000E+00    0.00000E+00    0.60755E-04
         0.40775E-01   -0.55849E-02   -0.62520E-04    0.11943E+00
        -0.63503E-02   -0.11032E-03    0.18624E+00   -0.39568E-02
         0.00000E+00    0.21176E+00    0.00000E+00


   STEP NUMBER =  7   SOURCE VALUE =  0.7000E+00

     Number of iterations taken for convergence.. =  3
     The Euclidean norm of the solution error ... =  0.5991E-06
     The CONVERGED solution is:

         0.00000E+00    0.00000E+00    0.00000E+00    0.60755E-04
         0.40775E-01   -0.55849E-02   -0.62520E-04    0.11943E+00
        -0.63503E-02   -0.11032E-03    0.18624E+00   -0.39568E-02
         0.00000E+00    0.21176E+00    0.00000E+00

     Iteration Number =  1     Error=  0.1185E+00

         0.00000E+00    0.00000E+00    0.00000E+00    0.76786E-04
         0.46315E-01   -0.63418E-02   -0.79691E-04    0.13556E+00
        -0.72024E-02   -0.14000E-03    0.21129E+00   -0.44845E-02
         0.00000E+00    0.24020E+00    0.00000E+00

     Iteration Number =  2     Error=  0.1423E-02

         0.00000E+00    0.00000E+00    0.00000E+00    0.77554E-04
         0.46260E-01   -0.63340E-02   -0.80717E-04    0.13538E+00
        -0.71918E-02   -0.14160E-03    0.21098E+00   -0.44773E-02
         0.00000E+00    0.23985E+00    0.00000E+00


   STEP NUMBER =  8   SOURCE VALUE =  0.8000E+00

     Number of iterations taken for convergence.. =  3
     The Euclidean norm of the solution error ... =  0.5752E-06
     The CONVERGED solution is:

         0.00000E+00    0.00000E+00    0.00000E+00    0.77554E-04
         0.46260E-01   -0.63340E-02   -0.80717E-04    0.13538E+00
        -0.71918E-02   -0.14160E-03    0.21098E+00   -0.44773E-02
         0.00000E+00    0.23985E+00    0.00000E+00

     Iteration Number =  1     Error=  0.1038E+00

         0.00000E+00    0.00000E+00    0.00000E+00    0.95085E-04
         0.51689E-01   -0.70750E-02   -0.99918E-04    0.15114E+00
        -0.80225E-02   -0.17442E-03    0.23542E+00   -0.49905E-02
         0.00000E+00    0.26758E+00    0.00000E+00

     Iteration Number =  2     Error=  0.1330E-02

         0.00000E+00    0.00000E+00    0.00000E+00    0.95741E-04
         0.51631E-01   -0.70668E-02   -0.10088E-03    0.15095E+00
        -0.80115E-02   -0.17586E-03    0.23511E+00   -0.49830E-02
         0.00000E+00    0.26722E+00    0.00000E+00


   STEP NUMBER =  9   SOURCE VALUE =  0.9000E+00

     Number of iterations taken for convergence.. =  3
     The Euclidean norm of the solution error ... =  0.5420E-06
     The CONVERGED solution is:

         0.00000E+00    0.00000E+00    0.00000E+00    0.95741E-04
         0.51631E-01   -0.70668E-02   -0.10088E-03    0.15095E+00
        -0.80115E-02   -0.17586E-03    0.23511E+00   -0.49830E-02
         0.00000E+00    0.26722E+00    0.00000E+00

     Iteration Number =  1     Error=  0.9197E-01

         0.00000E+00    0.00000E+00    0.00000E+00    0.11455E-03
         0.56945E-01   -0.77914E-02   -0.12198E-03    0.16633E+00
        -0.88200E-02   -0.21150E-03    0.25891E+00   -0.54811E-02
         0.00000E+00    0.29422E+00    0.00000E+00

     Iteration Number =  2     Error=  0.1234E-02

         0.00000E+00    0.00000E+00    0.00000E+00    0.11510E-03
         0.56887E-01   -0.77830E-02   -0.12288E-03    0.16613E+00
        -0.88088E-02   -0.21278E-03    0.25859E+00   -0.54734E-02
         0.00000E+00    0.29385E+00    0.00000E+00


   STEP NUMBER = 10   SOURCE VALUE =  0.1000E+01

     Number of iterations taken for convergence.. =  3
     The Euclidean norm of the solution error ... =  0.5024E-06
     The CONVERGED solution is:

         0.00000E+00    0.00000E+00    0.00000E+00    0.11510E-03
         0.56887E-01   -0.77830E-02   -0.12288E-03    0.16613E+00
        -0.88088E-02   -0.21278E-03    0.25859E+00   -0.54734E-02
         0.00000E+00    0.29385E+00    0.00000E+00
