     *** ECHO OF THE INPUT DATA STARTS ***

Example 5.2.1: Nonlinear analysis of a hinged-hinged beam problem               
  2   0   4                        MODEL,IEL,NEM                                
  0.0  50.0                        X0,AL                                        
  1  1  30.0E06  0.3               B,H,E,GNIU                                   
                                                                                
  0.0  0.0  0.0                    FX0,FX1,FX2                                  
  1.0  0.0  0.0                    QX0,QX1,QX2                                  
  5   0   0                        NSPV,NSSV,NSMB                               
  1   1   0.0                       ISPV(1,1),ISPV(1,2),VSPV(1)                 
  1   2   0.0                       ISPV(1,1),ISPV(1,2),VSPV(1)                 
  1   3   0.0                       ISPV(1,1),ISPV(1,2),VSPV(1)                 
  5   1   0.0                       ISPV(2,1),ISPV(2,2),VSPV(2)                 
  5   3   0.0                       ISPV(3,1),ISPV(3,2),VSPV(3)                 
                                                                                
  2   0                            NONLIN,NPRNT                                 
  10   50  1.0E-03  0.0             NLS, ITMAX, EPS, GAMA                       
  2   1                            NGP, LGP                                     
  0.1 0.1 0.1 0.1 0.1                                                           
  0.1 0.1 0.1 0.1 0.1              DP(I)                                        
                                                                                
  0.0 0.0 0.0 0.0 0.0 0.0 0.0 0.0                                               
  0.0 0.0 0.0 0.0 0.0 0.0 0.0      GP1(I)                                       

     **** ECHO OF THE INPUT DATA ENDS ****

________________________________________________________________________________
        Output from computer program  FEM1DBEAM              by J. N. Reddy
________________________________________________________________________________


Example 5.2.1: Nonlinear analysis of a hinged-hinged beam problem               

    *** ANALYSIS OF MODEL  2 PROBLEM ***
               (see the code below)

    MODEL=1: A problem described by MODEL EQ. 1
    MODEL=2: A Euler-Bernoulli BEAM problem
    MODEL=3: A Timoshenko BEAM problem


   P R O B L E M   D A T A:

     Coordinate of node 1 ....................... =   0.0000E+00
     Length of the beam ......................... =   0.5000E+02
     Width of cross-section for the beam, B ..... =   0.1000E+01
     Height of cross-section for the beam, H .... =   0.1000E+01
     Elastic modulus of the beam material, E .... =   0.3000E+08
     Axial stiffness for the beam, EA ........... =   0.3000E+08
     Bending stiffness for the beam, EI ......... =   0.2500E+07
     Coefficient of 1 in QX, QX0 ................ =   0.1000E+01
     Coefficient of x in QX, QX1 ................ =   0.0000E+00
     Coefficient of x*x in QX, QX2 .............. =   0.0000E+00
     Coefficient of 1 in FX, FX0 ................ =   0.0000E+00
     Coefficient of x in FX, FX1 ................ =   0.0000E+00
     Coefficient of x*x in FX, FX2 .............. =   0.0000E+00


   M E S H   D A T A:

     Number of elements in the mesh, NEM......... =    4
     Type of element(0:hermite;1:linear;2:quadratic;) .. =    0
     Number of nodes in the mesh, NNM ........... =    5
     Number of deg. of freedom per node, NDF..... =    3
     Number of total DOF in the model, NEQ....... =   15
     GLOBAL COORDINATES OF THE GLOBAL NODES ..... =

        0.0000E+00   0.1250E+02   0.2500E+02   0.3750E+02   0.5000E+02

          CONNECTIVITY MATRIX:

              1    2
              2    3
              3    4
              4    5

   B O U N D A R Y   D A T A:

     Number of specified PRIMARY variables ...... =    5
     Specified PRIMARY degrees of freedom ....... :

              1    1   0.0000E+00
              1    2   0.0000E+00
              1    3   0.0000E+00
              5    1   0.0000E+00
              5    3   0.0000E+00

     *** NONLINEAR Analysis with NEWTON ITERATION ***


   NONLINEAR  A N A L Y S I S   D A T A:

     Number of load steps used, NLS ............. =   10
     Maximum allowable number of iterations ..... =   50
     Allowable convergence tolerance (EPS) ...... =   0.1000E-02
     Acceleration parameter:GAMA*GP2+(1-GAMA)*GP1 =   0.0000E+00

   INITIAL (GUESS) VECTOR:

     0.00000E+00  0.00000E+00  0.00000E+00  0.00000E+00  0.00000E+00  0.00000E+00  0.00000E+00  0.00000E+00  0.00000E+00  0.00000E+00  0.00000E+00  0.00000E+00  0.00000E+00  0.00000E+00  0.00000E+00

     First iteration solution at source value ... =  0.1000E+00

         0.00000E+00    0.00000E+00    0.00000E+00    0.00000E+00
         0.19938E-02   -0.27344E-03    0.00000E+00    0.58594E-02
        -0.31250E-03    0.00000E+00    0.91553E-02   -0.19531E-03
         0.00000E+00    0.10417E-01    0.00000E+00

     Iteration Number =  1     Error=  0.1000E+01

         0.00000E+00    0.00000E+00    0.00000E+00    0.00000E+00
         0.19938E-02   -0.27344E-03    0.00000E+00    0.58594E-02
        -0.31250E-03    0.00000E+00    0.91553E-02   -0.19531E-03
         0.00000E+00    0.10417E-01    0.00000E+00


   STEP NUMBER =  1   SOURCE VALUE =  0.1000E+00

     Number of iterations taken for convergence.. =  2
     The Euclidean norm of the solution error ... =  0.8133E-04
     The CONVERGED solution is:

         0.00000E+00    0.00000E+00    0.00000E+00    0.14958E-06
         0.19937E-02   -0.27342E-03   -0.14780E-06    0.58589E-02
        -0.31247E-03   -0.26639E-06    0.91546E-02   -0.19530E-03
         0.00000E+00    0.10416E-01    0.00000E+00

     Iteration Number =  1     Error=  0.5000E+00

         0.00000E+00    0.00000E+00    0.00000E+00    0.44867E-06
         0.39871E-02   -0.54680E-03   -0.44338E-06    0.11717E-01
        -0.62490E-03   -0.79909E-06    0.18308E-01   -0.39056E-03
         0.00000E+00    0.20830E-01    0.00000E+00


   STEP NUMBER =  2   SOURCE VALUE =  0.2000E+00

     Number of iterations taken for convergence.. =  2
     The Euclidean norm of the solution error ... =  0.1566E-03
     The CONVERGED solution is:

         0.00000E+00    0.00000E+00    0.00000E+00    0.59795E-06
         0.39866E-02   -0.54673E-03   -0.59104E-06    0.11715E-01
        -0.62480E-03   -0.10651E-05    0.18305E-01   -0.39049E-03
         0.00000E+00    0.20827E-01    0.00000E+00

     Iteration Number =  1     Error=  0.3332E+00

         0.00000E+00    0.00000E+00    0.00000E+00    0.11954E-05
         0.59788E-02   -0.81994E-03   -0.11818E-05    0.17570E-01
        -0.93699E-03   -0.21295E-05    0.27451E-01   -0.58559E-03
         0.00000E+00    0.31233E-01    0.00000E+00


   STEP NUMBER =  3   SOURCE VALUE =  0.3000E+00

     Number of iterations taken for convergence.. =  2
     The Euclidean norm of the solution error ... =  0.1819E-03
     The CONVERGED solution is:

         0.00000E+00    0.00000E+00    0.00000E+00    0.13440E-05
         0.59779E-02   -0.81981E-03   -0.13291E-05    0.17567E-01
        -0.93682E-03   -0.23946E-05    0.27446E-01   -0.58547E-03
         0.00000E+00    0.31228E-01    0.00000E+00

     Iteration Number =  1     Error=  0.2497E+00

         0.00000E+00    0.00000E+00    0.00000E+00    0.22384E-05
         0.79682E-02   -0.10927E-02   -0.22144E-05    0.23414E-01
        -0.12486E-02   -0.39887E-05    0.36582E-01   -0.78032E-03
         0.00000E+00    0.41622E-01    0.00000E+00


   STEP NUMBER =  4   SOURCE VALUE =  0.4000E+00

     Number of iterations taken for convergence.. =  2
     The Euclidean norm of the solution error ... =  0.1941E-03
     The CONVERGED solution is:

         0.00000E+00    0.00000E+00    0.00000E+00    0.23860E-05
         0.79669E-02   -0.10926E-02   -0.23612E-05    0.23410E-01
        -0.12484E-02   -0.42524E-05    0.36575E-01   -0.78015E-03
         0.00000E+00    0.41614E-01    0.00000E+00

     Iteration Number =  1     Error=  0.1996E+00

         0.00000E+00    0.00000E+00    0.00000E+00    0.35752E-05
         0.99545E-02   -0.13651E-02   -0.35399E-05    0.29249E-01
        -0.15597E-02   -0.63733E-05    0.45696E-01   -0.97464E-03
         0.00000E+00    0.51990E-01    0.00000E+00


   STEP NUMBER =  5   SOURCE VALUE =  0.5000E+00

     Number of iterations taken for convergence.. =  2
     The Euclidean norm of the solution error ... =  0.2007E-03
     The CONVERGED solution is:

         0.00000E+00    0.00000E+00    0.00000E+00    0.37214E-05
         0.99529E-02   -0.13649E-02   -0.36861E-05    0.29243E-01
        -0.15594E-02   -0.66351E-05    0.45687E-01   -0.97442E-03
         0.00000E+00    0.51980E-01    0.00000E+00

     Iteration Number =  1     Error=  0.1661E+00

         0.00000E+00    0.00000E+00    0.00000E+00    0.52025E-05
         0.11937E-01   -0.16369E-02   -0.51567E-05    0.35071E-01
        -0.18700E-02   -0.92790E-05    0.54789E-01   -0.11684E-02
         0.00000E+00    0.62335E-01    0.00000E+00


   STEP NUMBER =  6   SOURCE VALUE =  0.6000E+00

     Number of iterations taken for convergence.. =  2
     The Euclidean norm of the solution error ... =  0.2044E-03
     The CONVERGED solution is:

         0.00000E+00    0.00000E+00    0.00000E+00    0.53471E-05
         0.11935E-01   -0.16366E-02   -0.53020E-05    0.35064E-01
        -0.18696E-02   -0.95385E-05    0.54778E-01   -0.11682E-02
         0.00000E+00    0.62322E-01    0.00000E+00

     Iteration Number =  1     Error=  0.1422E+00

         0.00000E+00    0.00000E+00    0.00000E+00    0.71166E-05
         0.13915E-01   -0.19081E-02   -0.70629E-05    0.40878E-01
        -0.21794E-02   -0.12700E-04    0.63857E-01   -0.13617E-02
         0.00000E+00    0.72650E-01    0.00000E+00


   STEP NUMBER =  7   SOURCE VALUE =  0.7000E+00

     Number of iterations taken for convergence.. =  2
     The Euclidean norm of the solution error ... =  0.2064E-03
     The CONVERGED solution is:

         0.00000E+00    0.00000E+00    0.00000E+00    0.72592E-05
         0.13913E-01   -0.19077E-02   -0.72072E-05    0.40870E-01
        -0.21789E-02   -0.12957E-04    0.63844E-01   -0.13613E-02
         0.00000E+00    0.72634E-01    0.00000E+00

     Iteration Number =  1     Error=  0.1242E+00

         0.00000E+00    0.00000E+00    0.00000E+00    0.93130E-05
         0.15888E-01   -0.21784E-02   -0.92562E-05    0.46667E-01
        -0.24878E-02   -0.16632E-04    0.72896E-01   -0.15542E-02
         0.00000E+00    0.82931E-01    0.00000E+00


   STEP NUMBER =  8   SOURCE VALUE =  0.8000E+00

     Number of iterations taken for convergence.. =  2
     The Euclidean norm of the solution error ... =  0.2071E-03
     The CONVERGED solution is:

         0.00000E+00    0.00000E+00    0.00000E+00    0.94532E-05
         0.15885E-01   -0.21781E-02   -0.93993E-05    0.46658E-01
        -0.24872E-02   -0.16885E-04    0.72881E-01   -0.15538E-02
         0.00000E+00    0.82913E-01    0.00000E+00

     Iteration Number =  1     Error=  0.1101E+00

         0.00000E+00    0.00000E+00    0.00000E+00    0.11787E-04
         0.17854E-01   -0.24480E-02   -0.11734E-04    0.52437E-01
        -0.27950E-02   -0.21066E-04    0.81902E-01   -0.17459E-02
         0.00000E+00    0.93174E-01    0.00000E+00


   STEP NUMBER =  9   SOURCE VALUE =  0.9000E+00

     Number of iterations taken for convergence.. =  2
     The Euclidean norm of the solution error ... =  0.2069E-03
     The CONVERGED solution is:

         0.00000E+00    0.00000E+00    0.00000E+00    0.11924E-04
         0.17851E-01   -0.24475E-02   -0.11876E-04    0.52427E-01
        -0.27944E-02   -0.21316E-04    0.81885E-01   -0.17455E-02
         0.00000E+00    0.93154E-01    0.00000E+00

     Iteration Number =  1     Error=  0.9890E-01

         0.00000E+00    0.00000E+00    0.00000E+00    0.14532E-04
         0.19814E-01   -0.27166E-02   -0.14494E-04    0.58185E-01
        -0.31010E-02   -0.25995E-04    0.90871E-01   -0.19367E-02
         0.00000E+00    0.10337E+00    0.00000E+00


   STEP NUMBER = 10   SOURCE VALUE =  0.1000E+01

     Number of iterations taken for convergence.. =  2
     The Euclidean norm of the solution error ... =  0.2060E-03
     The CONVERGED solution is:

         0.00000E+00    0.00000E+00    0.00000E+00    0.14667E-04
         0.19811E-01   -0.27161E-02   -0.14634E-04    0.58174E-01
        -0.31003E-02   -0.26241E-04    0.90852E-01   -0.19363E-02
         0.00000E+00    0.10335E+00    0.00000E+00
