     *** ECHO OF THE INPUT DATA STARTS ***

Example 5.2.1: Nonlinear analysis of a hinged-hinged beam problem               
  2   0   4                        MODEL,IEL,NEM                                
  0.0  50.0                        X0,AL                                        
  1  1  30.0E06  0.3               B,H,E,GNIU                                   
                                                                                
  0.0  0.0  0.0                    FX0,FX1,FX2                                  
  2.0  0.0  0.0                    QX0,QX1,QX2                                  
  5   0   0                        NSPV,NSSV,NSMB                               
  1   1   0.0                       ISPV(1,1),ISPV(1,2),VSPV(1)                 
  1   2   0.0                       ISPV(1,1),ISPV(1,2),VSPV(1)                 
  1   3   0.0                       ISPV(1,1),ISPV(1,2),VSPV(1)                 
  5   1   0.0                       ISPV(2,1),ISPV(2,2),VSPV(2)                 
  5   3   0.0                       ISPV(3,1),ISPV(3,2),VSPV(3)                 
                                                                                
  2   0                            NONLIN,NPRNT                                 
  10   50  1.0E-03  0.0             NLS, ITMAX, EPS, GAMA                       
  2   1                            NGP, LGP                                     
  0.1 0.1 0.1 0.1 0.1                                                           
  0.1 0.1 0.1 0.1 0.1              DP(I)                                        
                                                                                
  0.0 0.0 0.0 0.0 0.0 0.0 0.0 0.0                                               
  0.0 0.0 0.0 0.0 0.0 0.0 0.0      GP1(I)                                       

     **** ECHO OF THE INPUT DATA ENDS ****

________________________________________________________________________________
        Output from computer program  FEM1DBEAM              by J. N. Reddy
________________________________________________________________________________


Example 5.2.1: Nonlinear analysis of a hinged-hinged beam problem               

    *** ANALYSIS OF MODEL  2 PROBLEM ***
               (see the code below)

    MODEL=1: A problem described by MODEL EQ. 1
    MODEL=2: A Euler-Bernoulli BEAM problem
    MODEL=3: A Timoshenko BEAM problem


   P R O B L E M   D A T A:

     Coordinate of node 1 ....................... =   0.0000E+00
     Length of the beam ......................... =   0.5000E+02
     Width of cross-section for the beam, B ..... =   0.1000E+01
     Height of cross-section for the beam, H .... =   0.1000E+01
     Elastic modulus of the beam material, E .... =   0.3000E+08
     Axial stiffness for the beam, EA ........... =   0.3000E+08
     Bending stiffness for the beam, EI ......... =   0.2500E+07
     Coefficient of 1 in QX, QX0 ................ =   0.2000E+01
     Coefficient of x in QX, QX1 ................ =   0.0000E+00
     Coefficient of x*x in QX, QX2 .............. =   0.0000E+00
     Coefficient of 1 in FX, FX0 ................ =   0.0000E+00
     Coefficient of x in FX, FX1 ................ =   0.0000E+00
     Coefficient of x*x in FX, FX2 .............. =   0.0000E+00


   M E S H   D A T A:

     Number of elements in the mesh, NEM......... =    4
     Type of element(0:hermite;1:linear;2:quadratic;) .. =    0
     Number of nodes in the mesh, NNM ........... =    5
     Number of deg. of freedom per node, NDF..... =    3
     Number of total DOF in the model, NEQ....... =   15
     GLOBAL COORDINATES OF THE GLOBAL NODES ..... =

        0.0000E+00   0.1250E+02   0.2500E+02   0.3750E+02   0.5000E+02

          CONNECTIVITY MATRIX:

              1    2
              2    3
              3    4
              4    5

   B O U N D A R Y   D A T A:

     Number of specified PRIMARY variables ...... =    5
     Specified PRIMARY degrees of freedom ....... :

              1    1   0.0000E+00
              1    2   0.0000E+00
              1    3   0.0000E+00
              5    1   0.0000E+00
              5    3   0.0000E+00

     *** NONLINEAR Analysis with NEWTON ITERATION ***


   NONLINEAR  A N A L Y S I S   D A T A:

     Number of load steps used, NLS ............. =   10
     Maximum allowable number of iterations ..... =   50
     Allowable convergence tolerance (EPS) ...... =   0.1000E-02
     Acceleration parameter:GAMA*GP2+(1-GAMA)*GP1 =   0.0000E+00

   INITIAL (GUESS) VECTOR:

     0.00000E+00  0.00000E+00  0.00000E+00  0.00000E+00  0.00000E+00  0.00000E+00  0.00000E+00  0.00000E+00  0.00000E+00  0.00000E+00  0.00000E+00  0.00000E+00  0.00000E+00  0.00000E+00  0.00000E+00

     First iteration solution at source value ... =  0.1000E+00

         0.00000E+00    0.00000E+00    0.00000E+00    0.00000E+00
         0.39876E-02   -0.54688E-03    0.00000E+00    0.11719E-01
        -0.62500E-03    0.00000E+00    0.18311E-01   -0.39063E-03
         0.00000E+00    0.20833E-01    0.00000E+00

     Iteration Number =  1     Error=  0.1000E+01

         0.00000E+00    0.00000E+00    0.00000E+00    0.00000E+00
         0.39876E-02   -0.54688E-03    0.00000E+00    0.11719E-01
        -0.62500E-03    0.00000E+00    0.18311E-01   -0.39063E-03
         0.00000E+00    0.20833E-01    0.00000E+00


   STEP NUMBER =  1   SOURCE VALUE =  0.1000E+00

     Number of iterations taken for convergence.. =  2
     The Euclidean norm of the solution error ... =  0.3158E-03
     The CONVERGED solution is:

         0.00000E+00    0.00000E+00    0.00000E+00    0.59795E-06
         0.39866E-02   -0.54673E-03   -0.59104E-06    0.11715E-01
        -0.62480E-03   -0.10651E-05    0.18305E-01   -0.39049E-03
         0.00000E+00    0.20827E-01    0.00000E+00

     Iteration Number =  1     Error=  0.4998E+00

         0.00000E+00    0.00000E+00    0.00000E+00    0.17929E-05
         0.79711E-02   -0.10932E-02   -0.17726E-05    0.23424E-01
        -0.12492E-02   -0.31939E-05    0.36598E-01   -0.78070E-03
         0.00000E+00    0.41640E-01    0.00000E+00


   STEP NUMBER =  2   SOURCE VALUE =  0.2000E+00

     Number of iterations taken for convergence.. =  2
     The Euclidean norm of the solution error ... =  0.6229E-03
     The CONVERGED solution is:

         0.00000E+00    0.00000E+00    0.00000E+00    0.23860E-05
         0.79669E-02   -0.10926E-02   -0.23612E-05    0.23410E-01
        -0.12484E-02   -0.42524E-05    0.36575E-01   -0.78015E-03
         0.00000E+00    0.41614E-01    0.00000E+00

     Iteration Number =  1     Error=  0.3328E+00

         0.00000E+00    0.00000E+00    0.00000E+00    0.47644E-05
         0.11942E-01   -0.16376E-02   -0.47186E-05    0.35088E-01
        -0.18710E-02   -0.84943E-05    0.54817E-01   -0.11691E-02
         0.00000E+00    0.62367E-01    0.00000E+00


   STEP NUMBER =  3   SOURCE VALUE =  0.3000E+00

     Number of iterations taken for convergence.. =  2
     The Euclidean norm of the solution error ... =  0.7190E-03
     The CONVERGED solution is:

         0.00000E+00    0.00000E+00    0.00000E+00    0.53471E-05
         0.11935E-01   -0.16366E-02   -0.53020E-05    0.35064E-01
        -0.18696E-02   -0.95385E-05    0.54778E-01   -0.11682E-02
         0.00000E+00    0.62322E-01    0.00000E+00

     Iteration Number =  1     Error=  0.2490E+00

         0.00000E+00    0.00000E+00    0.00000E+00    0.88862E-05
         0.15895E-01   -0.21795E-02   -0.88238E-05    0.46691E-01
        -0.24892E-02   -0.15862E-04    0.72936E-01   -0.15551E-02
         0.00000E+00    0.82978E-01    0.00000E+00


   STEP NUMBER =  4   SOURCE VALUE =  0.4000E+00

     Number of iterations taken for convergence.. =  2
     The Euclidean norm of the solution error ... =  0.7581E-03
     The CONVERGED solution is:

         0.00000E+00    0.00000E+00    0.00000E+00    0.94532E-05
         0.15885E-01   -0.21781E-02   -0.93993E-05    0.46658E-01
        -0.24872E-02   -0.16885E-04    0.72881E-01   -0.15538E-02
         0.00000E+00    0.82913E-01    0.00000E+00

     Iteration Number =  1     Error=  0.1984E+00

         0.00000E+00    0.00000E+00    0.00000E+00    0.14120E-04
         0.19824E-01   -0.27179E-02   -0.14069E-04    0.58216E-01
        -0.31028E-02   -0.25246E-04    0.90923E-01   -0.19380E-02
         0.00000E+00    0.10343E+00    0.00000E+00


   STEP NUMBER =  5   SOURCE VALUE =  0.5000E+00

     Number of iterations taken for convergence.. =  2
     The Euclidean norm of the solution error ... =  0.7718E-03
     The CONVERGED solution is:

         0.00000E+00    0.00000E+00    0.00000E+00    0.14667E-04
         0.19811E-01   -0.27161E-02   -0.14634E-04    0.58174E-01
        -0.31003E-02   -0.26241E-04    0.90852E-01   -0.19363E-02
         0.00000E+00    0.10335E+00    0.00000E+00

     Iteration Number =  1     Error=  0.1646E+00

         0.00000E+00    0.00000E+00    0.00000E+00    0.20419E-04
         0.23723E-01   -0.32521E-02   -0.20430E-04    0.69644E-01
        -0.37107E-02   -0.36580E-04    0.10875E+00   -0.23169E-02
         0.00000E+00    0.12371E+00    0.00000E+00


   STEP NUMBER =  6   SOURCE VALUE =  0.6000E+00

     Number of iterations taken for convergence.. =  2
     The Euclidean norm of the solution error ... =  0.7709E-03
     The CONVERGED solution is:

         0.00000E+00    0.00000E+00    0.00000E+00    0.20941E-04
         0.23708E-01   -0.32500E-02   -0.20982E-04    0.69594E-01
        -0.37077E-02   -0.37541E-04    0.10867E+00   -0.23149E-02
         0.00000E+00    0.12361E+00    0.00000E+00

     Iteration Number =  1     Error=  0.1402E+00

         0.00000E+00    0.00000E+00    0.00000E+00    0.27729E-04
         0.27589E-01   -0.37815E-02   -0.27878E-04    0.80961E-01
        -0.43121E-02   -0.49791E-04    0.12639E+00   -0.26914E-02
         0.00000E+00    0.14376E+00    0.00000E+00


   STEP NUMBER =  7   SOURCE VALUE =  0.7000E+00

     Number of iterations taken for convergence.. =  2
     The Euclidean norm of the solution error ... =  0.7605E-03
     The CONVERGED solution is:

         0.00000E+00    0.00000E+00    0.00000E+00    0.28223E-04
         0.27571E-01   -0.37790E-02   -0.28416E-04    0.80903E-01
        -0.43087E-02   -0.50713E-04    0.12629E+00   -0.26891E-02
         0.00000E+00    0.14365E+00    0.00000E+00

     Iteration Number =  1     Error=  0.1219E+00

         0.00000E+00    0.00000E+00    0.00000E+00    0.35990E-04
         0.31417E-01   -0.43054E-02   -0.36383E-04    0.92153E-01
        -0.49061E-02   -0.64794E-04    0.14382E+00   -0.30609E-02
         0.00000E+00    0.16357E+00    0.00000E+00


   STEP NUMBER =  8   SOURCE VALUE =  0.8000E+00

     Number of iterations taken for convergence.. =  2
     The Euclidean norm of the solution error ... =  0.7434E-03
     The CONVERGED solution is:

         0.00000E+00    0.00000E+00    0.00000E+00    0.36454E-04
         0.31397E-01   -0.43026E-02   -0.36906E-04    0.92088E-01
        -0.49023E-02   -0.65675E-04    0.14372E+00   -0.30584E-02
         0.00000E+00    0.16345E+00    0.00000E+00

     Iteration Number =  1     Error=  0.1075E+00

         0.00000E+00    0.00000E+00    0.00000E+00    0.45137E-04
         0.35203E-01   -0.48234E-02   -0.45911E-04    0.10321E+00
        -0.54921E-02   -0.81501E-04    0.16103E+00   -0.34250E-02
         0.00000E+00    0.18312E+00    0.00000E+00


   STEP NUMBER =  9   SOURCE VALUE =  0.9000E+00

     Number of iterations taken for convergence.. =  2
     The Euclidean norm of the solution error ... =  0.7216E-03
     The CONVERGED solution is:

         0.00000E+00    0.00000E+00    0.00000E+00    0.45569E-04
         0.35182E-01   -0.48204E-02   -0.46416E-04    0.10314E+00
        -0.54880E-02   -0.82337E-04    0.16091E+00   -0.34222E-02
         0.00000E+00    0.18299E+00    0.00000E+00

     Iteration Number =  1     Error=  0.9595E-01

         0.00000E+00    0.00000E+00    0.00000E+00    0.55104E-04
         0.38945E-01   -0.53350E-02   -0.56426E-04    0.11411E+00
        -0.60695E-02   -0.99819E-04    0.17799E+00   -0.37831E-02
         0.00000E+00    0.20239E+00    0.00000E+00


   STEP NUMBER = 10   SOURCE VALUE =  0.1000E+01

     Number of iterations taken for convergence.. =  2
     The Euclidean norm of the solution error ... =  0.6964E-03
     The CONVERGED solution is:

         0.00000E+00    0.00000E+00    0.00000E+00    0.55502E-04
         0.38922E-01   -0.53317E-02   -0.56913E-04    0.11404E+00
        -0.60651E-02   -0.10061E-03    0.17786E+00   -0.37801E-02
         0.00000E+00    0.20224E+00    0.00000E+00
