     *** ECHO OF THE INPUT DATA STARTS ***

Example 5.2.1: Nonlinear analysis of a hinged-hinged beam problem               
  2   0   4                        MODEL,IEL,NEM                                
  0.0  50.0                        X0,AL                                        
  1  1  30.0E06  0.3               B,H,E,GNIU                                   
                                                                                
  0.0  0.0  0.0                    FX0,FX1,FX2                                  
  7.0  0.0  0.0                    QX0,QX1,QX2                                  
  5   0   0                        NSPV,NSSV,NSMB                               
  1   1   0.0                       ISPV(1,1),ISPV(1,2),VSPV(1)                 
  1   2   0.0                       ISPV(1,1),ISPV(1,2),VSPV(1)                 
  1   3   0.0                       ISPV(1,1),ISPV(1,2),VSPV(1)                 
  5   1   0.0                       ISPV(2,1),ISPV(2,2),VSPV(2)                 
  5   3   0.0                       ISPV(3,1),ISPV(3,2),VSPV(3)                 
                                                                                
  2   0                            NONLIN,NPRNT                                 
  10   50  1.0E-03  0.0             NLS, ITMAX, EPS, GAMA                       
  2   1                            NGP, LGP                                     
  0.1 0.1 0.1 0.1 0.1                                                           
  0.1 0.1 0.1 0.1 0.1              DP(I)                                        
                                                                                
  0.0 0.0 0.0 0.0 0.0 0.0 0.0 0.0                                               
  0.0 0.0 0.0 0.0 0.0 0.0 0.0      GP1(I)                                       

     **** ECHO OF THE INPUT DATA ENDS ****

________________________________________________________________________________
        Output from computer program  FEM1DBEAM              by J. N. Reddy
________________________________________________________________________________


Example 5.2.1: Nonlinear analysis of a hinged-hinged beam problem               

    *** ANALYSIS OF MODEL  2 PROBLEM ***
               (see the code below)

    MODEL=1: A problem described by MODEL EQ. 1
    MODEL=2: A Euler-Bernoulli BEAM problem
    MODEL=3: A Timoshenko BEAM problem


   P R O B L E M   D A T A:

     Coordinate of node 1 ....................... =   0.0000E+00
     Length of the beam ......................... =   0.5000E+02
     Width of cross-section for the beam, B ..... =   0.1000E+01
     Height of cross-section for the beam, H .... =   0.1000E+01
     Elastic modulus of the beam material, E .... =   0.3000E+08
     Axial stiffness for the beam, EA ........... =   0.3000E+08
     Bending stiffness for the beam, EI ......... =   0.2500E+07
     Coefficient of 1 in QX, QX0 ................ =   0.7000E+01
     Coefficient of x in QX, QX1 ................ =   0.0000E+00
     Coefficient of x*x in QX, QX2 .............. =   0.0000E+00
     Coefficient of 1 in FX, FX0 ................ =   0.0000E+00
     Coefficient of x in FX, FX1 ................ =   0.0000E+00
     Coefficient of x*x in FX, FX2 .............. =   0.0000E+00


   M E S H   D A T A:

     Number of elements in the mesh, NEM......... =    4
     Type of element(0:hermite;1:linear;2:quadratic;) .. =    0
     Number of nodes in the mesh, NNM ........... =    5
     Number of deg. of freedom per node, NDF..... =    3
     Number of total DOF in the model, NEQ....... =   15
     GLOBAL COORDINATES OF THE GLOBAL NODES ..... =

        0.0000E+00   0.1250E+02   0.2500E+02   0.3750E+02   0.5000E+02

          CONNECTIVITY MATRIX:

              1    2
              2    3
              3    4
              4    5

   B O U N D A R Y   D A T A:

     Number of specified PRIMARY variables ...... =    5
     Specified PRIMARY degrees of freedom ....... :

              1    1   0.0000E+00
              1    2   0.0000E+00
              1    3   0.0000E+00
              5    1   0.0000E+00
              5    3   0.0000E+00

     *** NONLINEAR Analysis with NEWTON ITERATION ***


   NONLINEAR  A N A L Y S I S   D A T A:

     Number of load steps used, NLS ............. =   10
     Maximum allowable number of iterations ..... =   50
     Allowable convergence tolerance (EPS) ...... =   0.1000E-02
     Acceleration parameter:GAMA*GP2+(1-GAMA)*GP1 =   0.0000E+00

   INITIAL (GUESS) VECTOR:

     0.00000E+00  0.00000E+00  0.00000E+00  0.00000E+00  0.00000E+00  0.00000E+00  0.00000E+00  0.00000E+00  0.00000E+00  0.00000E+00  0.00000E+00  0.00000E+00  0.00000E+00  0.00000E+00  0.00000E+00

     First iteration solution at source value ... =  0.1000E+00

         0.00000E+00    0.00000E+00    0.00000E+00    0.00000E+00
         0.13957E-01   -0.19141E-02    0.00000E+00    0.41016E-01
        -0.21875E-02    0.00000E+00    0.64087E-01   -0.13672E-02
         0.00000E+00    0.72917E-01    0.00000E+00

     Iteration Number =  1     Error=  0.1000E+01

         0.00000E+00    0.00000E+00    0.00000E+00    0.00000E+00
         0.13957E-01   -0.19141E-02    0.00000E+00    0.41016E-01
        -0.21875E-02    0.00000E+00    0.64087E-01   -0.13672E-02
         0.00000E+00    0.72917E-01    0.00000E+00

     Iteration Number =  2     Error=  0.3798E-02

         0.00000E+00    0.00000E+00    0.00000E+00    0.72591E-05
         0.13913E-01   -0.19077E-02   -0.72072E-05    0.40870E-01
        -0.21789E-02   -0.12957E-04    0.63844E-01   -0.13613E-02
         0.00000E+00    0.72635E-01    0.00000E+00


   STEP NUMBER =  1   SOURCE VALUE =  0.1000E+00

     Number of iterations taken for convergence.. =  3
     The Euclidean norm of the solution error ... =  0.6820E-05
     The CONVERGED solution is:

         0.00000E+00    0.00000E+00    0.00000E+00    0.72592E-05
         0.13913E-01   -0.19077E-02   -0.72072E-05    0.40870E-01
        -0.21789E-02   -0.12957E-04    0.63844E-01   -0.13613E-02
         0.00000E+00    0.72634E-01    0.00000E+00

     Iteration Number =  1     Error=  0.4981E+00

         0.00000E+00    0.00000E+00    0.00000E+00    0.21636E-04
         0.27738E-01   -0.38029E-02   -0.21550E-04    0.81451E-01
        -0.43409E-02   -0.38678E-04    0.12721E+00   -0.27111E-02
         0.00000E+00    0.14471E+00    0.00000E+00

     Iteration Number =  2     Error=  0.7204E-02

         0.00000E+00    0.00000E+00    0.00000E+00    0.28222E-04
         0.27572E-01   -0.37791E-02   -0.28417E-04    0.80904E-01
        -0.43088E-02   -0.50712E-04    0.12630E+00   -0.26892E-02
         0.00000E+00    0.14365E+00    0.00000E+00


   STEP NUMBER =  2   SOURCE VALUE =  0.2000E+00

     Number of iterations taken for convergence.. =  3
     The Euclidean norm of the solution error ... =  0.1429E-04
     The CONVERGED solution is:

         0.00000E+00    0.00000E+00    0.00000E+00    0.28224E-04
         0.27571E-01   -0.37790E-02   -0.28416E-04    0.80903E-01
        -0.43087E-02   -0.50713E-04    0.12629E+00   -0.26891E-02
         0.00000E+00    0.14365E+00    0.00000E+00

     Iteration Number =  1     Error=  0.3270E+00

         0.00000E+00    0.00000E+00    0.00000E+00    0.55406E-04
         0.41030E-01   -0.56215E-02   -0.56301E-04    0.12028E+00
        -0.63997E-02   -0.99996E-04    0.18764E+00   -0.39905E-02
         0.00000E+00    0.21339E+00    0.00000E+00

     Iteration Number =  2     Error=  0.7496E-02

         0.00000E+00    0.00000E+00    0.00000E+00    0.60752E-04
         0.40775E-01   -0.55850E-02   -0.62521E-04    0.11944E+00
        -0.63504E-02   -0.11032E-03    0.18625E+00   -0.39569E-02
         0.00000E+00    0.21176E+00    0.00000E+00


   STEP NUMBER =  3   SOURCE VALUE =  0.3000E+00

     Number of iterations taken for convergence.. =  3
     The Euclidean norm of the solution error ... =  0.1631E-04
     The CONVERGED solution is:

         0.00000E+00    0.00000E+00    0.00000E+00    0.60755E-04
         0.40775E-01   -0.55849E-02   -0.62520E-04    0.11943E+00
        -0.63503E-02   -0.11032E-03    0.18624E+00   -0.39568E-02
         0.00000E+00    0.21176E+00    0.00000E+00

     Iteration Number =  1     Error=  0.2388E+00

         0.00000E+00    0.00000E+00    0.00000E+00    0.98160E-04
         0.53701E-01   -0.73511E-02   -0.10259E-03    0.15706E+00
        -0.83385E-02   -0.17958E-03    0.24468E+00   -0.51881E-02
         0.00000E+00    0.27811E+00    0.00000E+00

     Iteration Number =  2     Error=  0.6838E-02

         0.00000E+00    0.00000E+00    0.00000E+00    0.10207E-03
         0.53397E-01   -0.73075E-02   -0.10802E-03    0.15605E+00
        -0.82799E-02   -0.18788E-03    0.24301E+00   -0.51482E-02
         0.00000E+00    0.27618E+00    0.00000E+00


   STEP NUMBER =  4   SOURCE VALUE =  0.4000E+00

     Number of iterations taken for convergence.. =  3
     The Euclidean norm of the solution error ... =  0.1556E-04
     The CONVERGED solution is:

         0.00000E+00    0.00000E+00    0.00000E+00    0.10207E-03
         0.53396E-01   -0.73074E-02   -0.10802E-03    0.15605E+00
        -0.82797E-02   -0.18788E-03    0.24301E+00   -0.51482E-02
         0.00000E+00    0.27618E+00    0.00000E+00

     Iteration Number =  1     Error=  0.1847E+00

         0.00000E+00    0.00000E+00    0.00000E+00    0.14684E-03
         0.65704E-01   -0.89850E-02   -0.15867E-03    0.19164E+00
        -0.10149E-01   -0.27309E-03    0.29806E+00   -0.62985E-02
         0.00000E+00    0.33860E+00    0.00000E+00

     Iteration Number =  2     Error=  0.5876E-02

         0.00000E+00    0.00000E+00    0.00000E+00    0.14941E-03
         0.65384E-01   -0.89392E-02   -0.16331E-03    0.19059E+00
        -0.10087E-01   -0.27947E-03    0.29632E+00   -0.62569E-02
         0.00000E+00    0.33658E+00    0.00000E+00


   STEP NUMBER =  5   SOURCE VALUE =  0.5000E+00

     Number of iterations taken for convergence.. =  3
     The Euclidean norm of the solution error ... =  0.1322E-04
     The CONVERGED solution is:

         0.00000E+00    0.00000E+00    0.00000E+00    0.14941E-03
         0.65383E-01   -0.89391E-02   -0.16331E-03    0.19059E+00
        -0.10087E-01   -0.27947E-03    0.29631E+00   -0.62568E-02
         0.00000E+00    0.33658E+00    0.00000E+00

     Iteration Number =  1     Error=  0.1483E+00

         0.00000E+00    0.00000E+00    0.00000E+00    0.19893E-03
         0.77049E-01   -0.10525E-01   -0.22299E-03    0.22407E+00
        -0.11834E-01   -0.37685E-03    0.34787E+00   -0.73238E-02
         0.00000E+00    0.39495E+00    0.00000E+00

     Iteration Number =  2     Error=  0.4904E-02

         0.00000E+00    0.00000E+00    0.00000E+00    0.20040E-03
         0.76736E-01   -0.10480E-01   -0.22691E-03    0.22304E+00
        -0.11774E-01   -0.38160E-03    0.34617E+00   -0.72833E-02
         0.00000E+00    0.39298E+00    0.00000E+00


   STEP NUMBER =  6   SOURCE VALUE =  0.6000E+00

     Number of iterations taken for convergence.. =  3
     The Euclidean norm of the solution error ... =  0.1043E-04
     The CONVERGED solution is:

         0.00000E+00    0.00000E+00    0.00000E+00    0.20040E-03
         0.76735E-01   -0.10480E-01   -0.22691E-03    0.22304E+00
        -0.11774E-01   -0.38160E-03    0.34617E+00   -0.72833E-02
         0.00000E+00    0.39298E+00    0.00000E+00

     Iteration Number =  1     Error=  0.1222E+00

         0.00000E+00    0.00000E+00    0.00000E+00    0.25255E-03
         0.87778E-01   -0.11977E-01   -0.29421E-03    0.25448E+00
        -0.13401E-01   -0.48800E-03    0.39435E+00   -0.82700E-02
         0.00000E+00    0.44744E+00    0.00000E+00

     Iteration Number =  2     Error=  0.4041E-02

         0.00000E+00    0.00000E+00    0.00000E+00    0.25318E-03
         0.87483E-01   -0.11935E-01   -0.29752E-03    0.25352E+00
        -0.13345E-01   -0.49145E-03    0.39276E+00   -0.82324E-02
         0.00000E+00    0.44560E+00    0.00000E+00


   STEP NUMBER =  7   SOURCE VALUE =  0.7000E+00

     Number of iterations taken for convergence.. =  3
     The Euclidean norm of the solution error ... =  0.7862E-05
     The CONVERGED solution is:

         0.00000E+00    0.00000E+00    0.00000E+00    0.25318E-03
         0.87482E-01   -0.11935E-01   -0.29752E-03    0.25352E+00
        -0.13345E-01   -0.49145E-03    0.39276E+00   -0.82323E-02
         0.00000E+00    0.44559E+00    0.00000E+00

     Iteration Number =  1     Error=  0.1029E+00

         0.00000E+00    0.00000E+00    0.00000E+00    0.30637E-03
         0.97942E-01   -0.13349E-01   -0.37126E-03    0.28306E+00
        -0.14863E-01   -0.60440E-03    0.43780E+00   -0.91447E-02
         0.00000E+00    0.49642E+00    0.00000E+00

     Iteration Number =  2     Error=  0.3320E-02

         0.00000E+00    0.00000E+00    0.00000E+00    0.30640E-03
         0.97671E-01   -0.13310E-01   -0.37407E-03    0.28218E+00
        -0.14812E-01   -0.60687E-03    0.43634E+00   -0.91105E-02
         0.00000E+00    0.49474E+00    0.00000E+00


   STEP NUMBER =  8   SOURCE VALUE =  0.8000E+00

     Number of iterations taken for convergence.. =  3
     The Euclidean norm of the solution error ... =  0.5794E-05
     The CONVERGED solution is:

         0.00000E+00    0.00000E+00    0.00000E+00    0.30640E-03
         0.97671E-01   -0.13310E-01   -0.37406E-03    0.28218E+00
        -0.14812E-01   -0.60686E-03    0.43634E+00   -0.91104E-02
         0.00000E+00    0.49473E+00    0.00000E+00

     Iteration Number =  1     Error=  0.8822E-01

         0.00000E+00    0.00000E+00    0.00000E+00    0.35948E-03
         0.10760E+00   -0.14648E-01   -0.45326E-03    0.30999E+00
        -0.16229E-01   -0.72447E-03    0.47852E+00   -0.99555E-02
         0.00000E+00    0.54224E+00    0.00000E+00

     Iteration Number =  2     Error=  0.2737E-02

         0.00000E+00    0.00000E+00    0.00000E+00    0.35909E-03
         0.10735E+00   -0.14614E-01   -0.45565E-03    0.30920E+00
        -0.16183E-01   -0.72620E-03    0.47721E+00   -0.99248E-02
         0.00000E+00    0.54073E+00    0.00000E+00


   STEP NUMBER =  9   SOURCE VALUE =  0.9000E+00

     Number of iterations taken for convergence.. =  3
     The Euclidean norm of the solution error ... =  0.4232E-05
     The CONVERGED solution is:

         0.00000E+00    0.00000E+00    0.00000E+00    0.35908E-03
         0.10735E+00   -0.14614E-01   -0.45565E-03    0.30919E+00
        -0.16183E-01   -0.72620E-03    0.47721E+00   -0.99248E-02
         0.00000E+00    0.54073E+00    0.00000E+00

     Iteration Number =  1     Error=  0.7671E-01

         0.00000E+00    0.00000E+00    0.00000E+00    0.41127E-03
         0.11679E+00   -0.15883E-01   -0.53950E-03    0.33544E+00
        -0.17510E-01   -0.84706E-03    0.51681E+00   -0.10710E-01
         0.00000E+00    0.58526E+00    0.00000E+00

     Iteration Number =  2     Error=  0.2269E-02

         0.00000E+00    0.00000E+00    0.00000E+00    0.41059E-03
         0.11657E+00   -0.15852E-01   -0.54155E-03    0.33472E+00
        -0.17469E-01   -0.84824E-03    0.51564E+00   -0.10682E-01
         0.00000E+00    0.58391E+00    0.00000E+00


   STEP NUMBER = 10   SOURCE VALUE =  0.1000E+01

     Number of iterations taken for convergence.. =  3
     The Euclidean norm of the solution error ... =  0.3093E-05
     The CONVERGED solution is:

         0.00000E+00    0.00000E+00    0.00000E+00    0.41059E-03
         0.11657E+00   -0.15852E-01   -0.54155E-03    0.33472E+00
        -0.17469E-01   -0.84824E-03    0.51564E+00   -0.10682E-01
         0.00000E+00    0.58391E+00    0.00000E+00
